[     1.617][MainProcess][INFO] Parsing specification...
[     1.619][MainProcess][WARNING] "aggrs" field is deprecated. Please use "functions"
[     1.620][MainProcess][DEBUG] Reading input files...
[     1.629][MainProcess][INFO] Inferred data types for table tests-examples/scythe/recent_posts/tables/009.csv: ['int64', 'int64', 'datetime64[ns]', 'string', 'int64']
[     1.634][MainProcess][INFO] Inferred data types for table tests-examples/scythe/recent_posts/tables/009_o.csv: ['int64', 'string', 'int64']
[     1.666][MainProcess][DEBUG] Generating DSL...
[     1.700][MainProcess][INFO] Creating 2 processes
[     1.755][cube-solver-0][DEBUG] Initialising process for 1 lines of code.
[     1.766][cube-solver-1][DEBUG] Initialising process for 1 lines of code.
[     1.982][cube-solver-0][DEBUG] Solving cube (l0 = summarise(),)
[     2.005][cube-solver-1][DEBUG] Solving cube (l0 = mutate(),)
[     2.202][cube-solver-0][DEBUG] Found solution with cube (l0 = summarise(),)
[     2.204][MainProcess][INFO] Statistics:
[     2.205][MainProcess][INFO] 	Generated cubes: 2
[     2.205][MainProcess][INFO] 	Attempted programs: 3
[     2.205][MainProcess][INFO] 		Rejected: 2
[     2.205][MainProcess][INFO] 		Failed: 0
[     2.205][MainProcess][INFO] 	Blacklist clauses: 0
[     2.205][MainProcess][DEBUG] Printing statistics for good programs of size 1
[     2.206][MainProcess][DEBUG] 	0: Counter({'mutate': 26, 'summarise': 25})
[     2.206][MainProcess][INFO] Solution found: summarise(@param0, n = n(), c2, c4)

------------------------------------- R Solution ---------------------------------------

con <- DBI::dbConnect(RSQLite::SQLite(), ":memory:")
input1 <- read_csv("tests-examples/scythe/recent_posts/tables/009.csv", col_types = cols(c1 = col_integer(),c2 = col_integer(),c3 = col_character(),c4 = col_character(),c5 = col_integer()))
input1$c3 <- dmy(input1$c3)
input1 <- copy_to(con, input1)
expected_output <- read_csv("tests-examples/scythe/recent_posts/tables/009_o.csv", col_types = cols(c1 = col_integer(),c2 = col_character(),c3 = col_integer()))

df2 <- input1 %>% group_by(c2, c4) %>% summarise(n = n()) %>% ungroup()
out <- df2 %>% select(c1 = c2, c2 = c4, c3 = n) %>% arrange(c1)


+++++++++++++++++++++++++++++++++++++ SQL Solution +++++++++++++++++++++++++++++++++++++

SELECT c2 AS c1,
       c4 AS c2,
       n AS c3
FROM
  (SELECT c2,
          c4,
          COUNT() AS n
   FROM input1
   GROUP BY c2,
            c4)
ORDER BY c1
