[     3.465][MainProcess][INFO] Parsing specification...
[     3.470][MainProcess][WARNING] "attrs" field is deprecated. Please use "columns"
[     3.470][MainProcess][WARNING] "aggrs" field is deprecated. Please use "functions"
[     3.471][MainProcess][DEBUG] Reading input files...
[     3.481][MainProcess][INFO] Inferred data types for table tests-examples/scythe/recent_posts/tables/012.csv: ['int64', 'int64', 'int64', 'string', 'string', 'string']
[     3.488][MainProcess][INFO] Inferred data types for table tests-examples/scythe/recent_posts/tables/012_o.csv: ['int64', 'int64', 'string', 'string', 'string']
[     3.519][MainProcess][DEBUG] Generating DSL...
[     4.005][MainProcess][INFO] Creating 2 processes
[     4.454][cube-solver-0][DEBUG] Initialising process for 1 lines of code.
[     4.518][cube-solver-1][DEBUG] Initialising process for 1 lines of code.
[    11.670][cube-solver-0][DEBUG] Solving cube (l0 = summarise(),)
[    11.782][cube-solver-1][DEBUG] Solving cube (l0 = mutate(),)
[    13.362][MainProcess][DEBUG] Increasing generator loc to 2
[    13.383][cube-solver-0][DEBUG] Initialising process for 2 lines of code.
[    28.192][cube-solver-0][DEBUG] Solving cube (l0 = natural_join(), l1 = summarise())
[    28.258][cube-solver-0][DEBUG] Solving cube (l0 = natural_join(), l1 = mutate())
[    28.291][cube-solver-0][DEBUG] Solving cube (l0 = natural_join3(), l1 = summarise())
[    28.321][cube-solver-0][DEBUG] Solving cube (l0 = natural_join3(), l1 = mutate())
[    28.351][cube-solver-0][DEBUG] Solving cube (l0 = natural_join4(), l1 = summarise())
[    28.384][cube-solver-0][DEBUG] Solving cube (l0 = natural_join4(), l1 = mutate())
[    28.417][cube-solver-0][DEBUG] Solving cube (l0 = summarise(), l1 = natural_join())
[   272.832][cube-solver-1][DEBUG] Initialising process for 2 lines of code.
[   289.119][cube-solver-1][DEBUG] Solving cube (l0 = summarise(), l1 = natural_join3())
[   289.248][cube-solver-1][DEBUG] Solving cube (l0 = summarise(), l1 = natural_join4())
[   289.293][cube-solver-1][DEBUG] Solving cube (l0 = summarise(), l1 = summarise())
[   289.335][cube-solver-1][DEBUG] Solving cube (l0 = summarise(), l1 = anti_join())
[   599.924][MainProcess][INFO] Statistics:
[   599.925][MainProcess][INFO] 	Generated cubes: 13
[   599.926][MainProcess][INFO] 	Attempted programs: 176
[   599.926][MainProcess][INFO] 		Rejected: 176
[   599.926][MainProcess][INFO] 		Failed: 0
[   599.926][MainProcess][INFO] 	Blacklist clauses: 0
[   599.926][MainProcess][DEBUG] Printing statistics for good programs of size 1
[   599.946][MainProcess][DEBUG] 	0: Counter({'mutate': 40320})
[   599.947][MainProcess][DEBUG] Printing statistics for good programs of size 2
[   599.988][MainProcess][DEBUG] 	0: Counter({'summarise': 135075})
[   600.024][MainProcess][DEBUG] 	1: Counter({'natural_join': 89526, 'anti_join': 45549})

No solution found
