[     3.521][MainProcess][INFO] Parsing specification...
[     3.526][MainProcess][DEBUG] Reading input files...
[     3.537][MainProcess][INFO] Inferred data types for table tests-examples/scythe/recent_posts/tables/023.csv: ['string', 'string', 'string']
[     3.548][MainProcess][INFO] Inferred data types for table tests-examples/scythe/recent_posts/tables/023_o.csv: ['string', 'string', 'string', 'string', 'timedelta64[ns]', 'string', 'float64', 'string']
[     3.583][MainProcess][DEBUG] Generating DSL...
[     3.616][MainProcess][INFO] Creating 2 processes
[     3.677][cube-solver-0][DEBUG] Initialising process for 1 lines of code.
[     3.682][cube-solver-1][DEBUG] Initialising process for 1 lines of code.
[     4.007][cube-solver-1][DEBUG] Solving cube (l0 = natural_join3(),)
[     4.009][cube-solver-1][DEBUG] Solving cube (l0 = natural_join4(),)
[     4.010][cube-solver-1][DEBUG] Solving cube (l0 = anti_join(),)
[     4.011][cube-solver-1][DEBUG] Solving cube (l0 = left_join(),)
[     4.023][cube-solver-1][DEBUG] Solving cube (l0 = union(),)
[     4.029][cube-solver-1][DEBUG] Solving cube (l0 = intersect(),)
[     4.037][cube-solver-0][DEBUG] Solving cube (l0 = natural_join(),)
[     4.043][cube-solver-0][DEBUG] Solving cube (l0 = semi_join(),)
[     4.060][cube-solver-0][DEBUG] Solving cube (l0 = cross_join(),)
[     4.069][cube-solver-1][DEBUG] Solving cube (l0 = inner_join(),)
[     4.325][MainProcess][DEBUG] Increasing generator loc to 2
[     4.326][cube-solver-1][DEBUG] Initialising process for 2 lines of code.
[     4.922][cube-solver-1][DEBUG] Solving cube (l0 = natural_join(), l1 = anti_join())
[     4.928][cube-solver-1][DEBUG] Solving cube (l0 = natural_join(), l1 = left_join())
[     4.931][cube-solver-1][DEBUG] Solving cube (l0 = natural_join(), l1 = union())
[     4.934][cube-solver-1][DEBUG] Solving cube (l0 = natural_join(), l1 = intersect())
[     4.937][cube-solver-1][DEBUG] Solving cube (l0 = natural_join(), l1 = semi_join())
[     4.939][cube-solver-1][DEBUG] Solving cube (l0 = natural_join(), l1 = cross_join())
[     4.941][cube-solver-1][DEBUG] Solving cube (l0 = natural_join(), l1 = inner_join())
[     4.943][cube-solver-1][DEBUG] Solving cube (l0 = natural_join(), l1 = natural_join())
[     4.946][cube-solver-1][DEBUG] Solving cube (l0 = natural_join(), l1 = natural_join3())
[     4.948][cube-solver-1][DEBUG] Solving cube (l0 = natural_join(), l1 = natural_join4())
[     4.950][cube-solver-1][DEBUG] Solving cube (l0 = natural_join3(), l1 = anti_join())
[     4.952][cube-solver-1][DEBUG] Solving cube (l0 = natural_join3(), l1 = left_join())
[     4.954][cube-solver-1][DEBUG] Solving cube (l0 = natural_join3(), l1 = union())
[     4.956][cube-solver-1][DEBUG] Solving cube (l0 = natural_join3(), l1 = intersect())
[     4.958][cube-solver-1][DEBUG] Solving cube (l0 = natural_join3(), l1 = semi_join())
[     4.960][cube-solver-1][DEBUG] Solving cube (l0 = natural_join3(), l1 = cross_join())
[     4.962][cube-solver-1][DEBUG] Solving cube (l0 = natural_join3(), l1 = inner_join())
[     4.964][cube-solver-1][DEBUG] Solving cube (l0 = natural_join3(), l1 = natural_join())
[     4.966][cube-solver-1][DEBUG] Solving cube (l0 = natural_join3(), l1 = natural_join3())
[     4.968][cube-solver-1][DEBUG] Solving cube (l0 = natural_join3(), l1 = natural_join4())
[     4.970][cube-solver-1][DEBUG] Solving cube (l0 = natural_join4(), l1 = anti_join())
[     4.972][cube-solver-1][DEBUG] Solving cube (l0 = natural_join4(), l1 = left_join())
[     4.974][cube-solver-1][DEBUG] Solving cube (l0 = natural_join4(), l1 = union())
[     4.976][cube-solver-1][DEBUG] Solving cube (l0 = natural_join4(), l1 = intersect())
[     4.978][cube-solver-1][DEBUG] Solving cube (l0 = natural_join4(), l1 = semi_join())
[     4.979][cube-solver-1][DEBUG] Solving cube (l0 = natural_join4(), l1 = cross_join())
[     4.981][cube-solver-1][DEBUG] Solving cube (l0 = natural_join4(), l1 = inner_join())
[     4.983][cube-solver-1][DEBUG] Solving cube (l0 = natural_join4(), l1 = natural_join())
[     4.985][cube-solver-1][DEBUG] Solving cube (l0 = natural_join4(), l1 = natural_join3())
[     4.987][cube-solver-1][DEBUG] Solving cube (l0 = natural_join4(), l1 = natural_join4())
[     4.989][cube-solver-1][DEBUG] Solving cube (l0 = anti_join(), l1 = natural_join())
[     4.991][cube-solver-1][DEBUG] Solving cube (l0 = anti_join(), l1 = natural_join3())
[     4.993][cube-solver-1][DEBUG] Solving cube (l0 = anti_join(), l1 = natural_join4())
[     4.995][cube-solver-1][DEBUG] Solving cube (l0 = anti_join(), l1 = anti_join())
[     4.997][cube-solver-1][DEBUG] Solving cube (l0 = anti_join(), l1 = left_join())
[     4.999][cube-solver-1][DEBUG] Solving cube (l0 = anti_join(), l1 = union())
[     5.001][cube-solver-1][DEBUG] Solving cube (l0 = anti_join(), l1 = intersect())
[     5.003][cube-solver-1][DEBUG] Solving cube (l0 = anti_join(), l1 = semi_join())
[     5.005][cube-solver-1][DEBUG] Solving cube (l0 = anti_join(), l1 = cross_join())
[     5.007][cube-solver-1][DEBUG] Solving cube (l0 = anti_join(), l1 = inner_join())
[     5.009][cube-solver-1][DEBUG] Solving cube (l0 = left_join(), l1 = natural_join())
[     5.033][cube-solver-1][DEBUG] Solving cube (l0 = left_join(), l1 = natural_join3())
[     5.036][cube-solver-1][DEBUG] Solving cube (l0 = left_join(), l1 = natural_join4())
[     5.038][cube-solver-1][DEBUG] Solving cube (l0 = left_join(), l1 = anti_join())
[     5.214][cube-solver-1][DEBUG] Solving cube (l0 = left_join(), l1 = left_join())
[     5.246][cube-solver-1][DEBUG] Solving cube (l0 = left_join(), l1 = union())
[     5.273][cube-solver-1][DEBUG] Solving cube (l0 = left_join(), l1 = intersect())
[     5.396][cube-solver-1][DEBUG] Solving cube (l0 = left_join(), l1 = semi_join())
[     5.426][cube-solver-1][DEBUG] Solving cube (l0 = left_join(), l1 = cross_join())
[     8.320][cube-solver-0][DEBUG] Initialising process for 2 lines of code.
[     8.916][cube-solver-0][DEBUG] Solving cube (l0 = left_join(), l1 = inner_join())
[    10.135][cube-solver-0][DEBUG] Solving cube (l0 = union(), l1 = natural_join())
[    10.152][cube-solver-0][DEBUG] Solving cube (l0 = union(), l1 = natural_join3())
[    10.155][cube-solver-0][DEBUG] Solving cube (l0 = union(), l1 = natural_join4())
[    10.157][cube-solver-0][DEBUG] Solving cube (l0 = union(), l1 = anti_join())
[    10.260][cube-solver-0][DEBUG] Solving cube (l0 = union(), l1 = left_join())
[    10.286][cube-solver-0][DEBUG] Solving cube (l0 = union(), l1 = union())
[    10.309][cube-solver-0][DEBUG] Solving cube (l0 = union(), l1 = intersect())
[    10.511][cube-solver-0][DEBUG] Solving cube (l0 = union(), l1 = semi_join())
[    10.536][cube-solver-0][DEBUG] Solving cube (l0 = union(), l1 = cross_join([1]))
[    24.261][cube-solver-1][DEBUG] Solving cube (l0 = union(), l1 = inner_join())
[    25.298][cube-solver-1][DEBUG] Solving cube (l0 = intersect(), l1 = natural_join())
[    25.376][cube-solver-1][DEBUG] Solving cube (l0 = intersect(), l1 = natural_join3())
[    25.378][cube-solver-1][DEBUG] Solving cube (l0 = intersect(), l1 = natural_join4())
[    25.380][cube-solver-1][DEBUG] Solving cube (l0 = intersect(), l1 = anti_join())
[    25.869][cube-solver-1][DEBUG] Solving cube (l0 = intersect(), l1 = left_join())
[    25.992][cube-solver-1][DEBUG] Solving cube (l0 = intersect(), l1 = union())
[    26.107][cube-solver-1][DEBUG] Solving cube (l0 = intersect(), l1 = intersect())
[    26.635][cube-solver-1][DEBUG] Solving cube (l0 = intersect(), l1 = semi_join())
[    26.757][cube-solver-1][DEBUG] Solving cube (l0 = intersect(), l1 = cross_join([1]))
[    27.445][cube-solver-0][DEBUG] Solving cube (l0 = intersect(), l1 = inner_join())
[    32.960][cube-solver-0][DEBUG] Solving cube (l0 = semi_join(), l1 = natural_join())
[    32.979][cube-solver-0][DEBUG] Solving cube (l0 = semi_join(), l1 = natural_join3())
[    32.981][cube-solver-0][DEBUG] Solving cube (l0 = semi_join(), l1 = natural_join4())
[    32.983][cube-solver-0][DEBUG] Solving cube (l0 = semi_join(), l1 = anti_join())
[    33.096][cube-solver-0][DEBUG] Solving cube (l0 = semi_join(), l1 = left_join())
[    33.123][cube-solver-0][DEBUG] Solving cube (l0 = semi_join(), l1 = union())
[    33.149][cube-solver-0][DEBUG] Solving cube (l0 = semi_join(), l1 = intersect())
[    33.256][cube-solver-0][DEBUG] Solving cube (l0 = semi_join(), l1 = semi_join())
[    33.284][cube-solver-0][DEBUG] Solving cube (l0 = semi_join(), l1 = cross_join([1]))
[    51.457][cube-solver-0][DEBUG] Solving cube (l0 = semi_join(), l1 = inner_join())
[    52.618][cube-solver-0][DEBUG] Solving cube (l0 = cross_join([1]), l1 = natural_join())
[    64.606][cube-solver-0][DEBUG] Solving cube (l0 = cross_join([1]), l1 = natural_join3())
[    64.609][cube-solver-0][DEBUG] Solving cube (l0 = cross_join([1]), l1 = natural_join4())
[    64.612][cube-solver-0][DEBUG] Solving cube (l0 = cross_join([1]), l1 = anti_join())
[    98.843][cube-solver-1][DEBUG] Solving cube (l0 = cross_join([1]), l1 = left_join())
[   119.153][cube-solver-1][DEBUG] Solving cube (l0 = cross_join([1]), l1 = union())
[   138.129][cube-solver-1][DEBUG] Solving cube (l0 = cross_join([1]), l1 = intersect())
[   147.117][cube-solver-0][DEBUG] Solving cube (l0 = cross_join([1]), l1 = semi_join())
[   167.285][cube-solver-0][DEBUG] Solving cube (l0 = cross_join([1]), l1 = cross_join([1]))
[   229.643][cube-solver-1][DEBUG] Solving cube (l0 = cross_join([1]), l1 = inner_join())
[   599.918][MainProcess][INFO] Statistics:
[   599.918][MainProcess][INFO] 	Generated cubes: 100
[   599.919][MainProcess][INFO] 	Attempted programs: 29704
[   599.919][MainProcess][INFO] 		Rejected: 22225
[   599.919][MainProcess][INFO] 		Failed: 7479
[   599.919][MainProcess][INFO] 	Blacklist clauses: 1
[   599.919][MainProcess][DEBUG] Printing statistics for good programs of size 2
[   599.953][MainProcess][DEBUG] 	0: Counter({'cross_join': 103529})
[   599.979][MainProcess][DEBUG] 	1: Counter({'cross_join': 55124, 'inner_join': 48405})

No solution found
