[     1.676][MainProcess][INFO] Parsing specification...
[     1.679][MainProcess][WARNING] "attrs" field is deprecated. Please use "columns"
[     1.680][MainProcess][WARNING] "aggrs" field is deprecated. Please use "functions"
[     1.680][MainProcess][DEBUG] Reading input files...
[     1.691][MainProcess][INFO] Inferred data types for table tests-examples/scythe/recent_posts/tables/030_1.csv: ['string', 'int64', 'int64', 'float64', 'datetime64[ns]']
[     1.697][MainProcess][INFO] Inferred data types for table tests-examples/scythe/recent_posts/tables/030_2.csv: ['string', 'int64', 'int64', 'string', 'int64']
[     1.702][MainProcess][INFO] Inferred data types for table tests-examples/scythe/recent_posts/tables/030_o.csv: ['int64', 'int64', 'int64']
[     1.734][MainProcess][DEBUG] Generating DSL...
[     1.766][MainProcess][INFO] Creating 2 processes
[     1.774][MainProcess][DEBUG] Increasing generator loc to 2
[     1.775][MainProcess][DEBUG] Increasing generator loc to 3
[     1.777][MainProcess][DEBUG] Increasing generator loc to 4
[     1.797][MainProcess][DEBUG] Increasing generator loc to 5
[     1.988][MainProcess][DEBUG] Increasing generator loc to 6
[     3.909][MainProcess][DEBUG] Increasing generator loc to 7
[    23.428][MainProcess][DEBUG] Increasing generator loc to 8
[   221.979][cube-solver-0][DEBUG] Initialising process for 8 lines of code.
Traceback (most recent call last):
  File "./cubes.py", line 95, in <module>
    main()
  File "./cubes.py", line 87, in main
    program = synthesizer.synthesize()
  File "/home/rmbb/CUBES/squares/parallel_synthesizer.py", line 250, in synthesize
    cube = next(generator)
  File "/home/rmbb/CUBES/squares/dsl/dc.py", line 131, in __next__
    while not self.line_stack[-1]:
IndexError: list index out of range
