[     3.578][MainProcess][INFO] Parsing specification...
[     3.584][MainProcess][DEBUG] Reading input files...
[     3.600][MainProcess][INFO] Inferred data types for table tests-examples/scythe/recent_posts/tables/037.csv: ['string', 'int64', 'datetime64[ns]', 'datetime64[ns]']
[     3.610][MainProcess][INFO] Inferred data types for table tests-examples/scythe/recent_posts/tables/037_o.csv: ['string', 'int64', 'datetime64[ns]', 'datetime64[ns]']
[     3.667][MainProcess][DEBUG] Generating DSL...
[     3.691][MainProcess][INFO] Creating 2 processes
[     3.747][cube-solver-0][DEBUG] Initialising process for 1 lines of code.
[     3.750][cube-solver-1][DEBUG] Initialising process for 1 lines of code.
[     3.811][cube-solver-0][DEBUG] Solving cube (l0 = natural_join(),)
[     3.812][cube-solver-0][DEBUG] Solving cube (l0 = natural_join4(),)
[     3.813][cube-solver-1][DEBUG] Solving cube (l0 = natural_join3(),)
[     3.814][cube-solver-0][DEBUG] Solving cube (l0 = anti_join(),)
[     3.814][cube-solver-1][DEBUG] Solving cube (l0 = left_join(),)
[     3.815][cube-solver-0][DEBUG] Solving cube (l0 = union(),)
[     4.172][cube-solver-0][DEBUG] Solving cube (l0 = intersect(),)
[     4.207][cube-solver-0][DEBUG] Solving cube (l0 = semi_join(),)
[     4.224][cube-solver-1][DEBUG] Solving cube (l0 = cross_join(),)
[     4.239][cube-solver-1][DEBUG] Solving cube (l0 = inner_join(),)
[     4.533][MainProcess][DEBUG] Increasing generator loc to 2
[     4.534][cube-solver-0][DEBUG] Initialising process for 2 lines of code.
[     4.631][cube-solver-0][DEBUG] Solving cube (l0 = natural_join(), l1 = anti_join())
[     4.632][cube-solver-0][DEBUG] Solving cube (l0 = natural_join(), l1 = left_join())
[     4.633][cube-solver-0][DEBUG] Solving cube (l0 = natural_join(), l1 = union())
[     4.634][cube-solver-0][DEBUG] Solving cube (l0 = natural_join(), l1 = intersect())
[     4.635][cube-solver-0][DEBUG] Solving cube (l0 = natural_join(), l1 = semi_join())
[     4.637][cube-solver-0][DEBUG] Solving cube (l0 = natural_join(), l1 = cross_join([1]))
[     4.638][cube-solver-0][DEBUG] Solving cube (l0 = natural_join(), l1 = inner_join())
[     4.639][cube-solver-0][DEBUG] Solving cube (l0 = natural_join(), l1 = natural_join())
[     4.640][cube-solver-0][DEBUG] Solving cube (l0 = natural_join(), l1 = natural_join3())
[     4.641][cube-solver-0][DEBUG] Solving cube (l0 = natural_join(), l1 = natural_join4())
[     4.642][cube-solver-0][DEBUG] Solving cube (l0 = natural_join3(), l1 = anti_join())
[     4.643][cube-solver-0][DEBUG] Solving cube (l0 = natural_join3(), l1 = left_join())
[     4.644][cube-solver-0][DEBUG] Solving cube (l0 = natural_join3(), l1 = union())
[     4.645][cube-solver-0][DEBUG] Solving cube (l0 = natural_join3(), l1 = intersect())
[     4.646][cube-solver-0][DEBUG] Solving cube (l0 = natural_join3(), l1 = semi_join())
[     4.647][cube-solver-0][DEBUG] Solving cube (l0 = natural_join3(), l1 = cross_join([1]))
[     4.648][cube-solver-0][DEBUG] Solving cube (l0 = natural_join3(), l1 = inner_join())
[     4.649][cube-solver-0][DEBUG] Solving cube (l0 = natural_join3(), l1 = natural_join())
[     4.650][cube-solver-0][DEBUG] Solving cube (l0 = natural_join3(), l1 = natural_join3())
[     4.651][cube-solver-0][DEBUG] Solving cube (l0 = natural_join3(), l1 = natural_join4())
[     4.652][cube-solver-0][DEBUG] Solving cube (l0 = natural_join4(), l1 = anti_join())
[     4.653][cube-solver-0][DEBUG] Solving cube (l0 = natural_join4(), l1 = left_join())
[     4.654][cube-solver-0][DEBUG] Solving cube (l0 = natural_join4(), l1 = union())
[     4.655][cube-solver-0][DEBUG] Solving cube (l0 = natural_join4(), l1 = intersect())
[     4.656][cube-solver-0][DEBUG] Solving cube (l0 = natural_join4(), l1 = semi_join())
[     4.657][cube-solver-0][DEBUG] Solving cube (l0 = natural_join4(), l1 = cross_join([1]))
[     4.659][cube-solver-0][DEBUG] Solving cube (l0 = natural_join4(), l1 = inner_join())
[     4.660][cube-solver-0][DEBUG] Solving cube (l0 = natural_join4(), l1 = natural_join())
[     4.661][cube-solver-0][DEBUG] Solving cube (l0 = natural_join4(), l1 = natural_join3())
[     4.661][cube-solver-0][DEBUG] Solving cube (l0 = natural_join4(), l1 = natural_join4())
[     4.662][cube-solver-0][DEBUG] Solving cube (l0 = anti_join(), l1 = natural_join())
[     4.663][cube-solver-0][DEBUG] Solving cube (l0 = anti_join(), l1 = natural_join3())
[     4.664][cube-solver-0][DEBUG] Solving cube (l0 = anti_join(), l1 = natural_join4())
[     4.665][cube-solver-0][DEBUG] Solving cube (l0 = anti_join(), l1 = anti_join())
[     4.666][cube-solver-0][DEBUG] Solving cube (l0 = anti_join(), l1 = left_join())
[     4.667][cube-solver-0][DEBUG] Solving cube (l0 = anti_join(), l1 = union())
[     4.668][cube-solver-0][DEBUG] Solving cube (l0 = anti_join(), l1 = intersect())
[     4.669][cube-solver-0][DEBUG] Solving cube (l0 = anti_join(), l1 = semi_join())
[     4.670][cube-solver-0][DEBUG] Solving cube (l0 = anti_join(), l1 = cross_join([1]))
[     4.671][cube-solver-0][DEBUG] Solving cube (l0 = anti_join(), l1 = inner_join())
[     4.672][cube-solver-0][DEBUG] Solving cube (l0 = left_join(), l1 = natural_join())
[     5.282][cube-solver-0][DEBUG] Solving cube (l0 = left_join(), l1 = natural_join3())
[     5.284][cube-solver-0][DEBUG] Solving cube (l0 = left_join(), l1 = natural_join4())
[     5.285][cube-solver-0][DEBUG] Solving cube (l0 = left_join(), l1 = anti_join())
[    12.088][cube-solver-0][DEBUG] Solving cube (l0 = left_join(), l1 = left_join())
[    12.985][cube-solver-0][DEBUG] Solving cube (l0 = left_join(), l1 = union())
[    13.884][cube-solver-0][DEBUG] Solving cube (l0 = left_join(), l1 = intersect())
[    14.028][cube-solver-0][DEBUG] Solving cube (l0 = left_join(), l1 = semi_join())
[    14.938][cube-solver-0][DEBUG] Solving cube (l0 = left_join(), l1 = cross_join([1]))
[    14.959][cube-solver-0][DEBUG] Solving cube (l0 = left_join(), l1 = inner_join())
[   140.345][cube-solver-1][DEBUG] Initialising process for 2 lines of code.
[   140.492][cube-solver-1][DEBUG] Solving cube (l0 = union(), l1 = natural_join())
[   141.153][cube-solver-1][DEBUG] Solving cube (l0 = union(), l1 = natural_join3())
[   141.155][cube-solver-1][DEBUG] Solving cube (l0 = union(), l1 = natural_join4())
[   141.156][cube-solver-1][DEBUG] Solving cube (l0 = union(), l1 = anti_join())
[   147.805][cube-solver-1][DEBUG] Solving cube (l0 = union(), l1 = left_join())
[   148.791][cube-solver-1][DEBUG] Solving cube (l0 = union(), l1 = union())
[   149.691][cube-solver-1][DEBUG] Solving cube (l0 = union(), l1 = intersect())
[   149.976][cube-solver-1][DEBUG] Solving cube (l0 = union(), l1 = semi_join())
[   151.062][cube-solver-1][DEBUG] Solving cube (l0 = union(), l1 = cross_join([1]))
[   151.085][cube-solver-1][DEBUG] Solving cube (l0 = union(), l1 = inner_join())
[   423.086][cube-solver-0][DEBUG] Solving cube (l0 = intersect(), l1 = natural_join())
[   425.465][cube-solver-0][DEBUG] Solving cube (l0 = intersect(), l1 = natural_join3())
[   425.467][cube-solver-0][DEBUG] Solving cube (l0 = intersect(), l1 = natural_join4())
[   425.468][cube-solver-0][DEBUG] Solving cube (l0 = intersect(), l1 = anti_join())
[   428.761][cube-solver-0][DEBUG] Solving cube (l0 = intersect(), l1 = left_join())
[   431.246][cube-solver-0][DEBUG] Solving cube (l0 = intersect(), l1 = union())
[   433.727][cube-solver-0][DEBUG] Solving cube (l0 = intersect(), l1 = intersect())
[   434.647][cube-solver-0][DEBUG] Solving cube (l0 = intersect(), l1 = semi_join())
[   436.010][cube-solver-0][DEBUG] Solving cube (l0 = intersect(), l1 = cross_join([1]))
[   436.136][cube-solver-0][DEBUG] Solving cube (l0 = intersect(), l1 = inner_join())
[   444.029][cube-solver-0][DEBUG] Solving cube (l0 = semi_join(), l1 = natural_join())
[   444.636][cube-solver-0][DEBUG] Solving cube (l0 = semi_join(), l1 = natural_join3())
[   444.637][cube-solver-0][DEBUG] Solving cube (l0 = semi_join(), l1 = natural_join4())
[   444.638][cube-solver-0][DEBUG] Solving cube (l0 = semi_join(), l1 = anti_join())
[   451.270][cube-solver-0][DEBUG] Solving cube (l0 = semi_join(), l1 = left_join())
[   452.173][cube-solver-0][DEBUG] Solving cube (l0 = semi_join(), l1 = union())
[   453.072][cube-solver-0][DEBUG] Solving cube (l0 = semi_join(), l1 = intersect())
[   453.212][cube-solver-0][DEBUG] Solving cube (l0 = semi_join(), l1 = semi_join())
[   454.115][cube-solver-0][DEBUG] Solving cube (l0 = semi_join(), l1 = cross_join([1]))
[   454.135][cube-solver-0][DEBUG] Solving cube (l0 = semi_join(), l1 = inner_join())
[   563.012][cube-solver-1][DEBUG] Solving cube (l0 = cross_join([1]), l1 = natural_join())
[   563.018][cube-solver-1][DEBUG] Solving cube (l0 = cross_join([1]), l1 = natural_join3())
[   563.021][cube-solver-1][DEBUG] Solving cube (l0 = cross_join([1]), l1 = natural_join4())
[   563.024][cube-solver-1][DEBUG] Solving cube (l0 = cross_join([1]), l1 = anti_join())
[   563.025][cube-solver-1][DEBUG] Solving cube (l0 = cross_join([1]), l1 = left_join())
[   563.027][cube-solver-1][DEBUG] Solving cube (l0 = cross_join([1]), l1 = union())
[   563.029][cube-solver-1][DEBUG] Solving cube (l0 = cross_join([1]), l1 = intersect())
[   563.031][cube-solver-1][DEBUG] Solving cube (l0 = cross_join([1]), l1 = semi_join())
[   563.033][cube-solver-1][DEBUG] Solving cube (l0 = cross_join([1]), l1 = cross_join([1]))
[   563.036][cube-solver-1][DEBUG] Solving cube (l0 = cross_join([1]), l1 = inner_join())
[   563.038][cube-solver-1][DEBUG] Solving cube (l0 = inner_join(), l1 = natural_join())
[   599.927][MainProcess][INFO] Statistics:
[   599.929][MainProcess][INFO] 	Generated cubes: 101
[   599.929][MainProcess][INFO] 	Attempted programs: 743
[   599.929][MainProcess][INFO] 		Rejected: 368
[   599.929][MainProcess][INFO] 		Failed: 375
[   599.929][MainProcess][INFO] 	Blacklist clauses: 1
[   599.930][MainProcess][DEBUG] Printing statistics for good programs of size 1
[   599.944][MainProcess][DEBUG] 	0: Counter({'inner_join': 22800, 'union': 48, 'left_join': 48, 'semi_join': 48})
[   599.944][MainProcess][DEBUG] Printing statistics for good programs of size 2
[   600.011][MainProcess][DEBUG] 	0: Counter({'left_join': 69984, 'union': 69984, 'semi_join': 25870, 'inner_join': 6172, 'intersect': 2496})
[   600.056][MainProcess][DEBUG] 	1: Counter({'inner_join': 161854, 'natural_join': 6844, 'anti_join': 3552, 'left_join': 816, 'union': 816, 'semi_join': 624})

No solution found
