[     1.569][MainProcess][INFO] Parsing specification...
[     1.571][MainProcess][WARNING] "attrs" field is deprecated. Please use "columns"
[     1.572][MainProcess][WARNING] "aggrs" field is deprecated. Please use "functions"
[     1.572][MainProcess][WARNING] "const" field is deprecated. Please use "constants"
[     1.572][MainProcess][DEBUG] Reading input files...
[     1.581][MainProcess][INFO] Inferred data types for table tests-examples/scythe/recent_posts/tables/005.csv: ['int64', 'int64', 'int64', 'datetime64[ns]']
[     1.588][MainProcess][INFO] Inferred data types for table tests-examples/scythe/recent_posts/tables/005_o.csv: ['int64', 'int64', 'int64', 'datetime64[ns]']
[     1.620][MainProcess][DEBUG] Generating DSL...
[     1.672][MainProcess][INFO] Creating 16 processes
[     1.738][MainProcess][DEBUG] Increasing generator loc to 3
[     1.758][cube-solver-0][DEBUG] Initialising process for 2 lines of code.
[     1.761][cube-solver-1][DEBUG] Initialising process for 2 lines of code.
[     1.765][cube-solver-2][DEBUG] Initialising process for 2 lines of code.
[     1.767][cube-solver-3][DEBUG] Initialising process for 2 lines of code.
[     1.770][cube-solver-4][DEBUG] Initialising process for 3 lines of code.
[     1.776][cube-solver-5][DEBUG] Initialising process for 3 lines of code.
[     1.782][cube-solver-8][DEBUG] Initialising process for 3 lines of code.
[     1.785][cube-solver-6][DEBUG] Initialising process for 3 lines of code.
[     1.786][cube-solver-9][DEBUG] Initialising process for 3 lines of code.
[     1.790][cube-solver-10][DEBUG] Initialising process for 3 lines of code.
[     1.796][cube-solver-11][DEBUG] Initialising process for 3 lines of code.
[     1.799][cube-solver-13][DEBUG] Initialising process for 3 lines of code.
[     1.800][cube-solver-12][DEBUG] Initialising process for 3 lines of code.
[     1.809][cube-solver-14][DEBUG] Initialising process for 3 lines of code.
[     1.816][cube-solver-7][DEBUG] Initialising process for 3 lines of code.
[     1.855][cube-solver-15][DEBUG] Initialising process for 3 lines of code.
[     2.867][cube-solver-1][DEBUG] Solving cube (l0 = filter(), l1 = summarise())
[     2.873][cube-solver-2][DEBUG] Solving cube (l0 = filter(), l1 = mutate())
[     2.875][cube-solver-3][DEBUG] Solving cube (l0 = mutate(), l1 = filter())
[     2.914][cube-solver-0][DEBUG] Solving cube (l0 = summarise(), l1 = filter())
[     3.959][cube-solver-1][DEBUG] Initialising process for 3 lines of code.
[     4.171][cube-solver-8][DEBUG] Solving cube (l0 = natural_join3(), l1 = summarise([3]), l2 = filter())
[     4.171][cube-solver-4][DEBUG] Solving cube (l0 = natural_join(), l1 = summarise([3]), l2 = filter())
[     4.178][cube-solver-9][DEBUG] Solving cube (l0 = natural_join3(), l1 = filter(), l2 = summarise([3]))
[     4.181][cube-solver-8][DEBUG] Solving cube (l0 = summarise([3]), l1 = natural_join3(), l2 = filter())
[     4.181][cube-solver-4][DEBUG] Solving cube (l0 = summarise([3]), l1 = natural_join4(), l2 = filter())
[     4.182][cube-solver-6][DEBUG] Solving cube (l0 = natural_join(), l1 = filter(), l2 = mutate())
[     4.184][cube-solver-12][DEBUG] Solving cube (l0 = natural_join4(), l1 = summarise([3]), l2 = filter())
[     4.184][cube-solver-9][DEBUG] Solving cube (l0 = summarise([3]), l1 = summarise([3]), l2 = filter())
[     4.189][cube-solver-4][DEBUG] Solving cube (l0 = summarise([3]), l1 = filter(), l2 = natural_join())
[     4.189][cube-solver-8][DEBUG] Solving cube (l0 = summarise([3]), l1 = filter(), l2 = natural_join3())
[     4.190][cube-solver-9][DEBUG] Solving cube (l0 = summarise([3]), l1 = filter(), l2 = summarise([3]))
[     4.190][cube-solver-6][DEBUG] Solving cube (l0 = summarise([3]), l1 = filter(), l2 = natural_join4())
[     4.192][cube-solver-14][DEBUG] Solving cube (l0 = natural_join4(), l1 = filter(), l2 = mutate())
[     4.195][cube-solver-12][DEBUG] Solving cube (l0 = summarise([3]), l1 = filter(), l2 = filter())
[     4.196][cube-solver-13][DEBUG] Solving cube (l0 = natural_join4(), l1 = filter(), l2 = summarise([3]))
[     4.199][cube-solver-6][DEBUG] Solving cube (l0 = summarise([3]), l1 = filter(), l2 = anti_join())
[     4.200][cube-solver-14][DEBUG] Solving cube (l0 = summarise([3]), l1 = filter(), l2 = left_join())
[     4.202][cube-solver-13][DEBUG] Solving cube (l0 = summarise([3]), l1 = filter(), l2 = union())
[     4.205][cube-solver-5][DEBUG] Solving cube (l0 = natural_join(), l1 = filter(), l2 = summarise([3]))
[     4.214][cube-solver-5][DEBUG] Solving cube (l0 = summarise([4]), l1 = filter([1]), l2 = intersect())
[     4.217][cube-solver-11][DEBUG] Solving cube (l0 = natural_join3(), l1 = mutate(), l2 = filter([1]))
[     4.223][cube-solver-10][DEBUG] Solving cube (l0 = natural_join3(), l1 = filter([1]), l2 = mutate())
[     4.225][cube-solver-11][DEBUG] Solving cube (l0 = summarise([4]), l1 = filter([1]), l2 = semi_join())
[     4.232][cube-solver-10][DEBUG] Solving cube (l0 = summarise([4]), l1 = filter([1]), l2 = cross_join())
[     4.251][cube-solver-7][DEBUG] Solving cube (l0 = natural_join(), l1 = mutate(), l2 = filter([1]))
[     4.258][cube-solver-7][DEBUG] Solving cube (l0 = summarise([4]), l1 = filter([1]), l2 = mutate())
[     4.471][cube-solver-15][DEBUG] Solving cube (l0 = natural_join4(), l1 = mutate(), l2 = filter([3]))
[     4.477][cube-solver-15][DEBUG] Solving cube (l0 = summarise([4]), l1 = filter([3]), l2 = inner_join())
[     6.383][cube-solver-1][DEBUG] Solving cube (l0 = summarise([4]), l1 = natural_join(), l2 = filter([36]))
[    14.986][cube-solver-11][DEBUG] Found solution with cube (l0 = summarise([4]), l1 = filter([1]), l2 = semi_join())
[    14.988][MainProcess][INFO] Statistics:
[    14.988][MainProcess][INFO] 	Generated cubes: 33
[    14.988][MainProcess][INFO] 	Attempted programs: 319
[    14.988][MainProcess][INFO] 		Rejected: 157
[    14.988][MainProcess][INFO] 		Failed: 161
[    14.989][MainProcess][INFO] 	Blacklist clauses: 40
[    14.989][MainProcess][DEBUG] Priting statistics for good programs of size 2
[    14.991][MainProcess][DEBUG] 	0: Counter({'mutate': 1437, 'filter': 1381})
[    14.993][MainProcess][DEBUG] 	1: Counter({'filter': 1437, 'mutate': 1381})
[    14.994][MainProcess][DEBUG] Priting statistics for good programs of size 3
[    14.998][MainProcess][DEBUG] 	0: Counter({'summarise': 8583})
[    15.001][MainProcess][DEBUG] 	1: Counter({'filter': 7563, 'natural_join': 1021})
[    15.005][MainProcess][DEBUG] 	2: Counter({'left_join': 1250, 'union': 1221, 'natural_join3': 1197, 'natural_join': 1177, 'filter': 1021, 'semi_join': 913, 'anti_join': 879, 'inner_join': 878, 'mutate': 48})
[    15.006][MainProcess][INFO] Solution found: semi_join(@param0, filter(summarise(@param0, event_id = max(event_id), prim_cid), event_id <= 17))

------------------------------------- R Solution ---------------------------------------

con <- DBI::dbConnect(RSQLite::SQLite(), ":memory:")
input1 <- read_csv("tests-examples/scythe/recent_posts/tables/005.csv", col_types = cols(g_event_id = col_integer(),prim_cid = col_integer(),event_id = col_integer(),event_time = col_character()))
input1$event_time <- dmy(input1$event_time)
input1 <- copy_to(con, input1)
expected_output <- read_csv("tests-examples/scythe/recent_posts/tables/005_o.csv", col_types = cols(g_event_id = col_integer(),prim_cid = col_integer(),event_id = col_integer(),event_time = col_character()))
expected_output$event_time <- dmy(expected_output$event_time)

df2 <- input1 %>% group_by(prim_cid) %>% summarise(event_id = max(event_id)) %>% ungroup()
df3 <- df2 %>% filter(event_id <= 17)
df4 <- semi_join(input1, df3)
out <- df4 %>% select(g_event_id, prim_cid, event_id, event_time) %>% arrange(g_event_id)


+++++++++++++++++++++++++++++++++++++ SQL Solution +++++++++++++++++++++++++++++++++++++

SELECT g_event_id,
       prim_cid,
       event_id,
       event_time
FROM
  (SELECT *
   FROM input1 AS LHS
   WHERE EXISTS
       (SELECT 1
        FROM
          (SELECT *
           FROM
             (SELECT prim_cid,
                     MAX(event_id) AS event_id
              FROM input1
              GROUP BY prim_cid)
           WHERE (event_id <= 17.0)) AS RHS
        WHERE (LHS.prim_cid = RHS.prim_cid
               AND LHS.event_id = RHS.event_id) ))
ORDER BY g_event_id
