[     3.380][MainProcess][INFO] Parsing specification...
[     3.386][MainProcess][WARNING] "attrs" field is deprecated. Please use "columns"
[     3.386][MainProcess][WARNING] "aggrs" field is deprecated. Please use "functions"
[     3.386][MainProcess][WARNING] "const" field is deprecated. Please use "constants"
[     3.387][MainProcess][DEBUG] Reading input files...
[     3.399][MainProcess][INFO] Inferred data types for table tests-examples/scythe/recent_posts/tables/006.csv: ['int64', 'int64', 'int64', 'string', 'string', 'string']
[     3.407][MainProcess][INFO] Inferred data types for table tests-examples/scythe/recent_posts/tables/006_o.csv: ['int64', 'int64', 'string', 'string']
[     3.447][MainProcess][DEBUG] Generating DSL...
[     3.510][MainProcess][INFO] Creating 16 processes
[     3.592][cube-solver-0][DEBUG] Initialising process for 2 lines of code.
[     3.594][MainProcess][DEBUG] Increasing generator loc to 3
[     3.595][cube-solver-3][DEBUG] Initialising process for 2 lines of code.
[     3.597][cube-solver-1][DEBUG] Initialising process for 2 lines of code.
[     3.600][cube-solver-2][DEBUG] Initialising process for 2 lines of code.
[     3.605][cube-solver-5][DEBUG] Initialising process for 3 lines of code.
[     3.607][cube-solver-4][DEBUG] Initialising process for 3 lines of code.
[     3.615][cube-solver-6][DEBUG] Initialising process for 3 lines of code.
[     3.616][cube-solver-8][DEBUG] Initialising process for 3 lines of code.
[     3.620][cube-solver-7][DEBUG] Initialising process for 3 lines of code.
[     3.628][cube-solver-10][DEBUG] Initialising process for 3 lines of code.
[     3.629][cube-solver-9][DEBUG] Initialising process for 3 lines of code.
[     3.637][cube-solver-12][DEBUG] Initialising process for 3 lines of code.
[     3.640][cube-solver-11][DEBUG] Initialising process for 3 lines of code.
[     3.641][cube-solver-13][DEBUG] Initialising process for 3 lines of code.
[     3.656][cube-solver-14][DEBUG] Initialising process for 3 lines of code.
[     3.697][cube-solver-15][DEBUG] Initialising process for 3 lines of code.
[     4.566][cube-solver-2][DEBUG] Solving cube (l0 = filter(), l1 = mutate())
[     4.569][cube-solver-3][DEBUG] Solving cube (l0 = mutate(), l1 = filter())
[     4.574][cube-solver-1][DEBUG] Solving cube (l0 = filter(), l1 = summarise())
[     4.610][cube-solver-0][DEBUG] Solving cube (l0 = summarise(), l1 = filter())
[     5.331][cube-solver-8][DEBUG] Solving cube (l0 = natural_join3(), l1 = summarise(), l2 = filter())
[     5.331][cube-solver-10][DEBUG] Solving cube (l0 = natural_join3(), l1 = filter(), l2 = mutate())
[     5.338][cube-solver-10][DEBUG] Solving cube (l0 = summarise(), l1 = natural_join(), l2 = filter())
[     5.338][cube-solver-8][DEBUG] Solving cube (l0 = summarise(), l1 = natural_join3(), l2 = filter())
[     5.344][cube-solver-8][DEBUG] Solving cube (l0 = summarise(), l1 = natural_join4(), l2 = filter())
[     5.345][cube-solver-6][DEBUG] Solving cube (l0 = natural_join(), l1 = filter(), l2 = mutate())
[     5.348][cube-solver-8][DEBUG] Solving cube (l0 = summarise(), l1 = summarise(), l2 = filter())
[     5.351][cube-solver-7][DEBUG] Solving cube (l0 = natural_join(), l1 = mutate(), l2 = filter())
[     5.352][cube-solver-8][DEBUG] Solving cube (l0 = summarise(), l1 = filter(), l2 = natural_join3())
[     5.352][cube-solver-6][DEBUG] Solving cube (l0 = summarise(), l1 = filter(), l2 = natural_join())
[     5.353][cube-solver-12][DEBUG] Solving cube (l0 = natural_join4(), l1 = summarise(), l2 = filter())
[     5.358][cube-solver-12][DEBUG] Solving cube (l0 = summarise(), l1 = filter(), l2 = summarise())
[     5.358][cube-solver-7][DEBUG] Solving cube (l0 = summarise(), l1 = filter(), l2 = natural_join4())
[     5.362][cube-solver-7][DEBUG] Solving cube (l0 = summarise(), l1 = filter(), l2 = filter())
[     5.368][cube-solver-5][DEBUG] Solving cube (l0 = natural_join(), l1 = filter(), l2 = summarise())
[     5.376][cube-solver-5][DEBUG] Solving cube (l0 = summarise(), l1 = filter(), l2 = anti_join())
[     5.383][cube-solver-4][DEBUG] Solving cube (l0 = natural_join(), l1 = summarise(), l2 = filter())
[     5.385][cube-solver-11][DEBUG] Solving cube (l0 = natural_join3(), l1 = mutate(), l2 = filter())
[     5.390][cube-solver-4][DEBUG] Solving cube (l0 = summarise(), l1 = filter(), l2 = left_join())
[     5.392][cube-solver-11][DEBUG] Solving cube (l0 = summarise(), l1 = filter(), l2 = union())
[     5.449][cube-solver-15][DEBUG] Solving cube (l0 = natural_join4(), l1 = mutate(), l2 = filter([2]))
[     5.454][cube-solver-13][DEBUG] Solving cube (l0 = natural_join4(), l1 = filter([3]), l2 = summarise())
[     5.456][cube-solver-15][DEBUG] Solving cube (l0 = summarise(), l1 = filter([3]), l2 = intersect())
[     5.463][cube-solver-9][DEBUG] Solving cube (l0 = natural_join3(), l1 = filter([3]), l2 = summarise())
[     5.468][cube-solver-13][DEBUG] Solving cube (l0 = summarise(), l1 = filter([3]), l2 = semi_join())
[     5.474][cube-solver-9][DEBUG] Solving cube (l0 = summarise(), l1 = filter([3]), l2 = cross_join())
[     5.767][cube-solver-1][DEBUG] Initialising process for 3 lines of code.
[     5.985][cube-solver-14][DEBUG] Solving cube (l0 = natural_join4(), l1 = filter([3]), l2 = mutate())
[     5.997][cube-solver-14][DEBUG] Solving cube (l0 = summarise(), l1 = filter([3]), l2 = mutate())
[     6.478][cube-solver-0][DEBUG] Initialising process for 3 lines of code.
[     7.705][cube-solver-1][DEBUG] Solving cube (l0 = summarise(), l1 = filter([3]), l2 = unite())
[     8.195][cube-solver-0][DEBUG] Solving cube (l0 = summarise(), l1 = filter([3]), l2 = inner_join())
[    11.072][cube-solver-7][DEBUG] Solving cube (l0 = summarise(), l1 = anti_join(), l2 = filter([3]))
[    14.213][cube-solver-14][DEBUG] Solving cube (l0 = summarise(), l1 = left_join(), l2 = filter([3]))
[    18.669][cube-solver-9][DEBUG] Solving cube (l0 = summarise(), l1 = union(), l2 = filter([3]))
[    28.128][cube-solver-2][DEBUG] Initialising process for 3 lines of code.
[    29.874][cube-solver-2][DEBUG] Solving cube (l0 = summarise(), l1 = intersect(), l2 = filter([3]))
[    87.551][cube-solver-2][DEBUG] Solving cube (l0 = summarise(), l1 = semi_join(), l2 = filter([3]))
[    93.147][MainProcess][INFO] Hard problem!
[    93.149][MainProcess][DEBUG] Increasing alternate_generator loc to 4
[    93.163][cube-solver-1][DEBUG] Initialising process for 4 lines of code.
[    95.828][cube-solver-1][DEBUG] Solving cube (l0 = natural_join(), l1 = summarise(), l2 = natural_join(), l3 = filter([3]))
[    95.842][cube-solver-1][DEBUG] Solving cube (l0 = natural_join(), l1 = summarise(), l2 = natural_join3(), l3 = filter([3]))
[    95.850][cube-solver-1][DEBUG] Solving cube (l0 = natural_join(), l1 = summarise(), l2 = natural_join4(), l3 = filter([3]))
[    95.857][cube-solver-1][DEBUG] Solving cube (l0 = natural_join(), l1 = summarise(), l2 = summarise(), l3 = filter([3]))
[    95.865][cube-solver-1][DEBUG] Solving cube (l0 = natural_join(), l1 = summarise(), l2 = filter([3]), l3 = natural_join())
[    95.873][cube-solver-1][DEBUG] Solving cube (l0 = natural_join(), l1 = summarise(), l2 = filter([3]), l3 = natural_join3())
[    95.881][cube-solver-1][DEBUG] Solving cube (l0 = natural_join(), l1 = summarise(), l2 = filter([3]), l3 = natural_join4())
[    95.888][cube-solver-1][DEBUG] Solving cube (l0 = natural_join(), l1 = summarise(), l2 = filter([3]), l3 = summarise())
[    95.896][cube-solver-1][DEBUG] Solving cube (l0 = natural_join(), l1 = summarise(), l2 = filter([3]), l3 = filter([3]))
[    95.906][cube-solver-1][DEBUG] Solving cube (l0 = natural_join(), l1 = summarise(), l2 = filter([3]), l3 = anti_join())
[    95.913][cube-solver-1][DEBUG] Solving cube (l0 = natural_join(), l1 = summarise(), l2 = filter([3]), l3 = left_join())
[    95.920][cube-solver-1][DEBUG] Solving cube (l0 = natural_join(), l1 = summarise(), l2 = filter([3]), l3 = union())
[    95.927][cube-solver-1][DEBUG] Solving cube (l0 = natural_join(), l1 = summarise(), l2 = filter([3]), l3 = intersect())
[    95.933][cube-solver-1][DEBUG] Solving cube (l0 = natural_join(), l1 = summarise(), l2 = filter([3]), l3 = semi_join())
[    95.941][cube-solver-1][DEBUG] Solving cube (l0 = natural_join(), l1 = summarise(), l2 = filter([3]), l3 = cross_join())
[    95.947][cube-solver-1][DEBUG] Solving cube (l0 = natural_join(), l1 = summarise(), l2 = filter([3]), l3 = unite())
[    95.952][cube-solver-1][DEBUG] Solving cube (l0 = natural_join(), l1 = summarise(), l2 = filter([3]), l3 = mutate())
[    95.956][cube-solver-1][DEBUG] Solving cube (l0 = natural_join(), l1 = summarise(), l2 = filter([3]), l3 = inner_join())
[    95.961][cube-solver-1][DEBUG] Solving cube (l0 = natural_join(), l1 = summarise(), l2 = anti_join(), l3 = filter([3]))
[    95.966][cube-solver-1][DEBUG] Solving cube (l0 = natural_join(), l1 = summarise(), l2 = left_join(), l3 = filter([3]))
[    95.970][cube-solver-1][DEBUG] Solving cube (l0 = natural_join(), l1 = summarise(), l2 = union(), l3 = filter([3]))
[    95.975][cube-solver-1][DEBUG] Solving cube (l0 = natural_join(), l1 = summarise(), l2 = intersect(), l3 = filter([3]))
[    95.979][cube-solver-1][DEBUG] Solving cube (l0 = natural_join(), l1 = summarise(), l2 = semi_join(), l3 = filter([3]))
[    95.983][cube-solver-1][DEBUG] Solving cube (l0 = natural_join(), l1 = summarise(), l2 = cross_join(), l3 = filter([3]))
[    95.987][cube-solver-1][DEBUG] Solving cube (l0 = natural_join(), l1 = summarise(), l2 = unite(), l3 = filter([3]))
[    95.991][cube-solver-1][DEBUG] Solving cube (l0 = natural_join(), l1 = summarise(), l2 = mutate(), l3 = filter([3]))
[    95.995][cube-solver-1][DEBUG] Solving cube (l0 = natural_join(), l1 = summarise(), l2 = inner_join(), l3 = filter([3]))
[    95.999][cube-solver-1][DEBUG] Solving cube (l0 = natural_join(), l1 = filter([3]), l2 = natural_join(), l3 = summarise())
[    96.003][cube-solver-1][DEBUG] Solving cube (l0 = natural_join(), l1 = filter([3]), l2 = natural_join(), l3 = mutate())
[    96.007][cube-solver-1][DEBUG] Solving cube (l0 = natural_join(), l1 = filter([3]), l2 = natural_join3(), l3 = summarise())
[    96.011][cube-solver-1][DEBUG] Solving cube (l0 = natural_join(), l1 = filter([3]), l2 = natural_join3(), l3 = mutate())
[    96.016][cube-solver-1][DEBUG] Solving cube (l0 = natural_join(), l1 = filter([3]), l2 = natural_join4(), l3 = summarise())
[    96.020][cube-solver-1][DEBUG] Solving cube (l0 = natural_join(), l1 = filter([3]), l2 = natural_join4(), l3 = mutate())
[    96.024][cube-solver-1][DEBUG] Solving cube (l0 = natural_join(), l1 = filter([3]), l2 = summarise(), l3 = natural_join())
[    96.028][cube-solver-1][DEBUG] Solving cube (l0 = natural_join(), l1 = filter([3]), l2 = summarise(), l3 = natural_join3())
[    96.032][cube-solver-1][DEBUG] Solving cube (l0 = natural_join(), l1 = filter([3]), l2 = summarise(), l3 = natural_join4())
[    96.037][cube-solver-1][DEBUG] Solving cube (l0 = natural_join(), l1 = filter([3]), l2 = summarise(), l3 = summarise())
[    96.041][cube-solver-1][DEBUG] Solving cube (l0 = natural_join(), l1 = filter([3]), l2 = summarise(), l3 = filter([3]))
[    96.046][cube-solver-1][DEBUG] Solving cube (l0 = natural_join(), l1 = filter([3]), l2 = summarise(), l3 = anti_join())
[    96.050][cube-solver-1][DEBUG] Solving cube (l0 = natural_join(), l1 = filter([3]), l2 = summarise(), l3 = left_join())
[    96.054][cube-solver-1][DEBUG] Solving cube (l0 = natural_join(), l1 = filter([3]), l2 = summarise(), l3 = union())
[    96.059][cube-solver-1][DEBUG] Solving cube (l0 = natural_join(), l1 = filter([3]), l2 = summarise(), l3 = intersect())
[    96.063][cube-solver-1][DEBUG] Solving cube (l0 = natural_join(), l1 = filter([3]), l2 = summarise(), l3 = semi_join())
[    96.067][cube-solver-1][DEBUG] Solving cube (l0 = natural_join(), l1 = filter([3]), l2 = summarise(), l3 = cross_join())
[    96.071][cube-solver-1][DEBUG] Solving cube (l0 = natural_join(), l1 = filter([3]), l2 = summarise(), l3 = unite())
[    96.075][cube-solver-1][DEBUG] Solving cube (l0 = natural_join(), l1 = filter([3]), l2 = summarise(), l3 = mutate())
[    96.080][cube-solver-1][DEBUG] Solving cube (l0 = natural_join(), l1 = filter([3]), l2 = summarise(), l3 = inner_join())
[    96.084][cube-solver-1][DEBUG] Solving cube (l0 = natural_join(), l1 = filter([3]), l2 = filter([3]), l3 = summarise())
[    96.089][cube-solver-1][DEBUG] Solving cube (l0 = natural_join(), l1 = filter([3]), l2 = filter([3]), l3 = mutate())
[    96.094][cube-solver-1][DEBUG] Solving cube (l0 = natural_join(), l1 = filter([3]), l2 = anti_join(), l3 = summarise())
[    96.099][cube-solver-1][DEBUG] Solving cube (l0 = natural_join(), l1 = filter([3]), l2 = anti_join(), l3 = mutate())
[    96.103][cube-solver-1][DEBUG] Solving cube (l0 = natural_join(), l1 = filter([3]), l2 = left_join(), l3 = summarise())
[    96.107][cube-solver-1][DEBUG] Solving cube (l0 = natural_join(), l1 = filter([3]), l2 = left_join(), l3 = mutate())
[    96.111][cube-solver-1][DEBUG] Solving cube (l0 = natural_join(), l1 = filter([3]), l2 = union(), l3 = summarise())
[    96.115][cube-solver-1][DEBUG] Solving cube (l0 = natural_join(), l1 = filter([3]), l2 = union(), l3 = mutate())
[    96.119][cube-solver-1][DEBUG] Solving cube (l0 = natural_join(), l1 = filter([3]), l2 = intersect(), l3 = summarise())
[    96.124][cube-solver-1][DEBUG] Solving cube (l0 = natural_join(), l1 = filter([3]), l2 = intersect(), l3 = mutate())
[    96.128][cube-solver-1][DEBUG] Solving cube (l0 = natural_join(), l1 = filter([3]), l2 = semi_join(), l3 = summarise())
[    96.132][cube-solver-1][DEBUG] Solving cube (l0 = natural_join(), l1 = filter([3]), l2 = semi_join(), l3 = mutate())
[    96.136][cube-solver-1][DEBUG] Solving cube (l0 = natural_join(), l1 = filter([3]), l2 = cross_join(), l3 = summarise())
[    96.140][cube-solver-1][DEBUG] Solving cube (l0 = natural_join(), l1 = filter([3]), l2 = cross_join(), l3 = mutate())
[    96.145][cube-solver-1][DEBUG] Solving cube (l0 = natural_join(), l1 = filter([3]), l2 = unite(), l3 = summarise())
[    96.149][cube-solver-1][DEBUG] Solving cube (l0 = natural_join(), l1 = filter([3]), l2 = unite(), l3 = mutate())
[    96.153][cube-solver-1][DEBUG] Solving cube (l0 = natural_join(), l1 = filter([3]), l2 = mutate(), l3 = natural_join())
[    96.157][cube-solver-1][DEBUG] Solving cube (l0 = natural_join(), l1 = filter([3]), l2 = mutate(), l3 = natural_join3())
[    96.161][cube-solver-1][DEBUG] Solving cube (l0 = natural_join(), l1 = filter([3]), l2 = mutate(), l3 = natural_join4())
[    96.166][cube-solver-1][DEBUG] Solving cube (l0 = natural_join(), l1 = filter([3]), l2 = mutate(), l3 = summarise())
[    96.170][cube-solver-1][DEBUG] Solving cube (l0 = natural_join(), l1 = filter([3]), l2 = mutate(), l3 = filter([3]))
[    96.175][cube-solver-1][DEBUG] Solving cube (l0 = natural_join(), l1 = filter([3]), l2 = mutate(), l3 = anti_join())
[    96.179][cube-solver-1][DEBUG] Solving cube (l0 = natural_join(), l1 = filter([3]), l2 = mutate(), l3 = left_join())
[    96.183][cube-solver-1][DEBUG] Solving cube (l0 = natural_join(), l1 = filter([3]), l2 = mutate(), l3 = union())
[    96.188][cube-solver-1][DEBUG] Solving cube (l0 = natural_join(), l1 = filter([3]), l2 = mutate(), l3 = intersect())
[    96.192][cube-solver-1][DEBUG] Solving cube (l0 = natural_join(), l1 = filter([3]), l2 = mutate(), l3 = semi_join())
[    96.196][cube-solver-1][DEBUG] Solving cube (l0 = natural_join(), l1 = filter([3]), l2 = mutate(), l3 = cross_join())
[    96.200][cube-solver-1][DEBUG] Solving cube (l0 = natural_join(), l1 = filter([3]), l2 = mutate(), l3 = unite())
[    96.205][cube-solver-1][DEBUG] Solving cube (l0 = natural_join(), l1 = filter([3]), l2 = mutate(), l3 = mutate())
[    96.209][cube-solver-1][DEBUG] Solving cube (l0 = natural_join(), l1 = filter([3]), l2 = mutate(), l3 = inner_join())
[    96.213][cube-solver-1][DEBUG] Solving cube (l0 = natural_join(), l1 = filter([3]), l2 = inner_join(), l3 = summarise())
[    96.219][cube-solver-1][DEBUG] Solving cube (l0 = natural_join(), l1 = filter([3]), l2 = inner_join(), l3 = mutate())
[    96.226][cube-solver-1][DEBUG] Solving cube (l0 = natural_join(), l1 = anti_join(), l2 = summarise(), l3 = filter([3]))
[    96.232][cube-solver-1][DEBUG] Solving cube (l0 = natural_join(), l1 = anti_join(), l2 = filter([3]), l3 = summarise())
[    96.236][cube-solver-1][DEBUG] Solving cube (l0 = natural_join(), l1 = anti_join(), l2 = filter([3]), l3 = mutate())
[    96.240][cube-solver-1][DEBUG] Solving cube (l0 = natural_join(), l1 = anti_join(), l2 = mutate(), l3 = filter([3]))
[    96.244][cube-solver-1][DEBUG] Solving cube (l0 = natural_join(), l1 = left_join(), l2 = summarise(), l3 = filter([3]))
[    96.248][cube-solver-1][DEBUG] Solving cube (l0 = natural_join(), l1 = left_join(), l2 = filter([3]), l3 = summarise())
[    96.253][cube-solver-1][DEBUG] Solving cube (l0 = natural_join(), l1 = left_join(), l2 = filter([3]), l3 = mutate())
[    96.257][cube-solver-1][DEBUG] Solving cube (l0 = natural_join(), l1 = left_join(), l2 = mutate(), l3 = filter([3]))
[    96.261][cube-solver-1][DEBUG] Solving cube (l0 = natural_join(), l1 = union(), l2 = summarise(), l3 = filter([3]))
[    96.265][cube-solver-1][DEBUG] Solving cube (l0 = natural_join(), l1 = union(), l2 = filter([3]), l3 = summarise())
[    96.269][cube-solver-1][DEBUG] Solving cube (l0 = natural_join(), l1 = union(), l2 = filter([3]), l3 = mutate())
[    96.273][cube-solver-1][DEBUG] Solving cube (l0 = natural_join(), l1 = union(), l2 = mutate(), l3 = filter([3]))
[    96.278][cube-solver-1][DEBUG] Solving cube (l0 = natural_join(), l1 = intersect(), l2 = summarise(), l3 = filter([3]))
[    96.282][cube-solver-1][DEBUG] Solving cube (l0 = natural_join(), l1 = intersect(), l2 = filter([3]), l3 = summarise())
[    96.286][cube-solver-1][DEBUG] Solving cube (l0 = natural_join(), l1 = intersect(), l2 = filter([3]), l3 = mutate())
[    96.291][cube-solver-1][DEBUG] Solving cube (l0 = natural_join(), l1 = intersect(), l2 = mutate(), l3 = filter([3]))
[    96.295][cube-solver-1][DEBUG] Solving cube (l0 = natural_join(), l1 = semi_join(), l2 = summarise(), l3 = filter([3]))
[    96.300][cube-solver-1][DEBUG] Solving cube (l0 = natural_join(), l1 = semi_join(), l2 = filter([3]), l3 = summarise())
[    96.304][cube-solver-1][DEBUG] Solving cube (l0 = natural_join(), l1 = semi_join(), l2 = filter([3]), l3 = mutate())
[    96.308][cube-solver-1][DEBUG] Solving cube (l0 = natural_join(), l1 = semi_join(), l2 = mutate(), l3 = filter([3]))
[    96.313][cube-solver-1][DEBUG] Solving cube (l0 = natural_join(), l1 = cross_join(), l2 = summarise(), l3 = filter([3]))
[    96.317][cube-solver-1][DEBUG] Solving cube (l0 = natural_join(), l1 = cross_join(), l2 = filter([3]), l3 = summarise())
[    96.321][cube-solver-1][DEBUG] Solving cube (l0 = natural_join(), l1 = cross_join(), l2 = filter([3]), l3 = mutate())
[    96.325][cube-solver-1][DEBUG] Solving cube (l0 = natural_join(), l1 = cross_join(), l2 = mutate(), l3 = filter([3]))
[    96.330][cube-solver-1][DEBUG] Solving cube (l0 = natural_join(), l1 = unite(), l2 = summarise(), l3 = filter([3]))
[    96.334][cube-solver-1][DEBUG] Solving cube (l0 = natural_join(), l1 = unite(), l2 = filter([3]), l3 = summarise())
[    96.338][cube-solver-1][DEBUG] Solving cube (l0 = natural_join(), l1 = unite(), l2 = filter([3]), l3 = mutate())
[    96.343][cube-solver-1][DEBUG] Solving cube (l0 = natural_join(), l1 = unite(), l2 = mutate(), l3 = filter([3]))
[    96.347][cube-solver-1][DEBUG] Solving cube (l0 = natural_join(), l1 = mutate(), l2 = natural_join(), l3 = filter([3]))
[    96.351][cube-solver-1][DEBUG] Solving cube (l0 = natural_join(), l1 = mutate(), l2 = natural_join3(), l3 = filter([3]))
[    96.355][cube-solver-1][DEBUG] Solving cube (l0 = natural_join(), l1 = mutate(), l2 = natural_join4(), l3 = filter([3]))
[    96.359][cube-solver-1][DEBUG] Solving cube (l0 = natural_join(), l1 = mutate(), l2 = summarise(), l3 = filter([3]))
[    96.363][cube-solver-1][DEBUG] Solving cube (l0 = natural_join(), l1 = mutate(), l2 = filter([3]), l3 = natural_join())
[    96.368][cube-solver-1][DEBUG] Solving cube (l0 = natural_join(), l1 = mutate(), l2 = filter([3]), l3 = natural_join3())
[    96.372][cube-solver-1][DEBUG] Solving cube (l0 = natural_join(), l1 = mutate(), l2 = filter([3]), l3 = natural_join4())
[    96.376][cube-solver-1][DEBUG] Solving cube (l0 = natural_join(), l1 = mutate(), l2 = filter([3]), l3 = summarise())
[    96.380][cube-solver-1][DEBUG] Solving cube (l0 = natural_join(), l1 = mutate(), l2 = filter([3]), l3 = filter([3]))
[    96.385][cube-solver-1][DEBUG] Solving cube (l0 = natural_join(), l1 = mutate(), l2 = filter([3]), l3 = anti_join())
[    96.389][cube-solver-1][DEBUG] Solving cube (l0 = natural_join(), l1 = mutate(), l2 = filter([3]), l3 = left_join())
[    96.394][cube-solver-1][DEBUG] Solving cube (l0 = natural_join(), l1 = mutate(), l2 = filter([3]), l3 = union())
[    96.398][cube-solver-1][DEBUG] Solving cube (l0 = natural_join(), l1 = mutate(), l2 = filter([3]), l3 = intersect())
[    96.402][cube-solver-1][DEBUG] Solving cube (l0 = natural_join(), l1 = mutate(), l2 = filter([3]), l3 = semi_join())
[    96.406][cube-solver-1][DEBUG] Solving cube (l0 = natural_join(), l1 = mutate(), l2 = filter([3]), l3 = cross_join())
[    96.411][cube-solver-1][DEBUG] Solving cube (l0 = natural_join(), l1 = mutate(), l2 = filter([3]), l3 = unite())
[    96.415][cube-solver-1][DEBUG] Solving cube (l0 = natural_join(), l1 = mutate(), l2 = filter([3]), l3 = mutate())
[    96.419][cube-solver-1][DEBUG] Solving cube (l0 = natural_join(), l1 = mutate(), l2 = filter([3]), l3 = inner_join())
[    96.423][cube-solver-1][DEBUG] Solving cube (l0 = natural_join(), l1 = mutate(), l2 = anti_join(), l3 = filter([3]))
[    96.427][cube-solver-1][DEBUG] Solving cube (l0 = natural_join(), l1 = mutate(), l2 = left_join(), l3 = filter([3]))
[    96.431][cube-solver-1][DEBUG] Solving cube (l0 = natural_join(), l1 = mutate(), l2 = union(), l3 = filter([3]))
[    96.435][cube-solver-1][DEBUG] Solving cube (l0 = natural_join(), l1 = mutate(), l2 = intersect(), l3 = filter([3]))
[    96.439][cube-solver-1][DEBUG] Solving cube (l0 = natural_join(), l1 = mutate(), l2 = semi_join(), l3 = filter([3]))
[    96.443][cube-solver-1][DEBUG] Solving cube (l0 = natural_join(), l1 = mutate(), l2 = cross_join(), l3 = filter([3]))
[    96.447][cube-solver-1][DEBUG] Solving cube (l0 = natural_join(), l1 = mutate(), l2 = unite(), l3 = filter([3]))
[    96.451][cube-solver-1][DEBUG] Solving cube (l0 = natural_join(), l1 = mutate(), l2 = mutate(), l3 = filter([3]))
[    96.455][cube-solver-1][DEBUG] Solving cube (l0 = natural_join(), l1 = mutate(), l2 = inner_join(), l3 = filter([3]))
[    96.459][cube-solver-1][DEBUG] Solving cube (l0 = natural_join(), l1 = inner_join(), l2 = summarise(), l3 = filter([3]))
[    96.463][cube-solver-1][DEBUG] Solving cube (l0 = natural_join(), l1 = inner_join(), l2 = filter([3]), l3 = summarise())
[    96.467][cube-solver-1][DEBUG] Solving cube (l0 = natural_join(), l1 = inner_join(), l2 = filter([3]), l3 = mutate())
[    96.471][cube-solver-1][DEBUG] Solving cube (l0 = natural_join(), l1 = inner_join(), l2 = mutate(), l3 = filter([3]))
[    96.475][cube-solver-1][DEBUG] Solving cube (l0 = natural_join(), l1 = natural_join(), l2 = summarise(), l3 = filter([3]))
[    96.479][cube-solver-1][DEBUG] Solving cube (l0 = natural_join(), l1 = natural_join(), l2 = filter([3]), l3 = summarise())
[    96.484][cube-solver-1][DEBUG] Solving cube (l0 = natural_join(), l1 = natural_join(), l2 = filter([3]), l3 = mutate())
[    96.488][cube-solver-1][DEBUG] Solving cube (l0 = natural_join(), l1 = natural_join(), l2 = mutate(), l3 = filter([3]))
[    96.492][cube-solver-1][DEBUG] Solving cube (l0 = natural_join(), l1 = natural_join3(), l2 = summarise(), l3 = filter([3]))
[    96.496][cube-solver-1][DEBUG] Solving cube (l0 = natural_join(), l1 = natural_join3(), l2 = filter([3]), l3 = summarise())
[    96.500][cube-solver-1][DEBUG] Solving cube (l0 = natural_join(), l1 = natural_join3(), l2 = filter([3]), l3 = mutate())
[    96.504][cube-solver-1][DEBUG] Solving cube (l0 = natural_join(), l1 = natural_join3(), l2 = mutate(), l3 = filter([3]))
[    96.508][cube-solver-1][DEBUG] Solving cube (l0 = natural_join(), l1 = natural_join4(), l2 = summarise(), l3 = filter([3]))
[    96.512][cube-solver-1][DEBUG] Solving cube (l0 = natural_join(), l1 = natural_join4(), l2 = filter([3]), l3 = summarise())
[    96.516][cube-solver-1][DEBUG] Solving cube (l0 = natural_join(), l1 = natural_join4(), l2 = filter([3]), l3 = mutate())
[    96.521][cube-solver-1][DEBUG] Solving cube (l0 = natural_join(), l1 = natural_join4(), l2 = mutate(), l3 = filter([3]))
[    96.525][cube-solver-1][DEBUG] Solving cube (l0 = natural_join3(), l1 = summarise(), l2 = natural_join(), l3 = filter([3]))
[    96.529][cube-solver-1][DEBUG] Solving cube (l0 = natural_join3(), l1 = summarise(), l2 = natural_join3(), l3 = filter([3]))
[    96.533][cube-solver-1][DEBUG] Solving cube (l0 = natural_join3(), l1 = summarise(), l2 = natural_join4(), l3 = filter([3]))
[    96.537][cube-solver-1][DEBUG] Solving cube (l0 = natural_join3(), l1 = summarise(), l2 = summarise(), l3 = filter([3]))
[    96.541][cube-solver-1][DEBUG] Solving cube (l0 = natural_join3(), l1 = summarise(), l2 = filter([3]), l3 = natural_join())
[    96.545][cube-solver-1][DEBUG] Solving cube (l0 = natural_join3(), l1 = summarise(), l2 = filter([3]), l3 = natural_join3())
[    96.549][cube-solver-1][DEBUG] Solving cube (l0 = natural_join3(), l1 = summarise(), l2 = filter([3]), l3 = natural_join4())
[    96.553][cube-solver-1][DEBUG] Solving cube (l0 = natural_join3(), l1 = summarise(), l2 = filter([3]), l3 = summarise())
[    96.557][cube-solver-1][DEBUG] Solving cube (l0 = natural_join3(), l1 = summarise(), l2 = filter([3]), l3 = filter([3]))
[    96.562][cube-solver-1][DEBUG] Solving cube (l0 = natural_join3(), l1 = summarise(), l2 = filter([3]), l3 = anti_join())
[    96.567][cube-solver-1][DEBUG] Solving cube (l0 = natural_join3(), l1 = summarise(), l2 = filter([3]), l3 = left_join())
[    96.571][cube-solver-1][DEBUG] Solving cube (l0 = natural_join3(), l1 = summarise(), l2 = filter([3]), l3 = union())
[    96.575][cube-solver-1][DEBUG] Solving cube (l0 = natural_join3(), l1 = summarise(), l2 = filter([3]), l3 = intersect())
[    96.579][cube-solver-1][DEBUG] Solving cube (l0 = natural_join3(), l1 = summarise(), l2 = filter([3]), l3 = semi_join())
[    96.583][cube-solver-1][DEBUG] Solving cube (l0 = natural_join3(), l1 = summarise(), l2 = filter([3]), l3 = cross_join())
[    96.588][cube-solver-1][DEBUG] Solving cube (l0 = natural_join3(), l1 = summarise(), l2 = filter([3]), l3 = unite())
[    96.592][cube-solver-1][DEBUG] Solving cube (l0 = natural_join3(), l1 = summarise(), l2 = filter([3]), l3 = mutate())
[    96.596][cube-solver-1][DEBUG] Solving cube (l0 = natural_join3(), l1 = summarise(), l2 = filter([3]), l3 = inner_join())
[    96.600][cube-solver-1][DEBUG] Solving cube (l0 = natural_join3(), l1 = summarise(), l2 = anti_join(), l3 = filter([3]))
[    96.604][cube-solver-1][DEBUG] Solving cube (l0 = natural_join3(), l1 = summarise(), l2 = left_join(), l3 = filter([3]))
[    96.608][cube-solver-1][DEBUG] Solving cube (l0 = natural_join3(), l1 = summarise(), l2 = union(), l3 = filter([3]))
[    96.612][cube-solver-1][DEBUG] Solving cube (l0 = natural_join3(), l1 = summarise(), l2 = intersect(), l3 = filter([3]))
[    96.616][cube-solver-1][DEBUG] Solving cube (l0 = natural_join3(), l1 = summarise(), l2 = semi_join(), l3 = filter([3]))
[    96.620][cube-solver-1][DEBUG] Solving cube (l0 = natural_join3(), l1 = summarise(), l2 = cross_join(), l3 = filter([3]))
[    96.624][cube-solver-1][DEBUG] Solving cube (l0 = natural_join3(), l1 = summarise(), l2 = unite(), l3 = filter([3]))
[    96.628][cube-solver-1][DEBUG] Solving cube (l0 = natural_join3(), l1 = summarise(), l2 = mutate(), l3 = filter([3]))
[    96.632][cube-solver-1][DEBUG] Solving cube (l0 = natural_join3(), l1 = summarise(), l2 = inner_join(), l3 = filter([3]))
[    96.636][cube-solver-1][DEBUG] Solving cube (l0 = natural_join3(), l1 = filter([3]), l2 = natural_join(), l3 = summarise())
[    96.640][cube-solver-1][DEBUG] Solving cube (l0 = natural_join3(), l1 = filter([3]), l2 = natural_join(), l3 = mutate())
[    96.644][cube-solver-1][DEBUG] Solving cube (l0 = natural_join3(), l1 = filter([3]), l2 = natural_join3(), l3 = summarise())
[    96.648][cube-solver-1][DEBUG] Solving cube (l0 = natural_join3(), l1 = filter([3]), l2 = natural_join3(), l3 = mutate())
[    96.653][cube-solver-1][DEBUG] Solving cube (l0 = natural_join3(), l1 = filter([3]), l2 = natural_join4(), l3 = summarise())
[    96.657][cube-solver-1][DEBUG] Solving cube (l0 = natural_join3(), l1 = filter([3]), l2 = natural_join4(), l3 = mutate())
[    96.661][cube-solver-1][DEBUG] Solving cube (l0 = natural_join3(), l1 = filter([3]), l2 = summarise(), l3 = natural_join())
[    96.665][cube-solver-1][DEBUG] Solving cube (l0 = natural_join3(), l1 = filter([3]), l2 = summarise(), l3 = natural_join3())
[    96.669][cube-solver-1][DEBUG] Solving cube (l0 = natural_join3(), l1 = filter([3]), l2 = summarise(), l3 = natural_join4())
[    96.673][cube-solver-1][DEBUG] Solving cube (l0 = natural_join3(), l1 = filter([3]), l2 = summarise(), l3 = summarise())
[    96.677][cube-solver-1][DEBUG] Solving cube (l0 = natural_join3(), l1 = filter([3]), l2 = summarise(), l3 = filter([3]))
[    96.682][cube-solver-1][DEBUG] Solving cube (l0 = natural_join3(), l1 = filter([3]), l2 = summarise(), l3 = anti_join())
[    96.687][cube-solver-1][DEBUG] Solving cube (l0 = natural_join3(), l1 = filter([3]), l2 = summarise(), l3 = left_join())
[    96.691][cube-solver-1][DEBUG] Solving cube (l0 = natural_join3(), l1 = filter([3]), l2 = summarise(), l3 = union())
[    96.695][cube-solver-1][DEBUG] Solving cube (l0 = natural_join3(), l1 = filter([3]), l2 = summarise(), l3 = intersect())
[    96.699][cube-solver-1][DEBUG] Solving cube (l0 = natural_join3(), l1 = filter([3]), l2 = summarise(), l3 = semi_join())
[    96.703][cube-solver-1][DEBUG] Solving cube (l0 = natural_join3(), l1 = filter([3]), l2 = summarise(), l3 = cross_join())
[    96.708][cube-solver-1][DEBUG] Solving cube (l0 = natural_join3(), l1 = filter([3]), l2 = summarise(), l3 = unite())
[    96.712][cube-solver-1][DEBUG] Solving cube (l0 = natural_join3(), l1 = filter([3]), l2 = summarise(), l3 = mutate())
[    96.716][cube-solver-1][DEBUG] Solving cube (l0 = natural_join3(), l1 = filter([3]), l2 = summarise(), l3 = inner_join())
[    96.720][cube-solver-1][DEBUG] Solving cube (l0 = natural_join3(), l1 = filter([3]), l2 = filter([3]), l3 = summarise())
[    96.725][cube-solver-1][DEBUG] Solving cube (l0 = natural_join3(), l1 = filter([3]), l2 = filter([3]), l3 = mutate())
[    96.730][cube-solver-1][DEBUG] Solving cube (l0 = natural_join3(), l1 = filter([3]), l2 = anti_join(), l3 = summarise())
[    96.735][cube-solver-1][DEBUG] Solving cube (l0 = natural_join3(), l1 = filter([3]), l2 = anti_join(), l3 = mutate())
[    96.739][cube-solver-1][DEBUG] Solving cube (l0 = natural_join3(), l1 = filter([3]), l2 = left_join(), l3 = summarise())
[    96.743][cube-solver-1][DEBUG] Solving cube (l0 = natural_join3(), l1 = filter([3]), l2 = left_join(), l3 = mutate())
[    96.747][cube-solver-1][DEBUG] Solving cube (l0 = natural_join3(), l1 = filter([3]), l2 = union(), l3 = summarise())
[    96.751][cube-solver-1][DEBUG] Solving cube (l0 = natural_join3(), l1 = filter([3]), l2 = union(), l3 = mutate())
[    96.756][cube-solver-1][DEBUG] Solving cube (l0 = natural_join3(), l1 = filter([3]), l2 = intersect(), l3 = summarise())
[    96.760][cube-solver-1][DEBUG] Solving cube (l0 = natural_join3(), l1 = filter([3]), l2 = intersect(), l3 = mutate())
[    96.764][cube-solver-1][DEBUG] Solving cube (l0 = natural_join3(), l1 = filter([3]), l2 = semi_join(), l3 = summarise())
[    96.769][cube-solver-1][DEBUG] Solving cube (l0 = natural_join3(), l1 = filter([3]), l2 = semi_join(), l3 = mutate())
[    96.773][cube-solver-1][DEBUG] Solving cube (l0 = natural_join3(), l1 = filter([3]), l2 = cross_join(), l3 = summarise())
[    96.777][cube-solver-1][DEBUG] Solving cube (l0 = natural_join3(), l1 = filter([3]), l2 = cross_join(), l3 = mutate())
[    96.781][cube-solver-1][DEBUG] Solving cube (l0 = natural_join3(), l1 = filter([3]), l2 = unite(), l3 = summarise())
[    96.786][cube-solver-1][DEBUG] Solving cube (l0 = natural_join3(), l1 = filter([3]), l2 = unite(), l3 = mutate())
[    96.790][cube-solver-1][DEBUG] Solving cube (l0 = natural_join3(), l1 = filter([3]), l2 = mutate(), l3 = natural_join())
[    96.794][cube-solver-1][DEBUG] Solving cube (l0 = natural_join3(), l1 = filter([3]), l2 = mutate(), l3 = natural_join3())
[    96.798][cube-solver-1][DEBUG] Solving cube (l0 = natural_join3(), l1 = filter([3]), l2 = mutate(), l3 = natural_join4())
[    96.802][cube-solver-1][DEBUG] Solving cube (l0 = natural_join3(), l1 = filter([3]), l2 = mutate(), l3 = summarise())
[    96.807][cube-solver-1][DEBUG] Solving cube (l0 = natural_join3(), l1 = filter([3]), l2 = mutate(), l3 = filter([3]))
[    96.812][cube-solver-1][DEBUG] Solving cube (l0 = natural_join3(), l1 = filter([3]), l2 = mutate(), l3 = anti_join())
[    96.816][cube-solver-1][DEBUG] Solving cube (l0 = natural_join3(), l1 = filter([3]), l2 = mutate(), l3 = left_join())
[    96.820][cube-solver-1][DEBUG] Solving cube (l0 = natural_join3(), l1 = filter([3]), l2 = mutate(), l3 = union())
[    96.824][cube-solver-1][DEBUG] Solving cube (l0 = natural_join3(), l1 = filter([3]), l2 = mutate(), l3 = intersect())
[    96.829][cube-solver-1][DEBUG] Solving cube (l0 = natural_join3(), l1 = filter([3]), l2 = mutate(), l3 = semi_join())
[    96.833][cube-solver-1][DEBUG] Solving cube (l0 = natural_join3(), l1 = filter([3]), l2 = mutate(), l3 = cross_join())
[    96.837][cube-solver-1][DEBUG] Solving cube (l0 = natural_join3(), l1 = filter([3]), l2 = mutate(), l3 = unite())
[    96.841][cube-solver-1][DEBUG] Solving cube (l0 = natural_join3(), l1 = filter([3]), l2 = mutate(), l3 = mutate())
[    96.846][cube-solver-1][DEBUG] Solving cube (l0 = natural_join3(), l1 = filter([3]), l2 = mutate(), l3 = inner_join())
[    96.850][cube-solver-1][DEBUG] Solving cube (l0 = natural_join3(), l1 = filter([3]), l2 = inner_join(), l3 = summarise())
[    96.854][cube-solver-1][DEBUG] Solving cube (l0 = natural_join3(), l1 = filter([3]), l2 = inner_join(), l3 = mutate())
[    96.858][cube-solver-1][DEBUG] Solving cube (l0 = natural_join3(), l1 = anti_join(), l2 = summarise(), l3 = filter([3]))
[    96.863][cube-solver-1][DEBUG] Solving cube (l0 = natural_join3(), l1 = anti_join(), l2 = filter([3]), l3 = summarise())
[    96.867][cube-solver-1][DEBUG] Solving cube (l0 = natural_join3(), l1 = anti_join(), l2 = filter([3]), l3 = mutate())
[    96.871][cube-solver-1][DEBUG] Solving cube (l0 = natural_join3(), l1 = anti_join(), l2 = mutate(), l3 = filter([3]))
[    96.875][cube-solver-1][DEBUG] Solving cube (l0 = natural_join3(), l1 = left_join(), l2 = summarise(), l3 = filter([3]))
[    96.879][cube-solver-1][DEBUG] Solving cube (l0 = natural_join3(), l1 = left_join(), l2 = filter([3]), l3 = summarise())
[    96.883][cube-solver-1][DEBUG] Solving cube (l0 = natural_join3(), l1 = left_join(), l2 = filter([3]), l3 = mutate())
[    96.887][cube-solver-1][DEBUG] Solving cube (l0 = natural_join3(), l1 = left_join(), l2 = mutate(), l3 = filter([3]))
[    96.891][cube-solver-1][DEBUG] Solving cube (l0 = natural_join3(), l1 = union(), l2 = summarise(), l3 = filter([3]))
[    96.895][cube-solver-1][DEBUG] Solving cube (l0 = natural_join3(), l1 = union(), l2 = filter([3]), l3 = summarise())
[    96.900][cube-solver-1][DEBUG] Solving cube (l0 = natural_join3(), l1 = union(), l2 = filter([3]), l3 = mutate())
[    96.904][cube-solver-1][DEBUG] Solving cube (l0 = natural_join3(), l1 = union(), l2 = mutate(), l3 = filter([3]))
[    96.908][cube-solver-1][DEBUG] Solving cube (l0 = natural_join3(), l1 = intersect(), l2 = summarise(), l3 = filter([3]))
[    96.912][cube-solver-1][DEBUG] Solving cube (l0 = natural_join3(), l1 = intersect(), l2 = filter([3]), l3 = summarise())
[    96.916][cube-solver-1][DEBUG] Solving cube (l0 = natural_join3(), l1 = intersect(), l2 = filter([3]), l3 = mutate())
[    96.920][cube-solver-1][DEBUG] Solving cube (l0 = natural_join3(), l1 = intersect(), l2 = mutate(), l3 = filter([3]))
[    96.924][cube-solver-1][DEBUG] Solving cube (l0 = natural_join3(), l1 = semi_join(), l2 = summarise(), l3 = filter([3]))
[    96.928][cube-solver-1][DEBUG] Solving cube (l0 = natural_join3(), l1 = semi_join(), l2 = filter([3]), l3 = summarise())
[    96.932][cube-solver-1][DEBUG] Solving cube (l0 = natural_join3(), l1 = semi_join(), l2 = filter([3]), l3 = mutate())
[    96.937][cube-solver-1][DEBUG] Solving cube (l0 = natural_join3(), l1 = semi_join(), l2 = mutate(), l3 = filter([3]))
[    96.941][cube-solver-1][DEBUG] Solving cube (l0 = natural_join3(), l1 = cross_join(), l2 = summarise(), l3 = filter([3]))
[    96.945][cube-solver-1][DEBUG] Solving cube (l0 = natural_join3(), l1 = cross_join(), l2 = filter([3]), l3 = summarise())
[    96.949][cube-solver-1][DEBUG] Solving cube (l0 = natural_join3(), l1 = cross_join(), l2 = filter([3]), l3 = mutate())
[    96.953][cube-solver-1][DEBUG] Solving cube (l0 = natural_join3(), l1 = cross_join(), l2 = mutate(), l3 = filter([3]))
[    96.957][cube-solver-1][DEBUG] Solving cube (l0 = natural_join3(), l1 = unite(), l2 = summarise(), l3 = filter([3]))
[    96.961][cube-solver-1][DEBUG] Solving cube (l0 = natural_join3(), l1 = unite(), l2 = filter([3]), l3 = summarise())
[    96.965][cube-solver-1][DEBUG] Solving cube (l0 = natural_join3(), l1 = unite(), l2 = filter([3]), l3 = mutate())
[    96.969][cube-solver-1][DEBUG] Solving cube (l0 = natural_join3(), l1 = unite(), l2 = mutate(), l3 = filter([3]))
[    96.973][cube-solver-1][DEBUG] Solving cube (l0 = natural_join3(), l1 = mutate(), l2 = natural_join(), l3 = filter([3]))
[    96.978][cube-solver-1][DEBUG] Solving cube (l0 = natural_join3(), l1 = mutate(), l2 = natural_join3(), l3 = filter([3]))
[    96.982][cube-solver-1][DEBUG] Solving cube (l0 = natural_join3(), l1 = mutate(), l2 = natural_join4(), l3 = filter([3]))
[    96.986][cube-solver-1][DEBUG] Solving cube (l0 = natural_join3(), l1 = mutate(), l2 = summarise(), l3 = filter([3]))
[    96.990][cube-solver-1][DEBUG] Solving cube (l0 = natural_join3(), l1 = mutate(), l2 = filter([3]), l3 = natural_join())
[    96.994][cube-solver-1][DEBUG] Solving cube (l0 = natural_join3(), l1 = mutate(), l2 = filter([3]), l3 = natural_join3())
[    96.998][cube-solver-1][DEBUG] Solving cube (l0 = natural_join3(), l1 = mutate(), l2 = filter([3]), l3 = natural_join4())
[    97.002][cube-solver-1][DEBUG] Solving cube (l0 = natural_join3(), l1 = mutate(), l2 = filter([3]), l3 = summarise())
[    97.006][cube-solver-1][DEBUG] Solving cube (l0 = natural_join3(), l1 = mutate(), l2 = filter([3]), l3 = filter([3]))
[    97.011][cube-solver-1][DEBUG] Solving cube (l0 = natural_join3(), l1 = mutate(), l2 = filter([3]), l3 = anti_join())
[    97.016][cube-solver-1][DEBUG] Solving cube (l0 = natural_join3(), l1 = mutate(), l2 = filter([3]), l3 = left_join())
[    97.020][cube-solver-1][DEBUG] Solving cube (l0 = natural_join3(), l1 = mutate(), l2 = filter([3]), l3 = union())
[    97.024][cube-solver-1][DEBUG] Solving cube (l0 = natural_join3(), l1 = mutate(), l2 = filter([3]), l3 = intersect())
[    97.028][cube-solver-1][DEBUG] Solving cube (l0 = natural_join3(), l1 = mutate(), l2 = filter([3]), l3 = semi_join())
[    97.032][cube-solver-1][DEBUG] Solving cube (l0 = natural_join3(), l1 = mutate(), l2 = filter([3]), l3 = cross_join())
[    97.036][cube-solver-1][DEBUG] Solving cube (l0 = natural_join3(), l1 = mutate(), l2 = filter([3]), l3 = unite())
[    97.041][cube-solver-1][DEBUG] Solving cube (l0 = natural_join3(), l1 = mutate(), l2 = filter([3]), l3 = mutate())
[    97.045][cube-solver-1][DEBUG] Solving cube (l0 = natural_join3(), l1 = mutate(), l2 = filter([3]), l3 = inner_join())
[    97.049][cube-solver-1][DEBUG] Solving cube (l0 = natural_join3(), l1 = mutate(), l2 = anti_join(), l3 = filter([3]))
[    97.053][cube-solver-1][DEBUG] Solving cube (l0 = natural_join3(), l1 = mutate(), l2 = left_join(), l3 = filter([3]))
[    97.057][cube-solver-1][DEBUG] Solving cube (l0 = natural_join3(), l1 = mutate(), l2 = union(), l3 = filter([3]))
[    97.061][cube-solver-1][DEBUG] Solving cube (l0 = natural_join3(), l1 = mutate(), l2 = intersect(), l3 = filter([3]))
[    97.065][cube-solver-1][DEBUG] Solving cube (l0 = natural_join3(), l1 = mutate(), l2 = semi_join(), l3 = filter([3]))
[    97.069][cube-solver-1][DEBUG] Solving cube (l0 = natural_join3(), l1 = mutate(), l2 = cross_join(), l3 = filter([3]))
[    97.073][cube-solver-1][DEBUG] Solving cube (l0 = natural_join3(), l1 = mutate(), l2 = unite(), l3 = filter([3]))
[    97.077][cube-solver-1][DEBUG] Solving cube (l0 = natural_join3(), l1 = mutate(), l2 = mutate(), l3 = filter([3]))
[    97.081][cube-solver-1][DEBUG] Solving cube (l0 = natural_join3(), l1 = mutate(), l2 = inner_join(), l3 = filter([3]))
[    97.085][cube-solver-1][DEBUG] Solving cube (l0 = natural_join3(), l1 = inner_join(), l2 = summarise(), l3 = filter([3]))
[    97.090][cube-solver-1][DEBUG] Solving cube (l0 = natural_join3(), l1 = inner_join(), l2 = filter([3]), l3 = summarise())
[    97.094][cube-solver-1][DEBUG] Solving cube (l0 = natural_join3(), l1 = inner_join(), l2 = filter([3]), l3 = mutate())
[    97.099][cube-solver-1][DEBUG] Solving cube (l0 = natural_join3(), l1 = inner_join(), l2 = mutate(), l3 = filter([3]))
[    97.103][cube-solver-1][DEBUG] Solving cube (l0 = natural_join3(), l1 = natural_join(), l2 = summarise(), l3 = filter([3]))
[    97.107][cube-solver-1][DEBUG] Solving cube (l0 = natural_join3(), l1 = natural_join(), l2 = filter([3]), l3 = summarise())
[    97.111][cube-solver-1][DEBUG] Solving cube (l0 = natural_join3(), l1 = natural_join(), l2 = filter([3]), l3 = mutate())
[    97.116][cube-solver-1][DEBUG] Solving cube (l0 = natural_join3(), l1 = natural_join(), l2 = mutate(), l3 = filter([3]))
[    97.120][cube-solver-1][DEBUG] Solving cube (l0 = natural_join3(), l1 = natural_join3(), l2 = summarise(), l3 = filter([3]))
[    97.124][cube-solver-1][DEBUG] Solving cube (l0 = natural_join3(), l1 = natural_join3(), l2 = filter([3]), l3 = summarise())
[    97.129][cube-solver-1][DEBUG] Solving cube (l0 = natural_join3(), l1 = natural_join3(), l2 = filter([3]), l3 = mutate())
[    97.133][cube-solver-1][DEBUG] Solving cube (l0 = natural_join3(), l1 = natural_join3(), l2 = mutate(), l3 = filter([3]))
[    97.138][cube-solver-1][DEBUG] Solving cube (l0 = natural_join3(), l1 = natural_join4(), l2 = summarise(), l3 = filter([3]))
[    97.142][cube-solver-1][DEBUG] Solving cube (l0 = natural_join3(), l1 = natural_join4(), l2 = filter([3]), l3 = summarise())
[    97.146][cube-solver-1][DEBUG] Solving cube (l0 = natural_join3(), l1 = natural_join4(), l2 = filter([3]), l3 = mutate())
[    97.151][cube-solver-1][DEBUG] Solving cube (l0 = natural_join3(), l1 = natural_join4(), l2 = mutate(), l3 = filter([3]))
[    97.155][cube-solver-1][DEBUG] Solving cube (l0 = natural_join4(), l1 = summarise(), l2 = natural_join(), l3 = filter([3]))
[    97.159][cube-solver-1][DEBUG] Solving cube (l0 = natural_join4(), l1 = summarise(), l2 = natural_join3(), l3 = filter([3]))
[    97.163][cube-solver-1][DEBUG] Solving cube (l0 = natural_join4(), l1 = summarise(), l2 = natural_join4(), l3 = filter([3]))
[    97.167][cube-solver-1][DEBUG] Solving cube (l0 = natural_join4(), l1 = summarise(), l2 = summarise(), l3 = filter([3]))
[    97.172][cube-solver-1][DEBUG] Solving cube (l0 = natural_join4(), l1 = summarise(), l2 = filter([3]), l3 = natural_join())
[    97.176][cube-solver-1][DEBUG] Solving cube (l0 = natural_join4(), l1 = summarise(), l2 = filter([3]), l3 = natural_join3())
[    97.180][cube-solver-1][DEBUG] Solving cube (l0 = natural_join4(), l1 = summarise(), l2 = filter([3]), l3 = natural_join4())
[    97.185][cube-solver-1][DEBUG] Solving cube (l0 = natural_join4(), l1 = summarise(), l2 = filter([3]), l3 = summarise())
[    97.189][cube-solver-1][DEBUG] Solving cube (l0 = natural_join4(), l1 = summarise(), l2 = filter([3]), l3 = filter([3]))
[    97.194][cube-solver-1][DEBUG] Solving cube (l0 = natural_join4(), l1 = summarise(), l2 = filter([3]), l3 = anti_join())
[    97.199][cube-solver-1][DEBUG] Solving cube (l0 = natural_join4(), l1 = summarise(), l2 = filter([3]), l3 = left_join())
[    97.203][cube-solver-1][DEBUG] Solving cube (l0 = natural_join4(), l1 = summarise(), l2 = filter([3]), l3 = union())
[    97.207][cube-solver-1][DEBUG] Solving cube (l0 = natural_join4(), l1 = summarise(), l2 = filter([3]), l3 = intersect())
[    97.212][cube-solver-1][DEBUG] Solving cube (l0 = natural_join4(), l1 = summarise(), l2 = filter([3]), l3 = semi_join())
[    97.216][cube-solver-1][DEBUG] Solving cube (l0 = natural_join4(), l1 = summarise(), l2 = filter([3]), l3 = cross_join())
[    97.220][cube-solver-1][DEBUG] Solving cube (l0 = natural_join4(), l1 = summarise(), l2 = filter([3]), l3 = unite())
[    97.225][cube-solver-1][DEBUG] Solving cube (l0 = natural_join4(), l1 = summarise(), l2 = filter([3]), l3 = mutate())
[    97.229][cube-solver-1][DEBUG] Solving cube (l0 = natural_join4(), l1 = summarise(), l2 = filter([3]), l3 = inner_join())
[    97.233][cube-solver-1][DEBUG] Solving cube (l0 = natural_join4(), l1 = summarise(), l2 = anti_join(), l3 = filter([3]))
[    97.238][cube-solver-1][DEBUG] Solving cube (l0 = natural_join4(), l1 = summarise(), l2 = left_join(), l3 = filter([3]))
[    97.242][cube-solver-1][DEBUG] Solving cube (l0 = natural_join4(), l1 = summarise(), l2 = union(), l3 = filter([3]))
[    97.246][cube-solver-1][DEBUG] Solving cube (l0 = natural_join4(), l1 = summarise(), l2 = intersect(), l3 = filter([3]))
[    97.250][cube-solver-1][DEBUG] Solving cube (l0 = natural_join4(), l1 = summarise(), l2 = semi_join(), l3 = filter([3]))
[    97.254][cube-solver-1][DEBUG] Solving cube (l0 = natural_join4(), l1 = summarise(), l2 = cross_join(), l3 = filter([3]))
[    97.258][cube-solver-1][DEBUG] Solving cube (l0 = natural_join4(), l1 = summarise(), l2 = unite(), l3 = filter([3]))
[    97.262][cube-solver-1][DEBUG] Solving cube (l0 = natural_join4(), l1 = summarise(), l2 = mutate(), l3 = filter([3]))
[    97.266][cube-solver-1][DEBUG] Solving cube (l0 = natural_join4(), l1 = summarise(), l2 = inner_join(), l3 = filter([3]))
[    97.270][cube-solver-1][DEBUG] Solving cube (l0 = natural_join4(), l1 = filter([3]), l2 = natural_join(), l3 = summarise())
[    97.274][cube-solver-1][DEBUG] Solving cube (l0 = natural_join4(), l1 = filter([3]), l2 = natural_join(), l3 = mutate())
[    97.279][cube-solver-1][DEBUG] Solving cube (l0 = natural_join4(), l1 = filter([3]), l2 = natural_join3(), l3 = summarise())
[    97.283][cube-solver-1][DEBUG] Solving cube (l0 = natural_join4(), l1 = filter([3]), l2 = natural_join3(), l3 = mutate())
[    97.288][cube-solver-1][DEBUG] Solving cube (l0 = natural_join4(), l1 = filter([3]), l2 = natural_join4(), l3 = summarise())
[    97.292][cube-solver-1][DEBUG] Solving cube (l0 = natural_join4(), l1 = filter([3]), l2 = natural_join4(), l3 = mutate())
[    97.296][cube-solver-1][DEBUG] Solving cube (l0 = natural_join4(), l1 = filter([3]), l2 = summarise(), l3 = natural_join())
[    97.301][cube-solver-1][DEBUG] Solving cube (l0 = natural_join4(), l1 = filter([3]), l2 = summarise(), l3 = natural_join3())
[    97.305][cube-solver-1][DEBUG] Solving cube (l0 = natural_join4(), l1 = filter([3]), l2 = summarise(), l3 = natural_join4())
[    97.309][cube-solver-1][DEBUG] Solving cube (l0 = natural_join4(), l1 = filter([3]), l2 = summarise(), l3 = summarise())
[    97.314][cube-solver-1][DEBUG] Solving cube (l0 = natural_join4(), l1 = filter([3]), l2 = summarise(), l3 = filter([3]))
[    97.319][cube-solver-1][DEBUG] Solving cube (l0 = natural_join4(), l1 = filter([3]), l2 = summarise(), l3 = anti_join())
[    97.323][cube-solver-1][DEBUG] Solving cube (l0 = natural_join4(), l1 = filter([3]), l2 = summarise(), l3 = left_join())
[    97.328][cube-solver-1][DEBUG] Solving cube (l0 = natural_join4(), l1 = filter([3]), l2 = summarise(), l3 = union())
[    97.332][cube-solver-1][DEBUG] Solving cube (l0 = natural_join4(), l1 = filter([3]), l2 = summarise(), l3 = intersect())
[    97.336][cube-solver-1][DEBUG] Solving cube (l0 = natural_join4(), l1 = filter([3]), l2 = summarise(), l3 = semi_join())
[    97.341][cube-solver-1][DEBUG] Solving cube (l0 = natural_join4(), l1 = filter([3]), l2 = summarise(), l3 = cross_join())
[    97.345][cube-solver-1][DEBUG] Solving cube (l0 = natural_join4(), l1 = filter([3]), l2 = summarise(), l3 = unite())
[    97.349][cube-solver-1][DEBUG] Solving cube (l0 = natural_join4(), l1 = filter([3]), l2 = summarise(), l3 = mutate())
[    97.354][cube-solver-1][DEBUG] Solving cube (l0 = natural_join4(), l1 = filter([3]), l2 = summarise(), l3 = inner_join())
[    97.358][cube-solver-1][DEBUG] Solving cube (l0 = natural_join4(), l1 = filter([3]), l2 = filter([3]), l3 = summarise())
[    97.363][cube-solver-1][DEBUG] Solving cube (l0 = natural_join4(), l1 = filter([3]), l2 = filter([3]), l3 = mutate())
[    97.369][cube-solver-1][DEBUG] Solving cube (l0 = natural_join4(), l1 = filter([3]), l2 = anti_join(), l3 = summarise())
[    97.373][cube-solver-1][DEBUG] Solving cube (l0 = natural_join4(), l1 = filter([3]), l2 = anti_join(), l3 = mutate())
[    97.378][cube-solver-1][DEBUG] Solving cube (l0 = natural_join4(), l1 = filter([3]), l2 = left_join(), l3 = summarise())
[    97.382][cube-solver-1][DEBUG] Solving cube (l0 = natural_join4(), l1 = filter([3]), l2 = left_join(), l3 = mutate())
[    97.386][cube-solver-1][DEBUG] Solving cube (l0 = natural_join4(), l1 = filter([3]), l2 = union(), l3 = summarise())
[    97.391][cube-solver-1][DEBUG] Solving cube (l0 = natural_join4(), l1 = filter([3]), l2 = union(), l3 = mutate())
[    97.395][cube-solver-1][DEBUG] Solving cube (l0 = natural_join4(), l1 = filter([3]), l2 = intersect(), l3 = summarise())
[    97.399][cube-solver-1][DEBUG] Solving cube (l0 = natural_join4(), l1 = filter([3]), l2 = intersect(), l3 = mutate())
[    97.404][cube-solver-1][DEBUG] Solving cube (l0 = natural_join4(), l1 = filter([3]), l2 = semi_join(), l3 = summarise())
[    97.408][cube-solver-1][DEBUG] Solving cube (l0 = natural_join4(), l1 = filter([3]), l2 = semi_join(), l3 = mutate())
[    97.412][cube-solver-1][DEBUG] Solving cube (l0 = natural_join4(), l1 = filter([3]), l2 = cross_join(), l3 = summarise())
[    97.417][cube-solver-1][DEBUG] Solving cube (l0 = natural_join4(), l1 = filter([3]), l2 = cross_join(), l3 = mutate())
[    97.421][cube-solver-1][DEBUG] Solving cube (l0 = natural_join4(), l1 = filter([3]), l2 = unite(), l3 = summarise())
[    97.425][cube-solver-1][DEBUG] Solving cube (l0 = natural_join4(), l1 = filter([3]), l2 = unite(), l3 = mutate())
[    97.429][cube-solver-1][DEBUG] Solving cube (l0 = natural_join4(), l1 = filter([3]), l2 = mutate(), l3 = natural_join())
[    97.434][cube-solver-1][DEBUG] Solving cube (l0 = natural_join4(), l1 = filter([3]), l2 = mutate(), l3 = natural_join3())
[    97.438][cube-solver-1][DEBUG] Solving cube (l0 = natural_join4(), l1 = filter([3]), l2 = mutate(), l3 = natural_join4())
[    97.442][cube-solver-1][DEBUG] Solving cube (l0 = natural_join4(), l1 = filter([3]), l2 = mutate(), l3 = summarise())
[    97.447][cube-solver-1][DEBUG] Solving cube (l0 = natural_join4(), l1 = filter([3]), l2 = mutate(), l3 = filter([3]))
[    97.452][cube-solver-1][DEBUG] Solving cube (l0 = natural_join4(), l1 = filter([3]), l2 = mutate(), l3 = anti_join())
[    97.456][cube-solver-1][DEBUG] Solving cube (l0 = natural_join4(), l1 = filter([3]), l2 = mutate(), l3 = left_join())
[    97.460][cube-solver-1][DEBUG] Solving cube (l0 = natural_join4(), l1 = filter([3]), l2 = mutate(), l3 = union())
[    97.465][cube-solver-1][DEBUG] Solving cube (l0 = natural_join4(), l1 = filter([3]), l2 = mutate(), l3 = intersect())
[    97.469][cube-solver-1][DEBUG] Solving cube (l0 = natural_join4(), l1 = filter([3]), l2 = mutate(), l3 = semi_join())
[    97.473][cube-solver-1][DEBUG] Solving cube (l0 = natural_join4(), l1 = filter([3]), l2 = mutate(), l3 = cross_join())
[    97.478][cube-solver-1][DEBUG] Solving cube (l0 = natural_join4(), l1 = filter([3]), l2 = mutate(), l3 = unite())
[    97.482][cube-solver-1][DEBUG] Solving cube (l0 = natural_join4(), l1 = filter([3]), l2 = mutate(), l3 = mutate())
[    97.486][cube-solver-1][DEBUG] Solving cube (l0 = natural_join4(), l1 = filter([3]), l2 = mutate(), l3 = inner_join())
[    97.491][cube-solver-1][DEBUG] Solving cube (l0 = natural_join4(), l1 = filter([3]), l2 = inner_join(), l3 = summarise())
[    97.495][cube-solver-1][DEBUG] Solving cube (l0 = natural_join4(), l1 = filter([3]), l2 = inner_join(), l3 = mutate())
[    97.500][cube-solver-1][DEBUG] Solving cube (l0 = natural_join4(), l1 = anti_join(), l2 = summarise(), l3 = filter([3]))
[    97.504][cube-solver-1][DEBUG] Solving cube (l0 = natural_join4(), l1 = anti_join(), l2 = filter([3]), l3 = summarise())
[    97.508][cube-solver-1][DEBUG] Solving cube (l0 = natural_join4(), l1 = anti_join(), l2 = filter([3]), l3 = mutate())
[    97.513][cube-solver-1][DEBUG] Solving cube (l0 = natural_join4(), l1 = anti_join(), l2 = mutate(), l3 = filter([3]))
[    97.517][cube-solver-1][DEBUG] Solving cube (l0 = natural_join4(), l1 = left_join(), l2 = summarise(), l3 = filter([3]))
[    97.521][cube-solver-1][DEBUG] Solving cube (l0 = natural_join4(), l1 = left_join(), l2 = filter([3]), l3 = summarise())
[    97.525][cube-solver-1][DEBUG] Solving cube (l0 = natural_join4(), l1 = left_join(), l2 = filter([3]), l3 = mutate())
[    97.530][cube-solver-1][DEBUG] Solving cube (l0 = natural_join4(), l1 = left_join(), l2 = mutate(), l3 = filter([3]))
[    97.534][cube-solver-1][DEBUG] Solving cube (l0 = natural_join4(), l1 = union(), l2 = summarise(), l3 = filter([3]))
[    97.538][cube-solver-1][DEBUG] Solving cube (l0 = natural_join4(), l1 = union(), l2 = filter([3]), l3 = summarise())
[    97.543][cube-solver-1][DEBUG] Solving cube (l0 = natural_join4(), l1 = union(), l2 = filter([3]), l3 = mutate())
[    97.547][cube-solver-1][DEBUG] Solving cube (l0 = natural_join4(), l1 = union(), l2 = mutate(), l3 = filter([3]))
[    97.552][cube-solver-1][DEBUG] Solving cube (l0 = natural_join4(), l1 = intersect(), l2 = summarise(), l3 = filter([3]))
[    97.556][cube-solver-1][DEBUG] Solving cube (l0 = natural_join4(), l1 = intersect(), l2 = filter([3]), l3 = summarise())
[    97.560][cube-solver-1][DEBUG] Solving cube (l0 = natural_join4(), l1 = intersect(), l2 = filter([3]), l3 = mutate())
[    97.565][cube-solver-1][DEBUG] Solving cube (l0 = natural_join4(), l1 = intersect(), l2 = mutate(), l3 = filter([3]))
[    97.569][cube-solver-1][DEBUG] Solving cube (l0 = natural_join4(), l1 = semi_join(), l2 = summarise(), l3 = filter([3]))
[    97.573][cube-solver-1][DEBUG] Solving cube (l0 = natural_join4(), l1 = semi_join(), l2 = filter([3]), l3 = summarise())
[    97.577][cube-solver-1][DEBUG] Solving cube (l0 = natural_join4(), l1 = semi_join(), l2 = filter([3]), l3 = mutate())
[    97.582][cube-solver-1][DEBUG] Solving cube (l0 = natural_join4(), l1 = semi_join(), l2 = mutate(), l3 = filter([3]))
[    97.586][cube-solver-1][DEBUG] Solving cube (l0 = natural_join4(), l1 = cross_join(), l2 = summarise(), l3 = filter([3]))
[    97.590][cube-solver-1][DEBUG] Solving cube (l0 = natural_join4(), l1 = cross_join(), l2 = filter([3]), l3 = summarise())
[    97.594][cube-solver-1][DEBUG] Solving cube (l0 = natural_join4(), l1 = cross_join(), l2 = filter([3]), l3 = mutate())
[    97.598][cube-solver-1][DEBUG] Solving cube (l0 = natural_join4(), l1 = cross_join(), l2 = mutate(), l3 = filter([3]))
[    97.602][cube-solver-1][DEBUG] Solving cube (l0 = natural_join4(), l1 = unite(), l2 = summarise(), l3 = filter([3]))
[    97.606][cube-solver-1][DEBUG] Solving cube (l0 = natural_join4(), l1 = unite(), l2 = filter([3]), l3 = summarise())
[    97.610][cube-solver-1][DEBUG] Solving cube (l0 = natural_join4(), l1 = unite(), l2 = filter([3]), l3 = mutate())
[    97.615][cube-solver-1][DEBUG] Solving cube (l0 = natural_join4(), l1 = unite(), l2 = mutate(), l3 = filter([3]))
[    97.619][cube-solver-1][DEBUG] Solving cube (l0 = natural_join4(), l1 = mutate(), l2 = natural_join(), l3 = filter([3]))
[    97.623][cube-solver-1][DEBUG] Solving cube (l0 = natural_join4(), l1 = mutate(), l2 = natural_join3(), l3 = filter([3]))
[    97.627][cube-solver-1][DEBUG] Solving cube (l0 = natural_join4(), l1 = mutate(), l2 = natural_join4(), l3 = filter([3]))
[    97.631][cube-solver-1][DEBUG] Solving cube (l0 = natural_join4(), l1 = mutate(), l2 = summarise(), l3 = filter([3]))
[    97.635][cube-solver-1][DEBUG] Solving cube (l0 = natural_join4(), l1 = mutate(), l2 = filter([3]), l3 = natural_join())
[    97.639][cube-solver-1][DEBUG] Solving cube (l0 = natural_join4(), l1 = mutate(), l2 = filter([3]), l3 = natural_join3())
[    97.643][cube-solver-1][DEBUG] Solving cube (l0 = natural_join4(), l1 = mutate(), l2 = filter([3]), l3 = natural_join4())
[    97.647][cube-solver-1][DEBUG] Solving cube (l0 = natural_join4(), l1 = mutate(), l2 = filter([3]), l3 = summarise())
[    97.652][cube-solver-1][DEBUG] Solving cube (l0 = natural_join4(), l1 = mutate(), l2 = filter([3]), l3 = filter([3]))
[    97.657][cube-solver-1][DEBUG] Solving cube (l0 = natural_join4(), l1 = mutate(), l2 = filter([3]), l3 = anti_join())
[    97.661][cube-solver-1][DEBUG] Solving cube (l0 = natural_join4(), l1 = mutate(), l2 = filter([3]), l3 = left_join())
[    97.665][cube-solver-1][DEBUG] Solving cube (l0 = natural_join4(), l1 = mutate(), l2 = filter([3]), l3 = union())
[    97.669][cube-solver-1][DEBUG] Solving cube (l0 = natural_join4(), l1 = mutate(), l2 = filter([3]), l3 = intersect())
[    97.674][cube-solver-1][DEBUG] Solving cube (l0 = natural_join4(), l1 = mutate(), l2 = filter([3]), l3 = semi_join())
[    97.678][cube-solver-1][DEBUG] Solving cube (l0 = natural_join4(), l1 = mutate(), l2 = filter([3]), l3 = cross_join())
[    97.682][cube-solver-1][DEBUG] Solving cube (l0 = natural_join4(), l1 = mutate(), l2 = filter([3]), l3 = unite())
[    97.686][cube-solver-1][DEBUG] Solving cube (l0 = natural_join4(), l1 = mutate(), l2 = filter([3]), l3 = mutate())
[    97.691][cube-solver-1][DEBUG] Solving cube (l0 = natural_join4(), l1 = mutate(), l2 = filter([3]), l3 = inner_join())
[    97.695][cube-solver-1][DEBUG] Solving cube (l0 = natural_join4(), l1 = mutate(), l2 = anti_join(), l3 = filter([3]))
[    97.699][cube-solver-1][DEBUG] Solving cube (l0 = natural_join4(), l1 = mutate(), l2 = left_join(), l3 = filter([3]))
[    97.703][cube-solver-1][DEBUG] Solving cube (l0 = natural_join4(), l1 = mutate(), l2 = union(), l3 = filter([3]))
[    97.707][cube-solver-1][DEBUG] Solving cube (l0 = natural_join4(), l1 = mutate(), l2 = intersect(), l3 = filter([3]))
[    97.711][cube-solver-1][DEBUG] Solving cube (l0 = natural_join4(), l1 = mutate(), l2 = semi_join(), l3 = filter([3]))
[    97.715][cube-solver-1][DEBUG] Solving cube (l0 = natural_join4(), l1 = mutate(), l2 = cross_join(), l3 = filter([3]))
[    97.719][cube-solver-1][DEBUG] Solving cube (l0 = natural_join4(), l1 = mutate(), l2 = unite(), l3 = filter([3]))
[    97.723][cube-solver-1][DEBUG] Solving cube (l0 = natural_join4(), l1 = mutate(), l2 = mutate(), l3 = filter([3]))
[    97.727][cube-solver-1][DEBUG] Solving cube (l0 = natural_join4(), l1 = mutate(), l2 = inner_join(), l3 = filter([3]))
[    97.731][cube-solver-1][DEBUG] Solving cube (l0 = natural_join4(), l1 = inner_join(), l2 = summarise(), l3 = filter([3]))
[    97.735][cube-solver-1][DEBUG] Solving cube (l0 = natural_join4(), l1 = inner_join(), l2 = filter([3]), l3 = summarise())
[    97.739][cube-solver-1][DEBUG] Solving cube (l0 = natural_join4(), l1 = inner_join(), l2 = filter([3]), l3 = mutate())
[    97.743][cube-solver-1][DEBUG] Solving cube (l0 = natural_join4(), l1 = inner_join(), l2 = mutate(), l3 = filter([3]))
[    97.747][cube-solver-1][DEBUG] Solving cube (l0 = natural_join4(), l1 = natural_join(), l2 = summarise(), l3 = filter([3]))
[    97.751][cube-solver-1][DEBUG] Solving cube (l0 = natural_join4(), l1 = natural_join(), l2 = filter([3]), l3 = summarise())
[    97.756][cube-solver-1][DEBUG] Solving cube (l0 = natural_join4(), l1 = natural_join(), l2 = filter([3]), l3 = mutate())
[    97.760][cube-solver-1][DEBUG] Solving cube (l0 = natural_join4(), l1 = natural_join(), l2 = mutate(), l3 = filter([3]))
[    97.764][cube-solver-1][DEBUG] Solving cube (l0 = natural_join4(), l1 = natural_join3(), l2 = summarise(), l3 = filter([3]))
[    97.768][cube-solver-1][DEBUG] Solving cube (l0 = natural_join4(), l1 = natural_join3(), l2 = filter([3]), l3 = summarise())
[    97.772][cube-solver-1][DEBUG] Solving cube (l0 = natural_join4(), l1 = natural_join3(), l2 = filter([3]), l3 = mutate())
[    97.776][cube-solver-1][DEBUG] Solving cube (l0 = natural_join4(), l1 = natural_join3(), l2 = mutate(), l3 = filter([3]))
[    97.780][cube-solver-1][DEBUG] Solving cube (l0 = natural_join4(), l1 = natural_join4(), l2 = summarise(), l3 = filter([3]))
[    97.784][cube-solver-1][DEBUG] Solving cube (l0 = natural_join4(), l1 = natural_join4(), l2 = filter([3]), l3 = summarise())
[    97.788][cube-solver-1][DEBUG] Solving cube (l0 = natural_join4(), l1 = natural_join4(), l2 = filter([3]), l3 = mutate())
[    97.792][cube-solver-1][DEBUG] Solving cube (l0 = natural_join4(), l1 = natural_join4(), l2 = mutate(), l3 = filter([3]))
[    97.797][cube-solver-1][DEBUG] Solving cube (l0 = summarise(), l1 = natural_join(), l2 = summarise(), l3 = filter([3]))
[    99.266][cube-solver-3][DEBUG] Initialising process for 3 lines of code.
[   100.984][cube-solver-3][DEBUG] Solving cube (l0 = summarise(), l1 = cross_join(), l2 = filter([3]))
[   107.009][cube-solver-3][DEBUG] Solving cube (l0 = summarise(), l1 = unite(), l2 = filter([3]))
[   109.008][cube-solver-15][DEBUG] Solving cube (l0 = summarise(), l1 = mutate(), l2 = filter([3]))
[   119.403][cube-solver-15][DEBUG] Solving cube (l0 = summarise(), l1 = inner_join(), l2 = filter([3]))
[   172.086][cube-solver-12][DEBUG] Solving cube (l0 = filter([3]), l1 = natural_join(), l2 = summarise())
[   174.808][cube-solver-12][DEBUG] Solving cube (l0 = filter([3]), l1 = natural_join(), l2 = mutate())
[   214.566][cube-solver-3][DEBUG] Solving cube (l0 = filter([3]), l1 = natural_join3(), l2 = summarise())
[   214.571][cube-solver-3][DEBUG] Solving cube (l0 = filter([3]), l1 = natural_join3(), l2 = mutate())
[   214.575][cube-solver-3][DEBUG] Solving cube (l0 = filter([3]), l1 = natural_join4(), l2 = summarise())
[   214.579][cube-solver-3][DEBUG] Solving cube (l0 = filter([3]), l1 = natural_join4(), l2 = mutate())
[   214.582][cube-solver-3][DEBUG] Solving cube (l0 = filter([3]), l1 = summarise(), l2 = natural_join())
[   223.021][cube-solver-12][DEBUG] Solving cube (l0 = filter([3]), l1 = summarise(), l2 = natural_join3())
[   584.539][cube-solver-2][DEBUG] Solving cube (l0 = filter([3]), l1 = summarise(), l2 = natural_join4())
[   584.550][cube-solver-2][DEBUG] Solving cube (l0 = filter([3]), l1 = summarise(), l2 = summarise())
[   584.557][cube-solver-2][DEBUG] Solving cube (l0 = filter([3]), l1 = summarise(), l2 = filter([3]))
[   586.682][cube-solver-2][DEBUG] Solving cube (l0 = filter([3]), l1 = summarise(), l2 = anti_join())
[   820.948][cube-solver-1][DEBUG] Solving cube (l0 = summarise(), l1 = natural_join(), l2 = filter([3]), l3 = natural_join())
[   841.884][cube-solver-13][DEBUG] Solving cube (l0 = filter([3]), l1 = summarise(), l2 = left_join())
[  2480.647][cube-solver-2][DEBUG] Solving cube (l0 = filter([3]), l1 = summarise(), l2 = union())
[  2535.496][cube-solver-3][DEBUG] Solving cube (l0 = filter([3]), l1 = summarise(), l2 = intersect())
[  2594.133][cube-solver-3][DEBUG] Solving cube (l0 = filter([3]), l1 = summarise(), l2 = semi_join())
[  3073.040][cube-solver-7][DEBUG] Solving cube (l0 = filter([3]), l1 = summarise(), l2 = cross_join())
[  3081.562][cube-solver-7][DEBUG] Solving cube (l0 = filter([3]), l1 = summarise(), l2 = unite())
[  3102.032][cube-solver-3][DEBUG] Solving cube (l0 = filter([3]), l1 = summarise(), l2 = mutate())
[  3106.367][cube-solver-3][DEBUG] Solving cube (l0 = filter([3]), l1 = summarise(), l2 = inner_join())
[  3118.360][cube-solver-13][DEBUG] Solving cube (l0 = filter([3]), l1 = filter([3]), l2 = summarise())
[  3119.539][cube-solver-13][DEBUG] Solving cube (l0 = filter([3]), l1 = filter([3]), l2 = mutate())
[  3121.286][cube-solver-7][DEBUG] Solving cube (l0 = filter([3]), l1 = anti_join(), l2 = summarise())
[  3142.741][cube-solver-13][DEBUG] Solving cube (l0 = filter([3]), l1 = anti_join(), l2 = mutate())
[  3179.035][cube-solver-7][DEBUG] Solving cube (l0 = filter([3]), l1 = left_join(), l2 = summarise())
[  3183.206][cube-solver-7][DEBUG] Solving cube (l0 = filter([3]), l1 = left_join(), l2 = mutate())
[  3247.232][cube-solver-5][DEBUG] Solving cube (l0 = filter([3]), l1 = union(), l2 = summarise())
[  3251.145][cube-solver-5][DEBUG] Solving cube (l0 = filter([3]), l1 = union(), l2 = mutate())
[  3287.465][cube-solver-7][DEBUG] Solving cube (l0 = filter([3]), l1 = intersect(), l2 = summarise())
[  3321.363][cube-solver-7][DEBUG] Solving cube (l0 = filter([3]), l1 = intersect(), l2 = mutate())
[  3322.943][cube-solver-7][DEBUG] Solving cube (l0 = filter([3]), l1 = semi_join(), l2 = summarise())
[  3326.940][cube-solver-7][DEBUG] Solving cube (l0 = filter([3]), l1 = semi_join(), l2 = mutate())
[  3389.588][cube-solver-5][DEBUG] Solving cube (l0 = filter([3]), l1 = cross_join(), l2 = summarise())
[  3393.054][cube-solver-5][DEBUG] Solving cube (l0 = filter([3]), l1 = cross_join(), l2 = mutate())
[  3393.214][cube-solver-5][DEBUG] Solving cube (l0 = filter([3]), l1 = unite(), l2 = summarise())
[  3399.609][cube-solver-7][DEBUG] Solving cube (l0 = filter([3]), l1 = unite(), l2 = mutate())
[  3452.020][cube-solver-5][DEBUG] Solving cube (l0 = filter([3]), l1 = mutate(), l2 = natural_join())
[  3599.996][MainProcess][INFO] Statistics:
[  3599.997][MainProcess][INFO] 	Generated cubes: 532
[  3599.997][MainProcess][INFO] 	Attempted programs: 124211
[  3599.997][MainProcess][INFO] 		Rejected: 21645
[  3599.997][MainProcess][INFO] 		Failed: 102566
[  3599.997][MainProcess][INFO] 	Blacklist clauses: 3
[  3599.997][MainProcess][DEBUG] Priting statistics for good programs of size 2
[  3600.016][MainProcess][DEBUG] 	0: Counter({'mutate': 11760, 'filter': 2880})
[  3600.025][MainProcess][DEBUG] 	1: Counter({'filter': 11760, 'mutate': 2880})
[  3600.025][MainProcess][DEBUG] Priting statistics for good programs of size 3
[  3601.637][MainProcess][DEBUG] 	0: Counter({'summarise': 4841928, 'filter': 1569901})
