[     3.291][MainProcess][INFO] Parsing specification...
[     3.297][MainProcess][WARNING] "attrs" field is deprecated. Please use "columns"
[     3.297][MainProcess][WARNING] "aggrs" field is deprecated. Please use "functions"
[     3.298][MainProcess][DEBUG] Reading input files...
[     3.310][MainProcess][INFO] Inferred data types for table tests-examples/scythe/recent_posts/tables/029_1.csv: ['string', 'string', 'string', 'float64', 'string']
[     3.317][MainProcess][INFO] Inferred data types for table tests-examples/scythe/recent_posts/tables/029_2.csv: ['string', 'string', 'string', 'float64', 'string']
[     3.324][MainProcess][INFO] Inferred data types for table tests-examples/scythe/recent_posts/tables/029_o.csv: ['string', 'string', 'string', 'float64', 'string']
[     3.358][MainProcess][DEBUG] Generating DSL...
[     3.409][MainProcess][INFO] Creating 16 processes
[     3.499][cube-solver-0][DEBUG] Initialising process for 1 lines of code.
[     3.499][MainProcess][DEBUG] Increasing generator loc to 2
[     3.500][cube-solver-2][DEBUG] Initialising process for 2 lines of code.
[     3.501][cube-solver-1][DEBUG] Initialising process for 1 lines of code.
[     3.502][cube-solver-3][DEBUG] Initialising process for 2 lines of code.
[     3.507][cube-solver-4][DEBUG] Initialising process for 2 lines of code.
[     3.513][cube-solver-5][DEBUG] Initialising process for 2 lines of code.
[     3.525][cube-solver-6][DEBUG] Initialising process for 2 lines of code.
[     3.529][cube-solver-8][DEBUG] Initialising process for 2 lines of code.
[     3.536][cube-solver-7][DEBUG] Initialising process for 2 lines of code.
[     3.545][cube-solver-9][DEBUG] Initialising process for 2 lines of code.
[     3.548][cube-solver-10][DEBUG] Initialising process for 2 lines of code.
[     3.551][cube-solver-12][DEBUG] Initialising process for 2 lines of code.
[     3.553][cube-solver-13][DEBUG] Initialising process for 2 lines of code.
[     3.564][cube-solver-14][DEBUG] Initialising process for 2 lines of code.
[     3.578][cube-solver-15][DEBUG] Initialising process for 2 lines of code.
[     3.592][cube-solver-11][DEBUG] Initialising process for 2 lines of code.
[     3.897][cube-solver-1][WARNING] There is no solution for current loc (1).
[     3.897][cube-solver-0][WARNING] There is no solution for current loc (1).
[     3.898][cube-solver-1][DEBUG] Solving cube (l0 = mutate(),)
[     3.898][cube-solver-0][DEBUG] Solving cube (l0 = summarise(),)
[     3.899][cube-solver-1][DEBUG] Initialising process for 2 lines of code.
[     3.899][cube-solver-0][DEBUG] Initialising process for 2 lines of code.
[     4.499][cube-solver-4][DEBUG] Solving cube (l0 = natural_join3(), l1 = summarise())
[     4.503][cube-solver-4][DEBUG] Solving cube (l0 = summarise(), l1 = unite())
[     4.506][cube-solver-4][DEBUG] Solving cube (l0 = summarise(), l1 = mutate())
[     4.508][cube-solver-4][DEBUG] Solving cube (l0 = summarise(), l1 = inner_join())
[     4.510][cube-solver-5][DEBUG] Solving cube (l0 = natural_join3(), l1 = mutate())
[     4.515][cube-solver-5][DEBUG] Solving cube (l0 = anti_join(), l1 = summarise())
[     4.528][cube-solver-8][DEBUG] Solving cube (l0 = summarise(), l1 = natural_join())
[     4.534][cube-solver-3][DEBUG] Solving cube (l0 = natural_join(), l1 = mutate())
[     4.539][cube-solver-12][DEBUG] Solving cube (l0 = summarise(), l1 = anti_join())
[     4.542][cube-solver-13][DEBUG] Solving cube (l0 = summarise(), l1 = left_join())
[     4.544][cube-solver-7][DEBUG] Solving cube (l0 = natural_join4(), l1 = mutate())
[     4.550][cube-solver-10][DEBUG] Solving cube (l0 = summarise(), l1 = natural_join4())
[     4.552][cube-solver-6][DEBUG] Solving cube (l0 = natural_join4(), l1 = summarise())
[     4.552][cube-solver-7][DEBUG] Solving cube (l0 = anti_join(), l1 = mutate())
[     4.553][cube-solver-14][DEBUG] Solving cube (l0 = summarise(), l1 = union())
[     4.554][cube-solver-10][DEBUG] Solving cube (l0 = left_join(), l1 = summarise())
[     4.557][cube-solver-6][DEBUG] Solving cube (l0 = left_join(), l1 = mutate())
[     4.557][cube-solver-9][DEBUG] Solving cube (l0 = summarise(), l1 = natural_join3())
[     4.578][cube-solver-15][DEBUG] Solving cube (l0 = summarise(), l1 = intersect())
[     4.582][cube-solver-2][DEBUG] Solving cube (l0 = natural_join(), l1 = summarise())
[     4.595][cube-solver-11][DEBUG] Solving cube (l0 = summarise(), l1 = summarise())
[     4.601][cube-solver-11][DEBUG] Solving cube (l0 = union(), l1 = summarise())
[     4.869][cube-solver-1][DEBUG] Solving cube (l0 = summarise(), l1 = semi_join())
[     4.872][cube-solver-0][DEBUG] Solving cube (l0 = summarise(), l1 = cross_join())
[     6.185][cube-solver-10][DEBUG] Solving cube (l0 = union(), l1 = mutate())
[     6.239][cube-solver-11][DEBUG] Solving cube (l0 = intersect(), l1 = summarise())
[     6.315][cube-solver-2][DEBUG] Solving cube (l0 = intersect(), l1 = mutate())
[     7.223][cube-solver-2][DEBUG] Solving cube (l0 = semi_join(), l1 = summarise())
[     7.764][cube-solver-0][DEBUG] Solving cube (l0 = semi_join(), l1 = mutate())
[     8.504][cube-solver-2][DEBUG] Solving cube (l0 = cross_join(), l1 = summarise())
[     9.549][cube-solver-2][DEBUG] Solving cube (l0 = cross_join([2]), l1 = mutate())
[     9.555][cube-solver-2][DEBUG] Solving cube (l0 = unite(), l1 = summarise())
[     9.558][cube-solver-2][DEBUG] Solving cube (l0 = unite(), l1 = mutate())
[     9.561][cube-solver-2][DEBUG] Solving cube (l0 = mutate(), l1 = natural_join())
[    18.837][cube-solver-11][DEBUG] Solving cube (l0 = mutate(), l1 = natural_join3())
[    22.489][cube-solver-3][DEBUG] Solving cube (l0 = mutate(), l1 = natural_join4())
[    22.493][cube-solver-3][DEBUG] Solving cube (l0 = mutate(), l1 = summarise())
[    22.496][cube-solver-3][DEBUG] Solving cube (l0 = mutate(), l1 = anti_join())
[    24.928][cube-solver-0][DEBUG] Solving cube (l0 = mutate(), l1 = left_join())
[    25.818][cube-solver-5][DEBUG] Solving cube (l0 = mutate(), l1 = union())
[    28.998][cube-solver-15][DEBUG] Solving cube (l0 = mutate(), l1 = intersect([10]))
[    30.698][cube-solver-15][DEBUG] Solving cube (l0 = mutate(), l1 = semi_join())
[   106.149][cube-solver-6][DEBUG] Solving cube (l0 = mutate(), l1 = cross_join([2]))
[   106.345][cube-solver-6][DEBUG] Solving cube (l0 = mutate(), l1 = unite())
[   106.348][cube-solver-6][DEBUG] Solving cube (l0 = mutate(), l1 = mutate())
[   106.350][cube-solver-6][DEBUG] Solving cube (l0 = mutate(), l1 = inner_join())
[   107.612][cube-solver-10][DEBUG] Solving cube (l0 = inner_join(), l1 = summarise())
[   147.831][cube-solver-15][DEBUG] Solving cube (l0 = inner_join(), l1 = mutate())
[   208.802][MainProcess][DEBUG] Increasing generator loc to 3
[   208.803][cube-solver-2][DEBUG] Initialising process for 3 lines of code.
[   210.895][cube-solver-2][DEBUG] Solving cube (l0 = natural_join(), l1 = summarise(), l2 = natural_join())
[   226.916][cube-solver-0][DEBUG] Initialising process for 3 lines of code.
[   227.424][cube-solver-5][DEBUG] Initialising process for 3 lines of code.
[   228.936][cube-solver-0][DEBUG] Solving cube (l0 = natural_join(), l1 = summarise(), l2 = natural_join3())
[   229.289][cube-solver-5][DEBUG] Solving cube (l0 = natural_join(), l1 = summarise(), l2 = natural_join4())
[   229.295][cube-solver-5][DEBUG] Solving cube (l0 = natural_join(), l1 = summarise(), l2 = summarise())
[   229.299][cube-solver-5][DEBUG] Solving cube (l0 = natural_join(), l1 = summarise(), l2 = anti_join())
[   238.644][cube-solver-0][DEBUG] Solving cube (l0 = natural_join(), l1 = summarise(), l2 = left_join())
[   262.912][cube-solver-1][DEBUG] Initialising process for 3 lines of code.
[   264.935][cube-solver-1][DEBUG] Solving cube (l0 = natural_join(), l1 = summarise(), l2 = union())
[   324.761][MainProcess][INFO] Hard problem!
[   324.761][MainProcess][DEBUG] Increasing alternate_generator loc to 4
[   324.930][cube-solver-10][DEBUG] Initialising process for 4 lines of code.
[   328.057][cube-solver-10][DEBUG] Solving cube (l0 = natural_join(), l1 = summarise(), l2 = natural_join(), l3 = summarise())
[   337.933][cube-solver-5][DEBUG] Initialising process for 4 lines of code.
[   341.123][cube-solver-5][DEBUG] Solving cube (l0 = natural_join(), l1 = summarise(), l2 = natural_join(), l3 = anti_join())
[   341.131][cube-solver-5][DEBUG] Solving cube (l0 = natural_join(), l1 = summarise(), l2 = natural_join(), l3 = left_join())
[   617.702][cube-solver-11][DEBUG] Initialising process for 4 lines of code.
[   620.829][cube-solver-11][DEBUG] Solving cube (l0 = natural_join(), l1 = summarise(), l2 = natural_join(), l3 = union())
[   891.206][cube-solver-12][DEBUG] Initialising process for 4 lines of code.
[   894.348][cube-solver-12][DEBUG] Solving cube (l0 = natural_join(), l1 = summarise(), l2 = natural_join(), l3 = intersect([10]))
[  1114.399][cube-solver-7][DEBUG] Initialising process for 4 lines of code.
[  1117.518][cube-solver-7][DEBUG] Solving cube (l0 = natural_join(), l1 = summarise(), l2 = natural_join(), l3 = semi_join())
[  1915.586][cube-solver-10][DEBUG] Solving cube (l0 = natural_join(), l1 = summarise(), l2 = natural_join(), l3 = cross_join([2]))
[  1917.225][cube-solver-3][DEBUG] Initialising process for 3 lines of code.
[  1919.241][cube-solver-3][DEBUG] Solving cube (l0 = natural_join(), l1 = summarise(), l2 = intersect([10]))
[  2038.575][cube-solver-3][DEBUG] Solving cube (l0 = natural_join(), l1 = summarise(), l2 = semi_join())
[  2272.046][cube-solver-10][DEBUG] Solving cube (l0 = natural_join(), l1 = summarise(), l2 = natural_join(), l3 = unite())
[  2583.925][cube-solver-3][DEBUG] Solving cube (l0 = natural_join(), l1 = summarise(), l2 = cross_join([2]))
[  2603.512][cube-solver-3][DEBUG] Solving cube (l0 = natural_join(), l1 = summarise(), l2 = unite())
[  2645.311][cube-solver-3][DEBUG] Solving cube (l0 = natural_join(), l1 = summarise(), l2 = mutate())
[  2652.102][cube-solver-3][DEBUG] Solving cube (l0 = natural_join(), l1 = summarise(), l2 = inner_join())
[  3016.802][cube-solver-14][DEBUG] Initialising process for 3 lines of code.
[  3018.828][cube-solver-14][DEBUG] Solving cube (l0 = natural_join(), l1 = anti_join(), l2 = summarise())
[  3018.840][cube-solver-14][DEBUG] Solving cube (l0 = natural_join(), l1 = anti_join(), l2 = mutate())
[  3018.847][cube-solver-14][DEBUG] Solving cube (l0 = natural_join(), l1 = left_join(), l2 = summarise())
[  3029.258][cube-solver-8][DEBUG] Initialising process for 3 lines of code.
[  3029.354][cube-solver-14][DEBUG] Solving cube (l0 = natural_join(), l1 = union(), l2 = summarise())
[  3031.344][cube-solver-8][DEBUG] Solving cube (l0 = natural_join(), l1 = left_join(), l2 = mutate())
[  3039.035][cube-solver-14][DEBUG] Solving cube (l0 = natural_join(), l1 = union(), l2 = mutate())
[  3040.085][cube-solver-13][DEBUG] Initialising process for 3 lines of code.
[  3042.088][cube-solver-13][DEBUG] Solving cube (l0 = natural_join(), l1 = intersect([10]), l2 = summarise())
[  3096.311][cube-solver-12][DEBUG] Solving cube (l0 = natural_join(), l1 = summarise(), l2 = natural_join(), l3 = mutate())
[  3108.958][cube-solver-13][DEBUG] Solving cube (l0 = natural_join(), l1 = intersect([10]), l2 = mutate())
[  3113.314][cube-solver-13][DEBUG] Solving cube (l0 = natural_join(), l1 = semi_join(), l2 = summarise())
[  3122.754][cube-solver-13][DEBUG] Solving cube (l0 = natural_join(), l1 = semi_join(), l2 = mutate())
[  3210.473][cube-solver-13][DEBUG] Solving cube (l0 = natural_join(), l1 = cross_join([2]), l2 = summarise())
[  3218.641][cube-solver-13][DEBUG] Solving cube (l0 = natural_join(), l1 = cross_join([2]), l2 = mutate())
[  3219.192][cube-solver-13][DEBUG] Solving cube (l0 = natural_join(), l1 = unite(), l2 = summarise())
[  3277.749][cube-solver-13][DEBUG] Solving cube (l0 = natural_join(), l1 = unite(), l2 = mutate())
[  3288.207][cube-solver-8][DEBUG] Solving cube (l0 = natural_join(), l1 = mutate(), l2 = natural_join())
[  3366.904][cube-solver-13][DEBUG] Solving cube (l0 = natural_join(), l1 = mutate(), l2 = natural_join3())
[  3459.255][cube-solver-14][DEBUG] Solving cube (l0 = natural_join(), l1 = mutate(), l2 = natural_join4())
[  3459.259][cube-solver-14][DEBUG] Solving cube (l0 = natural_join(), l1 = mutate(), l2 = summarise())
[  3466.434][cube-solver-14][DEBUG] Solving cube (l0 = natural_join(), l1 = mutate(), l2 = anti_join())
[  3472.172][cube-solver-13][DEBUG] Solving cube (l0 = natural_join(), l1 = mutate(), l2 = left_join())
[  3599.988][MainProcess][INFO] Statistics:
[  3599.988][MainProcess][INFO] 	Generated cubes: 92
[  3599.988][MainProcess][INFO] 	Attempted programs: 227472
[  3599.988][MainProcess][INFO] 		Rejected: 27592
[  3599.988][MainProcess][INFO] 		Failed: 199880
[  3599.988][MainProcess][INFO] 	Blacklist clauses: 12
[  3599.988][MainProcess][DEBUG] Priting statistics for good programs of size 2
[  3601.042][MainProcess][DEBUG] 	0: Counter({'summarise': 1980407, 'mutate': 768394, 'inner_join': 402168, 'anti_join': 126720, 'left_join': 11520, 'union': 11520, 'natural_join': 1920, 'semi_join': 1920})
[  3601.792][MainProcess][DEBUG] 	1: Counter({'inner_join': 811118, 'mutate': 555768, 'natural_join3': 478483, 'union': 368640, 'natural_join': 368640, 'left_join': 368640, 'anti_join': 311040, 'semi_join': 42240})
[  3601.792][MainProcess][DEBUG] Priting statistics for good programs of size 3
