[     1.553][MainProcess][INFO] Parsing specification...
[     1.557][MainProcess][WARNING] "attrs" field is deprecated. Please use "columns"
[     1.557][MainProcess][WARNING] "aggrs" field is deprecated. Please use "functions"
[     1.558][MainProcess][DEBUG] Reading input files...
[     1.567][MainProcess][INFO] Inferred data types for table tests-examples/scythe/recent_posts/tables/030_1.csv: ['string', 'int64', 'int64', 'float64', 'datetime64[ns]']
[     1.573][MainProcess][INFO] Inferred data types for table tests-examples/scythe/recent_posts/tables/030_2.csv: ['string', 'int64', 'int64', 'string', 'int64']
[     1.577][MainProcess][INFO] Inferred data types for table tests-examples/scythe/recent_posts/tables/030_o.csv: ['int64', 'int64', 'int64']
[     1.610][MainProcess][DEBUG] Generating DSL...
[     1.641][MainProcess][INFO] Creating 16 processes
[     1.709][MainProcess][DEBUG] Increasing generator loc to 2
[     1.710][MainProcess][DEBUG] Increasing generator loc to 3
[     1.715][MainProcess][DEBUG] Increasing generator loc to 4
[     1.759][MainProcess][DEBUG] Increasing generator loc to 5
[     2.000][MainProcess][DEBUG] Increasing generator loc to 6
[     3.940][MainProcess][DEBUG] Increasing generator loc to 7
[    23.625][MainProcess][DEBUG] Increasing generator loc to 8
[   223.709][cube-solver-0][DEBUG] Initialising process for 8 lines of code.
Traceback (most recent call last):
  File "./cubes.py", line 95, in <module>
    main()
  File "./cubes.py", line 87, in main
    program = synthesizer.synthesize()
  File "/home/rmbb/CUBES/squares/parallel_synthesizer.py", line 248, in synthesize
    cube = next(generator)
  File "/home/rmbb/CUBES/squares/dsl/dc.py", line 131, in __next__
    while not self.line_stack[-1]:
IndexError: list index out of range
