[     1.575][MainProcess][INFO] Parsing specification...
[     1.578][MainProcess][WARNING] "attrs" field is deprecated. Please use "columns"
[     1.578][MainProcess][WARNING] "aggrs" field is deprecated. Please use "functions"
[     1.579][MainProcess][DEBUG] Reading input files...
[     1.583][MainProcess][INFO] Inferred data types for table tests-examples/scythe/recent_posts/tables/033_1.csv: ['int64', 'int64', 'int64']
[     1.597][MainProcess][INFO] Inferred data types for table tests-examples/scythe/recent_posts/tables/033_2.csv: ['int64', 'int64', 'int64', 'object']
[     1.601][MainProcess][INFO] Inferred data types for table tests-examples/scythe/recent_posts/tables/033_o.csv: ['int64', 'int64', 'int64', 'int64', 'int64']
[     1.630][MainProcess][DEBUG] Generating DSL...
[     1.649][MainProcess][INFO] Creating 16 processes
[     1.713][MainProcess][DEBUG] Increasing generator loc to 2
[     1.714][MainProcess][DEBUG] Increasing generator loc to 3
[     1.716][MainProcess][DEBUG] Increasing generator loc to 4
[     1.739][MainProcess][DEBUG] Increasing generator loc to 5
[     1.928][MainProcess][DEBUG] Increasing generator loc to 6
[     3.851][MainProcess][DEBUG] Increasing generator loc to 7
[    23.258][MainProcess][DEBUG] Increasing generator loc to 8
[   220.686][cube-solver-0][DEBUG] Initialising process for 8 lines of code.
Traceback (most recent call last):
  File "./cubes.py", line 95, in <module>
    main()
  File "./cubes.py", line 87, in main
    program = synthesizer.synthesize()
  File "/home/rmbb/CUBES/squares/parallel_synthesizer.py", line 248, in synthesize
    cube = next(generator)
  File "/home/rmbb/CUBES/squares/dsl/dc.py", line 131, in __next__
    while not self.line_stack[-1]:
IndexError: list index out of range
