[     1.570][MainProcess][INFO] Parsing specification...
[     1.574][MainProcess][WARNING] "attrs" field is deprecated. Please use "columns"
[     1.574][MainProcess][WARNING] "aggrs" field is deprecated. Please use "functions"
[     1.574][MainProcess][WARNING] "const" field is deprecated. Please use "constants"
[     1.575][MainProcess][DEBUG] Reading input files...
[     1.583][MainProcess][INFO] Inferred data types for table tests-examples/scythe/recent_posts/tables/050_1.csv: ['int64', 'string', 'string', 'int64']
[     1.589][MainProcess][INFO] Inferred data types for table tests-examples/scythe/recent_posts/tables/050_2.csv: ['int64', 'string', 'datetime64[ns]']
[     1.594][MainProcess][INFO] Inferred data types for table tests-examples/scythe/recent_posts/tables/050_3.csv: ['int64', 'string', 'int64']
[     1.602][MainProcess][INFO] Inferred data types for table tests-examples/scythe/recent_posts/tables/050_o.csv: ['int64', 'string', 'int64', 'string', 'datetime64[ns]']
[     1.639][MainProcess][DEBUG] Generating DSL...
[     1.678][MainProcess][INFO] Creating 16 processes
[     1.751][MainProcess][DEBUG] Increasing generator loc to 3
[     1.759][MainProcess][DEBUG] Increasing generator loc to 4
[     1.832][MainProcess][DEBUG] Increasing generator loc to 5
[     2.232][MainProcess][DEBUG] Increasing generator loc to 6
[     6.216][MainProcess][DEBUG] Increasing generator loc to 7
[    50.858][MainProcess][DEBUG] Increasing generator loc to 8
[   552.713][cube-solver-0][DEBUG] Initialising process for 8 lines of code.
Traceback (most recent call last):
  File "./cubes.py", line 95, in <module>
    main()
  File "./cubes.py", line 87, in main
    program = synthesizer.synthesize()
  File "/home/rmbb/CUBES/squares/parallel_synthesizer.py", line 248, in synthesize
    cube = next(generator)
  File "/home/rmbb/CUBES/squares/dsl/dc.py", line 131, in __next__
    while not self.line_stack[-1]:
IndexError: list index out of range
