R[write to console]: 
Attaching package: ‘dplyr’


R[write to console]: The following objects are masked from ‘package:stats’:

    filter, lag


R[write to console]: The following objects are masked from ‘package:base’:

    intersect, setdiff, setequal, union


R[write to console]: 
Attaching package: ‘dbplyr’


R[write to console]: The following objects are masked from ‘package:dplyr’:

    ident, sql


# First, specify the types that will be used

enum Cols {
  "DATE_UPDATE, DISCO_DATE", "DATE_UPDATE, MATERIAL", "DISCO_DATE, DATE_UPDATE", "DISCO_DATE, MATERIAL", "MATERIAL, DATE_UPDATE", "MATERIAL, DISCO_DATE", "DATE_UPDATE", "DISCO_DATE", "MATERIAL"
}

enum Col {
  "DATE_UPDATE", "DISCO_DATE", "MATERIAL"
}

enum SelectCols{
  "MATERIAL,maxDISCO_DATE,maxDATE_UPDATE"
}

enum Distinct {
	"distinct", ""
}

enum FilterCondition{
"DISCO_DATE == maxDISCO_DATE", "DISCO_DATE > maxDISCO_DATE", "DISCO_DATE < maxDISCO_DATE", "DISCO_DATE >= maxDISCO_DATE", "DISCO_DATE <= maxDISCO_DATE", "DATE_UPDATE == maxDISCO_DATE", "DATE_UPDATE > maxDISCO_DATE", "DATE_UPDATE < maxDISCO_DATE", "DATE_UPDATE >= maxDISCO_DATE", "DATE_UPDATE <= maxDISCO_DATE", "maxDATE_UPDATE == maxDISCO_DATE", "maxDATE_UPDATE > maxDISCO_DATE", "maxDATE_UPDATE < maxDISCO_DATE", "maxDATE_UPDATE >= maxDISCO_DATE", "maxDATE_UPDATE <= maxDISCO_DATE", "DISCO_DATE == maxDATE_UPDATE", "DISCO_DATE > maxDATE_UPDATE", "DISCO_DATE < maxDATE_UPDATE", "DISCO_DATE >= maxDATE_UPDATE", "DISCO_DATE <= maxDATE_UPDATE", "DATE_UPDATE == maxDATE_UPDATE", "DATE_UPDATE > maxDATE_UPDATE", "DATE_UPDATE < maxDATE_UPDATE", "DATE_UPDATE >= maxDATE_UPDATE", "DATE_UPDATE <= maxDATE_UPDATE", "maxDISCO_DATE == maxDATE_UPDATE", "maxDISCO_DATE > maxDATE_UPDATE", "maxDISCO_DATE < maxDATE_UPDATE", "maxDISCO_DATE >= maxDATE_UPDATE", "maxDISCO_DATE <= maxDATE_UPDATE"
}

enum SummariseCondition{
"maxDISCO_DATE = max(DISCO_DATE)", "maxDATE_UPDATE = max(DATE_UPDATE)"
}



value Table {
  col: int;
  row: int;
}

value TableSelect {
  col: int;
  row: int;
}

value Empty;

# Next, specify the input/output of the synthesized program
program Squares(Table) -> TableSelect;

# Finally, specify the production rules
func empty: Empty -> Empty;

func inner_join: Table r -> Table a, Table b
{
  col(r) <= col(a) + col(b);
}

func inner_join3: Table r -> Table a, Table b, Table c
{
  col(r) < col(a) + col(b) + col(c);
}

func inner_join4: Table r -> Table a, Table b, Table c, Table d {
  col(r) < col(a) + col(b) + col(c) + col(d);
}

func anti_join: Table r ->  Table a, Table b, Col c {
  #col(r) <= col(a) + col(b);
  col(r) == 1;
  row(r) <= row(a);
}

func left_join: Table r ->  Table a, Table b{
  col(r) <= col(a) + col(b);
  row(r) == row(a);
}

func bind_rows: Table r ->  Table a, Table b{
  col(r) <= col(a) + col(b);
  row(r) == row(a) + row(b);
}

func intersect: Table r ->  Table a, Table b, Col c {
  #col(r) <= col(a) + col(b);
  col(r) == 1;
  row(r) <= row(a);
}

func select: TableSelect r -> Table a, SelectCols c, Distinct d{
	row(r) <= row(a);
	col(r) <= col(a);
}




func filter: Table r -> Table a, FilterCondition f {
 row(r) <= row(a);
 col(r) == col(a);
}


func summariseGrouped: Table r -> Table a, SummariseCondition s, Cols b {
 row(r) <= row(a);
 col(r) <= 3;
}

predicate is_not_parent(inner_join4, summariseGrouped, 100);
predicate is_not_parent(summariseGrouped, summariseGrouped, 100);

predicate is_not_parent(filter, filter, 100);

predicate constant_occurs("maxDISCO_DATE = max(DISCO_DATE),maxDATE_UPDATE = max(DATE_UPDATE)");
predicate happens_before("DISCO_DATE == maxDISCO_DATE","maxDISCO_DATE = max(DISCO_DATE)");
predicate happens_before("DISCO_DATE > maxDISCO_DATE","maxDISCO_DATE = max(DISCO_DATE)");
predicate happens_before("DISCO_DATE < maxDISCO_DATE","maxDISCO_DATE = max(DISCO_DATE)");
predicate happens_before("DISCO_DATE >= maxDISCO_DATE","maxDISCO_DATE = max(DISCO_DATE)");
predicate happens_before("DISCO_DATE <= maxDISCO_DATE","maxDISCO_DATE = max(DISCO_DATE)");
predicate happens_before("DATE_UPDATE == maxDISCO_DATE","maxDISCO_DATE = max(DISCO_DATE)");
predicate happens_before("DATE_UPDATE > maxDISCO_DATE","maxDISCO_DATE = max(DISCO_DATE)");
predicate happens_before("DATE_UPDATE < maxDISCO_DATE","maxDISCO_DATE = max(DISCO_DATE)");
predicate happens_before("DATE_UPDATE >= maxDISCO_DATE","maxDISCO_DATE = max(DISCO_DATE)");
predicate happens_before("DATE_UPDATE <= maxDISCO_DATE","maxDISCO_DATE = max(DISCO_DATE)");
predicate happens_before("maxDATE_UPDATE == maxDISCO_DATE","maxDISCO_DATE = max(DISCO_DATE)");
predicate happens_before("maxDATE_UPDATE > maxDISCO_DATE","maxDISCO_DATE = max(DISCO_DATE)");
predicate happens_before("maxDATE_UPDATE < maxDISCO_DATE","maxDISCO_DATE = max(DISCO_DATE)");
predicate happens_before("maxDATE_UPDATE >= maxDISCO_DATE","maxDISCO_DATE = max(DISCO_DATE)");
predicate happens_before("maxDATE_UPDATE <= maxDISCO_DATE","maxDISCO_DATE = max(DISCO_DATE)");
predicate happens_before("DISCO_DATE == maxDATE_UPDATE","maxDATE_UPDATE = max(DATE_UPDATE)");
predicate happens_before("DISCO_DATE > maxDATE_UPDATE","maxDATE_UPDATE = max(DATE_UPDATE)");
predicate happens_before("DISCO_DATE < maxDATE_UPDATE","maxDATE_UPDATE = max(DATE_UPDATE)");
predicate happens_before("DISCO_DATE >= maxDATE_UPDATE","maxDATE_UPDATE = max(DATE_UPDATE)");
predicate happens_before("DISCO_DATE <= maxDATE_UPDATE","maxDATE_UPDATE = max(DATE_UPDATE)");
predicate happens_before("DATE_UPDATE == maxDATE_UPDATE","maxDATE_UPDATE = max(DATE_UPDATE)");
predicate happens_before("DATE_UPDATE > maxDATE_UPDATE","maxDATE_UPDATE = max(DATE_UPDATE)");
predicate happens_before("DATE_UPDATE < maxDATE_UPDATE","maxDATE_UPDATE = max(DATE_UPDATE)");
predicate happens_before("DATE_UPDATE >= maxDATE_UPDATE","maxDATE_UPDATE = max(DATE_UPDATE)");
predicate happens_before("DATE_UPDATE <= maxDATE_UPDATE","maxDATE_UPDATE = max(DATE_UPDATE)");
predicate happens_before("maxDISCO_DATE == maxDATE_UPDATE","maxDATE_UPDATE = max(DATE_UPDATE)");
predicate happens_before("maxDISCO_DATE > maxDATE_UPDATE","maxDATE_UPDATE = max(DATE_UPDATE)");
predicate happens_before("maxDISCO_DATE < maxDATE_UPDATE","maxDATE_UPDATE = max(DATE_UPDATE)");
predicate happens_before("maxDISCO_DATE >= maxDATE_UPDATE","maxDATE_UPDATE = max(DATE_UPDATE)");
predicate happens_before("maxDISCO_DATE <= maxDATE_UPDATE","maxDATE_UPDATE = max(DATE_UPDATE)");
predicate is_not_parent(inner_join, inner_join3, 100);
predicate is_not_parent(inner_join, inner_join4, 100);
#predicate is_not_parent(inner_join, anti_join, 100);
predicate is_not_parent(inner_join3, inner_join, 100);
predicate is_not_parent(inner_join3, inner_join3, 100);
predicate is_not_parent(inner_join3, inner_join4, 100);
predicate is_not_parent(inner_join3, anti_join, 100);
predicate is_not_parent(inner_join4, inner_join, 100);
predicate is_not_parent(inner_join4, inner_join3, 100);
predicate is_not_parent(inner_join4, inner_join4, 100);
#predicate is_not_parent(inner_join4, anti_join, 100);
predicate is_not_parent(anti_join, anti_join, 100);
predicate is_not_parent(anti_join, inner_join, 100);
predicate is_not_parent(anti_join, inner_join4, 100);
predicate distinct_inputs(inner_join4);
predicate distinct_inputs(inner_join3);
predicate distinct_inputs(inner_join);
predicate distinct_inputs(anti_join);

Joining, by = c("MATERIAL", "DISCO_DATE", "DATE_UPDATE")
Joining, by = c("MATERIAL", "DISCO_DATE", "DATE_UPDATE")
Joining, by = c("MATERIAL", "DISCO_DATE", "DATE_UPDATE")
Joining, by = c("MATERIAL", "DISCO_DATE", "DATE_UPDATE")
Joining, by = c("MATERIAL", "DISCO_DATE", "DATE_UPDATE")
Joining, by = c("MATERIAL", "DISCO_DATE", "DATE_UPDATE")
Joining, by = c("MATERIAL", "DISCO_DATE", "DATE_UPDATE")
Joining, by = c("MATERIAL", "DISCO_DATE", "DATE_UPDATE")
Joining, by = c("MATERIAL", "DISCO_DATE", "DATE_UPDATE")
Joining, by = c("MATERIAL", "DISCO_DATE", "DATE_UPDATE")
Joining, by = c("MATERIAL", "DISCO_DATE", "DATE_UPDATE")
Joining, by = c("MATERIAL", "DISCO_DATE", "DATE_UPDATE")
Joining, by = c("MATERIAL", "DISCO_DATE", "DATE_UPDATE")
Joining, by = c("MATERIAL", "DISCO_DATE", "DATE_UPDATE")
Joining, by = c("MATERIAL", "DISCO_DATE", "DATE_UPDATE")
Joining, by = c("MATERIAL", "DISCO_DATE", "DATE_UPDATE")
Joining, by = c("MATERIAL", "DISCO_DATE", "DATE_UPDATE")
Joining, by = c("MATERIAL", "DISCO_DATE", "DATE_UPDATE")
Joining, by = c("MATERIAL", "DISCO_DATE", "DATE_UPDATE")
Joining, by = c("MATERIAL", "DISCO_DATE", "DATE_UPDATE")
Joining, by = c("MATERIAL", "DISCO_DATE", "DATE_UPDATE")
Joining, by = c("MATERIAL", "DISCO_DATE", "DATE_UPDATE")
Joining, by = c("MATERIAL", "DISCO_DATE", "DATE_UPDATE")
Joining, by = c("MATERIAL", "DISCO_DATE", "DATE_UPDATE")
Joining, by = c("MATERIAL", "DISCO_DATE", "DATE_UPDATE")
Joining, by = c("MATERIAL", "DISCO_DATE", "DATE_UPDATE")
Joining, by = c("MATERIAL", "DISCO_DATE", "DATE_UPDATE")
Joining, by = c("MATERIAL", "DISCO_DATE", "DATE_UPDATE")
Joining, by = c("MATERIAL", "DISCO_DATE", "DATE_UPDATE")
Joining, by = c("MATERIAL", "DISCO_DATE", "DATE_UPDATE")
Joining, by = c("DISCO_DATE", "DATE_UPDATE")
Joining, by = c("MATERIAL", "DATE_UPDATE")
Joining, by = c("DISCO_DATE", "DATE_UPDATE")
Joining, by = c("MATERIAL", "DATE_UPDATE")
Joining, by = "DATE_UPDATE"
Joining, by = "DATE_UPDATE"
Joining, by = c("MATERIAL", "DATE_UPDATE")
Joining, by = "DISCO_DATE"
Joining, by = "MATERIAL"
Joining, by = c("MATERIAL", "DISCO_DATE")
Joining, by = c("MATERIAL", "DISCO_DATE")
Joining, by = c("DISCO_DATE", "DATE_UPDATE")
Joining, by = c("MATERIAL", "DATE_UPDATE")
Joining, by = "DISCO_DATE"
Joining, by = "MATERIAL"
Joining, by = c("MATERIAL", "DISCO_DATE")
Joining, by = c("MATERIAL", "DISCO_DATE")
Joining, by = c("DISCO_DATE", "DATE_UPDATE")
Joining, by = c("DISCO_DATE", "DATE_UPDATE")
Joining, by = c("MATERIAL", "DATE_UPDATE")
Joining, by = c("MATERIAL", "DATE_UPDATE")
Joining, by = c("DISCO_DATE", "DATE_UPDATE")
Joining, by = c("MATERIAL", "DATE_UPDATE")
Joining, by = "DISCO_DATE"
Joining, by = "MATERIAL"
Joining, by = c("MATERIAL", "DISCO_DATE")
Joining, by = c("MATERIAL", "DISCO_DATE")
Joining, by = c("DISCO_DATE", "DATE_UPDATE")
Joining, by = "DATE_UPDATE"
Joining, by = "DISCO_DATE"
Joining, by = "MATERIAL"
Joining, by = c("MATERIAL", "DISCO_DATE")
Joining, by = c("MATERIAL", "DISCO_DATE")
Joining, by = c("DISCO_DATE", "DATE_UPDATE")
Joining, by = "DATE_UPDATE"
Joining, by = c("MATERIAL", "DATE_UPDATE")
Joining, by = c("MATERIAL", "DATE_UPDATE")
Joining, by = c("MATERIAL", "DATE_UPDATE")
Joining, by = "DISCO_DATE"
Joining, by = "MATERIAL"
Joining, by = c("MATERIAL", "DISCO_DATE")
Joining, by = c("MATERIAL", "DISCO_DATE")
Joining, by = c("DISCO_DATE", "DATE_UPDATE")
Joining, by = "DATE_UPDATE"
Joining, by = c("DISCO_DATE", "DATE_UPDATE")
Joining, by = "DISCO_DATE"
Joining, by = "MATERIAL"
Joining, by = c("MATERIAL", "DISCO_DATE")
Joining, by = c("MATERIAL", "DISCO_DATE")
Joining, by = c("DISCO_DATE", "DATE_UPDATE")
Joining, by = "DATE_UPDATE"
Joining, by = c("DISCO_DATE", "DATE_UPDATE")
Joining, by = c("MATERIAL", "DATE_UPDATE")
Joining, by = c("MATERIAL", "DATE_UPDATE")
Joining, by = "DISCO_DATE"
Joining, by = "MATERIAL"
Joining, by = c("MATERIAL", "DISCO_DATE")
Joining, by = c("MATERIAL", "DISCO_DATE")
Joining, by = c("DISCO_DATE", "DATE_UPDATE")
Joining, by = "DATE_UPDATE"
Joining, by = c("DISCO_DATE", "DATE_UPDATE")
Joining, by = "DISCO_DATE"
Joining, by = "MATERIAL"
Joining, by = c("MATERIAL", "DISCO_DATE")
Joining, by = c("MATERIAL", "DISCO_DATE")
Joining, by = c("DISCO_DATE", "DATE_UPDATE")
Joining, by = "DATE_UPDATE"
Joining, by = c("DISCO_DATE", "DATE_UPDATE")
Joining, by = c("MATERIAL", "DATE_UPDATE")
Joining, by = c("MATERIAL", "DATE_UPDATE")
Joining, by = c("MATERIAL", "DATE_UPDATE")
Joining, by = c("MATERIAL", "DATE_UPDATE")
Joining, by = "DISCO_DATE"
Joining, by = "MATERIAL"
Joining, by = c("DISCO_DATE", "MATERIAL")
Joining, by = c("MATERIAL", "DISCO_DATE")
Joining, by = c("DISCO_DATE", "DATE_UPDATE")
Joining, by = "DATE_UPDATE"
Joining, by = c("DATE_UPDATE", "DISCO_DATE")
Joining, by = c("DATE_UPDATE", "MATERIAL")
Joining, by = "DISCO_DATE"
Joining, by = "MATERIAL"
Joining, by = c("DISCO_DATE", "MATERIAL")
Joining, by = c("MATERIAL", "DISCO_DATE")
Joining, by = c("DISCO_DATE", "DATE_UPDATE")
Joining, by = "DATE_UPDATE"
Joining, by = c("DATE_UPDATE", "DISCO_DATE")
Joining, by = c("MATERIAL", "DATE_UPDATE")
Joining, by = c("MATERIAL", "DATE_UPDATE")
Joining, by = c("DATE_UPDATE", "DISCO_DATE")
Joining, by = c("DATE_UPDATE", "DISCO_DATE")
Joining, by = c("MATERIAL", "DATE_UPDATE")
Joining, by = c("MATERIAL", "DATE_UPDATE")
Joining, by = c("DISCO_DATE", "DATE_UPDATE")
Joining, by = c("DISCO_DATE", "DATE_UPDATE")
Joining, by = c("DISCO_DATE", "MATERIAL")
Joining, by = c("DISCO_DATE", "MATERIAL")
Joining, by = c("MATERIAL", "DISCO_DATE")
Joining, by = c("MATERIAL", "DISCO_DATE")
Joining, by = c("DATE_UPDATE", "MATERIAL")
Joining, by = c("DATE_UPDATE", "MATERIAL")
Joining, by = c("DATE_UPDATE", "MATERIAL")
Joining, by = "DISCO_DATE"
Joining, by = "MATERIAL"
Joining, by = "DATE_UPDATE"
Joining, by = c("DATE_UPDATE", "DISCO_DATE")
Joining, by = c("MATERIAL", "DATE_UPDATE")
Joining, by = c("DISCO_DATE", "DATE_UPDATE")
Joining, by = c("DISCO_DATE", "MATERIAL")
Joining, by = c("MATERIAL", "DISCO_DATE")
Joining, by = "DISCO_DATE"
Joining, by = "MATERIAL"
Joining, by = "DATE_UPDATE"
Joining, by = c("DATE_UPDATE", "DISCO_DATE")
Joining, by = c("MATERIAL", "DATE_UPDATE")
Joining, by = c("DISCO_DATE", "DATE_UPDATE")
Joining, by = c("DISCO_DATE", "MATERIAL")
Joining, by = c("DISCO_DATE", "MATERIAL")
Joining, by = c("DISCO_DATE", "MATERIAL")
Joining, by = "DISCO_DATE"
Joining, by = "DATE_UPDATE"
Joining, by = c("DATE_UPDATE", "DISCO_DATE")
Joining, by = c("MATERIAL", "DATE_UPDATE")
Joining, by = c("DISCO_DATE", "DATE_UPDATE")
Joining, by = "DISCO_DATE"
Joining, by = "MATERIAL"
Joining, by = "DATE_UPDATE"
Joining, by = c("DATE_UPDATE", "DISCO_DATE")
Joining, by = c("MATERIAL", "DATE_UPDATE")
Joining, by = c("DISCO_DATE", "DATE_UPDATE")
Joining, by = c("MATERIAL", "DISCO_DATE")
Joining, by = c("MATERIAL", "DISCO_DATE")
Joining, by = c("MATERIAL", "DISCO_DATE")
Joining, by = c("DATE_UPDATE", "MATERIAL")
Joining, by = c("DATE_UPDATE", "MATERIAL")
Joining, by = c("DATE_UPDATE", "MATERIAL")
Joining, by = c("DATE_UPDATE", "MATERIAL")
Joining, by = c("MATERIAL", "DISCO_DATE", "DATE_UPDATE")
Joining, by = c("MATERIAL", "DISCO_DATE", "DATE_UPDATE")
Joining, by = c("MATERIAL", "DATE_UPDATE")
Joining, by = c("MATERIAL", "DISCO_DATE", "DATE_UPDATE")
Joining, by = c("DISCO_DATE", "DATE_UPDATE")
Joining, by = c("MATERIAL", "DISCO_DATE", "DATE_UPDATE")
Joining, by = c("MATERIAL", "DATE_UPDATE")
Joining, by = c("MATERIAL", "DISCO_DATE", "DATE_UPDATE")
Joining, by = c("MATERIAL", "DISCO_DATE")
Joining, by = c("MATERIAL", "DISCO_DATE", "DATE_UPDATE")
Joining, by = c("DISCO_DATE", "DATE_UPDATE")
Joining, by = c("MATERIAL", "DISCO_DATE", "DATE_UPDATE")
Joining, by = "MATERIAL"
Joining, by = c("MATERIAL", "DISCO_DATE", "DATE_UPDATE")
Joining, by = "DATE_UPDATE"
Joining, by = c("MATERIAL", "DISCO_DATE", "DATE_UPDATE")
Joining, by = c("MATERIAL", "DISCO_DATE")
Joining, by = c("MATERIAL", "DISCO_DATE", "DATE_UPDATE")
Joining, by = "DISCO_DATE"
Joining, by = "MATERIAL"
Joining, by = "DATE_UPDATE"
Joining, by = "DISCO_DATE"
Joining, by = "DATE_UPDATE"
Joining, by = "DATE_UPDATE"
Joining, by = "DATE_UPDATE"
Joining, by = "DISCO_DATE"
Joining, by = c("MATERIAL", "DISCO_DATE")
Joining, by = "DISCO_DATE"
Joining, by = c("MATERIAL", "DATE_UPDATE")
Joining, by = "DISCO_DATE"
Joining, by = "DISCO_DATE"
Joining, by = "DISCO_DATE"
Joining, by = c("MATERIAL", "DATE_UPDATE")
Joining, by = "DISCO_DATE"
Joining, by = c("MATERIAL", "DISCO_DATE")
Joining, by = "DISCO_DATE"
Joining, by = c("DISCO_DATE", "DATE_UPDATE")
Joining, by = "DISCO_DATE"
Joining, by = c("DISCO_DATE", "DATE_UPDATE")
Joining, by = "DISCO_DATE"
Joining, by = "MATERIAL"
Joining, by = "DATE_UPDATE"
Joining, by = c("DISCO_DATE", "DATE_UPDATE")
Joining, by = "MATERIAL"
Joining, by = c("DISCO_DATE", "DATE_UPDATE")
Joining, by = "MATERIAL"
Joining, by = c("MATERIAL", "DATE_UPDATE")
Joining, by = "MATERIAL"
Joining, by = "DISCO_DATE"
Joining, by = "MATERIAL"
Joining, by = c("MATERIAL", "DISCO_DATE")
Joining, by = "MATERIAL"
Joining, by = c("MATERIAL", "DISCO_DATE")
Joining, by = "MATERIAL"
Joining, by = c("MATERIAL", "DATE_UPDATE")
Joining, by = "MATERIAL"
Joining, by = "MATERIAL"
Joining, by = "MATERIAL"
Joining, by = c("DISCO_DATE", "DATE_UPDATE")
Joining, by = "DATE_UPDATE"
Joining, by = c("DISCO_DATE", "DATE_UPDATE")
Joining, by = "DATE_UPDATE"
Joining, by = c("MATERIAL", "DISCO_DATE")
Joining, by = "DATE_UPDATE"
Joining, by = c("MATERIAL", "DISCO_DATE")
Joining, by = "DATE_UPDATE"
Joining, by = c("MATERIAL", "DATE_UPDATE")
Joining, by = "DATE_UPDATE"
Joining, by = c("MATERIAL", "DATE_UPDATE")
Joining, by = "DATE_UPDATE"
Joining, by = "MATERIAL"
Joining, by = "DATE_UPDATE"
Joining, by = "DISCO_DATE"
Joining, by = c("MATERIAL", "DISCO_DATE", "DATE_UPDATE")
Joining, by = c("MATERIAL", "DISCO_DATE", "DATE_UPDATE")
Joining, by = c("MATERIAL", "DATE_UPDATE")
Joining, by = c("MATERIAL", "DISCO_DATE", "DATE_UPDATE")
Joining, by = c("MATERIAL", "DISCO_DATE", "DATE_UPDATE")
Joining, by = "MATERIAL"
Joining, by = c("MATERIAL", "DISCO_DATE", "DATE_UPDATE")
Joining, by = c("MATERIAL", "DISCO_DATE", "DATE_UPDATE")
Joining, by = c("MATERIAL", "DISCO_DATE")
Joining, by = c("MATERIAL", "DISCO_DATE", "DATE_UPDATE")
Joining, by = c("MATERIAL", "DISCO_DATE", "DATE_UPDATE")
Joining, by = c("MATERIAL", "DISCO_DATE")
Joining, by = c("MATERIAL", "DISCO_DATE", "DATE_UPDATE")
Joining, by = c("MATERIAL", "DISCO_DATE", "DATE_UPDATE")
Joining, by = "DISCO_DATE"
Joining, by = c("MATERIAL", "DISCO_DATE", "DATE_UPDATE")
Joining, by = c("MATERIAL", "DISCO_DATE", "DATE_UPDATE")
Joining, by = c("MATERIAL", "DATE_UPDATE")
Joining, by = c("MATERIAL", "DISCO_DATE", "DATE_UPDATE")
Joining, by = c("MATERIAL", "DISCO_DATE", "DATE_UPDATE")
Joining, by = c("DISCO_DATE", "DATE_UPDATE")
Joining, by = c("MATERIAL", "DISCO_DATE", "DATE_UPDATE")
Joining, by = c("MATERIAL", "DISCO_DATE", "DATE_UPDATE")
Joining, by = "DATE_UPDATE"
Joining, by = c("MATERIAL", "DISCO_DATE", "DATE_UPDATE")
Joining, by = c("MATERIAL", "DISCO_DATE", "DATE_UPDATE")
Joining, by = c("DISCO_DATE", "DATE_UPDATE")
Joining, by = c("MATERIAL", "DISCO_DATE", "DATE_UPDATE")
Joining, by = c("MATERIAL", "DISCO_DATE")
Joining, by = c("MATERIAL", "DISCO_DATE", "DATE_UPDATE")
Joining, by = "MATERIAL"
Joining, by = c("MATERIAL", "DISCO_DATE", "DATE_UPDATE")
Joining, by = c("MATERIAL", "DISCO_DATE")
Joining, by = c("MATERIAL", "DISCO_DATE", "DATE_UPDATE")
Joining, by = "DISCO_DATE"
Joining, by = c("MATERIAL", "DISCO_DATE", "DATE_UPDATE")
Joining, by = c("MATERIAL", "DATE_UPDATE")
Joining, by = c("MATERIAL", "DISCO_DATE", "DATE_UPDATE")
Joining, by = c("DISCO_DATE", "DATE_UPDATE")
Joining, by = c("MATERIAL", "DISCO_DATE", "DATE_UPDATE")
Joining, by = "DATE_UPDATE"
Joining, by = c("MATERIAL", "DISCO_DATE", "DATE_UPDATE")
Joining, by = c("DISCO_DATE", "DATE_UPDATE")
Joining, by = c("MATERIAL", "DISCO_DATE", "DATE_UPDATE")
Joining, by = c("MATERIAL", "DATE_UPDATE")
Joining, by = c("MATERIAL", "DISCO_DATE", "DATE_UPDATE")
Joining, by = c("MATERIAL", "DISCO_DATE", "DATE_UPDATE")
Joining, by = c("DISCO_DATE", "DATE_UPDATE")
Joining, by = c("MATERIAL", "DISCO_DATE", "DATE_UPDATE")
Joining, by = c("MATERIAL", "DISCO_DATE", "DATE_UPDATE")
Joining, by = c("MATERIAL", "DATE_UPDATE")
Joining, by = c("MATERIAL", "DISCO_DATE", "DATE_UPDATE")
Joining, by = c("MATERIAL", "DISCO_DATE", "DATE_UPDATE")
Joining, by = c("MATERIAL", "DISCO_DATE")
Joining, by = c("MATERIAL", "DISCO_DATE", "DATE_UPDATE")
Joining, by = c("MATERIAL", "DISCO_DATE", "DATE_UPDATE")
Joining, by = "MATERIAL"
Joining, by = c("MATERIAL", "DISCO_DATE", "DATE_UPDATE")
Joining, by = c("MATERIAL", "DISCO_DATE", "DATE_UPDATE")
Joining, by = "DISCO_DATE"
Joining, by = c("MATERIAL", "DISCO_DATE", "DATE_UPDATE")
Joining, by = c("MATERIAL", "DISCO_DATE", "DATE_UPDATE")
Joining, by = c("MATERIAL", "DISCO_DATE")
Joining, by = c("MATERIAL", "DISCO_DATE", "DATE_UPDATE")
Joining, by = c("MATERIAL", "DISCO_DATE", "DATE_UPDATE")
Joining, by = "DATE_UPDATE"
Joining, by = c("MATERIAL", "DISCO_DATE", "DATE_UPDATE")
Joining, by = c("MATERIAL", "DISCO_DATE", "DATE_UPDATE")
Joining, by = c("DISCO_DATE", "DATE_UPDATE")
Joining, by = c("MATERIAL", "DISCO_DATE", "DATE_UPDATE")
Joining, by = c("MATERIAL", "DISCO_DATE", "DATE_UPDATE")
Joining, by = c("MATERIAL", "DATE_UPDATE")
Joining, by = "DATE_UPDATE"
Joining, by = c("MATERIAL", "DISCO_DATE")
Joining, by = "DISCO_DATE"
Joining, by = c("MATERIAL", "DISCO_DATE")
Joining, by = "MATERIAL"
Joining, by = c("MATERIAL", "DISCO_DATE")
Joining, by = "DATE_UPDATE"
Joining, by = "DISCO_DATE"
Joining, by = "DISCO_DATE"
Joining, by = "DISCO_DATE"
Joining, by = "MATERIAL"
Joining, by = "DISCO_DATE"
Joining, by = "DATE_UPDATE"
Joining, by = c("DISCO_DATE", "DATE_UPDATE")
Joining, by = "DISCO_DATE"
Joining, by = c("DISCO_DATE", "DATE_UPDATE")
Joining, by = "MATERIAL"
Joining, by = c("DISCO_DATE", "DATE_UPDATE")
Joining, by = "DATE_UPDATE"
Joining, by = c("MATERIAL", "DATE_UPDATE")
Joining, by = "DATE_UPDATE"
Joining, by = c("MATERIAL", "DISCO_DATE")
Joining, by = "DATE_UPDATE"
Joining, by = "MATERIAL"
Joining, by = "DATE_UPDATE"
Joining, by = "DATE_UPDATE"
Joining, by = "DATE_UPDATE"
Joining, by = c("DISCO_DATE", "DATE_UPDATE")
Joining, by = "DISCO_DATE"
Joining, by = c("MATERIAL", "DATE_UPDATE")
Joining, by = "MATERIAL"
Joining, by = c("MATERIAL", "DATE_UPDATE")
Joining, by = "DISCO_DATE"
Joining, by = "MATERIAL"
Joining, by = "DISCO_DATE"
Joining, by = c("MATERIAL", "DISCO_DATE")
Joining, by = "DISCO_DATE"
Joining, by = "DATE_UPDATE"
Joining, by = "DISCO_DATE"
Joining, by = c("DISCO_DATE", "DATE_UPDATE")
Joining, by = "DISCO_DATE"
Joining, by = c("MATERIAL", "DATE_UPDATE")
Joining, by = "MATERIAL"
Joining, by = c("MATERIAL", "DISCO_DATE")
Joining, by = "MATERIAL"
Joining, by = "MATERIAL"
Joining, by = "MATERIAL"
Joining, by = "DATE_UPDATE"
Joining, by = "MATERIAL"
Joining, by = c("DISCO_DATE", "DATE_UPDATE")
Joining, by = "MATERIAL"
Joining, by = c("MATERIAL", "DATE_UPDATE")
Joining, by = "DATE_UPDATE"
Joining, by = c("MATERIAL", "DATE_UPDATE")
Joining, by = c("MATERIAL", "DISCO_DATE", "DATE_UPDATE")
Joining, by = "MATERIAL"
Joining, by = c("MATERIAL", "DISCO_DATE", "DATE_UPDATE")
Joining, by = "MATERIAL"
Joining, by = c("MATERIAL", "DISCO_DATE", "DATE_UPDATE")
Joining, by = c("MATERIAL", "DISCO_DATE", "DATE_UPDATE")
Joining, by = c("DISCO_DATE", "MATERIAL")
Joining, by = c("DISCO_DATE", "MATERIAL", "DATE_UPDATE")
Joining, by = c("DISCO_DATE", "MATERIAL")
Joining, by = c("DISCO_DATE", "MATERIAL", "DATE_UPDATE")
Joining, by = c("MATERIAL", "DISCO_DATE", "DATE_UPDATE")
Joining, by = "DATE_UPDATE"
Joining, by = c("DATE_UPDATE", "MATERIAL", "DISCO_DATE")
Joining, by = "DATE_UPDATE"
Joining, by = c("DATE_UPDATE", "MATERIAL", "DISCO_DATE")
Joining, by = c("MATERIAL", "DISCO_DATE", "DATE_UPDATE")
Joining, by = c("DATE_UPDATE", "DISCO_DATE")
Joining, by = c("DATE_UPDATE", "DISCO_DATE", "MATERIAL")
Joining, by = c("MATERIAL", "DISCO_DATE", "DATE_UPDATE")
Joining, by = c("MATERIAL", "DISCO_DATE")
Joining, by = c("MATERIAL", "DISCO_DATE", "DATE_UPDATE")
Joining, by = c("MATERIAL", "DISCO_DATE", "DATE_UPDATE")
Joining, by = "DISCO_DATE"
Joining, by = c("DISCO_DATE", "MATERIAL", "DATE_UPDATE")
Joining, by = c("MATERIAL", "DISCO_DATE", "DATE_UPDATE")
Joining, by = c("DISCO_DATE", "DATE_UPDATE")
Joining, by = c("DISCO_DATE", "DATE_UPDATE", "MATERIAL")
Joining, by = c("DATE_UPDATE", "DISCO_DATE")
Joining, by = c("DATE_UPDATE", "DISCO_DATE", "MATERIAL")
Joining, by = c("MATERIAL", "DISCO_DATE")
Joining, by = c("MATERIAL", "DISCO_DATE", "DATE_UPDATE")
Joining, by = "DISCO_DATE"
Joining, by = c("DISCO_DATE", "MATERIAL", "DATE_UPDATE")
Joining, by = c("DISCO_DATE", "DATE_UPDATE")
Joining, by = c("DISCO_DATE", "DATE_UPDATE", "MATERIAL")
Joining, by = c("DATE_UPDATE", "MATERIAL")
Joining, by = c("DATE_UPDATE", "MATERIAL", "DISCO_DATE")
Joining, by = c("MATERIAL", "DISCO_DATE", "DATE_UPDATE")
Joining, by = c("DATE_UPDATE", "MATERIAL")
Joining, by = c("DATE_UPDATE", "MATERIAL", "DISCO_DATE")
Joining, by = c("DATE_UPDATE", "DISCO_DATE")
Joining, by = c("DATE_UPDATE", "DISCO_DATE", "MATERIAL")
Joining, by = c("MATERIAL", "DISCO_DATE")
Joining, by = c("MATERIAL", "DISCO_DATE", "DATE_UPDATE")
Joining, by = "DISCO_DATE"
Joining, by = c("DISCO_DATE", "MATERIAL", "DATE_UPDATE")
Joining, by = c("DISCO_DATE", "DATE_UPDATE")
Joining, by = c("DISCO_DATE", "DATE_UPDATE", "MATERIAL")
Joining, by = "MATERIAL"
Joining, by = c("MATERIAL", "DISCO_DATE", "DATE_UPDATE")
Joining, by = c("DISCO_DATE", "MATERIAL")
Joining, by = c("DISCO_DATE", "MATERIAL", "DATE_UPDATE")
Joining, by = "DATE_UPDATE"
Joining, by = c("DATE_UPDATE", "MATERIAL", "DISCO_DATE")
Joining, by = c("MATERIAL", "DISCO_DATE", "DATE_UPDATE")
Joining, by = c("DATE_UPDATE", "DISCO_DATE")
Joining, by = c("DATE_UPDATE", "DISCO_DATE", "MATERIAL")
Joining, by = c("MATERIAL", "DISCO_DATE", "DATE_UPDATE")
Joining, by = c("MATERIAL", "DISCO_DATE")
Joining, by = c("MATERIAL", "DISCO_DATE", "DATE_UPDATE")
Joining, by = c("MATERIAL", "DISCO_DATE", "DATE_UPDATE")
Joining, by = "DISCO_DATE"
Joining, by = c("DISCO_DATE", "MATERIAL", "DATE_UPDATE")
Joining, by = c("MATERIAL", "DISCO_DATE", "DATE_UPDATE")
Joining, by = c("DISCO_DATE", "DATE_UPDATE")
Joining, by = c("DISCO_DATE", "DATE_UPDATE", "MATERIAL")
Joining, by = c("MATERIAL", "DISCO_DATE", "DATE_UPDATE")
Joining, by = "MATERIAL"
Joining, by = c("MATERIAL", "DISCO_DATE", "DATE_UPDATE")
Joining, by = c("MATERIAL", "DISCO_DATE", "DATE_UPDATE")
Joining, by = c("DISCO_DATE", "MATERIAL")
Joining, by = c("DISCO_DATE", "MATERIAL", "DATE_UPDATE")
Joining, by = c("MATERIAL", "DISCO_DATE", "DATE_UPDATE")
Joining, by = "DATE_UPDATE"
Joining, by = c("DATE_UPDATE", "MATERIAL", "DISCO_DATE")
Joining, by = c("MATERIAL", "DISCO_DATE", "DATE_UPDATE")
Joining, by = c("DATE_UPDATE", "MATERIAL")
Joining, by = c("DATE_UPDATE", "MATERIAL", "DISCO_DATE")
Joining, by = c("DATE_UPDATE", "MATERIAL")
Joining, by = c("DATE_UPDATE", "MATERIAL", "DISCO_DATE")
Joining, by = c("MATERIAL", "DISCO_DATE", "DATE_UPDATE")
Joining, by = c("MATERIAL", "DATE_UPDATE")
Joining, by = c("MATERIAL", "DATE_UPDATE", "DISCO_DATE")
Joining, by = c("MATERIAL", "DISCO_DATE", "DATE_UPDATE")
Joining, by = c("MATERIAL", "DATE_UPDATE")
Joining, by = c("MATERIAL", "DATE_UPDATE", "DISCO_DATE")
Joining, by = c("MATERIAL", "DATE_UPDATE")
Joining, by = c("MATERIAL", "DATE_UPDATE", "DISCO_DATE")
Joining, by = c("MATERIAL", "DATE_UPDATE")
Joining, by = c("MATERIAL", "DATE_UPDATE", "DISCO_DATE")
Joining, by = "DISCO_DATE"
Joining, by = c("DATE_UPDATE", "DISCO_DATE")
Joining, by = "DATE_UPDATE"
Joining, by = c("DATE_UPDATE", "DISCO_DATE")
Joining, by = "MATERIAL"
Joining, by = c("MATERIAL", "DISCO_DATE")
Joining, by = "DISCO_DATE"
Joining, by = c("MATERIAL", "DISCO_DATE")
Joining, by = "DISCO_DATE"
Joining, by = "DISCO_DATE"
Joining, by = "MATERIAL"
Joining, by = "MATERIAL"
Joining, by = "MATERIAL"
Joining, by = c("DISCO_DATE", "MATERIAL")
Joining, by = "DISCO_DATE"
Joining, by = c("DISCO_DATE", "DATE_UPDATE")
Joining, by = "DATE_UPDATE"
Joining, by = c("DISCO_DATE", "DATE_UPDATE")
Joining, by = "DISCO_DATE"
Joining, by = c("DISCO_DATE", "MATERIAL")
Joining, by = "DATE_UPDATE"
Joining, by = "DATE_UPDATE"
Joining, by = "DATE_UPDATE"
Joining, by = c("DATE_UPDATE", "MATERIAL")
Joining, by = "MATERIAL"
Joining, by = c("DATE_UPDATE", "MATERIAL")
Joining, by = "DATE_UPDATE"
Joining, by = c("MATERIAL", "DATE_UPDATE")
Joining, by = "MATERIAL"
Joining, by = c("MATERIAL", "DATE_UPDATE")
Joining, by = "DATE_UPDATE"
Joining, by = "DATE_UPDATE"
Joining, by = "DATE_UPDATE"
Joining, by = c("DATE_UPDATE", "DISCO_DATE")
Joining, by = "DATE_UPDATE"
Joining, by = c("DISCO_DATE", "DATE_UPDATE")
Joining, by = "MATERIAL"
Joining, by = "MATERIAL"
Joining, by = "MATERIAL"
Joining, by = c("DISCO_DATE", "MATERIAL")
Joining, by = "MATERIAL"
Joining, by = c("MATERIAL", "DISCO_DATE")
Joining, by = "DISCO_DATE"
Joining, by = c("DISCO_DATE", "MATERIAL")
Joining, by = "DISCO_DATE"
Joining, by = c("DATE_UPDATE", "DISCO_DATE")
Joining, by = "DISCO_DATE"
Joining, by = c("MATERIAL", "DISCO_DATE")
Joining, by = "DISCO_DATE"
Joining, by = "DISCO_DATE"
Joining, by = "DISCO_DATE"
Joining, by = c("DISCO_DATE", "DATE_UPDATE")
Joining, by = "DATE_UPDATE"
Joining, by = c("DATE_UPDATE", "MATERIAL")
Joining, by = "MATERIAL"
Joining, by = c("DATE_UPDATE", "MATERIAL")
Joining, by = "DATE_UPDATE"
Joining, by = c("MATERIAL", "DATE_UPDATE")
Joining, by = "MATERIAL"
Joining, by = c("MATERIAL", "DATE_UPDATE")
Joining, by = "MATERIAL"
Joining, by = c("MATERIAL", "DISCO_DATE", "DATE_UPDATE")
Joining, by = c("MATERIAL", "DISCO_DATE", "DATE_UPDATE")
Joining, by = "MATERIAL"
Joining, by = c("MATERIAL", "DISCO_DATE", "DATE_UPDATE")
Joining, by = "MATERIAL"
Joining, by = c("MATERIAL", "DISCO_DATE", "DATE_UPDATE")
Joining, by = c("MATERIAL", "DISCO_DATE", "DATE_UPDATE")
Joining, by = c("MATERIAL", "DISCO_DATE", "DATE_UPDATE")
Joining, by = "MATERIAL"
Joining, by = c("MATERIAL", "DISCO_DATE", "DATE_UPDATE")
Joining, by = c("MATERIAL", "DISCO_DATE")
Joining, by = c("MATERIAL", "DISCO_DATE", "DATE_UPDATE")
Joining, by = c("MATERIAL", "DISCO_DATE", "DATE_UPDATE")
Joining, by = c("MATERIAL", "DISCO_DATE", "DATE_UPDATE")
Joining, by = c("MATERIAL", "DISCO_DATE")
Joining, by = c("MATERIAL", "DISCO_DATE")
Joining, by = c("MATERIAL", "DISCO_DATE", "DATE_UPDATE")
Joining, by = c("MATERIAL", "DISCO_DATE", "DATE_UPDATE")
Joining, by = c("MATERIAL", "DISCO_DATE")
Joining, by = "DATE_UPDATE"
Joining, by = c("MATERIAL", "DISCO_DATE", "DATE_UPDATE")
Joining, by = c("DISCO_DATE", "DATE_UPDATE")
Joining, by = c("MATERIAL", "DISCO_DATE", "DATE_UPDATE")
Joining, by = c("MATERIAL", "DISCO_DATE")
Joining, by = c("MATERIAL", "DISCO_DATE", "DATE_UPDATE")
Joining, by = "DISCO_DATE"
Joining, by = c("MATERIAL", "DISCO_DATE", "DATE_UPDATE")
Joining, by = c("DISCO_DATE", "DATE_UPDATE")
Joining, by = c("MATERIAL", "DISCO_DATE", "DATE_UPDATE")
Joining, by = c("MATERIAL", "DISCO_DATE", "DATE_UPDATE")
Joining, by = "DATE_UPDATE"
Joining, by = c("MATERIAL", "DISCO_DATE", "DATE_UPDATE")
Joining, by = c("MATERIAL", "DISCO_DATE", "DATE_UPDATE")
Joining, by = c("DISCO_DATE", "DATE_UPDATE")
Joining, by = c("MATERIAL", "DISCO_DATE", "DATE_UPDATE")
Joining, by = c("MATERIAL", "DISCO_DATE", "DATE_UPDATE")
Joining, by = c("MATERIAL", "DISCO_DATE")
Joining, by = c("MATERIAL", "DISCO_DATE", "DATE_UPDATE")
Joining, by = c("MATERIAL", "DISCO_DATE", "DATE_UPDATE")
Joining, by = "DISCO_DATE"
Joining, by = c("MATERIAL", "DISCO_DATE", "DATE_UPDATE")
Joining, by = c("MATERIAL", "DISCO_DATE", "DATE_UPDATE")
Joining, by = c("DISCO_DATE", "DATE_UPDATE")
Joining, by = c("MATERIAL", "DISCO_DATE", "DATE_UPDATE")
Joining, by = c("MATERIAL", "DISCO_DATE", "DATE_UPDATE")
Joining, by = c("MATERIAL", "DISCO_DATE", "DATE_UPDATE")
Joining, by = "DATE_UPDATE"
Joining, by = c("MATERIAL", "DISCO_DATE", "DATE_UPDATE")
Joining, by = c("MATERIAL", "DISCO_DATE", "DATE_UPDATE")
Joining, by = c("DISCO_DATE", "DATE_UPDATE")
Joining, by = c("MATERIAL", "DISCO_DATE", "DATE_UPDATE")
Joining, by = c("MATERIAL", "DISCO_DATE", "DATE_UPDATE")
Joining, by = c("MATERIAL", "DISCO_DATE")
Joining, by = c("MATERIAL", "DISCO_DATE", "DATE_UPDATE")
Joining, by = c("MATERIAL", "DISCO_DATE", "DATE_UPDATE")
Joining, by = "DISCO_DATE"
Joining, by = c("MATERIAL", "DISCO_DATE", "DATE_UPDATE")
Joining, by = c("MATERIAL", "DISCO_DATE", "DATE_UPDATE")
Joining, by = c("DISCO_DATE", "DATE_UPDATE")
Joining, by = c("MATERIAL", "DISCO_DATE", "DATE_UPDATE")
Joining, by = "DATE_UPDATE"
Joining, by = c("MATERIAL", "DISCO_DATE", "DATE_UPDATE")
Joining, by = c("DISCO_DATE", "DATE_UPDATE")
Joining, by = c("MATERIAL", "DISCO_DATE", "DATE_UPDATE")
Joining, by = c("MATERIAL", "DISCO_DATE")
Joining, by = c("MATERIAL", "DISCO_DATE", "DATE_UPDATE")
Joining, by = "DISCO_DATE"
Joining, by = c("MATERIAL", "DISCO_DATE", "DATE_UPDATE")
Joining, by = c("DISCO_DATE", "DATE_UPDATE")
Joining, by = c("MATERIAL", "DATE_UPDATE")
Joining, by = c("MATERIAL", "DISCO_DATE", "DATE_UPDATE")
Joining, by = c("MATERIAL", "DISCO_DATE", "DATE_UPDATE")
Joining, by = c("MATERIAL", "DATE_UPDATE")
Joining, by = c("MATERIAL", "DISCO_DATE", "DATE_UPDATE")
Joining, by = c("MATERIAL", "DISCO_DATE", "DATE_UPDATE")
Joining, by = c("MATERIAL", "DATE_UPDATE")
Joining, by = c("MATERIAL", "DISCO_DATE", "DATE_UPDATE")
Joining, by = c("MATERIAL", "DISCO_DATE", "DATE_UPDATE")
Joining, by = c("MATERIAL", "DATE_UPDATE")
Joining, by = c("MATERIAL", "DATE_UPDATE")
Joining, by = c("MATERIAL", "DISCO_DATE", "DATE_UPDATE")
Joining, by = c("MATERIAL", "DISCO_DATE", "DATE_UPDATE")
Joining, by = c("MATERIAL", "DATE_UPDATE")
Joining, by = c("MATERIAL", "DISCO_DATE", "DATE_UPDATE")
Joining, by = c("MATERIAL", "DISCO_DATE", "DATE_UPDATE")
Joining, by = c("MATERIAL", "DATE_UPDATE")
Joining, by = c("MATERIAL", "DISCO_DATE", "DATE_UPDATE")
Joining, by = c("MATERIAL", "DISCO_DATE", "DATE_UPDATE")
Joining, by = c("MATERIAL", "DATE_UPDATE")
Joining, by = "DATE_UPDATE"
Joining, by = c("MATERIAL", "DISCO_DATE", "DATE_UPDATE")
Joining, by = c("DISCO_DATE", "DATE_UPDATE")
Joining, by = c("MATERIAL", "DISCO_DATE", "DATE_UPDATE")
Joining, by = c("MATERIAL", "DISCO_DATE")
Joining, by = c("MATERIAL", "DISCO_DATE", "DATE_UPDATE")
Joining, by = "DISCO_DATE"
Joining, by = c("MATERIAL", "DISCO_DATE", "DATE_UPDATE")
Joining, by = c("DISCO_DATE", "DATE_UPDATE")
Joining, by = c("MATERIAL", "DISCO_DATE", "DATE_UPDATE")
Joining, by = "MATERIAL"
Joining, by = c("MATERIAL", "DISCO_DATE", "DATE_UPDATE")
Joining, by = c("MATERIAL", "DISCO_DATE")
Joining, by = c("MATERIAL", "DISCO_DATE", "DATE_UPDATE")
Joining, by = c("MATERIAL", "DATE_UPDATE")
Joining, by = c("MATERIAL", "DISCO_DATE", "DATE_UPDATE")
Joining, by = c("MATERIAL", "DISCO_DATE", "DATE_UPDATE")
Joining, by = "DATE_UPDATE"
Joining, by = c("MATERIAL", "DISCO_DATE", "DATE_UPDATE")
Joining, by = c("MATERIAL", "DISCO_DATE", "DATE_UPDATE")
Joining, by = c("DISCO_DATE", "DATE_UPDATE")
Joining, by = c("MATERIAL", "DISCO_DATE", "DATE_UPDATE")
Joining, by = c("MATERIAL", "DISCO_DATE", "DATE_UPDATE")
Joining, by = c("MATERIAL", "DISCO_DATE")
Joining, by = c("MATERIAL", "DISCO_DATE", "DATE_UPDATE")
Joining, by = c("MATERIAL", "DISCO_DATE", "DATE_UPDATE")
Joining, by = "DISCO_DATE"
Joining, by = c("MATERIAL", "DISCO_DATE", "DATE_UPDATE")
Joining, by = c("MATERIAL", "DISCO_DATE", "DATE_UPDATE")
Joining, by = c("DISCO_DATE", "DATE_UPDATE")
Joining, by = c("MATERIAL", "DISCO_DATE", "DATE_UPDATE")
Joining, by = c("MATERIAL", "DISCO_DATE", "DATE_UPDATE")
Joining, by = "MATERIAL"
Joining, by = c("MATERIAL", "DISCO_DATE", "DATE_UPDATE")
Joining, by = c("MATERIAL", "DISCO_DATE", "DATE_UPDATE")
Joining, by = c("MATERIAL", "DISCO_DATE")
Joining, by = c("MATERIAL", "DISCO_DATE", "DATE_UPDATE")
Joining, by = c("MATERIAL", "DISCO_DATE", "DATE_UPDATE")
Joining, by = c("MATERIAL", "DATE_UPDATE")
Joining, by = c("MATERIAL", "DISCO_DATE", "DATE_UPDATE")
Joining, by = c("MATERIAL", "DISCO_DATE", "DATE_UPDATE")
Joining, by = c("MATERIAL", "DATE_UPDATE")
Joining, by = c("MATERIAL", "DISCO_DATE", "DATE_UPDATE")
Joining, by = c("MATERIAL", "DATE_UPDATE")
Joining, by = c("MATERIAL", "DISCO_DATE", "DATE_UPDATE")
Joining, by = "DATE_UPDATE"
Joining, by = "MATERIAL"
Joining, by = "DATE_UPDATE"
Joining, by = "DISCO_DATE"
Joining, by = "DATE_UPDATE"
Joining, by = "DATE_UPDATE"
Joining, by = c("DISCO_DATE", "DATE_UPDATE")
Joining, by = "MATERIAL"
Joining, by = c("DISCO_DATE", "DATE_UPDATE")
Joining, by = "DISCO_DATE"
Joining, by = c("DISCO_DATE", "DATE_UPDATE")
Joining, by = "DATE_UPDATE"
Joining, by = c("MATERIAL", "DISCO_DATE")
Joining, by = "MATERIAL"
Joining, by = "DISCO_DATE"
Joining, by = "MATERIAL"
Joining, by = c("DISCO_DATE", "DATE_UPDATE")
Joining, by = "MATERIAL"
Joining, by = c("MATERIAL", "DISCO_DATE")
Joining, by = "DISCO_DATE"
Joining, by = c("MATERIAL", "DISCO_DATE")
Joining, by = "DATE_UPDATE"
Joining, by = "DISCO_DATE"
Joining, by = "DISCO_DATE"
Joining, by = c("DISCO_DATE", "DATE_UPDATE")
Joining, by = "DISCO_DATE"
Joining, by = "DISCO_DATE"
Joining, by = "DATE_UPDATE"
Joining, by = c("DISCO_DATE", "DATE_UPDATE")
Joining, by = "DATE_UPDATE"
Joining, by = "MATERIAL"
Joining, by = "DATE_UPDATE"
Joining, by = "MATERIAL"
Joining, by = "MATERIAL"
Joining, by = "MATERIAL"
Joining, by = "DISCO_DATE"
Joining, by = c("MATERIAL", "DISCO_DATE")
Joining, by = "DATE_UPDATE"
Joining, by = c("MATERIAL", "DISCO_DATE")
Joining, by = "MATERIAL"
Joining, by = c("MATERIAL", "DISCO_DATE")
Joining, by = "DISCO_DATE"
Joining, by = c("MATERIAL", "DATE_UPDATE")
Joining, by = "DATE_UPDATE"
Joining, by = c("MATERIAL", "DATE_UPDATE")
Joining, by = "MATERIAL"
Joining, by = c("MATERIAL", "DATE_UPDATE")
Joining, by = "DISCO_DATE"
Joining, by = c("MATERIAL", "DATE_UPDATE")
Joining, by = "DATE_UPDATE"
Joining, by = c("MATERIAL", "DATE_UPDATE")
Joining, by = "MATERIAL"
Joining, by = c("MATERIAL", "DATE_UPDATE")
Joining, by = "DISCO_DATE"
Joining, by = "DATE_UPDATE"
Joining, by = c("DATE_UPDATE", "DISCO_DATE")
Joining, by = "DATE_UPDATE"
Joining, by = "DATE_UPDATE"
Joining, by = "DATE_UPDATE"
Joining, by = c("DATE_UPDATE", "DISCO_DATE")
Joining, by = "DATE_UPDATE"
Joining, by = c("DATE_UPDATE", "MATERIAL")
Joining, by = "DATE_UPDATE"
Joining, by = c("DATE_UPDATE", "MATERIAL")
Joining, by = "MATERIAL"
Joining, by = c("MATERIAL", "DISCO_DATE")
Joining, by = "MATERIAL"
Joining, by = "MATERIAL"
Joining, by = "MATERIAL"
Joining, by = c("MATERIAL", "DISCO_DATE")
Joining, by = "DISCO_DATE"
Joining, by = "DISCO_DATE"
Joining, by = "DISCO_DATE"
Joining, by = c("DISCO_DATE", "DATE_UPDATE")
Joining, by = "DISCO_DATE"
Joining, by = c("DISCO_DATE", "DATE_UPDATE")
Joining, by = "DISCO_DATE"
Joining, by = c("DISCO_DATE", "MATERIAL")
Joining, by = "DISCO_DATE"
Joining, by = c("DISCO_DATE", "MATERIAL")
Joining, by = "MATERIAL"
Joining, by = c("MATERIAL", "DATE_UPDATE")
Joining, by = "MATERIAL"
Joining, by = c("MATERIAL", "DATE_UPDATE")
Joining, by = "DISCO_DATE"
Joining, by = "DISCO_DATE"
Joining, by = "DISCO_DATE"
Joining, by = c("DISCO_DATE", "DATE_UPDATE")
Joining, by = "DISCO_DATE"
Joining, by = "DATE_UPDATE"
Joining, by = "DISCO_DATE"
Joining, by = c("DISCO_DATE", "DATE_UPDATE")
Joining, by = "DISCO_DATE"
Joining, by = c("DISCO_DATE", "MATERIAL")
Joining, by = "DISCO_DATE"
Joining, by = "MATERIAL"
Joining, by = "DISCO_DATE"
Joining, by = c("DISCO_DATE", "MATERIAL")
Joining, by = "DISCO_DATE"
Joining, by = "DISCO_DATE"
Joining, by = c("DISCO_DATE", "DATE_UPDATE")
Joining, by = "DISCO_DATE"
Joining, by = "DATE_UPDATE"
Joining, by = "DISCO_DATE"
Joining, by = c("DATE_UPDATE", "DISCO_DATE")
Joining, by = "DISCO_DATE"
Joining, by = c("MATERIAL", "DISCO_DATE")
Joining, by = "DISCO_DATE"
Joining, by = "MATERIAL"
Joining, by = "DISCO_DATE"
Joining, by = c("DISCO_DATE", "MATERIAL")
Joining, by = "DISCO_DATE"
Joining, by = "DISCO_DATE"
Joining, by = "DATE_UPDATE"
Joining, by = c("DISCO_DATE", "DATE_UPDATE")
Joining, by = "DATE_UPDATE"
Joining, by = "DATE_UPDATE"
Joining, by = "DATE_UPDATE"
Joining, by = c("DATE_UPDATE", "DISCO_DATE")
Joining, by = "DATE_UPDATE"
Joining, by = c("MATERIAL", "DISCO_DATE")
Joining, by = "DATE_UPDATE"
Joining, by = "DISCO_DATE"
Joining, by = "MATERIAL"
Joining, by = c("DISCO_DATE", "DATE_UPDATE")
Joining, by = "MATERIAL"
Joining, by = "DATE_UPDATE"
Joining, by = "MATERIAL"
Joining, by = c("DATE_UPDATE", "DISCO_DATE")
Joining, by = "MATERIAL"
Joining, by = c("MATERIAL", "DISCO_DATE")
Joining, by = "MATERIAL"
Joining, by = "MATERIAL"
Joining, by = "MATERIAL"
Joining, by = "MATERIAL"
Joining, by = "DATE_UPDATE"
Joining, by = c("DISCO_DATE", "MATERIAL")
Joining, by = "MATERIAL"
Joining, by = c("DISCO_DATE", "MATERIAL")
Joining, by = "DATE_UPDATE"
Joining, by = c("DATE_UPDATE", "MATERIAL")
Joining, by = "MATERIAL"
Joining, by = c("DATE_UPDATE", "MATERIAL")
Joining, by = "DATE_UPDATE"
Joining, by = c("DATE_UPDATE", "MATERIAL")
Joining, by = "DISCO_DATE"
Joining, by = "MATERIAL"
Joining, by = "DISCO_DATE"
Joining, by = "MATERIAL"
Joining, by = c("DISCO_DATE", "DATE_UPDATE")
Joining, by = "MATERIAL"
Joining, by = "DATE_UPDATE"
Joining, by = "MATERIAL"
Joining, by = c("DISCO_DATE", "DATE_UPDATE")
Joining, by = "MATERIAL"
Joining, by = c("MATERIAL", "DISCO_DATE")
Joining, by = "MATERIAL"
Joining, by = c("MATERIAL", "DISCO_DATE")
Joining, by = "MATERIAL"
Joining, by = "MATERIAL"
Joining, by = "DATE_UPDATE"
Joining, by = "DISCO_DATE"
Joining, by = "DATE_UPDATE"
Joining, by = c("DATE_UPDATE", "DISCO_DATE")
Joining, by = "DATE_UPDATE"
Joining, by = "DATE_UPDATE"
Joining, by = "DATE_UPDATE"
Joining, by = c("DATE_UPDATE", "DISCO_DATE")
Joining, by = "DATE_UPDATE"
Joining, by = c("MATERIAL", "DISCO_DATE")
Joining, by = "DATE_UPDATE"
Joining, by = c("MATERIAL", "DISCO_DATE")
Joining, by = "DATE_UPDATE"
Joining, by = "MATERIAL"
Joining, by = "DATE_UPDATE"
Joining, by = c("DATE_UPDATE", "MATERIAL")
Joining, by = "MATERIAL"
Joining, by = c("MATERIAL", "DATE_UPDATE")
Joining, by = "DISCO_DATE"
Joining, by = c("MATERIAL", "DATE_UPDATE")
Joining, by = "DATE_UPDATE"
Joining, by = c("DATE_UPDATE", "MATERIAL")
Joining, by = c("MATERIAL", "DATE_UPDATE")
Joining, by = "DATE_UPDATE"
Joining, by = c("MATERIAL", "DATE_UPDATE")
Joining, by = "MATERIAL"
Joining, by = c("MATERIAL", "DATE_UPDATE")
Joining, by = "DISCO_DATE"
Joining, by = "MATERIAL"
Joining, by = c("MATERIAL", "DATE_UPDATE")
Joining, by = "DISCO_DATE"
Joining, by = c("MATERIAL", "DATE_UPDATE")
Joining, by = c("MATERIAL", "DISCO_DATE", "DATE_UPDATE")
Joining, by = "DISCO_DATE"
Joining, by = c("DISCO_DATE", "MATERIAL", "DATE_UPDATE")
Joining, by = "DISCO_DATE"
Joining, by = c("DISCO_DATE", "MATERIAL", "DATE_UPDATE")
Joining, by = c("MATERIAL", "DISCO_DATE", "DATE_UPDATE")
Joining, by = c("DISCO_DATE", "DATE_UPDATE")
Joining, by = c("DISCO_DATE", "DATE_UPDATE", "MATERIAL")
Joining, by = c("DISCO_DATE", "DATE_UPDATE")
Joining, by = c("DISCO_DATE", "DATE_UPDATE", "MATERIAL")
Joining, by = c("MATERIAL", "DISCO_DATE", "DATE_UPDATE")
Joining, by = "DATE_UPDATE"
Joining, by = c("DATE_UPDATE", "MATERIAL", "DISCO_DATE")
Joining, by = "DATE_UPDATE"
Joining, by = c("DATE_UPDATE", "MATERIAL", "DISCO_DATE")
Joining, by = c("MATERIAL", "DISCO_DATE", "DATE_UPDATE")
Joining, by = c("DATE_UPDATE", "DISCO_DATE")
Joining, by = c("DATE_UPDATE", "DISCO_DATE", "MATERIAL")
Joining, by = c("DATE_UPDATE", "DISCO_DATE")
Joining, by = c("DATE_UPDATE", "DISCO_DATE", "MATERIAL")
Joining, by = c("MATERIAL", "DISCO_DATE", "DATE_UPDATE")
Joining, by = c("MATERIAL", "DISCO_DATE")
Joining, by = c("MATERIAL", "DISCO_DATE", "DATE_UPDATE")
Joining, by = c("MATERIAL", "DISCO_DATE")
Joining, by = c("MATERIAL", "DISCO_DATE", "DATE_UPDATE")
Joining, by = c("MATERIAL", "DISCO_DATE", "DATE_UPDATE")
Joining, by = c("DISCO_DATE", "MATERIAL")
Joining, by = c("DISCO_DATE", "MATERIAL", "DATE_UPDATE")
Joining, by = c("DISCO_DATE", "MATERIAL")
Joining, by = c("DISCO_DATE", "MATERIAL", "DATE_UPDATE")
Joining, by = c("MATERIAL", "DISCO_DATE", "DATE_UPDATE")
Joining, by = "MATERIAL"
Joining, by = c("MATERIAL", "DISCO_DATE", "DATE_UPDATE")
Joining, by = "MATERIAL"
Joining, by = c("MATERIAL", "DISCO_DATE", "DATE_UPDATE")
Joining, by = c("MATERIAL", "DISCO_DATE", "DATE_UPDATE")
Joining, by = c("DATE_UPDATE", "MATERIAL")
Joining, by = c("DATE_UPDATE", "MATERIAL", "DISCO_DATE")
Joining, by = c("DATE_UPDATE", "MATERIAL")
Joining, by = c("DATE_UPDATE", "MATERIAL", "DISCO_DATE")
Joining, by = c("MATERIAL", "DISCO_DATE", "DATE_UPDATE")
Joining, by = c("MATERIAL", "DATE_UPDATE")
Joining, by = c("MATERIAL", "DATE_UPDATE", "DISCO_DATE")
Joining, by = c("MATERIAL", "DATE_UPDATE")
Joining, by = c("MATERIAL", "DATE_UPDATE", "DISCO_DATE")
Joining, by = c("MATERIAL", "DISCO_DATE", "DATE_UPDATE")
Joining, by = "DISCO_DATE"
Joining, by = c("MATERIAL", "DISCO_DATE", "DATE_UPDATE")
Joining, by = c("MATERIAL", "DISCO_DATE", "DATE_UPDATE")
Joining, by = c("DISCO_DATE", "DATE_UPDATE")
Joining, by = c("MATERIAL", "DISCO_DATE", "DATE_UPDATE")
Joining, by = c("MATERIAL", "DISCO_DATE", "DATE_UPDATE")
Joining, by = "DATE_UPDATE"
Joining, by = c("MATERIAL", "DISCO_DATE", "DATE_UPDATE")
Joining, by = c("MATERIAL", "DISCO_DATE", "DATE_UPDATE")
Joining, by = c("DISCO_DATE", "DATE_UPDATE")
Joining, by = c("MATERIAL", "DISCO_DATE", "DATE_UPDATE")
Joining, by = c("MATERIAL", "DISCO_DATE", "DATE_UPDATE")
Joining, by = c("MATERIAL", "DISCO_DATE")
Joining, by = c("MATERIAL", "DISCO_DATE", "DATE_UPDATE")
Joining, by = c("MATERIAL", "DISCO_DATE", "DATE_UPDATE")
Joining, by = c("MATERIAL", "DISCO_DATE")
Joining, by = c("MATERIAL", "DISCO_DATE", "DATE_UPDATE")
Joining, by = c("MATERIAL", "DISCO_DATE", "DATE_UPDATE")
Joining, by = "MATERIAL"
Joining, by = c("MATERIAL", "DISCO_DATE", "DATE_UPDATE")
Joining, by = "DISCO_DATE"
Joining, by = c("MATERIAL", "DISCO_DATE", "DATE_UPDATE")
Joining, by = c("DISCO_DATE", "DATE_UPDATE")
Joining, by = c("MATERIAL", "DISCO_DATE", "DATE_UPDATE")
Joining, by = "DATE_UPDATE"
Joining, by = c("MATERIAL", "DISCO_DATE", "DATE_UPDATE")
Joining, by = c("DISCO_DATE", "DATE_UPDATE")
Joining, by = c("MATERIAL", "DISCO_DATE", "DATE_UPDATE")
Joining, by = c("MATERIAL", "DISCO_DATE")
Joining, by = c("MATERIAL", "DISCO_DATE", "DATE_UPDATE")
Joining, by = c("MATERIAL", "DISCO_DATE")
Joining, by = c("MATERIAL", "DISCO_DATE", "DATE_UPDATE")
Joining, by = "MATERIAL"
Joining, by = c("MATERIAL", "DISCO_DATE", "DATE_UPDATE")
Joining, by = c("MATERIAL", "DATE_UPDATE")
Joining, by = c("MATERIAL", "DISCO_DATE", "DATE_UPDATE")
Joining, by = c("MATERIAL", "DISCO_DATE", "DATE_UPDATE")
Joining, by = c("MATERIAL", "DATE_UPDATE")
Joining, by = c("MATERIAL", "DISCO_DATE", "DATE_UPDATE")
Joining, by = c("MATERIAL", "DATE_UPDATE")
Joining, by = c("MATERIAL", "DISCO_DATE", "DATE_UPDATE")
Joining, by = c("MATERIAL", "DISCO_DATE", "DATE_UPDATE")
Joining, by = c("MATERIAL", "DATE_UPDATE")
Joining, by = c("MATERIAL", "DISCO_DATE", "DATE_UPDATE")
Joining, by = c("MATERIAL", "DISCO_DATE", "DATE_UPDATE")
Joining, by = "DISCO_DATE"
Joining, by = c("MATERIAL", "DISCO_DATE", "DATE_UPDATE")
Joining, by = c("DISCO_DATE", "DATE_UPDATE")
Joining, by = c("MATERIAL", "DISCO_DATE", "DATE_UPDATE")
Joining, by = "DATE_UPDATE"
Joining, by = c("MATERIAL", "DISCO_DATE", "DATE_UPDATE")
Joining, by = c("DISCO_DATE", "DATE_UPDATE")
Joining, by = c("MATERIAL", "DISCO_DATE", "DATE_UPDATE")
Joining, by = c("MATERIAL", "DISCO_DATE")
Joining, by = c("MATERIAL", "DISCO_DATE", "DATE_UPDATE")
Joining, by = c("MATERIAL", "DISCO_DATE")
Joining, by = c("MATERIAL", "DISCO_DATE", "DATE_UPDATE")
Joining, by = "MATERIAL"
Joining, by = c("MATERIAL", "DISCO_DATE", "DATE_UPDATE")
Joining, by = c("MATERIAL", "DISCO_DATE", "DATE_UPDATE")
Joining, by = "DISCO_DATE"
Joining, by = c("MATERIAL", "DISCO_DATE", "DATE_UPDATE")
Joining, by = c("MATERIAL", "DISCO_DATE", "DATE_UPDATE")
Joining, by = c("DISCO_DATE", "DATE_UPDATE")
Joining, by = c("MATERIAL", "DISCO_DATE", "DATE_UPDATE")
Joining, by = c("MATERIAL", "DISCO_DATE", "DATE_UPDATE")
Joining, by = "DATE_UPDATE"
Joining, by = c("MATERIAL", "DISCO_DATE", "DATE_UPDATE")
Joining, by = c("MATERIAL", "DISCO_DATE", "DATE_UPDATE")
Joining, by = c("DISCO_DATE", "DATE_UPDATE")
Joining, by = c("MATERIAL", "DISCO_DATE", "DATE_UPDATE")
Joining, by = c("MATERIAL", "DISCO_DATE", "DATE_UPDATE")
Joining, by = c("MATERIAL", "DISCO_DATE")
Joining, by = c("MATERIAL", "DISCO_DATE", "DATE_UPDATE")
Joining, by = c("MATERIAL", "DISCO_DATE", "DATE_UPDATE")
Joining, by = c("MATERIAL", "DISCO_DATE")
Joining, by = c("MATERIAL", "DISCO_DATE", "DATE_UPDATE")
Joining, by = c("MATERIAL", "DISCO_DATE", "DATE_UPDATE")
Joining, by = "MATERIAL"
Joining, by = c("MATERIAL", "DISCO_DATE", "DATE_UPDATE")
Joining, by = c("MATERIAL", "DISCO_DATE", "DATE_UPDATE")
Joining, by = c("MATERIAL", "DATE_UPDATE")
Joining, by = c("MATERIAL", "DISCO_DATE", "DATE_UPDATE")
Joining, by = c("MATERIAL", "DATE_UPDATE")
Joining, by = c("MATERIAL", "DISCO_DATE", "DATE_UPDATE")
Joining, by = "DISCO_DATE"
Joining, by = c("DISCO_DATE", "MATERIAL", "DATE_UPDATE")
Joining, by = c("MATERIAL", "DISCO_DATE", "DATE_UPDATE")
Joining, by = c("DISCO_DATE", "DATE_UPDATE")
Joining, by = c("DISCO_DATE", "DATE_UPDATE", "MATERIAL")
Joining, by = c("MATERIAL", "DISCO_DATE", "DATE_UPDATE")
Joining, by = "DATE_UPDATE"
Joining, by = c("DATE_UPDATE", "MATERIAL", "DISCO_DATE")
Joining, by = c("MATERIAL", "DISCO_DATE", "DATE_UPDATE")
Joining, by = c("DATE_UPDATE", "DISCO_DATE")
Joining, by = c("DATE_UPDATE", "DISCO_DATE", "MATERIAL")
Joining, by = c("MATERIAL", "DISCO_DATE", "DATE_UPDATE")
Joining, by = c("MATERIAL", "DISCO_DATE")
Joining, by = c("MATERIAL", "DISCO_DATE", "DATE_UPDATE")
Joining, by = c("MATERIAL", "DISCO_DATE", "DATE_UPDATE")
Joining, by = c("DISCO_DATE", "MATERIAL")
Joining, by = c("DISCO_DATE", "MATERIAL", "DATE_UPDATE")
Joining, by = c("MATERIAL", "DISCO_DATE", "DATE_UPDATE")
Joining, by = "MATERIAL"
Joining, by = c("MATERIAL", "DISCO_DATE", "DATE_UPDATE")
Joining, by = "DISCO_DATE"
Joining, by = c("DISCO_DATE", "MATERIAL", "DATE_UPDATE")
Joining, by = c("DISCO_DATE", "DATE_UPDATE")
Joining, by = c("DISCO_DATE", "DATE_UPDATE", "MATERIAL")
Joining, by = "DATE_UPDATE"
Joining, by = c("DATE_UPDATE", "MATERIAL", "DISCO_DATE")
Joining, by = c("DATE_UPDATE", "DISCO_DATE")
Joining, by = c("DATE_UPDATE", "DISCO_DATE", "MATERIAL")
Joining, by = c("MATERIAL", "DISCO_DATE")
Joining, by = c("MATERIAL", "DISCO_DATE", "DATE_UPDATE")
Joining, by = c("DISCO_DATE", "MATERIAL")
Joining, by = c("DISCO_DATE", "MATERIAL", "DATE_UPDATE")
Joining, by = "MATERIAL"
Joining, by = c("MATERIAL", "DISCO_DATE", "DATE_UPDATE")
Joining, by = c("DATE_UPDATE", "MATERIAL")
Joining, by = c("DATE_UPDATE", "MATERIAL", "DISCO_DATE")
Joining, by = c("MATERIAL", "DISCO_DATE", "DATE_UPDATE")
Joining, by = c("DATE_UPDATE", "MATERIAL")
Joining, by = c("DATE_UPDATE", "MATERIAL", "DISCO_DATE")
Joining, by = c("MATERIAL", "DISCO_DATE", "DATE_UPDATE")
Joining, by = c("MATERIAL", "DATE_UPDATE")
Joining, by = c("MATERIAL", "DISCO_DATE", "DATE_UPDATE")
Joining, by = c("MATERIAL", "DISCO_DATE", "DATE_UPDATE")
Joining, by = c("MATERIAL", "DATE_UPDATE")
Joining, by = c("MATERIAL", "DATE_UPDATE")
Joining, by = c("MATERIAL", "DATE_UPDATE", "DISCO_DATE")
Joining, by = c("MATERIAL", "DISCO_DATE", "DATE_UPDATE")
Joining, by = c("MATERIAL", "DATE_UPDATE")
Joining, by = c("MATERIAL", "DATE_UPDATE", "DISCO_DATE")
Joining, by = "DISCO_DATE"
Joining, by = c("MATERIAL", "DISCO_DATE", "DATE_UPDATE")
Joining, by = c("DISCO_DATE", "DATE_UPDATE")
Joining, by = c("MATERIAL", "DISCO_DATE", "DATE_UPDATE")
Joining, by = "DATE_UPDATE"
Joining, by = c("MATERIAL", "DISCO_DATE", "DATE_UPDATE")
Joining, by = c("DISCO_DATE", "DATE_UPDATE")
Joining, by = c("MATERIAL", "DISCO_DATE", "DATE_UPDATE")
Joining, by = c("MATERIAL", "DISCO_DATE")
Joining, by = c("MATERIAL", "DISCO_DATE", "DATE_UPDATE")
Joining, by = c("MATERIAL", "DISCO_DATE")
Joining, by = c("MATERIAL", "DISCO_DATE", "DATE_UPDATE")
Joining, by = "MATERIAL"
Joining, by = c("MATERIAL", "DISCO_DATE", "DATE_UPDATE")
Joining, by = c("MATERIAL", "DATE_UPDATE")
Joining, by = c("MATERIAL", "DISCO_DATE", "DATE_UPDATE")
Joining, by = c("MATERIAL", "DISCO_DATE", "DATE_UPDATE")
Joining, by = "DISCO_DATE"
Joining, by = c("MATERIAL", "DISCO_DATE", "DATE_UPDATE")
Joining, by = c("MATERIAL", "DISCO_DATE", "DATE_UPDATE")
Joining, by = c("DISCO_DATE", "DATE_UPDATE")
Joining, by = c("MATERIAL", "DISCO_DATE", "DATE_UPDATE")
Joining, by = c("MATERIAL", "DISCO_DATE", "DATE_UPDATE")
Joining, by = "DATE_UPDATE"
Joining, by = c("MATERIAL", "DISCO_DATE", "DATE_UPDATE")
Joining, by = c("MATERIAL", "DISCO_DATE", "DATE_UPDATE")
Joining, by = c("DISCO_DATE", "DATE_UPDATE")
Joining, by = c("MATERIAL", "DISCO_DATE", "DATE_UPDATE")
Joining, by = c("MATERIAL", "DISCO_DATE", "DATE_UPDATE")
Joining, by = c("MATERIAL", "DISCO_DATE")
Joining, by = c("MATERIAL", "DISCO_DATE", "DATE_UPDATE")
Joining, by = c("MATERIAL", "DISCO_DATE", "DATE_UPDATE")
Joining, by = c("MATERIAL", "DISCO_DATE")
Joining, by = c("MATERIAL", "DISCO_DATE", "DATE_UPDATE")
Joining, by = c("MATERIAL", "DISCO_DATE", "DATE_UPDATE")
Joining, by = "MATERIAL"
Joining, by = c("MATERIAL", "DISCO_DATE", "DATE_UPDATE")
Joining, by = c("MATERIAL", "DISCO_DATE", "DATE_UPDATE")
Joining, by = c("MATERIAL", "DATE_UPDATE")
Joining, by = c("MATERIAL", "DISCO_DATE", "DATE_UPDATE")
Joining, by = c("MATERIAL", "DISCO_DATE", "DATE_UPDATE")
Joining, by = c("MATERIAL", "DATE_UPDATE")
Joining, by = c("MATERIAL", "DISCO_DATE", "DATE_UPDATE")
Joining, by = c("MATERIAL", "DATE_UPDATE")
Joining, by = c("MATERIAL", "DISCO_DATE", "DATE_UPDATE")
Joining, by = "DISCO_DATE"
Joining, by = "DISCO_DATE"
Joining, by = "DISCO_DATE"
Joining, by = c("DISCO_DATE", "DATE_UPDATE")
Joining, by = "DATE_UPDATE"
Joining, by = c("DATE_UPDATE", "DISCO_DATE")
Joining, by = "DATE_UPDATE"
Joining, by = "DATE_UPDATE"
Joining, by = "DISCO_DATE"
Joining, by = c("DISCO_DATE", "DATE_UPDATE")
Joining, by = "DATE_UPDATE"
Joining, by = c("DATE_UPDATE", "DISCO_DATE")
Joining, by = "MATERIAL"
Joining, by = c("MATERIAL", "DISCO_DATE")
Joining, by = "DISCO_DATE"
Joining, by = c("DISCO_DATE", "MATERIAL")
Joining, by = "MATERIAL"
Joining, by = c("MATERIAL", "DISCO_DATE")
Joining, by = "MATERIAL"
Joining, by = "MATERIAL"
Joining, by = "DISCO_DATE"
Joining, by = c("DISCO_DATE", "MATERIAL")
Joining, by = "DATE_UPDATE"
Joining, by = c("DATE_UPDATE", "MATERIAL")
Joining, by = "MATERIAL"
Joining, by = c("MATERIAL", "DATE_UPDATE")
Joining, by = "DISCO_DATE"
Joining, by = "MATERIAL"
Joining, by = "DISCO_DATE"
Joining, by = "DISCO_DATE"
Joining, by = "DISCO_DATE"
Joining, by = c("DISCO_DATE", "DATE_UPDATE")
Joining, by = "DISCO_DATE"
Joining, by = "DATE_UPDATE"
Joining, by = "DISCO_DATE"
Joining, by = c("DISCO_DATE", "DATE_UPDATE")
Joining, by = "DISCO_DATE"
Joining, by = c("DISCO_DATE", "MATERIAL")
Joining, by = "DISCO_DATE"
Joining, by = c("DISCO_DATE", "MATERIAL")
Joining, by = "DATE_UPDATE"
Joining, by = "MATERIAL"
Joining, by = "DATE_UPDATE"
Joining, by = "DISCO_DATE"
Joining, by = "DATE_UPDATE"
Joining, by = c("DATE_UPDATE", "DISCO_DATE")
Joining, by = "DATE_UPDATE"
Joining, by = "DATE_UPDATE"
Joining, by = "DATE_UPDATE"
Joining, by = c("DATE_UPDATE", "DISCO_DATE")
Joining, by = "DATE_UPDATE"
Joining, by = c("MATERIAL", "DISCO_DATE")
Joining, by = "DATE_UPDATE"
Joining, by = c("MATERIAL", "DISCO_DATE")
Joining, by = "MATERIAL"
Joining, by = "MATERIAL"
Joining, by = "MATERIAL"
Joining, by = "DISCO_DATE"
Joining, by = "MATERIAL"
Joining, by = c("DISCO_DATE", "DATE_UPDATE")
Joining, by = "MATERIAL"
Joining, by = "DATE_UPDATE"
Joining, by = "MATERIAL"
Joining, by = c("DISCO_DATE", "DATE_UPDATE")
Joining, by = "MATERIAL"
Joining, by = c("MATERIAL", "DISCO_DATE")
Joining, by = "MATERIAL"
Joining, by = c("MATERIAL", "DISCO_DATE")
Joining, by = "MATERIAL"
Joining, by = c("MATERIAL", "DATE_UPDATE")
Joining, by = "DISCO_DATE"
Joining, by = c("MATERIAL", "DATE_UPDATE")
Joining, by = "DATE_UPDATE"
Joining, by = c("DATE_UPDATE", "MATERIAL")
Joining, by = "MATERIAL"
Joining, by = c("MATERIAL", "DATE_UPDATE")
Joining, by = "DISCO_DATE"
Joining, by = c("MATERIAL", "DATE_UPDATE")
Joining, by = "DATE_UPDATE"
Joining, by = c("DATE_UPDATE", "MATERIAL")
Joining, by = "MATERIAL"
Joining, by = c("MATERIAL", "DATE_UPDATE")
Joining, by = "DATE_UPDATE"
Joining, by = c("DATE_UPDATE", "MATERIAL")
Joining, by = "MATERIAL"
Joining, by = "MATERIAL"
Joining, by = "DISCO_DATE"
Joining, by = "MATERIAL"
Joining, by = c("DISCO_DATE", "DATE_UPDATE")
Joining, by = "MATERIAL"
Joining, by = "DATE_UPDATE"
Joining, by = "MATERIAL"
Joining, by = c("DISCO_DATE", "DATE_UPDATE")
Joining, by = "MATERIAL"
Joining, by = c("MATERIAL", "DISCO_DATE")
Joining, by = "MATERIAL"
Joining, by = c("MATERIAL", "DISCO_DATE")
Joining, by = "MATERIAL"
Joining, by = "MATERIAL"
Joining, by = "DISCO_DATE"
Joining, by = "DISCO_DATE"
Joining, by = "DISCO_DATE"
Joining, by = c("DISCO_DATE", "DATE_UPDATE")
Joining, by = "DISCO_DATE"
Joining, by = "DATE_UPDATE"
Joining, by = "DISCO_DATE"
Joining, by = c("DISCO_DATE", "DATE_UPDATE")
Joining, by = "DISCO_DATE"
Joining, by = c("MATERIAL", "DISCO_DATE")
Joining, by = "DISCO_DATE"
Joining, by = c("MATERIAL", "DISCO_DATE")
Joining, by = "DISCO_DATE"
Joining, by = "MATERIAL"
Joining, by = "DATE_UPDATE"
Joining, by = "DISCO_DATE"
Joining, by = "DATE_UPDATE"
Joining, by = c("DISCO_DATE", "DATE_UPDATE")
Joining, by = "DATE_UPDATE"
Joining, by = "DATE_UPDATE"
Joining, by = "DATE_UPDATE"
Joining, by = c("DISCO_DATE", "DATE_UPDATE")
Joining, by = "DATE_UPDATE"
Joining, by = c("MATERIAL", "DISCO_DATE")
Joining, by = "DATE_UPDATE"
Joining, by = c("MATERIAL", "DISCO_DATE")
Joining, by = "DATE_UPDATE"
Joining, by = "MATERIAL"
Joining, by = "DATE_UPDATE"
Joining, by = "DISCO_DATE"
Joining, by = "DATE_UPDATE"
Joining, by = c("DISCO_DATE", "DATE_UPDATE")
Joining, by = "DATE_UPDATE"
Joining, by = "DATE_UPDATE"
Joining, by = "DATE_UPDATE"
Joining, by = c("DATE_UPDATE", "DISCO_DATE")
Joining, by = "DATE_UPDATE"
Joining, by = c("MATERIAL", "DISCO_DATE")
Joining, by = "DATE_UPDATE"
Joining, by = c("DISCO_DATE", "MATERIAL")
Joining, by = "DATE_UPDATE"
Joining, by = "MATERIAL"
Joining, by = "MATERIAL"
Joining, by = "DISCO_DATE"
Joining, by = "MATERIAL"
Joining, by = c("DISCO_DATE", "DATE_UPDATE")
Joining, by = "MATERIAL"
Joining, by = "DATE_UPDATE"
Joining, by = "MATERIAL"
Joining, by = c("DATE_UPDATE", "DISCO_DATE")
Joining, by = "MATERIAL"
Joining, by = c("MATERIAL", "DISCO_DATE")
Joining, by = "MATERIAL"
Joining, by = c("DISCO_DATE", "MATERIAL")
Joining, by = "MATERIAL"
Joining, by = "MATERIAL"
Joining, by = "DISCO_DATE"
Joining, by = "DISCO_DATE"
Joining, by = "DISCO_DATE"
Joining, by = c("DISCO_DATE", "DATE_UPDATE")
Joining, by = "DISCO_DATE"
Joining, by = "DATE_UPDATE"
Joining, by = "DISCO_DATE"
Joining, by = c("DATE_UPDATE", "DISCO_DATE")
Joining, by = "DISCO_DATE"
Joining, by = c("MATERIAL", "DISCO_DATE")
Joining, by = "DISCO_DATE"
Joining, by = c("DISCO_DATE", "MATERIAL")
Joining, by = "DISCO_DATE"
Joining, by = c("MATERIAL", "DATE_UPDATE")
Joining, by = "DISCO_DATE"
Joining, by = c("MATERIAL", "DATE_UPDATE")
Joining, by = "DATE_UPDATE"
Joining, by = c("DATE_UPDATE", "MATERIAL")
Joining, by = "DISCO_DATE"
Joining, by = c("DATE_UPDATE", "MATERIAL")
Joining, by = "DATE_UPDATE"
Joining, by = c("DATE_UPDATE", "MATERIAL")
Joining, by = "MATERIAL"
Joining, by = c("MATERIAL", "DATE_UPDATE")
Joining, by = "MATERIAL"
Joining, by = c("MATERIAL", "DATE_UPDATE")
Joining, by = "DISCO_DATE"
Joining, by = c("MATERIAL", "DATE_UPDATE")
Joining, by = "DATE_UPDATE"
Joining, by = c("MATERIAL", "DATE_UPDATE")
Joining, by = "DISCO_DATE"
Joining, by = c("MATERIAL", "DATE_UPDATE")
Joining, by = "DATE_UPDATE"
Joining, by = c("MATERIAL", "DATE_UPDATE")
Joining, by = "MATERIAL"
Joining, by = c("MATERIAL", "DATE_UPDATE")
Joining, by = "MATERIAL"
Joining, by = c("MATERIAL", "DISCO_DATE", "DATE_UPDATE")
Joining, by = "DATE_UPDATE"
Joining, by = c("MATERIAL", "DISCO_DATE", "DATE_UPDATE")
Joining, by = c("MATERIAL", "DISCO_DATE", "DATE_UPDATE")
Joining, by = c("DISCO_DATE", "DATE_UPDATE")
Joining, by = c("MATERIAL", "DISCO_DATE", "DATE_UPDATE")
Joining, by = c("MATERIAL", "DISCO_DATE", "DATE_UPDATE")
Joining, by = "MATERIAL"
Joining, by = c("MATERIAL", "DISCO_DATE", "DATE_UPDATE")
Joining, by = c("MATERIAL", "DISCO_DATE", "DATE_UPDATE")
Joining, by = c("DISCO_DATE", "DATE_UPDATE")
Joining, by = c("MATERIAL", "DISCO_DATE", "DATE_UPDATE")
Joining, by = c("MATERIAL", "DISCO_DATE", "DATE_UPDATE")
Joining, by = c("MATERIAL", "DATE_UPDATE")
Joining, by = c("MATERIAL", "DISCO_DATE", "DATE_UPDATE")
Joining, by = c("MATERIAL", "DISCO_DATE", "DATE_UPDATE")
Joining, by = c("MATERIAL", "DATE_UPDATE")
Joining, by = c("MATERIAL", "DISCO_DATE", "DATE_UPDATE")
Joining, by = c("MATERIAL", "DISCO_DATE", "DATE_UPDATE")
Joining, by = c("MATERIAL", "DISCO_DATE")
Joining, by = c("MATERIAL", "DISCO_DATE", "DATE_UPDATE")
Joining, by = c("MATERIAL", "DISCO_DATE", "DATE_UPDATE")
Joining, by = c("MATERIAL", "DISCO_DATE")
Joining, by = c("MATERIAL", "DISCO_DATE", "DATE_UPDATE")
Joining, by = c("MATERIAL", "DISCO_DATE", "DATE_UPDATE")
Joining, by = "DISCO_DATE"
Joining, by = c("MATERIAL", "DISCO_DATE", "DATE_UPDATE")
Joining, by = c("MATERIAL", "DATE_UPDATE")
Joining, by = c("MATERIAL", "DISCO_DATE", "DATE_UPDATE")
Joining, by = c("MATERIAL", "DATE_UPDATE")
Joining, by = c("MATERIAL", "DISCO_DATE", "DATE_UPDATE")
Joining, by = "DISCO_DATE"
Joining, by = c("MATERIAL", "DISCO_DATE", "DATE_UPDATE")
Joining, by = "DATE_UPDATE"
Joining, by = c("MATERIAL", "DISCO_DATE", "DATE_UPDATE")
Joining, by = c("DISCO_DATE", "DATE_UPDATE")
Joining, by = c("MATERIAL", "DISCO_DATE", "DATE_UPDATE")
Joining, by = c("MATERIAL", "DISCO_DATE")
Joining, by = c("MATERIAL", "DISCO_DATE", "DATE_UPDATE")
Joining, by = "MATERIAL"
Joining, by = c("MATERIAL", "DISCO_DATE", "DATE_UPDATE")
Joining, by = c("DISCO_DATE", "DATE_UPDATE")
Joining, by = c("MATERIAL", "DISCO_DATE", "DATE_UPDATE")
Joining, by = c("MATERIAL", "DISCO_DATE")
Joining, by = c("MATERIAL", "DISCO_DATE", "DATE_UPDATE")
Joining, by = c("MATERIAL", "DATE_UPDATE")
Joining, by = c("MATERIAL", "DISCO_DATE", "DATE_UPDATE")
Joining, by = c("MATERIAL", "DISCO_DATE")
Joining, by = c("MATERIAL", "DISCO_DATE", "DATE_UPDATE")
Joining, by = "DATE_UPDATE"
Joining, by = c("MATERIAL", "DISCO_DATE", "DATE_UPDATE")
Joining, by = c("MATERIAL", "DATE_UPDATE")
Joining, by = c("MATERIAL", "DISCO_DATE", "DATE_UPDATE")
Joining, by = "DISCO_DATE"
Joining, by = c("MATERIAL", "DISCO_DATE", "DATE_UPDATE")
Joining, by = c("MATERIAL", "DISCO_DATE")
Joining, by = c("MATERIAL", "DISCO_DATE", "DATE_UPDATE")
Joining, by = c("DISCO_DATE", "DATE_UPDATE")
Joining, by = c("MATERIAL", "DISCO_DATE", "DATE_UPDATE")
Joining, by = "MATERIAL"
Joining, by = c("MATERIAL", "DISCO_DATE", "DATE_UPDATE")
Joining, by = c("DISCO_DATE", "DATE_UPDATE")
Joining, by = c("MATERIAL", "DISCO_DATE", "DATE_UPDATE")
Joining, by = c("MATERIAL", "DISCO_DATE", "DATE_UPDATE")
Joining, by = c("DISCO_DATE", "DATE_UPDATE")
Joining, by = c("MATERIAL", "DISCO_DATE", "DATE_UPDATE")
Joining, by = c("MATERIAL", "DISCO_DATE", "DATE_UPDATE")
Joining, by = c("MATERIAL", "DATE_UPDATE")
Joining, by = c("MATERIAL", "DISCO_DATE", "DATE_UPDATE")
Joining, by = c("MATERIAL", "DISCO_DATE", "DATE_UPDATE")
Joining, by = c("DISCO_DATE", "DATE_UPDATE")
Joining, by = c("MATERIAL", "DISCO_DATE", "DATE_UPDATE")
Joining, by = c("MATERIAL", "DISCO_DATE", "DATE_UPDATE")
Joining, by = "DISCO_DATE"
Joining, by = c("MATERIAL", "DISCO_DATE", "DATE_UPDATE")
Joining, by = c("MATERIAL", "DISCO_DATE", "DATE_UPDATE")
Joining, by = "DATE_UPDATE"
Joining, by = c("MATERIAL", "DISCO_DATE", "DATE_UPDATE")
Joining, by = c("MATERIAL", "DISCO_DATE", "DATE_UPDATE")
Joining, by = c("MATERIAL", "DISCO_DATE")
Joining, by = c("MATERIAL", "DISCO_DATE", "DATE_UPDATE")
Joining, by = c("MATERIAL", "DISCO_DATE", "DATE_UPDATE")
Joining, by = c("MATERIAL", "DISCO_DATE")
Joining, by = c("MATERIAL", "DISCO_DATE", "DATE_UPDATE")
Joining, by = c("MATERIAL", "DISCO_DATE", "DATE_UPDATE")
Joining, by = c("MATERIAL", "DATE_UPDATE")
Joining, by = c("MATERIAL", "DISCO_DATE", "DATE_UPDATE")
Joining, by = c("MATERIAL", "DISCO_DATE", "DATE_UPDATE")
Joining, by = "MATERIAL"
Joining, by = c("MATERIAL", "DISCO_DATE", "DATE_UPDATE")
Joining, by = c("MATERIAL", "DISCO_DATE", "DATE_UPDATE")
Joining, by = c("MATERIAL", "DATE_UPDATE")
Joining, by = c("MATERIAL", "DATE_UPDATE", "DISCO_DATE")
Joining, by = c("MATERIAL", "DATE_UPDATE")
Joining, by = c("MATERIAL", "DATE_UPDATE", "DISCO_DATE")
Joining, by = c("MATERIAL", "DISCO_DATE", "DATE_UPDATE")
Joining, by = "DISCO_DATE"
Joining, by = c("DISCO_DATE", "MATERIAL", "DATE_UPDATE")
Joining, by = c("MATERIAL", "DISCO_DATE", "DATE_UPDATE")
Joining, by = c("DATE_UPDATE", "MATERIAL")
Joining, by = c("DATE_UPDATE", "MATERIAL", "DISCO_DATE")
Joining, by = c("MATERIAL", "DISCO_DATE", "DATE_UPDATE")
Joining, by = c("MATERIAL", "DISCO_DATE")
Joining, by = c("MATERIAL", "DISCO_DATE", "DATE_UPDATE")
Joining, by = c("MATERIAL", "DISCO_DATE", "DATE_UPDATE")
Joining, by = c("DISCO_DATE", "DATE_UPDATE")
Joining, by = c("DISCO_DATE", "DATE_UPDATE", "MATERIAL")
Joining, by = c("MATERIAL", "DISCO_DATE", "DATE_UPDATE")
Joining, by = "DATE_UPDATE"
Joining, by = c("DATE_UPDATE", "MATERIAL", "DISCO_DATE")
Joining, by = c("MATERIAL", "DISCO_DATE", "DATE_UPDATE")
Joining, by = "MATERIAL"
Joining, by = c("MATERIAL", "DISCO_DATE", "DATE_UPDATE")
Joining, by = c("MATERIAL", "DISCO_DATE", "DATE_UPDATE")
Joining, by = c("DATE_UPDATE", "DISCO_DATE")
Joining, by = c("DATE_UPDATE", "DISCO_DATE", "MATERIAL")
Joining, by = c("MATERIAL", "DISCO_DATE", "DATE_UPDATE")
Joining, by = c("DISCO_DATE", "MATERIAL")
Joining, by = c("DISCO_DATE", "MATERIAL", "DATE_UPDATE")
Joining, by = "MATERIAL"
Joining, by = c("MATERIAL", "DISCO_DATE", "DATE_UPDATE")
Joining, by = c("DISCO_DATE", "MATERIAL")
Joining, by = c("DISCO_DATE", "MATERIAL", "DATE_UPDATE")
Joining, by = c("MATERIAL", "DISCO_DATE")
Joining, by = c("MATERIAL", "DISCO_DATE", "DATE_UPDATE")
Joining, by = "DATE_UPDATE"
Joining, by = c("DATE_UPDATE", "MATERIAL", "DISCO_DATE")
Joining, by = c("DISCO_DATE", "DATE_UPDATE")
Joining, by = c("DISCO_DATE", "DATE_UPDATE", "MATERIAL")
Joining, by = c("DATE_UPDATE", "DISCO_DATE")
Joining, by = c("DATE_UPDATE", "DISCO_DATE", "MATERIAL")
Joining, by = c("DATE_UPDATE", "MATERIAL")
Joining, by = c("DATE_UPDATE", "MATERIAL", "DISCO_DATE")
Joining, by = "DISCO_DATE"
Joining, by = c("DISCO_DATE", "MATERIAL", "DATE_UPDATE")
Joining, by = c("DATE_UPDATE", "DISCO_DATE")
Joining, by = c("DATE_UPDATE", "DISCO_DATE", "MATERIAL")
Joining, by = c("DISCO_DATE", "MATERIAL")
Joining, by = c("DISCO_DATE", "MATERIAL", "DATE_UPDATE")
Joining, by = "DISCO_DATE"
Joining, by = c("DISCO_DATE", "MATERIAL", "DATE_UPDATE")
Joining, by = "MATERIAL"
Joining, by = c("MATERIAL", "DISCO_DATE", "DATE_UPDATE")
Joining, by = c("DATE_UPDATE", "MATERIAL")
Joining, by = c("DATE_UPDATE", "MATERIAL", "DISCO_DATE")
Joining, by = c("MATERIAL", "DISCO_DATE")
Joining, by = c("MATERIAL", "DISCO_DATE", "DATE_UPDATE")
Joining, by = c("DISCO_DATE", "DATE_UPDATE")
Joining, by = c("DISCO_DATE", "DATE_UPDATE", "MATERIAL")
Joining, by = "DATE_UPDATE"
Joining, by = c("DATE_UPDATE", "MATERIAL", "DISCO_DATE")
Joining, by = c("MATERIAL", "DISCO_DATE", "DATE_UPDATE")
Joining, by = c("MATERIAL", "DISCO_DATE")
Joining, by = c("MATERIAL", "DISCO_DATE", "DATE_UPDATE")
Joining, by = c("MATERIAL", "DISCO_DATE", "DATE_UPDATE")
Joining, by = "DISCO_DATE"
Joining, by = c("DISCO_DATE", "MATERIAL", "DATE_UPDATE")
Joining, by = c("MATERIAL", "DISCO_DATE", "DATE_UPDATE")
Joining, by = c("DISCO_DATE", "MATERIAL")
Joining, by = c("DISCO_DATE", "MATERIAL", "DATE_UPDATE")
Joining, by = c("MATERIAL", "DISCO_DATE", "DATE_UPDATE")
Joining, by = "DATE_UPDATE"
Joining, by = c("DATE_UPDATE", "MATERIAL", "DISCO_DATE")
Joining, by = c("MATERIAL", "DISCO_DATE", "DATE_UPDATE")
Joining, by = c("DATE_UPDATE", "DISCO_DATE")
Joining, by = c("DATE_UPDATE", "DISCO_DATE", "MATERIAL")
Joining, by = c("MATERIAL", "DISCO_DATE", "DATE_UPDATE")
Joining, by = c("DISCO_DATE", "DATE_UPDATE")
Joining, by = c("DISCO_DATE", "DATE_UPDATE", "MATERIAL")
Joining, by = c("MATERIAL", "DISCO_DATE", "DATE_UPDATE")
Joining, by = c("DATE_UPDATE", "MATERIAL")
Joining, by = c("DATE_UPDATE", "MATERIAL", "DISCO_DATE")
Joining, by = c("MATERIAL", "DISCO_DATE", "DATE_UPDATE")
Joining, by = "MATERIAL"
Joining, by = c("MATERIAL", "DISCO_DATE", "DATE_UPDATE")
Joining, by = c("MATERIAL", "DISCO_DATE", "DATE_UPDATE")
Joining, by = c("MATERIAL", "DATE_UPDATE")
Joining, by = c("MATERIAL", "DATE_UPDATE", "DISCO_DATE")
Joining, by = c("MATERIAL", "DATE_UPDATE")
Joining, by = c("MATERIAL", "DATE_UPDATE", "DISCO_DATE")
Joining, by = c("MATERIAL", "DISCO_DATE", "DATE_UPDATE")
Joining, by = c("MATERIAL", "DISCO_DATE", "DATE_UPDATE")
Joining, by = c("MATERIAL", "DISCO_DATE")
Joining, by = c("MATERIAL", "DISCO_DATE", "DATE_UPDATE")
Joining, by = c("MATERIAL", "DISCO_DATE")
Joining, by = c("MATERIAL", "DISCO_DATE", "DATE_UPDATE")
Joining, by = c("MATERIAL", "DISCO_DATE", "DATE_UPDATE")
Joining, by = c("MATERIAL", "DISCO_DATE", "DATE_UPDATE")
Joining, by = c("MATERIAL", "DISCO_DATE")
Joining, by = c("MATERIAL", "DISCO_DATE", "DATE_UPDATE")
Joining, by = c("MATERIAL", "DISCO_DATE")
Joining, by = c("MATERIAL", "DISCO_DATE", "DATE_UPDATE")
Joining, by = c("MATERIAL", "DISCO_DATE", "DATE_UPDATE")
Joining, by = c("MATERIAL", "DISCO_DATE", "DATE_UPDATE")
Joining, by = c("DISCO_DATE", "DATE_UPDATE")
Joining, by = c("MATERIAL", "DISCO_DATE", "DATE_UPDATE")
Joining, by = c("MATERIAL", "DISCO_DATE", "DATE_UPDATE")
Joining, by = "DISCO_DATE"
Joining, by = c("MATERIAL", "DISCO_DATE", "DATE_UPDATE")
Joining, by = c("MATERIAL", "DISCO_DATE", "DATE_UPDATE")
Joining, by = "DATE_UPDATE"
Joining, by = c("MATERIAL", "DISCO_DATE", "DATE_UPDATE")
Joining, by = c("MATERIAL", "DISCO_DATE", "DATE_UPDATE")
Joining, by = c("MATERIAL", "DATE_UPDATE")
Joining, by = c("MATERIAL", "DISCO_DATE", "DATE_UPDATE")
Joining, by = c("MATERIAL", "DISCO_DATE", "DATE_UPDATE")
Joining, by = c("MATERIAL", "DISCO_DATE")
Joining, by = c("MATERIAL", "DISCO_DATE", "DATE_UPDATE")
Joining, by = c("MATERIAL", "DISCO_DATE", "DATE_UPDATE")
Joining, by = c("DISCO_DATE", "DATE_UPDATE")
Joining, by = c("MATERIAL", "DISCO_DATE", "DATE_UPDATE")
Joining, by = c("MATERIAL", "DISCO_DATE", "DATE_UPDATE")
Joining, by = "MATERIAL"
Joining, by = c("MATERIAL", "DISCO_DATE", "DATE_UPDATE")
Joining, by = c("MATERIAL", "DISCO_DATE", "DATE_UPDATE")
Joining, by = c("MATERIAL", "DATE_UPDATE")
Joining, by = c("MATERIAL", "DISCO_DATE", "DATE_UPDATE")
Joining, by = c("MATERIAL", "DISCO_DATE", "DATE_UPDATE")
Joining, by = "DISCO_DATE"
Joining, by = c("MATERIAL", "DISCO_DATE", "DATE_UPDATE")
Joining, by = c("MATERIAL", "DISCO_DATE", "DATE_UPDATE")
Joining, by = c("DISCO_DATE", "DATE_UPDATE")
Joining, by = c("MATERIAL", "DISCO_DATE", "DATE_UPDATE")
Joining, by = c("MATERIAL", "DISCO_DATE", "DATE_UPDATE")
Joining, by = c("MATERIAL", "DISCO_DATE")
Joining, by = c("MATERIAL", "DISCO_DATE", "DATE_UPDATE")
Joining, by = c("MATERIAL", "DISCO_DATE", "DATE_UPDATE")
Joining, by = c("MATERIAL", "DATE_UPDATE")
Joining, by = c("MATERIAL", "DISCO_DATE", "DATE_UPDATE")
Joining, by = c("MATERIAL", "DISCO_DATE", "DATE_UPDATE")
Joining, by = "MATERIAL"
Joining, by = c("MATERIAL", "DISCO_DATE", "DATE_UPDATE")
Joining, by = c("MATERIAL", "DISCO_DATE", "DATE_UPDATE")
Joining, by = c("DISCO_DATE", "DATE_UPDATE")
Joining, by = c("MATERIAL", "DISCO_DATE", "DATE_UPDATE")
Joining, by = c("MATERIAL", "DISCO_DATE", "DATE_UPDATE")
Joining, by = "DATE_UPDATE"
Joining, by = c("MATERIAL", "DISCO_DATE", "DATE_UPDATE")
Joining, by = c("MATERIAL", "DISCO_DATE", "DATE_UPDATE")
Joining, by = c("MATERIAL", "DATE_UPDATE")
Joining, by = c("MATERIAL", "DISCO_DATE", "DATE_UPDATE")
Joining, by = c("DISCO_DATE", "DATE_UPDATE")
Joining, by = c("MATERIAL", "DISCO_DATE", "DATE_UPDATE")
Joining, by = c("MATERIAL", "DISCO_DATE", "DATE_UPDATE")
Joining, by = c("MATERIAL", "DATE_UPDATE")
Joining, by = c("MATERIAL", "DISCO_DATE", "DATE_UPDATE")
Joining, by = c("MATERIAL", "DISCO_DATE", "DATE_UPDATE")
Joining, by = c("MATERIAL", "DISCO_DATE")
Joining, by = c("MATERIAL", "DISCO_DATE", "DATE_UPDATE")
Joining, by = c("MATERIAL", "DISCO_DATE", "DATE_UPDATE")
Joining, by = "DATE_UPDATE"
Joining, by = c("MATERIAL", "DISCO_DATE", "DATE_UPDATE")
Joining, by = c("MATERIAL", "DISCO_DATE", "DATE_UPDATE")
Joining, by = "MATERIAL"
Joining, by = c("MATERIAL", "DISCO_DATE", "DATE_UPDATE")
Joining, by = c("MATERIAL", "DISCO_DATE", "DATE_UPDATE")
Joining, by = "DISCO_DATE"
Joining, by = c("MATERIAL", "DISCO_DATE", "DATE_UPDATE")
Joining, by = c("MATERIAL", "DISCO_DATE", "DATE_UPDATE")
Joining, by = c("DISCO_DATE", "DATE_UPDATE")
Joining, by = c("MATERIAL", "DISCO_DATE", "DATE_UPDATE")
Joining, by = c("MATERIAL", "DISCO_DATE", "DATE_UPDATE")
Joining, by = c("MATERIAL", "DATE_UPDATE")
Joining, by = c("MATERIAL", "DISCO_DATE", "DATE_UPDATE")
Joining, by = c("MATERIAL", "DISCO_DATE", "DATE_UPDATE")
Joining, by = "DISCO_DATE"
Joining, by = c("DISCO_DATE", "MATERIAL", "DATE_UPDATE")
Joining, by = c("MATERIAL", "DISCO_DATE", "DATE_UPDATE")
Joining, by = c("DISCO_DATE", "DATE_UPDATE")
Joining, by = c("DISCO_DATE", "DATE_UPDATE", "MATERIAL")
Joining, by = c("MATERIAL", "DISCO_DATE", "DATE_UPDATE")
Joining, by = "MATERIAL"
Joining, by = c("MATERIAL", "DISCO_DATE", "DATE_UPDATE")
Joining, by = c("MATERIAL", "DISCO_DATE", "DATE_UPDATE")
Joining, by = c("DATE_UPDATE", "DISCO_DATE")
Joining, by = c("DATE_UPDATE", "DISCO_DATE", "MATERIAL")
Joining, by = c("MATERIAL", "DISCO_DATE", "DATE_UPDATE")
Joining, by = "DATE_UPDATE"
Joining, by = c("DATE_UPDATE", "MATERIAL", "DISCO_DATE")
Joining, by = c("MATERIAL", "DISCO_DATE", "DATE_UPDATE")
Joining, by = c("DATE_UPDATE", "MATERIAL")
Joining, by = c("DATE_UPDATE", "MATERIAL", "DISCO_DATE")
Joining, by = c("MATERIAL", "DISCO_DATE", "DATE_UPDATE")
Joining, by = c("DISCO_DATE", "MATERIAL")
Joining, by = c("DISCO_DATE", "MATERIAL", "DATE_UPDATE")
Joining, by = c("MATERIAL", "DISCO_DATE", "DATE_UPDATE")
Joining, by = c("MATERIAL", "DATE_UPDATE")
Joining, by = c("MATERIAL", "DATE_UPDATE", "DISCO_DATE")
Joining, by = c("MATERIAL", "DISCO_DATE", "DATE_UPDATE")
Joining, by = c("DATE_UPDATE", "MATERIAL")
Joining, by = c("DATE_UPDATE", "MATERIAL", "DISCO_DATE")
Joining, by = c("MATERIAL", "DISCO_DATE", "DATE_UPDATE")
Joining, by = "DATE_UPDATE"
Joining, by = c("DATE_UPDATE", "MATERIAL", "DISCO_DATE")
Joining, by = c("MATERIAL", "DISCO_DATE", "DATE_UPDATE")
Joining, by = c("DISCO_DATE", "DATE_UPDATE")
Joining, by = c("DISCO_DATE", "DATE_UPDATE", "MATERIAL")
Joining, by = c("MATERIAL", "DISCO_DATE", "DATE_UPDATE")
Joining, by = c("DISCO_DATE", "MATERIAL")
Joining, by = c("DISCO_DATE", "MATERIAL", "DATE_UPDATE")
Joining, by = c("MATERIAL", "DISCO_DATE", "DATE_UPDATE")
Joining, by = c("DATE_UPDATE", "DISCO_DATE")
Joining, by = c("DATE_UPDATE", "DISCO_DATE", "MATERIAL")
Joining, by = c("MATERIAL", "DISCO_DATE", "DATE_UPDATE")
Joining, by = "DISCO_DATE"
Joining, by = c("DISCO_DATE", "MATERIAL", "DATE_UPDATE")
Joining, by = c("MATERIAL", "DISCO_DATE", "DATE_UPDATE")
Joining, by = "MATERIAL"
Joining, by = c("MATERIAL", "DISCO_DATE", "DATE_UPDATE")
Joining, by = c("MATERIAL", "DISCO_DATE", "DATE_UPDATE")
Joining, by = c("DISCO_DATE", "DATE_UPDATE")
Joining, by = c("MATERIAL", "DISCO_DATE", "DATE_UPDATE")
Joining, by = c("MATERIAL", "DISCO_DATE", "DATE_UPDATE")
Joining, by = "MATERIAL"
Joining, by = c("MATERIAL", "DISCO_DATE", "DATE_UPDATE")
Joining, by = c("MATERIAL", "DISCO_DATE", "DATE_UPDATE")
Joining, by = c("MATERIAL", "DISCO_DATE")
Joining, by = c("MATERIAL", "DISCO_DATE", "DATE_UPDATE")
Joining, by = c("MATERIAL", "DISCO_DATE", "DATE_UPDATE")
Joining, by = "DISCO_DATE"
Joining, by = c("MATERIAL", "DISCO_DATE", "DATE_UPDATE")
Joining, by = c("MATERIAL", "DISCO_DATE", "DATE_UPDATE")
Joining, by = c("DISCO_DATE", "DATE_UPDATE")
Joining, by = c("MATERIAL", "DISCO_DATE", "DATE_UPDATE")
Joining, by = c("MATERIAL", "DISCO_DATE", "DATE_UPDATE")
Joining, by = c("MATERIAL", "DATE_UPDATE")
Joining, by = c("MATERIAL", "DISCO_DATE", "DATE_UPDATE")
Joining, by = c("MATERIAL", "DISCO_DATE", "DATE_UPDATE")
Joining, by = "DATE_UPDATE"
Joining, by = c("MATERIAL", "DISCO_DATE", "DATE_UPDATE")
Joining, by = c("MATERIAL", "DISCO_DATE", "DATE_UPDATE")
Joining, by = c("MATERIAL", "DATE_UPDATE")
Joining, by = c("MATERIAL", "DATE_UPDATE", "DISCO_DATE")
Joining, by = c("MATERIAL", "DISCO_DATE", "DATE_UPDATE")
Joining, by = c("MATERIAL", "DATE_UPDATE")
Joining, by = c("MATERIAL", "DISCO_DATE", "DATE_UPDATE")
Joining, by = c("MATERIAL", "DISCO_DATE", "DATE_UPDATE")
Joining, by = c("MATERIAL", "DISCO_DATE", "DATE_UPDATE")
Joining, by = c("MATERIAL", "DATE_UPDATE")
Joining, by = c("MATERIAL", "DISCO_DATE", "DATE_UPDATE")
Joining, by = c("MATERIAL", "DISCO_DATE", "DATE_UPDATE")
Joining, by = c("MATERIAL", "DATE_UPDATE")
Joining, by = c("MATERIAL", "DISCO_DATE", "DATE_UPDATE")
Joining, by = c("MATERIAL", "DISCO_DATE", "DATE_UPDATE")
Joining, by = c("DISCO_DATE", "DATE_UPDATE")
Joining, by = c("MATERIAL", "DISCO_DATE", "DATE_UPDATE")
Joining, by = c("MATERIAL", "DISCO_DATE", "DATE_UPDATE")
Joining, by = c("MATERIAL", "DATE_UPDATE")
Joining, by = c("MATERIAL", "DISCO_DATE", "DATE_UPDATE")
Joining, by = c("MATERIAL", "DISCO_DATE", "DATE_UPDATE")
Joining, by = "DATE_UPDATE"
Joining, by = c("MATERIAL", "DISCO_DATE", "DATE_UPDATE")
Joining, by = c("MATERIAL", "DISCO_DATE", "DATE_UPDATE")
Joining, by = "DISCO_DATE"
Joining, by = c("MATERIAL", "DISCO_DATE", "DATE_UPDATE")
Joining, by = c("MATERIAL", "DISCO_DATE", "DATE_UPDATE")
Joining, by = c("MATERIAL", "DISCO_DATE")
Joining, by = c("MATERIAL", "DISCO_DATE", "DATE_UPDATE")
Joining, by = c("MATERIAL", "DISCO_DATE", "DATE_UPDATE")
Joining, by = c("DISCO_DATE", "DATE_UPDATE")
Joining, by = c("MATERIAL", "DISCO_DATE", "DATE_UPDATE")
Joining, by = c("MATERIAL", "DISCO_DATE", "DATE_UPDATE")
Joining, by = "MATERIAL"
Joining, by = c("MATERIAL", "DISCO_DATE", "DATE_UPDATE")
Joining, by = c("MATERIAL", "DISCO_DATE", "DATE_UPDATE")
Joining, by = c("DISCO_DATE", "DATE_UPDATE")
Joining, by = c("MATERIAL", "DISCO_DATE", "DATE_UPDATE")
Joining, by = c("MATERIAL", "DISCO_DATE", "DATE_UPDATE")
Joining, by = c("MATERIAL", "DISCO_DATE")
Joining, by = c("MATERIAL", "DISCO_DATE", "DATE_UPDATE")
Joining, by = c("MATERIAL", "DISCO_DATE", "DATE_UPDATE")
Joining, by = c("MATERIAL", "DATE_UPDATE")
Joining, by = c("MATERIAL", "DISCO_DATE", "DATE_UPDATE")
Joining, by = c("MATERIAL", "DISCO_DATE", "DATE_UPDATE")
Joining, by = "DISCO_DATE"
Joining, by = c("MATERIAL", "DISCO_DATE", "DATE_UPDATE")
Joining, by = c("MATERIAL", "DISCO_DATE", "DATE_UPDATE")
Joining, by = "DATE_UPDATE"
Joining, by = c("MATERIAL", "DISCO_DATE", "DATE_UPDATE")
Joining, by = c("MATERIAL", "DISCO_DATE", "DATE_UPDATE")
Joining, by = c("DISCO_DATE", "DATE_UPDATE")
Joining, by = c("MATERIAL", "DISCO_DATE", "DATE_UPDATE")
Joining, by = c("MATERIAL", "DISCO_DATE", "DATE_UPDATE")
Joining, by = "MATERIAL"
Joining, by = c("MATERIAL", "DISCO_DATE", "DATE_UPDATE")
Joining, by = c("MATERIAL", "DISCO_DATE")
Joining, by = c("MATERIAL", "DISCO_DATE", "DATE_UPDATE")
Joining, by = c("MATERIAL", "DISCO_DATE", "DATE_UPDATE")
Joining, by = c("MATERIAL", "DISCO_DATE")
Joining, by = c("MATERIAL", "DISCO_DATE", "DATE_UPDATE")
Joining, by = c("MATERIAL", "DISCO_DATE", "DATE_UPDATE")
Joining, by = c("MATERIAL", "DISCO_DATE", "DATE_UPDATE")
Joining, by = c("MATERIAL", "DISCO_DATE")
Joining, by = c("MATERIAL", "DISCO_DATE", "DATE_UPDATE")
Joining, by = c("MATERIAL", "DISCO_DATE", "DATE_UPDATE")
Joining, by = c("MATERIAL", "DISCO_DATE")
Joining, by = c("DISCO_DATE", "DATE_UPDATE")
Joining, by = c("MATERIAL", "DISCO_DATE", "DATE_UPDATE")
Joining, by = c("MATERIAL", "DISCO_DATE")
Joining, by = c("MATERIAL", "DISCO_DATE", "DATE_UPDATE")
Joining, by = "DATE_UPDATE"
Joining, by = c("MATERIAL", "DISCO_DATE", "DATE_UPDATE")
Joining, by = "MATERIAL"
Joining, by = c("MATERIAL", "DISCO_DATE", "DATE_UPDATE")
Joining, by = c("MATERIAL", "DATE_UPDATE")
Joining, by = c("MATERIAL", "DISCO_DATE", "DATE_UPDATE")
Joining, by = "DISCO_DATE"
Joining, by = c("MATERIAL", "DISCO_DATE", "DATE_UPDATE")
Joining, by = c("DISCO_DATE", "DATE_UPDATE")
Joining, by = c("MATERIAL", "DISCO_DATE", "DATE_UPDATE")
Joining, by = c("MATERIAL", "DISCO_DATE", "DATE_UPDATE")
Joining, by = "DISCO_DATE"
Joining, by = c("MATERIAL", "DISCO_DATE", "DATE_UPDATE")
Joining, by = "MATERIAL"
Joining, by = c("MATERIAL", "DISCO_DATE", "DATE_UPDATE")
Joining, by = c("DISCO_DATE", "DATE_UPDATE")
Joining, by = c("MATERIAL", "DISCO_DATE", "DATE_UPDATE")
Joining, by = "DATE_UPDATE"
Joining, by = c("MATERIAL", "DISCO_DATE", "DATE_UPDATE")
Joining, by = c("DISCO_DATE", "DATE_UPDATE")
Joining, by = c("MATERIAL", "DISCO_DATE", "DATE_UPDATE")
Joining, by = c("MATERIAL", "DATE_UPDATE")
Joining, by = c("MATERIAL", "DISCO_DATE", "DATE_UPDATE")
Joining, by = c("MATERIAL", "DISCO_DATE")
Joining, by = c("MATERIAL", "DATE_UPDATE")
Joining, by = c("MATERIAL", "DISCO_DATE", "DATE_UPDATE")
Joining, by = "DISCO_DATE"
Joining, by = c("MATERIAL", "DISCO_DATE", "DATE_UPDATE")
Joining, by = "DATE_UPDATE"
Joining, by = c("MATERIAL", "DISCO_DATE", "DATE_UPDATE")
Joining, by = c("MATERIAL", "DISCO_DATE")
Joining, by = c("MATERIAL", "DISCO_DATE", "DATE_UPDATE")
Joining, by = c("DISCO_DATE", "DATE_UPDATE")
Joining, by = c("MATERIAL", "DISCO_DATE", "DATE_UPDATE")
Joining, by = c("DISCO_DATE", "DATE_UPDATE")
Joining, by = c("MATERIAL", "DISCO_DATE", "DATE_UPDATE")
Joining, by = "MATERIAL"
Joining, by = c("MATERIAL", "DISCO_DATE", "DATE_UPDATE")
Joining, by = c("MATERIAL", "DISCO_DATE", "DATE_UPDATE")
Joining, by = c("DISCO_DATE", "DATE_UPDATE")
Joining, by = c("MATERIAL", "DISCO_DATE", "DATE_UPDATE")
Joining, by = c("MATERIAL", "DISCO_DATE")
Joining, by = c("MATERIAL", "DISCO_DATE", "DATE_UPDATE")
Joining, by = c("MATERIAL", "DATE_UPDATE")
Joining, by = c("MATERIAL", "DISCO_DATE", "DATE_UPDATE")
Joining, by = "MATERIAL"
Joining, by = c("MATERIAL", "DISCO_DATE", "DATE_UPDATE")
Joining, by = "DISCO_DATE"
Joining, by = c("MATERIAL", "DISCO_DATE", "DATE_UPDATE")
Joining, by = c("DISCO_DATE", "DATE_UPDATE")
Joining, by = c("MATERIAL", "DISCO_DATE", "DATE_UPDATE")
Joining, by = "DATE_UPDATE"
Joining, by = c("MATERIAL", "DISCO_DATE", "DATE_UPDATE")
Joining, by = "DISCO_DATE"
Joining, by = c("MATERIAL", "DISCO_DATE", "DATE_UPDATE")
Joining, by = c("DISCO_DATE", "DATE_UPDATE")
Joining, by = c("MATERIAL", "DISCO_DATE", "DATE_UPDATE")
Joining, by = "DATE_UPDATE"
Joining, by = c("MATERIAL", "DISCO_DATE", "DATE_UPDATE")
Joining, by = "MATERIAL"
Joining, by = c("MATERIAL", "DISCO_DATE", "DATE_UPDATE")
Joining, by = c("DISCO_DATE", "DATE_UPDATE")
Joining, by = c("MATERIAL", "DISCO_DATE", "DATE_UPDATE")
Joining, by = c("MATERIAL", "DATE_UPDATE")
Joining, by = c("MATERIAL", "DISCO_DATE", "DATE_UPDATE")
Joining, by = c("MATERIAL", "DISCO_DATE")
Joining, by = c("MATERIAL", "DISCO_DATE", "DATE_UPDATE")
Joining, by = c("DISCO_DATE", "DATE_UPDATE")
Joining, by = c("MATERIAL", "DISCO_DATE", "DATE_UPDATE")
Joining, by = "MATERIAL"
Joining, by = c("MATERIAL", "DISCO_DATE", "DATE_UPDATE")
Joining, by = "DATE_UPDATE"
Joining, by = c("MATERIAL", "DISCO_DATE", "DATE_UPDATE")
Joining, by = c("MATERIAL", "DATE_UPDATE")
Joining, by = c("MATERIAL", "DISCO_DATE", "DATE_UPDATE")
Joining, by = c("DISCO_DATE", "DATE_UPDATE")
Joining, by = c("MATERIAL", "DISCO_DATE", "DATE_UPDATE")
Joining, by = c("MATERIAL", "DISCO_DATE")
Joining, by = c("MATERIAL", "DISCO_DATE", "DATE_UPDATE")
Joining, by = "DISCO_DATE"
Joining, by = "DISCO_DATE"
Joining, by = c("DISCO_DATE", "MATERIAL", "DATE_UPDATE")
Joining, by = c("DISCO_DATE", "DATE_UPDATE")
Joining, by = c("DISCO_DATE", "DATE_UPDATE", "MATERIAL")
Joining, by = c("DATE_UPDATE", "MATERIAL")
Joining, by = c("DATE_UPDATE", "MATERIAL", "DISCO_DATE")
Joining, by = c("DISCO_DATE", "MATERIAL")
Joining, by = c("DISCO_DATE", "MATERIAL", "DATE_UPDATE")
Joining, by = "DATE_UPDATE"
Joining, by = c("DATE_UPDATE", "MATERIAL", "DISCO_DATE")
Joining, by = c("DATE_UPDATE", "DISCO_DATE")
Joining, by = c("DATE_UPDATE", "DISCO_DATE", "MATERIAL")
Joining, by = "MATERIAL"
Joining, by = c("MATERIAL", "DISCO_DATE", "DATE_UPDATE")
Joining, by = c("DATE_UPDATE", "DISCO_DATE")
Joining, by = c("DATE_UPDATE", "DISCO_DATE", "MATERIAL")
Joining, by = c("DISCO_DATE", "MATERIAL")
Joining, by = c("DISCO_DATE", "MATERIAL", "DATE_UPDATE")
Joining, by = "MATERIAL"
Joining, by = c("MATERIAL", "DISCO_DATE", "DATE_UPDATE")
Joining, by = c("DISCO_DATE", "DATE_UPDATE")
Joining, by = c("DISCO_DATE", "DATE_UPDATE", "MATERIAL")
Joining, by = "DISCO_DATE"
Joining, by = c("DISCO_DATE", "MATERIAL", "DATE_UPDATE")
Joining, by = c("DATE_UPDATE", "MATERIAL")
Joining, by = c("DATE_UPDATE", "MATERIAL", "DISCO_DATE")
Joining, by = "DATE_UPDATE"
Joining, by = c("DATE_UPDATE", "MATERIAL", "DISCO_DATE")
Joining, by = c("MATERIAL", "DATE_UPDATE")
Joining, by = c("MATERIAL", "DISCO_DATE", "DATE_UPDATE")
Joining, by = c("MATERIAL", "DATE_UPDATE")
Joining, by = c("MATERIAL", "DISCO_DATE", "DATE_UPDATE")
Joining, by = c("MATERIAL", "DISCO_DATE", "DATE_UPDATE")
Joining, by = c("MATERIAL", "DATE_UPDATE")
Joining, by = c("MATERIAL", "DISCO_DATE", "DATE_UPDATE")
Joining, by = c("MATERIAL", "DATE_UPDATE")
Joining, by = c("MATERIAL", "DISCO_DATE", "DATE_UPDATE")
Joining, by = c("MATERIAL", "DATE_UPDATE")
Joining, by = c("MATERIAL", "DISCO_DATE", "DATE_UPDATE")
Joining, by = c("MATERIAL", "DATE_UPDATE")
Joining, by = c("MATERIAL", "DATE_UPDATE")
Joining, by = c("MATERIAL", "DATE_UPDATE", "DISCO_DATE")
Joining, by = c("MATERIAL", "DATE_UPDATE")
Joining, by = c("MATERIAL", "DATE_UPDATE", "DISCO_DATE")
Joining, by = c("MATERIAL", "DISCO_DATE")
Joining, by = c("MATERIAL", "DISCO_DATE", "DATE_UPDATE")
Joining, by = c("MATERIAL", "DISCO_DATE")
Joining, by = c("MATERIAL", "DISCO_DATE", "DATE_UPDATE")
Joining, by = c("MATERIAL", "DISCO_DATE")
Joining, by = c("MATERIAL", "DISCO_DATE", "DATE_UPDATE")
Joining, by = c("MATERIAL", "DISCO_DATE")
Joining, by = c("MATERIAL", "DISCO_DATE", "DATE_UPDATE")
Joining, by = c("MATERIAL", "DISCO_DATE", "DATE_UPDATE")
Joining, by = c("MATERIAL", "DISCO_DATE")
Joining, by = c("MATERIAL", "DISCO_DATE", "DATE_UPDATE")
Joining, by = c("MATERIAL", "DISCO_DATE")
Joining, by = c("MATERIAL", "DISCO_DATE", "DATE_UPDATE")
Joining, by = c("MATERIAL", "DISCO_DATE")
Joining, by = c("MATERIAL", "DISCO_DATE", "DATE_UPDATE")
Joining, by = c("MATERIAL", "DISCO_DATE")
Joining, by = c("MATERIAL", "DISCO_DATE", "DATE_UPDATE")
Joining, by = c("MATERIAL", "DISCO_DATE", "DATE_UPDATE")
Joining, by = c("MATERIAL", "DISCO_DATE", "DATE_UPDATE")
Joining, by = c("MATERIAL", "DISCO_DATE", "DATE_UPDATE")
Joining, by = c("MATERIAL", "DISCO_DATE", "DATE_UPDATE")
Joining, by = c("MATERIAL", "DISCO_DATE", "DATE_UPDATE")
Joining, by = c("MATERIAL", "DISCO_DATE", "DATE_UPDATE")
Joining, by = "DISCO_DATE"
Joining, by = c("MATERIAL", "DISCO_DATE", "DATE_UPDATE")
Joining, by = "DISCO_DATE"
Joining, by = c("MATERIAL", "DISCO_DATE", "DATE_UPDATE")
Joining, by = "DISCO_DATE"
Joining, by = c("MATERIAL", "DISCO_DATE", "DATE_UPDATE")
Joining, by = c("DISCO_DATE", "DATE_UPDATE")
Joining, by = c("MATERIAL", "DISCO_DATE", "DATE_UPDATE")
Joining, by = c("MATERIAL", "DISCO_DATE", "DATE_UPDATE")
Joining, by = c("MATERIAL", "DISCO_DATE")
Joining, by = c("MATERIAL", "DISCO_DATE", "DATE_UPDATE")
Joining, by = c("MATERIAL", "DISCO_DATE")
Joining, by = c("MATERIAL", "DISCO_DATE", "DATE_UPDATE")
Joining, by = "DATE_UPDATE"
Joining, by = c("MATERIAL", "DISCO_DATE", "DATE_UPDATE")
Joining, by = c("MATERIAL", "DISCO_DATE", "DATE_UPDATE")
Joining, by = c("DISCO_DATE", "DATE_UPDATE")
Joining, by = c("MATERIAL", "DISCO_DATE", "DATE_UPDATE")
Joining, by = c("MATERIAL", "DISCO_DATE")
Joining, by = c("MATERIAL", "DISCO_DATE", "DATE_UPDATE")
Joining, by = c("DISCO_DATE", "DATE_UPDATE")
Joining, by = c("MATERIAL", "DISCO_DATE", "DATE_UPDATE")
Joining, by = "DISCO_DATE"
Joining, by = c("MATERIAL", "DISCO_DATE", "DATE_UPDATE")
Joining, by = "DATE_UPDATE"
Joining, by = c("MATERIAL", "DISCO_DATE", "DATE_UPDATE")
Joining, by = c("DISCO_DATE", "DATE_UPDATE")
Joining, by = c("MATERIAL", "DISCO_DATE", "DATE_UPDATE")
Joining, by = c("MATERIAL", "DISCO_DATE")
Joining, by = c("MATERIAL", "DISCO_DATE", "DATE_UPDATE")
Joining, by = c("MATERIAL", "DATE_UPDATE")
Joining, by = c("MATERIAL", "DISCO_DATE", "DATE_UPDATE")
Joining, by = "DISCO_DATE"
Joining, by = c("MATERIAL", "DISCO_DATE", "DATE_UPDATE")
Joining, by = "MATERIAL"
Joining, by = c("MATERIAL", "DISCO_DATE", "DATE_UPDATE")
Joining, by = c("DISCO_DATE", "DATE_UPDATE")
Joining, by = c("MATERIAL", "DISCO_DATE", "DATE_UPDATE")
Joining, by = c("MATERIAL", "DATE_UPDATE")
Joining, by = c("MATERIAL", "DISCO_DATE", "DATE_UPDATE")
Joining, by = c("MATERIAL", "DATE_UPDATE")
Joining, by = c("MATERIAL", "DISCO_DATE", "DATE_UPDATE")
Joining, by = "MATERIAL"
Joining, by = "MATERIAL"
Joining, by = "MATERIAL"
Joining, by = "MATERIAL"
Joining, by = "MATERIAL"
Joining, by = "MATERIAL"
Adding missing grouping variables: `DISCO_DATE`
Joining, by = "DATE_UPDATE"
Joining, by = "DATE_UPDATE"
Joining, by = "DATE_UPDATE"
Adding missing grouping variables: `MATERIAL`
Joining, by = "MATERIAL"
Adding missing grouping variables: `DISCO_DATE`
Adding missing grouping variables: `DATE_UPDATE`
Joining, by = "MATERIAL"
Joining, by = "MATERIAL"
Joining, by = "DATE_UPDATE"
Joining, by = c("DATE_UPDATE", "DISCO_DATE")
Joining, by = "DATE_UPDATE"
Joining, by = "DATE_UPDATE"
Joining, by = "DATE_UPDATE"
Joining, by = c("MATERIAL", "DISCO_DATE")
Joining, by = "DATE_UPDATE"
Joining, by = "DISCO_DATE"
Joining, by = "DATE_UPDATE"
Joining, by = c("DATE_UPDATE", "DISCO_DATE")
Joining, by = "DATE_UPDATE"
Joining, by = c("DATE_UPDATE", "MATERIAL")
Joining, by = "DATE_UPDATE"
Joining, by = "MATERIAL"
Joining, by = "DATE_UPDATE"
Joining, by = c("DATE_UPDATE", "MATERIAL")
Joining, by = "DATE_UPDATE"
Joining, by = c("MATERIAL", "DISCO_DATE")
Joining, by = "DATE_UPDATE"
Joining, by = c("DATE_UPDATE", "DISCO_DATE")
Joining, by = "DATE_UPDATE"
Joining, by = "DATE_UPDATE"
Joining, by = "DATE_UPDATE"
Joining, by = c("MATERIAL", "DISCO_DATE")
Joining, by = "DATE_UPDATE"
Joining, by = "DISCO_DATE"
Joining, by = "DATE_UPDATE"
Joining, by = c("DATE_UPDATE", "DISCO_DATE")
Joining, by = "DATE_UPDATE"
Joining, by = c("DATE_UPDATE", "MATERIAL")
Joining, by = "DATE_UPDATE"
Joining, by = "MATERIAL"
Joining, by = "DATE_UPDATE"
Joining, by = c("DATE_UPDATE", "MATERIAL")
Joining, by = "DATE_UPDATE"
Joining, by = c("MATERIAL", "DISCO_DATE")
Joining, by = "DISCO_DATE"
Joining, by = c("DISCO_DATE", "DATE_UPDATE")
Joining, by = "MATERIAL"
Joining, by = c("DISCO_DATE", "DATE_UPDATE")
Joining, by = "DISCO_DATE"
Joining, by = "DATE_UPDATE"
Joining, by = "DISCO_DATE"
Joining, by = c("DISCO_DATE", "MATERIAL")
Joining, by = "DISCO_DATE"
Joining, by = "DISCO_DATE"
Joining, by = "DISCO_DATE"
Joining, by = c("DISCO_DATE", "DATE_UPDATE")
Joining, by = "DISCO_DATE"
Joining, by = c("MATERIAL", "DATE_UPDATE")
Joining, by = "DISCO_DATE"
Joining, by = "MATERIAL"
Joining, by = "DISCO_DATE"
Joining, by = c("MATERIAL", "DATE_UPDATE")
Joining, by = "DISCO_DATE"
Joining, by = c("DISCO_DATE", "MATERIAL")
Joining, by = "MATERIAL"
Joining, by = "DATE_UPDATE"
Joining, by = "MATERIAL"
Joining, by = c("MATERIAL", "DISCO_DATE")
Joining, by = "MATERIAL"
Joining, by = "DISCO_DATE"
Joining, by = "MATERIAL"
Joining, by = c("DISCO_DATE", "DATE_UPDATE")
Joining, by = "MATERIAL"
Joining, by = c("MATERIAL", "DATE_UPDATE")
Joining, by = "MATERIAL"
Joining, by = "MATERIAL"
Joining, by = "MATERIAL"
Joining, by = c("MATERIAL", "DATE_UPDATE")
Joining, by = "MATERIAL"
Joining, by = c("MATERIAL", "DISCO_DATE")
Joining, by = "MATERIAL"
Joining, by = "DATE_UPDATE"
Joining, by = "MATERIAL"
Joining, by = c("MATERIAL", "DISCO_DATE")
Joining, by = "MATERIAL"
Joining, by = "DISCO_DATE"
Joining, by = "MATERIAL"
Joining, by = c("DISCO_DATE", "DATE_UPDATE")
Joining, by = "MATERIAL"
Joining, by = c("MATERIAL", "DATE_UPDATE")
Joining, by = "MATERIAL"
Joining, by = "MATERIAL"
Joining, by = "MATERIAL"
Joining, by = c("MATERIAL", "DATE_UPDATE")
Joining, by = "MATERIAL"
Joining, by = c("MATERIAL", "DISCO_DATE")
Joining, by = "DISCO_DATE"
Joining, by = "DATE_UPDATE"
Joining, by = "DISCO_DATE"
Joining, by = c("DISCO_DATE", "MATERIAL")
Joining, by = "DISCO_DATE"
Joining, by = "DISCO_DATE"
Joining, by = "DISCO_DATE"
Joining, by = c("DISCO_DATE", "DATE_UPDATE")
Joining, by = "DISCO_DATE"
Joining, by = c("MATERIAL", "DATE_UPDATE")
Joining, by = "DISCO_DATE"
Joining, by = "MATERIAL"
Joining, by = "DISCO_DATE"
Joining, by = c("MATERIAL", "DATE_UPDATE")
Joining, by = "DISCO_DATE"
Joining, by = c("DISCO_DATE", "MATERIAL")
Joining, by = "DISCO_DATE"
Joining, by = c("DISCO_DATE", "DATE_UPDATE")
Joining, by = "MATERIAL"
Joining, by = c("DISCO_DATE", "DATE_UPDATE")
Joining, by = "DATE_UPDATE"
Joining, by = c("maxDATE_UPDATE", "MATERIAL", "DISCO_DATE")
Joining, by = c("DATE_UPDATE", "DISCO_DATE")
Joining, by = c("DISCO_DATE", "maxDATE_UPDATE", "MATERIAL")
Joining, by = c("MATERIAL", "DISCO_DATE")
Joining, by = c("MATERIAL", "DISCO_DATE", "maxDATE_UPDATE")
Joining, by = c("DISCO_DATE", "MATERIAL")
Joining, by = c("DISCO_DATE", "MATERIAL", "maxDATE_UPDATE")
Joining, by = c("DATE_UPDATE", "MATERIAL")
Joining, by = c("MATERIAL", "maxDATE_UPDATE", "DISCO_DATE")
Joining, by = c("MATERIAL", "DATE_UPDATE")
Joining, by = c("MATERIAL", "maxDATE_UPDATE", "DISCO_DATE")
Joining, by = "MATERIAL"
Joining, by = c("MATERIAL", "maxDATE_UPDATE", "DISCO_DATE")
Joining, by = "DISCO_DATE"
Joining, by = c("DISCO_DATE", "maxDATE_UPDATE", "MATERIAL")
Joining, by = c("DISCO_DATE", "DATE_UPDATE")
Joining, by = c("DISCO_DATE", "maxDATE_UPDATE", "MATERIAL")
Joining, by = "DATE_UPDATE"
Joining, by = c("MATERIAL", "DISCO_DATE")
Joining, by = c("DATE_UPDATE", "DISCO_DATE")
Joining, by = c("DISCO_DATE", "MATERIAL")
Joining, by = c("MATERIAL", "DISCO_DATE")
Joining, by = c("MATERIAL", "DISCO_DATE")
Joining, by = c("DISCO_DATE", "MATERIAL")
Joining, by = c("DISCO_DATE", "MATERIAL")
Joining, by = c("DATE_UPDATE", "MATERIAL")
Joining, by = c("MATERIAL", "DISCO_DATE")
Joining, by = c("MATERIAL", "DATE_UPDATE")
Joining, by = c("MATERIAL", "DISCO_DATE")
Joining, by = "MATERIAL"
Joining, by = c("MATERIAL", "DISCO_DATE")
Joining, by = "DISCO_DATE"
Joining, by = c("DISCO_DATE", "MATERIAL")
Joining, by = c("DISCO_DATE", "DATE_UPDATE")
Joining, by = c("DISCO_DATE", "MATERIAL")
Joining, by = "DATE_UPDATE"
Joining, by = "DISCO_DATE"
Joining, by = c("DATE_UPDATE", "DISCO_DATE")
Joining, by = "DISCO_DATE"
Joining, by = c("MATERIAL", "DISCO_DATE")
Joining, by = "DISCO_DATE"
Joining, by = c("DISCO_DATE", "MATERIAL")
Joining, by = "DISCO_DATE"
Joining, by = c("DATE_UPDATE", "MATERIAL")
Joining, by = "DISCO_DATE"
Joining, by = c("MATERIAL", "DATE_UPDATE")
Joining, by = "DISCO_DATE"
Joining, by = "MATERIAL"
Joining, by = "DISCO_DATE"
Joining, by = "DISCO_DATE"
Joining, by = "DISCO_DATE"
Joining, by = c("DISCO_DATE", "DATE_UPDATE")
Joining, by = "DISCO_DATE"
Joining, by = "DATE_UPDATE"
Joining, by = c("DATE_UPDATE", "DISCO_DATE")
Joining, by = c("DATE_UPDATE", "DISCO_DATE")
Joining, by = c("DATE_UPDATE", "DISCO_DATE")
Joining, by = c("MATERIAL", "DISCO_DATE")
Joining, by = c("DISCO_DATE", "DATE_UPDATE")
Joining, by = c("DISCO_DATE", "MATERIAL")
Joining, by = c("DISCO_DATE", "DATE_UPDATE")
Joining, by = c("DATE_UPDATE", "MATERIAL")
Joining, by = c("DATE_UPDATE", "DISCO_DATE")
Joining, by = c("MATERIAL", "DATE_UPDATE")
Joining, by = c("DATE_UPDATE", "DISCO_DATE")
Joining, by = "MATERIAL"
Joining, by = c("DISCO_DATE", "DATE_UPDATE")
Joining, by = "DISCO_DATE"
Joining, by = c("DISCO_DATE", "DATE_UPDATE")
Joining, by = "DATE_UPDATE"
Joining, by = c("DATE_UPDATE", "MATERIAL")
Joining, by = "DATE_UPDATE"
Joining, by = "MATERIAL"
Joining, by = "DATE_UPDATE"
Joining, by = c("DATE_UPDATE", "MATERIAL")
Joining, by = "DATE_UPDATE"
Joining, by = c("MATERIAL", "DISCO_DATE")
Joining, by = c("DATE_UPDATE", "DISCO_DATE")
Joining, by = c("DATE_UPDATE", "MATERIAL")
Joining, by = c("MATERIAL", "DISCO_DATE")
Joining, by = c("MATERIAL", "DATE_UPDATE")
Joining, by = c("DISCO_DATE", "MATERIAL")
Joining, by = c("MATERIAL", "DATE_UPDATE")
Joining, by = c("DATE_UPDATE", "MATERIAL")
Joining, by = c("DATE_UPDATE", "MATERIAL")
Joining, by = c("MATERIAL", "DATE_UPDATE")
Joining, by = c("MATERIAL", "DATE_UPDATE")
Joining, by = "MATERIAL"
Joining, by = c("MATERIAL", "DATE_UPDATE")
Joining, by = "DISCO_DATE"
Joining, by = c("MATERIAL", "DATE_UPDATE")
Joining, by = c("DATE_UPDATE", "DISCO_DATE")
Joining, by = "MATERIAL"
Joining, by = c("DATE_UPDATE", "DISCO_DATE")
Joining, by = c("DATE_UPDATE", "MATERIAL")
Joining, by = c("DATE_UPDATE", "DISCO_DATE")
Joining, by = c("DISCO_DATE", "MATERIAL")
Joining, by = c("MATERIAL", "DISCO_DATE")
Joining, by = "MATERIAL"
Joining, by = c("DISCO_DATE", "MATERIAL")
Joining, by = "MATERIAL"
Joining, by = c("DATE_UPDATE", "MATERIAL")
Joining, by = "MATERIAL"
Joining, by = c("MATERIAL", "DATE_UPDATE")
Joining, by = "MATERIAL"
Joining, by = "MATERIAL"
Joining, by = "MATERIAL"
Joining, by = "MATERIAL"
Joining, by = "MATERIAL"

------------------------------------- R Solution ---------------------------------------

con <- DBI::dbConnect(RSQLite::SQLite(), ":memory:")
input0 <- read.table("tests-examples/scythe/recent_posts/tables/34-1.txt", sep =",", header=T)
input0
input0 <- copy_to(con,input0)
expected_output <- read.table("tests-examples/scythe/recent_posts/tables/34.out", sep =",", header=T)
expected_output

RET_DF5591 <- input0 %>% group_by(MATERIAL) %>% summarise(maxDISCO_DATE = max(DISCO_DATE))
RET_DF5592 <- input0 %>% group_by(MATERIAL) %>% summarise(maxDATE_UPDATE = max(DATE_UPDATE))
RET_DF5593 <- inner_join(inner_join(RET_DF5591, input0), RET_DF5592)
RET_DF5594 <- RET_DF5593 %>% ungroup() %>% select(MATERIAL,maxDISCO_DATE,maxDATE_UPDATE) %>% distinct()



+++++++++++++++++++++++++++++++++++++ SQL Solution +++++++++++++++++++++++++++++++++++++

Joining, by = "MATERIAL"
Joining, by = "MATERIAL"
SELECT DISTINCT `MATERIAL`,
                `maxDISCO_DATE`,
                `maxDATE_UPDATE`
FROM
  (SELECT `MATERIAL`,
          `maxDISCO_DATE`,
          `DISCO_DATE`,
          `DATE_UPDATE`,
          `maxDATE_UPDATE`
   FROM
     (SELECT `MATERIAL`,
             `maxDISCO_DATE`,
             `DISCO_DATE`,
             `DATE_UPDATE`
      FROM
        (SELECT `MATERIAL`,
                MAX(`DISCO_DATE`) AS `maxDISCO_DATE`
         FROM `input0`
         GROUP BY `MATERIAL`) AS `LHS`
      INNER JOIN `input0` AS `RHS` ON (`LHS`.`MATERIAL` = `RHS`.`MATERIAL`)) AS `LHS`
   INNER JOIN
     (SELECT `MATERIAL`,
             MAX(`DATE_UPDATE`) AS `maxDATE_UPDATE`
      FROM `input0`
      GROUP BY `MATERIAL`) AS `RHS` ON (`LHS`.`MATERIAL` = `RHS`.`MATERIAL`))

