R[write to console]: 
Attaching package: ‘dplyr’


R[write to console]: The following objects are masked from ‘package:stats’:

    filter, lag


R[write to console]: The following objects are masked from ‘package:base’:

    intersect, setdiff, setequal, union


R[write to console]: 
Attaching package: ‘dbplyr’


R[write to console]: The following objects are masked from ‘package:dplyr’:

    ident, sql


# First, specify the types that will be used

enum Cols {
  "ID, Payment_type", "ID, Time", "Payment_type, ID", "Payment_type, Time", "Time, ID", "Time, Payment_type", "ID", "Payment_type", "Time"
}

enum Col {
  "ID", "Payment_type", "Time"
}

enum SelectCols{
  "ID,Payment_type"
}

enum Distinct {
	"distinct", ""
}

enum FilterCondition{
"Time == maxTime", "Time > maxTime", "Time < maxTime", "Time >= maxTime", "Time <= maxTime"
}

enum SummariseCondition{
"maxTime = max(Time)"
}



value Table {
  col: int;
  row: int;
}

value TableSelect {
  col: int;
  row: int;
}

value Empty;

# Next, specify the input/output of the synthesized program
program Squares(Table) -> TableSelect;

# Finally, specify the production rules
func empty: Empty -> Empty;

func inner_join: Table r -> Table a, Table b
{
  col(r) <= col(a) + col(b);
}

func inner_join3: Table r -> Table a, Table b, Table c
{
  col(r) < col(a) + col(b) + col(c);
}

func inner_join4: Table r -> Table a, Table b, Table c, Table d {
  col(r) < col(a) + col(b) + col(c) + col(d);
}

func anti_join: Table r ->  Table a, Table b, Col c {
  #col(r) <= col(a) + col(b);
  col(r) == 1;
  row(r) <= row(a);
}

func left_join: Table r ->  Table a, Table b{
  col(r) <= col(a) + col(b);
  row(r) == row(a);
}

func bind_rows: Table r ->  Table a, Table b{
  col(r) <= col(a) + col(b);
  row(r) == row(a) + row(b);
}

func intersect: Table r ->  Table a, Table b, Col c {
  #col(r) <= col(a) + col(b);
  col(r) == 1;
  row(r) <= row(a);
}

func select: TableSelect r -> Table a, SelectCols c, Distinct d{
	row(r) <= row(a);
	col(r) <= col(a);
}




func filter: Table r -> Table a, FilterCondition f {
 row(r) <= row(a);
 col(r) == col(a);
}


func summariseGrouped: Table r -> Table a, SummariseCondition s, Cols b {
 row(r) <= row(a);
 col(r) <= 3;
}

predicate is_not_parent(inner_join4, summariseGrouped, 100);
predicate is_not_parent(summariseGrouped, summariseGrouped, 100);

predicate is_not_parent(filter, filter, 100);

predicate constant_occurs("maxTime = max(Time)");
predicate happens_before("Time == maxTime","maxTime = max(Time)");
predicate happens_before("Time > maxTime","maxTime = max(Time)");
predicate happens_before("Time < maxTime","maxTime = max(Time)");
predicate happens_before("Time >= maxTime","maxTime = max(Time)");
predicate happens_before("Time <= maxTime","maxTime = max(Time)");
predicate is_not_parent(inner_join, inner_join3, 100);
predicate is_not_parent(inner_join, inner_join4, 100);
#predicate is_not_parent(inner_join, anti_join, 100);
predicate is_not_parent(inner_join3, inner_join, 100);
predicate is_not_parent(inner_join3, inner_join3, 100);
predicate is_not_parent(inner_join3, inner_join4, 100);
predicate is_not_parent(inner_join3, anti_join, 100);
predicate is_not_parent(inner_join4, inner_join, 100);
predicate is_not_parent(inner_join4, inner_join3, 100);
predicate is_not_parent(inner_join4, inner_join4, 100);
#predicate is_not_parent(inner_join4, anti_join, 100);
predicate is_not_parent(anti_join, anti_join, 100);
predicate is_not_parent(anti_join, inner_join, 100);
predicate is_not_parent(anti_join, inner_join4, 100);
predicate distinct_inputs(inner_join4);
predicate distinct_inputs(inner_join3);
predicate distinct_inputs(inner_join);
predicate distinct_inputs(anti_join);

Joining, by = c("ID", "Payment_type", "Time")
Joining, by = "Time"
Joining, by = "Payment_type"
Joining, by = "ID"
Joining, by = c("Time", "ID")
Joining, by = c("Payment_type", "ID")
Joining, by = c("ID", "Time")
Joining, by = c("Payment_type", "Time")
Joining, by = c("Time", "Payment_type")
Joining, by = c("ID", "Payment_type")
Joining, by = c("ID", "Time")
Joining, by = "ID"
Joining, by = c("Payment_type", "ID")
Joining, by = c("Time", "ID")
Joining, by = "Time"
Joining, by = "Payment_type"
Joining, by = c("Payment_type", "Time")
Joining, by = c("Time", "Payment_type")
Joining, by = c("ID", "Payment_type")
Joining, by = "Payment_type"
Joining, by = c("ID", "Time")
Joining, by = c("ID", "Time")
Joining, by = c("ID", "Payment_type")
Joining, by = "ID"
Joining, by = "Time"
Joining, by = c("Payment_type", "Time")
Joining, by = c("Payment_type", "Time")
Joining, by = c("ID", "Payment_type")
Joining, by = "ID"
Joining, by = "Payment_type"
Joining, by = "Time"
Joining, by = c("ID", "Time")
Joining, by = c("ID", "Payment_type")
Joining, by = c("ID", "Time")
Joining, by = c("Payment_type", "Time")
Joining, by = c("Payment_type", "Time")
Joining, by = c("ID", "Payment_type")
Joining, by = "ID"
Joining, by = c("ID", "Payment_type")
Joining, by = c("ID", "Time")
Joining, by = c("ID", "Time")
Joining, by = "Time"
Joining, by = "Payment_type"
Joining, by = c("Payment_type", "Time")
Joining, by = c("Payment_type", "Time")
Joining, by = c("ID", "Payment_type")
Joining, by = "Time"
Joining, by = c("ID", "Time")
Joining, by = c("ID", "Time")
Joining, by = "Payment_type"
Joining, by = c("ID", "Payment_type")
Joining, by = "ID"
Joining, by = c("Payment_type", "Time")
Joining, by = c("Payment_type", "Time")
Joining, by = c("ID", "Payment_type")
Joining, by = "ID"
Joining, by = c("Payment_type", "Time")
Joining, by = c("Time", "Payment_type")
Joining, by = c("ID", "Payment_type")
Joining, by = "Time"
Joining, by = c("Time", "ID")
Joining, by = c("Payment_type", "ID")
Joining, by = "Payment_type"
Joining, by = c("ID", "Time")
Joining, by = c("ID", "Payment_type", "Time")
Joining, by = c("ID", "Time")
Joining, by = c("ID", "Payment_type", "Time")
Joining, by = "ID"
Joining, by = c("ID", "Payment_type", "Time")
Joining, by = "Time"
Joining, by = c("ID", "Payment_type", "Time")
Joining, by = c("ID", "Time")
Joining, by = c("ID", "Payment_type", "Time")
Joining, by = c("Payment_type", "Time")
Joining, by = c("ID", "Payment_type", "Time")
Joining, by = c("Payment_type", "Time")
Joining, by = c("ID", "Payment_type", "Time")
Joining, by = c("ID", "Payment_type")
Joining, by = c("ID", "Payment_type", "Time")
Joining, by = c("ID", "Payment_type")
Joining, by = c("ID", "Payment_type", "Time")
Joining, by = c("ID", "Payment_type", "Time")
Joining, by = c("ID", "Time")
Joining, by = c("ID", "Payment_type", "Time")
Joining, by = "ID"
Joining, by = c("ID", "Payment_type", "Time")
Joining, by = "Time"
Joining, by = c("ID", "Payment_type", "Time")
Joining, by = c("ID", "Time")
Joining, by = c("ID", "Payment_type", "Time")
Joining, by = c("Payment_type", "Time")
Joining, by = c("ID", "Payment_type", "Time")
Joining, by = c("Payment_type", "Time")
Joining, by = c("ID", "Payment_type", "Time")
Joining, by = c("ID", "Payment_type")
Joining, by = c("ID", "Payment_type", "Time")
Joining, by = c("ID", "Payment_type")
Joining, by = "Time"
Joining, by = c("Time", "ID")
Joining, by = "Payment_type"
Joining, by = c("ID", "Time")
Joining, by = "ID"
Joining, by = c("ID", "Time")
Joining, by = "Time"
Joining, by = "ID"
Joining, by = "Payment_type"
Joining, by = "ID"
Joining, by = "ID"
Joining, by = "ID"
Joining, by = "Time"
Joining, by = "Time"
Joining, by = "Payment_type"
Joining, by = "Time"
Joining, by = "Time"
Joining, by = c("Time", "ID")
Joining, by = "Time"
Joining, by = c("Time", "Payment_type")
Joining, by = "Time"
Joining, by = c("Time", "Payment_type")
Joining, by = "Time"
Joining, by = c("ID", "Payment_type")
Joining, by = "Time"
Joining, by = c("ID", "Payment_type")
Joining, by = "Payment_type"
Joining, by = c("ID", "Time")
Joining, by = "Payment_type"
Joining, by = c("Payment_type", "Time")
Joining, by = "ID"
Joining, by = c("ID", "Time")
Joining, by = "ID"
Joining, by = c("Payment_type", "Time")
Joining, by = "ID"
Joining, by = c("Payment_type", "Time")
Joining, by = "Payment_type"
Joining, by = c("Payment_type", "Time")
Joining, by = "ID"
Joining, by = c("ID", "Payment_type")
Joining, by = "ID"
Joining, by = c("ID", "Payment_type")
Joining, by = "ID"
Joining, by = "Time"
Joining, by = "Payment_type"
Joining, by = c("Payment_type", "ID")
Joining, by = "Payment_type"
Joining, by = c("Payment_type", "ID")
Joining, by = "Payment_type"
Joining, by = "Payment_type"
Joining, by = "ID"
Joining, by = "Payment_type"
Joining, by = "Time"
Joining, by = "Payment_type"
Joining, by = "Payment_type"
Joining, by = c("ID", "Time")
Joining, by = "Payment_type"
Joining, by = c("Payment_type", "Time")
Joining, by = "Payment_type"
Joining, by = c("Payment_type", "Time")
Joining, by = c("ID", "Time")
Joining, by = "Payment_type"
Joining, by = "ID"
Joining, by = "Payment_type"
Joining, by = c("ID", "Payment_type")
Joining, by = "Payment_type"
Joining, by = "Payment_type"
Joining, by = c("Payment_type", "ID")
Joining, by = "Payment_type"
Joining, by = c("Payment_type", "ID")
Joining, by = c("ID", "Payment_type")
Joining, by = "Payment_type"
Joining, by = "Time"
Joining, by = "Payment_type"
Joining, by = "Payment_type"
Joining, by = "Payment_type"
Joining, by = c("Payment_type", "Time")
Joining, by = "Payment_type"
Joining, by = "Payment_type"
Joining, by = "Payment_type"
Joining, by = "Payment_type"
Joining, by = c("Payment_type", "Time")
Joining, by = "ID"
Joining, by = c("ID", "Time")
Joining, by = "Time"
Joining, by = c("Time", "ID")
Joining, by = "ID"
Joining, by = "ID"
Joining, by = "Time"
Joining, by = c("Time", "Payment_type")
Joining, by = "ID"
Joining, by = c("ID", "Time")
Joining, by = "Time"
Joining, by = c("Time", "ID")
Joining, by = "ID"
Joining, by = c("ID", "Payment_type")
Joining, by = "ID"
Joining, by = c("ID", "Payment_type")
Joining, by = "Time"
Joining, by = "Time"
Joining, by = "Time"
Joining, by = c("Time", "Payment_type")
Joining, by = "ID"
Joining, by = c("ID", "Time")
Joining, by = "ID"
Joining, by = "ID"
Joining, by = "ID"
Joining, by = c("Payment_type", "Time")
Joining, by = "ID"
Joining, by = c("ID", "Time")
Joining, by = "ID"
Joining, by = c("ID", "Payment_type")
Joining, by = "ID"
Joining, by = "Payment_type"
Joining, by = "ID"
Joining, by = "Time"
Joining, by = "ID"
Joining, by = c("Payment_type", "Time")
Joining, by = "Time"
Joining, by = c("ID", "Time")
Joining, by = "Time"
Joining, by = "ID"
Joining, by = "Time"
Joining, by = c("Payment_type", "Time")
Joining, by = "Time"
Joining, by = c("ID", "Time")
Joining, by = "Time"
Joining, by = c("ID", "Payment_type")
Joining, by = "Time"
Joining, by = "Payment_type"
Joining, by = "Time"
Joining, by = "Time"
Joining, by = "Time"
Joining, by = c("Payment_type", "Time")
Joining, by = "Time"
Joining, by = c("ID", "Payment_type")
Joining, by = "ID"
Joining, by = c("ID", "Payment_type")
Joining, by = c("ID", "Payment_type", "Time")
Joining, by = "Payment_type"
Joining, by = c("ID", "Payment_type", "Time")
Joining, by = "Payment_type"
Joining, by = c("ID", "Time")
Joining, by = c("ID", "Payment_type", "Time")
Joining, by = "ID"
Joining, by = c("ID", "Payment_type", "Time")
Joining, by = c("Payment_type", "Time")
Joining, by = c("ID", "Payment_type", "Time")
Joining, by = c("ID", "Time")
Joining, by = c("ID", "Payment_type", "Time")
Joining, by = c("ID", "Payment_type")
Joining, by = c("ID", "Payment_type", "Time")
Joining, by = "Time"
Joining, by = c("ID", "Payment_type", "Time")
Joining, by = c("Payment_type", "Time")
Joining, by = c("ID", "Payment_type", "Time")
Joining, by = c("ID", "Payment_type")
Joining, by = c("ID", "Payment_type", "Time")
Joining, by = "Payment_type"
Joining, by = c("ID", "Payment_type", "Time")
Joining, by = c("Payment_type", "Time")
Joining, by = "ID"
Joining, by = c("ID", "Time")
Joining, by = "ID"
Joining, by = "ID"
Joining, by = "ID"
Joining, by = "ID"
Joining, by = "Time"
Joining, by = "Time"
Joining, by = "ID"
Joining, by = c("ID", "Payment_type")
Joining, by = "ID"
Joining, by = "Payment_type"
Joining, by = "ID"
Joining, by = c("ID", "Time")
Joining, by = "ID"
Joining, by = c("Payment_type", "Time")
Joining, by = "ID"
Joining, by = c("ID", "Payment_type")
Joining, by = "ID"
Joining, by = c("Payment_type", "Time")
Joining, by = "Payment_type"
Joining, by = c("Payment_type", "Time")
Joining, by = "Time"
Joining, by = c("Payment_type", "Time")
Joining, by = "Payment_type"
Joining, by = c("ID", "Payment_type")
Joining, by = "Payment_type"
Joining, by = "Payment_type"
Joining, by = "Payment_type"
Joining, by = c("ID", "Time")
Joining, by = "Payment_type"
Joining, by = "Time"
Joining, by = "Payment_type"
Joining, by = c("ID", "Time")
Joining, by = "Payment_type"
Joining, by = c("ID", "Payment_type")
Joining, by = "Payment_type"
Joining, by = "ID"
Joining, by = "Payment_type"
Joining, by = c("ID", "Time")
Joining, by = "Time"
Joining, by = "Time"
Joining, by = "Time"
Joining, by = c("ID", "Time")
Joining, by = "Time"
Joining, by = c("ID", "Payment_type")
Joining, by = "Time"
Joining, by = "Payment_type"
Joining, by = "Time"
Joining, by = c("Payment_type", "Time")
Joining, by = "Time"
Joining, by = c("ID", "Payment_type")
Joining, by = "Time"
Joining, by = c("ID", "Payment_type", "Time")
Joining, by = c("Payment_type", "Time")
Joining, by = c("ID", "Payment_type", "Time")
Joining, by = "ID"
Joining, by = c("ID", "Payment_type", "Time")
Joining, by = c("ID", "Time")
Joining, by = c("ID", "Payment_type", "Time")
Joining, by = c("ID", "Payment_type")
Joining, by = c("ID", "Payment_type", "Time")
Joining, by = "Time"
Joining, by = c("ID", "Payment_type", "Time")
Joining, by = "Payment_type"
Joining, by = c("ID", "Payment_type", "Time")
Joining, by = c("ID", "Payment_type")
Joining, by = c("ID", "Payment_type", "Time")
Joining, by = c("ID", "Time")
Joining, by = c("ID", "Payment_type", "Time")
Joining, by = c("Payment_type", "Time")
Joining, by = c("ID", "Payment_type", "Time")
Joining, by = "Time"
Joining, by = "ID"
Joining, by = c("Payment_type", "Time")
Joining, by = c("ID", "Time")
Joining, by = c("ID", "Payment_type")
Joining, by = "Time"
Joining, by = c("Payment_type", "Time")
Joining, by = c("ID", "Payment_type")
Joining, by = "Payment_type"
Joining, by = c("ID", "Time")
Joining, by = "ID"
Joining, by = c("Payment_type", "Time")
Joining, by = c("ID", "Time")
Joining, by = c("ID", "Payment_type")
Joining, by = "Time"
Joining, by = c("Payment_type", "Time")
Joining, by = c("ID", "Payment_type")
Joining, by = "Payment_type"
Joining, by = c("ID", "Time")
Joining, by = "Time"
Joining, by = c("ID", "Payment_type")
Joining, by = c("Payment_type", "maxTime")
Joining, by = c("ID", "Payment_type")
Joining, by = c("ID", "Payment_type", "maxTime")
Joining, by = c("ID", "Payment_type")
Joining, by = c("ID", "Time", "maxTime")
Joining, by = c("ID", "Payment_type")
Joining, by = c("Payment_type", "Time", "maxTime")
Joining, by = c("ID", "Payment_type")
Joining, by = c("ID", "maxTime")
Joining, by = c("ID", "Payment_type")
Joining, by = c("Payment_type", "Time", "maxTime")
Joining, by = c("ID", "Payment_type")
Joining, by = c("Time", "maxTime")
Joining, by = c("ID", "Payment_type")
Joining, by = c("ID", "Time", "maxTime")
Joining, by = c("ID", "Payment_type")
Joining, by = c("ID", "Payment_type", "maxTime")
Joining, by = "Time"
Joining, by = c("Payment_type", "maxTime")
Joining, by = "Time"
Joining, by = c("ID", "Payment_type", "maxTime")
Joining, by = "Time"
Joining, by = c("ID", "Time", "maxTime")
Joining, by = "Time"
Joining, by = c("Payment_type", "Time", "maxTime")
Joining, by = "Time"
Joining, by = c("ID", "maxTime")
Joining, by = "Time"
Joining, by = c("Payment_type", "Time", "maxTime")
Joining, by = "Time"
Joining, by = c("Time", "maxTime")
Joining, by = "Time"
Joining, by = c("ID", "Time", "maxTime")
Joining, by = "Time"
Joining, by = c("ID", "Payment_type", "maxTime")
Joining, by = c("Payment_type", "Time")
Joining, by = c("Payment_type", "maxTime")
Joining, by = c("Payment_type", "Time")
Joining, by = c("ID", "Payment_type", "maxTime")
Joining, by = c("Payment_type", "Time")
Joining, by = c("ID", "Time", "maxTime")
Joining, by = c("Payment_type", "Time")
Joining, by = c("Payment_type", "Time", "maxTime")
Joining, by = c("Payment_type", "Time")
Joining, by = c("ID", "maxTime")
Joining, by = c("Payment_type", "Time")
Joining, by = c("Payment_type", "Time", "maxTime")
Joining, by = c("Payment_type", "Time")
Joining, by = c("Time", "maxTime")
Joining, by = c("Payment_type", "Time")
Joining, by = c("ID", "Time", "maxTime")
Joining, by = c("Payment_type", "Time")
Joining, by = c("ID", "Payment_type", "maxTime")
Joining, by = c("ID", "Payment_type")
Joining, by = c("Payment_type", "maxTime")
Joining, by = c("ID", "Payment_type")
Joining, by = c("ID", "Payment_type", "maxTime")
Joining, by = c("ID", "Payment_type")
Joining, by = c("ID", "Time", "maxTime")
Joining, by = c("ID", "Payment_type")
Joining, by = c("Payment_type", "Time", "maxTime")
Joining, by = c("ID", "Payment_type")
Joining, by = c("ID", "maxTime")
Joining, by = c("ID", "Payment_type")
Joining, by = c("Payment_type", "Time", "maxTime")
Joining, by = c("ID", "Payment_type")
Joining, by = c("Time", "maxTime")
Joining, by = c("ID", "Payment_type")
Joining, by = c("ID", "Time", "maxTime")
Joining, by = c("ID", "Payment_type")
Joining, by = c("ID", "Payment_type", "maxTime")
Joining, by = "Payment_type"
Joining, by = c("Payment_type", "maxTime")
Joining, by = "Payment_type"
Joining, by = c("ID", "Payment_type", "maxTime")
Joining, by = "Payment_type"
Joining, by = c("ID", "Time", "maxTime")
Joining, by = "Payment_type"
Joining, by = c("Payment_type", "Time", "maxTime")
Joining, by = "Payment_type"
Joining, by = c("ID", "maxTime")
Joining, by = "Payment_type"
Joining, by = c("Payment_type", "Time", "maxTime")
Joining, by = "Payment_type"
Joining, by = c("Time", "maxTime")
Joining, by = "Payment_type"
Joining, by = c("ID", "Time", "maxTime")
Joining, by = "Payment_type"
Joining, by = c("ID", "Payment_type", "maxTime")
Joining, by = "ID"
Joining, by = c("Payment_type", "maxTime")
Joining, by = c("Payment_type", "Time")
Joining, by = c("Payment_type", "maxTime")
Joining, by = c("ID", "Time")
Joining, by = c("Payment_type", "maxTime")
Joining, by = "ID"
Joining, by = c("ID", "Payment_type", "maxTime")
Joining, by = "ID"
Joining, by = c("ID", "Time", "maxTime")
Joining, by = "ID"
Joining, by = c("Payment_type", "Time", "maxTime")
Joining, by = "ID"
Joining, by = c("ID", "maxTime")
Joining, by = "ID"
Joining, by = c("Payment_type", "Time", "maxTime")
Joining, by = "ID"
Joining, by = c("Time", "maxTime")
Joining, by = "ID"
Joining, by = c("ID", "Time", "maxTime")
Joining, by = "ID"
Joining, by = c("ID", "Payment_type", "maxTime")
Joining, by = c("Payment_type", "Time")
Joining, by = c("ID", "Payment_type", "maxTime")
Joining, by = c("ID", "Time")
Joining, by = c("ID", "Payment_type", "maxTime")
Joining, by = c("Payment_type", "Time")
Joining, by = c("ID", "Time", "maxTime")
Joining, by = c("Payment_type", "Time")
Joining, by = c("Payment_type", "Time", "maxTime")
Joining, by = c("Payment_type", "Time")
Joining, by = c("ID", "maxTime")
Joining, by = c("Payment_type", "Time")
Joining, by = c("Payment_type", "Time", "maxTime")
Joining, by = c("Payment_type", "Time")
Joining, by = c("Time", "maxTime")
Joining, by = c("Payment_type", "Time")
Joining, by = c("ID", "Time", "maxTime")
Joining, by = c("Payment_type", "Time")
Joining, by = c("ID", "Payment_type", "maxTime")
Joining, by = c("ID", "Time")
Joining, by = c("ID", "Time", "maxTime")
Joining, by = c("ID", "Time")
Joining, by = c("Payment_type", "Time", "maxTime")
Joining, by = c("ID", "Time")
Joining, by = c("ID", "maxTime")
Joining, by = c("ID", "Time")
Joining, by = c("ID", "Time", "maxTime")
Joining, by = c("ID", "Time")
Joining, by = c("Payment_type", "Time", "maxTime")
Joining, by = c("ID", "Time")
Joining, by = c("ID", "maxTime")
Joining, by = c("ID", "Time")
Joining, by = c("Payment_type", "Time", "maxTime")
Joining, by = c("ID", "Time")
Joining, by = c("Payment_type", "Time", "maxTime")
Joining, by = c("ID", "Time")
Joining, by = c("Time", "maxTime")
Joining, by = c("ID", "Time")
Joining, by = c("ID", "Time", "maxTime")
Joining, by = c("ID", "Time")
Joining, by = c("ID", "Payment_type", "maxTime")
Joining, by = c("ID", "Time")
Joining, by = c("Payment_type", "maxTime")
Joining, by = c("ID", "Time")
Joining, by = c("Time", "maxTime")
Joining, by = c("ID", "Time")
Joining, by = c("ID", "Time", "maxTime")
Joining, by = c("ID", "Time")
Joining, by = c("ID", "Payment_type", "maxTime")
Joining, by = c("ID", "Time")
Joining, by = c("ID", "Payment_type", "maxTime")
Joining, by = c("ID", "Time")
Joining, by = c("ID", "Payment_type", "maxTime")
Joining, by = c("ID", "Time")
Joining, by = c("Time", "maxTime")
Joining, by = c("ID", "Time")
Joining, by = c("Payment_type", "Time", "maxTime")
Joining, by = c("ID", "Time")
Joining, by = c("ID", "Payment_type", "maxTime")
Joining, by = c("ID", "Time")
Joining, by = c("Payment_type", "maxTime")
Joining, by = c("Payment_type", "Time")
Joining, by = c("ID", "Payment_type", "maxTime")
Joining, by = "ID"
Joining, by = c("ID", "Payment_type", "maxTime")
Joining, by = "ID"
Joining, by = c("ID", "Payment_type", "maxTime")

------------------------------------- R Solution ---------------------------------------

con <- DBI::dbConnect(RSQLite::SQLite(), ":memory:")
input0 <- read.table("tests-examples/scythe/recent_posts/tables/47-1.txt", sep =",", header=T)
input0
input0 <- copy_to(con,input0)
expected_output <- read.table("tests-examples/scythe/recent_posts/tables/47.out", sep =",", header=T)
expected_output

RET_DF2344 <- input0 %>% group_by(ID) %>% summarise(maxTime = max(Time))
RET_DF2345 <- input0 %>% group_by(ID, Payment_type) %>% summarise(maxTime = max(Time))
RET_DF2346 <- inner_join(inner_join(input0, RET_DF2344), RET_DF2345)
RET_DF2347 <- RET_DF2346 %>% ungroup() %>% select(ID,Payment_type) %>% distinct()



+++++++++++++++++++++++++++++++++++++ SQL Solution +++++++++++++++++++++++++++++++++++++

Joining, by = "ID"
Joining, by = c("ID", "Payment_type", "maxTime")
SELECT DISTINCT `ID`,
                `Payment_type`
FROM
  (SELECT `ID`,
          `Payment_type`,
          `Time`,
          `maxTime`
   FROM
     (SELECT `ID`,
             `Payment_type`,
             `Time`,
             `maxTime`
      FROM `input0` AS `LHS`
      INNER JOIN
        (SELECT `ID`,
                MAX(`Time`) AS `maxTime`
         FROM `input0`
         GROUP BY `ID`) AS `RHS` ON (`LHS`.`ID` = `RHS`.`ID`)) AS `LHS`
   INNER JOIN
     (SELECT `ID`,
             `Payment_type`,
             MAX(`Time`) AS `maxTime`
      FROM `input0`
      GROUP BY `ID`,
               `Payment_type`) AS `RHS` ON (`LHS`.`ID` = `RHS`.`ID`
                                            AND `LHS`.`Payment_type` = `RHS`.`Payment_type`
                                            AND `LHS`.`maxTime` = `RHS`.`maxTime`))

