[     3.482][MainProcess][INFO] Parsing specification...
[     3.511][MainProcess][WARNING] "attrs" field is deprecated. Please use "columns"
[     3.511][MainProcess][WARNING] "aggrs" field is deprecated. Please use "functions"
[     3.511][MainProcess][WARNING] "const" field is deprecated. Please use "constants"
[     3.512][MainProcess][DEBUG] Reading input files...
[     3.539][MainProcess][INFO] Inferred data types for table tests-examples/scythe/recent_posts/tables/004.csv: ['int64', 'int64', 'int64']
[     3.546][MainProcess][INFO] Inferred data types for table tests-examples/scythe/recent_posts/tables/004_o.csv: ['int64', 'int64']
[     3.587][MainProcess][DEBUG] Generating DSL...
[     7.157][MainProcess][INFO] Creating 16 processes
[     7.249][MainProcess][DEBUG] Increasing generator loc to 3
[    11.494][cube-solver-10][DEBUG] Initialising process for 3 lines of code.
[    11.510][cube-solver-6][DEBUG] Initialising process for 3 lines of code.
[    11.511][cube-solver-12][DEBUG] Initialising process for 3 lines of code.
[    11.521][cube-solver-14][DEBUG] Initialising process for 3 lines of code.
[    11.533][cube-solver-11][DEBUG] Initialising process for 3 lines of code.
[    11.538][cube-solver-8][DEBUG] Initialising process for 3 lines of code.
[    11.538][cube-solver-1][DEBUG] Initialising process for 2 lines of code.
[    11.555][cube-solver-7][DEBUG] Initialising process for 3 lines of code.
[    11.565][cube-solver-13][DEBUG] Initialising process for 3 lines of code.
[    11.565][cube-solver-5][DEBUG] Initialising process for 3 lines of code.
[    11.566][cube-solver-9][DEBUG] Initialising process for 3 lines of code.
[    11.567][cube-solver-3][DEBUG] Initialising process for 2 lines of code.
[    11.593][cube-solver-15][DEBUG] Initialising process for 3 lines of code.
[    11.595][cube-solver-4][DEBUG] Initialising process for 3 lines of code.
[    11.606][cube-solver-2][DEBUG] Initialising process for 2 lines of code.
[    11.630][cube-solver-0][DEBUG] Initialising process for 2 lines of code.
[   599.913][MainProcess][INFO] Statistics:
[   599.913][MainProcess][INFO] 	Generated cubes: 16
[   599.913][MainProcess][INFO] 	Attempted programs: 0
[   599.913][MainProcess][INFO] 		Rejected: 0
[   599.913][MainProcess][INFO] 		Failed: 0
[   599.913][MainProcess][INFO] 	Blacklist clauses: 0

No solution found
