[     3.249][MainProcess][INFO] Parsing specification...
[     3.253][MainProcess][WARNING] "attrs" field is deprecated. Please use "columns"
[     3.254][MainProcess][WARNING] "aggrs" field is deprecated. Please use "functions"
[     3.254][MainProcess][DEBUG] Reading input files...
[     3.264][MainProcess][INFO] Inferred data types for table tests-examples/scythe/recent_posts/tables/012.csv: ['int64', 'int64', 'int64', 'string', 'string', 'string']
[     3.270][MainProcess][INFO] Inferred data types for table tests-examples/scythe/recent_posts/tables/012_o.csv: ['int64', 'int64', 'string', 'string', 'string']
[     3.299][MainProcess][DEBUG] Generating DSL...
[     3.780][MainProcess][INFO] Creating 16 processes
[     3.863][MainProcess][DEBUG] Increasing generator loc to 2
[     4.355][cube-solver-2][DEBUG] Initialising process for 2 lines of code.
[     4.376][cube-solver-6][DEBUG] Initialising process for 2 lines of code.
[     4.383][cube-solver-4][DEBUG] Initialising process for 2 lines of code.
[     4.384][cube-solver-8][DEBUG] Initialising process for 2 lines of code.
[     4.388][cube-solver-5][DEBUG] Initialising process for 2 lines of code.
[     4.388][cube-solver-1][DEBUG] Initialising process for 1 lines of code.
[     4.393][cube-solver-3][DEBUG] Initialising process for 2 lines of code.
[     4.394][cube-solver-10][DEBUG] Initialising process for 2 lines of code.
[     4.399][cube-solver-7][DEBUG] Initialising process for 2 lines of code.
[     4.404][cube-solver-12][DEBUG] Initialising process for 2 lines of code.
[     4.405][cube-solver-9][DEBUG] Initialising process for 2 lines of code.
[     4.408][cube-solver-13][DEBUG] Initialising process for 2 lines of code.
[     4.415][cube-solver-11][DEBUG] Initialising process for 2 lines of code.
[     4.417][cube-solver-14][DEBUG] Initialising process for 2 lines of code.
[     4.440][cube-solver-0][DEBUG] Initialising process for 1 lines of code.
[     4.455][cube-solver-15][DEBUG] Initialising process for 2 lines of code.
[    13.530][cube-solver-0][DEBUG] Solving cube (l0 = summarise(),)
[    13.544][cube-solver-1][DEBUG] Solving cube (l0 = mutate(),)
[    15.694][cube-solver-0][DEBUG] Initialising process for 2 lines of code.
[    22.919][cube-solver-5][DEBUG] Solving cube (l0 = natural_join3(), l1 = mutate())
[    22.920][cube-solver-7][DEBUG] Solving cube (l0 = natural_join4(), l1 = mutate())
[    22.930][cube-solver-6][DEBUG] Solving cube (l0 = natural_join4(), l1 = summarise())
[    22.965][cube-solver-13][DEBUG] Solving cube (l0 = summarise(), l1 = left_join())
[    22.996][cube-solver-8][DEBUG] Solving cube (l0 = summarise(), l1 = natural_join())
[    23.007][cube-solver-2][DEBUG] Solving cube (l0 = natural_join(), l1 = summarise())
[    23.009][cube-solver-11][DEBUG] Solving cube (l0 = summarise(), l1 = summarise())
[    23.014][cube-solver-12][DEBUG] Solving cube (l0 = summarise(), l1 = anti_join())
[    23.019][cube-solver-5][DEBUG] Solving cube (l0 = summarise(), l1 = cross_join())
[    23.021][cube-solver-15][DEBUG] Solving cube (l0 = summarise(), l1 = intersect())
[    23.021][cube-solver-3][DEBUG] Solving cube (l0 = natural_join(), l1 = mutate())
[    23.021][cube-solver-7][DEBUG] Solving cube (l0 = summarise(), l1 = unite())
[    23.026][cube-solver-9][DEBUG] Solving cube (l0 = summarise(), l1 = natural_join3())
[    23.045][cube-solver-14][DEBUG] Solving cube (l0 = summarise(), l1 = union())
[    23.049][cube-solver-4][DEBUG] Solving cube (l0 = natural_join3(), l1 = summarise())
[    23.061][cube-solver-10][DEBUG] Solving cube (l0 = summarise(), l1 = natural_join4())
[    23.125][cube-solver-6][DEBUG] Solving cube (l0 = summarise(), l1 = mutate())
[    23.128][cube-solver-11][DEBUG] Solving cube (l0 = summarise(), l1 = inner_join())
[    23.166][cube-solver-9][DEBUG] Solving cube (l0 = anti_join(), l1 = mutate())
[    23.173][cube-solver-2][DEBUG] Solving cube (l0 = anti_join(), l1 = summarise())
[    23.204][cube-solver-3][DEBUG] Solving cube (l0 = left_join(), l1 = summarise())
[    23.207][cube-solver-10][DEBUG] Solving cube (l0 = union(), l1 = summarise())
[    23.225][cube-solver-9][DEBUG] Solving cube (l0 = union(), l1 = mutate())
[    23.225][cube-solver-4][DEBUG] Solving cube (l0 = left_join(), l1 = mutate())
[    23.235][cube-solver-2][DEBUG] Solving cube (l0 = intersect(), l1 = summarise())
[    26.976][cube-solver-10][DEBUG] Solving cube (l0 = intersect(), l1 = mutate())
[    27.343][cube-solver-3][DEBUG] Solving cube (l0 = semi_join(), l1 = summarise())
[    28.348][cube-solver-10][DEBUG] Solving cube (l0 = semi_join(), l1 = mutate())
[    31.178][cube-solver-3][DEBUG] Solving cube (l0 = cross_join(), l1 = summarise())
[    34.721][cube-solver-0][DEBUG] Solving cube (l0 = summarise(), l1 = semi_join())
[    49.754][cube-solver-2][DEBUG] Solving cube (l0 = cross_join([5]), l1 = mutate())
[    52.036][cube-solver-6][DEBUG] Solving cube (l0 = unite(), l1 = summarise())
[   112.355][cube-solver-15][DEBUG] Solving cube (l0 = unite(), l1 = mutate())
[   189.692][cube-solver-7][DEBUG] Solving cube (l0 = mutate(), l1 = natural_join())
[   209.137][cube-solver-6][DEBUG] Solving cube (l0 = mutate(), l1 = natural_join3())
[   209.198][cube-solver-6][DEBUG] Solving cube (l0 = mutate(), l1 = natural_join4())
[   209.249][cube-solver-6][DEBUG] Solving cube (l0 = mutate(), l1 = summarise())
[   238.906][cube-solver-6][DEBUG] Solving cube (l0 = mutate(), l1 = anti_join())
[   365.060][cube-solver-1][DEBUG] Initialising process for 2 lines of code.
[   373.499][cube-solver-9][DEBUG] Solving cube (l0 = mutate(), l1 = union())
[   377.743][cube-solver-4][DEBUG] Solving cube (l0 = mutate(), l1 = intersect())
[   381.776][cube-solver-4][DEBUG] Solving cube (l0 = mutate(), l1 = semi_join())
[   385.643][cube-solver-1][DEBUG] Solving cube (l0 = mutate(), l1 = left_join())
[   386.124][cube-solver-10][DEBUG] Solving cube (l0 = mutate(), l1 = cross_join([251]))
[   599.987][MainProcess][INFO] Statistics:
[   599.987][MainProcess][INFO] 	Generated cubes: 45
[   599.987][MainProcess][INFO] 	Attempted programs: 19712
[   599.987][MainProcess][INFO] 		Rejected: 7688
[   599.987][MainProcess][INFO] 		Failed: 12024
[   599.987][MainProcess][INFO] 	Blacklist clauses: 253
[   599.988][MainProcess][DEBUG] Printing statistics for good programs of size 1
[   600.028][MainProcess][DEBUG] 	0: Counter({'mutate': 40320})
[   600.028][MainProcess][DEBUG] Printing statistics for good programs of size 2
[   600.221][MainProcess][DEBUG] 	0: Counter({'summarise': 459264, 'mutate': 187012, 'cross_join': 61979, 'unite': 56493, 'union': 40320, 'left_join': 40320, 'semi_join': 40320})
[   600.397][MainProcess][DEBUG] 	1: Counter({'mutate': 239432, 'natural_join': 112396, 'anti_join': 104080, 'union': 91718, 'cross_join': 91495, 'left_join': 91421, 'semi_join': 88602, 'inner_join': 66564})

No solution found
