[     3.621][MainProcess][INFO] Parsing specification...
[     3.638][MainProcess][DEBUG] Reading input files...
[     3.661][MainProcess][INFO] Inferred data types for table tests-examples/scythe/recent_posts/tables/014_1.csv: ['int64', 'string', 'int64']
[     3.668][MainProcess][INFO] Inferred data types for table tests-examples/scythe/recent_posts/tables/014_2.csv: ['int64', 'string', 'int64']
[     3.676][MainProcess][INFO] Inferred data types for table tests-examples/scythe/recent_posts/tables/014_o.csv: ['int64', 'string', 'int64']
[     3.720][MainProcess][DEBUG] Generating DSL...
[     3.744][MainProcess][INFO] Creating 16 processes
[     3.822][cube-solver-0][DEBUG] Initialising process for 1 lines of code.
[     3.822][cube-solver-6][DEBUG] Initialising process for 1 lines of code.
[     3.822][cube-solver-7][DEBUG] Initialising process for 1 lines of code.
[     3.822][MainProcess][DEBUG] Increasing generator loc to 2
[     3.822][cube-solver-5][DEBUG] Initialising process for 1 lines of code.
[     3.822][cube-solver-4][DEBUG] Initialising process for 1 lines of code.
[     3.822][cube-solver-8][DEBUG] Initialising process for 1 lines of code.
[     3.822][cube-solver-1][DEBUG] Initialising process for 1 lines of code.
[     3.822][cube-solver-3][DEBUG] Initialising process for 1 lines of code.
[     3.822][cube-solver-2][DEBUG] Initialising process for 1 lines of code.
[     3.834][cube-solver-10][DEBUG] Initialising process for 2 lines of code.
[     3.838][cube-solver-11][DEBUG] Initialising process for 2 lines of code.
[     3.838][cube-solver-9][DEBUG] Initialising process for 1 lines of code.
[     3.853][cube-solver-14][DEBUG] Initialising process for 2 lines of code.
[     3.853][cube-solver-12][DEBUG] Initialising process for 2 lines of code.
[     3.856][cube-solver-15][DEBUG] Initialising process for 2 lines of code.
[     3.861][cube-solver-13][DEBUG] Initialising process for 2 lines of code.
[     3.912][cube-solver-6][DEBUG] Solving cube (l0 = intersect(),)
[     3.921][cube-solver-8][DEBUG] Solving cube (l0 = cross_join(),)
[     3.936][cube-solver-8][DEBUG] Initialising process for 2 lines of code.
[     3.938][cube-solver-7][DEBUG] Solving cube (l0 = semi_join(),)
[     3.963][cube-solver-9][DEBUG] Solving cube (l0 = inner_join(),)
[     3.976][cube-solver-0][DEBUG] Solving cube (l0 = natural_join(),)
[     3.976][cube-solver-1][DEBUG] Solving cube (l0 = natural_join3(),)
[     3.978][cube-solver-1][DEBUG] Initialising process for 2 lines of code.
[     3.979][cube-solver-5][DEBUG] Solving cube (l0 = union(),)
[     3.979][cube-solver-4][DEBUG] Solving cube (l0 = left_join(),)
[     3.979][cube-solver-2][DEBUG] Solving cube (l0 = natural_join4(),)
[     3.979][cube-solver-3][DEBUG] Solving cube (l0 = anti_join(),)
[     3.982][cube-solver-2][DEBUG] Initialising process for 2 lines of code.
[     4.011][cube-solver-11][DEBUG] Solving cube (l0 = natural_join(), l1 = left_join())
[     4.015][cube-solver-10][DEBUG] Solving cube (l0 = natural_join(), l1 = anti_join([1]))
[     4.019][cube-solver-10][DEBUG] Solving cube (l0 = natural_join(), l1 = natural_join4())
[     4.021][cube-solver-10][DEBUG] Solving cube (l0 = natural_join3(), l1 = anti_join([2]))
[     4.024][cube-solver-14][DEBUG] Solving cube (l0 = natural_join(), l1 = semi_join())
[     4.024][cube-solver-10][DEBUG] Solving cube (l0 = natural_join3(), l1 = left_join())
[     4.026][cube-solver-15][DEBUG] Solving cube (l0 = natural_join(), l1 = cross_join([2]))
[     4.027][cube-solver-10][DEBUG] Solving cube (l0 = natural_join3(), l1 = union())
[     4.031][cube-solver-10][DEBUG] Solving cube (l0 = natural_join3(), l1 = intersect())
[     4.034][cube-solver-10][DEBUG] Solving cube (l0 = natural_join3(), l1 = semi_join())
[     4.037][cube-solver-10][DEBUG] Solving cube (l0 = natural_join3(), l1 = cross_join([2]))
[     4.043][cube-solver-10][DEBUG] Solving cube (l0 = natural_join3(), l1 = inner_join())
[     4.044][cube-solver-10][DEBUG] Solving cube (l0 = natural_join3(), l1 = natural_join())
[     4.045][cube-solver-10][DEBUG] Solving cube (l0 = natural_join3(), l1 = natural_join3())
[     4.047][cube-solver-10][DEBUG] Solving cube (l0 = natural_join3(), l1 = natural_join4())
[     4.048][cube-solver-10][DEBUG] Solving cube (l0 = natural_join4(), l1 = anti_join([4]))
[     4.051][cube-solver-10][DEBUG] Solving cube (l0 = natural_join4(), l1 = left_join())
[     4.053][cube-solver-10][DEBUG] Solving cube (l0 = natural_join4(), l1 = union())
[     4.054][cube-solver-10][DEBUG] Solving cube (l0 = natural_join4(), l1 = intersect())
[     4.055][cube-solver-10][DEBUG] Solving cube (l0 = natural_join4(), l1 = semi_join())
[     4.056][cube-solver-10][DEBUG] Solving cube (l0 = natural_join4(), l1 = cross_join([2]))
[     4.059][cube-solver-10][DEBUG] Solving cube (l0 = natural_join4(), l1 = inner_join())
[     4.060][cube-solver-10][DEBUG] Solving cube (l0 = natural_join4(), l1 = natural_join())
[     4.061][cube-solver-10][DEBUG] Solving cube (l0 = natural_join4(), l1 = natural_join3())
[     4.062][cube-solver-10][DEBUG] Solving cube (l0 = natural_join4(), l1 = natural_join4())
[     4.064][cube-solver-10][DEBUG] Solving cube (l0 = anti_join([6]), l1 = natural_join())
[     4.114][cube-solver-12][DEBUG] Solving cube (l0 = natural_join(), l1 = union())
[     4.176][cube-solver-13][DEBUG] Solving cube (l0 = natural_join(), l1 = intersect([4]))
[     4.201][cube-solver-15][DEBUG] Solving cube (l0 = anti_join([6]), l1 = natural_join3())
[     4.212][cube-solver-15][DEBUG] Solving cube (l0 = anti_join([6]), l1 = natural_join4())
[     4.216][cube-solver-8][DEBUG] Solving cube (l0 = natural_join(), l1 = inner_join())
[     4.217][cube-solver-15][DEBUG] Solving cube (l0 = anti_join([6]), l1 = anti_join([6]))
[     4.224][cube-solver-15][DEBUG] Solving cube (l0 = anti_join([6]), l1 = left_join())
[     4.231][cube-solver-1][DEBUG] Solving cube (l0 = natural_join(), l1 = natural_join())
[     4.268][cube-solver-2][DEBUG] Solving cube (l0 = natural_join(), l1 = natural_join3())
[     4.270][cube-solver-6][DEBUG] Initialising process for 2 lines of code.
[     4.273][cube-solver-2][DEBUG] Solving cube (l0 = anti_join([6]), l1 = intersect([8]))
[     4.285][cube-solver-7][DEBUG] Initialising process for 2 lines of code.
[     4.446][cube-solver-6][DEBUG] Solving cube (l0 = anti_join([8]), l1 = union())
[     4.570][cube-solver-7][DEBUG] Solving cube (l0 = anti_join([10]), l1 = semi_join())
[     4.816][cube-solver-0][DEBUG] Initialising process for 2 lines of code.
[     4.865][cube-solver-5][DEBUG] Initialising process for 2 lines of code.
[     4.897][cube-solver-4][DEBUG] Initialising process for 2 lines of code.
[     5.033][cube-solver-3][DEBUG] Initialising process for 2 lines of code.
[     5.100][cube-solver-5][DEBUG] Solving cube (l0 = anti_join([14]), l1 = inner_join([2]))
[     5.106][cube-solver-0][DEBUG] Solving cube (l0 = anti_join([14]), l1 = cross_join([2]))
[     5.137][cube-solver-4][DEBUG] Solving cube (l0 = left_join(), l1 = natural_join())
[     5.161][cube-solver-13][DEBUG] Solving cube (l0 = left_join(), l1 = natural_join4())
[     5.166][cube-solver-13][DEBUG] Solving cube (l0 = left_join(), l1 = anti_join([14]))
[     5.312][cube-solver-3][DEBUG] Solving cube (l0 = left_join(), l1 = natural_join3())
[     5.595][cube-solver-0][DEBUG] Solving cube (l0 = left_join(), l1 = left_join())
[     7.001][cube-solver-14][DEBUG] Solving cube (l0 = left_join(), l1 = union())
[     7.624][cube-solver-1][DEBUG] Solving cube (l0 = left_join(), l1 = intersect([8]))
[     7.931][cube-solver-12][DEBUG] Solving cube (l0 = left_join(), l1 = semi_join())
[     8.028][cube-solver-11][DEBUG] Solving cube (l0 = left_join(), l1 = cross_join([2]))
[     8.163][cube-solver-11][DEBUG] Solving cube (l0 = left_join(), l1 = inner_join([9]))
[     8.947][cube-solver-1][DEBUG] Solving cube (l0 = union(), l1 = natural_join())
[     9.330][cube-solver-7][DEBUG] Solving cube (l0 = union(), l1 = natural_join3())
[     9.447][cube-solver-2][DEBUG] Solving cube (l0 = union(), l1 = natural_join4())
[     9.450][cube-solver-2][DEBUG] Solving cube (l0 = union(), l1 = anti_join([14]))
[    10.109][cube-solver-4][DEBUG] Solving cube (l0 = union(), l1 = left_join())
[    11.090][cube-solver-12][DEBUG] Solving cube (l0 = union(), l1 = union())
[    11.580][cube-solver-0][DEBUG] Solving cube (l0 = union(), l1 = intersect([8]))
[    12.426][cube-solver-10][DEBUG] Solving cube (l0 = union(), l1 = semi_join())
[    12.781][cube-solver-0][DEBUG] Solving cube (l0 = union(), l1 = cross_join([2]))
[    12.882][cube-solver-0][DEBUG] Solving cube (l0 = union(), l1 = inner_join([22]))
[    13.056][cube-solver-14][DEBUG] Solving cube (l0 = intersect([8]), l1 = natural_join())
[    13.562][cube-solver-1][DEBUG] Solving cube (l0 = intersect([9]), l1 = natural_join3())
[    13.650][cube-solver-15][DEBUG] Solving cube (l0 = intersect([9]), l1 = natural_join4())
[    13.656][cube-solver-15][DEBUG] Solving cube (l0 = intersect([9]), l1 = anti_join([14]))
[    13.854][cube-solver-6][DEBUG] Solving cube (l0 = intersect([10]), l1 = left_join())
[    14.170][cube-solver-14][DEBUG] Solving cube (l0 = intersect([10]), l1 = union())
[    14.611][cube-solver-3][DEBUG] Solving cube (l0 = intersect([10]), l1 = intersect([10]))
[    14.852][cube-solver-6][DEBUG] Solving cube (l0 = intersect([10]), l1 = semi_join())
[    15.494][cube-solver-6][DEBUG] Solving cube (l0 = intersect([10]), l1 = cross_join([2]))
[    15.547][cube-solver-4][DEBUG] Solving cube (l0 = intersect([10]), l1 = inner_join([27]))
[    15.619][cube-solver-10][DEBUG] Solving cube (l0 = semi_join(), l1 = natural_join())
[    15.654][cube-solver-6][DEBUG] Solving cube (l0 = semi_join(), l1 = natural_join3())
[    15.912][cube-solver-3][DEBUG] Solving cube (l0 = semi_join(), l1 = natural_join4())
[    15.916][cube-solver-3][DEBUG] Solving cube (l0 = semi_join(), l1 = anti_join([14]))
[    16.499][cube-solver-12][DEBUG] Solving cube (l0 = semi_join(), l1 = left_join())
[    16.659][cube-solver-14][DEBUG] Solving cube (l0 = semi_join(), l1 = union())
[    16.953][cube-solver-15][DEBUG] Solving cube (l0 = semi_join(), l1 = intersect([10]))
[    18.083][cube-solver-15][DEBUG] Solving cube (l0 = semi_join(), l1 = semi_join())
[    18.392][cube-solver-7][DEBUG] Solving cube (l0 = semi_join(), l1 = cross_join([2]))
[    18.528][cube-solver-7][DEBUG] Solving cube (l0 = semi_join(), l1 = inner_join([42]))
[    19.039][cube-solver-10][DEBUG] Solving cube (l0 = cross_join([2]), l1 = natural_join())
[    19.067][cube-solver-10][DEBUG] Solving cube (l0 = cross_join([4]), l1 = natural_join3())
[    19.070][cube-solver-10][DEBUG] Solving cube (l0 = cross_join([4]), l1 = natural_join4())
[    19.073][cube-solver-10][DEBUG] Solving cube (l0 = cross_join([4]), l1 = anti_join([14]))
[    19.082][cube-solver-10][DEBUG] Solving cube (l0 = cross_join([4]), l1 = left_join())
[    19.087][cube-solver-10][DEBUG] Solving cube (l0 = cross_join([4]), l1 = union())
[    19.092][cube-solver-10][DEBUG] Solving cube (l0 = cross_join([4]), l1 = intersect([10]))
[    19.104][cube-solver-10][DEBUG] Solving cube (l0 = cross_join([4]), l1 = semi_join())
[    19.110][cube-solver-10][DEBUG] Solving cube (l0 = cross_join([4]), l1 = cross_join([4]))
[    19.120][cube-solver-10][DEBUG] Solving cube (l0 = cross_join([4]), l1 = inner_join([44]))
[    19.151][cube-solver-10][DEBUG] Solving cube (l0 = inner_join([44]), l1 = natural_join())
[    19.536][cube-solver-15][DEBUG] Solving cube (l0 = inner_join([45]), l1 = natural_join3())
[    20.161][cube-solver-12][DEBUG] Solving cube (l0 = inner_join([48]), l1 = natural_join4())
[    20.203][cube-solver-12][DEBUG] Solving cube (l0 = inner_join([48]), l1 = anti_join([14]))
[    20.364][cube-solver-14][DEBUG] Solving cube (l0 = inner_join([52]), l1 = left_join())
[    21.125][cube-solver-13][DEBUG] Solving cube (l0 = inner_join([62]), l1 = union())
[    22.917][cube-solver-3][DEBUG] Solving cube (l0 = inner_join([79]), l1 = intersect([10]))
[    24.657][cube-solver-6][DEBUG] Solving cube (l0 = inner_join([105]), l1 = semi_join())
[    25.667][cube-solver-2][DEBUG] Solving cube (l0 = inner_join([112]), l1 = cross_join([4]))
[    26.731][cube-solver-1][DEBUG] Solving cube (l0 = inner_join([133]), l1 = inner_join([133]))
[    28.724][MainProcess][DEBUG] Increasing generator loc to 3
[    28.726][cube-solver-2][DEBUG] Initialising process for 3 lines of code.
[    29.034][cube-solver-2][DEBUG] Solving cube (l0 = natural_join(), l1 = anti_join([14]), l2 = natural_join())
[    29.578][cube-solver-9][DEBUG] Initialising process for 3 lines of code.
[    29.740][cube-solver-4][DEBUG] Initialising process for 3 lines of code.
[    29.878][cube-solver-9][DEBUG] Solving cube (l0 = natural_join(), l1 = anti_join([14]), l2 = natural_join3())
[    29.886][cube-solver-9][DEBUG] Solving cube (l0 = natural_join(), l1 = anti_join([14]), l2 = anti_join([14]))
[    29.898][cube-solver-9][DEBUG] Solving cube (l0 = natural_join(), l1 = anti_join([14]), l2 = left_join())
[    30.039][cube-solver-4][DEBUG] Solving cube (l0 = natural_join(), l1 = anti_join([14]), l2 = natural_join4())
[    30.047][cube-solver-4][DEBUG] Solving cube (l0 = natural_join(), l1 = anti_join([14]), l2 = union())
[    41.581][cube-solver-2][DEBUG] Solving cube (l0 = natural_join(), l1 = anti_join([14]), l2 = intersect([10]))
[    41.895][cube-solver-9][DEBUG] Solving cube (l0 = natural_join(), l1 = anti_join([14]), l2 = semi_join())
[    42.365][cube-solver-4][DEBUG] Solving cube (l0 = natural_join(), l1 = anti_join([14]), l2 = cross_join([4]))
[    42.773][cube-solver-4][DEBUG] Solving cube (l0 = natural_join(), l1 = anti_join([14]), l2 = inner_join([148]))
[    43.651][cube-solver-13][DEBUG] Found solution with cube (l0 = inner_join([62]), l1 = union())
[    43.652][MainProcess][INFO] Statistics:
[    43.653][MainProcess][INFO] 	Generated cubes: 120
[    43.653][MainProcess][INFO] 	Attempted programs: 3198
[    43.653][MainProcess][INFO] 		Rejected: 1056
[    43.653][MainProcess][INFO] 		Failed: 2141
[    43.653][MainProcess][INFO] 	Blacklist clauses: 176
[    43.653][MainProcess][DEBUG] Printing statistics for good programs of size 1
[    43.661][MainProcess][DEBUG] 	0: Counter({'inner_join': 3168, 'union': 96, 'natural_join': 96, 'left_join': 96, 'anti_join': 96, 'semi_join': 24})
[    43.661][MainProcess][DEBUG] Printing statistics for good programs of size 2
[    43.694][MainProcess][DEBUG] 	0: Counter({'inner_join': 19499, 'left_join': 9885, 'union': 9267, 'anti_join': 8274, 'natural_join': 6801, 'semi_join': 6544, 'intersect': 2640})
[    43.722][MainProcess][DEBUG] 	1: Counter({'inner_join': 24165, 'natural_join3': 8094, 'anti_join': 7399, 'union': 6485, 'left_join': 6391, 'natural_join': 6191, 'semi_join': 4193})
[    43.722][MainProcess][DEBUG] Printing statistics for good programs of size 3
[    43.726][MainProcess][DEBUG] 	0: Counter({'natural_join': 4936})
[    43.729][MainProcess][DEBUG] 	1: Counter({'anti_join': 4936})
[    43.732][MainProcess][DEBUG] 	2: Counter({'natural_join': 1536, 'left_join': 1536, 'union': 1536, 'semi_join': 218, 'inner_join': 110})
[    43.732][MainProcess][INFO] Solution found: union(inner_join(@param0, @param1, 'PARENT_ID' = 'ID','UNIQUE_ID' = 'ID'), @param1)
[    44.433][MainProcess][ERROR] Error while trying to convert R code to SQL.

------------------------------------- R Solution ---------------------------------------

con <- DBI::dbConnect(RSQLite::SQLite(), ":memory:")
input1 <- read_csv("tests-examples/scythe/recent_posts/tables/014_1.csv", col_types = cols(ID = col_integer(),NAME = col_character(),PARENT_ID = col_integer()))
input1 <- copy_to(con, input1)
input2 <- read_csv("tests-examples/scythe/recent_posts/tables/014_2.csv", col_types = cols(ID = col_integer(),NAME = col_character(),UNIQUE_ID = col_integer()))
input2 <- copy_to(con, input2)
expected_output <- read_csv("tests-examples/scythe/recent_posts/tables/014_o.csv", col_types = cols(ID = col_integer(),NAME = col_character(),PARENT_ID = col_integer()))

df3 <- inner_join(input1, input2, by=c('PARENT_ID' = 'ID','UNIQUE_ID' = 'ID'), suffix = c('', '.other'))
df4 <- bind_rows(df3, input2)
out <- df4 %>% select(ID, NAME, PARENT_ID = UNIQUE_ID) %>% arrange(ID)

Failed to generate SQL query
