[     1.598][MainProcess][INFO] Parsing specification...
[     1.647][MainProcess][DEBUG] Reading input files...
[     1.671][MainProcess][INFO] Inferred data types for table tests-examples/scythe/recent_posts/tables/021.csv: ['string', 'int64']
[     1.691][MainProcess][INFO] Inferred data types for table tests-examples/scythe/recent_posts/tables/021_o.csv: ['int64', 'int64']
[     1.721][MainProcess][DEBUG] Generating DSL...
[     1.936][MainProcess][INFO] Creating 16 processes
[     2.001][MainProcess][DEBUG] Increasing generator loc to 3
[     2.149][cube-solver-0][DEBUG] Initialising process for 2 lines of code.
[     2.152][cube-solver-1][DEBUG] Initialising process for 2 lines of code.
[     2.158][cube-solver-2][DEBUG] Initialising process for 2 lines of code.
[     2.158][cube-solver-3][DEBUG] Initialising process for 2 lines of code.
[     2.162][cube-solver-4][DEBUG] Initialising process for 3 lines of code.
[     2.166][cube-solver-5][DEBUG] Initialising process for 3 lines of code.
[     2.176][cube-solver-8][DEBUG] Initialising process for 3 lines of code.
[     2.177][cube-solver-9][DEBUG] Initialising process for 3 lines of code.
[     2.186][cube-solver-6][DEBUG] Initialising process for 3 lines of code.
[     2.193][cube-solver-12][DEBUG] Initialising process for 3 lines of code.
[     2.198][cube-solver-11][DEBUG] Initialising process for 3 lines of code.
[     2.199][cube-solver-10][DEBUG] Initialising process for 3 lines of code.
[     2.231][cube-solver-14][DEBUG] Initialising process for 3 lines of code.
[     2.231][cube-solver-13][DEBUG] Initialising process for 3 lines of code.
[     2.254][cube-solver-7][DEBUG] Initialising process for 3 lines of code.
[     2.265][cube-solver-15][DEBUG] Initialising process for 3 lines of code.
[     9.716][cube-solver-0][DEBUG] Solving cube (l0 = summarise(), l1 = filter())
[     9.723][cube-solver-1][DEBUG] Solving cube (l0 = filter(), l1 = summarise())
[     9.742][cube-solver-3][DEBUG] Solving cube (l0 = mutate(), l1 = filter())
[     9.832][cube-solver-2][DEBUG] Solving cube (l0 = filter(), l1 = mutate())
[    10.376][cube-solver-2][DEBUG] Initialising process for 3 lines of code.
[    10.654][cube-solver-1][DEBUG] Initialising process for 3 lines of code.
[    15.345][cube-solver-5][DEBUG] Solving cube (l0 = natural_join(), l1 = filter(), l2 = summarise())
[    15.368][cube-solver-6][DEBUG] Solving cube (l0 = natural_join(), l1 = filter(), l2 = mutate())
[    15.386][cube-solver-4][DEBUG] Solving cube (l0 = natural_join(), l1 = summarise(), l2 = filter())
[    15.392][cube-solver-5][DEBUG] Solving cube (l0 = summarise(), l1 = natural_join4(), l2 = filter())
[    15.407][cube-solver-15][DEBUG] Solving cube (l0 = natural_join4(), l1 = mutate(), l2 = filter())
[    15.412][cube-solver-12][DEBUG] Solving cube (l0 = natural_join4(), l1 = summarise(), l2 = filter())
[    15.423][cube-solver-8][DEBUG] Solving cube (l0 = natural_join3(), l1 = summarise(), l2 = filter())
[    15.432][cube-solver-13][DEBUG] Solving cube (l0 = natural_join4(), l1 = filter(), l2 = summarise())
[    15.434][cube-solver-5][DEBUG] Solving cube (l0 = summarise(), l1 = summarise(), l2 = filter())
[    15.434][cube-solver-9][DEBUG] Solving cube (l0 = natural_join3(), l1 = filter(), l2 = summarise())
[    15.467][cube-solver-15][DEBUG] Solving cube (l0 = summarise(), l1 = filter(), l2 = natural_join())
[    15.475][cube-solver-5][DEBUG] Solving cube (l0 = summarise(), l1 = filter(), l2 = natural_join3())
[    15.558][cube-solver-6][DEBUG] Solving cube (l0 = summarise(), l1 = filter(), l2 = natural_join4())
[    15.581][cube-solver-4][DEBUG] Solving cube (l0 = summarise(), l1 = filter(), l2 = summarise())
[    15.596][cube-solver-12][DEBUG] Solving cube (l0 = summarise(), l1 = filter(), l2 = filter())
[    15.613][cube-solver-11][DEBUG] Solving cube (l0 = natural_join3(), l1 = mutate(), l2 = filter([2]))
[    15.617][cube-solver-8][DEBUG] Solving cube (l0 = summarise(), l1 = filter([1]), l2 = anti_join())
[    15.623][cube-solver-6][DEBUG] Solving cube (l0 = summarise(), l1 = filter([2]), l2 = intersect())
[    15.627][cube-solver-13][DEBUG] Solving cube (l0 = summarise(), l1 = filter([1]), l2 = left_join())
[    15.628][cube-solver-7][DEBUG] Solving cube (l0 = natural_join(), l1 = mutate(), l2 = filter([2]))
[    15.628][cube-solver-9][DEBUG] Solving cube (l0 = summarise(), l1 = filter([1]), l2 = union())
[    15.673][cube-solver-11][DEBUG] Solving cube (l0 = summarise(), l1 = filter([2]), l2 = semi_join())
[    15.700][cube-solver-7][DEBUG] Solving cube (l0 = summarise(), l1 = filter([3]), l2 = cross_join())
[    16.268][cube-solver-14][DEBUG] Solving cube (l0 = natural_join4(), l1 = filter([30]), l2 = mutate())
[    16.344][cube-solver-14][DEBUG] Solving cube (l0 = summarise(), l1 = filter([31]), l2 = mutate())
[    16.383][cube-solver-10][DEBUG] Solving cube (l0 = natural_join3(), l1 = filter([34]), l2 = mutate())
[    16.445][cube-solver-10][DEBUG] Solving cube (l0 = summarise(), l1 = filter([35]), l2 = inner_join())
[    22.979][cube-solver-2][DEBUG] Solving cube (l0 = summarise(), l1 = natural_join(), l2 = filter([89]))
[    24.583][cube-solver-1][DEBUG] Solving cube (l0 = summarise(), l1 = natural_join3(), l2 = filter([107]))
[    24.711][cube-solver-1][DEBUG] Solving cube (l0 = summarise(), l1 = anti_join(), l2 = filter([107]))
[    25.832][cube-solver-3][DEBUG] Initialising process for 3 lines of code.
[    34.814][cube-solver-0][DEBUG] Initialising process for 3 lines of code.
[    39.668][cube-solver-3][DEBUG] Solving cube (l0 = summarise(), l1 = left_join(), l2 = filter([136]))
[    44.304][cube-solver-14][DEBUG] Solving cube (l0 = summarise(), l1 = intersect(), l2 = filter([138]))
[    47.738][cube-solver-0][DEBUG] Solving cube (l0 = summarise(), l1 = union(), l2 = filter([141]))
[    72.700][cube-solver-4][DEBUG] Solving cube (l0 = summarise(), l1 = semi_join(), l2 = filter([149]))
[   126.088][cube-solver-2][DEBUG] Solving cube (l0 = summarise(), l1 = cross_join(), l2 = filter([155]))
[   128.498][cube-solver-14][DEBUG] Solving cube (l0 = summarise(), l1 = mutate(), l2 = filter([155]))
[   141.099][cube-solver-4][DEBUG] Solving cube (l0 = summarise(), l1 = inner_join(), l2 = filter([155]))
[   156.847][cube-solver-14][DEBUG] Solving cube (l0 = filter([155]), l1 = natural_join(), l2 = summarise())
[   159.193][cube-solver-14][DEBUG] Solving cube (l0 = filter([155]), l1 = natural_join(), l2 = mutate())
[   160.387][cube-solver-14][DEBUG] Solving cube (l0 = filter([155]), l1 = natural_join3(), l2 = summarise())
[   160.468][cube-solver-14][DEBUG] Solving cube (l0 = filter([155]), l1 = natural_join3(), l2 = mutate())
[   160.549][cube-solver-14][DEBUG] Solving cube (l0 = filter([155]), l1 = natural_join4(), l2 = summarise())
[   160.637][cube-solver-14][DEBUG] Solving cube (l0 = filter([155]), l1 = natural_join4(), l2 = mutate())
[   160.721][cube-solver-14][DEBUG] Solving cube (l0 = filter([155]), l1 = summarise(), l2 = natural_join())
[   167.459][cube-solver-11][DEBUG] Solving cube (l0 = filter([155]), l1 = summarise(), l2 = natural_join3())
[   168.057][cube-solver-15][DEBUG] Solving cube (l0 = filter([155]), l1 = summarise(), l2 = natural_join4())
[   168.140][cube-solver-15][DEBUG] Solving cube (l0 = filter([155]), l1 = summarise(), l2 = summarise())
[   168.223][cube-solver-15][DEBUG] Solving cube (l0 = filter([155]), l1 = summarise(), l2 = filter([155]))
[   170.480][cube-solver-14][DEBUG] Solving cube (l0 = filter([155]), l1 = summarise(), l2 = anti_join())
[   171.885][cube-solver-3][DEBUG] Solving cube (l0 = filter([155]), l1 = summarise(), l2 = left_join())
[   178.264][cube-solver-0][DEBUG] Solving cube (l0 = filter([155]), l1 = summarise(), l2 = union())
[   182.756][cube-solver-3][DEBUG] Solving cube (l0 = filter([155]), l1 = summarise(), l2 = intersect())
[   183.207][cube-solver-6][DEBUG] Solving cube (l0 = filter([155]), l1 = summarise(), l2 = semi_join())
[   186.983][cube-solver-11][DEBUG] Solving cube (l0 = filter([155]), l1 = summarise(), l2 = cross_join())
[   189.036][cube-solver-14][DEBUG] Solving cube (l0 = filter([155]), l1 = summarise(), l2 = mutate())
[   189.441][cube-solver-0][DEBUG] Solving cube (l0 = filter([155]), l1 = summarise(), l2 = inner_join())
[   189.800][cube-solver-3][DEBUG] Solving cube (l0 = filter([155]), l1 = filter([155]), l2 = summarise())
[   189.848][cube-solver-6][DEBUG] Solving cube (l0 = filter([155]), l1 = filter([155]), l2 = mutate())
[   190.139][cube-solver-14][DEBUG] Solving cube (l0 = filter([155]), l1 = anti_join(), l2 = summarise())
[   192.622][cube-solver-6][DEBUG] Solving cube (l0 = filter([155]), l1 = anti_join(), l2 = mutate())
[   195.017][cube-solver-3][DEBUG] Solving cube (l0 = filter([155]), l1 = left_join(), l2 = summarise())
[   195.995][cube-solver-9][DEBUG] Solving cube (l0 = filter([155]), l1 = left_join(), l2 = mutate())
[   197.014][cube-solver-6][DEBUG] Solving cube (l0 = filter([155]), l1 = union(), l2 = summarise())
[   197.345][cube-solver-13][DEBUG] Solving cube (l0 = filter([155]), l1 = union(), l2 = mutate())
[   197.647][cube-solver-9][DEBUG] Solving cube (l0 = filter([155]), l1 = intersect(), l2 = summarise())
[   198.326][cube-solver-3][DEBUG] Solving cube (l0 = filter([155]), l1 = intersect(), l2 = mutate())
[   198.352][cube-solver-14][DEBUG] Solving cube (l0 = filter([155]), l1 = semi_join(), l2 = summarise())
[   199.026][cube-solver-13][DEBUG] Solving cube (l0 = filter([155]), l1 = semi_join(), l2 = mutate())
[   199.526][cube-solver-3][DEBUG] Solving cube (l0 = filter([155]), l1 = cross_join(), l2 = summarise())
[   200.146][cube-solver-6][DEBUG] Solving cube (l0 = filter([155]), l1 = cross_join(), l2 = mutate())
[   200.645][cube-solver-9][DEBUG] Solving cube (l0 = filter([155]), l1 = mutate(), l2 = natural_join())
[   200.703][cube-solver-13][DEBUG] Solving cube (l0 = filter([155]), l1 = mutate(), l2 = natural_join3())
[   201.504][cube-solver-14][DEBUG] Solving cube (l0 = filter([155]), l1 = mutate(), l2 = natural_join4())
[   201.603][cube-solver-14][DEBUG] Solving cube (l0 = filter([155]), l1 = mutate(), l2 = summarise())
[   202.726][cube-solver-14][DEBUG] Solving cube (l0 = filter([155]), l1 = mutate(), l2 = filter([155]))
[   203.950][cube-solver-9][DEBUG] Solving cube (l0 = filter([155]), l1 = mutate(), l2 = anti_join())
[   207.281][cube-solver-13][DEBUG] Solving cube (l0 = filter([155]), l1 = mutate(), l2 = left_join())
[   211.047][cube-solver-13][DEBUG] Solving cube (l0 = filter([155]), l1 = mutate(), l2 = union())
[   213.490][cube-solver-9][DEBUG] Solving cube (l0 = filter([155]), l1 = mutate(), l2 = intersect())
[   214.788][cube-solver-13][DEBUG] Solving cube (l0 = filter([155]), l1 = mutate(), l2 = semi_join())
[   215.699][cube-solver-9][DEBUG] Solving cube (l0 = filter([155]), l1 = mutate(), l2 = cross_join())
[   217.755][cube-solver-13][DEBUG] Solving cube (l0 = filter([155]), l1 = mutate(), l2 = mutate())
[   218.360][cube-solver-13][DEBUG] Solving cube (l0 = filter([155]), l1 = mutate(), l2 = inner_join())
[   219.961][cube-solver-1][DEBUG] Solving cube (l0 = filter([155]), l1 = inner_join(), l2 = summarise())
[   229.600][cube-solver-1][DEBUG] Solving cube (l0 = filter([155]), l1 = inner_join(), l2 = mutate())
[   237.151][cube-solver-1][DEBUG] Solving cube (l0 = anti_join(), l1 = summarise(), l2 = filter([155]))
[   237.236][cube-solver-1][DEBUG] Solving cube (l0 = anti_join(), l1 = filter([155]), l2 = summarise())
[   237.321][cube-solver-1][DEBUG] Solving cube (l0 = anti_join(), l1 = filter([155]), l2 = mutate())
[   237.406][cube-solver-1][DEBUG] Solving cube (l0 = anti_join(), l1 = mutate(), l2 = filter([155]))
[   237.489][cube-solver-1][DEBUG] Solving cube (l0 = left_join(), l1 = summarise(), l2 = filter([155]))
[   267.145][cube-solver-1][DEBUG] Solving cube (l0 = left_join(), l1 = filter([155]), l2 = summarise())
[   268.356][cube-solver-1][DEBUG] Solving cube (l0 = left_join(), l1 = filter([155]), l2 = mutate())
[   268.989][cube-solver-1][DEBUG] Solving cube (l0 = left_join(), l1 = mutate(), l2 = filter([155]))
[   270.422][cube-solver-13][DEBUG] Solving cube (l0 = union(), l1 = summarise(), l2 = filter([155]))
[   280.299][cube-solver-0][DEBUG] Solving cube (l0 = union(), l1 = filter([155]), l2 = summarise())
[   281.405][cube-solver-0][DEBUG] Solving cube (l0 = union(), l1 = filter([155]), l2 = mutate())
[   282.001][cube-solver-0][DEBUG] Solving cube (l0 = union(), l1 = mutate(), l2 = filter([155]))
[   286.033][cube-solver-1][DEBUG] Solving cube (l0 = intersect(), l1 = summarise(), l2 = filter([155]))
[   289.176][cube-solver-14][DEBUG] Solving cube (l0 = intersect(), l1 = filter([155]), l2 = summarise())
[   290.247][cube-solver-14][DEBUG] Solving cube (l0 = intersect(), l1 = filter([155]), l2 = mutate())
[   290.719][cube-solver-14][DEBUG] Solving cube (l0 = intersect(), l1 = mutate(), l2 = filter([155]))
[   298.510][cube-solver-13][DEBUG] Solving cube (l0 = semi_join(), l1 = summarise(), l2 = filter([155]))
[   298.809][cube-solver-0][DEBUG] Solving cube (l0 = semi_join(), l1 = filter([155]), l2 = summarise())
[   299.910][cube-solver-0][DEBUG] Solving cube (l0 = semi_join(), l1 = filter([155]), l2 = mutate())
[   300.609][cube-solver-0][DEBUG] Solving cube (l0 = semi_join(), l1 = mutate(), l2 = filter([155]))
[   303.748][cube-solver-14][DEBUG] Solving cube (l0 = cross_join(), l1 = summarise(), l2 = filter([155]))
[   305.357][cube-solver-5][DEBUG] Solving cube (l0 = cross_join([35]), l1 = filter([155]), l2 = summarise())
[   314.216][cube-solver-15][DEBUG] Solving cube (l0 = cross_join([141]), l1 = filter([155]), l2 = mutate())
[   316.637][cube-solver-1][DEBUG] Solving cube (l0 = cross_join([203]), l1 = mutate(), l2 = filter([155]))
[   317.988][cube-solver-0][DEBUG] Solving cube (l0 = mutate(), l1 = natural_join(), l2 = filter([155]))
[   327.034][cube-solver-13][DEBUG] Solving cube (l0 = mutate(), l1 = natural_join3(), l2 = filter([155]))
[   327.158][cube-solver-13][DEBUG] Solving cube (l0 = mutate(), l1 = natural_join4(), l2 = filter([155]))
[   328.782][cube-solver-13][DEBUG] Solving cube (l0 = mutate(), l1 = summarise(), l2 = filter([155]))
[   356.435][cube-solver-0][DEBUG] Solving cube (l0 = mutate(), l1 = filter([155]), l2 = natural_join())
[   363.920][cube-solver-13][DEBUG] Solving cube (l0 = mutate(), l1 = filter([155]), l2 = natural_join3())
[   429.274][cube-solver-0][DEBUG] Solving cube (l0 = mutate(), l1 = filter([155]), l2 = natural_join4())
[   432.760][cube-solver-0][DEBUG] Solving cube (l0 = mutate(), l1 = filter([155]), l2 = summarise())
[   467.123][cube-solver-0][DEBUG] Solving cube (l0 = mutate(), l1 = filter([155]), l2 = filter([155]))
[   475.510][cube-solver-13][DEBUG] Solving cube (l0 = mutate(), l1 = filter([155]), l2 = anti_join())
[   475.607][cube-solver-8][DEBUG] Solving cube (l0 = mutate(), l1 = filter([155]), l2 = left_join())
[   571.326][cube-solver-8][DEBUG] Solving cube (l0 = mutate(), l1 = filter([155]), l2 = union())
[   600.061][MainProcess][INFO] Statistics:
[   600.062][MainProcess][INFO] 	Generated cubes: 125
[   600.062][MainProcess][INFO] 	Attempted programs: 66313
[   600.062][MainProcess][INFO] 		Rejected: 32732
[   600.062][MainProcess][INFO] 		Failed: 33581
[   600.062][MainProcess][INFO] 	Blacklist clauses: 3501
[   600.062][MainProcess][DEBUG] Printing statistics for good programs of size 2
[   600.066][MainProcess][DEBUG] 	0: Counter({'summarise': 2580, 'mutate': 1920, 'filter': 160})
[   600.068][MainProcess][DEBUG] 	1: Counter({'filter': 4500, 'summarise': 100, 'mutate': 60})
[   600.068][MainProcess][DEBUG] Printing statistics for good programs of size 3
[   600.274][MainProcess][DEBUG] 	0: Counter({'summarise': 464169, 'filter': 150208, 'mutate': 70415, 'cross_join': 36252, 'left_join': 4660, 'union': 4660, 'semi_join': 4660, 'intersect': 1360})
[   600.424][MainProcess][DEBUG] 	1: Counter({'filter': 383837, 'mutate': 87816, 'summarise': 81117, 'cross_join': 64496, 'inner_join': 51858, 'anti_join': 16640, 'natural_join': 15680, 'left_join': 14580, 'union': 14580, 'semi_join': 5700, 'intersect': 80})
[   600.574][MainProcess][DEBUG] 	2: Counter({'filter': 299766, 'cross_join': 144242, 'inner_join': 75029, 'anti_join': 47090, 'natural_join3': 39240, 'mutate': 30055, 'left_join': 27220, 'natural_join': 22560, 'union': 20650, 'summarise': 17872, 'semi_join': 12660})

No solution found
