[     3.191][MainProcess][INFO] Parsing specification...
[     3.204][MainProcess][DEBUG] Reading input files...
[     3.232][MainProcess][INFO] Inferred data types for table tests-examples/scythe/recent_posts/tables/023.csv: ['string', 'string', 'string']
[     3.243][MainProcess][INFO] Inferred data types for table tests-examples/scythe/recent_posts/tables/023_o.csv: ['string', 'string', 'string', 'string', 'timedelta64[ns]', 'string', 'float64', 'string']
[     3.279][MainProcess][DEBUG] Generating DSL...
[     3.312][MainProcess][INFO] Creating 16 processes
[     3.380][cube-solver-1][DEBUG] Initialising process for 1 lines of code.
[     3.380][cube-solver-0][DEBUG] Initialising process for 1 lines of code.
[     3.380][cube-solver-2][DEBUG] Initialising process for 1 lines of code.
[     3.381][MainProcess][DEBUG] Increasing generator loc to 2
[     3.384][cube-solver-4][DEBUG] Initialising process for 1 lines of code.
[     3.388][cube-solver-3][DEBUG] Initialising process for 1 lines of code.
[     3.389][cube-solver-6][DEBUG] Initialising process for 1 lines of code.
[     3.390][cube-solver-5][DEBUG] Initialising process for 1 lines of code.
[     3.397][cube-solver-8][DEBUG] Initialising process for 1 lines of code.
[     3.398][cube-solver-7][DEBUG] Initialising process for 1 lines of code.
[     3.405][cube-solver-9][DEBUG] Initialising process for 1 lines of code.
[     3.405][cube-solver-10][DEBUG] Initialising process for 2 lines of code.
[     3.412][cube-solver-13][DEBUG] Initialising process for 2 lines of code.
[     3.413][cube-solver-11][DEBUG] Initialising process for 2 lines of code.
[     3.418][cube-solver-12][DEBUG] Initialising process for 2 lines of code.
[     3.436][cube-solver-15][DEBUG] Initialising process for 2 lines of code.
[     3.448][cube-solver-14][DEBUG] Initialising process for 2 lines of code.
[     3.752][cube-solver-4][DEBUG] Solving cube (l0 = left_join(),)
[     3.754][cube-solver-1][DEBUG] Solving cube (l0 = natural_join3(),)
[     3.756][cube-solver-1][DEBUG] Initialising process for 2 lines of code.
[     3.757][cube-solver-6][DEBUG] Solving cube (l0 = intersect(),)
[     3.764][cube-solver-8][DEBUG] Solving cube (l0 = cross_join(),)
[     3.766][cube-solver-5][DEBUG] Solving cube (l0 = union(),)
[     3.775][cube-solver-5][DEBUG] Initialising process for 2 lines of code.
[     3.776][cube-solver-4][DEBUG] Initialising process for 2 lines of code.
[     3.789][cube-solver-7][DEBUG] Solving cube (l0 = semi_join(),)
[     3.797][cube-solver-9][DEBUG] Solving cube (l0 = inner_join(),)
[     3.808][cube-solver-7][DEBUG] Initialising process for 2 lines of code.
[     3.837][cube-solver-6][DEBUG] Initialising process for 2 lines of code.
[     3.969][cube-solver-0][DEBUG] Solving cube (l0 = natural_join(),)
[     3.971][cube-solver-0][DEBUG] Initialising process for 2 lines of code.
[     3.996][cube-solver-3][DEBUG] Solving cube (l0 = anti_join(),)
[     3.998][cube-solver-3][DEBUG] Initialising process for 2 lines of code.
[     4.065][cube-solver-2][DEBUG] Solving cube (l0 = natural_join4(),)
[     4.069][cube-solver-2][DEBUG] Initialising process for 2 lines of code.
[     4.122][cube-solver-10][DEBUG] Solving cube (l0 = natural_join(), l1 = anti_join())
[     4.129][cube-solver-10][DEBUG] Solving cube (l0 = natural_join3(), l1 = semi_join())
[     4.133][cube-solver-10][DEBUG] Solving cube (l0 = natural_join3(), l1 = cross_join())
[     4.136][cube-solver-10][DEBUG] Solving cube (l0 = natural_join3(), l1 = inner_join())
[     4.140][cube-solver-10][DEBUG] Solving cube (l0 = natural_join3(), l1 = natural_join())
[     4.143][cube-solver-10][DEBUG] Solving cube (l0 = natural_join3(), l1 = natural_join3())
[     4.146][cube-solver-10][DEBUG] Solving cube (l0 = natural_join3(), l1 = natural_join4())
[     4.150][cube-solver-10][DEBUG] Solving cube (l0 = natural_join4(), l1 = anti_join())
[     4.153][cube-solver-10][DEBUG] Solving cube (l0 = natural_join4(), l1 = left_join())
[     4.157][cube-solver-10][DEBUG] Solving cube (l0 = natural_join4(), l1 = union())
[     4.161][cube-solver-10][DEBUG] Solving cube (l0 = natural_join4(), l1 = intersect())
[     4.164][cube-solver-13][DEBUG] Solving cube (l0 = natural_join(), l1 = intersect())
[     4.164][cube-solver-10][DEBUG] Solving cube (l0 = natural_join4(), l1 = semi_join())
[     4.168][cube-solver-10][DEBUG] Solving cube (l0 = natural_join4(), l1 = cross_join())
[     4.168][cube-solver-13][DEBUG] Solving cube (l0 = natural_join4(), l1 = inner_join())
[     4.169][cube-solver-15][DEBUG] Solving cube (l0 = natural_join(), l1 = cross_join())
[     4.171][cube-solver-13][DEBUG] Solving cube (l0 = natural_join4(), l1 = natural_join())
[     4.172][cube-solver-10][DEBUG] Solving cube (l0 = natural_join4(), l1 = natural_join3())
[     4.173][cube-solver-13][DEBUG] Solving cube (l0 = natural_join4(), l1 = natural_join4())
[     4.176][cube-solver-13][DEBUG] Solving cube (l0 = anti_join(), l1 = natural_join4())
[     4.176][cube-solver-10][DEBUG] Solving cube (l0 = anti_join(), l1 = natural_join3())
[     4.177][cube-solver-15][DEBUG] Solving cube (l0 = anti_join(), l1 = natural_join())
[     4.179][cube-solver-13][DEBUG] Solving cube (l0 = anti_join(), l1 = anti_join())
[     4.180][cube-solver-10][DEBUG] Solving cube (l0 = anti_join(), l1 = left_join())
[     4.181][cube-solver-15][DEBUG] Solving cube (l0 = anti_join(), l1 = union())
[     4.181][cube-solver-13][DEBUG] Solving cube (l0 = anti_join(), l1 = intersect())
[     4.184][cube-solver-13][DEBUG] Solving cube (l0 = anti_join(), l1 = semi_join())
[     4.185][cube-solver-10][DEBUG] Solving cube (l0 = anti_join(), l1 = cross_join())
[     4.185][cube-solver-15][DEBUG] Solving cube (l0 = anti_join(), l1 = inner_join())
[     4.186][cube-solver-13][DEBUG] Solving cube (l0 = left_join(), l1 = natural_join())
[     4.189][cube-solver-10][DEBUG] Solving cube (l0 = left_join(), l1 = natural_join3())
[     4.190][cube-solver-15][DEBUG] Solving cube (l0 = left_join(), l1 = natural_join4())
[     4.194][cube-solver-10][DEBUG] Solving cube (l0 = left_join(), l1 = anti_join())
[     4.194][cube-solver-15][DEBUG] Solving cube (l0 = left_join(), l1 = left_join())
[     4.199][cube-solver-11][DEBUG] Solving cube (l0 = natural_join(), l1 = left_join())
[     4.206][cube-solver-11][DEBUG] Solving cube (l0 = left_join(), l1 = union())
[     4.219][cube-solver-13][DEBUG] Solving cube (l0 = left_join(), l1 = intersect())
[     4.226][cube-solver-12][DEBUG] Solving cube (l0 = natural_join(), l1 = union())
[     4.233][cube-solver-12][DEBUG] Solving cube (l0 = left_join(), l1 = semi_join())
[     4.271][cube-solver-15][DEBUG] Solving cube (l0 = left_join(), l1 = cross_join())
[     4.277][cube-solver-11][DEBUG] Solving cube (l0 = left_join(), l1 = inner_join())
[     4.280][cube-solver-9][DEBUG] Initialising process for 2 lines of code.
[     4.300][cube-solver-12][DEBUG] Solving cube (l0 = union(), l1 = natural_join3())
[     4.303][cube-solver-12][DEBUG] Solving cube (l0 = union(), l1 = natural_join4())
[     4.306][cube-solver-12][DEBUG] Solving cube (l0 = union(), l1 = anti_join())
[     4.313][cube-solver-14][DEBUG] Solving cube (l0 = natural_join(), l1 = semi_join())
[     4.320][cube-solver-14][DEBUG] Solving cube (l0 = union(), l1 = left_join())
[     4.387][cube-solver-14][DEBUG] Solving cube (l0 = union(), l1 = union())
[     4.418][cube-solver-13][DEBUG] Solving cube (l0 = union(), l1 = intersect())
[     4.439][cube-solver-14][DEBUG] Solving cube (l0 = union(), l1 = semi_join())
[     4.476][cube-solver-10][DEBUG] Solving cube (l0 = union(), l1 = cross_join())
[     4.494][cube-solver-14][DEBUG] Solving cube (l0 = union(), l1 = inner_join())
[     4.545][cube-solver-12][DEBUG] Solving cube (l0 = intersect(), l1 = natural_join())
[     4.571][cube-solver-5][DEBUG] Solving cube (l0 = natural_join(), l1 = natural_join())
[     4.576][cube-solver-5][DEBUG] Solving cube (l0 = intersect(), l1 = natural_join3())
[     4.579][cube-solver-5][DEBUG] Solving cube (l0 = intersect(), l1 = natural_join4())
[     4.582][cube-solver-5][DEBUG] Solving cube (l0 = intersect(), l1 = anti_join())
[     4.615][cube-solver-4][DEBUG] Solving cube (l0 = natural_join(), l1 = natural_join3())
[     4.620][cube-solver-4][DEBUG] Solving cube (l0 = intersect(), l1 = left_join())
[     4.666][cube-solver-13][DEBUG] Solving cube (l0 = intersect(), l1 = union())
[     4.748][cube-solver-12][DEBUG] Solving cube (l0 = intersect(), l1 = intersect())
[     4.787][cube-solver-0][DEBUG] Solving cube (l0 = natural_join3(), l1 = left_join())
[     4.792][cube-solver-0][DEBUG] Solving cube (l0 = intersect(), l1 = semi_join())
[     4.800][cube-solver-3][DEBUG] Solving cube (l0 = natural_join3(), l1 = union())
[     4.805][cube-solver-3][DEBUG] Solving cube (l0 = intersect(), l1 = cross_join())
[     4.810][cube-solver-7][DEBUG] Solving cube (l0 = natural_join(), l1 = natural_join4())
[     4.811][cube-solver-6][DEBUG] Solving cube (l0 = natural_join3(), l1 = anti_join())
[     4.815][cube-solver-1][DEBUG] Solving cube (l0 = natural_join(), l1 = inner_join())
[     4.817][cube-solver-7][DEBUG] Solving cube (l0 = intersect(), l1 = inner_join())
[     4.818][cube-solver-6][DEBUG] Solving cube (l0 = semi_join(), l1 = natural_join())
[     4.823][cube-solver-1][DEBUG] Solving cube (l0 = semi_join(), l1 = natural_join3())
[     4.829][cube-solver-1][DEBUG] Solving cube (l0 = semi_join(), l1 = natural_join4())
[     4.833][cube-solver-1][DEBUG] Solving cube (l0 = semi_join(), l1 = anti_join())
[     4.835][cube-solver-4][DEBUG] Solving cube (l0 = semi_join(), l1 = left_join())
[     4.840][cube-solver-13][DEBUG] Solving cube (l0 = semi_join(), l1 = union())
[     4.866][cube-solver-6][DEBUG] Solving cube (l0 = semi_join(), l1 = intersect())
[     4.869][cube-solver-4][DEBUG] Solving cube (l0 = semi_join(), l1 = semi_join())
[     4.897][cube-solver-13][DEBUG] Solving cube (l0 = semi_join(), l1 = cross_join())
[     4.900][cube-solver-4][DEBUG] Solving cube (l0 = semi_join(), l1 = inner_join())
[     5.056][cube-solver-0][DEBUG] Solving cube (l0 = cross_join(), l1 = natural_join())
[     5.111][cube-solver-6][DEBUG] Solving cube (l0 = cross_join(), l1 = natural_join3())
[     5.113][cube-solver-1][DEBUG] Solving cube (l0 = cross_join(), l1 = natural_join4())
[     5.115][cube-solver-6][DEBUG] Solving cube (l0 = cross_join(), l1 = anti_join())
[     5.116][cube-solver-1][DEBUG] Solving cube (l0 = cross_join(), l1 = left_join())
[     5.128][cube-solver-9][DEBUG] Solving cube (l0 = union(), l1 = natural_join())
[     5.173][cube-solver-9][DEBUG] Solving cube (l0 = cross_join(), l1 = union())
[     5.229][cube-solver-2][DEBUG] Solving cube (l0 = natural_join3(), l1 = intersect())
[     5.234][cube-solver-2][DEBUG] Solving cube (l0 = cross_join(), l1 = intersect())
[     5.303][cube-solver-5][DEBUG] Solving cube (l0 = cross_join(), l1 = semi_join())
[     5.604][cube-solver-12][DEBUG] Solving cube (l0 = cross_join([1]), l1 = cross_join([1]))
[     6.257][cube-solver-14][DEBUG] Solving cube (l0 = cross_join([1]), l1 = inner_join())
[     6.526][cube-solver-11][DEBUG] Solving cube (l0 = inner_join(), l1 = natural_join())
[     6.619][cube-solver-4][DEBUG] Solving cube (l0 = inner_join(), l1 = natural_join3())
[     6.623][cube-solver-4][DEBUG] Solving cube (l0 = inner_join(), l1 = natural_join4())
[     6.626][cube-solver-4][DEBUG] Solving cube (l0 = inner_join(), l1 = anti_join())
[     7.560][cube-solver-11][DEBUG] Solving cube (l0 = inner_join(), l1 = left_join())
[     9.164][cube-solver-11][DEBUG] Solving cube (l0 = inner_join(), l1 = union())
[    10.021][cube-solver-8][DEBUG] Initialising process for 2 lines of code.
[    10.596][cube-solver-11][DEBUG] Solving cube (l0 = inner_join(), l1 = semi_join())
[    10.770][cube-solver-8][DEBUG] Solving cube (l0 = inner_join(), l1 = intersect())
[    12.154][cube-solver-11][DEBUG] Solving cube (l0 = inner_join(), l1 = cross_join([1]))
[    12.627][cube-solver-7][DEBUG] Solving cube (l0 = inner_join(), l1 = inner_join())
[    13.405][MainProcess][DEBUG] Increasing generator loc to 3
[    13.407][cube-solver-4][DEBUG] Initialising process for 3 lines of code.
[    14.570][cube-solver-4][DEBUG] Solving cube (l0 = natural_join(), l1 = anti_join(), l2 = natural_join())
[    14.582][cube-solver-4][DEBUG] Solving cube (l0 = natural_join(), l1 = anti_join(), l2 = natural_join3())
[    14.589][cube-solver-4][DEBUG] Solving cube (l0 = natural_join(), l1 = anti_join(), l2 = natural_join4())
[    14.598][cube-solver-4][DEBUG] Solving cube (l0 = natural_join(), l1 = anti_join(), l2 = anti_join())
[    14.605][cube-solver-4][DEBUG] Solving cube (l0 = natural_join(), l1 = anti_join(), l2 = left_join())
[    14.611][cube-solver-4][DEBUG] Solving cube (l0 = natural_join(), l1 = anti_join(), l2 = union())
[    14.618][cube-solver-4][DEBUG] Solving cube (l0 = natural_join(), l1 = anti_join(), l2 = intersect())
[    14.625][cube-solver-4][DEBUG] Solving cube (l0 = natural_join(), l1 = anti_join(), l2 = semi_join())
[    14.631][cube-solver-4][DEBUG] Solving cube (l0 = natural_join(), l1 = anti_join(), l2 = cross_join([1]))
[    14.640][cube-solver-4][DEBUG] Solving cube (l0 = natural_join(), l1 = anti_join(), l2 = inner_join())
[    14.647][cube-solver-4][DEBUG] Solving cube (l0 = natural_join(), l1 = left_join(), l2 = natural_join())
[    14.654][cube-solver-4][DEBUG] Solving cube (l0 = natural_join(), l1 = left_join(), l2 = natural_join3())
[    14.660][cube-solver-4][DEBUG] Solving cube (l0 = natural_join(), l1 = left_join(), l2 = natural_join4())
[    14.667][cube-solver-4][DEBUG] Solving cube (l0 = natural_join(), l1 = left_join(), l2 = anti_join())
[    14.674][cube-solver-4][DEBUG] Solving cube (l0 = natural_join(), l1 = left_join(), l2 = left_join())
[    14.680][cube-solver-4][DEBUG] Solving cube (l0 = natural_join(), l1 = left_join(), l2 = union())
[    14.687][cube-solver-4][DEBUG] Solving cube (l0 = natural_join(), l1 = left_join(), l2 = intersect())
[    14.694][cube-solver-4][DEBUG] Solving cube (l0 = natural_join(), l1 = left_join(), l2 = semi_join())
[    14.702][cube-solver-4][DEBUG] Solving cube (l0 = natural_join(), l1 = left_join(), l2 = cross_join([1]))
[    14.711][cube-solver-4][DEBUG] Solving cube (l0 = natural_join(), l1 = left_join(), l2 = inner_join())
[    14.718][cube-solver-4][DEBUG] Solving cube (l0 = natural_join(), l1 = union(), l2 = natural_join())
[    14.725][cube-solver-4][DEBUG] Solving cube (l0 = natural_join(), l1 = union(), l2 = natural_join3())
[    14.731][cube-solver-4][DEBUG] Solving cube (l0 = natural_join(), l1 = union(), l2 = natural_join4())
[    14.738][cube-solver-4][DEBUG] Solving cube (l0 = natural_join(), l1 = union(), l2 = anti_join())
[    14.745][cube-solver-4][DEBUG] Solving cube (l0 = natural_join(), l1 = union(), l2 = left_join())
[    14.751][cube-solver-4][DEBUG] Solving cube (l0 = natural_join(), l1 = union(), l2 = union())
[    14.758][cube-solver-4][DEBUG] Solving cube (l0 = natural_join(), l1 = union(), l2 = intersect())
[    14.764][cube-solver-4][DEBUG] Solving cube (l0 = natural_join(), l1 = union(), l2 = semi_join())
[    14.771][cube-solver-4][DEBUG] Solving cube (l0 = natural_join(), l1 = union(), l2 = cross_join([1]))
[    14.780][cube-solver-4][DEBUG] Solving cube (l0 = natural_join(), l1 = union(), l2 = inner_join())
[    14.786][cube-solver-4][DEBUG] Solving cube (l0 = natural_join(), l1 = intersect(), l2 = natural_join())
[    14.793][cube-solver-4][DEBUG] Solving cube (l0 = natural_join(), l1 = intersect(), l2 = natural_join3())
[    14.800][cube-solver-4][DEBUG] Solving cube (l0 = natural_join(), l1 = intersect(), l2 = natural_join4())
[    14.807][cube-solver-4][DEBUG] Solving cube (l0 = natural_join(), l1 = intersect(), l2 = anti_join())
[    14.814][cube-solver-4][DEBUG] Solving cube (l0 = natural_join(), l1 = intersect(), l2 = left_join())
[    14.821][cube-solver-4][DEBUG] Solving cube (l0 = natural_join(), l1 = intersect(), l2 = union())
[    14.827][cube-solver-4][DEBUG] Solving cube (l0 = natural_join(), l1 = intersect(), l2 = intersect())
[    14.834][cube-solver-4][DEBUG] Solving cube (l0 = natural_join(), l1 = intersect(), l2 = semi_join())
[    14.841][cube-solver-4][DEBUG] Solving cube (l0 = natural_join(), l1 = intersect(), l2 = cross_join([1]))
[    14.850][cube-solver-4][DEBUG] Solving cube (l0 = natural_join(), l1 = intersect(), l2 = inner_join())
[    14.856][cube-solver-4][DEBUG] Solving cube (l0 = natural_join(), l1 = semi_join(), l2 = natural_join())
[    14.863][cube-solver-4][DEBUG] Solving cube (l0 = natural_join(), l1 = semi_join(), l2 = natural_join3())
[    14.870][cube-solver-4][DEBUG] Solving cube (l0 = natural_join(), l1 = semi_join(), l2 = natural_join4())
[    14.877][cube-solver-4][DEBUG] Solving cube (l0 = natural_join(), l1 = semi_join(), l2 = anti_join())
[    14.883][cube-solver-4][DEBUG] Solving cube (l0 = natural_join(), l1 = semi_join(), l2 = left_join())
[    14.890][cube-solver-4][DEBUG] Solving cube (l0 = natural_join(), l1 = semi_join(), l2 = union())
[    14.897][cube-solver-4][DEBUG] Solving cube (l0 = natural_join(), l1 = semi_join(), l2 = intersect())
[    14.904][cube-solver-4][DEBUG] Solving cube (l0 = natural_join(), l1 = semi_join(), l2 = semi_join())
[    14.911][cube-solver-4][DEBUG] Solving cube (l0 = natural_join(), l1 = semi_join(), l2 = cross_join([1]))
[    14.920][cube-solver-4][DEBUG] Solving cube (l0 = natural_join(), l1 = semi_join(), l2 = inner_join())
[    14.927][cube-solver-4][DEBUG] Solving cube (l0 = natural_join(), l1 = cross_join([1]), l2 = natural_join())
[    14.936][cube-solver-4][DEBUG] Solving cube (l0 = natural_join(), l1 = cross_join([1]), l2 = natural_join3())
[    14.945][cube-solver-4][DEBUG] Solving cube (l0 = natural_join(), l1 = cross_join([1]), l2 = natural_join4())
[    14.954][cube-solver-4][DEBUG] Solving cube (l0 = natural_join(), l1 = cross_join([1]), l2 = anti_join())
[    14.963][cube-solver-4][DEBUG] Solving cube (l0 = natural_join(), l1 = cross_join([1]), l2 = left_join())
[    14.972][cube-solver-4][DEBUG] Solving cube (l0 = natural_join(), l1 = cross_join([1]), l2 = union())
[    14.981][cube-solver-4][DEBUG] Solving cube (l0 = natural_join(), l1 = cross_join([1]), l2 = intersect())
[    14.990][cube-solver-4][DEBUG] Solving cube (l0 = natural_join(), l1 = cross_join([1]), l2 = semi_join())
[    14.999][cube-solver-4][DEBUG] Solving cube (l0 = natural_join(), l1 = cross_join([1]), l2 = cross_join([1]))
[    15.010][cube-solver-4][DEBUG] Solving cube (l0 = natural_join(), l1 = cross_join([1]), l2 = inner_join())
[    15.019][cube-solver-4][DEBUG] Solving cube (l0 = natural_join(), l1 = inner_join(), l2 = natural_join())
[    15.026][cube-solver-4][DEBUG] Solving cube (l0 = natural_join(), l1 = inner_join(), l2 = natural_join3())
[    15.032][cube-solver-4][DEBUG] Solving cube (l0 = natural_join(), l1 = inner_join(), l2 = natural_join4())
[    15.039][cube-solver-4][DEBUG] Solving cube (l0 = natural_join(), l1 = inner_join(), l2 = anti_join())
[    15.046][cube-solver-4][DEBUG] Solving cube (l0 = natural_join(), l1 = inner_join(), l2 = left_join())
[    15.053][cube-solver-4][DEBUG] Solving cube (l0 = natural_join(), l1 = inner_join(), l2 = union())
[    15.059][cube-solver-4][DEBUG] Solving cube (l0 = natural_join(), l1 = inner_join(), l2 = intersect())
[    15.066][cube-solver-4][DEBUG] Solving cube (l0 = natural_join(), l1 = inner_join(), l2 = semi_join())
[    15.073][cube-solver-4][DEBUG] Solving cube (l0 = natural_join(), l1 = inner_join(), l2 = cross_join([1]))
[    15.082][cube-solver-4][DEBUG] Solving cube (l0 = natural_join(), l1 = inner_join(), l2 = inner_join())
[    15.088][cube-solver-4][DEBUG] Solving cube (l0 = natural_join(), l1 = natural_join(), l2 = anti_join())
[    15.095][cube-solver-4][DEBUG] Solving cube (l0 = natural_join(), l1 = natural_join(), l2 = left_join())
[    15.102][cube-solver-4][DEBUG] Solving cube (l0 = natural_join(), l1 = natural_join(), l2 = union())
[    15.109][cube-solver-4][DEBUG] Solving cube (l0 = natural_join(), l1 = natural_join(), l2 = intersect())
[    15.115][cube-solver-4][DEBUG] Solving cube (l0 = natural_join(), l1 = natural_join(), l2 = semi_join())
[    15.122][cube-solver-4][DEBUG] Solving cube (l0 = natural_join(), l1 = natural_join(), l2 = cross_join([1]))
[    15.131][cube-solver-4][DEBUG] Solving cube (l0 = natural_join(), l1 = natural_join(), l2 = inner_join())
[    15.138][cube-solver-4][DEBUG] Solving cube (l0 = natural_join(), l1 = natural_join(), l2 = natural_join())
[    15.145][cube-solver-4][DEBUG] Solving cube (l0 = natural_join(), l1 = natural_join(), l2 = natural_join3())
[    15.151][cube-solver-4][DEBUG] Solving cube (l0 = natural_join(), l1 = natural_join(), l2 = natural_join4())
[    15.158][cube-solver-4][DEBUG] Solving cube (l0 = natural_join(), l1 = natural_join3(), l2 = anti_join())
[    15.165][cube-solver-4][DEBUG] Solving cube (l0 = natural_join(), l1 = natural_join3(), l2 = left_join())
[    15.171][cube-solver-4][DEBUG] Solving cube (l0 = natural_join(), l1 = natural_join3(), l2 = union())
[    15.178][cube-solver-4][DEBUG] Solving cube (l0 = natural_join(), l1 = natural_join3(), l2 = intersect())
[    15.185][cube-solver-4][DEBUG] Solving cube (l0 = natural_join(), l1 = natural_join3(), l2 = semi_join())
[    15.192][cube-solver-4][DEBUG] Solving cube (l0 = natural_join(), l1 = natural_join3(), l2 = cross_join([1]))
[    15.200][cube-solver-4][DEBUG] Solving cube (l0 = natural_join(), l1 = natural_join3(), l2 = inner_join())
[    15.207][cube-solver-4][DEBUG] Solving cube (l0 = natural_join(), l1 = natural_join3(), l2 = natural_join())
[    15.214][cube-solver-4][DEBUG] Solving cube (l0 = natural_join(), l1 = natural_join3(), l2 = natural_join3())
[    15.221][cube-solver-4][DEBUG] Solving cube (l0 = natural_join(), l1 = natural_join3(), l2 = natural_join4())
[    15.227][cube-solver-4][DEBUG] Solving cube (l0 = natural_join(), l1 = natural_join4(), l2 = anti_join())
[    15.234][cube-solver-4][DEBUG] Solving cube (l0 = natural_join(), l1 = natural_join4(), l2 = left_join())
[    15.241][cube-solver-4][DEBUG] Solving cube (l0 = natural_join(), l1 = natural_join4(), l2 = union())
[    15.248][cube-solver-4][DEBUG] Solving cube (l0 = natural_join(), l1 = natural_join4(), l2 = intersect())
[    15.254][cube-solver-4][DEBUG] Solving cube (l0 = natural_join(), l1 = natural_join4(), l2 = semi_join())
[    15.261][cube-solver-4][DEBUG] Solving cube (l0 = natural_join(), l1 = natural_join4(), l2 = cross_join([1]))
[    15.270][cube-solver-4][DEBUG] Solving cube (l0 = natural_join(), l1 = natural_join4(), l2 = inner_join())
[    15.277][cube-solver-4][DEBUG] Solving cube (l0 = natural_join(), l1 = natural_join4(), l2 = natural_join())
[    15.283][cube-solver-4][DEBUG] Solving cube (l0 = natural_join(), l1 = natural_join4(), l2 = natural_join3())
[    15.290][cube-solver-4][DEBUG] Solving cube (l0 = natural_join(), l1 = natural_join4(), l2 = natural_join4())
[    15.297][cube-solver-4][DEBUG] Solving cube (l0 = natural_join3(), l1 = anti_join(), l2 = natural_join())
[    15.303][cube-solver-4][DEBUG] Solving cube (l0 = natural_join3(), l1 = anti_join(), l2 = natural_join3())
[    15.310][cube-solver-4][DEBUG] Solving cube (l0 = natural_join3(), l1 = anti_join(), l2 = natural_join4())
[    15.317][cube-solver-4][DEBUG] Solving cube (l0 = natural_join3(), l1 = anti_join(), l2 = anti_join())
[    15.323][cube-solver-4][DEBUG] Solving cube (l0 = natural_join3(), l1 = anti_join(), l2 = left_join())
[    15.330][cube-solver-4][DEBUG] Solving cube (l0 = natural_join3(), l1 = anti_join(), l2 = union())
[    15.337][cube-solver-4][DEBUG] Solving cube (l0 = natural_join3(), l1 = anti_join(), l2 = intersect())
[    15.343][cube-solver-4][DEBUG] Solving cube (l0 = natural_join3(), l1 = anti_join(), l2 = semi_join())
[    15.350][cube-solver-4][DEBUG] Solving cube (l0 = natural_join3(), l1 = anti_join(), l2 = cross_join([1]))
[    15.359][cube-solver-4][DEBUG] Solving cube (l0 = natural_join3(), l1 = anti_join(), l2 = inner_join())
[    15.366][cube-solver-4][DEBUG] Solving cube (l0 = natural_join3(), l1 = left_join(), l2 = natural_join())
[    15.373][cube-solver-4][DEBUG] Solving cube (l0 = natural_join3(), l1 = left_join(), l2 = natural_join3())
[    15.380][cube-solver-4][DEBUG] Solving cube (l0 = natural_join3(), l1 = left_join(), l2 = natural_join4())
[    15.386][cube-solver-4][DEBUG] Solving cube (l0 = natural_join3(), l1 = left_join(), l2 = anti_join())
[    15.393][cube-solver-4][DEBUG] Solving cube (l0 = natural_join3(), l1 = left_join(), l2 = left_join())
[    15.400][cube-solver-4][DEBUG] Solving cube (l0 = natural_join3(), l1 = left_join(), l2 = union())
[    15.406][cube-solver-4][DEBUG] Solving cube (l0 = natural_join3(), l1 = left_join(), l2 = intersect())
[    15.413][cube-solver-4][DEBUG] Solving cube (l0 = natural_join3(), l1 = left_join(), l2 = semi_join())
[    15.420][cube-solver-4][DEBUG] Solving cube (l0 = natural_join3(), l1 = left_join(), l2 = cross_join([1]))
[    15.428][cube-solver-4][DEBUG] Solving cube (l0 = natural_join3(), l1 = left_join(), l2 = inner_join())
[    15.435][cube-solver-4][DEBUG] Solving cube (l0 = natural_join3(), l1 = union(), l2 = natural_join())
[    15.442][cube-solver-4][DEBUG] Solving cube (l0 = natural_join3(), l1 = union(), l2 = natural_join3())
[    15.449][cube-solver-4][DEBUG] Solving cube (l0 = natural_join3(), l1 = union(), l2 = natural_join4())
[    15.455][cube-solver-4][DEBUG] Solving cube (l0 = natural_join3(), l1 = union(), l2 = anti_join())
[    15.462][cube-solver-4][DEBUG] Solving cube (l0 = natural_join3(), l1 = union(), l2 = left_join())
[    15.469][cube-solver-4][DEBUG] Solving cube (l0 = natural_join3(), l1 = union(), l2 = union())
[    15.475][cube-solver-4][DEBUG] Solving cube (l0 = natural_join3(), l1 = union(), l2 = intersect())
[    15.482][cube-solver-4][DEBUG] Solving cube (l0 = natural_join3(), l1 = union(), l2 = semi_join())
[    15.489][cube-solver-4][DEBUG] Solving cube (l0 = natural_join3(), l1 = union(), l2 = cross_join([1]))
[    15.498][cube-solver-4][DEBUG] Solving cube (l0 = natural_join3(), l1 = union(), l2 = inner_join())
[    15.505][cube-solver-4][DEBUG] Solving cube (l0 = natural_join3(), l1 = intersect(), l2 = natural_join())
[    15.512][cube-solver-4][DEBUG] Solving cube (l0 = natural_join3(), l1 = intersect(), l2 = natural_join3())
[    15.518][cube-solver-4][DEBUG] Solving cube (l0 = natural_join3(), l1 = intersect(), l2 = natural_join4())
[    15.525][cube-solver-4][DEBUG] Solving cube (l0 = natural_join3(), l1 = intersect(), l2 = anti_join())
[    15.532][cube-solver-4][DEBUG] Solving cube (l0 = natural_join3(), l1 = intersect(), l2 = left_join())
[    15.538][cube-solver-4][DEBUG] Solving cube (l0 = natural_join3(), l1 = intersect(), l2 = union())
[    15.545][cube-solver-4][DEBUG] Solving cube (l0 = natural_join3(), l1 = intersect(), l2 = intersect())
[    15.552][cube-solver-4][DEBUG] Solving cube (l0 = natural_join3(), l1 = intersect(), l2 = semi_join())
[    15.559][cube-solver-4][DEBUG] Solving cube (l0 = natural_join3(), l1 = intersect(), l2 = cross_join([1]))
[    15.567][cube-solver-4][DEBUG] Solving cube (l0 = natural_join3(), l1 = intersect(), l2 = inner_join())
[    15.574][cube-solver-4][DEBUG] Solving cube (l0 = natural_join3(), l1 = semi_join(), l2 = natural_join())
[    15.581][cube-solver-4][DEBUG] Solving cube (l0 = natural_join3(), l1 = semi_join(), l2 = natural_join3())
[    15.588][cube-solver-4][DEBUG] Solving cube (l0 = natural_join3(), l1 = semi_join(), l2 = natural_join4())
[    15.595][cube-solver-4][DEBUG] Solving cube (l0 = natural_join3(), l1 = semi_join(), l2 = anti_join())
[    15.601][cube-solver-4][DEBUG] Solving cube (l0 = natural_join3(), l1 = semi_join(), l2 = left_join())
[    15.608][cube-solver-4][DEBUG] Solving cube (l0 = natural_join3(), l1 = semi_join(), l2 = union())
[    15.615][cube-solver-4][DEBUG] Solving cube (l0 = natural_join3(), l1 = semi_join(), l2 = intersect())
[    15.621][cube-solver-4][DEBUG] Solving cube (l0 = natural_join3(), l1 = semi_join(), l2 = semi_join())
[    15.628][cube-solver-4][DEBUG] Solving cube (l0 = natural_join3(), l1 = semi_join(), l2 = cross_join([1]))
[    15.637][cube-solver-4][DEBUG] Solving cube (l0 = natural_join3(), l1 = semi_join(), l2 = inner_join())
[    15.644][cube-solver-4][DEBUG] Solving cube (l0 = natural_join3(), l1 = cross_join([1]), l2 = natural_join())
[    15.653][cube-solver-4][DEBUG] Solving cube (l0 = natural_join3(), l1 = cross_join([1]), l2 = natural_join3())
[    15.662][cube-solver-4][DEBUG] Solving cube (l0 = natural_join3(), l1 = cross_join([1]), l2 = natural_join4())
[    15.671][cube-solver-4][DEBUG] Solving cube (l0 = natural_join3(), l1 = cross_join([1]), l2 = anti_join())
[    15.680][cube-solver-4][DEBUG] Solving cube (l0 = natural_join3(), l1 = cross_join([1]), l2 = left_join())
[    15.689][cube-solver-4][DEBUG] Solving cube (l0 = natural_join3(), l1 = cross_join([1]), l2 = union())
[    15.698][cube-solver-4][DEBUG] Solving cube (l0 = natural_join3(), l1 = cross_join([1]), l2 = intersect())
[    15.707][cube-solver-4][DEBUG] Solving cube (l0 = natural_join3(), l1 = cross_join([1]), l2 = semi_join())
[    15.716][cube-solver-4][DEBUG] Solving cube (l0 = natural_join3(), l1 = cross_join([1]), l2 = cross_join([1]))
[    15.727][cube-solver-4][DEBUG] Solving cube (l0 = natural_join3(), l1 = cross_join([1]), l2 = inner_join())
[    15.736][cube-solver-4][DEBUG] Solving cube (l0 = natural_join3(), l1 = inner_join(), l2 = natural_join())
[    15.743][cube-solver-4][DEBUG] Solving cube (l0 = natural_join3(), l1 = inner_join(), l2 = natural_join3())
[    15.749][cube-solver-4][DEBUG] Solving cube (l0 = natural_join3(), l1 = inner_join(), l2 = natural_join4())
[    15.756][cube-solver-4][DEBUG] Solving cube (l0 = natural_join3(), l1 = inner_join(), l2 = anti_join())
[    15.763][cube-solver-4][DEBUG] Solving cube (l0 = natural_join3(), l1 = inner_join(), l2 = left_join())
[    15.769][cube-solver-4][DEBUG] Solving cube (l0 = natural_join3(), l1 = inner_join(), l2 = union())
[    15.776][cube-solver-4][DEBUG] Solving cube (l0 = natural_join3(), l1 = inner_join(), l2 = intersect())
[    15.783][cube-solver-4][DEBUG] Solving cube (l0 = natural_join3(), l1 = inner_join(), l2 = semi_join())
[    15.790][cube-solver-4][DEBUG] Solving cube (l0 = natural_join3(), l1 = inner_join(), l2 = cross_join([1]))
[    15.799][cube-solver-4][DEBUG] Solving cube (l0 = natural_join3(), l1 = inner_join(), l2 = inner_join())
[    15.805][cube-solver-4][DEBUG] Solving cube (l0 = natural_join3(), l1 = natural_join(), l2 = anti_join())
[    15.812][cube-solver-4][DEBUG] Solving cube (l0 = natural_join3(), l1 = natural_join(), l2 = left_join())
[    15.819][cube-solver-4][DEBUG] Solving cube (l0 = natural_join3(), l1 = natural_join(), l2 = union())
[    15.825][cube-solver-4][DEBUG] Solving cube (l0 = natural_join3(), l1 = natural_join(), l2 = intersect())
[    15.832][cube-solver-4][DEBUG] Solving cube (l0 = natural_join3(), l1 = natural_join(), l2 = semi_join())
[    15.839][cube-solver-4][DEBUG] Solving cube (l0 = natural_join3(), l1 = natural_join(), l2 = cross_join([1]))
[    15.847][cube-solver-4][DEBUG] Solving cube (l0 = natural_join3(), l1 = natural_join(), l2 = inner_join())
[    15.854][cube-solver-4][DEBUG] Solving cube (l0 = natural_join3(), l1 = natural_join(), l2 = natural_join())
[    15.861][cube-solver-4][DEBUG] Solving cube (l0 = natural_join3(), l1 = natural_join(), l2 = natural_join3())
[    15.868][cube-solver-4][DEBUG] Solving cube (l0 = natural_join3(), l1 = natural_join(), l2 = natural_join4())
[    15.874][cube-solver-4][DEBUG] Solving cube (l0 = natural_join3(), l1 = natural_join3(), l2 = anti_join())
[    15.881][cube-solver-4][DEBUG] Solving cube (l0 = natural_join3(), l1 = natural_join3(), l2 = left_join())
[    15.888][cube-solver-4][DEBUG] Solving cube (l0 = natural_join3(), l1 = natural_join3(), l2 = union())
[    15.895][cube-solver-4][DEBUG] Solving cube (l0 = natural_join3(), l1 = natural_join3(), l2 = intersect())
[    15.902][cube-solver-4][DEBUG] Solving cube (l0 = natural_join3(), l1 = natural_join3(), l2 = semi_join())
[    15.909][cube-solver-4][DEBUG] Solving cube (l0 = natural_join3(), l1 = natural_join3(), l2 = cross_join([1]))
[    15.918][cube-solver-4][DEBUG] Solving cube (l0 = natural_join3(), l1 = natural_join3(), l2 = inner_join())
[    15.925][cube-solver-4][DEBUG] Solving cube (l0 = natural_join3(), l1 = natural_join3(), l2 = natural_join())
[    15.932][cube-solver-4][DEBUG] Solving cube (l0 = natural_join3(), l1 = natural_join3(), l2 = natural_join3())
[    15.938][cube-solver-4][DEBUG] Solving cube (l0 = natural_join3(), l1 = natural_join3(), l2 = natural_join4())
[    15.945][cube-solver-4][DEBUG] Solving cube (l0 = natural_join3(), l1 = natural_join4(), l2 = anti_join())
[    15.952][cube-solver-4][DEBUG] Solving cube (l0 = natural_join3(), l1 = natural_join4(), l2 = left_join())
[    15.958][cube-solver-4][DEBUG] Solving cube (l0 = natural_join3(), l1 = natural_join4(), l2 = union())
[    15.965][cube-solver-4][DEBUG] Solving cube (l0 = natural_join3(), l1 = natural_join4(), l2 = intersect())
[    15.971][cube-solver-4][DEBUG] Solving cube (l0 = natural_join3(), l1 = natural_join4(), l2 = semi_join())
[    15.978][cube-solver-4][DEBUG] Solving cube (l0 = natural_join3(), l1 = natural_join4(), l2 = cross_join([1]))
[    15.987][cube-solver-4][DEBUG] Solving cube (l0 = natural_join3(), l1 = natural_join4(), l2 = inner_join())
[    15.994][cube-solver-4][DEBUG] Solving cube (l0 = natural_join3(), l1 = natural_join4(), l2 = natural_join())
[    16.000][cube-solver-4][DEBUG] Solving cube (l0 = natural_join3(), l1 = natural_join4(), l2 = natural_join3())
[    16.007][cube-solver-4][DEBUG] Solving cube (l0 = natural_join3(), l1 = natural_join4(), l2 = natural_join4())
[    16.014][cube-solver-4][DEBUG] Solving cube (l0 = natural_join4(), l1 = anti_join(), l2 = natural_join())
[    16.021][cube-solver-4][DEBUG] Solving cube (l0 = natural_join4(), l1 = anti_join(), l2 = natural_join3())
[    16.028][cube-solver-4][DEBUG] Solving cube (l0 = natural_join4(), l1 = anti_join(), l2 = natural_join4())
[    16.034][cube-solver-4][DEBUG] Solving cube (l0 = natural_join4(), l1 = anti_join(), l2 = anti_join())
[    16.041][cube-solver-4][DEBUG] Solving cube (l0 = natural_join4(), l1 = anti_join(), l2 = left_join())
[    16.048][cube-solver-4][DEBUG] Solving cube (l0 = natural_join4(), l1 = anti_join(), l2 = union())
[    16.054][cube-solver-4][DEBUG] Solving cube (l0 = natural_join4(), l1 = anti_join(), l2 = intersect())
[    16.061][cube-solver-4][DEBUG] Solving cube (l0 = natural_join4(), l1 = anti_join(), l2 = semi_join())
[    16.068][cube-solver-4][DEBUG] Solving cube (l0 = natural_join4(), l1 = anti_join(), l2 = cross_join([1]))
[    16.077][cube-solver-4][DEBUG] Solving cube (l0 = natural_join4(), l1 = anti_join(), l2 = inner_join())
[    16.083][cube-solver-4][DEBUG] Solving cube (l0 = natural_join4(), l1 = left_join(), l2 = natural_join())
[    16.090][cube-solver-4][DEBUG] Solving cube (l0 = natural_join4(), l1 = left_join(), l2 = natural_join3())
[    16.097][cube-solver-4][DEBUG] Solving cube (l0 = natural_join4(), l1 = left_join(), l2 = natural_join4())
[    16.104][cube-solver-4][DEBUG] Solving cube (l0 = natural_join4(), l1 = left_join(), l2 = anti_join())
[    16.110][cube-solver-4][DEBUG] Solving cube (l0 = natural_join4(), l1 = left_join(), l2 = left_join())
[    16.117][cube-solver-4][DEBUG] Solving cube (l0 = natural_join4(), l1 = left_join(), l2 = union())
[    16.124][cube-solver-4][DEBUG] Solving cube (l0 = natural_join4(), l1 = left_join(), l2 = intersect())
[    16.130][cube-solver-4][DEBUG] Solving cube (l0 = natural_join4(), l1 = left_join(), l2 = semi_join())
[    16.137][cube-solver-4][DEBUG] Solving cube (l0 = natural_join4(), l1 = left_join(), l2 = cross_join([1]))
[    16.146][cube-solver-4][DEBUG] Solving cube (l0 = natural_join4(), l1 = left_join(), l2 = inner_join())
[    16.153][cube-solver-4][DEBUG] Solving cube (l0 = natural_join4(), l1 = union(), l2 = natural_join())
[    16.160][cube-solver-4][DEBUG] Solving cube (l0 = natural_join4(), l1 = union(), l2 = natural_join3())
[    16.167][cube-solver-4][DEBUG] Solving cube (l0 = natural_join4(), l1 = union(), l2 = natural_join4())
[    16.173][cube-solver-4][DEBUG] Solving cube (l0 = natural_join4(), l1 = union(), l2 = anti_join())
[    16.180][cube-solver-4][DEBUG] Solving cube (l0 = natural_join4(), l1 = union(), l2 = left_join())
[    16.187][cube-solver-4][DEBUG] Solving cube (l0 = natural_join4(), l1 = union(), l2 = union())
[    16.194][cube-solver-4][DEBUG] Solving cube (l0 = natural_join4(), l1 = union(), l2 = intersect())
[    16.200][cube-solver-4][DEBUG] Solving cube (l0 = natural_join4(), l1 = union(), l2 = semi_join())
[    16.207][cube-solver-4][DEBUG] Solving cube (l0 = natural_join4(), l1 = union(), l2 = cross_join([1]))
[    16.216][cube-solver-4][DEBUG] Solving cube (l0 = natural_join4(), l1 = union(), l2 = inner_join())
[    16.223][cube-solver-4][DEBUG] Solving cube (l0 = natural_join4(), l1 = intersect(), l2 = natural_join())
[    16.230][cube-solver-4][DEBUG] Solving cube (l0 = natural_join4(), l1 = intersect(), l2 = natural_join3())
[    16.236][cube-solver-4][DEBUG] Solving cube (l0 = natural_join4(), l1 = intersect(), l2 = natural_join4())
[    16.243][cube-solver-4][DEBUG] Solving cube (l0 = natural_join4(), l1 = intersect(), l2 = anti_join())
[    16.250][cube-solver-4][DEBUG] Solving cube (l0 = natural_join4(), l1 = intersect(), l2 = left_join())
[    16.257][cube-solver-4][DEBUG] Solving cube (l0 = natural_join4(), l1 = intersect(), l2 = union())
[    16.263][cube-solver-4][DEBUG] Solving cube (l0 = natural_join4(), l1 = intersect(), l2 = intersect())
[    16.270][cube-solver-4][DEBUG] Solving cube (l0 = natural_join4(), l1 = intersect(), l2 = semi_join())
[    16.277][cube-solver-4][DEBUG] Solving cube (l0 = natural_join4(), l1 = intersect(), l2 = cross_join([1]))
[    16.286][cube-solver-4][DEBUG] Solving cube (l0 = natural_join4(), l1 = intersect(), l2 = inner_join())
[    16.292][cube-solver-4][DEBUG] Solving cube (l0 = natural_join4(), l1 = semi_join(), l2 = natural_join())
[    16.299][cube-solver-4][DEBUG] Solving cube (l0 = natural_join4(), l1 = semi_join(), l2 = natural_join3())
[    16.306][cube-solver-4][DEBUG] Solving cube (l0 = natural_join4(), l1 = semi_join(), l2 = natural_join4())
[    16.312][cube-solver-4][DEBUG] Solving cube (l0 = natural_join4(), l1 = semi_join(), l2 = anti_join())
[    16.320][cube-solver-4][DEBUG] Solving cube (l0 = natural_join4(), l1 = semi_join(), l2 = left_join())
[    16.326][cube-solver-4][DEBUG] Solving cube (l0 = natural_join4(), l1 = semi_join(), l2 = union())
[    16.333][cube-solver-4][DEBUG] Solving cube (l0 = natural_join4(), l1 = semi_join(), l2 = intersect())
[    16.340][cube-solver-4][DEBUG] Solving cube (l0 = natural_join4(), l1 = semi_join(), l2 = semi_join())
[    16.347][cube-solver-4][DEBUG] Solving cube (l0 = natural_join4(), l1 = semi_join(), l2 = cross_join([1]))
[    16.355][cube-solver-4][DEBUG] Solving cube (l0 = natural_join4(), l1 = semi_join(), l2 = inner_join())
[    16.362][cube-solver-4][DEBUG] Solving cube (l0 = natural_join4(), l1 = cross_join([1]), l2 = natural_join())
[    16.371][cube-solver-4][DEBUG] Solving cube (l0 = natural_join4(), l1 = cross_join([1]), l2 = natural_join3())
[    16.380][cube-solver-4][DEBUG] Solving cube (l0 = natural_join4(), l1 = cross_join([1]), l2 = natural_join4())
[    16.389][cube-solver-4][DEBUG] Solving cube (l0 = natural_join4(), l1 = cross_join([1]), l2 = anti_join())
[    16.398][cube-solver-4][DEBUG] Solving cube (l0 = natural_join4(), l1 = cross_join([1]), l2 = left_join())
[    16.407][cube-solver-4][DEBUG] Solving cube (l0 = natural_join4(), l1 = cross_join([1]), l2 = union())
[    16.416][cube-solver-4][DEBUG] Solving cube (l0 = natural_join4(), l1 = cross_join([1]), l2 = intersect())
[    16.426][cube-solver-4][DEBUG] Solving cube (l0 = natural_join4(), l1 = cross_join([1]), l2 = semi_join())
[    16.435][cube-solver-4][DEBUG] Solving cube (l0 = natural_join4(), l1 = cross_join([1]), l2 = cross_join([1]))
[    16.445][cube-solver-4][DEBUG] Solving cube (l0 = natural_join4(), l1 = cross_join([1]), l2 = inner_join())
[    16.454][cube-solver-4][DEBUG] Solving cube (l0 = natural_join4(), l1 = inner_join(), l2 = natural_join())
[    16.461][cube-solver-4][DEBUG] Solving cube (l0 = natural_join4(), l1 = inner_join(), l2 = natural_join3())
[    16.468][cube-solver-4][DEBUG] Solving cube (l0 = natural_join4(), l1 = inner_join(), l2 = natural_join4())
[    16.475][cube-solver-4][DEBUG] Solving cube (l0 = natural_join4(), l1 = inner_join(), l2 = anti_join())
[    16.482][cube-solver-4][DEBUG] Solving cube (l0 = natural_join4(), l1 = inner_join(), l2 = left_join())
[    16.489][cube-solver-4][DEBUG] Solving cube (l0 = natural_join4(), l1 = inner_join(), l2 = union())
[    16.495][cube-solver-4][DEBUG] Solving cube (l0 = natural_join4(), l1 = inner_join(), l2 = intersect())
[    16.502][cube-solver-4][DEBUG] Solving cube (l0 = natural_join4(), l1 = inner_join(), l2 = semi_join())
[    16.509][cube-solver-4][DEBUG] Solving cube (l0 = natural_join4(), l1 = inner_join(), l2 = cross_join([1]))
[    16.518][cube-solver-4][DEBUG] Solving cube (l0 = natural_join4(), l1 = inner_join(), l2 = inner_join())
[    16.525][cube-solver-4][DEBUG] Solving cube (l0 = natural_join4(), l1 = natural_join(), l2 = anti_join())
[    16.532][cube-solver-4][DEBUG] Solving cube (l0 = natural_join4(), l1 = natural_join(), l2 = left_join())
[    16.538][cube-solver-4][DEBUG] Solving cube (l0 = natural_join4(), l1 = natural_join(), l2 = union())
[    16.545][cube-solver-4][DEBUG] Solving cube (l0 = natural_join4(), l1 = natural_join(), l2 = intersect())
[    16.552][cube-solver-4][DEBUG] Solving cube (l0 = natural_join4(), l1 = natural_join(), l2 = semi_join())
[    16.559][cube-solver-4][DEBUG] Solving cube (l0 = natural_join4(), l1 = natural_join(), l2 = cross_join([1]))
[    16.567][cube-solver-4][DEBUG] Solving cube (l0 = natural_join4(), l1 = natural_join(), l2 = inner_join())
[    16.574][cube-solver-4][DEBUG] Solving cube (l0 = natural_join4(), l1 = natural_join(), l2 = natural_join())
[    16.581][cube-solver-4][DEBUG] Solving cube (l0 = natural_join4(), l1 = natural_join(), l2 = natural_join3())
[    16.588][cube-solver-4][DEBUG] Solving cube (l0 = natural_join4(), l1 = natural_join(), l2 = natural_join4())
[    16.594][cube-solver-4][DEBUG] Solving cube (l0 = natural_join4(), l1 = natural_join3(), l2 = anti_join())
[    16.601][cube-solver-4][DEBUG] Solving cube (l0 = natural_join4(), l1 = natural_join3(), l2 = left_join())
[    16.608][cube-solver-4][DEBUG] Solving cube (l0 = natural_join4(), l1 = natural_join3(), l2 = union())
[    16.615][cube-solver-4][DEBUG] Solving cube (l0 = natural_join4(), l1 = natural_join3(), l2 = intersect())
[    16.621][cube-solver-4][DEBUG] Solving cube (l0 = natural_join4(), l1 = natural_join3(), l2 = semi_join())
[    16.628][cube-solver-4][DEBUG] Solving cube (l0 = natural_join4(), l1 = natural_join3(), l2 = cross_join([1]))
[    16.637][cube-solver-4][DEBUG] Solving cube (l0 = natural_join4(), l1 = natural_join3(), l2 = inner_join())
[    16.644][cube-solver-4][DEBUG] Solving cube (l0 = natural_join4(), l1 = natural_join3(), l2 = natural_join())
[    16.650][cube-solver-4][DEBUG] Solving cube (l0 = natural_join4(), l1 = natural_join3(), l2 = natural_join3())
[    16.657][cube-solver-4][DEBUG] Solving cube (l0 = natural_join4(), l1 = natural_join3(), l2 = natural_join4())
[    16.664][cube-solver-4][DEBUG] Solving cube (l0 = natural_join4(), l1 = natural_join4(), l2 = anti_join())
[    16.670][cube-solver-4][DEBUG] Solving cube (l0 = natural_join4(), l1 = natural_join4(), l2 = left_join())
[    16.677][cube-solver-4][DEBUG] Solving cube (l0 = natural_join4(), l1 = natural_join4(), l2 = union())
[    16.684][cube-solver-4][DEBUG] Solving cube (l0 = natural_join4(), l1 = natural_join4(), l2 = intersect())
[    16.690][cube-solver-4][DEBUG] Solving cube (l0 = natural_join4(), l1 = natural_join4(), l2 = semi_join())
[    16.697][cube-solver-4][DEBUG] Solving cube (l0 = natural_join4(), l1 = natural_join4(), l2 = cross_join([1]))
[    16.706][cube-solver-4][DEBUG] Solving cube (l0 = natural_join4(), l1 = natural_join4(), l2 = inner_join())
[    16.712][cube-solver-4][DEBUG] Solving cube (l0 = natural_join4(), l1 = natural_join4(), l2 = natural_join())
[    16.719][cube-solver-4][DEBUG] Solving cube (l0 = natural_join4(), l1 = natural_join4(), l2 = natural_join3())
[    16.726][cube-solver-4][DEBUG] Solving cube (l0 = natural_join4(), l1 = natural_join4(), l2 = natural_join4())
[    16.732][cube-solver-4][DEBUG] Solving cube (l0 = anti_join(), l1 = natural_join(), l2 = anti_join())
[    16.739][cube-solver-4][DEBUG] Solving cube (l0 = anti_join(), l1 = natural_join(), l2 = left_join())
[    16.746][cube-solver-4][DEBUG] Solving cube (l0 = anti_join(), l1 = natural_join(), l2 = union())
[    16.753][cube-solver-4][DEBUG] Solving cube (l0 = anti_join(), l1 = natural_join(), l2 = intersect())
[    16.759][cube-solver-4][DEBUG] Solving cube (l0 = anti_join(), l1 = natural_join(), l2 = semi_join())
[    16.766][cube-solver-4][DEBUG] Solving cube (l0 = anti_join(), l1 = natural_join(), l2 = cross_join([1]))
[    16.775][cube-solver-4][DEBUG] Solving cube (l0 = anti_join(), l1 = natural_join(), l2 = inner_join())
[    16.782][cube-solver-4][DEBUG] Solving cube (l0 = anti_join(), l1 = natural_join(), l2 = natural_join())
[    16.789][cube-solver-4][DEBUG] Solving cube (l0 = anti_join(), l1 = natural_join(), l2 = natural_join3())
[    16.795][cube-solver-4][DEBUG] Solving cube (l0 = anti_join(), l1 = natural_join(), l2 = natural_join4())
[    16.802][cube-solver-4][DEBUG] Solving cube (l0 = anti_join(), l1 = natural_join3(), l2 = anti_join())
[    16.808][cube-solver-4][DEBUG] Solving cube (l0 = anti_join(), l1 = natural_join3(), l2 = left_join())
[    16.815][cube-solver-4][DEBUG] Solving cube (l0 = anti_join(), l1 = natural_join3(), l2 = union())
[    16.822][cube-solver-4][DEBUG] Solving cube (l0 = anti_join(), l1 = natural_join3(), l2 = intersect())
[    16.828][cube-solver-4][DEBUG] Solving cube (l0 = anti_join(), l1 = natural_join3(), l2 = semi_join())
[    16.835][cube-solver-4][DEBUG] Solving cube (l0 = anti_join(), l1 = natural_join3(), l2 = cross_join([1]))
[    16.844][cube-solver-4][DEBUG] Solving cube (l0 = anti_join(), l1 = natural_join3(), l2 = inner_join())
[    16.851][cube-solver-4][DEBUG] Solving cube (l0 = anti_join(), l1 = natural_join3(), l2 = natural_join())
[    16.858][cube-solver-4][DEBUG] Solving cube (l0 = anti_join(), l1 = natural_join3(), l2 = natural_join3())
[    16.864][cube-solver-4][DEBUG] Solving cube (l0 = anti_join(), l1 = natural_join3(), l2 = natural_join4())
[    16.871][cube-solver-4][DEBUG] Solving cube (l0 = anti_join(), l1 = natural_join4(), l2 = anti_join())
[    16.877][cube-solver-4][DEBUG] Solving cube (l0 = anti_join(), l1 = natural_join4(), l2 = left_join())
[    16.884][cube-solver-4][DEBUG] Solving cube (l0 = anti_join(), l1 = natural_join4(), l2 = union())
[    16.891][cube-solver-4][DEBUG] Solving cube (l0 = anti_join(), l1 = natural_join4(), l2 = intersect())
[    16.898][cube-solver-4][DEBUG] Solving cube (l0 = anti_join(), l1 = natural_join4(), l2 = semi_join())
[    16.904][cube-solver-4][DEBUG] Solving cube (l0 = anti_join(), l1 = natural_join4(), l2 = cross_join([1]))
[    16.913][cube-solver-4][DEBUG] Solving cube (l0 = anti_join(), l1 = natural_join4(), l2 = inner_join())
[    16.920][cube-solver-4][DEBUG] Solving cube (l0 = anti_join(), l1 = natural_join4(), l2 = natural_join())
[    16.927][cube-solver-4][DEBUG] Solving cube (l0 = anti_join(), l1 = natural_join4(), l2 = natural_join3())
[    16.933][cube-solver-4][DEBUG] Solving cube (l0 = anti_join(), l1 = natural_join4(), l2 = natural_join4())
[    16.940][cube-solver-4][DEBUG] Solving cube (l0 = anti_join(), l1 = anti_join(), l2 = natural_join())
[    16.947][cube-solver-4][DEBUG] Solving cube (l0 = anti_join(), l1 = anti_join(), l2 = natural_join3())
[    16.953][cube-solver-4][DEBUG] Solving cube (l0 = anti_join(), l1 = anti_join(), l2 = natural_join4())
[    16.960][cube-solver-4][DEBUG] Solving cube (l0 = anti_join(), l1 = anti_join(), l2 = anti_join())
[    16.967][cube-solver-4][DEBUG] Solving cube (l0 = anti_join(), l1 = anti_join(), l2 = left_join())
[    16.974][cube-solver-4][DEBUG] Solving cube (l0 = anti_join(), l1 = anti_join(), l2 = union())
[    16.980][cube-solver-4][DEBUG] Solving cube (l0 = anti_join(), l1 = anti_join(), l2 = intersect())
[    16.987][cube-solver-4][DEBUG] Solving cube (l0 = anti_join(), l1 = anti_join(), l2 = semi_join())
[    16.994][cube-solver-4][DEBUG] Solving cube (l0 = anti_join(), l1 = anti_join(), l2 = cross_join([1]))
[    17.003][cube-solver-4][DEBUG] Solving cube (l0 = anti_join(), l1 = anti_join(), l2 = inner_join())
[    17.010][cube-solver-4][DEBUG] Solving cube (l0 = anti_join(), l1 = left_join(), l2 = natural_join())
[    17.016][cube-solver-4][DEBUG] Solving cube (l0 = anti_join(), l1 = left_join(), l2 = natural_join3())
[    17.023][cube-solver-4][DEBUG] Solving cube (l0 = anti_join(), l1 = left_join(), l2 = natural_join4())
[    17.030][cube-solver-4][DEBUG] Solving cube (l0 = anti_join(), l1 = left_join(), l2 = anti_join())
[    17.036][cube-solver-4][DEBUG] Solving cube (l0 = anti_join(), l1 = left_join(), l2 = left_join())
[    17.043][cube-solver-4][DEBUG] Solving cube (l0 = anti_join(), l1 = left_join(), l2 = union())
[    17.049][cube-solver-4][DEBUG] Solving cube (l0 = anti_join(), l1 = left_join(), l2 = intersect())
[    17.056][cube-solver-4][DEBUG] Solving cube (l0 = anti_join(), l1 = left_join(), l2 = semi_join())
[    17.063][cube-solver-4][DEBUG] Solving cube (l0 = anti_join(), l1 = left_join(), l2 = cross_join([1]))
[    17.072][cube-solver-4][DEBUG] Solving cube (l0 = anti_join(), l1 = left_join(), l2 = inner_join())
[    17.078][cube-solver-4][DEBUG] Solving cube (l0 = anti_join(), l1 = union(), l2 = natural_join())
[    17.085][cube-solver-4][DEBUG] Solving cube (l0 = anti_join(), l1 = union(), l2 = natural_join3())
[    17.092][cube-solver-4][DEBUG] Solving cube (l0 = anti_join(), l1 = union(), l2 = natural_join4())
[    17.099][cube-solver-4][DEBUG] Solving cube (l0 = anti_join(), l1 = union(), l2 = anti_join())
[    17.105][cube-solver-4][DEBUG] Solving cube (l0 = anti_join(), l1 = union(), l2 = left_join())
[    17.112][cube-solver-4][DEBUG] Solving cube (l0 = anti_join(), l1 = union(), l2 = union())
[    17.119][cube-solver-4][DEBUG] Solving cube (l0 = anti_join(), l1 = union(), l2 = intersect())
[    17.125][cube-solver-4][DEBUG] Solving cube (l0 = anti_join(), l1 = union(), l2 = semi_join())
[    17.132][cube-solver-4][DEBUG] Solving cube (l0 = anti_join(), l1 = union(), l2 = cross_join([1]))
[    17.141][cube-solver-4][DEBUG] Solving cube (l0 = anti_join(), l1 = union(), l2 = inner_join())
[    17.148][cube-solver-4][DEBUG] Solving cube (l0 = anti_join(), l1 = intersect(), l2 = natural_join())
[    17.154][cube-solver-4][DEBUG] Solving cube (l0 = anti_join(), l1 = intersect(), l2 = natural_join3())
[    17.161][cube-solver-4][DEBUG] Solving cube (l0 = anti_join(), l1 = intersect(), l2 = natural_join4())
[    17.168][cube-solver-4][DEBUG] Solving cube (l0 = anti_join(), l1 = intersect(), l2 = anti_join())
[    17.175][cube-solver-4][DEBUG] Solving cube (l0 = anti_join(), l1 = intersect(), l2 = left_join())
[    17.181][cube-solver-4][DEBUG] Solving cube (l0 = anti_join(), l1 = intersect(), l2 = union())
[    17.188][cube-solver-4][DEBUG] Solving cube (l0 = anti_join(), l1 = intersect(), l2 = intersect())
[    17.195][cube-solver-4][DEBUG] Solving cube (l0 = anti_join(), l1 = intersect(), l2 = semi_join())
[    17.202][cube-solver-4][DEBUG] Solving cube (l0 = anti_join(), l1 = intersect(), l2 = cross_join([1]))
[    17.210][cube-solver-4][DEBUG] Solving cube (l0 = anti_join(), l1 = intersect(), l2 = inner_join())
[    17.217][cube-solver-4][DEBUG] Solving cube (l0 = anti_join(), l1 = semi_join(), l2 = natural_join())
[    17.224][cube-solver-4][DEBUG] Solving cube (l0 = anti_join(), l1 = semi_join(), l2 = natural_join3())
[    17.231][cube-solver-4][DEBUG] Solving cube (l0 = anti_join(), l1 = semi_join(), l2 = natural_join4())
[    17.237][cube-solver-4][DEBUG] Solving cube (l0 = anti_join(), l1 = semi_join(), l2 = anti_join())
[    17.244][cube-solver-4][DEBUG] Solving cube (l0 = anti_join(), l1 = semi_join(), l2 = left_join())
[    17.251][cube-solver-4][DEBUG] Solving cube (l0 = anti_join(), l1 = semi_join(), l2 = union())
[    17.257][cube-solver-4][DEBUG] Solving cube (l0 = anti_join(), l1 = semi_join(), l2 = intersect())
[    17.264][cube-solver-4][DEBUG] Solving cube (l0 = anti_join(), l1 = semi_join(), l2 = semi_join())
[    17.271][cube-solver-4][DEBUG] Solving cube (l0 = anti_join(), l1 = semi_join(), l2 = cross_join([1]))
[    17.279][cube-solver-4][DEBUG] Solving cube (l0 = anti_join(), l1 = semi_join(), l2 = inner_join())
[    17.286][cube-solver-4][DEBUG] Solving cube (l0 = anti_join(), l1 = cross_join([1]), l2 = natural_join())
[    17.295][cube-solver-4][DEBUG] Solving cube (l0 = anti_join(), l1 = cross_join([1]), l2 = natural_join3())
[    17.305][cube-solver-4][DEBUG] Solving cube (l0 = anti_join(), l1 = cross_join([1]), l2 = natural_join4())
[    17.314][cube-solver-4][DEBUG] Solving cube (l0 = anti_join(), l1 = cross_join([1]), l2 = anti_join())
[    17.323][cube-solver-4][DEBUG] Solving cube (l0 = anti_join(), l1 = cross_join([1]), l2 = left_join())
[    17.332][cube-solver-4][DEBUG] Solving cube (l0 = anti_join(), l1 = cross_join([1]), l2 = union())
[    17.341][cube-solver-4][DEBUG] Solving cube (l0 = anti_join(), l1 = cross_join([1]), l2 = intersect())
[    17.350][cube-solver-4][DEBUG] Solving cube (l0 = anti_join(), l1 = cross_join([1]), l2 = semi_join())
[    17.359][cube-solver-4][DEBUG] Solving cube (l0 = anti_join(), l1 = cross_join([1]), l2 = cross_join([1]))
[    17.369][cube-solver-4][DEBUG] Solving cube (l0 = anti_join(), l1 = cross_join([1]), l2 = inner_join())
[    17.378][cube-solver-4][DEBUG] Solving cube (l0 = anti_join(), l1 = inner_join(), l2 = natural_join())
[    17.394][cube-solver-4][DEBUG] Solving cube (l0 = anti_join(), l1 = inner_join(), l2 = natural_join3())
[    17.404][cube-solver-4][DEBUG] Solving cube (l0 = anti_join(), l1 = inner_join(), l2 = natural_join4())
[    17.408][cube-solver-4][DEBUG] Solving cube (l0 = anti_join(), l1 = inner_join(), l2 = anti_join())
[    17.411][cube-solver-4][DEBUG] Solving cube (l0 = anti_join(), l1 = inner_join(), l2 = left_join())
[    17.415][cube-solver-4][DEBUG] Solving cube (l0 = anti_join(), l1 = inner_join(), l2 = union())
[    17.419][cube-solver-4][DEBUG] Solving cube (l0 = anti_join(), l1 = inner_join(), l2 = intersect())
[    17.423][cube-solver-4][DEBUG] Solving cube (l0 = anti_join(), l1 = inner_join(), l2 = semi_join())
[    17.426][cube-solver-4][DEBUG] Solving cube (l0 = anti_join(), l1 = inner_join(), l2 = cross_join([1]))
[    17.431][cube-solver-4][DEBUG] Solving cube (l0 = anti_join(), l1 = inner_join(), l2 = inner_join())
[    17.435][cube-solver-4][DEBUG] Solving cube (l0 = left_join(), l1 = natural_join(), l2 = anti_join())
[    17.439][cube-solver-4][DEBUG] Solving cube (l0 = left_join(), l1 = natural_join(), l2 = left_join())
[    17.646][cube-solver-4][DEBUG] Solving cube (l0 = left_join(), l1 = natural_join(), l2 = union())
[    17.824][cube-solver-4][DEBUG] Solving cube (l0 = left_join(), l1 = natural_join(), l2 = intersect())
[    18.402][cube-solver-8][DEBUG] Initialising process for 3 lines of code.
[    18.530][cube-solver-4][DEBUG] Solving cube (l0 = left_join(), l1 = natural_join(), l2 = cross_join([1]))
[    19.576][cube-solver-8][DEBUG] Solving cube (l0 = left_join(), l1 = natural_join(), l2 = semi_join())
[    19.784][cube-solver-8][DEBUG] Solving cube (l0 = left_join(), l1 = natural_join(), l2 = inner_join())
[    21.838][cube-solver-0][DEBUG] Initialising process for 3 lines of code.
[    23.010][cube-solver-0][DEBUG] Solving cube (l0 = left_join(), l1 = natural_join(), l2 = natural_join())
[    23.282][cube-solver-0][DEBUG] Solving cube (l0 = left_join(), l1 = natural_join(), l2 = natural_join3())
[    23.289][cube-solver-0][DEBUG] Solving cube (l0 = left_join(), l1 = natural_join(), l2 = natural_join4())
[    23.296][cube-solver-0][DEBUG] Solving cube (l0 = left_join(), l1 = natural_join3(), l2 = anti_join())
[    23.304][cube-solver-0][DEBUG] Solving cube (l0 = left_join(), l1 = natural_join3(), l2 = left_join())
[    23.311][cube-solver-0][DEBUG] Solving cube (l0 = left_join(), l1 = natural_join3(), l2 = union())
[    23.319][cube-solver-0][DEBUG] Solving cube (l0 = left_join(), l1 = natural_join3(), l2 = intersect())
[    23.326][cube-solver-0][DEBUG] Solving cube (l0 = left_join(), l1 = natural_join3(), l2 = semi_join())
[    23.334][cube-solver-0][DEBUG] Solving cube (l0 = left_join(), l1 = natural_join3(), l2 = cross_join([1]))
[    23.343][cube-solver-0][DEBUG] Solving cube (l0 = left_join(), l1 = natural_join3(), l2 = inner_join())
[    23.350][cube-solver-0][DEBUG] Solving cube (l0 = left_join(), l1 = natural_join3(), l2 = natural_join())
[    23.358][cube-solver-0][DEBUG] Solving cube (l0 = left_join(), l1 = natural_join3(), l2 = natural_join3())
[    23.365][cube-solver-0][DEBUG] Solving cube (l0 = left_join(), l1 = natural_join3(), l2 = natural_join4())
[    23.371][cube-solver-0][DEBUG] Solving cube (l0 = left_join(), l1 = natural_join4(), l2 = anti_join())
[    23.378][cube-solver-0][DEBUG] Solving cube (l0 = left_join(), l1 = natural_join4(), l2 = left_join())
[    23.386][cube-solver-0][DEBUG] Solving cube (l0 = left_join(), l1 = natural_join4(), l2 = union())
[    23.393][cube-solver-0][DEBUG] Solving cube (l0 = left_join(), l1 = natural_join4(), l2 = intersect())
[    23.401][cube-solver-0][DEBUG] Solving cube (l0 = left_join(), l1 = natural_join4(), l2 = semi_join())
[    23.408][cube-solver-0][DEBUG] Solving cube (l0 = left_join(), l1 = natural_join4(), l2 = cross_join([1]))
[    23.417][cube-solver-0][DEBUG] Solving cube (l0 = left_join(), l1 = natural_join4(), l2 = inner_join())
[    23.425][cube-solver-0][DEBUG] Solving cube (l0 = left_join(), l1 = natural_join4(), l2 = natural_join())
[    23.432][cube-solver-0][DEBUG] Solving cube (l0 = left_join(), l1 = natural_join4(), l2 = natural_join3())
[    23.439][cube-solver-0][DEBUG] Solving cube (l0 = left_join(), l1 = natural_join4(), l2 = natural_join4())
[    23.445][cube-solver-0][DEBUG] Solving cube (l0 = left_join(), l1 = anti_join(), l2 = natural_join())
[    24.509][cube-solver-0][DEBUG] Solving cube (l0 = left_join(), l1 = anti_join(), l2 = natural_join3())
[    24.513][cube-solver-0][DEBUG] Solving cube (l0 = left_join(), l1 = anti_join(), l2 = natural_join4())
[    24.517][cube-solver-0][DEBUG] Solving cube (l0 = left_join(), l1 = anti_join(), l2 = anti_join())
[    24.520][cube-solver-0][DEBUG] Solving cube (l0 = left_join(), l1 = anti_join(), l2 = left_join())
[    25.778][cube-solver-0][DEBUG] Solving cube (l0 = left_join(), l1 = anti_join(), l2 = union())
[    26.958][cube-solver-0][DEBUG] Solving cube (l0 = left_join(), l1 = anti_join(), l2 = intersect())
[    27.948][cube-solver-8][DEBUG] Solving cube (l0 = left_join(), l1 = anti_join(), l2 = semi_join())
[    28.589][cube-solver-10][DEBUG] Initialising process for 3 lines of code.
[    29.200][cube-solver-8][DEBUG] Solving cube (l0 = left_join(), l1 = anti_join(), l2 = inner_join())
[    29.760][cube-solver-10][DEBUG] Solving cube (l0 = left_join(), l1 = anti_join(), l2 = cross_join([1]))
[    30.573][cube-solver-15][DEBUG] Initialising process for 3 lines of code.
[    30.909][cube-solver-13][DEBUG] Initialising process for 3 lines of code.
[    31.427][cube-solver-9][DEBUG] Initialising process for 3 lines of code.
[    31.735][cube-solver-15][DEBUG] Solving cube (l0 = left_join(), l1 = left_join(), l2 = natural_join())
[    32.090][cube-solver-13][DEBUG] Solving cube (l0 = left_join(), l1 = left_join(), l2 = natural_join3())
[    32.246][cube-solver-0][DEBUG] Solving cube (l0 = left_join(), l1 = left_join(), l2 = anti_join())
[    32.285][cube-solver-15][DEBUG] Solving cube (l0 = left_join(), l1 = left_join(), l2 = left_join())
[    32.587][cube-solver-13][DEBUG] Solving cube (l0 = left_join(), l1 = left_join(), l2 = union())
[    32.602][cube-solver-9][DEBUG] Solving cube (l0 = left_join(), l1 = left_join(), l2 = natural_join4())
[    32.611][cube-solver-9][DEBUG] Solving cube (l0 = left_join(), l1 = left_join(), l2 = intersect())
[    32.656][cube-solver-15][DEBUG] Solving cube (l0 = left_join(), l1 = left_join(), l2 = semi_join())
[    32.905][cube-solver-13][DEBUG] Solving cube (l0 = left_join(), l1 = left_join(), l2 = cross_join([1]))
[    32.976][cube-solver-5][DEBUG] Initialising process for 3 lines of code.
[    33.027][cube-solver-15][DEBUG] Solving cube (l0 = left_join(), l1 = union(), l2 = natural_join())
[    33.292][cube-solver-15][DEBUG] Solving cube (l0 = left_join(), l1 = union(), l2 = natural_join3())
[    33.420][cube-solver-1][DEBUG] Initialising process for 3 lines of code.
[    33.790][cube-solver-15][DEBUG] Solving cube (l0 = left_join(), l1 = union(), l2 = anti_join())
[    33.832][cube-solver-9][DEBUG] Solving cube (l0 = left_join(), l1 = union(), l2 = left_join())
[    34.036][cube-solver-0][DEBUG] Solving cube (l0 = left_join(), l1 = union(), l2 = union())
[    34.137][cube-solver-5][DEBUG] Solving cube (l0 = left_join(), l1 = left_join(), l2 = inner_join())
[    34.143][cube-solver-9][DEBUG] Solving cube (l0 = left_join(), l1 = union(), l2 = intersect())
[    34.329][cube-solver-0][DEBUG] Solving cube (l0 = left_join(), l1 = union(), l2 = semi_join())
[    34.582][cube-solver-1][DEBUG] Solving cube (l0 = left_join(), l1 = union(), l2 = natural_join4())
[    34.599][cube-solver-1][DEBUG] Solving cube (l0 = left_join(), l1 = union(), l2 = cross_join([1]))
[    34.624][cube-solver-0][DEBUG] Solving cube (l0 = left_join(), l1 = union(), l2 = inner_join())
[    35.464][cube-solver-15][DEBUG] Solving cube (l0 = left_join(), l1 = intersect(), l2 = natural_join())
[    35.574][cube-solver-9][DEBUG] Solving cube (l0 = left_join(), l1 = intersect(), l2 = natural_join3())
[    36.449][cube-solver-15][DEBUG] Solving cube (l0 = left_join(), l1 = intersect(), l2 = natural_join4())
[    36.456][cube-solver-15][DEBUG] Solving cube (l0 = left_join(), l1 = intersect(), l2 = anti_join())
[    37.412][cube-solver-9][DEBUG] Solving cube (l0 = left_join(), l1 = intersect(), l2 = left_join())
[    38.675][cube-solver-9][DEBUG] Solving cube (l0 = left_join(), l1 = intersect(), l2 = union())
[    39.879][cube-solver-9][DEBUG] Solving cube (l0 = left_join(), l1 = intersect(), l2 = intersect())
[    43.453][cube-solver-15][DEBUG] Solving cube (l0 = left_join(), l1 = intersect(), l2 = semi_join())
[    44.637][cube-solver-9][DEBUG] Solving cube (l0 = left_join(), l1 = intersect(), l2 = cross_join([1]))
[    44.721][cube-solver-15][DEBUG] Solving cube (l0 = left_join(), l1 = intersect(), l2 = inner_join())
[    48.321][cube-solver-0][DEBUG] Solving cube (l0 = left_join(), l1 = semi_join(), l2 = natural_join())
[    48.582][cube-solver-0][DEBUG] Solving cube (l0 = left_join(), l1 = semi_join(), l2 = natural_join3())
[    48.754][cube-solver-5][DEBUG] Solving cube (l0 = left_join(), l1 = semi_join(), l2 = natural_join4())
[    48.760][cube-solver-5][DEBUG] Solving cube (l0 = left_join(), l1 = semi_join(), l2 = anti_join())
[    49.074][cube-solver-0][DEBUG] Solving cube (l0 = left_join(), l1 = semi_join(), l2 = left_join())
[    49.406][cube-solver-0][DEBUG] Solving cube (l0 = left_join(), l1 = semi_join(), l2 = union())
[    49.715][cube-solver-0][DEBUG] Solving cube (l0 = left_join(), l1 = semi_join(), l2 = intersect())
[    50.461][cube-solver-5][DEBUG] Solving cube (l0 = left_join(), l1 = semi_join(), l2 = semi_join())
[    50.798][cube-solver-5][DEBUG] Solving cube (l0 = left_join(), l1 = semi_join(), l2 = cross_join([1]))
[    50.941][cube-solver-0][DEBUG] Solving cube (l0 = left_join(), l1 = semi_join(), l2 = inner_join())
[    65.395][cube-solver-0][DEBUG] Solving cube (l0 = left_join(), l1 = cross_join([1]), l2 = natural_join())
[    86.175][cube-solver-8][DEBUG] Solving cube (l0 = left_join(), l1 = cross_join([1]), l2 = natural_join3())
[   101.516][cube-solver-15][DEBUG] Solving cube (l0 = left_join(), l1 = cross_join([1]), l2 = natural_join4())
[   101.521][cube-solver-15][DEBUG] Solving cube (l0 = left_join(), l1 = cross_join([1]), l2 = anti_join())
[   105.677][cube-solver-3][DEBUG] Initialising process for 3 lines of code.
[   106.843][cube-solver-3][DEBUG] Solving cube (l0 = left_join(), l1 = cross_join([1]), l2 = left_join())
[   119.457][cube-solver-6][DEBUG] Initialising process for 3 lines of code.
[   120.958][cube-solver-6][DEBUG] Solving cube (l0 = left_join(), l1 = cross_join([1]), l2 = union())
[   129.649][cube-solver-2][DEBUG] Initialising process for 3 lines of code.
[   130.834][cube-solver-2][DEBUG] Solving cube (l0 = left_join(), l1 = cross_join([1]), l2 = intersect())
[   140.632][cube-solver-4][DEBUG] Solving cube (l0 = left_join(), l1 = cross_join([1]), l2 = semi_join())
[   240.720][cube-solver-1][DEBUG] Solving cube (l0 = left_join(), l1 = cross_join([1]), l2 = cross_join([1]))
[   241.993][cube-solver-0][DEBUG] Solving cube (l0 = left_join(), l1 = cross_join([1]), l2 = inner_join())
[   247.036][cube-solver-13][DEBUG] Solving cube (l0 = left_join(), l1 = inner_join(), l2 = natural_join())
[   258.636][cube-solver-13][DEBUG] Solving cube (l0 = left_join(), l1 = inner_join(), l2 = natural_join3())
[   263.816][cube-solver-5][DEBUG] Solving cube (l0 = left_join(), l1 = inner_join(), l2 = natural_join4())
[   263.821][cube-solver-5][DEBUG] Solving cube (l0 = left_join(), l1 = inner_join(), l2 = anti_join())
[   280.674][cube-solver-13][DEBUG] Solving cube (l0 = left_join(), l1 = inner_join(), l2 = left_join())
[   295.437][cube-solver-13][DEBUG] Solving cube (l0 = left_join(), l1 = inner_join(), l2 = union())
[   309.362][cube-solver-13][DEBUG] Solving cube (l0 = left_join(), l1 = inner_join(), l2 = intersect())
[   336.397][cube-solver-3][DEBUG] Solving cube (l0 = left_join(), l1 = inner_join(), l2 = semi_join())
[   336.959][cube-solver-6][DEBUG] Solving cube (l0 = left_join(), l1 = inner_join(), l2 = cross_join([1]))
[   345.699][cube-solver-5][DEBUG] Solving cube (l0 = left_join(), l1 = inner_join(), l2 = inner_join())
[   351.086][cube-solver-3][DEBUG] Solving cube (l0 = union(), l1 = natural_join(), l2 = anti_join())
[   351.091][cube-solver-3][DEBUG] Solving cube (l0 = union(), l1 = natural_join(), l2 = left_join())
[   351.263][cube-solver-3][DEBUG] Solving cube (l0 = union(), l1 = natural_join(), l2 = union())
[   351.422][cube-solver-3][DEBUG] Solving cube (l0 = union(), l1 = natural_join(), l2 = intersect())
[   352.328][cube-solver-3][DEBUG] Solving cube (l0 = union(), l1 = natural_join(), l2 = semi_join())
[   352.499][cube-solver-3][DEBUG] Solving cube (l0 = union(), l1 = natural_join(), l2 = cross_join([1]))
[   366.894][cube-solver-4][DEBUG] Solving cube (l0 = union(), l1 = natural_join(), l2 = inner_join())
[   370.768][cube-solver-13][DEBUG] Solving cube (l0 = union(), l1 = natural_join(), l2 = natural_join())
[   370.900][cube-solver-13][DEBUG] Solving cube (l0 = union(), l1 = natural_join(), l2 = natural_join3())
[   370.904][cube-solver-13][DEBUG] Solving cube (l0 = union(), l1 = natural_join(), l2 = natural_join4())
[   370.908][cube-solver-13][DEBUG] Solving cube (l0 = union(), l1 = natural_join3(), l2 = anti_join())
[   370.913][cube-solver-13][DEBUG] Solving cube (l0 = union(), l1 = natural_join3(), l2 = left_join())
[   370.917][cube-solver-13][DEBUG] Solving cube (l0 = union(), l1 = natural_join3(), l2 = union())
[   370.921][cube-solver-13][DEBUG] Solving cube (l0 = union(), l1 = natural_join3(), l2 = intersect())
[   370.925][cube-solver-13][DEBUG] Solving cube (l0 = union(), l1 = natural_join3(), l2 = semi_join())
[   370.929][cube-solver-13][DEBUG] Solving cube (l0 = union(), l1 = natural_join3(), l2 = cross_join([1]))
[   370.935][cube-solver-13][DEBUG] Solving cube (l0 = union(), l1 = natural_join3(), l2 = inner_join())
[   370.939][cube-solver-13][DEBUG] Solving cube (l0 = union(), l1 = natural_join3(), l2 = natural_join())
[   370.942][cube-solver-13][DEBUG] Solving cube (l0 = union(), l1 = natural_join3(), l2 = natural_join3())
[   370.946][cube-solver-13][DEBUG] Solving cube (l0 = union(), l1 = natural_join3(), l2 = natural_join4())
[   370.949][cube-solver-13][DEBUG] Solving cube (l0 = union(), l1 = natural_join4(), l2 = anti_join())
[   370.953][cube-solver-13][DEBUG] Solving cube (l0 = union(), l1 = natural_join4(), l2 = left_join())
[   370.957][cube-solver-13][DEBUG] Solving cube (l0 = union(), l1 = natural_join4(), l2 = union())
[   370.960][cube-solver-13][DEBUG] Solving cube (l0 = union(), l1 = natural_join4(), l2 = intersect())
[   370.964][cube-solver-13][DEBUG] Solving cube (l0 = union(), l1 = natural_join4(), l2 = semi_join())
[   370.968][cube-solver-13][DEBUG] Solving cube (l0 = union(), l1 = natural_join4(), l2 = cross_join([1]))
[   370.972][cube-solver-13][DEBUG] Solving cube (l0 = union(), l1 = natural_join4(), l2 = inner_join())
[   370.976][cube-solver-13][DEBUG] Solving cube (l0 = union(), l1 = natural_join4(), l2 = natural_join())
[   370.980][cube-solver-13][DEBUG] Solving cube (l0 = union(), l1 = natural_join4(), l2 = natural_join3())
[   370.983][cube-solver-13][DEBUG] Solving cube (l0 = union(), l1 = natural_join4(), l2 = natural_join4())
[   370.987][cube-solver-13][DEBUG] Solving cube (l0 = union(), l1 = anti_join(), l2 = natural_join())
[   371.854][cube-solver-13][DEBUG] Solving cube (l0 = union(), l1 = anti_join(), l2 = natural_join3())
[   371.858][cube-solver-13][DEBUG] Solving cube (l0 = union(), l1 = anti_join(), l2 = natural_join4())
[   371.864][cube-solver-13][DEBUG] Solving cube (l0 = union(), l1 = anti_join(), l2 = anti_join())
[   371.868][cube-solver-13][DEBUG] Solving cube (l0 = union(), l1 = anti_join(), l2 = left_join())
[   372.997][cube-solver-13][DEBUG] Solving cube (l0 = union(), l1 = anti_join(), l2 = union())
[   374.031][cube-solver-13][DEBUG] Solving cube (l0 = union(), l1 = anti_join(), l2 = intersect())
[   374.627][cube-solver-4][DEBUG] Solving cube (l0 = union(), l1 = anti_join(), l2 = semi_join())
[   375.754][cube-solver-4][DEBUG] Solving cube (l0 = union(), l1 = anti_join(), l2 = cross_join([1]))
[   378.871][cube-solver-13][DEBUG] Solving cube (l0 = union(), l1 = anti_join(), l2 = inner_join())
[   423.963][cube-solver-8][DEBUG] Solving cube (l0 = union(), l1 = left_join(), l2 = natural_join())
[   424.205][cube-solver-8][DEBUG] Solving cube (l0 = union(), l1 = left_join(), l2 = natural_join3())
[   424.672][cube-solver-8][DEBUG] Solving cube (l0 = union(), l1 = left_join(), l2 = natural_join4())
[   424.680][cube-solver-8][DEBUG] Solving cube (l0 = union(), l1 = left_join(), l2 = anti_join())
[   426.287][cube-solver-8][DEBUG] Solving cube (l0 = union(), l1 = left_join(), l2 = left_join())
[   426.586][cube-solver-8][DEBUG] Solving cube (l0 = union(), l1 = left_join(), l2 = union())
[   426.861][cube-solver-8][DEBUG] Solving cube (l0 = union(), l1 = left_join(), l2 = intersect())
[   428.225][cube-solver-8][DEBUG] Solving cube (l0 = union(), l1 = left_join(), l2 = semi_join())
[   428.516][cube-solver-8][DEBUG] Solving cube (l0 = union(), l1 = left_join(), l2 = cross_join([1]))
[   429.442][cube-solver-13][DEBUG] Solving cube (l0 = union(), l1 = left_join(), l2 = inner_join())
[   442.481][cube-solver-13][DEBUG] Solving cube (l0 = union(), l1 = union(), l2 = natural_join())
[   442.711][cube-solver-13][DEBUG] Solving cube (l0 = union(), l1 = union(), l2 = natural_join3())
[   443.117][cube-solver-13][DEBUG] Solving cube (l0 = union(), l1 = union(), l2 = natural_join4())
[   443.122][cube-solver-13][DEBUG] Solving cube (l0 = union(), l1 = union(), l2 = anti_join())
[   444.561][cube-solver-13][DEBUG] Solving cube (l0 = union(), l1 = union(), l2 = left_join())
[   444.825][cube-solver-13][DEBUG] Solving cube (l0 = union(), l1 = union(), l2 = union())
[   445.065][cube-solver-13][DEBUG] Solving cube (l0 = union(), l1 = union(), l2 = intersect())
[   446.377][cube-solver-13][DEBUG] Solving cube (l0 = union(), l1 = union(), l2 = semi_join())
[   446.638][cube-solver-13][DEBUG] Solving cube (l0 = union(), l1 = union(), l2 = cross_join([1]))
[   469.278][cube-solver-3][DEBUG] Solving cube (l0 = union(), l1 = union(), l2 = inner_join())
[   481.265][cube-solver-3][DEBUG] Solving cube (l0 = union(), l1 = intersect(), l2 = natural_join())
[   482.277][cube-solver-3][DEBUG] Solving cube (l0 = union(), l1 = intersect(), l2 = natural_join3())
[   484.057][cube-solver-3][DEBUG] Solving cube (l0 = union(), l1 = intersect(), l2 = natural_join4())
[   484.064][cube-solver-3][DEBUG] Solving cube (l0 = union(), l1 = intersect(), l2 = anti_join())
[   491.145][cube-solver-3][DEBUG] Solving cube (l0 = union(), l1 = intersect(), l2 = left_join())
[   492.422][cube-solver-3][DEBUG] Solving cube (l0 = union(), l1 = intersect(), l2 = union())
[   493.672][cube-solver-3][DEBUG] Solving cube (l0 = union(), l1 = intersect(), l2 = intersect())
[   498.151][cube-solver-3][DEBUG] Solving cube (l0 = union(), l1 = intersect(), l2 = semi_join())
[   499.362][cube-solver-3][DEBUG] Solving cube (l0 = union(), l1 = intersect(), l2 = cross_join([1]))
[   599.986][MainProcess][INFO] Statistics:
[   599.987][MainProcess][INFO] 	Generated cubes: 679
[   599.987][MainProcess][INFO] 	Attempted programs: 145550
[   599.987][MainProcess][INFO] 		Rejected: 133741
[   599.987][MainProcess][INFO] 		Failed: 11809
[   599.987][MainProcess][INFO] 	Blacklist clauses: 1
[   599.987][MainProcess][DEBUG] Printing statistics for good programs of size 2
[   600.084][MainProcess][DEBUG] 	0: Counter({'cross_join': 121902, 'inner_join': 120367})
[   600.133][MainProcess][DEBUG] 	1: Counter({'cross_join': 121394, 'inner_join': 120875})
[   600.133][MainProcess][DEBUG] Printing statistics for good programs of size 3
[   600.158][MainProcess][DEBUG] 	0: Counter({'left_join': 120244})
[   600.182][MainProcess][DEBUG] 	1: Counter({'cross_join': 69743, 'inner_join': 50501})
[   600.207][MainProcess][DEBUG] 	2: Counter({'inner_join': 60209, 'cross_join': 60035})

No solution found
