[     1.573][MainProcess][INFO] Parsing specification...
[     1.591][MainProcess][DEBUG] Reading input files...
[     1.619][MainProcess][INFO] Inferred data types for table tests-examples/scythe/recent_posts/tables/027.csv: ['datetime64[ns]', 'int64', 'int64']
[     1.628][MainProcess][INFO] Inferred data types for table tests-examples/scythe/recent_posts/tables/027_o.csv: ['int64', 'int64', 'datetime64[ns]', 'int64']
[     1.662][MainProcess][DEBUG] Generating DSL...
[     1.674][MainProcess][INFO] Creating 16 processes
[     1.748][cube-solver-0][DEBUG] Initialising process for 1 lines of code.
[     1.748][cube-solver-2][DEBUG] Initialising process for 1 lines of code.
[     1.748][cube-solver-7][DEBUG] Initialising process for 1 lines of code.
[     1.748][MainProcess][DEBUG] Increasing generator loc to 2
[     1.748][cube-solver-6][DEBUG] Initialising process for 1 lines of code.
[     1.748][cube-solver-3][DEBUG] Initialising process for 1 lines of code.
[     1.748][cube-solver-8][DEBUG] Initialising process for 1 lines of code.
[     1.748][cube-solver-4][DEBUG] Initialising process for 1 lines of code.
[     1.748][cube-solver-5][DEBUG] Initialising process for 1 lines of code.
[     1.748][cube-solver-1][DEBUG] Initialising process for 1 lines of code.
[     1.756][cube-solver-9][DEBUG] Initialising process for 1 lines of code.
[     1.762][cube-solver-11][DEBUG] Initialising process for 2 lines of code.
[     1.767][cube-solver-10][DEBUG] Initialising process for 2 lines of code.
[     1.769][cube-solver-13][DEBUG] Initialising process for 2 lines of code.
[     1.776][cube-solver-12][DEBUG] Initialising process for 2 lines of code.
[     1.788][cube-solver-14][DEBUG] Initialising process for 2 lines of code.
[     1.790][cube-solver-15][DEBUG] Initialising process for 2 lines of code.
[     1.798][cube-solver-8][DEBUG] Solving cube (l0 = cross_join(),)
[     1.805][cube-solver-8][DEBUG] Initialising process for 2 lines of code.
[     1.806][cube-solver-9][DEBUG] Solving cube (l0 = inner_join(),)
[     1.824][cube-solver-6][DEBUG] Solving cube (l0 = intersect(),)
[     1.833][cube-solver-7][DEBUG] Solving cube (l0 = semi_join(),)
[     1.834][cube-solver-2][DEBUG] Solving cube (l0 = natural_join4(),)
[     1.834][cube-solver-0][DEBUG] Solving cube (l0 = natural_join(),)
[     1.835][cube-solver-2][DEBUG] Initialising process for 2 lines of code.
[     1.835][cube-solver-0][DEBUG] Initialising process for 2 lines of code.
[     1.836][cube-solver-5][DEBUG] Solving cube (l0 = union(),)
[     1.836][cube-solver-4][DEBUG] Solving cube (l0 = left_join(),)
[     1.837][cube-solver-1][DEBUG] Solving cube (l0 = natural_join3(),)
[     1.838][cube-solver-3][DEBUG] Solving cube (l0 = anti_join(),)
[     1.838][cube-solver-1][DEBUG] Initialising process for 2 lines of code.
[     1.840][cube-solver-3][DEBUG] Initialising process for 2 lines of code.
[     1.848][cube-solver-5][DEBUG] Initialising process for 2 lines of code.
[     1.851][cube-solver-7][DEBUG] Initialising process for 2 lines of code.
[     1.855][cube-solver-4][DEBUG] Initialising process for 2 lines of code.
[     1.858][cube-solver-11][DEBUG] Solving cube (l0 = natural_join(), l1 = left_join())
[     1.861][cube-solver-11][DEBUG] Solving cube (l0 = natural_join3(), l1 = semi_join())
[     1.863][cube-solver-11][DEBUG] Solving cube (l0 = natural_join3(), l1 = cross_join([1]))
[     1.865][cube-solver-11][DEBUG] Solving cube (l0 = natural_join3(), l1 = inner_join())
[     1.866][cube-solver-11][DEBUG] Solving cube (l0 = natural_join3(), l1 = natural_join())
[     1.868][cube-solver-11][DEBUG] Solving cube (l0 = natural_join3(), l1 = natural_join3())
[     1.869][cube-solver-11][DEBUG] Solving cube (l0 = natural_join3(), l1 = natural_join4())
[     1.871][cube-solver-11][DEBUG] Solving cube (l0 = natural_join4(), l1 = anti_join())
[     1.873][cube-solver-11][DEBUG] Solving cube (l0 = natural_join4(), l1 = left_join())
[     1.874][cube-solver-11][DEBUG] Solving cube (l0 = natural_join4(), l1 = union())
[     1.876][cube-solver-11][DEBUG] Solving cube (l0 = natural_join4(), l1 = intersect())
[     1.877][cube-solver-11][DEBUG] Solving cube (l0 = natural_join4(), l1 = semi_join())
[     1.879][cube-solver-11][DEBUG] Solving cube (l0 = natural_join4(), l1 = cross_join([1]))
[     1.881][cube-solver-11][DEBUG] Solving cube (l0 = natural_join4(), l1 = inner_join())
[     1.882][cube-solver-6][DEBUG] Initialising process for 2 lines of code.
[     1.883][cube-solver-11][DEBUG] Solving cube (l0 = natural_join4(), l1 = natural_join3())
[     1.884][cube-solver-11][DEBUG] Solving cube (l0 = natural_join4(), l1 = natural_join4())
[     1.886][cube-solver-11][DEBUG] Solving cube (l0 = anti_join(), l1 = natural_join())
[     1.887][cube-solver-11][DEBUG] Solving cube (l0 = anti_join(), l1 = natural_join3())
[     1.889][cube-solver-11][DEBUG] Solving cube (l0 = anti_join(), l1 = natural_join4())
[     1.890][cube-solver-11][DEBUG] Solving cube (l0 = anti_join(), l1 = anti_join())
[     1.892][cube-solver-11][DEBUG] Solving cube (l0 = anti_join(), l1 = left_join())
[     1.893][cube-solver-11][DEBUG] Solving cube (l0 = anti_join(), l1 = union())
[     1.895][cube-solver-11][DEBUG] Solving cube (l0 = anti_join(), l1 = intersect())
[     1.896][cube-solver-11][DEBUG] Solving cube (l0 = anti_join(), l1 = semi_join())
[     1.898][cube-solver-11][DEBUG] Solving cube (l0 = anti_join(), l1 = cross_join([1]))
[     1.900][cube-solver-11][DEBUG] Solving cube (l0 = anti_join(), l1 = inner_join())
[     1.902][cube-solver-11][DEBUG] Solving cube (l0 = left_join(), l1 = natural_join())
[     1.908][cube-solver-13][DEBUG] Solving cube (l0 = natural_join(), l1 = intersect())
[     1.910][cube-solver-13][DEBUG] Solving cube (l0 = left_join(), l1 = natural_join3())
[     1.912][cube-solver-13][DEBUG] Solving cube (l0 = left_join(), l1 = natural_join4())
[     1.914][cube-solver-13][DEBUG] Solving cube (l0 = left_join(), l1 = anti_join())
[     1.918][cube-solver-8][DEBUG] Solving cube (l0 = natural_join(), l1 = inner_join())
[     1.919][cube-solver-8][DEBUG] Solving cube (l0 = left_join(), l1 = left_join())
[     1.931][cube-solver-10][DEBUG] Solving cube (l0 = natural_join(), l1 = anti_join())
[     1.934][cube-solver-10][DEBUG] Solving cube (l0 = left_join(), l1 = union())
[     1.947][cube-solver-11][DEBUG] Solving cube (l0 = left_join(), l1 = intersect())
[     1.979][cube-solver-8][DEBUG] Solving cube (l0 = left_join(), l1 = semi_join())
[     1.983][cube-solver-12][DEBUG] Solving cube (l0 = natural_join(), l1 = union())
[     1.987][cube-solver-14][DEBUG] Solving cube (l0 = natural_join(), l1 = semi_join())
[     1.988][cube-solver-12][DEBUG] Solving cube (l0 = left_join(), l1 = cross_join([1]))
[     1.989][cube-solver-14][DEBUG] Solving cube (l0 = left_join(), l1 = inner_join())
[     1.989][cube-solver-15][DEBUG] Solving cube (l0 = natural_join(), l1 = cross_join([1]))
[     1.994][cube-solver-15][DEBUG] Solving cube (l0 = union(), l1 = natural_join())
[     1.996][cube-solver-10][DEBUG] Solving cube (l0 = union(), l1 = natural_join3())
[     1.998][cube-solver-10][DEBUG] Solving cube (l0 = union(), l1 = natural_join4())
[     2.000][cube-solver-10][DEBUG] Solving cube (l0 = union(), l1 = anti_join())
[     2.014][cube-solver-3][DEBUG] Solving cube (l0 = natural_join3(), l1 = anti_join())
[     2.018][cube-solver-5][DEBUG] Solving cube (l0 = natural_join3(), l1 = left_join())
[     2.018][cube-solver-3][DEBUG] Solving cube (l0 = union(), l1 = left_join())
[     2.021][cube-solver-5][DEBUG] Solving cube (l0 = union(), l1 = union())
[     2.024][cube-solver-12][DEBUG] Solving cube (l0 = union(), l1 = intersect())
[     2.025][cube-solver-15][DEBUG] Solving cube (l0 = union(), l1 = semi_join())
[     2.029][cube-solver-0][DEBUG] Solving cube (l0 = natural_join(), l1 = natural_join3())
[     2.029][cube-solver-2][DEBUG] Solving cube (l0 = natural_join(), l1 = natural_join())
[     2.031][cube-solver-0][DEBUG] Solving cube (l0 = union(), l1 = cross_join([1]))
[     2.032][cube-solver-1][DEBUG] Solving cube (l0 = natural_join(), l1 = natural_join4())
[     2.033][cube-solver-2][DEBUG] Solving cube (l0 = union(), l1 = inner_join())
[     2.035][cube-solver-1][DEBUG] Solving cube (l0 = intersect(), l1 = natural_join())
[     2.036][cube-solver-8][DEBUG] Solving cube (l0 = intersect(), l1 = natural_join3())
[     2.037][cube-solver-8][DEBUG] Solving cube (l0 = intersect(), l1 = natural_join4())
[     2.038][cube-solver-7][DEBUG] Solving cube (l0 = natural_join3(), l1 = union())
[     2.038][cube-solver-8][DEBUG] Solving cube (l0 = intersect(), l1 = anti_join())
[     2.040][cube-solver-7][DEBUG] Solving cube (l0 = intersect(), l1 = left_join())
[     2.045][cube-solver-4][DEBUG] Solving cube (l0 = natural_join3(), l1 = intersect())
[     2.047][cube-solver-4][DEBUG] Solving cube (l0 = intersect(), l1 = union())
[     2.061][cube-solver-5][DEBUG] Solving cube (l0 = intersect(), l1 = intersect())
[     2.062][cube-solver-0][DEBUG] Solving cube (l0 = intersect(), l1 = semi_join())
[     2.064][cube-solver-3][DEBUG] Solving cube (l0 = intersect(), l1 = cross_join([1]))
[     2.066][cube-solver-15][DEBUG] Solving cube (l0 = intersect(), l1 = inner_join())
[     2.071][cube-solver-6][DEBUG] Solving cube (l0 = natural_join4(), l1 = natural_join())
[     2.074][cube-solver-6][DEBUG] Solving cube (l0 = semi_join(), l1 = natural_join())
[     2.123][cube-solver-6][DEBUG] Solving cube (l0 = semi_join(), l1 = natural_join3())
[     2.126][cube-solver-6][DEBUG] Solving cube (l0 = semi_join(), l1 = natural_join4())
[     2.128][cube-solver-6][DEBUG] Solving cube (l0 = semi_join(), l1 = anti_join())
[     2.140][cube-solver-10][DEBUG] Solving cube (l0 = semi_join(), l1 = left_join())
[     2.149][cube-solver-13][DEBUG] Solving cube (l0 = semi_join(), l1 = union())
[     2.210][cube-solver-13][DEBUG] Solving cube (l0 = semi_join(), l1 = intersect())
[     2.210][cube-solver-10][DEBUG] Solving cube (l0 = semi_join(), l1 = semi_join())
[     2.236][cube-solver-1][DEBUG] Solving cube (l0 = semi_join(), l1 = cross_join([1]))
[     2.260][cube-solver-11][DEBUG] Solving cube (l0 = semi_join(), l1 = inner_join())
[     2.271][cube-solver-10][DEBUG] Solving cube (l0 = cross_join([1]), l1 = natural_join())
[     2.274][cube-solver-10][DEBUG] Solving cube (l0 = cross_join([1]), l1 = natural_join3())
[     2.276][cube-solver-7][DEBUG] Solving cube (l0 = cross_join([1]), l1 = natural_join4())
[     2.277][cube-solver-10][DEBUG] Solving cube (l0 = cross_join([1]), l1 = anti_join())
[     2.278][cube-solver-7][DEBUG] Solving cube (l0 = cross_join([1]), l1 = left_join())
[     2.280][cube-solver-10][DEBUG] Solving cube (l0 = cross_join([1]), l1 = union())
[     2.280][cube-solver-7][DEBUG] Solving cube (l0 = cross_join([1]), l1 = intersect())
[     2.282][cube-solver-0][DEBUG] Solving cube (l0 = cross_join([1]), l1 = semi_join())
[     2.282][cube-solver-7][DEBUG] Solving cube (l0 = cross_join([1]), l1 = cross_join([1]))
[     2.282][cube-solver-10][DEBUG] Solving cube (l0 = cross_join([1]), l1 = inner_join())
[     2.284][cube-solver-0][DEBUG] Solving cube (l0 = inner_join(), l1 = natural_join3())
[     2.284][cube-solver-1][DEBUG] Solving cube (l0 = inner_join(), l1 = natural_join())
[     2.284][cube-solver-7][DEBUG] Solving cube (l0 = inner_join(), l1 = natural_join4())
[     2.285][cube-solver-0][DEBUG] Solving cube (l0 = inner_join(), l1 = left_join())
[     2.285][cube-solver-10][DEBUG] Solving cube (l0 = inner_join(), l1 = anti_join())
[     2.286][cube-solver-7][DEBUG] Solving cube (l0 = inner_join(), l1 = union())
[     2.345][cube-solver-3][DEBUG] Solving cube (l0 = inner_join(), l1 = intersect())
[     2.354][cube-solver-4][DEBUG] Solving cube (l0 = inner_join(), l1 = semi_join())
[     2.378][cube-solver-6][DEBUG] Solving cube (l0 = inner_join(), l1 = cross_join([1]))
[     2.461][cube-solver-12][DEBUG] Solving cube (l0 = inner_join(), l1 = inner_join())
[     2.478][MainProcess][DEBUG] Increasing generator loc to 3
[     2.479][cube-solver-13][DEBUG] Initialising process for 3 lines of code.
[     2.742][cube-solver-8][DEBUG] Initialising process for 3 lines of code.
[     2.836][cube-solver-13][DEBUG] Solving cube (l0 = natural_join(), l1 = anti_join(), l2 = natural_join())
[     2.839][cube-solver-13][DEBUG] Solving cube (l0 = natural_join(), l1 = anti_join(), l2 = natural_join4())
[     2.841][cube-solver-13][DEBUG] Solving cube (l0 = natural_join(), l1 = anti_join(), l2 = anti_join())
[     2.844][cube-solver-13][DEBUG] Solving cube (l0 = natural_join(), l1 = anti_join(), l2 = left_join())
[     2.846][cube-solver-13][DEBUG] Solving cube (l0 = natural_join(), l1 = anti_join(), l2 = union())
[     2.848][cube-solver-13][DEBUG] Solving cube (l0 = natural_join(), l1 = anti_join(), l2 = intersect())
[     2.850][cube-solver-13][DEBUG] Solving cube (l0 = natural_join(), l1 = anti_join(), l2 = semi_join())
[     2.852][cube-solver-13][DEBUG] Solving cube (l0 = natural_join(), l1 = anti_join(), l2 = cross_join([1]))
[     2.855][cube-solver-13][DEBUG] Solving cube (l0 = natural_join(), l1 = anti_join(), l2 = inner_join())
[     2.858][cube-solver-13][DEBUG] Solving cube (l0 = natural_join(), l1 = left_join(), l2 = natural_join())
[     2.859][cube-solver-13][DEBUG] Solving cube (l0 = natural_join(), l1 = left_join(), l2 = natural_join3())
[     2.861][cube-solver-13][DEBUG] Solving cube (l0 = natural_join(), l1 = left_join(), l2 = natural_join4())
[     2.863][cube-solver-13][DEBUG] Solving cube (l0 = natural_join(), l1 = left_join(), l2 = anti_join())
[     2.865][cube-solver-13][DEBUG] Solving cube (l0 = natural_join(), l1 = left_join(), l2 = left_join())
[     2.867][cube-solver-13][DEBUG] Solving cube (l0 = natural_join(), l1 = left_join(), l2 = union())
[     2.869][cube-solver-13][DEBUG] Solving cube (l0 = natural_join(), l1 = left_join(), l2 = intersect())
[     2.871][cube-solver-13][DEBUG] Solving cube (l0 = natural_join(), l1 = left_join(), l2 = semi_join())
[     2.873][cube-solver-13][DEBUG] Solving cube (l0 = natural_join(), l1 = left_join(), l2 = cross_join([1]))
[     2.876][cube-solver-13][DEBUG] Solving cube (l0 = natural_join(), l1 = left_join(), l2 = inner_join())
[     2.878][cube-solver-13][DEBUG] Solving cube (l0 = natural_join(), l1 = union(), l2 = natural_join())
[     2.880][cube-solver-13][DEBUG] Solving cube (l0 = natural_join(), l1 = union(), l2 = natural_join3())
[     2.883][cube-solver-13][DEBUG] Solving cube (l0 = natural_join(), l1 = union(), l2 = natural_join4())
[     2.885][cube-solver-13][DEBUG] Solving cube (l0 = natural_join(), l1 = union(), l2 = anti_join())
[     2.887][cube-solver-13][DEBUG] Solving cube (l0 = natural_join(), l1 = union(), l2 = left_join())
[     2.889][cube-solver-13][DEBUG] Solving cube (l0 = natural_join(), l1 = union(), l2 = union())
[     2.891][cube-solver-13][DEBUG] Solving cube (l0 = natural_join(), l1 = union(), l2 = intersect())
[     2.893][cube-solver-13][DEBUG] Solving cube (l0 = natural_join(), l1 = union(), l2 = semi_join())
[     2.895][cube-solver-13][DEBUG] Solving cube (l0 = natural_join(), l1 = union(), l2 = cross_join([1]))
[     2.898][cube-solver-13][DEBUG] Solving cube (l0 = natural_join(), l1 = union(), l2 = inner_join())
[     2.900][cube-solver-13][DEBUG] Solving cube (l0 = natural_join(), l1 = intersect(), l2 = natural_join())
[     2.902][cube-solver-13][DEBUG] Solving cube (l0 = natural_join(), l1 = intersect(), l2 = natural_join3())
[     2.904][cube-solver-13][DEBUG] Solving cube (l0 = natural_join(), l1 = intersect(), l2 = natural_join4())
[     2.906][cube-solver-13][DEBUG] Solving cube (l0 = natural_join(), l1 = intersect(), l2 = anti_join())
[     2.908][cube-solver-13][DEBUG] Solving cube (l0 = natural_join(), l1 = intersect(), l2 = left_join())
[     2.910][cube-solver-13][DEBUG] Solving cube (l0 = natural_join(), l1 = intersect(), l2 = union())
[     2.912][cube-solver-13][DEBUG] Solving cube (l0 = natural_join(), l1 = intersect(), l2 = intersect())
[     2.914][cube-solver-13][DEBUG] Solving cube (l0 = natural_join(), l1 = intersect(), l2 = semi_join())
[     2.916][cube-solver-13][DEBUG] Solving cube (l0 = natural_join(), l1 = intersect(), l2 = cross_join([1]))
[     2.919][cube-solver-13][DEBUG] Solving cube (l0 = natural_join(), l1 = intersect(), l2 = inner_join())
[     2.921][cube-solver-13][DEBUG] Solving cube (l0 = natural_join(), l1 = semi_join(), l2 = natural_join())
[     2.923][cube-solver-13][DEBUG] Solving cube (l0 = natural_join(), l1 = semi_join(), l2 = natural_join3())
[     2.925][cube-solver-13][DEBUG] Solving cube (l0 = natural_join(), l1 = semi_join(), l2 = natural_join4())
[     2.927][cube-solver-13][DEBUG] Solving cube (l0 = natural_join(), l1 = semi_join(), l2 = anti_join())
[     2.929][cube-solver-13][DEBUG] Solving cube (l0 = natural_join(), l1 = semi_join(), l2 = left_join())
[     2.931][cube-solver-13][DEBUG] Solving cube (l0 = natural_join(), l1 = semi_join(), l2 = union())
[     2.933][cube-solver-13][DEBUG] Solving cube (l0 = natural_join(), l1 = semi_join(), l2 = intersect())
[     2.935][cube-solver-13][DEBUG] Solving cube (l0 = natural_join(), l1 = semi_join(), l2 = semi_join())
[     2.937][cube-solver-13][DEBUG] Solving cube (l0 = natural_join(), l1 = semi_join(), l2 = cross_join([1]))
[     2.940][cube-solver-13][DEBUG] Solving cube (l0 = natural_join(), l1 = semi_join(), l2 = inner_join())
[     2.942][cube-solver-13][DEBUG] Solving cube (l0 = natural_join(), l1 = cross_join([1]), l2 = natural_join())
[     2.945][cube-solver-13][DEBUG] Solving cube (l0 = natural_join(), l1 = cross_join([1]), l2 = natural_join3())
[     2.948][cube-solver-13][DEBUG] Solving cube (l0 = natural_join(), l1 = cross_join([1]), l2 = natural_join4())
[     2.951][cube-solver-13][DEBUG] Solving cube (l0 = natural_join(), l1 = cross_join([1]), l2 = anti_join())
[     2.954][cube-solver-13][DEBUG] Solving cube (l0 = natural_join(), l1 = cross_join([1]), l2 = left_join())
[     2.957][cube-solver-13][DEBUG] Solving cube (l0 = natural_join(), l1 = cross_join([1]), l2 = union())
[     2.960][cube-solver-13][DEBUG] Solving cube (l0 = natural_join(), l1 = cross_join([1]), l2 = intersect())
[     2.963][cube-solver-13][DEBUG] Solving cube (l0 = natural_join(), l1 = cross_join([1]), l2 = semi_join())
[     2.966][cube-solver-13][DEBUG] Solving cube (l0 = natural_join(), l1 = cross_join([1]), l2 = cross_join([1]))
[     2.970][cube-solver-13][DEBUG] Solving cube (l0 = natural_join(), l1 = cross_join([1]), l2 = inner_join())
[     2.973][cube-solver-13][DEBUG] Solving cube (l0 = natural_join(), l1 = inner_join(), l2 = natural_join())
[     2.975][cube-solver-13][DEBUG] Solving cube (l0 = natural_join(), l1 = inner_join(), l2 = natural_join3())
[     2.977][cube-solver-13][DEBUG] Solving cube (l0 = natural_join(), l1 = inner_join(), l2 = natural_join4())
[     2.979][cube-solver-13][DEBUG] Solving cube (l0 = natural_join(), l1 = inner_join(), l2 = anti_join())
[     2.981][cube-solver-13][DEBUG] Solving cube (l0 = natural_join(), l1 = inner_join(), l2 = left_join())
[     2.983][cube-solver-13][DEBUG] Solving cube (l0 = natural_join(), l1 = inner_join(), l2 = union())
[     2.985][cube-solver-13][DEBUG] Solving cube (l0 = natural_join(), l1 = inner_join(), l2 = intersect())
[     2.987][cube-solver-13][DEBUG] Solving cube (l0 = natural_join(), l1 = inner_join(), l2 = semi_join())
[     2.989][cube-solver-13][DEBUG] Solving cube (l0 = natural_join(), l1 = inner_join(), l2 = cross_join([1]))
[     2.992][cube-solver-13][DEBUG] Solving cube (l0 = natural_join(), l1 = inner_join(), l2 = inner_join())
[     2.994][cube-solver-13][DEBUG] Solving cube (l0 = natural_join(), l1 = natural_join(), l2 = anti_join())
[     2.995][cube-solver-6][DEBUG] Initialising process for 3 lines of code.
[     2.996][cube-solver-13][DEBUG] Solving cube (l0 = natural_join(), l1 = natural_join(), l2 = union())
[     2.998][cube-solver-13][DEBUG] Solving cube (l0 = natural_join(), l1 = natural_join(), l2 = intersect())
[     3.001][cube-solver-13][DEBUG] Solving cube (l0 = natural_join(), l1 = natural_join(), l2 = semi_join())
[     3.003][cube-solver-13][DEBUG] Solving cube (l0 = natural_join(), l1 = natural_join(), l2 = cross_join([1]))
[     3.006][cube-solver-13][DEBUG] Solving cube (l0 = natural_join(), l1 = natural_join(), l2 = inner_join())
[     3.008][cube-solver-13][DEBUG] Solving cube (l0 = natural_join(), l1 = natural_join(), l2 = natural_join())
[     3.010][cube-solver-13][DEBUG] Solving cube (l0 = natural_join(), l1 = natural_join(), l2 = natural_join3())
[     3.012][cube-solver-13][DEBUG] Solving cube (l0 = natural_join(), l1 = natural_join(), l2 = natural_join4())
[     3.014][cube-solver-13][DEBUG] Solving cube (l0 = natural_join(), l1 = natural_join3(), l2 = anti_join())
[     3.016][cube-solver-13][DEBUG] Solving cube (l0 = natural_join(), l1 = natural_join3(), l2 = left_join())
[     3.018][cube-solver-13][DEBUG] Solving cube (l0 = natural_join(), l1 = natural_join3(), l2 = union())
[     3.020][cube-solver-13][DEBUG] Solving cube (l0 = natural_join(), l1 = natural_join3(), l2 = intersect())
[     3.022][cube-solver-13][DEBUG] Solving cube (l0 = natural_join(), l1 = natural_join3(), l2 = semi_join())
[     3.024][cube-solver-13][DEBUG] Solving cube (l0 = natural_join(), l1 = natural_join3(), l2 = cross_join([1]))
[     3.027][cube-solver-13][DEBUG] Solving cube (l0 = natural_join(), l1 = natural_join3(), l2 = inner_join())
[     3.029][cube-solver-13][DEBUG] Solving cube (l0 = natural_join(), l1 = natural_join3(), l2 = natural_join())
[     3.031][cube-solver-13][DEBUG] Solving cube (l0 = natural_join(), l1 = natural_join3(), l2 = natural_join3())
[     3.033][cube-solver-13][DEBUG] Solving cube (l0 = natural_join(), l1 = natural_join3(), l2 = natural_join4())
[     3.035][cube-solver-13][DEBUG] Solving cube (l0 = natural_join(), l1 = natural_join4(), l2 = anti_join())
[     3.037][cube-solver-13][DEBUG] Solving cube (l0 = natural_join(), l1 = natural_join4(), l2 = left_join())
[     3.039][cube-solver-13][DEBUG] Solving cube (l0 = natural_join(), l1 = natural_join4(), l2 = union())
[     3.041][cube-solver-13][DEBUG] Solving cube (l0 = natural_join(), l1 = natural_join4(), l2 = intersect())
[     3.043][cube-solver-13][DEBUG] Solving cube (l0 = natural_join(), l1 = natural_join4(), l2 = semi_join())
[     3.045][cube-solver-13][DEBUG] Solving cube (l0 = natural_join(), l1 = natural_join4(), l2 = cross_join([1]))
[     3.048][cube-solver-13][DEBUG] Solving cube (l0 = natural_join(), l1 = natural_join4(), l2 = inner_join())
[     3.050][cube-solver-13][DEBUG] Solving cube (l0 = natural_join(), l1 = natural_join4(), l2 = natural_join())
[     3.052][cube-solver-13][DEBUG] Solving cube (l0 = natural_join(), l1 = natural_join4(), l2 = natural_join3())
[     3.054][cube-solver-13][DEBUG] Solving cube (l0 = natural_join(), l1 = natural_join4(), l2 = natural_join4())
[     3.057][cube-solver-13][DEBUG] Solving cube (l0 = natural_join3(), l1 = anti_join(), l2 = natural_join())
[     3.059][cube-solver-13][DEBUG] Solving cube (l0 = natural_join3(), l1 = anti_join(), l2 = natural_join3())
[     3.061][cube-solver-13][DEBUG] Solving cube (l0 = natural_join3(), l1 = anti_join(), l2 = natural_join4())
[     3.063][cube-solver-13][DEBUG] Solving cube (l0 = natural_join3(), l1 = anti_join(), l2 = anti_join())
[     3.065][cube-solver-13][DEBUG] Solving cube (l0 = natural_join3(), l1 = anti_join(), l2 = left_join())
[     3.067][cube-solver-13][DEBUG] Solving cube (l0 = natural_join3(), l1 = anti_join(), l2 = union())
[     3.069][cube-solver-13][DEBUG] Solving cube (l0 = natural_join3(), l1 = anti_join(), l2 = intersect())
[     3.071][cube-solver-13][DEBUG] Solving cube (l0 = natural_join3(), l1 = anti_join(), l2 = semi_join())
[     3.073][cube-solver-13][DEBUG] Solving cube (l0 = natural_join3(), l1 = anti_join(), l2 = cross_join([1]))
[     3.076][cube-solver-13][DEBUG] Solving cube (l0 = natural_join3(), l1 = anti_join(), l2 = inner_join())
[     3.078][cube-solver-13][DEBUG] Solving cube (l0 = natural_join3(), l1 = left_join(), l2 = natural_join())
[     3.080][cube-solver-13][DEBUG] Solving cube (l0 = natural_join3(), l1 = left_join(), l2 = natural_join3())
[     3.082][cube-solver-5][DEBUG] Initialising process for 3 lines of code.
[     3.082][cube-solver-13][DEBUG] Solving cube (l0 = natural_join3(), l1 = left_join(), l2 = anti_join())
[     3.084][cube-solver-13][DEBUG] Solving cube (l0 = natural_join3(), l1 = left_join(), l2 = left_join())
[     3.087][cube-solver-13][DEBUG] Solving cube (l0 = natural_join3(), l1 = left_join(), l2 = union())
[     3.089][cube-solver-13][DEBUG] Solving cube (l0 = natural_join3(), l1 = left_join(), l2 = intersect())
[     3.091][cube-solver-13][DEBUG] Solving cube (l0 = natural_join3(), l1 = left_join(), l2 = semi_join())
[     3.093][cube-solver-13][DEBUG] Solving cube (l0 = natural_join3(), l1 = left_join(), l2 = cross_join([1]))
[     3.096][cube-solver-13][DEBUG] Solving cube (l0 = natural_join3(), l1 = left_join(), l2 = inner_join())
[     3.098][cube-solver-13][DEBUG] Solving cube (l0 = natural_join3(), l1 = union(), l2 = natural_join())
[     3.100][cube-solver-13][DEBUG] Solving cube (l0 = natural_join3(), l1 = union(), l2 = natural_join3())
[     3.100][cube-solver-8][DEBUG] Solving cube (l0 = natural_join(), l1 = anti_join(), l2 = natural_join3())
[     3.102][cube-solver-13][DEBUG] Solving cube (l0 = natural_join3(), l1 = union(), l2 = natural_join4())
[     3.103][cube-solver-8][DEBUG] Solving cube (l0 = natural_join3(), l1 = union(), l2 = anti_join())
[     3.104][cube-solver-13][DEBUG] Solving cube (l0 = natural_join3(), l1 = union(), l2 = left_join())
[     3.105][cube-solver-8][DEBUG] Solving cube (l0 = natural_join3(), l1 = union(), l2 = union())
[     3.106][cube-solver-13][DEBUG] Solving cube (l0 = natural_join3(), l1 = union(), l2 = intersect())
[     3.107][cube-solver-8][DEBUG] Solving cube (l0 = natural_join3(), l1 = union(), l2 = semi_join())
[     3.108][cube-solver-13][DEBUG] Solving cube (l0 = natural_join3(), l1 = union(), l2 = cross_join([1]))
[     3.110][cube-solver-8][DEBUG] Solving cube (l0 = natural_join3(), l1 = union(), l2 = inner_join())
[     3.111][cube-solver-13][DEBUG] Solving cube (l0 = natural_join3(), l1 = intersect(), l2 = natural_join())
[     3.112][cube-solver-8][DEBUG] Solving cube (l0 = natural_join3(), l1 = intersect(), l2 = natural_join3())
[     3.113][cube-solver-13][DEBUG] Solving cube (l0 = natural_join3(), l1 = intersect(), l2 = natural_join4())
[     3.114][cube-solver-8][DEBUG] Solving cube (l0 = natural_join3(), l1 = intersect(), l2 = anti_join())
[     3.115][cube-solver-13][DEBUG] Solving cube (l0 = natural_join3(), l1 = intersect(), l2 = left_join())
[     3.116][cube-solver-8][DEBUG] Solving cube (l0 = natural_join3(), l1 = intersect(), l2 = union())
[     3.117][cube-solver-13][DEBUG] Solving cube (l0 = natural_join3(), l1 = intersect(), l2 = intersect())
[     3.118][cube-solver-8][DEBUG] Solving cube (l0 = natural_join3(), l1 = intersect(), l2 = semi_join())
[     3.119][cube-solver-13][DEBUG] Solving cube (l0 = natural_join3(), l1 = intersect(), l2 = cross_join([1]))
[     3.120][cube-solver-8][DEBUG] Solving cube (l0 = natural_join3(), l1 = intersect(), l2 = inner_join())
[     3.122][cube-solver-13][DEBUG] Solving cube (l0 = natural_join3(), l1 = semi_join(), l2 = natural_join())
[     3.122][cube-solver-8][DEBUG] Solving cube (l0 = natural_join3(), l1 = semi_join(), l2 = natural_join3())
[     3.124][cube-solver-8][DEBUG] Solving cube (l0 = natural_join3(), l1 = semi_join(), l2 = natural_join4())
[     3.124][cube-solver-13][DEBUG] Solving cube (l0 = natural_join3(), l1 = semi_join(), l2 = anti_join())
[     3.126][cube-solver-8][DEBUG] Solving cube (l0 = natural_join3(), l1 = semi_join(), l2 = left_join())
[     3.126][cube-solver-13][DEBUG] Solving cube (l0 = natural_join3(), l1 = semi_join(), l2 = union())
[     3.128][cube-solver-8][DEBUG] Solving cube (l0 = natural_join3(), l1 = semi_join(), l2 = intersect())
[     3.128][cube-solver-13][DEBUG] Solving cube (l0 = natural_join3(), l1 = semi_join(), l2 = semi_join())
[     3.130][cube-solver-8][DEBUG] Solving cube (l0 = natural_join3(), l1 = semi_join(), l2 = cross_join([1]))
[     3.130][cube-solver-13][DEBUG] Solving cube (l0 = natural_join3(), l1 = semi_join(), l2 = inner_join())
[     3.132][cube-solver-13][DEBUG] Solving cube (l0 = natural_join3(), l1 = cross_join([1]), l2 = natural_join())
[     3.133][cube-solver-8][DEBUG] Solving cube (l0 = natural_join3(), l1 = cross_join([1]), l2 = natural_join3())
[     3.135][cube-solver-13][DEBUG] Solving cube (l0 = natural_join3(), l1 = cross_join([1]), l2 = natural_join4())
[     3.136][cube-solver-8][DEBUG] Solving cube (l0 = natural_join3(), l1 = cross_join([1]), l2 = anti_join())
[     3.138][cube-solver-13][DEBUG] Solving cube (l0 = natural_join3(), l1 = cross_join([1]), l2 = left_join())
[     3.138][cube-solver-8][DEBUG] Solving cube (l0 = natural_join3(), l1 = cross_join([1]), l2 = union())
[     3.141][cube-solver-13][DEBUG] Solving cube (l0 = natural_join3(), l1 = cross_join([1]), l2 = intersect())
[     3.141][cube-solver-8][DEBUG] Solving cube (l0 = natural_join3(), l1 = cross_join([1]), l2 = semi_join())
[     3.144][cube-solver-13][DEBUG] Solving cube (l0 = natural_join3(), l1 = cross_join([1]), l2 = cross_join([1]))
[     3.144][cube-solver-8][DEBUG] Solving cube (l0 = natural_join3(), l1 = cross_join([1]), l2 = inner_join())
[     3.147][cube-solver-8][DEBUG] Solving cube (l0 = natural_join3(), l1 = inner_join(), l2 = natural_join())
[     3.148][cube-solver-13][DEBUG] Solving cube (l0 = natural_join3(), l1 = inner_join(), l2 = natural_join3())
[     3.149][cube-solver-8][DEBUG] Solving cube (l0 = natural_join3(), l1 = inner_join(), l2 = natural_join4())
[     3.150][cube-solver-13][DEBUG] Solving cube (l0 = natural_join3(), l1 = inner_join(), l2 = anti_join())
[     3.151][cube-solver-8][DEBUG] Solving cube (l0 = natural_join3(), l1 = inner_join(), l2 = left_join())
[     3.152][cube-solver-13][DEBUG] Solving cube (l0 = natural_join3(), l1 = inner_join(), l2 = union())
[     3.153][cube-solver-8][DEBUG] Solving cube (l0 = natural_join3(), l1 = inner_join(), l2 = intersect())
[     3.154][cube-solver-13][DEBUG] Solving cube (l0 = natural_join3(), l1 = inner_join(), l2 = semi_join())
[     3.155][cube-solver-8][DEBUG] Solving cube (l0 = natural_join3(), l1 = inner_join(), l2 = cross_join([1]))
[     3.156][cube-solver-13][DEBUG] Solving cube (l0 = natural_join3(), l1 = inner_join(), l2 = inner_join())
[     3.158][cube-solver-13][DEBUG] Solving cube (l0 = natural_join3(), l1 = natural_join(), l2 = anti_join())
[     3.158][cube-solver-8][DEBUG] Solving cube (l0 = natural_join3(), l1 = natural_join(), l2 = left_join())
[     3.160][cube-solver-8][DEBUG] Solving cube (l0 = natural_join3(), l1 = natural_join(), l2 = intersect())
[     3.160][cube-solver-13][DEBUG] Solving cube (l0 = natural_join3(), l1 = natural_join(), l2 = union())
[     3.163][cube-solver-13][DEBUG] Solving cube (l0 = natural_join3(), l1 = natural_join(), l2 = semi_join())
[     3.163][cube-solver-8][DEBUG] Solving cube (l0 = natural_join3(), l1 = natural_join(), l2 = cross_join([1]))
[     3.165][cube-solver-13][DEBUG] Solving cube (l0 = natural_join3(), l1 = natural_join(), l2 = inner_join())
[     3.166][cube-solver-8][DEBUG] Solving cube (l0 = natural_join3(), l1 = natural_join(), l2 = natural_join())
[     3.167][cube-solver-13][DEBUG] Solving cube (l0 = natural_join3(), l1 = natural_join(), l2 = natural_join3())
[     3.168][cube-solver-8][DEBUG] Solving cube (l0 = natural_join3(), l1 = natural_join(), l2 = natural_join4())
[     3.169][cube-solver-13][DEBUG] Solving cube (l0 = natural_join3(), l1 = natural_join3(), l2 = anti_join())
[     3.170][cube-solver-8][DEBUG] Solving cube (l0 = natural_join3(), l1 = natural_join3(), l2 = left_join())
[     3.171][cube-solver-13][DEBUG] Solving cube (l0 = natural_join3(), l1 = natural_join3(), l2 = union())
[     3.172][cube-solver-8][DEBUG] Solving cube (l0 = natural_join3(), l1 = natural_join3(), l2 = intersect())
[     3.173][cube-solver-13][DEBUG] Solving cube (l0 = natural_join3(), l1 = natural_join3(), l2 = semi_join())
[     3.174][cube-solver-8][DEBUG] Solving cube (l0 = natural_join3(), l1 = natural_join3(), l2 = cross_join([1]))
[     3.175][cube-solver-13][DEBUG] Solving cube (l0 = natural_join3(), l1 = natural_join3(), l2 = inner_join())
[     3.176][cube-solver-8][DEBUG] Solving cube (l0 = natural_join3(), l1 = natural_join3(), l2 = natural_join())
[     3.177][cube-solver-13][DEBUG] Solving cube (l0 = natural_join3(), l1 = natural_join3(), l2 = natural_join3())
[     3.179][cube-solver-8][DEBUG] Solving cube (l0 = natural_join3(), l1 = natural_join3(), l2 = natural_join4())
[     3.179][cube-solver-13][DEBUG] Solving cube (l0 = natural_join3(), l1 = natural_join4(), l2 = anti_join())
[     3.180][cube-solver-8][DEBUG] Solving cube (l0 = natural_join3(), l1 = natural_join4(), l2 = left_join())
[     3.181][cube-solver-13][DEBUG] Solving cube (l0 = natural_join3(), l1 = natural_join4(), l2 = union())
[     3.182][cube-solver-8][DEBUG] Solving cube (l0 = natural_join3(), l1 = natural_join4(), l2 = intersect())
[     3.183][cube-solver-13][DEBUG] Solving cube (l0 = natural_join3(), l1 = natural_join4(), l2 = semi_join())
[     3.185][cube-solver-8][DEBUG] Solving cube (l0 = natural_join3(), l1 = natural_join4(), l2 = cross_join([1]))
[     3.185][cube-solver-13][DEBUG] Solving cube (l0 = natural_join3(), l1 = natural_join4(), l2 = inner_join())
[     3.187][cube-solver-13][DEBUG] Solving cube (l0 = natural_join3(), l1 = natural_join4(), l2 = natural_join())
[     3.187][cube-solver-8][DEBUG] Solving cube (l0 = natural_join3(), l1 = natural_join4(), l2 = natural_join3())
[     3.189][cube-solver-13][DEBUG] Solving cube (l0 = natural_join3(), l1 = natural_join4(), l2 = natural_join4())
[     3.189][cube-solver-8][DEBUG] Solving cube (l0 = natural_join4(), l1 = anti_join(), l2 = natural_join())
[     3.191][cube-solver-13][DEBUG] Solving cube (l0 = natural_join4(), l1 = anti_join(), l2 = natural_join3())
[     3.191][cube-solver-8][DEBUG] Solving cube (l0 = natural_join4(), l1 = anti_join(), l2 = natural_join4())
[     3.193][cube-solver-13][DEBUG] Solving cube (l0 = natural_join4(), l1 = anti_join(), l2 = anti_join())
[     3.193][cube-solver-8][DEBUG] Solving cube (l0 = natural_join4(), l1 = anti_join(), l2 = left_join())
[     3.195][cube-solver-13][DEBUG] Solving cube (l0 = natural_join4(), l1 = anti_join(), l2 = union())
[     3.195][cube-solver-8][DEBUG] Solving cube (l0 = natural_join4(), l1 = anti_join(), l2 = intersect())
[     3.197][cube-solver-13][DEBUG] Solving cube (l0 = natural_join4(), l1 = anti_join(), l2 = semi_join())
[     3.197][cube-solver-8][DEBUG] Solving cube (l0 = natural_join4(), l1 = anti_join(), l2 = cross_join([1]))
[     3.199][cube-solver-13][DEBUG] Solving cube (l0 = natural_join4(), l1 = anti_join(), l2 = inner_join())
[     3.200][cube-solver-8][DEBUG] Solving cube (l0 = natural_join4(), l1 = left_join(), l2 = natural_join())
[     3.201][cube-solver-6][DEBUG] Solving cube (l0 = natural_join(), l1 = natural_join(), l2 = left_join())
[     3.201][cube-solver-13][DEBUG] Solving cube (l0 = natural_join4(), l1 = left_join(), l2 = natural_join3())
[     3.202][cube-solver-8][DEBUG] Solving cube (l0 = natural_join4(), l1 = left_join(), l2 = natural_join4())
[     3.203][cube-solver-13][DEBUG] Solving cube (l0 = natural_join4(), l1 = left_join(), l2 = anti_join())
[     3.204][cube-solver-6][DEBUG] Solving cube (l0 = natural_join4(), l1 = left_join(), l2 = left_join())
[     3.204][cube-solver-8][DEBUG] Solving cube (l0 = natural_join4(), l1 = left_join(), l2 = union())
[     3.205][cube-solver-13][DEBUG] Solving cube (l0 = natural_join4(), l1 = left_join(), l2 = intersect())
[     3.206][cube-solver-8][DEBUG] Solving cube (l0 = natural_join4(), l1 = left_join(), l2 = semi_join())
[     3.207][cube-solver-6][DEBUG] Solving cube (l0 = natural_join4(), l1 = left_join(), l2 = cross_join([1]))
[     3.208][cube-solver-13][DEBUG] Solving cube (l0 = natural_join4(), l1 = left_join(), l2 = inner_join())
[     3.208][cube-solver-8][DEBUG] Solving cube (l0 = natural_join4(), l1 = union(), l2 = natural_join())
[     3.210][cube-solver-6][DEBUG] Solving cube (l0 = natural_join4(), l1 = union(), l2 = natural_join3())
[     3.210][cube-solver-13][DEBUG] Solving cube (l0 = natural_join4(), l1 = union(), l2 = natural_join4())
[     3.210][cube-solver-8][DEBUG] Solving cube (l0 = natural_join4(), l1 = union(), l2 = anti_join())
[     3.212][cube-solver-13][DEBUG] Solving cube (l0 = natural_join4(), l1 = union(), l2 = left_join())
[     3.212][cube-solver-6][DEBUG] Solving cube (l0 = natural_join4(), l1 = union(), l2 = union())
[     3.213][cube-solver-8][DEBUG] Solving cube (l0 = natural_join4(), l1 = union(), l2 = intersect())
[     3.214][cube-solver-13][DEBUG] Solving cube (l0 = natural_join4(), l1 = union(), l2 = semi_join())
[     3.214][cube-solver-6][DEBUG] Solving cube (l0 = natural_join4(), l1 = union(), l2 = cross_join([1]))
[     3.215][cube-solver-8][DEBUG] Solving cube (l0 = natural_join4(), l1 = union(), l2 = inner_join())
[     3.216][cube-solver-13][DEBUG] Solving cube (l0 = natural_join4(), l1 = intersect(), l2 = natural_join())
[     3.217][cube-solver-8][DEBUG] Solving cube (l0 = natural_join4(), l1 = intersect(), l2 = natural_join3())
[     3.217][cube-solver-6][DEBUG] Solving cube (l0 = natural_join4(), l1 = intersect(), l2 = natural_join4())
[     3.218][cube-solver-13][DEBUG] Solving cube (l0 = natural_join4(), l1 = intersect(), l2 = anti_join())
[     3.219][cube-solver-8][DEBUG] Solving cube (l0 = natural_join4(), l1 = intersect(), l2 = left_join())
[     3.219][cube-solver-6][DEBUG] Solving cube (l0 = natural_join4(), l1 = intersect(), l2 = union())
[     3.220][cube-solver-13][DEBUG] Solving cube (l0 = natural_join4(), l1 = intersect(), l2 = intersect())
[     3.221][cube-solver-8][DEBUG] Solving cube (l0 = natural_join4(), l1 = intersect(), l2 = semi_join())
[     3.221][cube-solver-6][DEBUG] Solving cube (l0 = natural_join4(), l1 = intersect(), l2 = cross_join([1]))
[     3.222][cube-solver-13][DEBUG] Solving cube (l0 = natural_join4(), l1 = intersect(), l2 = inner_join())
[     3.223][cube-solver-8][DEBUG] Solving cube (l0 = natural_join4(), l1 = semi_join(), l2 = natural_join())
[     3.224][cube-solver-6][DEBUG] Solving cube (l0 = natural_join4(), l1 = semi_join(), l2 = natural_join3())
[     3.224][cube-solver-13][DEBUG] Solving cube (l0 = natural_join4(), l1 = semi_join(), l2 = natural_join4())
[     3.225][cube-solver-8][DEBUG] Solving cube (l0 = natural_join4(), l1 = semi_join(), l2 = anti_join())
[     3.226][cube-solver-6][DEBUG] Solving cube (l0 = natural_join4(), l1 = semi_join(), l2 = left_join())
[     3.226][cube-solver-13][DEBUG] Solving cube (l0 = natural_join4(), l1 = semi_join(), l2 = union())
[     3.227][cube-solver-8][DEBUG] Solving cube (l0 = natural_join4(), l1 = semi_join(), l2 = intersect())
[     3.228][cube-solver-6][DEBUG] Solving cube (l0 = natural_join4(), l1 = semi_join(), l2 = semi_join())
[     3.229][cube-solver-13][DEBUG] Solving cube (l0 = natural_join4(), l1 = semi_join(), l2 = cross_join([1]))
[     3.229][cube-solver-8][DEBUG] Solving cube (l0 = natural_join4(), l1 = semi_join(), l2 = inner_join())
[     3.231][cube-solver-6][DEBUG] Solving cube (l0 = natural_join4(), l1 = cross_join([1]), l2 = natural_join())
[     3.231][cube-solver-8][DEBUG] Solving cube (l0 = natural_join4(), l1 = cross_join([1]), l2 = natural_join3())
[     3.232][cube-solver-13][DEBUG] Solving cube (l0 = natural_join4(), l1 = cross_join([1]), l2 = natural_join4())
[     3.233][cube-solver-6][DEBUG] Solving cube (l0 = natural_join4(), l1 = cross_join([1]), l2 = anti_join())
[     3.234][cube-solver-8][DEBUG] Solving cube (l0 = natural_join4(), l1 = cross_join([1]), l2 = left_join())
[     3.235][cube-solver-13][DEBUG] Solving cube (l0 = natural_join4(), l1 = cross_join([1]), l2 = union())
[     3.236][cube-solver-6][DEBUG] Solving cube (l0 = natural_join4(), l1 = cross_join([1]), l2 = intersect())
[     3.237][cube-solver-8][DEBUG] Solving cube (l0 = natural_join4(), l1 = cross_join([1]), l2 = semi_join())
[     3.238][cube-solver-13][DEBUG] Solving cube (l0 = natural_join4(), l1 = cross_join([1]), l2 = cross_join([1]))
[     3.239][cube-solver-6][DEBUG] Solving cube (l0 = natural_join4(), l1 = cross_join([1]), l2 = inner_join())
[     3.240][cube-solver-8][DEBUG] Solving cube (l0 = natural_join4(), l1 = inner_join(), l2 = natural_join())
[     3.241][cube-solver-13][DEBUG] Solving cube (l0 = natural_join4(), l1 = inner_join(), l2 = natural_join3())
[     3.242][cube-solver-8][DEBUG] Solving cube (l0 = natural_join4(), l1 = inner_join(), l2 = natural_join4())
[     3.242][cube-solver-6][DEBUG] Solving cube (l0 = natural_join4(), l1 = inner_join(), l2 = anti_join())
[     3.243][cube-solver-13][DEBUG] Solving cube (l0 = natural_join4(), l1 = inner_join(), l2 = left_join())
[     3.244][cube-solver-8][DEBUG] Solving cube (l0 = natural_join4(), l1 = inner_join(), l2 = union())
[     3.244][cube-solver-6][DEBUG] Solving cube (l0 = natural_join4(), l1 = inner_join(), l2 = intersect())
[     3.246][cube-solver-13][DEBUG] Solving cube (l0 = natural_join4(), l1 = inner_join(), l2 = semi_join())
[     3.246][cube-solver-8][DEBUG] Solving cube (l0 = natural_join4(), l1 = inner_join(), l2 = cross_join([1]))
[     3.246][cube-solver-6][DEBUG] Solving cube (l0 = natural_join4(), l1 = inner_join(), l2 = inner_join())
[     3.248][cube-solver-13][DEBUG] Solving cube (l0 = natural_join4(), l1 = natural_join(), l2 = anti_join())
[     3.248][cube-solver-6][DEBUG] Solving cube (l0 = natural_join4(), l1 = natural_join(), l2 = left_join())
[     3.249][cube-solver-8][DEBUG] Solving cube (l0 = natural_join4(), l1 = natural_join(), l2 = union())
[     3.250][cube-solver-13][DEBUG] Solving cube (l0 = natural_join4(), l1 = natural_join(), l2 = intersect())
[     3.250][cube-solver-6][DEBUG] Solving cube (l0 = natural_join4(), l1 = natural_join(), l2 = semi_join())
[     3.251][cube-solver-8][DEBUG] Solving cube (l0 = natural_join4(), l1 = natural_join(), l2 = cross_join([1]))
[     3.252][cube-solver-13][DEBUG] Solving cube (l0 = natural_join4(), l1 = natural_join(), l2 = inner_join())
[     3.252][cube-solver-6][DEBUG] Solving cube (l0 = natural_join4(), l1 = natural_join(), l2 = natural_join())
[     3.254][cube-solver-8][DEBUG] Solving cube (l0 = natural_join4(), l1 = natural_join(), l2 = natural_join3())
[     3.254][cube-solver-13][DEBUG] Solving cube (l0 = natural_join4(), l1 = natural_join(), l2 = natural_join4())
[     3.254][cube-solver-6][DEBUG] Solving cube (l0 = natural_join4(), l1 = natural_join3(), l2 = anti_join())
[     3.256][cube-solver-8][DEBUG] Solving cube (l0 = natural_join4(), l1 = natural_join3(), l2 = left_join())
[     3.256][cube-solver-13][DEBUG] Solving cube (l0 = natural_join4(), l1 = natural_join3(), l2 = union())
[     3.256][cube-solver-6][DEBUG] Solving cube (l0 = natural_join4(), l1 = natural_join3(), l2 = intersect())
[     3.258][cube-solver-8][DEBUG] Solving cube (l0 = natural_join4(), l1 = natural_join3(), l2 = semi_join())
[     3.258][cube-solver-13][DEBUG] Solving cube (l0 = natural_join4(), l1 = natural_join3(), l2 = cross_join([1]))
[     3.258][cube-solver-6][DEBUG] Solving cube (l0 = natural_join4(), l1 = natural_join3(), l2 = inner_join())
[     3.260][cube-solver-8][DEBUG] Solving cube (l0 = natural_join4(), l1 = natural_join3(), l2 = natural_join())
[     3.260][cube-solver-6][DEBUG] Solving cube (l0 = natural_join4(), l1 = natural_join3(), l2 = natural_join3())
[     3.261][cube-solver-13][DEBUG] Solving cube (l0 = natural_join4(), l1 = natural_join3(), l2 = natural_join4())
[     3.262][cube-solver-8][DEBUG] Solving cube (l0 = natural_join4(), l1 = natural_join4(), l2 = anti_join())
[     3.262][cube-solver-6][DEBUG] Solving cube (l0 = natural_join4(), l1 = natural_join4(), l2 = left_join())
[     3.263][cube-solver-13][DEBUG] Solving cube (l0 = natural_join4(), l1 = natural_join4(), l2 = union())
[     3.264][cube-solver-8][DEBUG] Solving cube (l0 = natural_join4(), l1 = natural_join4(), l2 = intersect())
[     3.264][cube-solver-6][DEBUG] Solving cube (l0 = natural_join4(), l1 = natural_join4(), l2 = semi_join())
[     3.266][cube-solver-13][DEBUG] Solving cube (l0 = natural_join4(), l1 = natural_join4(), l2 = cross_join([1]))
[     3.266][cube-solver-8][DEBUG] Solving cube (l0 = natural_join4(), l1 = natural_join4(), l2 = inner_join())
[     3.266][cube-solver-6][DEBUG] Solving cube (l0 = natural_join4(), l1 = natural_join4(), l2 = natural_join())
[     3.268][cube-solver-8][DEBUG] Solving cube (l0 = natural_join4(), l1 = natural_join4(), l2 = natural_join4())
[     3.268][cube-solver-13][DEBUG] Solving cube (l0 = natural_join4(), l1 = natural_join4(), l2 = natural_join3())
[     3.269][cube-solver-6][DEBUG] Solving cube (l0 = anti_join(), l1 = natural_join(), l2 = anti_join())
[     3.270][cube-solver-8][DEBUG] Solving cube (l0 = anti_join(), l1 = natural_join(), l2 = left_join())
[     3.271][cube-solver-6][DEBUG] Solving cube (l0 = anti_join(), l1 = natural_join(), l2 = intersect())
[     3.271][cube-solver-13][DEBUG] Solving cube (l0 = anti_join(), l1 = natural_join(), l2 = union())
[     3.273][cube-solver-8][DEBUG] Solving cube (l0 = anti_join(), l1 = natural_join(), l2 = semi_join())
[     3.273][cube-solver-6][DEBUG] Solving cube (l0 = anti_join(), l1 = natural_join(), l2 = cross_join([1]))
[     3.273][cube-solver-13][DEBUG] Solving cube (l0 = anti_join(), l1 = natural_join(), l2 = inner_join())
[     3.275][cube-solver-8][DEBUG] Solving cube (l0 = anti_join(), l1 = natural_join(), l2 = natural_join())
[     3.275][cube-solver-13][DEBUG] Solving cube (l0 = anti_join(), l1 = natural_join(), l2 = natural_join3())
[     3.275][cube-solver-6][DEBUG] Solving cube (l0 = anti_join(), l1 = natural_join(), l2 = natural_join4())
[     3.276][cube-solver-8][DEBUG] Solving cube (l0 = anti_join(), l1 = natural_join3(), l2 = anti_join())
[     3.277][cube-solver-13][DEBUG] Solving cube (l0 = anti_join(), l1 = natural_join3(), l2 = left_join())
[     3.277][cube-solver-6][DEBUG] Solving cube (l0 = anti_join(), l1 = natural_join3(), l2 = union())
[     3.278][cube-solver-8][DEBUG] Solving cube (l0 = anti_join(), l1 = natural_join3(), l2 = intersect())
[     3.279][cube-solver-13][DEBUG] Solving cube (l0 = anti_join(), l1 = natural_join3(), l2 = semi_join())
[     3.279][cube-solver-6][DEBUG] Solving cube (l0 = anti_join(), l1 = natural_join3(), l2 = cross_join([1]))
[     3.280][cube-solver-8][DEBUG] Solving cube (l0 = anti_join(), l1 = natural_join3(), l2 = inner_join())
[     3.281][cube-solver-13][DEBUG] Solving cube (l0 = anti_join(), l1 = natural_join3(), l2 = natural_join())
[     3.282][cube-solver-8][DEBUG] Solving cube (l0 = anti_join(), l1 = natural_join3(), l2 = natural_join3())
[     3.282][cube-solver-6][DEBUG] Solving cube (l0 = anti_join(), l1 = natural_join3(), l2 = natural_join4())
[     3.283][cube-solver-13][DEBUG] Solving cube (l0 = anti_join(), l1 = natural_join4(), l2 = anti_join())
[     3.284][cube-solver-8][DEBUG] Solving cube (l0 = anti_join(), l1 = natural_join4(), l2 = left_join())
[     3.284][cube-solver-6][DEBUG] Solving cube (l0 = anti_join(), l1 = natural_join4(), l2 = union())
[     3.286][cube-solver-13][DEBUG] Solving cube (l0 = anti_join(), l1 = natural_join4(), l2 = intersect())
[     3.286][cube-solver-8][DEBUG] Solving cube (l0 = anti_join(), l1 = natural_join4(), l2 = semi_join())
[     3.286][cube-solver-6][DEBUG] Solving cube (l0 = anti_join(), l1 = natural_join4(), l2 = cross_join([1]))
[     3.288][cube-solver-13][DEBUG] Solving cube (l0 = anti_join(), l1 = natural_join4(), l2 = inner_join())
[     3.288][cube-solver-8][DEBUG] Solving cube (l0 = anti_join(), l1 = natural_join4(), l2 = natural_join())
[     3.289][cube-solver-6][DEBUG] Solving cube (l0 = anti_join(), l1 = natural_join4(), l2 = natural_join3())
[     3.290][cube-solver-13][DEBUG] Solving cube (l0 = anti_join(), l1 = natural_join4(), l2 = natural_join4())
[     3.290][cube-solver-8][DEBUG] Solving cube (l0 = anti_join(), l1 = anti_join(), l2 = natural_join())
[     3.291][cube-solver-6][DEBUG] Solving cube (l0 = anti_join(), l1 = anti_join(), l2 = natural_join3())
[     3.292][cube-solver-13][DEBUG] Solving cube (l0 = anti_join(), l1 = anti_join(), l2 = natural_join4())
[     3.292][cube-solver-8][DEBUG] Solving cube (l0 = anti_join(), l1 = anti_join(), l2 = anti_join())
[     3.293][cube-solver-6][DEBUG] Solving cube (l0 = anti_join(), l1 = anti_join(), l2 = left_join())
[     3.294][cube-solver-13][DEBUG] Solving cube (l0 = anti_join(), l1 = anti_join(), l2 = union())
[     3.294][cube-solver-8][DEBUG] Solving cube (l0 = anti_join(), l1 = anti_join(), l2 = intersect())
[     3.295][cube-solver-6][DEBUG] Solving cube (l0 = anti_join(), l1 = anti_join(), l2 = semi_join())
[     3.296][cube-solver-13][DEBUG] Solving cube (l0 = anti_join(), l1 = anti_join(), l2 = cross_join([1]))
[     3.296][cube-solver-8][DEBUG] Solving cube (l0 = anti_join(), l1 = anti_join(), l2 = inner_join())
[     3.297][cube-solver-6][DEBUG] Solving cube (l0 = anti_join(), l1 = left_join(), l2 = natural_join())
[     3.298][cube-solver-8][DEBUG] Solving cube (l0 = anti_join(), l1 = left_join(), l2 = natural_join3())
[     3.299][cube-solver-13][DEBUG] Solving cube (l0 = anti_join(), l1 = left_join(), l2 = natural_join4())
[     3.299][cube-solver-6][DEBUG] Solving cube (l0 = anti_join(), l1 = left_join(), l2 = anti_join())
[     3.301][cube-solver-8][DEBUG] Solving cube (l0 = anti_join(), l1 = left_join(), l2 = left_join())
[     3.301][cube-solver-6][DEBUG] Solving cube (l0 = anti_join(), l1 = left_join(), l2 = intersect())
[     3.301][cube-solver-13][DEBUG] Solving cube (l0 = anti_join(), l1 = left_join(), l2 = union())
[     3.302][cube-solver-8][DEBUG] Solving cube (l0 = anti_join(), l1 = left_join(), l2 = semi_join())
[     3.303][cube-solver-6][DEBUG] Solving cube (l0 = anti_join(), l1 = left_join(), l2 = cross_join([1]))
[     3.303][cube-solver-13][DEBUG] Solving cube (l0 = anti_join(), l1 = left_join(), l2 = inner_join())
[     3.304][cube-solver-8][DEBUG] Solving cube (l0 = anti_join(), l1 = union(), l2 = natural_join())
[     3.305][cube-solver-8][DEBUG] Solving cube (l0 = anti_join(), l1 = union(), l2 = natural_join3())
[     3.306][cube-solver-13][DEBUG] Solving cube (l0 = anti_join(), l1 = union(), l2 = natural_join4())
[     3.306][cube-solver-6][DEBUG] Solving cube (l0 = anti_join(), l1 = union(), l2 = anti_join())
[     3.306][cube-solver-8][DEBUG] Solving cube (l0 = anti_join(), l1 = union(), l2 = left_join())
[     3.307][cube-solver-8][DEBUG] Solving cube (l0 = anti_join(), l1 = union(), l2 = union())
[     3.308][cube-solver-13][DEBUG] Solving cube (l0 = anti_join(), l1 = union(), l2 = intersect())
[     3.308][cube-solver-6][DEBUG] Solving cube (l0 = anti_join(), l1 = union(), l2 = semi_join())
[     3.309][cube-solver-8][DEBUG] Solving cube (l0 = anti_join(), l1 = union(), l2 = cross_join([1]))
[     3.310][cube-solver-13][DEBUG] Solving cube (l0 = anti_join(), l1 = union(), l2 = inner_join())
[     3.310][cube-solver-6][DEBUG] Solving cube (l0 = anti_join(), l1 = intersect(), l2 = natural_join())
[     3.311][cube-solver-8][DEBUG] Solving cube (l0 = anti_join(), l1 = intersect(), l2 = natural_join3())
[     3.312][cube-solver-8][DEBUG] Solving cube (l0 = anti_join(), l1 = intersect(), l2 = left_join())
[     3.312][cube-solver-6][DEBUG] Solving cube (l0 = anti_join(), l1 = intersect(), l2 = anti_join())
[     3.312][cube-solver-13][DEBUG] Solving cube (l0 = anti_join(), l1 = intersect(), l2 = natural_join4())
[     3.313][cube-solver-8][DEBUG] Solving cube (l0 = anti_join(), l1 = intersect(), l2 = union())
[     3.314][cube-solver-6][DEBUG] Solving cube (l0 = anti_join(), l1 = intersect(), l2 = intersect())
[     3.314][cube-solver-13][DEBUG] Solving cube (l0 = anti_join(), l1 = intersect(), l2 = semi_join())
[     3.314][cube-solver-8][DEBUG] Solving cube (l0 = anti_join(), l1 = intersect(), l2 = cross_join([1]))
[     3.316][cube-solver-6][DEBUG] Solving cube (l0 = anti_join(), l1 = intersect(), l2 = inner_join())
[     3.316][cube-solver-8][DEBUG] Solving cube (l0 = anti_join(), l1 = semi_join(), l2 = natural_join3())
[     3.316][cube-solver-13][DEBUG] Solving cube (l0 = anti_join(), l1 = semi_join(), l2 = natural_join())
[     3.318][cube-solver-8][DEBUG] Solving cube (l0 = anti_join(), l1 = semi_join(), l2 = natural_join4())
[     3.318][cube-solver-6][DEBUG] Solving cube (l0 = anti_join(), l1 = semi_join(), l2 = anti_join())
[     3.318][cube-solver-13][DEBUG] Solving cube (l0 = anti_join(), l1 = semi_join(), l2 = left_join())
[     3.319][cube-solver-8][DEBUG] Solving cube (l0 = anti_join(), l1 = semi_join(), l2 = union())
[     3.320][cube-solver-6][DEBUG] Solving cube (l0 = anti_join(), l1 = semi_join(), l2 = intersect())
[     3.320][cube-solver-8][DEBUG] Solving cube (l0 = anti_join(), l1 = semi_join(), l2 = semi_join())
[     3.321][cube-solver-13][DEBUG] Solving cube (l0 = anti_join(), l1 = semi_join(), l2 = cross_join([1]))
[     3.321][cube-solver-8][DEBUG] Solving cube (l0 = anti_join(), l1 = semi_join(), l2 = inner_join())
[     3.322][cube-solver-6][DEBUG] Solving cube (l0 = anti_join(), l1 = cross_join([1]), l2 = natural_join())
[     3.323][cube-solver-8][DEBUG] Solving cube (l0 = anti_join(), l1 = cross_join([1]), l2 = natural_join3())
[     3.324][cube-solver-13][DEBUG] Solving cube (l0 = anti_join(), l1 = cross_join([1]), l2 = natural_join4())
[     3.324][cube-solver-8][DEBUG] Solving cube (l0 = anti_join(), l1 = cross_join([1]), l2 = anti_join())
[     3.325][cube-solver-6][DEBUG] Solving cube (l0 = anti_join(), l1 = cross_join([1]), l2 = left_join())
[     3.326][cube-solver-8][DEBUG] Solving cube (l0 = anti_join(), l1 = cross_join([1]), l2 = union())
[     3.327][cube-solver-13][DEBUG] Solving cube (l0 = anti_join(), l1 = cross_join([1]), l2 = intersect())
[     3.328][cube-solver-6][DEBUG] Solving cube (l0 = anti_join(), l1 = cross_join([1]), l2 = semi_join())
[     3.328][cube-solver-8][DEBUG] Solving cube (l0 = anti_join(), l1 = cross_join([1]), l2 = cross_join([1]))
[     3.330][cube-solver-13][DEBUG] Solving cube (l0 = anti_join(), l1 = cross_join([1]), l2 = inner_join())
[     3.330][cube-solver-8][DEBUG] Solving cube (l0 = anti_join(), l1 = inner_join(), l2 = natural_join())
[     3.330][cube-solver-6][DEBUG] Solving cube (l0 = anti_join(), l1 = inner_join(), l2 = natural_join3())
[     3.331][cube-solver-8][DEBUG] Solving cube (l0 = anti_join(), l1 = inner_join(), l2 = natural_join4())
[     3.332][cube-solver-6][DEBUG] Solving cube (l0 = anti_join(), l1 = inner_join(), l2 = left_join())
[     3.333][cube-solver-8][DEBUG] Solving cube (l0 = anti_join(), l1 = inner_join(), l2 = union())
[     3.333][cube-solver-13][DEBUG] Solving cube (l0 = anti_join(), l1 = inner_join(), l2 = anti_join())
[     3.334][cube-solver-8][DEBUG] Solving cube (l0 = anti_join(), l1 = inner_join(), l2 = intersect())
[     3.334][cube-solver-6][DEBUG] Solving cube (l0 = anti_join(), l1 = inner_join(), l2 = semi_join())
[     3.335][cube-solver-13][DEBUG] Solving cube (l0 = anti_join(), l1 = inner_join(), l2 = cross_join([1]))
[     3.335][cube-solver-8][DEBUG] Solving cube (l0 = anti_join(), l1 = inner_join(), l2 = inner_join())
[     3.336][cube-solver-6][DEBUG] Solving cube (l0 = left_join(), l1 = natural_join(), l2 = anti_join())
[     3.337][cube-solver-8][DEBUG] Solving cube (l0 = left_join(), l1 = natural_join(), l2 = left_join())
[     3.338][cube-solver-13][DEBUG] Solving cube (l0 = left_join(), l1 = natural_join(), l2 = union())
[     3.338][cube-solver-6][DEBUG] Solving cube (l0 = left_join(), l1 = natural_join(), l2 = intersect())
[     3.404][cube-solver-5][DEBUG] Solving cube (l0 = natural_join3(), l1 = left_join(), l2 = natural_join4())
[     3.407][cube-solver-5][DEBUG] Solving cube (l0 = left_join(), l1 = natural_join(), l2 = semi_join())
[     3.547][cube-solver-8][DEBUG] Solving cube (l0 = left_join(), l1 = natural_join(), l2 = cross_join([1]))
[     3.597][cube-solver-13][DEBUG] Solving cube (l0 = left_join(), l1 = natural_join(), l2 = inner_join())
[     3.713][cube-solver-5][DEBUG] Solving cube (l0 = left_join(), l1 = natural_join(), l2 = natural_join())
[     3.776][cube-solver-8][DEBUG] Solving cube (l0 = left_join(), l1 = natural_join(), l2 = natural_join3())
[     3.778][cube-solver-8][DEBUG] Solving cube (l0 = left_join(), l1 = natural_join(), l2 = natural_join4())
[     3.781][cube-solver-8][DEBUG] Solving cube (l0 = left_join(), l1 = natural_join3(), l2 = anti_join())
[     3.784][cube-solver-8][DEBUG] Solving cube (l0 = left_join(), l1 = natural_join3(), l2 = left_join())
[     3.786][cube-solver-8][DEBUG] Solving cube (l0 = left_join(), l1 = natural_join3(), l2 = union())
[     3.788][cube-solver-8][DEBUG] Solving cube (l0 = left_join(), l1 = natural_join3(), l2 = intersect())
[     3.791][cube-solver-8][DEBUG] Solving cube (l0 = left_join(), l1 = natural_join3(), l2 = semi_join())
[     3.793][cube-solver-8][DEBUG] Solving cube (l0 = left_join(), l1 = natural_join3(), l2 = cross_join([1]))
[     3.796][cube-solver-8][DEBUG] Solving cube (l0 = left_join(), l1 = natural_join3(), l2 = inner_join())
[     3.798][cube-solver-8][DEBUG] Solving cube (l0 = left_join(), l1 = natural_join3(), l2 = natural_join())
[     3.801][cube-solver-8][DEBUG] Solving cube (l0 = left_join(), l1 = natural_join3(), l2 = natural_join3())
[     3.803][cube-solver-8][DEBUG] Solving cube (l0 = left_join(), l1 = natural_join3(), l2 = natural_join4())
[     3.805][cube-solver-8][DEBUG] Solving cube (l0 = left_join(), l1 = natural_join4(), l2 = anti_join())
[     3.807][cube-solver-8][DEBUG] Solving cube (l0 = left_join(), l1 = natural_join4(), l2 = left_join())
[     3.809][cube-solver-8][DEBUG] Solving cube (l0 = left_join(), l1 = natural_join4(), l2 = union())
[     3.811][cube-solver-8][DEBUG] Solving cube (l0 = left_join(), l1 = natural_join4(), l2 = intersect())
[     3.814][cube-solver-8][DEBUG] Solving cube (l0 = left_join(), l1 = natural_join4(), l2 = semi_join())
[     3.816][cube-solver-8][DEBUG] Solving cube (l0 = left_join(), l1 = natural_join4(), l2 = cross_join([1]))
[     3.819][cube-solver-8][DEBUG] Solving cube (l0 = left_join(), l1 = natural_join4(), l2 = inner_join())
[     3.821][cube-solver-8][DEBUG] Solving cube (l0 = left_join(), l1 = natural_join4(), l2 = natural_join())
[     3.823][cube-solver-8][DEBUG] Solving cube (l0 = left_join(), l1 = natural_join4(), l2 = natural_join3())
[     3.825][cube-solver-8][DEBUG] Solving cube (l0 = left_join(), l1 = natural_join4(), l2 = natural_join4())
[     3.828][cube-solver-8][DEBUG] Solving cube (l0 = left_join(), l1 = anti_join(), l2 = natural_join())
[     3.887][cube-solver-5][DEBUG] Solving cube (l0 = left_join(), l1 = anti_join(), l2 = natural_join3())
[     3.890][cube-solver-5][DEBUG] Solving cube (l0 = left_join(), l1 = anti_join(), l2 = natural_join4())
[     3.893][cube-solver-5][DEBUG] Solving cube (l0 = left_join(), l1 = anti_join(), l2 = anti_join())
[     3.896][cube-solver-5][DEBUG] Solving cube (l0 = left_join(), l1 = anti_join(), l2 = left_join())
[     4.427][cube-solver-6][DEBUG] Solving cube (l0 = left_join(), l1 = anti_join(), l2 = union())
[     4.815][cube-solver-8][DEBUG] Solving cube (l0 = left_join(), l1 = anti_join(), l2 = intersect())
[     4.974][cube-solver-15][DEBUG] Initialising process for 3 lines of code.
[     5.187][cube-solver-5][DEBUG] Solving cube (l0 = left_join(), l1 = anti_join(), l2 = cross_join([1]))
[     5.218][cube-solver-15][DEBUG] Solving cube (l0 = left_join(), l1 = anti_join(), l2 = semi_join())
[     5.446][cube-solver-3][DEBUG] Initialising process for 3 lines of code.
[     5.594][cube-solver-6][DEBUG] Solving cube (l0 = left_join(), l1 = left_join(), l2 = natural_join())
[     5.643][cube-solver-3][DEBUG] Solving cube (l0 = left_join(), l1 = anti_join(), l2 = inner_join())
[     5.859][cube-solver-6][DEBUG] Solving cube (l0 = left_join(), l1 = left_join(), l2 = natural_join3())
[     6.148][cube-solver-5][DEBUG] Solving cube (l0 = left_join(), l1 = left_join(), l2 = natural_join4())
[     6.149][cube-solver-5][DEBUG] Solving cube (l0 = left_join(), l1 = left_join(), l2 = anti_join())
[     6.393][cube-solver-6][DEBUG] Solving cube (l0 = left_join(), l1 = left_join(), l2 = left_join())
[     6.444][cube-solver-15][DEBUG] Solving cube (l0 = left_join(), l1 = left_join(), l2 = union())
[     6.719][cube-solver-6][DEBUG] Solving cube (l0 = left_join(), l1 = left_join(), l2 = intersect())
[     6.776][cube-solver-15][DEBUG] Solving cube (l0 = left_join(), l1 = left_join(), l2 = semi_join())
[     7.100][cube-solver-15][DEBUG] Solving cube (l0 = left_join(), l1 = left_join(), l2 = cross_join([1]))
[     7.430][cube-solver-15][DEBUG] Solving cube (l0 = left_join(), l1 = left_join(), l2 = inner_join())
[     7.801][cube-solver-5][DEBUG] Solving cube (l0 = left_join(), l1 = union(), l2 = natural_join())
[     8.030][cube-solver-5][DEBUG] Solving cube (l0 = left_join(), l1 = union(), l2 = natural_join3())
[     8.258][cube-solver-6][DEBUG] Solving cube (l0 = left_join(), l1 = union(), l2 = natural_join4())
[     8.260][cube-solver-6][DEBUG] Solving cube (l0 = left_join(), l1 = union(), l2 = anti_join())
[     8.460][cube-solver-5][DEBUG] Solving cube (l0 = left_join(), l1 = union(), l2 = left_join())
[     8.794][cube-solver-5][DEBUG] Solving cube (l0 = left_join(), l1 = union(), l2 = union())
[     9.080][cube-solver-5][DEBUG] Solving cube (l0 = left_join(), l1 = union(), l2 = intersect())
[     9.843][cube-solver-8][DEBUG] Solving cube (l0 = left_join(), l1 = union(), l2 = semi_join())
[    10.059][cube-solver-6][DEBUG] Solving cube (l0 = left_join(), l1 = union(), l2 = cross_join([1]))
[    10.113][cube-solver-8][DEBUG] Solving cube (l0 = left_join(), l1 = union(), l2 = inner_join())
[    10.366][cube-solver-6][DEBUG] Solving cube (l0 = left_join(), l1 = intersect(), l2 = natural_join())
[    10.368][cube-solver-5][DEBUG] Solving cube (l0 = left_join(), l1 = intersect(), l2 = natural_join3())
[    11.408][cube-solver-6][DEBUG] Solving cube (l0 = left_join(), l1 = intersect(), l2 = natural_join4())
[    11.411][cube-solver-6][DEBUG] Solving cube (l0 = left_join(), l1 = intersect(), l2 = anti_join())
[    12.088][cube-solver-5][DEBUG] Solving cube (l0 = left_join(), l1 = intersect(), l2 = left_join())
[    13.368][cube-solver-5][DEBUG] Solving cube (l0 = left_join(), l1 = intersect(), l2 = union())
[    14.636][cube-solver-5][DEBUG] Solving cube (l0 = left_join(), l1 = intersect(), l2 = intersect())
[    18.060][cube-solver-9][DEBUG] Initialising process for 3 lines of code.
[    18.351][cube-solver-9][DEBUG] Solving cube (l0 = left_join(), l1 = intersect(), l2 = semi_join())
[    18.669][cube-solver-6][DEBUG] Solving cube (l0 = left_join(), l1 = intersect(), l2 = cross_join([1]))
[    18.871][cube-solver-5][DEBUG] Solving cube (l0 = left_join(), l1 = intersect(), l2 = inner_join())
[    19.639][cube-solver-9][DEBUG] Solving cube (l0 = left_join(), l1 = semi_join(), l2 = natural_join())
[    19.880][cube-solver-6][DEBUG] Solving cube (l0 = left_join(), l1 = semi_join(), l2 = natural_join3())
[    19.891][cube-solver-9][DEBUG] Solving cube (l0 = left_join(), l1 = semi_join(), l2 = natural_join4())
[    19.894][cube-solver-9][DEBUG] Solving cube (l0 = left_join(), l1 = semi_join(), l2 = anti_join())
[    20.377][cube-solver-6][DEBUG] Solving cube (l0 = left_join(), l1 = semi_join(), l2 = left_join())
[    20.686][cube-solver-6][DEBUG] Solving cube (l0 = left_join(), l1 = semi_join(), l2 = union())
[    21.031][cube-solver-6][DEBUG] Solving cube (l0 = left_join(), l1 = semi_join(), l2 = intersect())
[    21.511][cube-solver-9][DEBUG] Solving cube (l0 = left_join(), l1 = semi_join(), l2 = semi_join())
[    21.804][cube-solver-9][DEBUG] Solving cube (l0 = left_join(), l1 = semi_join(), l2 = cross_join([1]))
[    22.091][cube-solver-9][DEBUG] Solving cube (l0 = left_join(), l1 = semi_join(), l2 = inner_join())
[    22.447][cube-solver-6][DEBUG] Solving cube (l0 = left_join(), l1 = cross_join([1]), l2 = natural_join())
[    22.604][cube-solver-6][DEBUG] Solving cube (l0 = left_join(), l1 = cross_join([1]), l2 = natural_join3())
[    22.901][cube-solver-6][DEBUG] Solving cube (l0 = left_join(), l1 = cross_join([1]), l2 = natural_join4())
[    22.905][cube-solver-6][DEBUG] Solving cube (l0 = left_join(), l1 = cross_join([1]), l2 = anti_join())
[    23.977][cube-solver-6][DEBUG] Solving cube (l0 = left_join(), l1 = cross_join([1]), l2 = left_join())
[    24.219][cube-solver-6][DEBUG] Solving cube (l0 = left_join(), l1 = cross_join([1]), l2 = union())
[    24.453][cube-solver-6][DEBUG] Solving cube (l0 = left_join(), l1 = cross_join([1]), l2 = intersect())
[    25.028][cube-solver-6][DEBUG] Solving cube (l0 = left_join(), l1 = cross_join([1]), l2 = semi_join())
[    25.250][cube-solver-6][DEBUG] Solving cube (l0 = left_join(), l1 = cross_join([1]), l2 = cross_join([1]))
[    25.474][cube-solver-6][DEBUG] Solving cube (l0 = left_join(), l1 = cross_join([1]), l2 = inner_join())
[    28.258][cube-solver-6][DEBUG] Solving cube (l0 = left_join(), l1 = inner_join(), l2 = natural_join())
[    37.271][cube-solver-5][DEBUG] Solving cube (l0 = left_join(), l1 = inner_join(), l2 = natural_join3())
[    38.260][cube-solver-4][DEBUG] Initialising process for 3 lines of code.
[    38.482][cube-solver-4][DEBUG] Solving cube (l0 = left_join(), l1 = inner_join(), l2 = natural_join4())
[    38.486][cube-solver-4][DEBUG] Solving cube (l0 = left_join(), l1 = inner_join(), l2 = anti_join())
[    39.059][cube-solver-1][DEBUG] Initialising process for 3 lines of code.
[    39.321][cube-solver-1][DEBUG] Solving cube (l0 = left_join(), l1 = inner_join(), l2 = left_join())
[    51.656][cube-solver-14][DEBUG] Initialising process for 3 lines of code.
[    51.958][cube-solver-14][DEBUG] Solving cube (l0 = left_join(), l1 = inner_join(), l2 = union())
[    53.142][cube-solver-2][DEBUG] Initialising process for 3 lines of code.
[    53.500][cube-solver-2][DEBUG] Solving cube (l0 = left_join(), l1 = inner_join(), l2 = intersect())
[    54.508][cube-solver-7][DEBUG] Initialising process for 3 lines of code.
[    54.707][cube-solver-7][DEBUG] Solving cube (l0 = left_join(), l1 = inner_join(), l2 = semi_join())
[    55.725][cube-solver-0][DEBUG] Initialising process for 3 lines of code.
[    55.932][cube-solver-0][DEBUG] Solving cube (l0 = left_join(), l1 = inner_join(), l2 = cross_join([1]))
[    56.531][cube-solver-11][DEBUG] Initialising process for 3 lines of code.
[    56.731][cube-solver-11][DEBUG] Solving cube (l0 = left_join(), l1 = inner_join(), l2 = inner_join())
[    59.871][cube-solver-0][DEBUG] Solving cube (l0 = union(), l1 = natural_join(), l2 = anti_join())
[    59.873][cube-solver-0][DEBUG] Solving cube (l0 = union(), l1 = natural_join(), l2 = left_join())
[    60.067][cube-solver-0][DEBUG] Solving cube (l0 = union(), l1 = natural_join(), l2 = union())
[    60.211][cube-solver-0][DEBUG] Solving cube (l0 = union(), l1 = natural_join(), l2 = intersect())
[    61.042][cube-solver-0][DEBUG] Solving cube (l0 = union(), l1 = natural_join(), l2 = semi_join())
[    61.195][cube-solver-0][DEBUG] Solving cube (l0 = union(), l1 = natural_join(), l2 = cross_join([1]))
[    61.324][cube-solver-0][DEBUG] Solving cube (l0 = union(), l1 = natural_join(), l2 = inner_join())
[    74.514][cube-solver-2][DEBUG] Solving cube (l0 = union(), l1 = natural_join(), l2 = natural_join())
[    74.653][cube-solver-2][DEBUG] Solving cube (l0 = union(), l1 = natural_join(), l2 = natural_join3())
[    74.655][cube-solver-2][DEBUG] Solving cube (l0 = union(), l1 = natural_join(), l2 = natural_join4())
[    74.657][cube-solver-2][DEBUG] Solving cube (l0 = union(), l1 = natural_join3(), l2 = anti_join())
[    74.666][cube-solver-2][DEBUG] Solving cube (l0 = union(), l1 = natural_join3(), l2 = left_join())
[    74.670][cube-solver-2][DEBUG] Solving cube (l0 = union(), l1 = natural_join3(), l2 = union())
[    74.672][cube-solver-2][DEBUG] Solving cube (l0 = union(), l1 = natural_join3(), l2 = intersect())
[    74.675][cube-solver-2][DEBUG] Solving cube (l0 = union(), l1 = natural_join3(), l2 = semi_join())
[    74.678][cube-solver-2][DEBUG] Solving cube (l0 = union(), l1 = natural_join3(), l2 = cross_join([1]))
[    74.681][cube-solver-2][DEBUG] Solving cube (l0 = union(), l1 = natural_join3(), l2 = inner_join())
[    74.684][cube-solver-2][DEBUG] Solving cube (l0 = union(), l1 = natural_join3(), l2 = natural_join())
[    74.686][cube-solver-2][DEBUG] Solving cube (l0 = union(), l1 = natural_join3(), l2 = natural_join3())
[    74.688][cube-solver-2][DEBUG] Solving cube (l0 = union(), l1 = natural_join3(), l2 = natural_join4())
[    74.690][cube-solver-2][DEBUG] Solving cube (l0 = union(), l1 = natural_join4(), l2 = anti_join())
[    74.692][cube-solver-2][DEBUG] Solving cube (l0 = union(), l1 = natural_join4(), l2 = left_join())
[    74.694][cube-solver-2][DEBUG] Solving cube (l0 = union(), l1 = natural_join4(), l2 = union())
[    74.695][cube-solver-2][DEBUG] Solving cube (l0 = union(), l1 = natural_join4(), l2 = intersect())
[    74.696][cube-solver-2][DEBUG] Solving cube (l0 = union(), l1 = natural_join4(), l2 = semi_join())
[    74.698][cube-solver-2][DEBUG] Solving cube (l0 = union(), l1 = natural_join4(), l2 = cross_join([1]))
[    74.700][cube-solver-2][DEBUG] Solving cube (l0 = union(), l1 = natural_join4(), l2 = inner_join())
[    74.701][cube-solver-2][DEBUG] Solving cube (l0 = union(), l1 = natural_join4(), l2 = natural_join())
[    74.702][cube-solver-2][DEBUG] Solving cube (l0 = union(), l1 = natural_join4(), l2 = natural_join3())
[    74.704][cube-solver-2][DEBUG] Solving cube (l0 = union(), l1 = natural_join4(), l2 = natural_join4())
[    74.705][cube-solver-2][DEBUG] Solving cube (l0 = union(), l1 = anti_join(), l2 = natural_join())
[    75.590][cube-solver-2][DEBUG] Solving cube (l0 = union(), l1 = anti_join(), l2 = natural_join3())
[    75.592][cube-solver-2][DEBUG] Solving cube (l0 = union(), l1 = anti_join(), l2 = natural_join4())
[    75.595][cube-solver-2][DEBUG] Solving cube (l0 = union(), l1 = anti_join(), l2 = anti_join())
[    75.598][cube-solver-2][DEBUG] Solving cube (l0 = union(), l1 = anti_join(), l2 = left_join())
[    76.707][cube-solver-2][DEBUG] Solving cube (l0 = union(), l1 = anti_join(), l2 = union())
[    77.710][cube-solver-2][DEBUG] Solving cube (l0 = union(), l1 = anti_join(), l2 = intersect())
[    82.474][cube-solver-2][DEBUG] Solving cube (l0 = union(), l1 = anti_join(), l2 = semi_join())
[    83.527][cube-solver-2][DEBUG] Solving cube (l0 = union(), l1 = anti_join(), l2 = cross_join([1]))
[    84.393][cube-solver-2][DEBUG] Solving cube (l0 = union(), l1 = anti_join(), l2 = inner_join())
[   123.205][cube-solver-10][DEBUG] Initialising process for 3 lines of code.
[   123.402][cube-solver-10][DEBUG] Solving cube (l0 = union(), l1 = left_join(), l2 = natural_join())
[   123.618][cube-solver-10][DEBUG] Solving cube (l0 = union(), l1 = left_join(), l2 = natural_join3())
[   124.029][cube-solver-10][DEBUG] Solving cube (l0 = union(), l1 = left_join(), l2 = natural_join4())
[   124.031][cube-solver-10][DEBUG] Solving cube (l0 = union(), l1 = left_join(), l2 = anti_join())
[   125.564][cube-solver-10][DEBUG] Solving cube (l0 = union(), l1 = left_join(), l2 = left_join())
[   125.839][cube-solver-10][DEBUG] Solving cube (l0 = union(), l1 = left_join(), l2 = union())
[   126.090][cube-solver-10][DEBUG] Solving cube (l0 = union(), l1 = left_join(), l2 = intersect())
[   127.452][cube-solver-10][DEBUG] Solving cube (l0 = union(), l1 = left_join(), l2 = semi_join())
[   127.719][cube-solver-10][DEBUG] Solving cube (l0 = union(), l1 = left_join(), l2 = cross_join([1]))
[   127.938][cube-solver-10][DEBUG] Solving cube (l0 = union(), l1 = left_join(), l2 = inner_join())
[   173.575][cube-solver-13][DEBUG] Solving cube (l0 = union(), l1 = union(), l2 = natural_join())
[   173.771][cube-solver-13][DEBUG] Solving cube (l0 = union(), l1 = union(), l2 = natural_join3())
[   174.150][cube-solver-13][DEBUG] Solving cube (l0 = union(), l1 = union(), l2 = natural_join4())
[   174.152][cube-solver-13][DEBUG] Solving cube (l0 = union(), l1 = union(), l2 = anti_join())
[   175.478][cube-solver-13][DEBUG] Solving cube (l0 = union(), l1 = union(), l2 = left_join())
[   175.723][cube-solver-13][DEBUG] Solving cube (l0 = union(), l1 = union(), l2 = union())
[   175.944][cube-solver-13][DEBUG] Solving cube (l0 = union(), l1 = union(), l2 = intersect())
[   177.188][cube-solver-13][DEBUG] Solving cube (l0 = union(), l1 = union(), l2 = semi_join())
[   177.432][cube-solver-13][DEBUG] Solving cube (l0 = union(), l1 = union(), l2 = cross_join([1]))
[   177.627][cube-solver-13][DEBUG] Solving cube (l0 = union(), l1 = union(), l2 = inner_join())
[   225.618][cube-solver-7][DEBUG] Solving cube (l0 = union(), l1 = intersect(), l2 = natural_join())
[   226.626][cube-solver-7][DEBUG] Solving cube (l0 = union(), l1 = intersect(), l2 = natural_join3())
[   228.250][cube-solver-7][DEBUG] Solving cube (l0 = union(), l1 = intersect(), l2 = natural_join4())
[   228.252][cube-solver-7][DEBUG] Solving cube (l0 = union(), l1 = intersect(), l2 = anti_join())
[   232.200][cube-solver-0][DEBUG] Solving cube (l0 = union(), l1 = intersect(), l2 = left_join())
[   233.339][cube-solver-0][DEBUG] Solving cube (l0 = union(), l1 = intersect(), l2 = union())
[   234.485][cube-solver-0][DEBUG] Solving cube (l0 = union(), l1 = intersect(), l2 = intersect())
[   234.729][cube-solver-7][DEBUG] Solving cube (l0 = union(), l1 = intersect(), l2 = semi_join())
[   235.879][cube-solver-7][DEBUG] Solving cube (l0 = union(), l1 = intersect(), l2 = cross_join([1]))
[   237.033][cube-solver-7][DEBUG] Solving cube (l0 = union(), l1 = intersect(), l2 = inner_join())
[   238.379][cube-solver-0][DEBUG] Solving cube (l0 = union(), l1 = semi_join(), l2 = natural_join())
[   238.588][cube-solver-0][DEBUG] Solving cube (l0 = union(), l1 = semi_join(), l2 = natural_join3())
[   239.022][cube-solver-0][DEBUG] Solving cube (l0 = union(), l1 = semi_join(), l2 = natural_join4())
[   239.024][cube-solver-0][DEBUG] Solving cube (l0 = union(), l1 = semi_join(), l2 = anti_join())
[   240.441][cube-solver-0][DEBUG] Solving cube (l0 = union(), l1 = semi_join(), l2 = left_join())
[   240.710][cube-solver-0][DEBUG] Solving cube (l0 = union(), l1 = semi_join(), l2 = union())
[   240.951][cube-solver-0][DEBUG] Solving cube (l0 = union(), l1 = semi_join(), l2 = intersect())
[   242.136][cube-solver-0][DEBUG] Solving cube (l0 = union(), l1 = semi_join(), l2 = semi_join())
[   242.392][cube-solver-0][DEBUG] Solving cube (l0 = union(), l1 = semi_join(), l2 = cross_join([1]))
[   242.610][cube-solver-0][DEBUG] Solving cube (l0 = union(), l1 = semi_join(), l2 = inner_join())
[   254.580][cube-solver-7][DEBUG] Solving cube (l0 = union(), l1 = cross_join([1]), l2 = natural_join())
[   254.704][cube-solver-7][DEBUG] Solving cube (l0 = union(), l1 = cross_join([1]), l2 = natural_join3())
[   254.894][cube-solver-7][DEBUG] Solving cube (l0 = union(), l1 = cross_join([1]), l2 = natural_join4())
[   254.896][cube-solver-7][DEBUG] Solving cube (l0 = union(), l1 = cross_join([1]), l2 = anti_join())
[   255.746][cube-solver-7][DEBUG] Solving cube (l0 = union(), l1 = cross_join([1]), l2 = left_join())
[   255.899][cube-solver-7][DEBUG] Solving cube (l0 = union(), l1 = cross_join([1]), l2 = union())
[   256.052][cube-solver-7][DEBUG] Solving cube (l0 = union(), l1 = cross_join([1]), l2 = intersect())
[   256.530][cube-solver-7][DEBUG] Solving cube (l0 = union(), l1 = cross_join([1]), l2 = semi_join())
[   256.682][cube-solver-7][DEBUG] Solving cube (l0 = union(), l1 = cross_join([1]), l2 = cross_join([1]))
[   256.836][cube-solver-7][DEBUG] Solving cube (l0 = union(), l1 = cross_join([1]), l2 = inner_join())
[   259.148][cube-solver-7][DEBUG] Solving cube (l0 = union(), l1 = inner_join(), l2 = natural_join())
[   263.814][cube-solver-6][DEBUG] Solving cube (l0 = union(), l1 = inner_join(), l2 = natural_join3())
[   299.009][cube-solver-15][DEBUG] Solving cube (l0 = union(), l1 = inner_join(), l2 = natural_join4())
[   299.014][cube-solver-15][DEBUG] Solving cube (l0 = union(), l1 = inner_join(), l2 = anti_join())
[   299.669][cube-solver-8][DEBUG] Solving cube (l0 = union(), l1 = inner_join(), l2 = left_join())
[   309.485][cube-solver-9][DEBUG] Solving cube (l0 = union(), l1 = inner_join(), l2 = union())
[   325.802][cube-solver-1][DEBUG] Solving cube (l0 = union(), l1 = inner_join(), l2 = intersect())
[   339.604][cube-solver-14][DEBUG] Solving cube (l0 = union(), l1 = inner_join(), l2 = semi_join())
[   344.814][cube-solver-1][DEBUG] Solving cube (l0 = union(), l1 = inner_join(), l2 = cross_join([1]))
[   348.326][cube-solver-1][DEBUG] Solving cube (l0 = union(), l1 = inner_join(), l2 = inner_join())
[   420.119][cube-solver-10][DEBUG] Solving cube (l0 = intersect(), l1 = natural_join(), l2 = anti_join())
[   420.121][cube-solver-10][DEBUG] Solving cube (l0 = intersect(), l1 = natural_join(), l2 = left_join())
[   420.883][cube-solver-10][DEBUG] Solving cube (l0 = intersect(), l1 = natural_join(), l2 = union())
[   421.596][cube-solver-10][DEBUG] Solving cube (l0 = intersect(), l1 = natural_join(), l2 = intersect())
[   424.402][cube-solver-10][DEBUG] Solving cube (l0 = intersect(), l1 = natural_join(), l2 = semi_join())
[   425.147][cube-solver-10][DEBUG] Solving cube (l0 = intersect(), l1 = natural_join(), l2 = cross_join([1]))
[   425.825][cube-solver-10][DEBUG] Solving cube (l0 = intersect(), l1 = natural_join(), l2 = inner_join())
[   442.674][cube-solver-5][DEBUG] Solving cube (l0 = intersect(), l1 = natural_join(), l2 = natural_join())
[   443.501][cube-solver-5][DEBUG] Solving cube (l0 = intersect(), l1 = natural_join(), l2 = natural_join3())
[   443.503][cube-solver-5][DEBUG] Solving cube (l0 = intersect(), l1 = natural_join(), l2 = natural_join4())
[   443.504][cube-solver-5][DEBUG] Solving cube (l0 = intersect(), l1 = natural_join3(), l2 = anti_join())
[   443.506][cube-solver-5][DEBUG] Solving cube (l0 = intersect(), l1 = natural_join3(), l2 = left_join())
[   443.507][cube-solver-5][DEBUG] Solving cube (l0 = intersect(), l1 = natural_join3(), l2 = union())
[   443.509][cube-solver-5][DEBUG] Solving cube (l0 = intersect(), l1 = natural_join3(), l2 = intersect())
[   443.510][cube-solver-5][DEBUG] Solving cube (l0 = intersect(), l1 = natural_join3(), l2 = semi_join())
[   443.512][cube-solver-5][DEBUG] Solving cube (l0 = intersect(), l1 = natural_join3(), l2 = cross_join([1]))
[   443.514][cube-solver-5][DEBUG] Solving cube (l0 = intersect(), l1 = natural_join3(), l2 = inner_join())
[   443.515][cube-solver-5][DEBUG] Solving cube (l0 = intersect(), l1 = natural_join3(), l2 = natural_join())
[   443.516][cube-solver-5][DEBUG] Solving cube (l0 = intersect(), l1 = natural_join3(), l2 = natural_join3())
[   443.518][cube-solver-5][DEBUG] Solving cube (l0 = intersect(), l1 = natural_join3(), l2 = natural_join4())
[   443.519][cube-solver-5][DEBUG] Solving cube (l0 = intersect(), l1 = natural_join4(), l2 = anti_join())
[   443.520][cube-solver-5][DEBUG] Solving cube (l0 = intersect(), l1 = natural_join4(), l2 = left_join())
[   443.522][cube-solver-5][DEBUG] Solving cube (l0 = intersect(), l1 = natural_join4(), l2 = union())
[   443.523][cube-solver-5][DEBUG] Solving cube (l0 = intersect(), l1 = natural_join4(), l2 = intersect())
[   443.524][cube-solver-5][DEBUG] Solving cube (l0 = intersect(), l1 = natural_join4(), l2 = semi_join())
[   443.526][cube-solver-5][DEBUG] Solving cube (l0 = intersect(), l1 = natural_join4(), l2 = cross_join([1]))
[   443.527][cube-solver-5][DEBUG] Solving cube (l0 = intersect(), l1 = natural_join4(), l2 = inner_join())
[   443.529][cube-solver-5][DEBUG] Solving cube (l0 = intersect(), l1 = natural_join4(), l2 = natural_join())
[   443.530][cube-solver-5][DEBUG] Solving cube (l0 = intersect(), l1 = natural_join4(), l2 = natural_join3())
[   443.531][cube-solver-5][DEBUG] Solving cube (l0 = intersect(), l1 = natural_join4(), l2 = natural_join4())
[   443.533][cube-solver-5][DEBUG] Solving cube (l0 = intersect(), l1 = anti_join(), l2 = natural_join())
[   447.070][cube-solver-5][DEBUG] Solving cube (l0 = intersect(), l1 = anti_join(), l2 = natural_join3())
[   447.072][cube-solver-5][DEBUG] Solving cube (l0 = intersect(), l1 = anti_join(), l2 = natural_join4())
[   447.075][cube-solver-5][DEBUG] Solving cube (l0 = intersect(), l1 = anti_join(), l2 = anti_join())
[   447.077][cube-solver-5][DEBUG] Solving cube (l0 = intersect(), l1 = anti_join(), l2 = left_join())
[   451.787][cube-solver-5][DEBUG] Solving cube (l0 = intersect(), l1 = anti_join(), l2 = union())
[   456.207][cube-solver-5][DEBUG] Solving cube (l0 = intersect(), l1 = anti_join(), l2 = intersect())
[   470.185][cube-solver-13][DEBUG] Solving cube (l0 = intersect(), l1 = anti_join(), l2 = semi_join())
[   471.160][cube-solver-5][DEBUG] Solving cube (l0 = intersect(), l1 = anti_join(), l2 = cross_join([1]))
[   474.657][cube-solver-13][DEBUG] Solving cube (l0 = intersect(), l1 = anti_join(), l2 = inner_join())
[   475.506][cube-solver-5][DEBUG] Solving cube (l0 = intersect(), l1 = left_join(), l2 = natural_join())
[   476.612][cube-solver-5][DEBUG] Solving cube (l0 = intersect(), l1 = left_join(), l2 = natural_join3())
[   478.852][cube-solver-5][DEBUG] Solving cube (l0 = intersect(), l1 = left_join(), l2 = natural_join4())
[   478.855][cube-solver-5][DEBUG] Solving cube (l0 = intersect(), l1 = left_join(), l2 = anti_join())
[   486.469][cube-solver-5][DEBUG] Solving cube (l0 = intersect(), l1 = left_join(), l2 = left_join())
[   487.982][cube-solver-5][DEBUG] Solving cube (l0 = intersect(), l1 = left_join(), l2 = union())
[   489.289][cube-solver-5][DEBUG] Solving cube (l0 = intersect(), l1 = left_join(), l2 = intersect())
[   494.347][cube-solver-5][DEBUG] Solving cube (l0 = intersect(), l1 = left_join(), l2 = semi_join())
[   495.848][cube-solver-5][DEBUG] Solving cube (l0 = intersect(), l1 = left_join(), l2 = cross_join([1]))
[   497.115][cube-solver-5][DEBUG] Solving cube (l0 = intersect(), l1 = left_join(), l2 = inner_join())
[   498.191][cube-solver-7][DEBUG] Solving cube (l0 = intersect(), l1 = union(), l2 = natural_join())
[   499.190][cube-solver-7][DEBUG] Solving cube (l0 = intersect(), l1 = union(), l2 = natural_join3())
[   501.137][cube-solver-7][DEBUG] Solving cube (l0 = intersect(), l1 = union(), l2 = natural_join4())
[   501.139][cube-solver-7][DEBUG] Solving cube (l0 = intersect(), l1 = union(), l2 = anti_join())
[   508.122][cube-solver-7][DEBUG] Solving cube (l0 = intersect(), l1 = union(), l2 = left_join())
[   509.433][cube-solver-7][DEBUG] Solving cube (l0 = intersect(), l1 = union(), l2 = union())
[   510.673][cube-solver-7][DEBUG] Solving cube (l0 = intersect(), l1 = union(), l2 = intersect())
[   510.837][cube-solver-14][DEBUG] Solving cube (l0 = intersect(), l1 = union(), l2 = semi_join())
[   512.089][cube-solver-14][DEBUG] Solving cube (l0 = intersect(), l1 = union(), l2 = cross_join([1]))
[   513.303][cube-solver-14][DEBUG] Solving cube (l0 = intersect(), l1 = union(), l2 = inner_join())
[   515.761][cube-solver-7][DEBUG] Solving cube (l0 = intersect(), l1 = intersect(), l2 = natural_join())
[   519.331][cube-solver-7][DEBUG] Solving cube (l0 = intersect(), l1 = intersect(), l2 = natural_join3())
[   525.838][cube-solver-7][DEBUG] Solving cube (l0 = intersect(), l1 = intersect(), l2 = natural_join4())
[   525.839][cube-solver-7][DEBUG] Solving cube (l0 = intersect(), l1 = intersect(), l2 = anti_join())
[   529.013][cube-solver-0][DEBUG] Solving cube (l0 = intersect(), l1 = intersect(), l2 = left_join())
[   533.314][cube-solver-0][DEBUG] Solving cube (l0 = intersect(), l1 = intersect(), l2 = union())
[   537.627][cube-solver-0][DEBUG] Solving cube (l0 = intersect(), l1 = intersect(), l2 = intersect())
[   551.063][cube-solver-7][DEBUG] Solving cube (l0 = intersect(), l1 = intersect(), l2 = semi_join())
[   551.149][cube-solver-0][DEBUG] Solving cube (l0 = intersect(), l1 = intersect(), l2 = cross_join([1]))
[   555.419][cube-solver-0][DEBUG] Solving cube (l0 = intersect(), l1 = intersect(), l2 = inner_join())
[   555.491][cube-solver-7][DEBUG] Solving cube (l0 = intersect(), l1 = semi_join(), l2 = natural_join())
[   556.558][cube-solver-7][DEBUG] Solving cube (l0 = intersect(), l1 = semi_join(), l2 = natural_join3())
[   558.640][cube-solver-7][DEBUG] Solving cube (l0 = intersect(), l1 = semi_join(), l2 = natural_join4())
[   558.642][cube-solver-7][DEBUG] Solving cube (l0 = intersect(), l1 = semi_join(), l2 = anti_join())
[   566.146][cube-solver-7][DEBUG] Solving cube (l0 = intersect(), l1 = semi_join(), l2 = left_join())
[   567.503][cube-solver-7][DEBUG] Solving cube (l0 = intersect(), l1 = semi_join(), l2 = union())
[   568.805][cube-solver-7][DEBUG] Solving cube (l0 = intersect(), l1 = semi_join(), l2 = intersect())
[   573.754][cube-solver-7][DEBUG] Solving cube (l0 = intersect(), l1 = semi_join(), l2 = semi_join())
[   575.097][cube-solver-7][DEBUG] Solving cube (l0 = intersect(), l1 = semi_join(), l2 = cross_join([1]))
[   576.313][cube-solver-7][DEBUG] Solving cube (l0 = intersect(), l1 = semi_join(), l2 = inner_join())
[   589.375][cube-solver-8][DEBUG] Solving cube (l0 = intersect(), l1 = cross_join([1]), l2 = natural_join())
[   590.389][cube-solver-8][DEBUG] Solving cube (l0 = intersect(), l1 = cross_join([1]), l2 = natural_join3())
[   591.566][cube-solver-8][DEBUG] Solving cube (l0 = intersect(), l1 = cross_join([1]), l2 = natural_join4())
[   591.570][cube-solver-8][DEBUG] Solving cube (l0 = intersect(), l1 = cross_join([1]), l2 = anti_join())
[   596.619][cube-solver-8][DEBUG] Solving cube (l0 = intersect(), l1 = cross_join([1]), l2 = left_join())
[   597.556][cube-solver-8][DEBUG] Solving cube (l0 = intersect(), l1 = cross_join([1]), l2 = union())
[   598.603][cube-solver-8][DEBUG] Solving cube (l0 = intersect(), l1 = cross_join([1]), l2 = intersect())
[   599.123][cube-solver-9][DEBUG] Solving cube (l0 = intersect(), l1 = cross_join([1]), l2 = semi_join())
[   599.967][cube-solver-9][DEBUG] Solving cube (l0 = intersect(), l1 = cross_join([1]), l2 = cross_join([1]))
[   600.066][MainProcess][INFO] Statistics:
[   600.067][MainProcess][INFO] 	Generated cubes: 799
[   600.067][MainProcess][INFO] 	Attempted programs: 20914
[   600.067][MainProcess][INFO] 		Rejected: 9764
[   600.067][MainProcess][INFO] 		Failed: 11150
[   600.067][MainProcess][INFO] 	Blacklist clauses: 1
[   600.067][MainProcess][DEBUG] Printing statistics for good programs of size 1
[   600.070][MainProcess][DEBUG] 	0: Counter({'inner_join': 2064})
[   600.070][MainProcess][DEBUG] Printing statistics for good programs of size 2
[   600.239][MainProcess][DEBUG] 	0: Counter({'inner_join': 105255, 'left_join': 6192, 'union': 6192, 'semi_join': 6192})
[   600.281][MainProcess][DEBUG] 	1: Counter({'inner_join': 88743, 'anti_join': 14448, 'union': 6192, 'left_join': 6192, 'natural_join': 4128, 'semi_join': 4128})
[   600.281][MainProcess][DEBUG] Printing statistics for good programs of size 3
[   600.470][MainProcess][DEBUG] 	0: Counter({'left_join': 498543, 'union': 405012, 'intersect': 59503})
[   600.646][MainProcess][DEBUG] 	1: Counter({'inner_join': 516904, 'anti_join': 148589, 'left_join': 82125, 'union': 80465, 'semi_join': 72609, 'natural_join': 62366})
[   600.822][MainProcess][DEBUG] 	2: Counter({'inner_join': 529819, 'anti_join': 103141, 'natural_join3': 90674, 'left_join': 70176, 'union': 70176, 'natural_join': 57792, 'semi_join': 41280})

No solution found
