[     1.557][MainProcess][INFO] Parsing specification...
[     1.567][MainProcess][WARNING] "attrs" field is deprecated. Please use "columns"
[     1.567][MainProcess][WARNING] "aggrs" field is deprecated. Please use "functions"
[     1.568][MainProcess][DEBUG] Reading input files...
[     1.587][MainProcess][INFO] Inferred data types for table tests-examples/scythe/recent_posts/tables/030_1.csv: ['string', 'int64', 'int64', 'float64', 'datetime64[ns]']
[     1.595][MainProcess][INFO] Inferred data types for table tests-examples/scythe/recent_posts/tables/030_2.csv: ['string', 'int64', 'int64', 'string', 'int64']
[     1.600][MainProcess][INFO] Inferred data types for table tests-examples/scythe/recent_posts/tables/030_o.csv: ['int64', 'int64', 'int64']
[     1.636][MainProcess][DEBUG] Generating DSL...
[     1.667][MainProcess][INFO] Creating 16 processes
[     1.733][MainProcess][DEBUG] Increasing generator loc to 2
[     1.734][MainProcess][DEBUG] Increasing generator loc to 3
[     1.738][MainProcess][DEBUG] Increasing generator loc to 4
[     1.779][MainProcess][DEBUG] Increasing generator loc to 5
[     1.968][MainProcess][DEBUG] Increasing generator loc to 6
[     3.893][MainProcess][DEBUG] Increasing generator loc to 7
[    23.446][MainProcess][DEBUG] Increasing generator loc to 8
[   221.782][cube-solver-0][DEBUG] Initialising process for 8 lines of code.
Traceback (most recent call last):
  File "./cubes.py", line 95, in <module>
    main()
  File "./cubes.py", line 87, in main
    program = synthesizer.synthesize()
  File "/home/rmbb/CUBES/squares/parallel_synthesizer.py", line 250, in synthesize
    cube = next(generator)
  File "/home/rmbb/CUBES/squares/dsl/dc.py", line 131, in __next__
    while not self.line_stack[-1]:
IndexError: list index out of range
