[     1.597][MainProcess][INFO] Parsing specification...
[     1.601][MainProcess][DEBUG] Reading input files...
[     1.607][MainProcess][INFO] Inferred data types for table tests-examples/scythe/recent_posts/tables/036_1.csv: ['int64', 'int64', 'int64']
[     1.613][MainProcess][INFO] Inferred data types for table tests-examples/scythe/recent_posts/tables/036_2.csv: ['int64', 'string']
[     1.618][MainProcess][INFO] Inferred data types for table tests-examples/scythe/recent_posts/tables/036_o.csv: ['int64', 'string']
[     1.648][MainProcess][DEBUG] Generating DSL...
[     1.665][MainProcess][INFO] Creating 16 processes
[     1.724][cube-solver-0][DEBUG] Initialising process for 1 lines of code.
[     1.725][cube-solver-2][DEBUG] Initialising process for 1 lines of code.
[     1.724][cube-solver-1][DEBUG] Initialising process for 1 lines of code.
[     1.725][MainProcess][DEBUG] Increasing generator loc to 2
[     1.725][cube-solver-4][DEBUG] Initialising process for 1 lines of code.
[     1.725][cube-solver-5][DEBUG] Initialising process for 1 lines of code.
[     1.725][cube-solver-3][DEBUG] Initialising process for 1 lines of code.
[     1.729][cube-solver-6][DEBUG] Initialising process for 1 lines of code.
[     1.734][cube-solver-8][DEBUG] Initialising process for 1 lines of code.
[     1.734][cube-solver-7][DEBUG] Initialising process for 1 lines of code.
[     1.735][cube-solver-9][DEBUG] Initialising process for 1 lines of code.
[     1.742][cube-solver-10][DEBUG] Initialising process for 2 lines of code.
[     1.749][cube-solver-11][DEBUG] Initialising process for 2 lines of code.
[     1.752][cube-solver-13][DEBUG] Initialising process for 2 lines of code.
[     1.755][cube-solver-12][DEBUG] Initialising process for 2 lines of code.
[     1.764][cube-solver-15][DEBUG] Initialising process for 2 lines of code.
[     1.766][cube-solver-14][DEBUG] Initialising process for 2 lines of code.
[     1.860][cube-solver-2][DEBUG] Solving cube (l0 = natural_join4(),)
[     1.862][cube-solver-2][DEBUG] Initialising process for 2 lines of code.
[     1.868][cube-solver-8][DEBUG] Solving cube (l0 = cross_join(),)
[     1.869][cube-solver-9][DEBUG] Solving cube (l0 = inner_join(),)
[     1.886][cube-solver-8][DEBUG] Initialising process for 2 lines of code.
[     1.893][cube-solver-0][DEBUG] Solving cube (l0 = natural_join(),)
[     1.899][cube-solver-7][DEBUG] Solving cube (l0 = semi_join(),)
[     1.900][cube-solver-4][DEBUG] Solving cube (l0 = left_join(),)
[     1.920][cube-solver-0][DEBUG] Initialising process for 2 lines of code.
[     1.920][cube-solver-6][DEBUG] Solving cube (l0 = intersect(),)
[     1.926][cube-solver-7][DEBUG] Initialising process for 2 lines of code.
[     1.939][cube-solver-4][DEBUG] Initialising process for 2 lines of code.
[     1.970][cube-solver-1][DEBUG] Solving cube (l0 = natural_join3(),)
[     1.971][cube-solver-3][DEBUG] Solving cube (l0 = anti_join(),)
[     1.972][cube-solver-5][DEBUG] Solving cube (l0 = union(),)
[     1.973][cube-solver-1][DEBUG] Initialising process for 2 lines of code.
[     2.024][cube-solver-13][DEBUG] Solving cube (l0 = natural_join([2]), l1 = intersect())
[     2.025][cube-solver-10][DEBUG] Solving cube (l0 = natural_join([2]), l1 = anti_join([3]))
[     2.029][cube-solver-10][DEBUG] Solving cube (l0 = natural_join3(), l1 = union())
[     2.030][cube-solver-13][DEBUG] Solving cube (l0 = natural_join3(), l1 = intersect())
[     2.031][cube-solver-10][DEBUG] Solving cube (l0 = natural_join3(), l1 = semi_join([2]))
[     2.033][cube-solver-13][DEBUG] Solving cube (l0 = natural_join3(), l1 = cross_join([2]))
[     2.033][cube-solver-10][DEBUG] Solving cube (l0 = natural_join3(), l1 = inner_join([12]))
[     2.037][cube-solver-13][DEBUG] Solving cube (l0 = natural_join3(), l1 = natural_join([2]))
[     2.040][cube-solver-10][DEBUG] Solving cube (l0 = natural_join3(), l1 = natural_join3())
[     2.041][cube-solver-13][DEBUG] Solving cube (l0 = natural_join3(), l1 = natural_join4())
[     2.042][cube-solver-10][DEBUG] Solving cube (l0 = natural_join4(), l1 = anti_join([5]))
[     2.043][cube-solver-13][DEBUG] Solving cube (l0 = natural_join4(), l1 = left_join([2]))
[     2.045][cube-solver-10][DEBUG] Solving cube (l0 = natural_join4(), l1 = union())
[     2.047][cube-solver-10][DEBUG] Solving cube (l0 = natural_join4(), l1 = semi_join([2]))
[     2.046][cube-solver-13][DEBUG] Solving cube (l0 = natural_join4(), l1 = intersect())
[     2.049][cube-solver-13][DEBUG] Solving cube (l0 = natural_join4(), l1 = cross_join([2]))
[     2.048][cube-solver-15][DEBUG] Solving cube (l0 = natural_join([2]), l1 = cross_join([2]))
[     2.049][cube-solver-10][DEBUG] Solving cube (l0 = natural_join4(), l1 = inner_join([13]))
[     2.053][cube-solver-13][DEBUG] Solving cube (l0 = natural_join4(), l1 = natural_join([2]))
[     2.055][cube-solver-15][DEBUG] Solving cube (l0 = natural_join4(), l1 = natural_join3())
[     2.056][cube-solver-13][DEBUG] Solving cube (l0 = natural_join4(), l1 = natural_join4())
[     2.056][cube-solver-10][DEBUG] Solving cube (l0 = anti_join([6]), l1 = natural_join([2]))
[     2.058][cube-solver-15][DEBUG] Solving cube (l0 = anti_join([6]), l1 = natural_join3())
[     2.058][cube-solver-13][DEBUG] Solving cube (l0 = anti_join([6]), l1 = natural_join4())
[     2.064][cube-solver-15][DEBUG] Solving cube (l0 = anti_join([7]), l1 = anti_join([7]))
[     2.067][cube-solver-13][DEBUG] Solving cube (l0 = anti_join([7]), l1 = left_join([2]))
[     2.077][cube-solver-15][DEBUG] Solving cube (l0 = anti_join([8]), l1 = union())
[     2.082][cube-solver-12][DEBUG] Solving cube (l0 = natural_join([2]), l1 = union())
[     2.087][cube-solver-12][DEBUG] Solving cube (l0 = anti_join([10]), l1 = intersect([1]))
[     2.088][cube-solver-11][DEBUG] Solving cube (l0 = natural_join([2]), l1 = left_join([2]))
[     2.094][cube-solver-11][DEBUG] Solving cube (l0 = anti_join([11]), l1 = semi_join([2]))
[     2.217][cube-solver-7][DEBUG] Solving cube (l0 = natural_join([2]), l1 = natural_join4())
[     2.228][cube-solver-7][DEBUG] Solving cube (l0 = anti_join([29]), l1 = cross_join([2]))
[     2.268][cube-solver-14][DEBUG] Solving cube (l0 = natural_join([2]), l1 = semi_join([2]))
[     2.277][cube-solver-14][DEBUG] Solving cube (l0 = anti_join([32]), l1 = inner_join([31]))
[     2.280][cube-solver-6][DEBUG] Initialising process for 2 lines of code.
[     2.295][cube-solver-2][DEBUG] Solving cube (l0 = natural_join([2]), l1 = inner_join([31]))
[     2.307][cube-solver-14][DEBUG] Solving cube (l0 = left_join([2]), l1 = natural_join3())
[     2.320][cube-solver-2][DEBUG] Solving cube (l0 = left_join([2]), l1 = natural_join4())
[     2.325][cube-solver-2][DEBUG] Solving cube (l0 = left_join([2]), l1 = anti_join([32]))
[     2.351][cube-solver-8][DEBUG] Solving cube (l0 = natural_join([2]), l1 = natural_join([2]))
[     2.359][cube-solver-8][DEBUG] Solving cube (l0 = left_join([2]), l1 = left_join([2]))
[     2.364][cube-solver-3][DEBUG] Initialising process for 2 lines of code.
[     2.364][cube-solver-1][DEBUG] Solving cube (l0 = natural_join3(), l1 = left_join([2]))
[     2.370][cube-solver-1][DEBUG] Solving cube (l0 = left_join([2]), l1 = intersect([10]))
[     2.377][cube-solver-0][DEBUG] Solving cube (l0 = natural_join([2]), l1 = natural_join3())
[     2.382][cube-solver-0][DEBUG] Solving cube (l0 = left_join([2]), l1 = semi_join([2]))
[     2.384][cube-solver-4][DEBUG] Solving cube (l0 = natural_join3(), l1 = anti_join([32]))
[     2.406][cube-solver-4][DEBUG] Solving cube (l0 = left_join([2]), l1 = cross_join([2]))
[     2.428][cube-solver-7][DEBUG] Solving cube (l0 = union(), l1 = natural_join([2]))
[     2.428][cube-solver-8][DEBUG] Solving cube (l0 = left_join([2]), l1 = inner_join([31]))
[     2.449][cube-solver-4][DEBUG] Solving cube (l0 = union(), l1 = natural_join3())
[     2.468][cube-solver-0][DEBUG] Solving cube (l0 = union(), l1 = natural_join4())
[     2.474][cube-solver-0][DEBUG] Solving cube (l0 = union(), l1 = anti_join([32]))
[     2.559][cube-solver-14][DEBUG] Solving cube (l0 = union(), l1 = left_join([2]))
[     2.577][cube-solver-6][DEBUG] Solving cube (l0 = left_join([2]), l1 = natural_join([2]))
[     2.643][cube-solver-6][DEBUG] Solving cube (l0 = union(), l1 = union())
[     2.689][cube-solver-5][DEBUG] Initialising process for 2 lines of code.
[     2.720][cube-solver-3][DEBUG] Solving cube (l0 = left_join([2]), l1 = union())
[     2.965][cube-solver-1][DEBUG] Solving cube (l0 = union(), l1 = semi_join([2]))
[     3.100][cube-solver-5][DEBUG] Solving cube (l0 = union(), l1 = intersect([10]))
[     3.138][cube-solver-10][DEBUG] Solving cube (l0 = union(), l1 = cross_join([2]))
[     3.176][cube-solver-2][DEBUG] Solving cube (l0 = union(), l1 = inner_join([75]))
[     3.202][cube-solver-11][DEBUG] Solving cube (l0 = intersect([10]), l1 = natural_join([2]))
[     3.317][cube-solver-10][DEBUG] Solving cube (l0 = intersect([10]), l1 = natural_join3())
[     3.377][cube-solver-13][DEBUG] Solving cube (l0 = intersect([10]), l1 = natural_join4())
[     3.388][cube-solver-13][DEBUG] Solving cube (l0 = intersect([10]), l1 = anti_join([32]))
[     3.620][cube-solver-15][DEBUG] Solving cube (l0 = intersect([13]), l1 = left_join([2]))
[     3.926][cube-solver-11][DEBUG] Solving cube (l0 = intersect([15]), l1 = union())
[     3.991][cube-solver-15][DEBUG] Solving cube (l0 = intersect([15]), l1 = intersect([15]))
[     4.461][cube-solver-3][DEBUG] Solving cube (l0 = intersect([15]), l1 = semi_join([2]))
[     4.471][cube-solver-5][DEBUG] Solving cube (l0 = intersect([15]), l1 = cross_join([2]))
[     4.551][cube-solver-10][DEBUG] Solving cube (l0 = intersect([15]), l1 = inner_join([175]))
[     4.606][cube-solver-5][DEBUG] Solving cube (l0 = semi_join([2]), l1 = natural_join([2]))
[     4.643][cube-solver-3][DEBUG] Solving cube (l0 = semi_join([2]), l1 = natural_join3())
[     4.651][cube-solver-5][DEBUG] Solving cube (l0 = semi_join([2]), l1 = natural_join4())
[     4.655][cube-solver-5][DEBUG] Solving cube (l0 = semi_join([2]), l1 = anti_join([32]))
[     4.796][cube-solver-3][DEBUG] Solving cube (l0 = semi_join([2]), l1 = left_join([2]))
[     4.845][cube-solver-3][DEBUG] Solving cube (l0 = semi_join([2]), l1 = union())
[     5.075][cube-solver-7][DEBUG] Solving cube (l0 = semi_join([2]), l1 = intersect([15]))
[     5.197][cube-solver-1][DEBUG] Solving cube (l0 = semi_join([2]), l1 = semi_join([2]))
[     5.253][cube-solver-1][DEBUG] Solving cube (l0 = semi_join([2]), l1 = cross_join([2]))
[     5.281][cube-solver-4][DEBUG] Solving cube (l0 = semi_join([2]), l1 = inner_join([204]))
[     5.284][cube-solver-15][DEBUG] Solving cube (l0 = cross_join([2]), l1 = natural_join([2]))
[     5.300][cube-solver-1][DEBUG] Solving cube (l0 = cross_join([3]), l1 = natural_join3())
[     5.333][cube-solver-15][DEBUG] Solving cube (l0 = cross_join([4]), l1 = natural_join4())
[     5.340][cube-solver-15][DEBUG] Solving cube (l0 = cross_join([4]), l1 = anti_join([32]))
[     5.343][cube-solver-5][DEBUG] Solving cube (l0 = cross_join([4]), l1 = left_join([2]))
[     5.347][cube-solver-5][DEBUG] Solving cube (l0 = cross_join([4]), l1 = union())
[     5.348][cube-solver-1][DEBUG] Solving cube (l0 = cross_join([4]), l1 = intersect([15]))
[     5.350][cube-solver-5][DEBUG] Solving cube (l0 = cross_join([4]), l1 = semi_join([2]))
[     5.354][cube-solver-5][DEBUG] Solving cube (l0 = cross_join([4]), l1 = cross_join([4]))
[     5.383][cube-solver-5][DEBUG] Solving cube (l0 = cross_join([4]), l1 = inner_join([209]))
[     5.396][cube-solver-1][DEBUG] Solving cube (l0 = inner_join([209]), l1 = natural_join([2]))
[     5.410][cube-solver-15][DEBUG] Solving cube (l0 = inner_join([209]), l1 = natural_join3())
[     5.496][cube-solver-5][DEBUG] Solving cube (l0 = inner_join([209]), l1 = natural_join4())
[     5.559][cube-solver-7][DEBUG] Solving cube (l0 = inner_join([214]), l1 = anti_join([32]))
[     5.613][cube-solver-5][DEBUG] Solving cube (l0 = inner_join([223]), l1 = left_join([2]))
[     5.632][cube-solver-11][DEBUG] Solving cube (l0 = inner_join([223]), l1 = union())
[     6.047][cube-solver-14][DEBUG] Solving cube (l0 = inner_join([279]), l1 = intersect([15]))
[     6.169][cube-solver-3][DEBUG] Solving cube (l0 = inner_join([291]), l1 = semi_join([2]))
[     6.641][cube-solver-9][DEBUG] Initialising process for 2 lines of code.
[     7.029][cube-solver-9][DEBUG] Solving cube (l0 = inner_join([391]), l1 = cross_join([4]))
[     7.185][cube-solver-6][DEBUG] Solving cube (l0 = inner_join([428]), l1 = inner_join([428]))
[     7.435][MainProcess][DEBUG] Increasing generator loc to 3
[     7.435][cube-solver-12][DEBUG] Initialising process for 3 lines of code.
[     7.927][cube-solver-12][DEBUG] Solving cube (l0 = natural_join([2]), l1 = anti_join([32]), l2 = natural_join([2]))
[     7.954][cube-solver-12][DEBUG] Solving cube (l0 = natural_join([2]), l1 = anti_join([32]), l2 = natural_join3())
[     7.977][cube-solver-12][DEBUG] Solving cube (l0 = natural_join([2]), l1 = anti_join([32]), l2 = natural_join4())
[     7.995][cube-solver-12][DEBUG] Solving cube (l0 = natural_join([2]), l1 = anti_join([32]), l2 = anti_join([32]))
[     8.024][cube-solver-12][DEBUG] Solving cube (l0 = natural_join([2]), l1 = anti_join([32]), l2 = left_join([2]))
[     8.041][cube-solver-12][DEBUG] Solving cube (l0 = natural_join([2]), l1 = anti_join([32]), l2 = union())
[     8.058][cube-solver-12][DEBUG] Solving cube (l0 = natural_join([2]), l1 = anti_join([32]), l2 = intersect([15]))
[     8.080][cube-solver-12][DEBUG] Solving cube (l0 = natural_join([2]), l1 = anti_join([32]), l2 = semi_join([2]))
[     8.097][cube-solver-12][DEBUG] Solving cube (l0 = natural_join([2]), l1 = anti_join([32]), l2 = cross_join([4]))
[     8.218][cube-solver-12][DEBUG] Solving cube (l0 = natural_join([2]), l1 = anti_join([32]), l2 = inner_join([457]))
[     8.437][cube-solver-12][DEBUG] Solving cube (l0 = natural_join([2]), l1 = left_join([2]), l2 = natural_join([2]))
[     8.446][cube-solver-12][DEBUG] Solving cube (l0 = natural_join([2]), l1 = left_join([2]), l2 = natural_join3())
[     8.451][cube-solver-12][DEBUG] Solving cube (l0 = natural_join([2]), l1 = left_join([2]), l2 = natural_join4())
[     8.455][cube-solver-12][DEBUG] Solving cube (l0 = natural_join([2]), l1 = left_join([2]), l2 = anti_join([32]))
[     8.473][cube-solver-12][DEBUG] Solving cube (l0 = natural_join([2]), l1 = left_join([2]), l2 = left_join([2]))
[     8.485][cube-solver-12][DEBUG] Solving cube (l0 = natural_join([2]), l1 = left_join([2]), l2 = union())
[     8.491][cube-solver-12][DEBUG] Solving cube (l0 = natural_join([2]), l1 = left_join([2]), l2 = intersect([15]))
[     8.506][cube-solver-12][DEBUG] Solving cube (l0 = natural_join([2]), l1 = left_join([2]), l2 = semi_join([2]))
[     8.513][cube-solver-12][DEBUG] Solving cube (l0 = natural_join([2]), l1 = left_join([2]), l2 = cross_join([4]))
[     8.568][cube-solver-12][DEBUG] Solving cube (l0 = natural_join([2]), l1 = left_join([2]), l2 = inner_join([475]))
[     8.781][cube-solver-13][DEBUG] Initialising process for 3 lines of code.
[     8.788][cube-solver-12][DEBUG] Solving cube (l0 = natural_join([2]), l1 = union(), l2 = natural_join3())
[     8.805][cube-solver-12][DEBUG] Solving cube (l0 = natural_join([2]), l1 = union(), l2 = natural_join4())
[     8.811][cube-solver-12][DEBUG] Solving cube (l0 = natural_join([2]), l1 = union(), l2 = anti_join([32]))
[     8.827][cube-solver-12][DEBUG] Solving cube (l0 = natural_join([2]), l1 = union(), l2 = left_join([2]))
[     8.833][cube-solver-12][DEBUG] Solving cube (l0 = natural_join([2]), l1 = union(), l2 = union())
[     8.838][cube-solver-12][DEBUG] Solving cube (l0 = natural_join([2]), l1 = union(), l2 = intersect([15]))
[     8.854][cube-solver-12][DEBUG] Solving cube (l0 = natural_join([2]), l1 = union(), l2 = semi_join([2]))
[     8.860][cube-solver-12][DEBUG] Solving cube (l0 = natural_join([2]), l1 = union(), l2 = cross_join([4]))
[     8.917][cube-solver-12][DEBUG] Solving cube (l0 = natural_join([2]), l1 = union(), l2 = inner_join([487]))
[     9.161][cube-solver-12][DEBUG] Solving cube (l0 = natural_join([2]), l1 = intersect([15]), l2 = natural_join([2]))
[     9.186][cube-solver-12][DEBUG] Solving cube (l0 = natural_join([2]), l1 = intersect([15]), l2 = natural_join3())
[     9.202][cube-solver-12][DEBUG] Solving cube (l0 = natural_join([2]), l1 = intersect([15]), l2 = natural_join4())
[     9.220][cube-solver-12][DEBUG] Solving cube (l0 = natural_join([2]), l1 = intersect([15]), l2 = anti_join([32]))
[     9.265][cube-solver-12][DEBUG] Solving cube (l0 = natural_join([2]), l1 = intersect([15]), l2 = left_join([2]))
[     9.283][cube-solver-12][DEBUG] Solving cube (l0 = natural_join([2]), l1 = intersect([15]), l2 = union())
[     9.301][cube-solver-12][DEBUG] Solving cube (l0 = natural_join([2]), l1 = intersect([15]), l2 = intersect([15]))
[     9.328][cube-solver-12][DEBUG] Solving cube (l0 = natural_join([2]), l1 = intersect([15]), l2 = semi_join([2]))
[     9.345][cube-solver-13][DEBUG] Solving cube (l0 = natural_join([2]), l1 = union(), l2 = natural_join([2]))
[     9.346][cube-solver-12][DEBUG] Solving cube (l0 = natural_join([2]), l1 = intersect([15]), l2 = cross_join([4]))
[     9.389][cube-solver-12][DEBUG] Solving cube (l0 = natural_join([2]), l1 = semi_join([2]), l2 = natural_join([2]))
[     9.397][cube-solver-12][DEBUG] Solving cube (l0 = natural_join([2]), l1 = semi_join([2]), l2 = natural_join3())
[     9.402][cube-solver-13][DEBUG] Solving cube (l0 = natural_join([2]), l1 = intersect([15]), l2 = inner_join([505]))
[     9.403][cube-solver-12][DEBUG] Solving cube (l0 = natural_join([2]), l1 = semi_join([2]), l2 = natural_join4())
[     9.410][cube-solver-12][DEBUG] Solving cube (l0 = natural_join([2]), l1 = semi_join([2]), l2 = anti_join([32]))
[     9.441][cube-solver-12][DEBUG] Solving cube (l0 = natural_join([2]), l1 = semi_join([2]), l2 = left_join([2]))
[     9.447][cube-solver-12][DEBUG] Solving cube (l0 = natural_join([2]), l1 = semi_join([2]), l2 = union())
[     9.451][cube-solver-12][DEBUG] Solving cube (l0 = natural_join([2]), l1 = semi_join([2]), l2 = intersect([15]))
[     9.461][cube-solver-12][DEBUG] Solving cube (l0 = natural_join([2]), l1 = semi_join([2]), l2 = semi_join([2]))
[     9.466][cube-solver-12][DEBUG] Solving cube (l0 = natural_join([2]), l1 = semi_join([2]), l2 = cross_join([4]))
[     9.526][cube-solver-12][DEBUG] Solving cube (l0 = natural_join([2]), l1 = semi_join([2]), l2 = inner_join([511]))
[     9.637][cube-solver-13][DEBUG] Solving cube (l0 = natural_join([2]), l1 = cross_join([4]), l2 = natural_join([2]))
[     9.652][cube-solver-13][DEBUG] Solving cube (l0 = natural_join([2]), l1 = cross_join([4]), l2 = natural_join3())
[     9.662][cube-solver-13][DEBUG] Solving cube (l0 = natural_join([2]), l1 = cross_join([4]), l2 = natural_join4())
[     9.671][cube-solver-13][DEBUG] Solving cube (l0 = natural_join([2]), l1 = cross_join([4]), l2 = anti_join([32]))
[     9.705][cube-solver-13][DEBUG] Solving cube (l0 = natural_join([2]), l1 = cross_join([4]), l2 = left_join([2]))
[     9.716][cube-solver-13][DEBUG] Solving cube (l0 = natural_join([2]), l1 = cross_join([4]), l2 = union())
[     9.725][cube-solver-13][DEBUG] Solving cube (l0 = natural_join([2]), l1 = cross_join([4]), l2 = intersect([15]))
[     9.744][cube-solver-13][DEBUG] Solving cube (l0 = natural_join([2]), l1 = cross_join([4]), l2 = semi_join([2]))
[     9.753][cube-solver-13][DEBUG] Solving cube (l0 = natural_join([2]), l1 = cross_join([4]), l2 = cross_join([4]))
[     9.829][cube-solver-12][DEBUG] Solving cube (l0 = natural_join([2]), l1 = inner_join([519]), l2 = natural_join([2]))
[     9.869][cube-solver-13][DEBUG] Solving cube (l0 = natural_join([2]), l1 = cross_join([4]), l2 = inner_join([519]))
[    10.120][cube-solver-12][DEBUG] Solving cube (l0 = natural_join([2]), l1 = inner_join([524]), l2 = natural_join3())
[    10.157][cube-solver-13][DEBUG] Solving cube (l0 = natural_join([2]), l1 = inner_join([525]), l2 = natural_join4())
[    10.413][cube-solver-12][DEBUG] Solving cube (l0 = natural_join([2]), l1 = inner_join([531]), l2 = anti_join([32]))
[    10.518][cube-solver-13][DEBUG] Solving cube (l0 = natural_join([2]), l1 = inner_join([533]), l2 = left_join([2]))
[    10.715][cube-solver-12][DEBUG] Solving cube (l0 = natural_join([2]), l1 = inner_join([538]), l2 = union())
[    10.882][cube-solver-13][DEBUG] Solving cube (l0 = natural_join([2]), l1 = inner_join([539]), l2 = intersect([15]))
[    11.010][cube-solver-12][DEBUG] Solving cube (l0 = natural_join([2]), l1 = inner_join([539]), l2 = semi_join([2]))
[    11.212][cube-solver-13][DEBUG] Solving cube (l0 = natural_join([2]), l1 = inner_join([540]), l2 = cross_join([4]))
[    11.318][cube-solver-12][DEBUG] Solving cube (l0 = natural_join([2]), l1 = inner_join([540]), l2 = inner_join([540]))
[    11.486][cube-solver-13][DEBUG] Solving cube (l0 = natural_join([2]), l1 = natural_join([2]), l2 = anti_join([32]))
[    11.516][cube-solver-13][DEBUG] Solving cube (l0 = natural_join([2]), l1 = natural_join([2]), l2 = left_join([2]))
[    11.523][cube-solver-13][DEBUG] Solving cube (l0 = natural_join([2]), l1 = natural_join([2]), l2 = union())
[    11.529][cube-solver-13][DEBUG] Solving cube (l0 = natural_join([2]), l1 = natural_join([2]), l2 = intersect([15]))
[    11.546][cube-solver-13][DEBUG] Solving cube (l0 = natural_join([2]), l1 = natural_join([2]), l2 = semi_join([2]))
[    11.554][cube-solver-13][DEBUG] Solving cube (l0 = natural_join([2]), l1 = natural_join([2]), l2 = cross_join([4]))
[    11.621][cube-solver-13][DEBUG] Solving cube (l0 = natural_join([2]), l1 = natural_join([2]), l2 = inner_join([540]))
[    11.712][cube-solver-9][DEBUG] Initialising process for 3 lines of code.
[    11.794][cube-solver-12][DEBUG] Solving cube (l0 = natural_join([2]), l1 = natural_join([2]), l2 = natural_join3())
[    11.801][cube-solver-12][DEBUG] Solving cube (l0 = natural_join([2]), l1 = natural_join([2]), l2 = natural_join4())
[    11.805][cube-solver-12][DEBUG] Solving cube (l0 = natural_join([2]), l1 = natural_join3(), l2 = anti_join([32]))
[    11.820][cube-solver-12][DEBUG] Solving cube (l0 = natural_join([2]), l1 = natural_join3(), l2 = left_join([2]))
[    11.824][cube-solver-12][DEBUG] Solving cube (l0 = natural_join([2]), l1 = natural_join3(), l2 = union())
[    11.827][cube-solver-12][DEBUG] Solving cube (l0 = natural_join([2]), l1 = natural_join3(), l2 = intersect([15]))
[    11.836][cube-solver-12][DEBUG] Solving cube (l0 = natural_join([2]), l1 = natural_join3(), l2 = semi_join([2]))
[    11.839][cube-solver-12][DEBUG] Solving cube (l0 = natural_join([2]), l1 = natural_join3(), l2 = cross_join([4]))
[    11.883][cube-solver-13][DEBUG] Solving cube (l0 = natural_join([2]), l1 = natural_join3(), l2 = natural_join([2]))
[    11.898][cube-solver-12][DEBUG] Solving cube (l0 = natural_join([2]), l1 = natural_join3(), l2 = inner_join([540]))
[    11.901][cube-solver-13][DEBUG] Solving cube (l0 = natural_join([2]), l1 = natural_join3(), l2 = natural_join3())
[    11.906][cube-solver-13][DEBUG] Solving cube (l0 = natural_join([2]), l1 = natural_join3(), l2 = natural_join4())
[    11.912][cube-solver-13][DEBUG] Solving cube (l0 = natural_join([2]), l1 = natural_join4(), l2 = anti_join([32]))
[    11.941][cube-solver-13][DEBUG] Solving cube (l0 = natural_join([2]), l1 = natural_join4(), l2 = left_join([2]))
[    11.947][cube-solver-13][DEBUG] Solving cube (l0 = natural_join([2]), l1 = natural_join4(), l2 = union())
[    11.952][cube-solver-13][DEBUG] Solving cube (l0 = natural_join([2]), l1 = natural_join4(), l2 = intersect([15]))
[    11.968][cube-solver-13][DEBUG] Solving cube (l0 = natural_join([2]), l1 = natural_join4(), l2 = semi_join([2]))
[    11.974][cube-solver-13][DEBUG] Solving cube (l0 = natural_join([2]), l1 = natural_join4(), l2 = cross_join([4]))
[    12.040][cube-solver-13][DEBUG] Solving cube (l0 = natural_join([2]), l1 = natural_join4(), l2 = inner_join([540]))
[    12.135][cube-solver-12][DEBUG] Solving cube (l0 = natural_join([2]), l1 = natural_join4(), l2 = natural_join([2]))
[    12.142][cube-solver-12][DEBUG] Solving cube (l0 = natural_join([2]), l1 = natural_join4(), l2 = natural_join3())
[    12.144][cube-solver-12][DEBUG] Solving cube (l0 = natural_join([2]), l1 = natural_join4(), l2 = natural_join4())
[    12.147][cube-solver-12][DEBUG] Solving cube (l0 = natural_join3(), l1 = anti_join([32]), l2 = natural_join([2]))
[    12.164][cube-solver-12][DEBUG] Solving cube (l0 = natural_join3(), l1 = anti_join([32]), l2 = natural_join3())
[    12.179][cube-solver-12][DEBUG] Solving cube (l0 = natural_join3(), l1 = anti_join([32]), l2 = natural_join4())
[    12.193][cube-solver-12][DEBUG] Solving cube (l0 = natural_join3(), l1 = anti_join([32]), l2 = anti_join([32]))
[    12.200][cube-solver-9][DEBUG] Solving cube (l0 = natural_join([2]), l1 = natural_join([2]), l2 = natural_join([2]))
[    12.206][cube-solver-9][DEBUG] Solving cube (l0 = natural_join3(), l1 = anti_join([32]), l2 = left_join([2]))
[    12.221][cube-solver-12][DEBUG] Solving cube (l0 = natural_join3(), l1 = anti_join([32]), l2 = union())
[    12.222][cube-solver-9][DEBUG] Solving cube (l0 = natural_join3(), l1 = anti_join([32]), l2 = intersect([15]))
[    12.236][cube-solver-12][DEBUG] Solving cube (l0 = natural_join3(), l1 = anti_join([32]), l2 = semi_join([2]))
[    12.243][cube-solver-9][DEBUG] Solving cube (l0 = natural_join3(), l1 = anti_join([32]), l2 = cross_join([4]))
[    12.294][cube-solver-9][DEBUG] Solving cube (l0 = natural_join3(), l1 = left_join([2]), l2 = natural_join([2]))
[    12.298][cube-solver-9][DEBUG] Solving cube (l0 = natural_join3(), l1 = left_join([2]), l2 = natural_join3())
[    12.302][cube-solver-9][DEBUG] Solving cube (l0 = natural_join3(), l1 = left_join([2]), l2 = natural_join4())
[    12.307][cube-solver-9][DEBUG] Solving cube (l0 = natural_join3(), l1 = left_join([2]), l2 = anti_join([32]))
[    12.313][cube-solver-12][DEBUG] Solving cube (l0 = natural_join3(), l1 = anti_join([32]), l2 = inner_join([540]))
[    12.316][cube-solver-0][DEBUG] Initialising process for 3 lines of code.
[    12.322][cube-solver-9][DEBUG] Solving cube (l0 = natural_join3(), l1 = left_join([2]), l2 = union())
[    12.325][cube-solver-9][DEBUG] Solving cube (l0 = natural_join3(), l1 = left_join([2]), l2 = intersect([15]))
[    12.333][cube-solver-9][DEBUG] Solving cube (l0 = natural_join3(), l1 = left_join([2]), l2 = semi_join([2]))
[    12.337][cube-solver-9][DEBUG] Solving cube (l0 = natural_join3(), l1 = left_join([2]), l2 = cross_join([4]))
[    12.394][cube-solver-9][DEBUG] Solving cube (l0 = natural_join3(), l1 = left_join([2]), l2 = inner_join([540]))
[    12.468][cube-solver-13][DEBUG] Solving cube (l0 = natural_join3(), l1 = union(), l2 = natural_join([2]))
[    12.478][cube-solver-13][DEBUG] Solving cube (l0 = natural_join3(), l1 = union(), l2 = natural_join3())
[    12.482][cube-solver-13][DEBUG] Solving cube (l0 = natural_join3(), l1 = union(), l2 = natural_join4())
[    12.485][cube-solver-13][DEBUG] Solving cube (l0 = natural_join3(), l1 = union(), l2 = anti_join([32]))
[    12.513][cube-solver-13][DEBUG] Solving cube (l0 = natural_join3(), l1 = union(), l2 = left_join([2]))
[    12.518][cube-solver-13][DEBUG] Solving cube (l0 = natural_join3(), l1 = union(), l2 = union())
[    12.521][cube-solver-13][DEBUG] Solving cube (l0 = natural_join3(), l1 = union(), l2 = intersect([15]))
[    12.536][cube-solver-13][DEBUG] Solving cube (l0 = natural_join3(), l1 = union(), l2 = semi_join([2]))
[    12.540][cube-solver-13][DEBUG] Solving cube (l0 = natural_join3(), l1 = union(), l2 = cross_join([4]))
[    12.585][cube-solver-12][DEBUG] Solving cube (l0 = natural_join3(), l1 = intersect([15]), l2 = natural_join([2]))
[    12.605][cube-solver-13][DEBUG] Solving cube (l0 = natural_join3(), l1 = union(), l2 = inner_join([540]))
[    12.605][cube-solver-12][DEBUG] Solving cube (l0 = natural_join3(), l1 = intersect([15]), l2 = natural_join3())
[    12.619][cube-solver-12][DEBUG] Solving cube (l0 = natural_join3(), l1 = intersect([15]), l2 = natural_join4())
[    12.620][cube-solver-9][DEBUG] Solving cube (l0 = natural_join3(), l1 = intersect([15]), l2 = anti_join([32]))
[    12.633][cube-solver-12][DEBUG] Solving cube (l0 = natural_join3(), l1 = intersect([15]), l2 = left_join([2]))
[    12.648][cube-solver-12][DEBUG] Solving cube (l0 = natural_join3(), l1 = intersect([15]), l2 = union())
[    12.648][cube-solver-9][DEBUG] Solving cube (l0 = natural_join3(), l1 = intersect([15]), l2 = intersect([15]))
[    12.661][cube-solver-12][DEBUG] Solving cube (l0 = natural_join3(), l1 = intersect([15]), l2 = semi_join([2]))
[    12.662][cube-solver-9][DEBUG] Solving cube (l0 = natural_join3(), l1 = intersect([15]), l2 = cross_join([4]))
[    12.707][cube-solver-9][DEBUG] Solving cube (l0 = natural_join3(), l1 = semi_join([2]), l2 = natural_join([2]))
[    12.713][cube-solver-9][DEBUG] Solving cube (l0 = natural_join3(), l1 = semi_join([2]), l2 = natural_join3())
[    12.717][cube-solver-9][DEBUG] Solving cube (l0 = natural_join3(), l1 = semi_join([2]), l2 = natural_join4())
[    12.722][cube-solver-9][DEBUG] Solving cube (l0 = natural_join3(), l1 = semi_join([2]), l2 = anti_join([32]))
[    12.749][cube-solver-9][DEBUG] Solving cube (l0 = natural_join3(), l1 = semi_join([2]), l2 = left_join([2]))
[    12.754][cube-solver-9][DEBUG] Solving cube (l0 = natural_join3(), l1 = semi_join([2]), l2 = union())
[    12.759][cube-solver-9][DEBUG] Solving cube (l0 = natural_join3(), l1 = semi_join([2]), l2 = intersect([15]))
[    12.772][cube-solver-12][DEBUG] Solving cube (l0 = natural_join3(), l1 = intersect([15]), l2 = inner_join([540]))
[    12.774][cube-solver-9][DEBUG] Solving cube (l0 = natural_join3(), l1 = semi_join([2]), l2 = semi_join([2]))
[    12.779][cube-solver-9][DEBUG] Solving cube (l0 = natural_join3(), l1 = semi_join([2]), l2 = cross_join([4]))
[    12.843][cube-solver-9][DEBUG] Solving cube (l0 = natural_join3(), l1 = semi_join([2]), l2 = inner_join([540]))
[    12.896][cube-solver-0][DEBUG] Solving cube (l0 = natural_join3(), l1 = left_join([2]), l2 = left_join([2]))
[    12.901][cube-solver-0][DEBUG] Solving cube (l0 = natural_join3(), l1 = cross_join([4]), l2 = natural_join([2]))
[    12.907][cube-solver-0][DEBUG] Solving cube (l0 = natural_join3(), l1 = cross_join([4]), l2 = natural_join3())
[    12.911][cube-solver-0][DEBUG] Solving cube (l0 = natural_join3(), l1 = cross_join([4]), l2 = natural_join4())
[    12.915][cube-solver-0][DEBUG] Solving cube (l0 = natural_join3(), l1 = cross_join([4]), l2 = anti_join([32]))
[    12.933][cube-solver-0][DEBUG] Solving cube (l0 = natural_join3(), l1 = cross_join([4]), l2 = left_join([2]))
[    12.937][cube-solver-0][DEBUG] Solving cube (l0 = natural_join3(), l1 = cross_join([4]), l2 = union())
[    12.941][cube-solver-0][DEBUG] Solving cube (l0 = natural_join3(), l1 = cross_join([4]), l2 = intersect([15]))
[    12.951][cube-solver-0][DEBUG] Solving cube (l0 = natural_join3(), l1 = cross_join([4]), l2 = semi_join([2]))
[    12.956][cube-solver-0][DEBUG] Solving cube (l0 = natural_join3(), l1 = cross_join([4]), l2 = cross_join([4]))
[    13.020][cube-solver-13][DEBUG] Solving cube (l0 = natural_join3(), l1 = cross_join([4]), l2 = inner_join([540]))
[    13.050][cube-solver-0][DEBUG] Solving cube (l0 = natural_join3(), l1 = inner_join([540]), l2 = natural_join([2]))
[    13.086][cube-solver-12][DEBUG] Solving cube (l0 = natural_join3(), l1 = inner_join([540]), l2 = natural_join3())
[    13.215][cube-solver-9][DEBUG] Solving cube (l0 = natural_join3(), l1 = inner_join([540]), l2 = natural_join4())
[    13.344][cube-solver-13][DEBUG] Solving cube (l0 = natural_join3(), l1 = inner_join([540]), l2 = anti_join([32]))
[    13.378][cube-solver-0][DEBUG] Solving cube (l0 = natural_join3(), l1 = inner_join([540]), l2 = left_join([2]))
[    13.423][cube-solver-12][DEBUG] Solving cube (l0 = natural_join3(), l1 = inner_join([540]), l2 = union())
[    13.506][cube-solver-9][DEBUG] Solving cube (l0 = natural_join3(), l1 = inner_join([540]), l2 = intersect([15]))
[    13.651][cube-solver-13][DEBUG] Solving cube (l0 = natural_join3(), l1 = inner_join([540]), l2 = semi_join([2]))
[    13.696][cube-solver-0][DEBUG] Solving cube (l0 = natural_join3(), l1 = inner_join([540]), l2 = cross_join([4]))
[    13.763][cube-solver-12][DEBUG] Solving cube (l0 = natural_join3(), l1 = inner_join([540]), l2 = inner_join([540]))
[    13.766][cube-solver-9][DEBUG] Solving cube (l0 = natural_join3(), l1 = natural_join([2]), l2 = anti_join([32]))
[    13.783][cube-solver-9][DEBUG] Solving cube (l0 = natural_join3(), l1 = natural_join([2]), l2 = left_join([2]))
[    13.786][cube-solver-9][DEBUG] Solving cube (l0 = natural_join3(), l1 = natural_join([2]), l2 = union())
[    13.790][cube-solver-9][DEBUG] Solving cube (l0 = natural_join3(), l1 = natural_join([2]), l2 = intersect([15]))
[    13.798][cube-solver-9][DEBUG] Solving cube (l0 = natural_join3(), l1 = natural_join([2]), l2 = semi_join([2]))
[    13.802][cube-solver-9][DEBUG] Solving cube (l0 = natural_join3(), l1 = natural_join([2]), l2 = cross_join([4]))
[    13.862][cube-solver-9][DEBUG] Solving cube (l0 = natural_join3(), l1 = natural_join([2]), l2 = inner_join([540]))
[    13.935][cube-solver-13][DEBUG] Solving cube (l0 = natural_join3(), l1 = natural_join([2]), l2 = natural_join([2]))
[    13.944][cube-solver-13][DEBUG] Solving cube (l0 = natural_join3(), l1 = natural_join([2]), l2 = natural_join3())
[    13.947][cube-solver-13][DEBUG] Solving cube (l0 = natural_join3(), l1 = natural_join([2]), l2 = natural_join4())
[    13.951][cube-solver-13][DEBUG] Solving cube (l0 = natural_join3(), l1 = natural_join3(), l2 = anti_join([32]))
[    13.967][cube-solver-13][DEBUG] Solving cube (l0 = natural_join3(), l1 = natural_join3(), l2 = left_join([2]))
[    13.972][cube-solver-13][DEBUG] Solving cube (l0 = natural_join3(), l1 = natural_join3(), l2 = union())
[    13.975][cube-solver-13][DEBUG] Solving cube (l0 = natural_join3(), l1 = natural_join3(), l2 = intersect([15]))
[    13.986][cube-solver-13][DEBUG] Solving cube (l0 = natural_join3(), l1 = natural_join3(), l2 = semi_join([2]))
[    13.990][cube-solver-0][DEBUG] Solving cube (l0 = natural_join3(), l1 = natural_join3(), l2 = cross_join([4]))
[    14.017][cube-solver-0][DEBUG] Solving cube (l0 = natural_join3(), l1 = natural_join3(), l2 = natural_join([2]))
[    14.020][cube-solver-0][DEBUG] Solving cube (l0 = natural_join3(), l1 = natural_join3(), l2 = natural_join3())
[    14.022][cube-solver-0][DEBUG] Solving cube (l0 = natural_join3(), l1 = natural_join3(), l2 = natural_join4())
[    14.025][cube-solver-0][DEBUG] Solving cube (l0 = natural_join3(), l1 = natural_join4(), l2 = anti_join([32]))
[    14.040][cube-solver-0][DEBUG] Solving cube (l0 = natural_join3(), l1 = natural_join4(), l2 = left_join([2]))
[    14.043][cube-solver-0][DEBUG] Solving cube (l0 = natural_join3(), l1 = natural_join4(), l2 = union())
[    14.045][cube-solver-0][DEBUG] Solving cube (l0 = natural_join3(), l1 = natural_join4(), l2 = intersect([15]))
[    14.053][cube-solver-0][DEBUG] Solving cube (l0 = natural_join3(), l1 = natural_join4(), l2 = semi_join([2]))
[    14.056][cube-solver-0][DEBUG] Solving cube (l0 = natural_join3(), l1 = natural_join4(), l2 = cross_join([4]))
[    14.086][cube-solver-13][DEBUG] Solving cube (l0 = natural_join3(), l1 = natural_join3(), l2 = inner_join([540]))
[    14.101][cube-solver-0][DEBUG] Solving cube (l0 = natural_join3(), l1 = natural_join4(), l2 = inner_join([540]))
[    14.188][cube-solver-9][DEBUG] Solving cube (l0 = natural_join3(), l1 = natural_join4(), l2 = natural_join3())
[    14.188][cube-solver-8][DEBUG] Initialising process for 3 lines of code.
[    14.193][cube-solver-9][DEBUG] Solving cube (l0 = natural_join3(), l1 = natural_join4(), l2 = natural_join4())
[    14.196][cube-solver-9][DEBUG] Solving cube (l0 = natural_join4(), l1 = anti_join([32]), l2 = natural_join([2]))
[    14.212][cube-solver-9][DEBUG] Solving cube (l0 = natural_join4(), l1 = anti_join([32]), l2 = natural_join3())
[    14.228][cube-solver-9][DEBUG] Solving cube (l0 = natural_join4(), l1 = anti_join([32]), l2 = natural_join4())
[    14.243][cube-solver-9][DEBUG] Solving cube (l0 = natural_join4(), l1 = anti_join([32]), l2 = anti_join([32]))
[    14.247][cube-solver-12][DEBUG] Solving cube (l0 = natural_join4(), l1 = anti_join([32]), l2 = left_join([2]))
[    14.271][cube-solver-9][DEBUG] Solving cube (l0 = natural_join4(), l1 = anti_join([32]), l2 = union())
[    14.277][cube-solver-12][DEBUG] Solving cube (l0 = natural_join4(), l1 = anti_join([32]), l2 = intersect([15]))
[    14.287][cube-solver-9][DEBUG] Solving cube (l0 = natural_join4(), l1 = anti_join([32]), l2 = semi_join([2]))
[    14.303][cube-solver-9][DEBUG] Solving cube (l0 = natural_join4(), l1 = anti_join([32]), l2 = cross_join([4]))
[    14.349][cube-solver-13][DEBUG] Solving cube (l0 = natural_join4(), l1 = left_join([2]), l2 = natural_join([2]))
[    14.349][cube-solver-9][DEBUG] Solving cube (l0 = natural_join4(), l1 = left_join([2]), l2 = natural_join3())
[    14.352][cube-solver-0][DEBUG] Solving cube (l0 = natural_join4(), l1 = left_join([2]), l2 = natural_join4())
[    14.355][cube-solver-9][DEBUG] Solving cube (l0 = natural_join4(), l1 = left_join([2]), l2 = anti_join([32]))
[    14.359][cube-solver-0][DEBUG] Solving cube (l0 = natural_join4(), l1 = left_join([2]), l2 = left_join([2]))
[    14.363][cube-solver-13][DEBUG] Solving cube (l0 = natural_join4(), l1 = left_join([2]), l2 = union())
[    14.363][cube-solver-0][DEBUG] Solving cube (l0 = natural_join4(), l1 = left_join([2]), l2 = intersect([15]))
[    14.367][cube-solver-12][DEBUG] Solving cube (l0 = natural_join4(), l1 = anti_join([32]), l2 = inner_join([540]))
[    14.367][cube-solver-13][DEBUG] Solving cube (l0 = natural_join4(), l1 = left_join([2]), l2 = semi_join([2]))
[    14.372][cube-solver-0][DEBUG] Solving cube (l0 = natural_join4(), l1 = left_join([2]), l2 = cross_join([4]))
[    14.403][cube-solver-0][DEBUG] Solving cube (l0 = natural_join4(), l1 = union(), l2 = natural_join([2]))
[    14.403][cube-solver-9][DEBUG] Solving cube (l0 = natural_join4(), l1 = union(), l2 = natural_join3())
[    14.406][cube-solver-9][DEBUG] Solving cube (l0 = natural_join4(), l1 = union(), l2 = natural_join4())
[    14.408][cube-solver-9][DEBUG] Solving cube (l0 = natural_join4(), l1 = union(), l2 = left_join([2]))
[    14.408][cube-solver-0][DEBUG] Solving cube (l0 = natural_join4(), l1 = union(), l2 = anti_join([32]))
[    14.411][cube-solver-9][DEBUG] Solving cube (l0 = natural_join4(), l1 = union(), l2 = union())
[    14.413][cube-solver-9][DEBUG] Solving cube (l0 = natural_join4(), l1 = union(), l2 = intersect([15]))
[    14.420][cube-solver-13][DEBUG] Solving cube (l0 = natural_join4(), l1 = left_join([2]), l2 = inner_join([540]))
[    14.421][cube-solver-9][DEBUG] Solving cube (l0 = natural_join4(), l1 = union(), l2 = semi_join([2]))
[    14.424][cube-solver-9][DEBUG] Solving cube (l0 = natural_join4(), l1 = union(), l2 = cross_join([4]))
[    14.455][cube-solver-0][DEBUG] Solving cube (l0 = natural_join4(), l1 = intersect([15]), l2 = natural_join([2]))
[    14.468][cube-solver-9][DEBUG] Solving cube (l0 = natural_join4(), l1 = union(), l2 = inner_join([540]))
[    14.479][cube-solver-0][DEBUG] Solving cube (l0 = natural_join4(), l1 = intersect([15]), l2 = natural_join3())
[    14.493][cube-solver-0][DEBUG] Solving cube (l0 = natural_join4(), l1 = intersect([15]), l2 = natural_join4())
[    14.509][cube-solver-0][DEBUG] Solving cube (l0 = natural_join4(), l1 = intersect([15]), l2 = anti_join([32]))
[    14.545][cube-solver-0][DEBUG] Solving cube (l0 = natural_join4(), l1 = intersect([15]), l2 = left_join([2]))
[    14.560][cube-solver-0][DEBUG] Solving cube (l0 = natural_join4(), l1 = intersect([15]), l2 = union())
[    14.574][cube-solver-0][DEBUG] Solving cube (l0 = natural_join4(), l1 = intersect([15]), l2 = intersect([15]))
[    14.598][cube-solver-0][DEBUG] Solving cube (l0 = natural_join4(), l1 = intersect([15]), l2 = semi_join([2]))
[    14.613][cube-solver-0][DEBUG] Solving cube (l0 = natural_join4(), l1 = intersect([15]), l2 = cross_join([4]))
[    14.669][cube-solver-13][DEBUG] Solving cube (l0 = natural_join4(), l1 = semi_join([2]), l2 = natural_join([2]))
[    14.681][cube-solver-13][DEBUG] Solving cube (l0 = natural_join4(), l1 = semi_join([2]), l2 = natural_join3())
[    14.686][cube-solver-13][DEBUG] Solving cube (l0 = natural_join4(), l1 = semi_join([2]), l2 = natural_join4())
[    14.691][cube-solver-13][DEBUG] Solving cube (l0 = natural_join4(), l1 = semi_join([2]), l2 = anti_join([32]))
[    14.702][cube-solver-8][DEBUG] Solving cube (l0 = natural_join3(), l1 = natural_join4(), l2 = natural_join([2]))
[    14.703][cube-solver-9][DEBUG] Solving cube (l0 = natural_join4(), l1 = semi_join([2]), l2 = left_join([2]))
[    14.710][cube-solver-8][DEBUG] Solving cube (l0 = natural_join4(), l1 = semi_join([2]), l2 = union())
[    14.715][cube-solver-13][DEBUG] Solving cube (l0 = natural_join4(), l1 = semi_join([2]), l2 = intersect([15]))
[    14.716][cube-solver-8][DEBUG] Solving cube (l0 = natural_join4(), l1 = semi_join([2]), l2 = semi_join([2]))
[    14.717][cube-solver-9][DEBUG] Solving cube (l0 = natural_join4(), l1 = semi_join([2]), l2 = cross_join([4]))
[    14.737][cube-solver-0][DEBUG] Solving cube (l0 = natural_join4(), l1 = intersect([15]), l2 = inner_join([540]))
[    14.748][cube-solver-9][DEBUG] Solving cube (l0 = natural_join4(), l1 = cross_join([4]), l2 = natural_join([2]))
[    14.748][cube-solver-13][DEBUG] Solving cube (l0 = natural_join4(), l1 = cross_join([4]), l2 = natural_join4())
[    14.748][cube-solver-12][DEBUG] Solving cube (l0 = natural_join4(), l1 = cross_join([4]), l2 = natural_join3())
[    14.755][cube-solver-13][DEBUG] Solving cube (l0 = natural_join4(), l1 = cross_join([4]), l2 = anti_join([32]))
[    14.756][cube-solver-9][DEBUG] Solving cube (l0 = natural_join4(), l1 = cross_join([4]), l2 = left_join([2]))
[    14.758][cube-solver-12][DEBUG] Solving cube (l0 = natural_join4(), l1 = cross_join([4]), l2 = union())
[    14.762][cube-solver-12][DEBUG] Solving cube (l0 = natural_join4(), l1 = cross_join([4]), l2 = intersect([15]))
[    14.763][cube-solver-9][DEBUG] Solving cube (l0 = natural_join4(), l1 = cross_join([4]), l2 = semi_join([2]))
[    14.770][cube-solver-9][DEBUG] Solving cube (l0 = natural_join4(), l1 = cross_join([4]), l2 = cross_join([4]))
[    14.772][cube-solver-8][DEBUG] Solving cube (l0 = natural_join4(), l1 = semi_join([2]), l2 = inner_join([540]))
[    14.820][cube-solver-12][DEBUG] Solving cube (l0 = natural_join4(), l1 = cross_join([4]), l2 = inner_join([540]))
[    14.858][cube-solver-13][DEBUG] Solving cube (l0 = natural_join4(), l1 = inner_join([540]), l2 = natural_join([2]))
[    14.885][cube-solver-9][DEBUG] Solving cube (l0 = natural_join4(), l1 = inner_join([540]), l2 = natural_join3())
[    15.054][cube-solver-0][DEBUG] Solving cube (l0 = natural_join4(), l1 = inner_join([540]), l2 = natural_join4())
[    15.101][cube-solver-8][DEBUG] Solving cube (l0 = natural_join4(), l1 = inner_join([540]), l2 = anti_join([32]))
[    15.139][cube-solver-12][DEBUG] Solving cube (l0 = natural_join4(), l1 = inner_join([540]), l2 = left_join([2]))
[    15.232][cube-solver-13][DEBUG] Solving cube (l0 = natural_join4(), l1 = inner_join([540]), l2 = union())
[    15.327][cube-solver-9][DEBUG] Solving cube (l0 = natural_join4(), l1 = inner_join([540]), l2 = intersect([15]))
[    15.397][cube-solver-8][DEBUG] Solving cube (l0 = natural_join4(), l1 = inner_join([540]), l2 = semi_join([2]))
[    15.434][cube-solver-0][DEBUG] Solving cube (l0 = natural_join4(), l1 = inner_join([540]), l2 = cross_join([4]))
[    15.466][cube-solver-13][DEBUG] Solving cube (l0 = natural_join4(), l1 = natural_join([2]), l2 = anti_join([32]))
[    15.476][cube-solver-12][DEBUG] Solving cube (l0 = natural_join4(), l1 = inner_join([540]), l2 = inner_join([540]))
[    15.482][cube-solver-13][DEBUG] Solving cube (l0 = natural_join4(), l1 = natural_join([2]), l2 = left_join([2]))
[    15.486][cube-solver-13][DEBUG] Solving cube (l0 = natural_join4(), l1 = natural_join([2]), l2 = union())
[    15.489][cube-solver-13][DEBUG] Solving cube (l0 = natural_join4(), l1 = natural_join([2]), l2 = intersect([15]))
[    15.497][cube-solver-13][DEBUG] Solving cube (l0 = natural_join4(), l1 = natural_join([2]), l2 = semi_join([2]))
[    15.501][cube-solver-13][DEBUG] Solving cube (l0 = natural_join4(), l1 = natural_join([2]), l2 = cross_join([4]))
[    15.561][cube-solver-13][DEBUG] Solving cube (l0 = natural_join4(), l1 = natural_join([2]), l2 = inner_join([540]))
[    15.633][cube-solver-8][DEBUG] Solving cube (l0 = natural_join4(), l1 = natural_join([2]), l2 = natural_join([2]))
[    15.638][cube-solver-8][DEBUG] Solving cube (l0 = natural_join4(), l1 = natural_join([2]), l2 = natural_join3())
[    15.645][cube-solver-8][DEBUG] Solving cube (l0 = natural_join4(), l1 = natural_join3(), l2 = anti_join([32]))
[    15.647][cube-solver-9][DEBUG] Solving cube (l0 = natural_join4(), l1 = natural_join([2]), l2 = natural_join4())
[    15.652][cube-solver-9][DEBUG] Solving cube (l0 = natural_join4(), l1 = natural_join3(), l2 = left_join([2]))
[    15.656][cube-solver-9][DEBUG] Solving cube (l0 = natural_join4(), l1 = natural_join3(), l2 = union())
[    15.659][cube-solver-9][DEBUG] Solving cube (l0 = natural_join4(), l1 = natural_join3(), l2 = intersect([15]))
[    15.664][cube-solver-8][DEBUG] Solving cube (l0 = natural_join4(), l1 = natural_join3(), l2 = semi_join([2]))
[    15.669][cube-solver-8][DEBUG] Solving cube (l0 = natural_join4(), l1 = natural_join3(), l2 = cross_join([4]))
[    15.711][cube-solver-8][DEBUG] Solving cube (l0 = natural_join4(), l1 = natural_join3(), l2 = natural_join([2]))
[    15.716][cube-solver-8][DEBUG] Solving cube (l0 = natural_join4(), l1 = natural_join3(), l2 = natural_join3())
[    15.720][cube-solver-8][DEBUG] Solving cube (l0 = natural_join4(), l1 = natural_join3(), l2 = natural_join4())
[    15.724][cube-solver-8][DEBUG] Solving cube (l0 = natural_join4(), l1 = natural_join4(), l2 = left_join([2]))
[    15.724][cube-solver-0][DEBUG] Solving cube (l0 = natural_join4(), l1 = natural_join4(), l2 = anti_join([32]))
[    15.728][cube-solver-8][DEBUG] Solving cube (l0 = natural_join4(), l1 = natural_join4(), l2 = union())
[    15.730][cube-solver-9][DEBUG] Solving cube (l0 = natural_join4(), l1 = natural_join3(), l2 = inner_join([540]))
[    15.732][cube-solver-8][DEBUG] Solving cube (l0 = natural_join4(), l1 = natural_join4(), l2 = intersect([15]))
[    15.739][cube-solver-0][DEBUG] Solving cube (l0 = natural_join4(), l1 = natural_join4(), l2 = semi_join([2]))
[    15.742][cube-solver-0][DEBUG] Solving cube (l0 = natural_join4(), l1 = natural_join4(), l2 = cross_join([4]))
[    15.782][cube-solver-0][DEBUG] Solving cube (l0 = natural_join4(), l1 = natural_join4(), l2 = natural_join([2]))
[    15.787][cube-solver-0][DEBUG] Solving cube (l0 = natural_join4(), l1 = natural_join4(), l2 = natural_join3())
[    15.790][cube-solver-0][DEBUG] Solving cube (l0 = natural_join4(), l1 = natural_join4(), l2 = natural_join4())
[    15.793][cube-solver-0][DEBUG] Solving cube (l0 = anti_join([32]), l1 = natural_join([2]), l2 = anti_join([32]))
[    15.804][cube-solver-8][DEBUG] Solving cube (l0 = natural_join4(), l1 = natural_join4(), l2 = inner_join([540]))
[    15.842][cube-solver-0][DEBUG] Solving cube (l0 = anti_join([32]), l1 = natural_join([2]), l2 = left_join([2]))
[    15.871][cube-solver-0][DEBUG] Solving cube (l0 = anti_join([32]), l1 = natural_join([2]), l2 = union())
[    15.872][cube-solver-13][DEBUG] Solving cube (l0 = anti_join([32]), l1 = natural_join([2]), l2 = intersect([15]))
[    15.897][cube-solver-13][DEBUG] Solving cube (l0 = anti_join([32]), l1 = natural_join([2]), l2 = semi_join([2]))
[    15.898][cube-solver-0][DEBUG] Solving cube (l0 = anti_join([32]), l1 = natural_join([2]), l2 = cross_join([4]))
[    15.950][cube-solver-0][DEBUG] Solving cube (l0 = anti_join([32]), l1 = natural_join([2]), l2 = natural_join([2]))
[    15.951][cube-solver-12][DEBUG] Solving cube (l0 = anti_join([32]), l1 = natural_join([2]), l2 = natural_join3())
[    15.964][cube-solver-13][DEBUG] Solving cube (l0 = anti_join([32]), l1 = natural_join([2]), l2 = inner_join([540]))
[    15.975][cube-solver-12][DEBUG] Solving cube (l0 = anti_join([32]), l1 = natural_join([2]), l2 = natural_join4())
[    15.977][cube-solver-0][DEBUG] Solving cube (l0 = anti_join([32]), l1 = natural_join3(), l2 = anti_join([32]))
[    15.989][cube-solver-9][DEBUG] Solving cube (l0 = anti_join([32]), l1 = natural_join3(), l2 = left_join([2]))
[    15.991][cube-solver-12][DEBUG] Solving cube (l0 = anti_join([32]), l1 = natural_join3(), l2 = union())
[    16.008][cube-solver-12][DEBUG] Solving cube (l0 = anti_join([32]), l1 = natural_join3(), l2 = intersect([15]))
[    16.010][cube-solver-9][DEBUG] Solving cube (l0 = anti_join([32]), l1 = natural_join3(), l2 = semi_join([2]))
[    16.024][cube-solver-0][DEBUG] Solving cube (l0 = anti_join([32]), l1 = natural_join3(), l2 = cross_join([4]))
[    16.071][cube-solver-12][DEBUG] Solving cube (l0 = anti_join([32]), l1 = natural_join3(), l2 = natural_join3())
[    16.072][cube-solver-0][DEBUG] Solving cube (l0 = anti_join([32]), l1 = natural_join3(), l2 = natural_join4())
[    16.072][cube-solver-8][DEBUG] Solving cube (l0 = anti_join([32]), l1 = natural_join3(), l2 = natural_join([2]))
[    16.089][cube-solver-9][DEBUG] Solving cube (l0 = anti_join([32]), l1 = natural_join3(), l2 = inner_join([540]))
[    16.098][cube-solver-8][DEBUG] Solving cube (l0 = anti_join([32]), l1 = natural_join4(), l2 = anti_join([32]))
[    16.099][cube-solver-0][DEBUG] Solving cube (l0 = anti_join([32]), l1 = natural_join4(), l2 = left_join([2]))
[    16.099][cube-solver-12][DEBUG] Solving cube (l0 = anti_join([32]), l1 = natural_join4(), l2 = union())
[    16.126][cube-solver-8][DEBUG] Solving cube (l0 = anti_join([32]), l1 = natural_join4(), l2 = intersect([15]))
[    16.128][cube-solver-0][DEBUG] Solving cube (l0 = anti_join([32]), l1 = natural_join4(), l2 = semi_join([2]))
[    16.129][cube-solver-12][DEBUG] Solving cube (l0 = anti_join([32]), l1 = natural_join4(), l2 = cross_join([4]))
[    16.182][cube-solver-0][DEBUG] Solving cube (l0 = anti_join([32]), l1 = natural_join4(), l2 = natural_join([2]))
[    16.183][cube-solver-12][DEBUG] Solving cube (l0 = anti_join([32]), l1 = natural_join4(), l2 = natural_join3())
[    16.208][cube-solver-12][DEBUG] Solving cube (l0 = anti_join([32]), l1 = natural_join4(), l2 = natural_join4())
[    16.209][cube-solver-0][DEBUG] Solving cube (l0 = anti_join([32]), l1 = anti_join([32]), l2 = natural_join([2]))
[    16.233][cube-solver-12][DEBUG] Solving cube (l0 = anti_join([32]), l1 = anti_join([32]), l2 = natural_join3())
[    16.254][cube-solver-8][DEBUG] Solving cube (l0 = anti_join([32]), l1 = natural_join4(), l2 = inner_join([540]))
[    16.254][cube-solver-13][DEBUG] Solving cube (l0 = anti_join([32]), l1 = anti_join([32]), l2 = natural_join4())
[    16.257][cube-solver-0][DEBUG] Solving cube (l0 = anti_join([32]), l1 = anti_join([32]), l2 = anti_join([32]))
[    16.280][cube-solver-12][DEBUG] Solving cube (l0 = anti_join([32]), l1 = anti_join([32]), l2 = left_join([2]))
[    16.284][cube-solver-13][DEBUG] Solving cube (l0 = anti_join([32]), l1 = anti_join([32]), l2 = union())
[    16.301][cube-solver-0][DEBUG] Solving cube (l0 = anti_join([32]), l1 = anti_join([32]), l2 = intersect([15]))
[    16.312][cube-solver-13][DEBUG] Solving cube (l0 = anti_join([32]), l1 = anti_join([32]), l2 = semi_join([2]))
[    16.328][cube-solver-12][DEBUG] Solving cube (l0 = anti_join([32]), l1 = anti_join([32]), l2 = cross_join([4]))
[    16.363][cube-solver-13][DEBUG] Solving cube (l0 = anti_join([32]), l1 = left_join([2]), l2 = natural_join([2]))
[    16.377][cube-solver-12][DEBUG] Solving cube (l0 = anti_join([32]), l1 = left_join([2]), l2 = natural_join3())
[    16.380][cube-solver-0][DEBUG] Solving cube (l0 = anti_join([32]), l1 = anti_join([32]), l2 = inner_join([540]))
[    16.381][cube-solver-13][DEBUG] Solving cube (l0 = anti_join([32]), l1 = left_join([2]), l2 = natural_join4())
[    16.397][cube-solver-13][DEBUG] Solving cube (l0 = anti_join([32]), l1 = left_join([2]), l2 = anti_join([32]))
[    16.404][cube-solver-12][DEBUG] Solving cube (l0 = anti_join([32]), l1 = left_join([2]), l2 = left_join([2]))
[    16.425][cube-solver-13][DEBUG] Solving cube (l0 = anti_join([32]), l1 = left_join([2]), l2 = union())
[    16.432][cube-solver-12][DEBUG] Solving cube (l0 = anti_join([32]), l1 = left_join([2]), l2 = intersect([15]))
[    16.442][cube-solver-13][DEBUG] Solving cube (l0 = anti_join([32]), l1 = left_join([2]), l2 = semi_join([2]))
[    16.458][cube-solver-13][DEBUG] Solving cube (l0 = anti_join([32]), l1 = left_join([2]), l2 = cross_join([4]))
[    16.498][cube-solver-13][DEBUG] Solving cube (l0 = anti_join([32]), l1 = union(), l2 = natural_join3())
[    16.499][cube-solver-9][DEBUG] Solving cube (l0 = anti_join([32]), l1 = union(), l2 = natural_join([2]))
[    16.513][cube-solver-12][DEBUG] Solving cube (l0 = anti_join([32]), l1 = left_join([2]), l2 = inner_join([540]))
[    16.514][cube-solver-13][DEBUG] Solving cube (l0 = anti_join([32]), l1 = union(), l2 = natural_join4())
[    16.515][cube-solver-8][DEBUG] Solving cube (l0 = anti_join([32]), l1 = union(), l2 = anti_join([32]))
[    16.529][cube-solver-13][DEBUG] Solving cube (l0 = anti_join([32]), l1 = union(), l2 = left_join([2]))
[    16.531][cube-solver-9][DEBUG] Solving cube (l0 = anti_join([32]), l1 = union(), l2 = union())
[    16.545][cube-solver-8][DEBUG] Solving cube (l0 = anti_join([32]), l1 = union(), l2 = intersect([15]))
[    16.545][cube-solver-13][DEBUG] Solving cube (l0 = anti_join([32]), l1 = union(), l2 = semi_join([2]))
[    16.558][cube-solver-9][DEBUG] Solving cube (l0 = anti_join([32]), l1 = union(), l2 = cross_join([4]))
[    16.589][cube-solver-8][DEBUG] Solving cube (l0 = anti_join([32]), l1 = intersect([15]), l2 = natural_join([2]))
[    16.590][cube-solver-9][DEBUG] Solving cube (l0 = anti_join([32]), l1 = intersect([15]), l2 = natural_join3())
[    16.598][cube-solver-4][DEBUG] Initialising process for 3 lines of code.
[    16.600][cube-solver-13][DEBUG] Solving cube (l0 = anti_join([32]), l1 = union(), l2 = inner_join([540]))
[    16.627][cube-solver-8][DEBUG] Solving cube (l0 = anti_join([32]), l1 = intersect([15]), l2 = anti_join([32]))
[    16.627][cube-solver-9][DEBUG] Solving cube (l0 = anti_join([32]), l1 = intersect([15]), l2 = left_join([2]))
[    16.630][cube-solver-0][DEBUG] Solving cube (l0 = anti_join([32]), l1 = intersect([15]), l2 = union())
[    16.653][cube-solver-0][DEBUG] Solving cube (l0 = anti_join([32]), l1 = intersect([15]), l2 = intersect([15]))
[    16.666][cube-solver-9][DEBUG] Solving cube (l0 = anti_join([32]), l1 = intersect([15]), l2 = semi_join([2]))
[    16.680][cube-solver-0][DEBUG] Solving cube (l0 = anti_join([32]), l1 = intersect([15]), l2 = cross_join([4]))
[    16.724][cube-solver-0][DEBUG] Solving cube (l0 = anti_join([32]), l1 = semi_join([2]), l2 = natural_join([2]))
[    16.725][cube-solver-9][DEBUG] Solving cube (l0 = anti_join([32]), l1 = semi_join([2]), l2 = natural_join3())
[    16.747][cube-solver-8][DEBUG] Solving cube (l0 = anti_join([32]), l1 = intersect([15]), l2 = inner_join([540]))
[    16.753][cube-solver-9][DEBUG] Solving cube (l0 = anti_join([32]), l1 = semi_join([2]), l2 = natural_join4())
[    16.755][cube-solver-0][DEBUG] Solving cube (l0 = anti_join([32]), l1 = semi_join([2]), l2 = anti_join([32]))
[    16.775][cube-solver-12][DEBUG] Solving cube (l0 = anti_join([32]), l1 = semi_join([2]), l2 = left_join([2]))
[    16.781][cube-solver-9][DEBUG] Solving cube (l0 = anti_join([32]), l1 = semi_join([2]), l2 = union())
[    16.783][cube-solver-0][DEBUG] Solving cube (l0 = anti_join([32]), l1 = semi_join([2]), l2 = intersect([15]))
[    16.794][cube-solver-12][DEBUG] Solving cube (l0 = anti_join([32]), l1 = semi_join([2]), l2 = semi_join([2]))
[    16.805][cube-solver-0][DEBUG] Solving cube (l0 = anti_join([32]), l1 = semi_join([2]), l2 = cross_join([4]))
[    16.836][cube-solver-12][DEBUG] Solving cube (l0 = anti_join([32]), l1 = cross_join([4]), l2 = natural_join([2]))
[    16.837][cube-solver-0][DEBUG] Solving cube (l0 = anti_join([32]), l1 = cross_join([4]), l2 = natural_join3())
[    16.837][cube-solver-13][DEBUG] Solving cube (l0 = anti_join([32]), l1 = cross_join([4]), l2 = natural_join4())
[    16.854][cube-solver-12][DEBUG] Solving cube (l0 = anti_join([32]), l1 = cross_join([4]), l2 = anti_join([32]))
[    16.856][cube-solver-9][DEBUG] Solving cube (l0 = anti_join([32]), l1 = semi_join([2]), l2 = inner_join([540]))
[    16.857][cube-solver-13][DEBUG] Solving cube (l0 = anti_join([32]), l1 = cross_join([4]), l2 = left_join([2]))
[    16.858][cube-solver-0][DEBUG] Solving cube (l0 = anti_join([32]), l1 = cross_join([4]), l2 = union())
[    16.875][cube-solver-13][DEBUG] Solving cube (l0 = anti_join([32]), l1 = cross_join([4]), l2 = intersect([15]))
[    16.876][cube-solver-0][DEBUG] Solving cube (l0 = anti_join([32]), l1 = cross_join([4]), l2 = semi_join([2]))
[    16.884][cube-solver-12][DEBUG] Solving cube (l0 = anti_join([32]), l1 = cross_join([4]), l2 = cross_join([4]))
[    16.940][cube-solver-13][DEBUG] Solving cube (l0 = anti_join([32]), l1 = cross_join([4]), l2 = inner_join([540]))
[    16.973][cube-solver-0][DEBUG] Solving cube (l0 = anti_join([32]), l1 = inner_join([540]), l2 = natural_join([2]))
[    16.997][cube-solver-12][DEBUG] Solving cube (l0 = anti_join([32]), l1 = inner_join([540]), l2 = natural_join3())
[    17.060][cube-solver-4][DEBUG] Solving cube (l0 = anti_join([32]), l1 = intersect([15]), l2 = natural_join4())
[    17.061][cube-solver-8][DEBUG] Solving cube (l0 = anti_join([32]), l1 = inner_join([540]), l2 = natural_join4())
[    17.173][cube-solver-4][DEBUG] Solving cube (l0 = anti_join([32]), l1 = inner_join([540]), l2 = anti_join([32]))
[    17.208][cube-solver-9][DEBUG] Solving cube (l0 = anti_join([32]), l1 = inner_join([540]), l2 = left_join([2]))
[    17.261][cube-solver-13][DEBUG] Solving cube (l0 = anti_join([32]), l1 = inner_join([540]), l2 = union())
[    17.328][cube-solver-0][DEBUG] Solving cube (l0 = anti_join([32]), l1 = inner_join([540]), l2 = intersect([15]))
[    17.409][cube-solver-12][DEBUG] Solving cube (l0 = anti_join([32]), l1 = inner_join([540]), l2 = semi_join([2]))
[    17.446][cube-solver-8][DEBUG] Solving cube (l0 = anti_join([32]), l1 = inner_join([540]), l2 = cross_join([4]))
[    17.495][cube-solver-4][DEBUG] Solving cube (l0 = left_join([2]), l1 = natural_join([2]), l2 = anti_join([32]))
[    17.515][cube-solver-9][DEBUG] Solving cube (l0 = anti_join([32]), l1 = inner_join([540]), l2 = inner_join([540]))
[    17.518][cube-solver-4][DEBUG] Solving cube (l0 = left_join([2]), l1 = natural_join([2]), l2 = left_join([2]))
[    17.582][cube-solver-13][DEBUG] Solving cube (l0 = left_join([2]), l1 = natural_join([2]), l2 = union())
[    17.644][cube-solver-0][DEBUG] Solving cube (l0 = left_join([2]), l1 = natural_join([2]), l2 = intersect([15]))
[    17.707][cube-solver-8][DEBUG] Solving cube (l0 = left_join([2]), l1 = natural_join([2]), l2 = semi_join([2]))
[    17.823][cube-solver-12][DEBUG] Solving cube (l0 = left_join([2]), l1 = natural_join([2]), l2 = cross_join([4]))
[    18.116][cube-solver-9][DEBUG] Solving cube (l0 = left_join([2]), l1 = natural_join([2]), l2 = inner_join([540]))
[    18.132][cube-solver-4][DEBUG] Solving cube (l0 = left_join([2]), l1 = natural_join([2]), l2 = natural_join([2]))
[    18.307][cube-solver-8][DEBUG] Solving cube (l0 = left_join([2]), l1 = natural_join([2]), l2 = natural_join3())
[    18.313][cube-solver-8][DEBUG] Solving cube (l0 = left_join([2]), l1 = natural_join([2]), l2 = natural_join4())
[    18.317][cube-solver-8][DEBUG] Solving cube (l0 = left_join([2]), l1 = natural_join3(), l2 = anti_join([32]))
[    18.433][cube-solver-12][DEBUG] Solving cube (l0 = left_join([2]), l1 = natural_join3(), l2 = left_join([2]))
[    18.652][cube-solver-4][DEBUG] Solving cube (l0 = left_join([2]), l1 = natural_join3(), l2 = union())
[    19.790][cube-solver-12][DEBUG] Solving cube (l0 = left_join([2]), l1 = natural_join3(), l2 = intersect([15]))
[    19.978][cube-solver-4][DEBUG] Solving cube (l0 = left_join([2]), l1 = natural_join3(), l2 = semi_join([2]))
[    20.717][cube-solver-0][DEBUG] Solving cube (l0 = left_join([2]), l1 = natural_join3(), l2 = cross_join([4]))
[    20.969][cube-solver-13][DEBUG] Solving cube (l0 = left_join([2]), l1 = natural_join3(), l2 = inner_join([540]))
[    21.325][cube-solver-4][DEBUG] Solving cube (l0 = left_join([2]), l1 = natural_join3(), l2 = natural_join([2]))
[    21.332][cube-solver-4][DEBUG] Solving cube (l0 = left_join([2]), l1 = natural_join3(), l2 = natural_join3())
[    21.338][cube-solver-4][DEBUG] Solving cube (l0 = left_join([2]), l1 = natural_join3(), l2 = natural_join4())
[    21.343][cube-solver-4][DEBUG] Solving cube (l0 = left_join([2]), l1 = natural_join4(), l2 = anti_join([32]))
[    21.361][cube-solver-4][DEBUG] Solving cube (l0 = left_join([2]), l1 = natural_join4(), l2 = left_join([2]))
[    21.366][cube-solver-4][DEBUG] Solving cube (l0 = left_join([2]), l1 = natural_join4(), l2 = union())
[    21.370][cube-solver-4][DEBUG] Solving cube (l0 = left_join([2]), l1 = natural_join4(), l2 = intersect([15]))
[    21.379][cube-solver-4][DEBUG] Solving cube (l0 = left_join([2]), l1 = natural_join4(), l2 = semi_join([2]))
[    21.383][cube-solver-4][DEBUG] Solving cube (l0 = left_join([2]), l1 = natural_join4(), l2 = cross_join([4]))
[    21.449][cube-solver-4][DEBUG] Solving cube (l0 = left_join([2]), l1 = natural_join4(), l2 = inner_join([540]))
[    21.727][cube-solver-4][DEBUG] Solving cube (l0 = left_join([2]), l1 = natural_join4(), l2 = natural_join([2]))
[    21.739][cube-solver-4][DEBUG] Solving cube (l0 = left_join([2]), l1 = natural_join4(), l2 = natural_join3())
[    21.745][cube-solver-4][DEBUG] Solving cube (l0 = left_join([2]), l1 = natural_join4(), l2 = natural_join4())
[    21.750][cube-solver-4][DEBUG] Solving cube (l0 = left_join([2]), l1 = anti_join([32]), l2 = natural_join([2]))
[    22.070][cube-solver-0][DEBUG] Solving cube (l0 = left_join([2]), l1 = anti_join([32]), l2 = natural_join3())
[    22.092][cube-solver-0][DEBUG] Solving cube (l0 = left_join([2]), l1 = anti_join([32]), l2 = natural_join4())
[    24.021][cube-solver-3][DEBUG] Initialising process for 3 lines of code.
[    24.641][cube-solver-3][DEBUG] Solving cube (l0 = left_join([2]), l1 = anti_join([32]), l2 = anti_join([32]))
[    24.685][cube-solver-3][DEBUG] Solving cube (l0 = left_join([2]), l1 = anti_join([32]), l2 = left_join([2]))
[    26.219][cube-solver-12][DEBUG] Solving cube (l0 = left_join([2]), l1 = anti_join([32]), l2 = union())
[    27.790][cube-solver-1][DEBUG] Initialising process for 3 lines of code.
[    28.368][cube-solver-1][DEBUG] Solving cube (l0 = left_join([2]), l1 = anti_join([32]), l2 = intersect([15]))
[    29.143][cube-solver-4][DEBUG] Solving cube (l0 = left_join([2]), l1 = anti_join([32]), l2 = semi_join([2]))
[    30.886][cube-solver-10][DEBUG] Initialising process for 3 lines of code.
[    31.379][cube-solver-10][DEBUG] Solving cube (l0 = left_join([2]), l1 = anti_join([32]), l2 = cross_join([4]))
[    31.431][cube-solver-5][DEBUG] Initialising process for 3 lines of code.
[    31.975][cube-solver-5][DEBUG] Solving cube (l0 = left_join([2]), l1 = anti_join([32]), l2 = inner_join([540]))
[    32.884][cube-solver-3][DEBUG] Solving cube (l0 = left_join([2]), l1 = left_join([2]), l2 = natural_join([2]))
[    33.520][cube-solver-3][DEBUG] Solving cube (l0 = left_join([2]), l1 = left_join([2]), l2 = natural_join3())
[    35.881][cube-solver-8][DEBUG] Solving cube (l0 = left_join([2]), l1 = left_join([2]), l2 = natural_join4())
[    36.577][cube-solver-3][DEBUG] Solving cube (l0 = left_join([2]), l1 = left_join([2]), l2 = anti_join([32]))
[    37.494][cube-solver-4][DEBUG] Solving cube (l0 = left_join([2]), l1 = left_join([2]), l2 = left_join([2]))
[    38.247][cube-solver-4][DEBUG] Solving cube (l0 = left_join([2]), l1 = left_join([2]), l2 = union())
[    39.501][cube-solver-10][DEBUG] Solving cube (l0 = left_join([2]), l1 = left_join([2]), l2 = intersect([15]))
[    42.048][cube-solver-8][DEBUG] Solving cube (l0 = left_join([2]), l1 = left_join([2]), l2 = semi_join([2]))
[    42.776][cube-solver-8][DEBUG] Solving cube (l0 = left_join([2]), l1 = left_join([2]), l2 = cross_join([4]))
[    43.406][cube-solver-4][DEBUG] Solving cube (l0 = left_join([2]), l1 = union(), l2 = natural_join([2]))
[    43.422][cube-solver-10][DEBUG] Solving cube (l0 = left_join([2]), l1 = left_join([2]), l2 = inner_join([540]))
[    43.436][cube-solver-8][DEBUG] Solving cube (l0 = left_join([2]), l1 = union(), l2 = natural_join3())
[    45.665][cube-solver-15][DEBUG] Initialising process for 3 lines of code.
[    46.235][cube-solver-15][DEBUG] Solving cube (l0 = left_join([2]), l1 = union(), l2 = natural_join4())
[    46.358][cube-solver-3][DEBUG] Solving cube (l0 = left_join([2]), l1 = union(), l2 = anti_join([32]))
[    46.656][cube-solver-12][DEBUG] Solving cube (l0 = left_join([2]), l1 = union(), l2 = left_join([2]))
[    53.152][cube-solver-4][DEBUG] Solving cube (l0 = left_join([2]), l1 = union(), l2 = union())
[    55.823][cube-solver-14][DEBUG] Initialising process for 3 lines of code.
[    56.297][cube-solver-14][DEBUG] Solving cube (l0 = left_join([2]), l1 = union(), l2 = intersect([15]))
[    57.704][cube-solver-12][DEBUG] Solving cube (l0 = left_join([2]), l1 = union(), l2 = semi_join([2]))
[    62.683][cube-solver-14][DEBUG] Solving cube (l0 = left_join([2]), l1 = union(), l2 = cross_join([4]))
[    63.476][cube-solver-14][DEBUG] Solving cube (l0 = left_join([2]), l1 = union(), l2 = inner_join([540]))
[    64.956][cube-solver-12][DEBUG] Solving cube (l0 = left_join([2]), l1 = intersect([15]), l2 = natural_join([2]))
[    68.421][cube-solver-4][DEBUG] Solving cube (l0 = left_join([2]), l1 = intersect([15]), l2 = natural_join3())
[    69.013][cube-solver-12][DEBUG] Solving cube (l0 = left_join([2]), l1 = intersect([15]), l2 = natural_join4())
[    71.387][cube-solver-1][DEBUG] Solving cube (l0 = left_join([2]), l1 = intersect([15]), l2 = anti_join([32]))
[    71.433][cube-solver-0][DEBUG] Solving cube (l0 = left_join([2]), l1 = intersect([15]), l2 = left_join([2]))
[    73.986][cube-solver-8][DEBUG] Solving cube (l0 = left_join([2]), l1 = intersect([15]), l2 = union())
[    76.122][cube-solver-0][DEBUG] Solving cube (l0 = left_join([2]), l1 = intersect([15]), l2 = intersect([15]))
[    83.362][cube-solver-8][DEBUG] Solving cube (l0 = left_join([2]), l1 = intersect([15]), l2 = semi_join([2]))
[    85.314][cube-solver-15][DEBUG] Solving cube (l0 = left_join([2]), l1 = intersect([15]), l2 = cross_join([4]))
[    86.660][cube-solver-4][DEBUG] Solving cube (l0 = left_join([2]), l1 = intersect([15]), l2 = inner_join([540]))
[    87.394][cube-solver-11][DEBUG] Initialising process for 3 lines of code.
[    87.863][cube-solver-11][DEBUG] Solving cube (l0 = left_join([2]), l1 = semi_join([2]), l2 = natural_join([2]))
[    87.909][cube-solver-8][DEBUG] Solving cube (l0 = left_join([2]), l1 = semi_join([2]), l2 = natural_join3())
[    88.464][cube-solver-11][DEBUG] Solving cube (l0 = left_join([2]), l1 = semi_join([2]), l2 = natural_join4())
[    88.624][cube-solver-3][DEBUG] Solving cube (l0 = left_join([2]), l1 = semi_join([2]), l2 = anti_join([32]))
[    89.810][cube-solver-15][DEBUG] Solving cube (l0 = left_join([2]), l1 = semi_join([2]), l2 = left_join([2]))
[    90.546][cube-solver-15][DEBUG] Solving cube (l0 = left_join([2]), l1 = semi_join([2]), l2 = union())
[    90.854][cube-solver-8][DEBUG] Solving cube (l0 = left_join([2]), l1 = semi_join([2]), l2 = intersect([15]))
[    94.306][cube-solver-11][DEBUG] Solving cube (l0 = left_join([2]), l1 = semi_join([2]), l2 = semi_join([2]))
[    94.650][cube-solver-8][DEBUG] Solving cube (l0 = left_join([2]), l1 = semi_join([2]), l2 = cross_join([4]))
[    95.003][cube-solver-11][DEBUG] Solving cube (l0 = left_join([2]), l1 = semi_join([2]), l2 = inner_join([540]))
[    95.272][cube-solver-8][DEBUG] Solving cube (l0 = left_join([2]), l1 = cross_join([4]), l2 = natural_join([2]))
[    95.641][cube-solver-15][DEBUG] Solving cube (l0 = left_join([2]), l1 = cross_join([4]), l2 = natural_join3())
[    95.707][cube-solver-8][DEBUG] Solving cube (l0 = left_join([2]), l1 = cross_join([4]), l2 = natural_join4())
[    97.506][cube-solver-15][DEBUG] Solving cube (l0 = left_join([2]), l1 = cross_join([4]), l2 = anti_join([32]))
[    98.092][cube-solver-3][DEBUG] Solving cube (l0 = left_join([2]), l1 = cross_join([4]), l2 = left_join([2]))
[    98.549][cube-solver-3][DEBUG] Solving cube (l0 = left_join([2]), l1 = cross_join([4]), l2 = union())
[    98.751][cube-solver-8][DEBUG] Solving cube (l0 = left_join([2]), l1 = cross_join([4]), l2 = intersect([15]))
[    98.997][cube-solver-3][DEBUG] Solving cube (l0 = left_join([2]), l1 = cross_join([4]), l2 = semi_join([2]))
[    99.426][cube-solver-0][DEBUG] Solving cube (l0 = left_join([2]), l1 = cross_join([4]), l2 = cross_join([4]))
[    99.505][cube-solver-3][DEBUG] Solving cube (l0 = left_join([2]), l1 = cross_join([4]), l2 = inner_join([540]))
[    99.939][cube-solver-0][DEBUG] Solving cube (l0 = left_join([2]), l1 = inner_join([540]), l2 = natural_join([2]))
[   101.134][cube-solver-8][DEBUG] Solving cube (l0 = left_join([2]), l1 = inner_join([540]), l2 = natural_join3())
[   101.731][cube-solver-12][DEBUG] Solving cube (l0 = left_join([2]), l1 = inner_join([540]), l2 = natural_join4())
[   104.314][cube-solver-15][DEBUG] Solving cube (l0 = left_join([2]), l1 = inner_join([540]), l2 = anti_join([32]))
[   108.508][cube-solver-9][DEBUG] Solving cube (l0 = left_join([2]), l1 = inner_join([540]), l2 = left_join([2]))
[   136.570][cube-solver-1][DEBUG] Solving cube (l0 = left_join([2]), l1 = inner_join([540]), l2 = union())
[   163.711][cube-solver-10][DEBUG] Solving cube (l0 = left_join([2]), l1 = inner_join([540]), l2 = intersect([15]))
[   170.874][cube-solver-3][DEBUG] Solving cube (l0 = left_join([2]), l1 = inner_join([540]), l2 = semi_join([2]))
[   192.036][cube-solver-7][DEBUG] Initialising process for 3 lines of code.
[   192.724][cube-solver-7][DEBUG] Solving cube (l0 = left_join([2]), l1 = inner_join([540]), l2 = cross_join([4]))
[   214.555][cube-solver-11][DEBUG] Solving cube (l0 = left_join([2]), l1 = inner_join([540]), l2 = inner_join([540]))
[   224.313][cube-solver-13][DEBUG] Solving cube (l0 = union(), l1 = natural_join([2]), l2 = anti_join([32]))
[   224.337][cube-solver-13][DEBUG] Solving cube (l0 = union(), l1 = natural_join([2]), l2 = left_join([2]))
[   234.884][cube-solver-0][DEBUG] Solving cube (l0 = union(), l1 = natural_join([2]), l2 = union())
[   241.857][cube-solver-13][DEBUG] Solving cube (l0 = union(), l1 = natural_join([2]), l2 = intersect([15]))
[   251.665][cube-solver-13][DEBUG] Solving cube (l0 = union(), l1 = natural_join([2]), l2 = semi_join([2]))
[   253.868][cube-solver-0][DEBUG] Solving cube (l0 = union(), l1 = natural_join([2]), l2 = cross_join([4]))
[   255.044][cube-solver-0][DEBUG] Solving cube (l0 = union(), l1 = natural_join([2]), l2 = inner_join([540]))
[   259.743][cube-solver-9][DEBUG] Solving cube (l0 = union(), l1 = natural_join([2]), l2 = natural_join([2]))
[   265.236][cube-solver-13][DEBUG] Solving cube (l0 = union(), l1 = natural_join([2]), l2 = natural_join3())
[   265.251][cube-solver-13][DEBUG] Solving cube (l0 = union(), l1 = natural_join([2]), l2 = natural_join4())
[   265.257][cube-solver-13][DEBUG] Solving cube (l0 = union(), l1 = natural_join3(), l2 = anti_join([32]))
[   274.244][cube-solver-9][DEBUG] Solving cube (l0 = union(), l1 = natural_join3(), l2 = left_join([2]))
[   286.166][cube-solver-7][DEBUG] Solving cube (l0 = union(), l1 = natural_join3(), l2 = union())
[   292.734][cube-solver-9][DEBUG] Solving cube (l0 = union(), l1 = natural_join3(), l2 = intersect([15]))
[   296.133][cube-solver-3][DEBUG] Solving cube (l0 = union(), l1 = natural_join3(), l2 = semi_join([2]))
[   304.518][cube-solver-7][DEBUG] Solving cube (l0 = union(), l1 = natural_join3(), l2 = cross_join([4]))
[   306.928][cube-solver-7][DEBUG] Solving cube (l0 = union(), l1 = natural_join3(), l2 = inner_join([540]))
[   307.151][cube-solver-9][DEBUG] Solving cube (l0 = union(), l1 = natural_join3(), l2 = natural_join([2]))
[   307.154][cube-solver-9][DEBUG] Solving cube (l0 = union(), l1 = natural_join3(), l2 = natural_join3())
[   307.156][cube-solver-9][DEBUG] Solving cube (l0 = union(), l1 = natural_join3(), l2 = natural_join4())
[   307.160][cube-solver-9][DEBUG] Solving cube (l0 = union(), l1 = natural_join4(), l2 = anti_join([32]))
[   307.186][cube-solver-9][DEBUG] Solving cube (l0 = union(), l1 = natural_join4(), l2 = left_join([2]))
[   307.192][cube-solver-9][DEBUG] Solving cube (l0 = union(), l1 = natural_join4(), l2 = union())
[   307.196][cube-solver-9][DEBUG] Solving cube (l0 = union(), l1 = natural_join4(), l2 = intersect([15]))
[   307.211][cube-solver-9][DEBUG] Solving cube (l0 = union(), l1 = natural_join4(), l2 = semi_join([2]))
[   307.216][cube-solver-9][DEBUG] Solving cube (l0 = union(), l1 = natural_join4(), l2 = cross_join([4]))
[   307.290][cube-solver-9][DEBUG] Solving cube (l0 = union(), l1 = natural_join4(), l2 = inner_join([540]))
[   307.645][cube-solver-9][DEBUG] Solving cube (l0 = union(), l1 = natural_join4(), l2 = natural_join([2]))
[   307.652][cube-solver-9][DEBUG] Solving cube (l0 = union(), l1 = natural_join4(), l2 = natural_join3())
[   307.654][cube-solver-9][DEBUG] Solving cube (l0 = union(), l1 = natural_join4(), l2 = natural_join4())
[   307.657][cube-solver-9][DEBUG] Solving cube (l0 = union(), l1 = anti_join([32]), l2 = natural_join([2]))
[   310.505][cube-solver-3][DEBUG] Solving cube (l0 = union(), l1 = anti_join([32]), l2 = natural_join3())
[   310.521][cube-solver-3][DEBUG] Solving cube (l0 = union(), l1 = anti_join([32]), l2 = natural_join4())
[   376.743][cube-solver-9][DEBUG] Solving cube (l0 = union(), l1 = anti_join([32]), l2 = anti_join([32]))
[   376.775][cube-solver-9][DEBUG] Solving cube (l0 = union(), l1 = anti_join([32]), l2 = left_join([2]))
[   401.109][cube-solver-13][DEBUG] Solving cube (l0 = union(), l1 = anti_join([32]), l2 = union())
[   458.141][cube-solver-9][DEBUG] Solving cube (l0 = union(), l1 = anti_join([32]), l2 = intersect([15]))
[   460.120][cube-solver-2][DEBUG] Initialising process for 3 lines of code.
[   460.662][cube-solver-2][DEBUG] Solving cube (l0 = union(), l1 = anti_join([32]), l2 = semi_join([2]))
[   505.915][cube-solver-13][DEBUG] Solving cube (l0 = union(), l1 = anti_join([32]), l2 = cross_join([4]))
[   513.707][cube-solver-1][DEBUG] Solving cube (l0 = union(), l1 = anti_join([32]), l2 = inner_join([540]))
[   523.893][cube-solver-2][DEBUG] Solving cube (l0 = union(), l1 = left_join([2]), l2 = natural_join([2]))
[   525.046][cube-solver-13][DEBUG] Solving cube (l0 = union(), l1 = left_join([2]), l2 = natural_join3())
[   544.125][cube-solver-2][DEBUG] Solving cube (l0 = union(), l1 = left_join([2]), l2 = natural_join4())
[   572.756][cube-solver-9][DEBUG] Solving cube (l0 = union(), l1 = left_join([2]), l2 = anti_join([32]))
[   589.512][cube-solver-13][DEBUG] Solving cube (l0 = union(), l1 = left_join([2]), l2 = left_join([2]))
[   600.055][MainProcess][INFO] Statistics:
[   600.055][MainProcess][INFO] 	Generated cubes: 655
[   600.055][MainProcess][INFO] 	Attempted programs: 147698
[   600.055][MainProcess][INFO] 		Rejected: 7019
[   600.055][MainProcess][INFO] 		Failed: 140679
[   600.055][MainProcess][INFO] 	Blacklist clauses: 597
[   600.055][MainProcess][DEBUG] Printing statistics for good programs of size 1
[   600.055][MainProcess][DEBUG] 	0: Counter({'inner_join': 324, 'union': 80})
[   600.056][MainProcess][DEBUG] Printing statistics for good programs of size 2
[   600.111][MainProcess][DEBUG] 	0: Counter({'inner_join': 81244, 'union': 66864, 'left_join': 808, 'semi_join': 808, 'intersect': 372})
[   600.162][MainProcess][DEBUG] 	1: Counter({'inner_join': 124880, 'union': 11316, 'anti_join': 4956, 'natural_join3': 2720, 'left_join': 2572, 'natural_join': 2168, 'semi_join': 1484})
[   600.162][MainProcess][DEBUG] Printing statistics for good programs of size 3
[   600.257][MainProcess][DEBUG] 	0: Counter({'left_join': 231552, 'union': 210364})
[   600.347][MainProcess][DEBUG] 	1: Counter({'inner_join': 129320, 'union': 88320, 'anti_join': 78814, 'natural_join3': 58374, 'natural_join': 57114, 'left_join': 25322, 'semi_join': 3232, 'intersect': 1420})
[   600.441][MainProcess][DEBUG] 	2: Counter({'inner_join': 195095, 'union': 63376, 'natural_join4': 60255, 'natural_join3': 33653, 'anti_join': 29948, 'left_join': 23821, 'natural_join': 20752, 'semi_join': 15016})

No solution found
