[     3.578][MainProcess][INFO] Parsing specification...
[     3.594][MainProcess][DEBUG] Reading input files...
[     3.630][MainProcess][INFO] Inferred data types for table tests-examples/scythe/recent_posts/tables/043.csv: ['int64', 'datetime64[ns]', 'datetime64[ns]']
[     3.641][MainProcess][INFO] Inferred data types for table tests-examples/scythe/recent_posts/tables/043_o.csv: ['int64', 'datetime64[ns]', 'datetime64[ns]']
[     3.695][MainProcess][DEBUG] Generating DSL...
[     3.984][MainProcess][INFO] Creating 16 processes
[     4.068][MainProcess][DEBUG] Increasing generator loc to 2
[     4.235][cube-solver-0][DEBUG] Initialising process for 1 lines of code.
[     4.237][cube-solver-1][DEBUG] Initialising process for 1 lines of code.
[     4.243][cube-solver-2][DEBUG] Initialising process for 1 lines of code.
[     4.255][cube-solver-4][DEBUG] Initialising process for 1 lines of code.
[     4.259][cube-solver-5][DEBUG] Initialising process for 1 lines of code.
[     4.263][cube-solver-6][DEBUG] Initialising process for 1 lines of code.
[     4.268][cube-solver-7][DEBUG] Initialising process for 1 lines of code.
[     4.270][cube-solver-8][DEBUG] Initialising process for 1 lines of code.
[     4.277][cube-solver-13][DEBUG] Initialising process for 2 lines of code.
[     4.282][cube-solver-10][DEBUG] Initialising process for 1 lines of code.
[     4.285][cube-solver-11][DEBUG] Initialising process for 2 lines of code.
[     4.288][cube-solver-9][DEBUG] Initialising process for 1 lines of code.
[     4.294][cube-solver-12][DEBUG] Initialising process for 2 lines of code.
[     4.299][cube-solver-14][DEBUG] Initialising process for 2 lines of code.
[     4.385][cube-solver-3][DEBUG] Initialising process for 1 lines of code.
[     4.451][cube-solver-15][DEBUG] Initialising process for 2 lines of code.
[     8.460][cube-solver-2][DEBUG] Solving cube (l0 = natural_join4(),)
[     8.472][cube-solver-0][DEBUG] Solving cube (l0 = natural_join(),)
[     8.479][cube-solver-4][DEBUG] Solving cube (l0 = anti_join(),)
[     8.480][cube-solver-8][DEBUG] Solving cube (l0 = semi_join(),)
[     8.482][cube-solver-5][DEBUG] Solving cube (l0 = left_join(),)
[     8.490][cube-solver-1][DEBUG] Solving cube (l0 = natural_join3(),)
[     8.491][cube-solver-10][DEBUG] Solving cube (l0 = inner_join(),)
[     8.493][cube-solver-0][DEBUG] Initialising process for 2 lines of code.
[     8.498][cube-solver-6][DEBUG] Solving cube (l0 = union(),)
[     8.499][cube-solver-2][DEBUG] Initialising process for 2 lines of code.
[     8.516][cube-solver-1][DEBUG] Initialising process for 2 lines of code.
[     8.520][cube-solver-4][DEBUG] Initialising process for 2 lines of code.
[     8.533][cube-solver-7][DEBUG] Solving cube (l0 = intersect(),)
[     8.550][cube-solver-9][DEBUG] Solving cube (l0 = cross_join(),)
[     8.616][cube-solver-7][DEBUG] Initialising process for 2 lines of code.
[     8.661][cube-solver-3][DEBUG] Solving cube (l0 = filter(),)
[     8.693][cube-solver-5][DEBUG] Initialising process for 2 lines of code.
[     8.712][cube-solver-8][DEBUG] Initialising process for 2 lines of code.
[     8.715][cube-solver-6][DEBUG] Initialising process for 2 lines of code.
[     9.186][cube-solver-3][DEBUG] Initialising process for 2 lines of code.
[    12.673][cube-solver-13][DEBUG] Solving cube (l0 = natural_join(), l1 = left_join())
[    12.683][cube-solver-12][DEBUG] Solving cube (l0 = natural_join(), l1 = anti_join())
[    12.738][cube-solver-13][DEBUG] Solving cube (l0 = natural_join3(), l1 = union())
[    12.749][cube-solver-12][DEBUG] Solving cube (l0 = natural_join3(), l1 = intersect())
[    12.762][cube-solver-14][DEBUG] Solving cube (l0 = natural_join(), l1 = union())
[    12.773][cube-solver-13][DEBUG] Solving cube (l0 = natural_join3(), l1 = semi_join())
[    12.784][cube-solver-12][DEBUG] Solving cube (l0 = natural_join3(), l1 = cross_join())
[    12.808][cube-solver-13][DEBUG] Solving cube (l0 = natural_join3(), l1 = inner_join())
[    12.818][cube-solver-12][DEBUG] Solving cube (l0 = natural_join3(), l1 = natural_join())
[    12.836][cube-solver-13][DEBUG] Solving cube (l0 = natural_join3(), l1 = natural_join3())
[    12.852][cube-solver-12][DEBUG] Solving cube (l0 = natural_join3(), l1 = natural_join4())
[    12.857][cube-solver-13][DEBUG] Solving cube (l0 = natural_join4(), l1 = anti_join())
[    12.878][cube-solver-13][DEBUG] Solving cube (l0 = natural_join4(), l1 = union())
[    12.885][cube-solver-12][DEBUG] Solving cube (l0 = natural_join4(), l1 = left_join())
[    12.899][cube-solver-13][DEBUG] Solving cube (l0 = natural_join4(), l1 = intersect())
[    12.906][cube-solver-14][DEBUG] Solving cube (l0 = natural_join4(), l1 = filter())
[    12.920][cube-solver-12][DEBUG] Solving cube (l0 = natural_join4(), l1 = semi_join())
[    12.920][cube-solver-13][DEBUG] Solving cube (l0 = natural_join4(), l1 = cross_join())
[    12.936][cube-solver-14][DEBUG] Solving cube (l0 = natural_join4(), l1 = inner_join())
[    12.941][cube-solver-13][DEBUG] Solving cube (l0 = natural_join4(), l1 = natural_join())
[    12.944][cube-solver-11][DEBUG] Solving cube (l0 = natural_join(), l1 = filter())
[    12.955][cube-solver-12][DEBUG] Solving cube (l0 = natural_join4(), l1 = natural_join3())
[    12.962][cube-solver-13][DEBUG] Solving cube (l0 = filter(), l1 = natural_join())
[    12.963][cube-solver-14][DEBUG] Solving cube (l0 = natural_join4(), l1 = natural_join4())
[    12.984][cube-solver-11][DEBUG] Solving cube (l0 = filter(), l1 = natural_join4())
[    12.988][cube-solver-12][DEBUG] Solving cube (l0 = filter(), l1 = natural_join3())
[    12.989][cube-solver-14][DEBUG] Solving cube (l0 = filter(), l1 = filter())
[    13.010][cube-solver-11][DEBUG] Solving cube (l0 = filter(), l1 = anti_join())
[    13.029][cube-solver-12][DEBUG] Solving cube (l0 = filter(), l1 = left_join())
[    13.171][cube-solver-15][DEBUG] Solving cube (l0 = natural_join(), l1 = intersect())
[    13.212][cube-solver-15][DEBUG] Solving cube (l0 = filter(), l1 = union())
[    14.071][cube-solver-13][DEBUG] Solving cube (l0 = filter(), l1 = intersect())
[    14.691][cube-solver-12][DEBUG] Solving cube (l0 = filter(), l1 = semi_join())
[    14.852][cube-solver-15][DEBUG] Solving cube (l0 = filter(), l1 = cross_join())
[    15.251][cube-solver-13][DEBUG] Solving cube (l0 = filter(), l1 = inner_join())
[    15.914][cube-solver-14][DEBUG] Solving cube (l0 = anti_join(), l1 = natural_join())
[    15.935][cube-solver-14][DEBUG] Solving cube (l0 = anti_join(), l1 = natural_join3())
[    15.955][cube-solver-14][DEBUG] Solving cube (l0 = anti_join(), l1 = natural_join4())
[    15.975][cube-solver-14][DEBUG] Solving cube (l0 = anti_join(), l1 = filter())
[    15.996][cube-solver-14][DEBUG] Solving cube (l0 = anti_join(), l1 = anti_join())
[    16.016][cube-solver-14][DEBUG] Solving cube (l0 = anti_join(), l1 = left_join())
[    16.037][cube-solver-14][DEBUG] Solving cube (l0 = anti_join(), l1 = union())
[    16.059][cube-solver-14][DEBUG] Solving cube (l0 = anti_join(), l1 = intersect())
[    16.079][cube-solver-14][DEBUG] Solving cube (l0 = anti_join(), l1 = semi_join())
[    16.100][cube-solver-14][DEBUG] Solving cube (l0 = anti_join(), l1 = cross_join())
[    16.121][cube-solver-14][DEBUG] Solving cube (l0 = anti_join(), l1 = inner_join())
[    16.142][cube-solver-14][DEBUG] Solving cube (l0 = left_join(), l1 = natural_join())
[    16.284][cube-solver-12][DEBUG] Solving cube (l0 = left_join(), l1 = natural_join3())
[    16.307][cube-solver-12][DEBUG] Solving cube (l0 = left_join(), l1 = natural_join4())
[    16.333][cube-solver-12][DEBUG] Solving cube (l0 = left_join(), l1 = filter())
[    16.387][cube-solver-14][DEBUG] Solving cube (l0 = left_join(), l1 = anti_join())
[    16.914][cube-solver-12][DEBUG] Solving cube (l0 = left_join(), l1 = left_join())
[    17.003][cube-solver-0][DEBUG] Solving cube (l0 = natural_join(), l1 = cross_join())
[    17.042][cube-solver-7][DEBUG] Solving cube (l0 = natural_join(), l1 = natural_join3())
[    17.046][cube-solver-0][DEBUG] Solving cube (l0 = left_join(), l1 = union())
[    17.047][cube-solver-2][DEBUG] Solving cube (l0 = natural_join(), l1 = semi_join())
[    17.084][cube-solver-7][DEBUG] Solving cube (l0 = left_join(), l1 = intersect())
[    17.118][cube-solver-2][DEBUG] Solving cube (l0 = left_join(), l1 = semi_join())
[    17.176][cube-solver-4][DEBUG] Solving cube (l0 = natural_join(), l1 = natural_join())
[    17.250][cube-solver-4][DEBUG] Solving cube (l0 = left_join(), l1 = cross_join())
[    17.264][cube-solver-12][DEBUG] Solving cube (l0 = left_join(), l1 = inner_join())
[    17.351][cube-solver-7][DEBUG] Solving cube (l0 = union(), l1 = natural_join())
[    17.356][cube-solver-8][DEBUG] Solving cube (l0 = natural_join3(), l1 = filter())
[    17.430][cube-solver-8][DEBUG] Solving cube (l0 = union(), l1 = natural_join3())
[    17.448][cube-solver-0][DEBUG] Solving cube (l0 = union(), l1 = natural_join4())
[    17.464][cube-solver-8][DEBUG] Solving cube (l0 = union(), l1 = filter())
[    17.478][cube-solver-0][DEBUG] Solving cube (l0 = union(), l1 = anti_join())
[    17.527][cube-solver-5][DEBUG] Solving cube (l0 = natural_join(), l1 = natural_join4())
[    17.536][cube-solver-1][DEBUG] Solving cube (l0 = natural_join(), l1 = inner_join())
[    17.547][cube-solver-2][DEBUG] Solving cube (l0 = union(), l1 = left_join())
[    17.571][cube-solver-5][DEBUG] Solving cube (l0 = union(), l1 = union())
[    17.580][cube-solver-1][DEBUG] Solving cube (l0 = union(), l1 = intersect())
[    17.608][cube-solver-7][DEBUG] Solving cube (l0 = union(), l1 = semi_join())
[    17.658][cube-solver-3][DEBUG] Solving cube (l0 = natural_join3(), l1 = left_join())
[    17.702][cube-solver-3][DEBUG] Solving cube (l0 = union(), l1 = cross_join())
[    17.728][cube-solver-10][DEBUG] Initialising process for 2 lines of code.
[    17.753][cube-solver-6][DEBUG] Solving cube (l0 = natural_join3(), l1 = anti_join())
[    17.832][cube-solver-6][DEBUG] Solving cube (l0 = intersect(), l1 = natural_join())
[    17.900][cube-solver-2][DEBUG] Solving cube (l0 = intersect(), l1 = natural_join3())
[    17.914][cube-solver-14][DEBUG] Solving cube (l0 = intersect(), l1 = natural_join4())
[    17.928][cube-solver-2][DEBUG] Solving cube (l0 = intersect(), l1 = filter())
[    17.940][cube-solver-14][DEBUG] Solving cube (l0 = intersect(), l1 = anti_join())
[    17.941][cube-solver-1][DEBUG] Solving cube (l0 = intersect(), l1 = left_join())
[    17.965][cube-solver-7][DEBUG] Solving cube (l0 = intersect(), l1 = union())
[    18.007][cube-solver-5][DEBUG] Solving cube (l0 = intersect(), l1 = intersect())
[    18.087][cube-solver-8][DEBUG] Solving cube (l0 = intersect(), l1 = semi_join())
[    18.295][cube-solver-2][DEBUG] Solving cube (l0 = intersect(), l1 = cross_join())
[    18.647][cube-solver-8][DEBUG] Solving cube (l0 = intersect(), l1 = inner_join())
[    18.697][cube-solver-6][DEBUG] Solving cube (l0 = semi_join(), l1 = natural_join())
[    18.798][cube-solver-7][DEBUG] Solving cube (l0 = semi_join(), l1 = natural_join4())
[    18.799][cube-solver-1][DEBUG] Solving cube (l0 = semi_join(), l1 = natural_join3())
[    18.823][cube-solver-7][DEBUG] Solving cube (l0 = semi_join(), l1 = filter())
[    18.837][cube-solver-1][DEBUG] Solving cube (l0 = semi_join(), l1 = anti_join())
[    18.948][cube-solver-6][DEBUG] Solving cube (l0 = semi_join(), l1 = left_join())
[    18.993][cube-solver-5][DEBUG] Solving cube (l0 = semi_join(), l1 = union())
[    19.091][cube-solver-0][DEBUG] Solving cube (l0 = semi_join(), l1 = intersect())
[    19.312][cube-solver-6][DEBUG] Solving cube (l0 = semi_join(), l1 = semi_join())
[    19.330][cube-solver-0][DEBUG] Solving cube (l0 = semi_join(), l1 = cross_join())
[    19.341][cube-solver-5][DEBUG] Solving cube (l0 = semi_join(), l1 = inner_join())
[    19.395][cube-solver-7][DEBUG] Solving cube (l0 = cross_join(), l1 = natural_join())
[    19.428][cube-solver-14][DEBUG] Solving cube (l0 = cross_join(), l1 = natural_join3())
[    19.455][cube-solver-14][DEBUG] Solving cube (l0 = cross_join(), l1 = natural_join4())
[    19.477][cube-solver-14][DEBUG] Solving cube (l0 = cross_join(), l1 = filter())
[    19.705][cube-solver-6][DEBUG] Solving cube (l0 = cross_join(), l1 = anti_join())
[    20.373][cube-solver-11][DEBUG] Solving cube (l0 = cross_join(), l1 = left_join())
[    20.406][cube-solver-1][DEBUG] Solving cube (l0 = cross_join(), l1 = union())
[    23.348][cube-solver-8][DEBUG] Solving cube (l0 = cross_join(), l1 = intersect())
[    26.330][cube-solver-10][DEBUG] Solving cube (l0 = union(), l1 = inner_join())
[    46.288][cube-solver-12][DEBUG] Solving cube (l0 = cross_join(), l1 = semi_join())
[    48.055][cube-solver-5][DEBUG] Solving cube (l0 = cross_join(), l1 = cross_join())
[    55.333][cube-solver-10][DEBUG] Solving cube (l0 = cross_join(), l1 = inner_join())
[   158.948][cube-solver-13][DEBUG] Solving cube (l0 = inner_join(), l1 = natural_join())
[   178.387][cube-solver-13][DEBUG] Solving cube (l0 = inner_join(), l1 = natural_join3())
[   178.413][cube-solver-13][DEBUG] Solving cube (l0 = inner_join(), l1 = natural_join4())
[   178.440][cube-solver-13][DEBUG] Solving cube (l0 = inner_join(), l1 = filter())
[   226.512][cube-solver-13][DEBUG] Solving cube (l0 = inner_join(), l1 = anti_join())
[   305.540][cube-solver-13][DEBUG] Solving cube (l0 = inner_join(), l1 = left_join())
[   334.633][cube-solver-13][DEBUG] Solving cube (l0 = inner_join(), l1 = union())
[   363.773][cube-solver-13][DEBUG] Solving cube (l0 = inner_join(), l1 = intersect())
[   367.010][cube-solver-13][DEBUG] Solving cube (l0 = inner_join(), l1 = semi_join())
[   388.205][cube-solver-13][DEBUG] Solving cube (l0 = inner_join(), l1 = cross_join())
[   600.011][MainProcess][INFO] Statistics:
[   600.012][MainProcess][INFO] 	Generated cubes: 131
[   600.012][MainProcess][INFO] 	Attempted programs: 1535
[   600.012][MainProcess][INFO] 		Rejected: 1272
[   600.012][MainProcess][INFO] 		Failed: 263
[   600.012][MainProcess][INFO] 	Blacklist clauses: 0
[   600.012][MainProcess][DEBUG] Printing statistics for good programs of size 1
[   600.141][MainProcess][DEBUG] 	0: Counter({'cross_join': 78280, 'inner_join': 1224, 'filter': 60, 'left_join': 12, 'semi_join': 12, 'union': 12})
[   600.141][MainProcess][DEBUG] Printing statistics for good programs of size 2
[   600.341][MainProcess][DEBUG] 	0: Counter({'cross_join': 592951, 'filter': 97474, 'union': 80559, 'left_join': 80257, 'semi_join': 80121, 'inner_join': 56073, 'intersect': 39991})
[   600.525][MainProcess][DEBUG] 	1: Counter({'cross_join': 446892, 'inner_join': 99099, 'anti_join': 86075, 'filter': 82437, 'left_join': 79851, 'union': 79845, 'natural_join': 78717, 'semi_join': 74510})

No solution found
