[     1.577][MainProcess][INFO] Parsing specification...
[     1.581][MainProcess][DEBUG] Reading input files...
[     1.588][MainProcess][INFO] Inferred data types for table tests-examples/scythe/recent_posts/tables/050_1.csv: ['int64', 'string', 'string', 'int64']
[     1.595][MainProcess][INFO] Inferred data types for table tests-examples/scythe/recent_posts/tables/050_2.csv: ['int64', 'string', 'datetime64[ns]']
[     1.600][MainProcess][INFO] Inferred data types for table tests-examples/scythe/recent_posts/tables/050_3.csv: ['int64', 'string', 'int64']
[     1.607][MainProcess][INFO] Inferred data types for table tests-examples/scythe/recent_posts/tables/050_o.csv: ['int64', 'string', 'int64', 'string', 'datetime64[ns]']
[     1.643][MainProcess][DEBUG] Generating DSL...
[     7.004][MainProcess][INFO] Creating 16 processes
[     7.103][MainProcess][DEBUG] Increasing generator loc to 3
[    13.901][cube-solver-6][DEBUG] Initialising process for 3 lines of code.
[    13.906][cube-solver-4][DEBUG] Initialising process for 3 lines of code.
[    13.959][cube-solver-14][DEBUG] Initialising process for 3 lines of code.
[    13.980][cube-solver-2][DEBUG] Initialising process for 2 lines of code.
[    13.980][cube-solver-10][DEBUG] Initialising process for 3 lines of code.
[    13.984][cube-solver-8][DEBUG] Initialising process for 3 lines of code.
[    13.984][cube-solver-13][DEBUG] Initialising process for 3 lines of code.
[    13.986][cube-solver-12][DEBUG] Initialising process for 3 lines of code.
[    14.065][cube-solver-1][DEBUG] Initialising process for 2 lines of code.
[    14.093][cube-solver-3][DEBUG] Initialising process for 2 lines of code.
[    14.112][cube-solver-11][DEBUG] Initialising process for 3 lines of code.
[    14.115][cube-solver-7][DEBUG] Initialising process for 3 lines of code.
[    14.131][cube-solver-0][DEBUG] Initialising process for 2 lines of code.
[    14.140][cube-solver-15][DEBUG] Initialising process for 3 lines of code.
[    14.155][cube-solver-9][DEBUG] Initialising process for 3 lines of code.
[    14.161][cube-solver-5][DEBUG] Initialising process for 3 lines of code.
[   599.995][MainProcess][INFO] Statistics:
[   599.995][MainProcess][INFO] 	Generated cubes: 16
[   599.995][MainProcess][INFO] 	Attempted programs: 0
[   599.995][MainProcess][INFO] 		Rejected: 0
[   599.995][MainProcess][INFO] 		Failed: 0
[   599.995][MainProcess][INFO] 	Blacklist clauses: 0

No solution found
