[     1.556][MainProcess][INFO] Parsing specification...
[     1.570][MainProcess][DEBUG] Reading input files...
[     1.579][MainProcess][INFO] Inferred data types for table tests-examples/scythe/top_rated_posts/tables/i018.csv: ['int64', 'int64', 'string']
[     1.585][MainProcess][INFO] Inferred data types for table tests-examples/scythe/top_rated_posts/tables/o018.csv: ['int64', 'int64', 'string']
[     1.612][MainProcess][DEBUG] Generating DSL...
[     1.806][MainProcess][INFO] Creating 16 processes
[     1.868][MainProcess][DEBUG] Increasing generator loc to 3
[     2.029][cube-solver-1][DEBUG] Initialising process for 2 lines of code.
[     2.034][cube-solver-3][DEBUG] Initialising process for 2 lines of code.
[     2.038][cube-solver-4][DEBUG] Initialising process for 3 lines of code.
[     2.044][cube-solver-6][DEBUG] Initialising process for 3 lines of code.
[     2.051][cube-solver-8][DEBUG] Initialising process for 3 lines of code.
[     2.051][cube-solver-2][DEBUG] Initialising process for 2 lines of code.
[     2.054][cube-solver-9][DEBUG] Initialising process for 3 lines of code.
[     2.057][cube-solver-5][DEBUG] Initialising process for 3 lines of code.
[     2.059][cube-solver-0][DEBUG] Initialising process for 2 lines of code.
[     2.061][cube-solver-11][DEBUG] Initialising process for 3 lines of code.
[     2.065][cube-solver-13][DEBUG] Initialising process for 3 lines of code.
[     2.074][cube-solver-10][DEBUG] Initialising process for 3 lines of code.
[     2.081][cube-solver-12][DEBUG] Initialising process for 3 lines of code.
[     2.096][cube-solver-7][DEBUG] Initialising process for 3 lines of code.
[     2.101][cube-solver-14][DEBUG] Initialising process for 3 lines of code.
[     2.118][cube-solver-15][DEBUG] Initialising process for 3 lines of code.
[     9.631][cube-solver-2][DEBUG] Solving cube (l0 = filter(), l1 = mutate())
[     9.646][cube-solver-3][DEBUG] Solving cube (l0 = mutate(), l1 = filter())
[     9.665][cube-solver-0][DEBUG] Solving cube (l0 = summarise(), l1 = filter())
[     9.769][cube-solver-1][DEBUG] Solving cube (l0 = filter(), l1 = summarise())
[    11.598][cube-solver-1][DEBUG] Initialising process for 3 lines of code.
[    11.643][cube-solver-2][DEBUG] Initialising process for 3 lines of code.
[    14.639][cube-solver-13][DEBUG] Solving cube (l0 = natural_join4(), l1 = filter(), l2 = summarise())
[    14.674][cube-solver-11][DEBUG] Solving cube (l0 = natural_join3(), l1 = mutate(), l2 = filter())
[    14.686][cube-solver-9][DEBUG] Solving cube (l0 = natural_join3(), l1 = filter(), l2 = summarise())
[    14.687][cube-solver-13][DEBUG] Solving cube (l0 = summarise(), l1 = natural_join4(), l2 = filter())
[    14.699][cube-solver-6][DEBUG] Solving cube (l0 = natural_join(), l1 = filter(), l2 = mutate())
[    14.703][cube-solver-10][DEBUG] Solving cube (l0 = natural_join3(), l1 = filter(), l2 = mutate())
[    14.718][cube-solver-13][DEBUG] Solving cube (l0 = summarise(), l1 = summarise(), l2 = filter())
[    14.725][cube-solver-4][DEBUG] Solving cube (l0 = natural_join(), l1 = summarise(), l2 = filter())
[    14.726][cube-solver-11][DEBUG] Solving cube (l0 = summarise(), l1 = filter(), l2 = natural_join())
[    14.732][cube-solver-5][DEBUG] Solving cube (l0 = natural_join(), l1 = filter(), l2 = summarise())
[    14.739][cube-solver-9][DEBUG] Solving cube (l0 = summarise(), l1 = filter(), l2 = natural_join3())
[    14.746][cube-solver-13][DEBUG] Solving cube (l0 = summarise(), l1 = filter(), l2 = natural_join4())
[    14.748][cube-solver-8][DEBUG] Solving cube (l0 = natural_join3(), l1 = summarise(), l2 = filter())
[    14.765][cube-solver-14][DEBUG] Solving cube (l0 = natural_join4(), l1 = filter([1]), l2 = mutate())
[    14.771][cube-solver-12][DEBUG] Solving cube (l0 = natural_join4(), l1 = summarise(), l2 = filter([2]))
[    14.800][cube-solver-13][DEBUG] Solving cube (l0 = summarise(), l1 = filter([1]), l2 = summarise())
[    14.805][cube-solver-5][DEBUG] Solving cube (l0 = summarise(), l1 = filter([2]), l2 = filter([2]))
[    14.866][cube-solver-6][DEBUG] Solving cube (l0 = summarise(), l1 = filter([2]), l2 = anti_join())
[    14.885][cube-solver-10][DEBUG] Solving cube (l0 = summarise(), l1 = filter([2]), l2 = left_join())
[    14.894][cube-solver-4][DEBUG] Solving cube (l0 = summarise(), l1 = filter([2]), l2 = union())
[    14.908][cube-solver-14][DEBUG] Solving cube (l0 = summarise(), l1 = filter([2]), l2 = semi_join())
[    14.927][cube-solver-8][DEBUG] Solving cube (l0 = summarise(), l1 = filter([2]), l2 = intersect())
[    14.943][cube-solver-12][DEBUG] Solving cube (l0 = summarise(), l1 = filter([2]), l2 = cross_join())
[    14.977][cube-solver-15][DEBUG] Solving cube (l0 = natural_join4(), l1 = mutate(), l2 = filter([6]))
[    15.035][cube-solver-15][DEBUG] Solving cube (l0 = summarise(), l1 = filter([6]), l2 = mutate())
[    15.053][cube-solver-7][DEBUG] Solving cube (l0 = natural_join(), l1 = mutate(), l2 = filter([6]))
[    15.127][cube-solver-7][DEBUG] Solving cube (l0 = summarise(), l1 = filter([6]), l2 = inner_join())
[    24.665][cube-solver-1][DEBUG] Solving cube (l0 = summarise(), l1 = natural_join(), l2 = filter([112]))
[    24.837][cube-solver-2][DEBUG] Solving cube (l0 = summarise(), l1 = natural_join3(), l2 = filter([112]))
[    25.036][cube-solver-2][DEBUG] Solving cube (l0 = summarise(), l1 = anti_join(), l2 = filter([113]))
[    55.187][cube-solver-0][DEBUG] Initialising process for 3 lines of code.
[    64.355][cube-solver-15][DEBUG] Solving cube (l0 = summarise(), l1 = union(), l2 = filter([151]))
[    68.232][cube-solver-0][DEBUG] Solving cube (l0 = summarise(), l1 = left_join(), l2 = filter([152]))
[    70.991][cube-solver-3][DEBUG] Initialising process for 3 lines of code.
[    84.306][cube-solver-3][DEBUG] Solving cube (l0 = summarise(), l1 = intersect(), l2 = filter([154]))
[   162.772][cube-solver-13][DEBUG] Solving cube (l0 = summarise(), l1 = semi_join(), l2 = filter([155]))
[   289.270][cube-solver-13][DEBUG] Solving cube (l0 = summarise(), l1 = cross_join(), l2 = filter([155]))
[   327.405][cube-solver-3][DEBUG] Solving cube (l0 = summarise(), l1 = mutate(), l2 = filter([155]))
[   329.807][cube-solver-14][DEBUG] Solving cube (l0 = summarise(), l1 = inner_join(), l2 = filter([155]))
[   378.587][cube-solver-3][DEBUG] Solving cube (l0 = filter([155]), l1 = natural_join(), l2 = summarise())
[   383.024][cube-solver-3][DEBUG] Solving cube (l0 = filter([155]), l1 = natural_join(), l2 = mutate())
[   387.275][cube-solver-3][DEBUG] Solving cube (l0 = filter([155]), l1 = natural_join3(), l2 = summarise())
[   387.416][cube-solver-3][DEBUG] Solving cube (l0 = filter([155]), l1 = natural_join3(), l2 = mutate())
[   387.502][cube-solver-3][DEBUG] Solving cube (l0 = filter([155]), l1 = natural_join4(), l2 = summarise())
[   387.582][cube-solver-3][DEBUG] Solving cube (l0 = filter([155]), l1 = natural_join4(), l2 = mutate())
[   387.664][cube-solver-3][DEBUG] Solving cube (l0 = filter([155]), l1 = summarise(), l2 = natural_join())
[   460.115][cube-solver-3][DEBUG] Solving cube (l0 = filter([155]), l1 = summarise(), l2 = natural_join3())
[   504.716][cube-solver-8][DEBUG] Solving cube (l0 = filter([155]), l1 = summarise(), l2 = natural_join4())
[   504.838][cube-solver-8][DEBUG] Solving cube (l0 = filter([155]), l1 = summarise(), l2 = summarise())
[   504.959][cube-solver-8][DEBUG] Solving cube (l0 = filter([155]), l1 = summarise(), l2 = filter([155]))
[   580.236][cube-solver-11][DEBUG] Solving cube (l0 = filter([155]), l1 = summarise(), l2 = anti_join())
[   600.061][MainProcess][INFO] Statistics:
[   600.061][MainProcess][INFO] 	Generated cubes: 53
[   600.061][MainProcess][INFO] 	Attempted programs: 53149
[   600.061][MainProcess][INFO] 		Rejected: 10687
[   600.061][MainProcess][INFO] 		Failed: 42462
[   600.062][MainProcess][INFO] 	Blacklist clauses: 155
[   600.062][MainProcess][DEBUG] Printing statistics for good programs of size 2
[   600.068][MainProcess][DEBUG] 	0: Counter({'mutate': 7680, 'summarise': 3900, 'filter': 420})
[   600.072][MainProcess][DEBUG] 	1: Counter({'filter': 11580, 'mutate': 240, 'summarise': 180})
[   600.073][MainProcess][DEBUG] Printing statistics for good programs of size 3
[   600.270][MainProcess][DEBUG] 	0: Counter({'summarise': 786262, 'filter': 35039})
[   600.433][MainProcess][DEBUG] 	1: Counter({'filter': 465601, 'natural_join': 71297, 'union': 64091, 'left_join': 62441, 'anti_join': 43571, 'cross_join': 38197, 'summarise': 34199, 'inner_join': 29844, 'semi_join': 8160, 'mutate': 3900})
[   600.595][MainProcess][DEBUG] 	2: Counter({'filter': 373474, 'natural_join3': 77986, 'cross_join': 69443, 'natural_join': 66840, 'union': 58704, 'left_join': 58426, 'inner_join': 57544, 'anti_join': 28164, 'semi_join': 22080, 'mutate': 4380, 'summarise': 4260})

No solution found
