[     1.644][MainProcess][INFO] Parsing specification...
[     1.648][MainProcess][WARNING] "attrs" field is deprecated. Please use "columns"
[     1.648][MainProcess][WARNING] "aggrs" field is deprecated. Please use "functions"
[     1.648][MainProcess][WARNING] "const" field is deprecated. Please use "constants"
[     1.649][MainProcess][DEBUG] Reading input files...
[     1.657][MainProcess][INFO] Inferred data types for table tests-examples/scythe/top_rated_posts/tables/i031.csv: ['int64', 'string', 'int64']
[     1.663][MainProcess][INFO] Inferred data types for table tests-examples/scythe/top_rated_posts/tables/o031.csv: ['int64', 'int64', 'string']
[     1.690][MainProcess][DEBUG] Generating DSL...
[     1.717][MainProcess][INFO] Creating 16 processes
[     1.780][cube-solver-0][DEBUG] Initialising process for 2 lines of code.
[     1.780][MainProcess][DEBUG] Increasing generator loc to 3
[     1.780][cube-solver-1][DEBUG] Initialising process for 2 lines of code.
[     1.780][cube-solver-2][DEBUG] Initialising process for 2 lines of code.
[     1.781][cube-solver-3][DEBUG] Initialising process for 2 lines of code.
[     1.782][cube-solver-4][DEBUG] Initialising process for 3 lines of code.
[     1.785][cube-solver-6][DEBUG] Initialising process for 3 lines of code.
[     1.788][cube-solver-5][DEBUG] Initialising process for 3 lines of code.
[     1.795][cube-solver-8][DEBUG] Initialising process for 3 lines of code.
[     1.799][cube-solver-9][DEBUG] Initialising process for 3 lines of code.
[     1.803][cube-solver-10][DEBUG] Initialising process for 3 lines of code.
[     1.804][cube-solver-7][DEBUG] Initialising process for 3 lines of code.
[     1.807][cube-solver-11][DEBUG] Initialising process for 3 lines of code.
[     1.811][cube-solver-12][DEBUG] Initialising process for 3 lines of code.
[     1.833][cube-solver-13][DEBUG] Initialising process for 3 lines of code.
[     1.834][cube-solver-14][DEBUG] Initialising process for 3 lines of code.
[     1.840][cube-solver-15][DEBUG] Initialising process for 3 lines of code.
[     2.303][cube-solver-3][DEBUG] Solving cube (l0 = mutate(), l1 = filter())
[     2.362][cube-solver-2][DEBUG] Solving cube (l0 = filter(), l1 = mutate())
[     2.442][cube-solver-0][DEBUG] Solving cube (l0 = summarise(), l1 = filter())
[     2.619][cube-solver-1][DEBUG] Solving cube (l0 = filter(), l1 = summarise())
[     2.734][cube-solver-8][DEBUG] Solving cube (l0 = natural_join3(), l1 = summarise(), l2 = filter())
[     2.737][cube-solver-9][DEBUG] Solving cube (l0 = natural_join3(), l1 = filter(), l2 = summarise())
[     2.740][cube-solver-9][DEBUG] Solving cube (l0 = summarise(), l1 = natural_join3(), l2 = filter())
[     2.740][cube-solver-8][DEBUG] Solving cube (l0 = summarise(), l1 = natural_join(), l2 = filter())
[     2.742][cube-solver-10][DEBUG] Solving cube (l0 = natural_join3(), l1 = filter(), l2 = mutate())
[     2.743][cube-solver-9][DEBUG] Solving cube (l0 = summarise(), l1 = natural_join4(), l2 = filter())
[     2.745][cube-solver-9][DEBUG] Solving cube (l0 = summarise(), l1 = summarise(), l2 = filter())
[     2.747][cube-solver-9][DEBUG] Solving cube (l0 = summarise(), l1 = filter(), l2 = natural_join3())
[     2.748][cube-solver-10][DEBUG] Solving cube (l0 = summarise(), l1 = filter(), l2 = natural_join())
[     2.756][cube-solver-12][DEBUG] Solving cube (l0 = natural_join4(), l1 = summarise(), l2 = filter())
[     2.756][cube-solver-6][DEBUG] Solving cube (l0 = natural_join(), l1 = filter(), l2 = mutate())
[     2.762][cube-solver-12][DEBUG] Solving cube (l0 = summarise(), l1 = filter(), l2 = natural_join4())
[     2.762][cube-solver-6][DEBUG] Solving cube (l0 = summarise(), l1 = filter(), l2 = summarise())
[     2.767][cube-solver-12][DEBUG] Solving cube (l0 = summarise(), l1 = filter(), l2 = filter())
[     2.771][cube-solver-11][DEBUG] Solving cube (l0 = natural_join3(), l1 = mutate(), l2 = filter())
[     2.778][cube-solver-11][DEBUG] Solving cube (l0 = summarise(), l1 = filter(), l2 = anti_join())
[     2.787][cube-solver-5][DEBUG] Solving cube (l0 = natural_join(), l1 = filter(), l2 = summarise())
[     2.794][cube-solver-5][DEBUG] Solving cube (l0 = summarise(), l1 = filter(), l2 = left_join())
[     2.800][cube-solver-4][DEBUG] Solving cube (l0 = natural_join(), l1 = summarise(), l2 = filter())
[     2.807][cube-solver-4][DEBUG] Solving cube (l0 = summarise(), l1 = filter(), l2 = union())
[     2.822][cube-solver-15][DEBUG] Solving cube (l0 = natural_join4(), l1 = mutate(), l2 = filter())
[     2.828][cube-solver-15][DEBUG] Solving cube (l0 = summarise(), l1 = filter(), l2 = intersect())
[     2.833][cube-solver-7][DEBUG] Solving cube (l0 = natural_join(), l1 = mutate(), l2 = filter())
[     2.839][cube-solver-7][DEBUG] Solving cube (l0 = summarise(), l1 = filter(), l2 = semi_join())
[     3.004][cube-solver-13][DEBUG] Solving cube (l0 = natural_join4(), l1 = filter(), l2 = summarise())
[     3.010][cube-solver-13][DEBUG] Solving cube (l0 = summarise(), l1 = filter(), l2 = cross_join())
[     3.074][cube-solver-0][DEBUG] Initialising process for 3 lines of code.
[     3.145][cube-solver-2][DEBUG] Initialising process for 3 lines of code.
[     3.173][cube-solver-14][DEBUG] Solving cube (l0 = natural_join4(), l1 = filter(), l2 = mutate())
[     3.179][cube-solver-14][DEBUG] Solving cube (l0 = summarise(), l1 = anti_join(), l2 = filter())
[     3.208][cube-solver-3][DEBUG] Initialising process for 3 lines of code.
[     3.570][cube-solver-1][DEBUG] Initialising process for 3 lines of code.
[     4.070][cube-solver-2][DEBUG] Solving cube (l0 = summarise(), l1 = filter(), l2 = inner_join())
[     4.082][cube-solver-0][DEBUG] Solving cube (l0 = summarise(), l1 = filter(), l2 = mutate())
[     4.120][cube-solver-12][DEBUG] Solving cube (l0 = summarise(), l1 = intersect(), l2 = filter())
[     4.222][cube-solver-6][DEBUG] Solving cube (l0 = summarise(), l1 = semi_join(), l2 = filter())
[     4.376][cube-solver-3][DEBUG] Solving cube (l0 = summarise(), l1 = left_join(), l2 = filter())
[     4.548][cube-solver-1][DEBUG] Solving cube (l0 = summarise(), l1 = union(), l2 = filter())
[     4.697][cube-solver-0][DEBUG] Solving cube (l0 = summarise(), l1 = cross_join(), l2 = filter())
[     6.571][cube-solver-12][DEBUG] Solving cube (l0 = summarise(), l1 = mutate(), l2 = filter())
[     6.812][cube-solver-6][DEBUG] Solving cube (l0 = summarise(), l1 = inner_join(), l2 = filter())
[     7.115][cube-solver-12][DEBUG] Solving cube (l0 = filter(), l1 = natural_join(), l2 = summarise())
[     8.031][cube-solver-7][DEBUG] Solving cube (l0 = filter(), l1 = natural_join(), l2 = mutate())
[     8.145][cube-solver-15][DEBUG] Solving cube (l0 = filter(), l1 = natural_join3(), l2 = summarise())
[     8.148][cube-solver-15][DEBUG] Solving cube (l0 = filter(), l1 = natural_join3(), l2 = mutate())
[     8.150][cube-solver-15][DEBUG] Solving cube (l0 = filter(), l1 = natural_join4(), l2 = summarise())
[     8.152][cube-solver-15][DEBUG] Solving cube (l0 = filter(), l1 = natural_join4(), l2 = mutate())
[     8.154][cube-solver-15][DEBUG] Solving cube (l0 = filter(), l1 = summarise(), l2 = natural_join())
[     8.658][cube-solver-12][DEBUG] Solving cube (l0 = filter(), l1 = summarise(), l2 = natural_join3())
[     9.494][cube-solver-7][DEBUG] Solving cube (l0 = filter(), l1 = summarise(), l2 = natural_join4())
[     9.496][cube-solver-7][DEBUG] Solving cube (l0 = filter(), l1 = summarise(), l2 = summarise())
[     9.498][cube-solver-7][DEBUG] Solving cube (l0 = filter(), l1 = summarise(), l2 = filter())
[    10.539][cube-solver-7][DEBUG] Solving cube (l0 = filter(), l1 = summarise(), l2 = anti_join())
[    11.924][cube-solver-14][DEBUG] Solving cube (l0 = filter(), l1 = summarise(), l2 = left_join())
[    12.542][cube-solver-8][DEBUG] Solving cube (l0 = filter(), l1 = summarise(), l2 = union())
[    14.138][cube-solver-3][DEBUG] Solving cube (l0 = filter(), l1 = summarise(), l2 = intersect())
[    14.229][cube-solver-1][DEBUG] Solving cube (l0 = filter(), l1 = summarise(), l2 = semi_join())
[    18.515][cube-solver-10][DEBUG] Solving cube (l0 = filter(), l1 = summarise(), l2 = cross_join())
[    19.147][cube-solver-4][DEBUG] Solving cube (l0 = filter(), l1 = summarise(), l2 = mutate())
[    19.182][cube-solver-5][DEBUG] Solving cube (l0 = filter(), l1 = summarise(), l2 = inner_join())
[    19.902][cube-solver-4][DEBUG] Solving cube (l0 = filter(), l1 = filter(), l2 = summarise())
[    20.285][cube-solver-3][DEBUG] Solving cube (l0 = filter(), l1 = filter(), l2 = mutate())
[    21.164][cube-solver-1][DEBUG] Solving cube (l0 = filter(), l1 = anti_join(), l2 = summarise())
[    21.425][cube-solver-4][DEBUG] Solving cube (l0 = filter(), l1 = anti_join(), l2 = mutate())
[    21.932][cube-solver-3][DEBUG] Solving cube (l0 = filter(), l1 = left_join(), l2 = summarise())
[    22.749][cube-solver-11][DEBUG] Solving cube (l0 = filter(), l1 = left_join(), l2 = mutate())
[    24.232][cube-solver-3][DEBUG] Solving cube (l0 = filter(), l1 = union(), l2 = summarise())
[    25.122][cube-solver-11][DEBUG] Solving cube (l0 = filter(), l1 = union(), l2 = mutate())
[    26.273][cube-solver-3][DEBUG] Found solution with cube (l0 = filter(), l1 = union(), l2 = summarise())
[    26.275][MainProcess][INFO] Statistics:
[    26.275][MainProcess][INFO] 	Generated cubes: 68
[    26.276][MainProcess][INFO] 	Attempted programs: 2137
[    26.276][MainProcess][INFO] 		Rejected: 906
[    26.276][MainProcess][INFO] 		Failed: 1230
[    26.276][MainProcess][INFO] 	Blacklist clauses: 0
[    26.276][MainProcess][DEBUG] Printing statistics for good programs of size 2
[    26.276][MainProcess][DEBUG] 	0: Counter({'filter': 168, 'mutate': 96, 'summarise': 48})
[    26.277][MainProcess][DEBUG] 	1: Counter({'filter': 144, 'mutate': 96, 'summarise': 72})
[    26.277][MainProcess][DEBUG] Printing statistics for good programs of size 3
[    26.293][MainProcess][DEBUG] 	0: Counter({'summarise': 24966, 'filter': 14125})
[    26.309][MainProcess][DEBUG] 	1: Counter({'filter': 15735, 'summarise': 11508, 'cross_join': 2713, 'inner_join': 2297, 'anti_join': 1821, 'left_join': 1704, 'union': 1544, 'natural_join': 1488, 'semi_join': 240, 'mutate': 48})
[    26.318][cube-solver-11][DEBUG] Found solution with cube (l0 = filter(), l1 = union(), l2 = mutate())
[    26.324][MainProcess][DEBUG] 	2: Counter({'filter': 9762, 'natural_join3': 4907, 'natural_join': 3929, 'left_join': 3665, 'union': 3572, 'cross_join': 3291, 'inner_join': 3087, 'anti_join': 2899, 'mutate': 1562, 'summarise': 1227, 'semi_join': 1200})
[    26.324][MainProcess][INFO] Solution found: summarise(union(filter(@param0, name == 'Beta'), filter(@param0, name == 'Beta')), n = n(), id, name)
[    26.715][MainProcess][ERROR] Error while trying to convert R code to SQL.

------------------------------------- R Solution ---------------------------------------

con <- DBI::dbConnect(RSQLite::SQLite(), ":memory:")
input1 <- read_csv("tests-examples/scythe/top_rated_posts/tables/i031.csv", col_types = cols(id = col_integer(),name = col_character(),name_ascii = col_integer()))
input1 <- copy_to(con, input1)
expected_output <- read_csv("tests-examples/scythe/top_rated_posts/tables/o031.csv", col_types = cols(id = col_integer(),n = col_integer(),name = col_character()))

df2 <- input1 %>% filter(name == 'Beta')
df3 <- bind_rows(df2, df2)
df4 <- df3 %>% group_by(id, name) %>% summarise(n = n()) %>% ungroup()
out <- df4 %>% select(id, n, name) %>% arrange(id)

Failed to generate SQL query
