[     1.626][MainProcess][INFO] Parsing specification...
[     1.643][MainProcess][WARNING] "attrs" field is deprecated. Please use "columns"
[     1.643][MainProcess][WARNING] "aggrs" field is deprecated. Please use "functions"
[     1.644][MainProcess][DEBUG] Reading input files...
[     1.658][MainProcess][INFO] Inferred data types for table tests-examples/scythe/top_rated_posts/tables/i034.csv: ['int64', 'string', 'timedelta64[ns]']
[     1.665][MainProcess][INFO] Inferred data types for table tests-examples/scythe/top_rated_posts/tables/o034.csv: ['int64', 'string', 'timedelta64[ns]']
[     1.692][MainProcess][DEBUG] Generating DSL...
[     1.850][MainProcess][INFO] Creating 16 processes
[     1.911][MainProcess][DEBUG] Increasing generator loc to 2
[     2.023][cube-solver-0][DEBUG] Initialising process for 1 lines of code.
[     2.026][cube-solver-1][DEBUG] Initialising process for 1 lines of code.
[     2.028][cube-solver-2][DEBUG] Initialising process for 2 lines of code.
[     2.031][cube-solver-3][DEBUG] Initialising process for 2 lines of code.
[     2.036][cube-solver-5][DEBUG] Initialising process for 2 lines of code.
[     2.047][cube-solver-8][DEBUG] Initialising process for 2 lines of code.
[     2.048][cube-solver-9][DEBUG] Initialising process for 2 lines of code.
[     2.052][cube-solver-4][DEBUG] Initialising process for 2 lines of code.
[     2.055][cube-solver-6][DEBUG] Initialising process for 2 lines of code.
[     2.056][cube-solver-11][DEBUG] Initialising process for 2 lines of code.
[     2.060][cube-solver-13][DEBUG] Initialising process for 2 lines of code.
[     2.061][cube-solver-10][DEBUG] Initialising process for 2 lines of code.
[     2.080][cube-solver-12][DEBUG] Initialising process for 2 lines of code.
[     2.095][cube-solver-14][DEBUG] Initialising process for 2 lines of code.
[     2.154][cube-solver-7][DEBUG] Initialising process for 2 lines of code.
[     2.190][cube-solver-15][DEBUG] Initialising process for 2 lines of code.
[     5.055][cube-solver-0][DEBUG] Solving cube (l0 = summarise(),)
[     5.057][cube-solver-1][DEBUG] Solving cube (l0 = mutate(),)
[     5.424][cube-solver-0][DEBUG] Initialising process for 2 lines of code.
[     5.458][cube-solver-1][DEBUG] Initialising process for 2 lines of code.
[     8.117][cube-solver-3][DEBUG] Solving cube (l0 = natural_join(), l1 = mutate())
[     8.120][cube-solver-9][DEBUG] Solving cube (l0 = summarise(), l1 = natural_join3())
[     8.120][cube-solver-2][DEBUG] Solving cube (l0 = natural_join(), l1 = summarise())
[     8.125][cube-solver-8][DEBUG] Solving cube (l0 = summarise(), l1 = natural_join())
[     8.140][cube-solver-13][DEBUG] Solving cube (l0 = summarise(), l1 = left_join())
[     8.140][cube-solver-4][DEBUG] Solving cube (l0 = natural_join3(), l1 = summarise())
[     8.145][cube-solver-3][DEBUG] Solving cube (l0 = summarise(), l1 = mutate())
[     8.148][cube-solver-11][DEBUG] Solving cube (l0 = summarise(), l1 = summarise())
[     8.149][cube-solver-2][DEBUG] Solving cube (l0 = summarise(), l1 = inner_join())
[     8.157][cube-solver-9][DEBUG] Solving cube (l0 = anti_join(), l1 = summarise())
[     8.172][cube-solver-9][DEBUG] Solving cube (l0 = anti_join(), l1 = mutate())
[     8.180][cube-solver-11][DEBUG] Solving cube (l0 = left_join(), l1 = summarise())
[     8.182][cube-solver-6][DEBUG] Solving cube (l0 = natural_join4(), l1 = summarise())
[     8.187][cube-solver-9][DEBUG] Solving cube (l0 = union(), l1 = summarise())
[     8.192][cube-solver-10][DEBUG] Solving cube (l0 = summarise(), l1 = natural_join4())
[     8.194][cube-solver-4][DEBUG] Solving cube (l0 = left_join(), l1 = mutate())
[     8.229][cube-solver-5][DEBUG] Solving cube (l0 = natural_join3(), l1 = mutate())
[     8.236][cube-solver-12][DEBUG] Solving cube (l0 = summarise(), l1 = anti_join())
[     8.236][cube-solver-6][DEBUG] Solving cube (l0 = union(), l1 = mutate())
[     8.244][cube-solver-10][DEBUG] Solving cube (l0 = intersect(), l1 = summarise())
[     8.281][cube-solver-5][DEBUG] Solving cube (l0 = intersect(), l1 = mutate())
[     8.289][cube-solver-14][DEBUG] Solving cube (l0 = summarise(), l1 = union())
[     8.407][cube-solver-5][DEBUG] Solving cube (l0 = semi_join(), l1 = summarise())
[     8.432][cube-solver-7][DEBUG] Solving cube (l0 = natural_join4(), l1 = mutate())
[     8.475][cube-solver-7][DEBUG] Solving cube (l0 = semi_join(), l1 = mutate())
[     8.524][cube-solver-15][DEBUG] Solving cube (l0 = summarise(), l1 = intersect())
[     8.583][cube-solver-3][DEBUG] Solving cube (l0 = cross_join(), l1 = summarise())
[     8.627][cube-solver-9][DEBUG] Solving cube (l0 = cross_join([1]), l1 = mutate())
[     8.671][cube-solver-4][DEBUG] Solving cube (l0 = mutate(), l1 = natural_join())
[     8.727][cube-solver-11][DEBUG] Solving cube (l0 = mutate(), l1 = natural_join3())
[     8.748][cube-solver-11][DEBUG] Solving cube (l0 = mutate(), l1 = natural_join4())
[     8.752][cube-solver-10][DEBUG] Solving cube (l0 = mutate(), l1 = summarise())
[     8.763][cube-solver-11][DEBUG] Solving cube (l0 = mutate(), l1 = anti_join())
[     8.876][cube-solver-5][DEBUG] Solving cube (l0 = mutate(), l1 = left_join())
[     8.934][cube-solver-6][DEBUG] Solving cube (l0 = mutate(), l1 = union())
[     9.104][cube-solver-7][DEBUG] Solving cube (l0 = mutate(), l1 = intersect())
[     9.159][cube-solver-10][DEBUG] Solving cube (l0 = mutate(), l1 = semi_join())
[     9.519][cube-solver-7][DEBUG] Solving cube (l0 = mutate(), l1 = cross_join([61]))
[     9.567][cube-solver-4][DEBUG] Solving cube (l0 = mutate(), l1 = mutate())
[    10.005][cube-solver-15][DEBUG] Solving cube (l0 = mutate(), l1 = inner_join())
[    10.130][cube-solver-4][DEBUG] Solving cube (l0 = inner_join(), l1 = summarise())
[    10.238][MainProcess][DEBUG] Increasing generator loc to 3
[    10.240][cube-solver-10][DEBUG] Solving cube (l0 = inner_join(), l1 = mutate())
[    10.250][cube-solver-6][DEBUG] Initialising process for 3 lines of code.
[    10.382][cube-solver-5][DEBUG] Initialising process for 3 lines of code.
[    11.763][cube-solver-0][DEBUG] Solving cube (l0 = summarise(), l1 = semi_join())
[    12.221][cube-solver-1][DEBUG] Solving cube (l0 = summarise(), l1 = cross_join([132]))
[    12.418][cube-solver-11][DEBUG] Initialising process for 3 lines of code.
[    12.622][cube-solver-4][DEBUG] Initialising process for 3 lines of code.
[    12.761][cube-solver-12][DEBUG] Initialising process for 3 lines of code.
[    12.823][cube-solver-8][DEBUG] Initialising process for 3 lines of code.
[    13.315][cube-solver-0][DEBUG] Initialising process for 3 lines of code.
[    13.318][cube-solver-13][DEBUG] Initialising process for 3 lines of code.
[    13.598][cube-solver-14][DEBUG] Initialising process for 3 lines of code.
[    18.535][cube-solver-10][DEBUG] Initialising process for 3 lines of code.
[    19.597][cube-solver-6][DEBUG] Solving cube (l0 = natural_join(), l1 = summarise(), l2 = natural_join())
[    19.646][cube-solver-6][DEBUG] Solving cube (l0 = natural_join(), l1 = summarise(), l2 = mutate())
[    19.667][cube-solver-6][DEBUG] Solving cube (l0 = natural_join(), l1 = summarise(), l2 = inner_join())
[    19.687][cube-solver-6][DEBUG] Solving cube (l0 = natural_join(), l1 = anti_join(), l2 = summarise())
[    19.708][cube-solver-6][DEBUG] Solving cube (l0 = natural_join(), l1 = anti_join(), l2 = mutate())
[    19.729][cube-solver-6][DEBUG] Solving cube (l0 = natural_join(), l1 = left_join(), l2 = summarise())
[    19.749][cube-solver-6][DEBUG] Solving cube (l0 = natural_join(), l1 = left_join(), l2 = mutate())
[    19.770][cube-solver-6][DEBUG] Solving cube (l0 = natural_join(), l1 = union(), l2 = summarise())
[    19.790][cube-solver-6][DEBUG] Solving cube (l0 = natural_join(), l1 = union(), l2 = mutate())
[    19.810][cube-solver-6][DEBUG] Solving cube (l0 = natural_join(), l1 = intersect(), l2 = summarise())
[    19.815][cube-solver-5][DEBUG] Solving cube (l0 = natural_join(), l1 = summarise(), l2 = natural_join3())
[    19.830][cube-solver-6][DEBUG] Solving cube (l0 = natural_join(), l1 = intersect(), l2 = mutate())
[    19.851][cube-solver-6][DEBUG] Solving cube (l0 = natural_join(), l1 = semi_join(), l2 = summarise())
[    19.860][cube-solver-5][DEBUG] Solving cube (l0 = natural_join(), l1 = semi_join(), l2 = mutate())
[    20.623][cube-solver-6][DEBUG] Solving cube (l0 = natural_join(), l1 = cross_join([267]), l2 = summarise())
[    21.122][cube-solver-6][DEBUG] Solving cube (l0 = natural_join(), l1 = mutate(), l2 = natural_join())
[    21.158][cube-solver-6][DEBUG] Solving cube (l0 = natural_join(), l1 = mutate(), l2 = natural_join3())
[    21.183][cube-solver-6][DEBUG] Solving cube (l0 = natural_join(), l1 = mutate(), l2 = natural_join4())
[    21.208][cube-solver-6][DEBUG] Solving cube (l0 = natural_join(), l1 = mutate(), l2 = summarise())
[    21.208][cube-solver-5][DEBUG] Solving cube (l0 = natural_join(), l1 = cross_join([267]), l2 = mutate())
[    21.251][cube-solver-6][DEBUG] Solving cube (l0 = natural_join(), l1 = mutate(), l2 = anti_join())
[    21.304][cube-solver-6][DEBUG] Solving cube (l0 = natural_join(), l1 = mutate(), l2 = left_join())
[    21.338][cube-solver-6][DEBUG] Solving cube (l0 = natural_join(), l1 = mutate(), l2 = union())
[    21.378][cube-solver-6][DEBUG] Solving cube (l0 = natural_join(), l1 = mutate(), l2 = intersect())
[    21.403][cube-solver-6][DEBUG] Solving cube (l0 = natural_join(), l1 = mutate(), l2 = semi_join())
[    22.201][cube-solver-4][DEBUG] Solving cube (l0 = natural_join(), l1 = summarise(), l2 = summarise())
[    22.202][cube-solver-12][DEBUG] Solving cube (l0 = natural_join(), l1 = summarise(), l2 = anti_join())
[    22.221][cube-solver-5][DEBUG] Solving cube (l0 = natural_join(), l1 = mutate(), l2 = mutate())
[    22.232][cube-solver-8][DEBUG] Solving cube (l0 = natural_join(), l1 = summarise(), l2 = left_join())
[    22.243][cube-solver-5][DEBUG] Solving cube (l0 = natural_join(), l1 = inner_join(), l2 = summarise())
[    22.252][cube-solver-4][DEBUG] Solving cube (l0 = natural_join(), l1 = mutate(), l2 = inner_join())
[    22.265][cube-solver-5][DEBUG] Solving cube (l0 = natural_join(), l1 = natural_join(), l2 = summarise())
[    22.268][cube-solver-12][DEBUG] Solving cube (l0 = natural_join(), l1 = inner_join(), l2 = mutate())
[    22.276][cube-solver-4][DEBUG] Solving cube (l0 = natural_join(), l1 = natural_join3(), l2 = summarise())
[    22.286][cube-solver-8][DEBUG] Solving cube (l0 = natural_join(), l1 = natural_join(), l2 = mutate())
[    22.288][cube-solver-5][DEBUG] Solving cube (l0 = natural_join(), l1 = natural_join3(), l2 = mutate())
[    22.299][cube-solver-4][DEBUG] Solving cube (l0 = natural_join(), l1 = natural_join4(), l2 = mutate())
[    22.303][cube-solver-12][DEBUG] Solving cube (l0 = natural_join(), l1 = natural_join4(), l2 = summarise())
[    22.315][cube-solver-5][DEBUG] Solving cube (l0 = natural_join3(), l1 = summarise(), l2 = natural_join3())
[    22.316][cube-solver-8][DEBUG] Solving cube (l0 = natural_join3(), l1 = summarise(), l2 = natural_join())
[    22.320][cube-solver-6][DEBUG] Solving cube (l0 = natural_join(), l1 = mutate(), l2 = cross_join([318]))
[    22.322][cube-solver-4][DEBUG] Solving cube (l0 = natural_join3(), l1 = summarise(), l2 = natural_join4())
[    22.337][cube-solver-12][DEBUG] Solving cube (l0 = natural_join3(), l1 = summarise(), l2 = summarise())
[    22.338][cube-solver-5][DEBUG] Solving cube (l0 = natural_join3(), l1 = summarise(), l2 = anti_join())
[    22.340][cube-solver-8][DEBUG] Solving cube (l0 = natural_join3(), l1 = summarise(), l2 = left_join())
[    22.343][cube-solver-4][DEBUG] Solving cube (l0 = natural_join3(), l1 = summarise(), l2 = union())
[    22.363][cube-solver-5][DEBUG] Solving cube (l0 = natural_join3(), l1 = summarise(), l2 = intersect())
[    22.366][cube-solver-12][DEBUG] Solving cube (l0 = natural_join3(), l1 = summarise(), l2 = semi_join())
[    23.213][cube-solver-4][DEBUG] Solving cube (l0 = natural_join3(), l1 = summarise(), l2 = mutate())
[    23.214][cube-solver-5][DEBUG] Solving cube (l0 = natural_join3(), l1 = summarise(), l2 = inner_join())
[    23.215][cube-solver-12][DEBUG] Solving cube (l0 = natural_join3(), l1 = anti_join(), l2 = summarise())
[    23.215][cube-solver-11][DEBUG] Solving cube (l0 = natural_join(), l1 = summarise(), l2 = natural_join4())
[    23.215][cube-solver-6][DEBUG] Solving cube (l0 = natural_join3(), l1 = anti_join(), l2 = mutate())
[    23.215][cube-solver-14][DEBUG] Solving cube (l0 = natural_join(), l1 = summarise(), l2 = semi_join())
[    23.215][cube-solver-13][DEBUG] Solving cube (l0 = natural_join(), l1 = summarise(), l2 = intersect())
[    23.215][cube-solver-0][DEBUG] Solving cube (l0 = natural_join(), l1 = summarise(), l2 = union())
[    23.239][cube-solver-5][DEBUG] Solving cube (l0 = natural_join3(), l1 = left_join(), l2 = summarise())
[    23.248][cube-solver-12][DEBUG] Solving cube (l0 = natural_join3(), l1 = left_join(), l2 = mutate())
[    23.249][cube-solver-4][DEBUG] Solving cube (l0 = natural_join3(), l1 = union(), l2 = summarise())
[    23.266][cube-solver-5][DEBUG] Solving cube (l0 = natural_join3(), l1 = intersect(), l2 = mutate())
[    23.269][cube-solver-0][DEBUG] Solving cube (l0 = natural_join3(), l1 = intersect(), l2 = summarise())
[    23.279][cube-solver-12][DEBUG] Solving cube (l0 = natural_join3(), l1 = semi_join(), l2 = summarise())
[    23.283][cube-solver-14][DEBUG] Solving cube (l0 = natural_join3(), l1 = union(), l2 = mutate())
[    23.295][cube-solver-13][DEBUG] Solving cube (l0 = natural_join3(), l1 = semi_join(), l2 = mutate())
[    23.523][cube-solver-8][DEBUG] Solving cube (l0 = natural_join3(), l1 = summarise(), l2 = cross_join([436]))
[    24.500][cube-solver-4][DEBUG] Solving cube (l0 = natural_join3(), l1 = cross_join([470]), l2 = summarise())
[    25.222][cube-solver-11][DEBUG] Solving cube (l0 = natural_join3(), l1 = mutate(), l2 = natural_join())
[    25.226][cube-solver-5][DEBUG] Solving cube (l0 = natural_join3(), l1 = mutate(), l2 = natural_join3())
[    25.226][cube-solver-0][DEBUG] Solving cube (l0 = natural_join3(), l1 = mutate(), l2 = natural_join4())
[    25.226][cube-solver-12][DEBUG] Solving cube (l0 = natural_join3(), l1 = mutate(), l2 = summarise())
[    25.227][cube-solver-14][DEBUG] Solving cube (l0 = natural_join3(), l1 = mutate(), l2 = left_join())
[    25.227][cube-solver-6][DEBUG] Solving cube (l0 = natural_join3(), l1 = mutate(), l2 = anti_join())
[    25.227][cube-solver-8][DEBUG] Solving cube (l0 = natural_join3(), l1 = mutate(), l2 = intersect())
[    25.253][cube-solver-11][DEBUG] Solving cube (l0 = natural_join3(), l1 = mutate(), l2 = union())
[    25.258][cube-solver-5][DEBUG] Solving cube (l0 = natural_join3(), l1 = mutate(), l2 = semi_join())
[    25.474][cube-solver-13][DEBUG] Solving cube (l0 = natural_join3(), l1 = cross_join([499]), l2 = mutate())
[    26.383][cube-solver-6][DEBUG] Solving cube (l0 = natural_join3(), l1 = mutate(), l2 = mutate())
[    26.384][cube-solver-0][DEBUG] Solving cube (l0 = natural_join3(), l1 = mutate(), l2 = inner_join())
[    26.384][cube-solver-11][DEBUG] Solving cube (l0 = natural_join3(), l1 = inner_join(), l2 = mutate())
[    26.384][cube-solver-5][DEBUG] Solving cube (l0 = natural_join3(), l1 = natural_join(), l2 = summarise())
[    26.384][cube-solver-12][DEBUG] Solving cube (l0 = natural_join3(), l1 = inner_join(), l2 = summarise())
[    26.385][cube-solver-8][DEBUG] Solving cube (l0 = natural_join3(), l1 = natural_join(), l2 = mutate())
[    26.418][cube-solver-5][DEBUG] Solving cube (l0 = natural_join3(), l1 = natural_join4(), l2 = summarise())
[    26.451][cube-solver-11][DEBUG] Solving cube (l0 = natural_join3(), l1 = natural_join4(), l2 = mutate())
[    26.490][cube-solver-8][DEBUG] Solving cube (l0 = natural_join4(), l1 = summarise(), l2 = natural_join())
[    26.494][cube-solver-4][DEBUG] Solving cube (l0 = natural_join3(), l1 = natural_join3(), l2 = summarise())
[    26.516][cube-solver-13][DEBUG] Solving cube (l0 = natural_join3(), l1 = natural_join3(), l2 = mutate())
[    26.526][cube-solver-0][DEBUG] Solving cube (l0 = natural_join4(), l1 = summarise(), l2 = natural_join3())
[    26.527][cube-solver-6][DEBUG] Solving cube (l0 = natural_join4(), l1 = summarise(), l2 = natural_join4())
[    26.527][cube-solver-12][DEBUG] Solving cube (l0 = natural_join4(), l1 = summarise(), l2 = summarise())
[    26.527][cube-solver-5][DEBUG] Solving cube (l0 = natural_join4(), l1 = summarise(), l2 = anti_join())
[    26.527][cube-solver-11][DEBUG] Solving cube (l0 = natural_join4(), l1 = summarise(), l2 = left_join())
[    26.527][cube-solver-8][DEBUG] Solving cube (l0 = natural_join4(), l1 = summarise(), l2 = union())
[    26.543][cube-solver-13][DEBUG] Solving cube (l0 = natural_join4(), l1 = summarise(), l2 = semi_join())
[    26.590][cube-solver-4][DEBUG] Solving cube (l0 = natural_join4(), l1 = summarise(), l2 = intersect())
[    26.876][cube-solver-14][DEBUG] Solving cube (l0 = natural_join3(), l1 = mutate(), l2 = cross_join([589]))
[    27.851][cube-solver-5][DEBUG] Solving cube (l0 = natural_join4(), l1 = summarise(), l2 = mutate())
[    27.852][cube-solver-6][DEBUG] Solving cube (l0 = natural_join4(), l1 = anti_join(), l2 = mutate())
[    27.852][cube-solver-0][DEBUG] Solving cube (l0 = natural_join4(), l1 = summarise(), l2 = inner_join())
[    27.852][cube-solver-11][DEBUG] Solving cube (l0 = natural_join4(), l1 = anti_join(), l2 = summarise())
[    27.852][cube-solver-12][DEBUG] Solving cube (l0 = natural_join4(), l1 = left_join(), l2 = summarise())
[    27.853][cube-solver-13][DEBUG] Solving cube (l0 = natural_join4(), l1 = left_join(), l2 = mutate())
[    27.854][cube-solver-4][DEBUG] Solving cube (l0 = natural_join4(), l1 = union(), l2 = summarise())
[    27.887][cube-solver-0][DEBUG] Solving cube (l0 = natural_join4(), l1 = semi_join(), l2 = summarise())
[    27.891][cube-solver-11][DEBUG] Solving cube (l0 = natural_join4(), l1 = semi_join(), l2 = mutate())
[    27.892][cube-solver-5][DEBUG] Solving cube (l0 = natural_join4(), l1 = union(), l2 = mutate())
[    27.895][cube-solver-6][DEBUG] Solving cube (l0 = natural_join4(), l1 = intersect(), l2 = summarise())
[    27.897][cube-solver-14][DEBUG] Solving cube (l0 = natural_join4(), l1 = intersect(), l2 = mutate())
[    28.357][cube-solver-8][DEBUG] Solving cube (l0 = natural_join4(), l1 = summarise(), l2 = cross_join([654]))
[    28.754][cube-solver-2][DEBUG] Found solution with cube (l0 = summarise(), l1 = inner_join())
[    29.708][cube-solver-12][DEBUG] Solving cube (l0 = natural_join4(), l1 = cross_join([677]), l2 = summarise())
[    30.845][cube-solver-4][DEBUG] Solving cube (l0 = natural_join4(), l1 = mutate(), l2 = natural_join())
[    30.847][MainProcess][INFO] Statistics:
[    30.848][MainProcess][INFO] 	Generated cubes: 159
[    30.848][MainProcess][INFO] 	Attempted programs: 446
[    30.848][MainProcess][INFO] 		Rejected: 262
[    30.848][MainProcess][INFO] 		Failed: 183
[    30.848][MainProcess][INFO] 	Blacklist clauses: 800
[    30.848][MainProcess][DEBUG] Printing statistics for good programs of size 1
[    30.849][MainProcess][DEBUG] 	0: Counter({'mutate': 48, 'summarise': 36})
[    30.849][MainProcess][DEBUG] Printing statistics for good programs of size 2
[    30.855][MainProcess][DEBUG] 	0: Counter({'mutate': 6828, 'summarise': 6613, 'cross_join': 2801, 'inner_join': 1296, 'union': 84, 'left_join': 84, 'semi_join': 84})
[    30.860][MainProcess][DEBUG] 	1: Counter({'inner_join': 5424, 'cross_join': 4693, 'mutate': 4013, 'anti_join': 780, 'left_join': 756, 'union': 756, 'natural_join': 672, 'summarise': 444, 'semi_join': 252})
[    30.860][MainProcess][INFO] Solution found: inner_join(@param0, summarise(@param0, maxTime = max(Time), Train), 'Train' = 'Train','Time' = 'maxTime')

------------------------------------- R Solution ---------------------------------------

con <- DBI::dbConnect(RSQLite::SQLite(), ":memory:")
input1 <- read_csv("tests-examples/scythe/top_rated_posts/tables/i034.csv", col_types = cols(Train = col_integer(),Dest = col_character(),Time = col_time()))
input1 <- copy_to(con, input1)
expected_output <- read_csv("tests-examples/scythe/top_rated_posts/tables/o034.csv", col_types = cols(Train = col_integer(),Dest = col_character(),Time = col_time()))

df2 <- input1 %>% group_by(Train) %>% summarise(maxTime = max(Time)) %>% ungroup()
df3 <- inner_join(input1, df2, by=c('Train' = 'Train','Time' = 'maxTime'), suffix = c('', '.other'))
out <- df3 %>% select(Train, Dest, Time) %>% arrange(Train)


+++++++++++++++++++++++++++++++++++++ SQL Solution +++++++++++++++++++++++++++++++++++++

SELECT Train,
       Dest,
       TIME
FROM
  (SELECT LHS.Train AS Train,
          LHS.Dest AS Dest,
          LHS.Time AS TIME
   FROM input1 AS LHS
   INNER JOIN
     (SELECT Train,
             MAX(TIME) AS maxTime
      FROM input1
      GROUP BY Train) AS RHS ON (LHS.Train = RHS.Train
                                 AND LHS.Time = RHS.maxTime))
ORDER BY Train
