[     1.570][MainProcess][INFO] Parsing specification...
[     1.588][MainProcess][WARNING] "attrs" field is deprecated. Please use "columns"
[     1.588][MainProcess][WARNING] "const" field is deprecated. Please use "constants"
[     1.589][MainProcess][DEBUG] Reading input files...
[     1.613][MainProcess][INFO] Inferred data types for table tests-examples/scythe/top_rated_posts/tables/i035.csv: ['string', 'int64', 'int64', 'int64']
[     1.620][MainProcess][INFO] Inferred data types for table tests-examples/scythe/top_rated_posts/tables/o035.csv: ['string', 'string', 'int64']
[     1.647][MainProcess][DEBUG] Generating DSL...
[     1.663][MainProcess][INFO] Creating 16 processes
[     1.722][MainProcess][DEBUG] Increasing generator loc to 2
[     1.723][cube-solver-0][DEBUG] Initialising process for 1 lines of code.
[     1.724][cube-solver-3][DEBUG] Initialising process for 2 lines of code.
[     1.723][cube-solver-2][DEBUG] Initialising process for 2 lines of code.
[     1.724][cube-solver-4][DEBUG] Initialising process for 2 lines of code.
[     1.724][cube-solver-5][DEBUG] Initialising process for 2 lines of code.
[     1.724][cube-solver-6][DEBUG] Initialising process for 2 lines of code.
[     1.723][cube-solver-1][DEBUG] Initialising process for 2 lines of code.
[     1.724][cube-solver-7][DEBUG] Initialising process for 2 lines of code.
[     1.725][cube-solver-8][DEBUG] Initialising process for 2 lines of code.
[     1.729][cube-solver-9][DEBUG] Initialising process for 2 lines of code.
[     1.734][cube-solver-10][DEBUG] Initialising process for 2 lines of code.
[     1.747][cube-solver-11][DEBUG] Initialising process for 2 lines of code.
[     1.749][cube-solver-14][DEBUG] Initialising process for 2 lines of code.
[     1.750][cube-solver-12][DEBUG] Initialising process for 2 lines of code.
[     1.752][cube-solver-15][DEBUG] Initialising process for 2 lines of code.
[     1.752][cube-solver-13][DEBUG] Initialising process for 2 lines of code.
[     1.882][cube-solver-0][DEBUG] Solving cube (l0 = filter(),)
[     1.886][cube-solver-8][DEBUG] Solving cube (l0 = filter(), l1 = anti_join())
[     1.889][cube-solver-9][DEBUG] Solving cube (l0 = filter(), l1 = left_join())
[     1.907][cube-solver-6][DEBUG] Solving cube (l0 = filter(), l1 = natural_join4())
[     1.907][cube-solver-14][DEBUG] Solving cube (l0 = filter(), l1 = inner_join())
[     1.909][cube-solver-6][DEBUG] Solving cube (l0 = left_join(), l1 = filter())
[     1.910][cube-solver-15][DEBUG] Solving cube (l0 = anti_join(), l1 = filter())
[     1.913][cube-solver-15][DEBUG] Solving cube (l0 = union(), l1 = filter())
[     1.918][cube-solver-10][DEBUG] Solving cube (l0 = filter(), l1 = union())
[     1.920][cube-solver-4][DEBUG] Solving cube (l0 = filter(), l1 = natural_join())
[     1.923][cube-solver-3][DEBUG] Solving cube (l0 = natural_join4(), l1 = filter())
[     1.926][cube-solver-3][DEBUG] Solving cube (l0 = intersect(), l1 = filter())
[     1.986][cube-solver-11][DEBUG] Solving cube (l0 = filter(), l1 = intersect())
[     2.043][cube-solver-7][DEBUG] Solving cube (l0 = filter(), l1 = filter())
[     2.054][cube-solver-1][DEBUG] Solving cube (l0 = natural_join(), l1 = filter())
[     2.055][cube-solver-5][DEBUG] Solving cube (l0 = filter(), l1 = natural_join3())
[     2.055][cube-solver-2][DEBUG] Solving cube (l0 = natural_join3(), l1 = filter())
[     2.057][cube-solver-1][DEBUG] Solving cube (l0 = semi_join(), l1 = filter())
[     2.058][cube-solver-2][DEBUG] Solving cube (l0 = cross_join(), l1 = filter())
[     2.058][cube-solver-5][DEBUG] Solving cube (l0 = inner_join(), l1 = filter())
[     2.065][MainProcess][DEBUG] Increasing generator loc to 3
[     2.065][cube-solver-3][DEBUG] Initialising process for 3 lines of code.
[     2.081][cube-solver-13][DEBUG] Solving cube (l0 = filter(), l1 = cross_join())
[     2.104][cube-solver-12][DEBUG] Solving cube (l0 = filter(), l1 = semi_join())
[     2.428][cube-solver-3][DEBUG] Solving cube (l0 = natural_join(), l1 = filter(), l2 = natural_join())
[     2.432][cube-solver-3][DEBUG] Solving cube (l0 = natural_join(), l1 = filter(), l2 = natural_join3())
[     2.434][cube-solver-3][DEBUG] Solving cube (l0 = natural_join(), l1 = filter(), l2 = natural_join4())
[     2.437][cube-solver-3][DEBUG] Solving cube (l0 = natural_join(), l1 = filter(), l2 = filter())
[     2.439][cube-solver-3][DEBUG] Solving cube (l0 = natural_join(), l1 = filter(), l2 = anti_join())
[     2.442][cube-solver-3][DEBUG] Solving cube (l0 = natural_join(), l1 = filter(), l2 = left_join())
[     2.444][cube-solver-3][DEBUG] Solving cube (l0 = natural_join(), l1 = filter(), l2 = union())
[     2.446][cube-solver-3][DEBUG] Solving cube (l0 = natural_join(), l1 = filter(), l2 = intersect())
[     2.448][cube-solver-3][DEBUG] Solving cube (l0 = natural_join(), l1 = filter(), l2 = semi_join())
[     2.451][cube-solver-3][DEBUG] Solving cube (l0 = natural_join(), l1 = filter(), l2 = cross_join())
[     2.453][cube-solver-3][DEBUG] Solving cube (l0 = natural_join(), l1 = filter(), l2 = inner_join())
[     2.455][cube-solver-3][DEBUG] Solving cube (l0 = natural_join(), l1 = anti_join(), l2 = filter())
[     2.458][cube-solver-3][DEBUG] Solving cube (l0 = natural_join(), l1 = left_join(), l2 = filter())
[     2.460][cube-solver-3][DEBUG] Solving cube (l0 = natural_join(), l1 = union(), l2 = filter())
[     2.462][cube-solver-3][DEBUG] Solving cube (l0 = natural_join(), l1 = intersect(), l2 = filter())
[     2.464][cube-solver-3][DEBUG] Solving cube (l0 = natural_join(), l1 = semi_join(), l2 = filter())
[     2.467][cube-solver-3][DEBUG] Solving cube (l0 = natural_join(), l1 = cross_join(), l2 = filter())
[     2.470][cube-solver-3][DEBUG] Solving cube (l0 = natural_join(), l1 = inner_join(), l2 = filter())
[     2.473][cube-solver-3][DEBUG] Solving cube (l0 = natural_join(), l1 = natural_join(), l2 = filter())
[     2.476][cube-solver-3][DEBUG] Solving cube (l0 = natural_join(), l1 = natural_join3(), l2 = filter())
[     2.478][cube-solver-3][DEBUG] Solving cube (l0 = natural_join(), l1 = natural_join4(), l2 = filter())
[     2.480][cube-solver-3][DEBUG] Solving cube (l0 = natural_join3(), l1 = filter(), l2 = natural_join())
[     2.481][cube-solver-3][DEBUG] Solving cube (l0 = natural_join3(), l1 = filter(), l2 = natural_join3())
[     2.482][cube-solver-3][DEBUG] Solving cube (l0 = natural_join3(), l1 = filter(), l2 = natural_join4())
[     2.484][cube-solver-3][DEBUG] Solving cube (l0 = natural_join3(), l1 = filter(), l2 = filter())
[     2.485][cube-solver-3][DEBUG] Solving cube (l0 = natural_join3(), l1 = filter(), l2 = anti_join())
[     2.486][cube-solver-3][DEBUG] Solving cube (l0 = natural_join3(), l1 = filter(), l2 = left_join())
[     2.488][cube-solver-3][DEBUG] Solving cube (l0 = natural_join3(), l1 = filter(), l2 = union())
[     2.489][cube-solver-3][DEBUG] Solving cube (l0 = natural_join3(), l1 = filter(), l2 = intersect())
[     2.490][cube-solver-3][DEBUG] Solving cube (l0 = natural_join3(), l1 = filter(), l2 = semi_join())
[     2.492][cube-solver-3][DEBUG] Solving cube (l0 = natural_join3(), l1 = filter(), l2 = cross_join())
[     2.493][cube-solver-3][DEBUG] Solving cube (l0 = natural_join3(), l1 = filter(), l2 = inner_join())
[     2.494][cube-solver-3][DEBUG] Solving cube (l0 = natural_join3(), l1 = anti_join(), l2 = filter())
[     2.496][cube-solver-3][DEBUG] Solving cube (l0 = natural_join3(), l1 = left_join(), l2 = filter())
[     2.497][cube-solver-3][DEBUG] Solving cube (l0 = natural_join3(), l1 = union(), l2 = filter())
[     2.498][cube-solver-3][DEBUG] Solving cube (l0 = natural_join3(), l1 = intersect(), l2 = filter())
[     2.500][cube-solver-3][DEBUG] Solving cube (l0 = natural_join3(), l1 = semi_join(), l2 = filter())
[     2.501][cube-solver-3][DEBUG] Solving cube (l0 = natural_join3(), l1 = cross_join(), l2 = filter())
[     2.503][cube-solver-3][DEBUG] Solving cube (l0 = natural_join3(), l1 = inner_join(), l2 = filter())
[     2.504][cube-solver-3][DEBUG] Solving cube (l0 = natural_join3(), l1 = natural_join(), l2 = filter())
[     2.505][cube-solver-3][DEBUG] Solving cube (l0 = natural_join3(), l1 = natural_join3(), l2 = filter())
[     2.507][cube-solver-3][DEBUG] Solving cube (l0 = natural_join3(), l1 = natural_join4(), l2 = filter())
[     2.508][cube-solver-3][DEBUG] Solving cube (l0 = natural_join4(), l1 = filter(), l2 = natural_join())
[     2.510][cube-solver-3][DEBUG] Solving cube (l0 = natural_join4(), l1 = filter(), l2 = natural_join3())
[     2.511][cube-solver-3][DEBUG] Solving cube (l0 = natural_join4(), l1 = filter(), l2 = natural_join4())
[     2.512][cube-solver-3][DEBUG] Solving cube (l0 = natural_join4(), l1 = filter(), l2 = filter())
[     2.513][cube-solver-3][DEBUG] Solving cube (l0 = natural_join4(), l1 = filter(), l2 = anti_join())
[     2.515][cube-solver-3][DEBUG] Solving cube (l0 = natural_join4(), l1 = filter(), l2 = left_join())
[     2.516][cube-solver-3][DEBUG] Solving cube (l0 = natural_join4(), l1 = filter(), l2 = union())
[     2.517][cube-solver-3][DEBUG] Solving cube (l0 = natural_join4(), l1 = filter(), l2 = intersect())
[     2.519][cube-solver-3][DEBUG] Solving cube (l0 = natural_join4(), l1 = filter(), l2 = semi_join())
[     2.520][cube-solver-3][DEBUG] Solving cube (l0 = natural_join4(), l1 = filter(), l2 = cross_join())
[     2.521][cube-solver-3][DEBUG] Solving cube (l0 = natural_join4(), l1 = filter(), l2 = inner_join())
[     2.523][cube-solver-3][DEBUG] Solving cube (l0 = natural_join4(), l1 = anti_join(), l2 = filter())
[     2.524][cube-solver-3][DEBUG] Solving cube (l0 = natural_join4(), l1 = left_join(), l2 = filter())
[     2.526][cube-solver-3][DEBUG] Solving cube (l0 = natural_join4(), l1 = union(), l2 = filter())
[     2.527][cube-solver-3][DEBUG] Solving cube (l0 = natural_join4(), l1 = intersect(), l2 = filter())
[     2.528][cube-solver-3][DEBUG] Solving cube (l0 = natural_join4(), l1 = semi_join(), l2 = filter())
[     2.530][cube-solver-3][DEBUG] Solving cube (l0 = natural_join4(), l1 = cross_join(), l2 = filter())
[     2.531][cube-solver-3][DEBUG] Solving cube (l0 = natural_join4(), l1 = inner_join(), l2 = filter())
[     2.532][cube-solver-3][DEBUG] Solving cube (l0 = natural_join4(), l1 = natural_join(), l2 = filter())
[     2.534][cube-solver-3][DEBUG] Solving cube (l0 = natural_join4(), l1 = natural_join3(), l2 = filter())
[     2.535][cube-solver-3][DEBUG] Solving cube (l0 = natural_join4(), l1 = natural_join4(), l2 = filter())
[     2.537][cube-solver-3][DEBUG] Solving cube (l0 = filter(), l1 = natural_join(), l2 = filter())
[     2.616][cube-solver-11][DEBUG] Initialising process for 3 lines of code.
[     2.729][cube-solver-6][DEBUG] Initialising process for 3 lines of code.
[     2.859][cube-solver-15][DEBUG] Initialising process for 3 lines of code.
[     2.893][cube-solver-1][DEBUG] Initialising process for 3 lines of code.
[     2.992][cube-solver-11][DEBUG] Solving cube (l0 = filter(), l1 = natural_join(), l2 = anti_join())
[     2.996][cube-solver-11][DEBUG] Solving cube (l0 = filter(), l1 = natural_join(), l2 = semi_join())
[     3.005][cube-solver-0][DEBUG] Initialising process for 3 lines of code.
[     3.055][cube-solver-6][DEBUG] Solving cube (l0 = filter(), l1 = natural_join(), l2 = left_join())
[     3.229][cube-solver-15][DEBUG] Solving cube (l0 = filter(), l1 = natural_join(), l2 = union())
[     3.448][cube-solver-1][DEBUG] Solving cube (l0 = filter(), l1 = natural_join(), l2 = intersect())
[     3.474][cube-solver-0][DEBUG] Solving cube (l0 = filter(), l1 = natural_join(), l2 = cross_join())
[     3.518][cube-solver-4][DEBUG] Initialising process for 3 lines of code.
[     3.806][cube-solver-7][DEBUG] Initialising process for 3 lines of code.
[     3.880][cube-solver-4][DEBUG] Solving cube (l0 = filter(), l1 = natural_join(), l2 = inner_join())
[     4.128][cube-solver-7][DEBUG] Solving cube (l0 = filter(), l1 = natural_join(), l2 = natural_join())
[     4.455][cube-solver-9][DEBUG] Initialising process for 3 lines of code.
[     4.628][cube-solver-10][DEBUG] Initialising process for 3 lines of code.
[     4.780][cube-solver-9][DEBUG] Solving cube (l0 = filter(), l1 = natural_join(), l2 = natural_join3())
[     4.784][cube-solver-9][DEBUG] Solving cube (l0 = filter(), l1 = natural_join3(), l2 = filter())
[     4.787][cube-solver-9][DEBUG] Solving cube (l0 = filter(), l1 = natural_join3(), l2 = anti_join())
[     4.790][cube-solver-9][DEBUG] Solving cube (l0 = filter(), l1 = natural_join3(), l2 = left_join())
[     4.792][cube-solver-9][DEBUG] Solving cube (l0 = filter(), l1 = natural_join3(), l2 = union())
[     4.795][cube-solver-9][DEBUG] Solving cube (l0 = filter(), l1 = natural_join3(), l2 = intersect())
[     4.797][cube-solver-9][DEBUG] Solving cube (l0 = filter(), l1 = natural_join3(), l2 = semi_join())
[     4.800][cube-solver-9][DEBUG] Solving cube (l0 = filter(), l1 = natural_join3(), l2 = cross_join())
[     4.802][cube-solver-9][DEBUG] Solving cube (l0 = filter(), l1 = natural_join3(), l2 = inner_join())
[     4.804][cube-solver-9][DEBUG] Solving cube (l0 = filter(), l1 = natural_join3(), l2 = natural_join())
[     4.807][cube-solver-9][DEBUG] Solving cube (l0 = filter(), l1 = natural_join3(), l2 = natural_join3())
[     4.809][cube-solver-9][DEBUG] Solving cube (l0 = filter(), l1 = natural_join3(), l2 = natural_join4())
[     4.811][cube-solver-9][DEBUG] Solving cube (l0 = filter(), l1 = natural_join4(), l2 = filter())
[     4.814][cube-solver-9][DEBUG] Solving cube (l0 = filter(), l1 = natural_join4(), l2 = anti_join())
[     4.816][cube-solver-9][DEBUG] Solving cube (l0 = filter(), l1 = natural_join4(), l2 = left_join())
[     4.819][cube-solver-9][DEBUG] Solving cube (l0 = filter(), l1 = natural_join4(), l2 = union())
[     4.821][cube-solver-9][DEBUG] Solving cube (l0 = filter(), l1 = natural_join4(), l2 = intersect())
[     4.823][cube-solver-9][DEBUG] Solving cube (l0 = filter(), l1 = natural_join4(), l2 = semi_join())
[     4.826][cube-solver-9][DEBUG] Solving cube (l0 = filter(), l1 = natural_join4(), l2 = cross_join())
[     4.828][cube-solver-9][DEBUG] Solving cube (l0 = filter(), l1 = natural_join4(), l2 = inner_join())
[     4.831][cube-solver-9][DEBUG] Solving cube (l0 = filter(), l1 = natural_join4(), l2 = natural_join())
[     4.833][cube-solver-9][DEBUG] Solving cube (l0 = filter(), l1 = natural_join4(), l2 = natural_join3())
[     4.835][cube-solver-9][DEBUG] Solving cube (l0 = filter(), l1 = natural_join4(), l2 = natural_join4())
[     4.837][cube-solver-9][DEBUG] Solving cube (l0 = filter(), l1 = filter(), l2 = natural_join())
[     4.953][cube-solver-12][DEBUG] Initialising process for 3 lines of code.
[     4.955][cube-solver-10][DEBUG] Solving cube (l0 = filter(), l1 = natural_join(), l2 = natural_join4())
[     4.958][cube-solver-10][DEBUG] Solving cube (l0 = filter(), l1 = filter(), l2 = natural_join4())
[     4.960][cube-solver-10][DEBUG] Solving cube (l0 = filter(), l1 = filter(), l2 = filter())
[     5.305][cube-solver-12][DEBUG] Solving cube (l0 = filter(), l1 = filter(), l2 = natural_join3())
[     5.683][cube-solver-1][DEBUG] Solving cube (l0 = filter(), l1 = filter(), l2 = anti_join())
[     5.866][cube-solver-3][DEBUG] Solving cube (l0 = filter(), l1 = filter(), l2 = left_join())
[     7.996][cube-solver-10][DEBUG] Solving cube (l0 = filter(), l1 = filter(), l2 = union())
[    10.393][cube-solver-7][DEBUG] Solving cube (l0 = filter(), l1 = filter(), l2 = intersect())
[    11.125][cube-solver-15][DEBUG] Solving cube (l0 = filter(), l1 = filter(), l2 = semi_join())
[    11.166][cube-solver-6][DEBUG] Solving cube (l0 = filter(), l1 = filter(), l2 = cross_join())
[    11.527][cube-solver-11][DEBUG] Solving cube (l0 = filter(), l1 = filter(), l2 = inner_join())
[    12.982][cube-solver-7][DEBUG] Solving cube (l0 = filter(), l1 = anti_join(), l2 = natural_join())
[    13.732][cube-solver-9][DEBUG] Solving cube (l0 = filter(), l1 = anti_join(), l2 = natural_join3())
[    13.734][cube-solver-9][DEBUG] Solving cube (l0 = filter(), l1 = anti_join(), l2 = natural_join4())
[    13.736][cube-solver-9][DEBUG] Solving cube (l0 = filter(), l1 = anti_join(), l2 = filter())
[    16.781][cube-solver-3][DEBUG] Solving cube (l0 = filter(), l1 = anti_join(), l2 = anti_join())
[    16.783][cube-solver-3][DEBUG] Solving cube (l0 = filter(), l1 = anti_join(), l2 = left_join())
[    18.376][cube-solver-10][DEBUG] Solving cube (l0 = filter(), l1 = anti_join(), l2 = union())
[    18.467][cube-solver-8][DEBUG] Initialising process for 3 lines of code.
[    18.772][cube-solver-8][DEBUG] Solving cube (l0 = filter(), l1 = anti_join(), l2 = intersect())
[    21.577][cube-solver-15][DEBUG] Solving cube (l0 = filter(), l1 = anti_join(), l2 = semi_join())
[    23.765][cube-solver-12][DEBUG] Solving cube (l0 = filter(), l1 = anti_join(), l2 = cross_join())
[    40.403][cube-solver-8][DEBUG] Solving cube (l0 = filter(), l1 = anti_join(), l2 = inner_join())
[    46.250][cube-solver-9][DEBUG] Solving cube (l0 = filter(), l1 = left_join(), l2 = natural_join())
[    57.032][cube-solver-9][DEBUG] Solving cube (l0 = filter(), l1 = left_join(), l2 = natural_join3())
[    75.306][cube-solver-9][DEBUG] Solving cube (l0 = filter(), l1 = left_join(), l2 = natural_join4())
[    75.310][cube-solver-9][DEBUG] Solving cube (l0 = filter(), l1 = left_join(), l2 = filter())
[    79.328][cube-solver-7][DEBUG] Solving cube (l0 = filter(), l1 = left_join(), l2 = anti_join())
[    79.920][cube-solver-9][DEBUG] Solving cube (l0 = filter(), l1 = left_join(), l2 = left_join())
[    92.823][cube-solver-9][DEBUG] Solving cube (l0 = filter(), l1 = left_join(), l2 = union())
[    98.702][cube-solver-3][DEBUG] Solving cube (l0 = filter(), l1 = left_join(), l2 = intersect())
[   101.221][cube-solver-10][DEBUG] Solving cube (l0 = filter(), l1 = left_join(), l2 = semi_join())
[   102.108][cube-solver-3][DEBUG] Solving cube (l0 = filter(), l1 = left_join(), l2 = cross_join([1]))
[   104.497][cube-solver-1][DEBUG] Solving cube (l0 = filter(), l1 = left_join(), l2 = inner_join())
[   104.612][cube-solver-15][DEBUG] Solving cube (l0 = filter(), l1 = union(), l2 = natural_join())
[   105.499][cube-solver-9][DEBUG] Solving cube (l0 = filter(), l1 = union(), l2 = natural_join3())
[   114.364][cube-solver-10][DEBUG] Solving cube (l0 = filter(), l1 = union(), l2 = natural_join4())
[   114.366][cube-solver-10][DEBUG] Solving cube (l0 = filter(), l1 = union(), l2 = filter())
[   115.033][cube-solver-15][DEBUG] Solving cube (l0 = filter(), l1 = union(), l2 = anti_join())
[   118.735][cube-solver-10][DEBUG] Solving cube (l0 = filter(), l1 = union(), l2 = left_join())
[   122.729][cube-solver-2][DEBUG] Initialising process for 3 lines of code.
[   123.035][cube-solver-2][DEBUG] Solving cube (l0 = filter(), l1 = union(), l2 = union())
[   123.523][cube-solver-9][DEBUG] Solving cube (l0 = filter(), l1 = union(), l2 = intersect())
[   127.014][cube-solver-9][DEBUG] Solving cube (l0 = filter(), l1 = union(), l2 = semi_join())
[   131.724][cube-solver-10][DEBUG] Solving cube (l0 = filter(), l1 = union(), l2 = cross_join([1]))
[   135.838][cube-solver-2][DEBUG] Solving cube (l0 = filter(), l1 = union(), l2 = inner_join())
[   139.808][cube-solver-9][DEBUG] Solving cube (l0 = filter(), l1 = intersect(), l2 = natural_join())
[   159.866][cube-solver-9][DEBUG] Solving cube (l0 = filter(), l1 = intersect(), l2 = natural_join3())
[   195.789][cube-solver-7][DEBUG] Solving cube (l0 = filter(), l1 = intersect(), l2 = natural_join4())
[   195.794][cube-solver-7][DEBUG] Solving cube (l0 = filter(), l1 = intersect(), l2 = filter())
[   196.941][cube-solver-7][DEBUG] Solving cube (l0 = filter(), l1 = intersect(), l2 = anti_join())
[   199.581][cube-solver-9][DEBUG] Solving cube (l0 = filter(), l1 = intersect(), l2 = left_join())
[   220.235][cube-solver-9][DEBUG] Solving cube (l0 = filter(), l1 = intersect(), l2 = union())
[   230.906][cube-solver-15][DEBUG] Solving cube (l0 = filter(), l1 = intersect(), l2 = intersect())
[   240.906][cube-solver-9][DEBUG] Solving cube (l0 = filter(), l1 = intersect(), l2 = semi_join())
[   243.162][cube-solver-7][DEBUG] Solving cube (l0 = filter(), l1 = intersect(), l2 = cross_join([1]))
[   245.565][cube-solver-15][DEBUG] Solving cube (l0 = filter(), l1 = intersect(), l2 = inner_join())
[   248.859][cube-solver-5][DEBUG] Initialising process for 3 lines of code.
[   249.449][cube-solver-5][DEBUG] Solving cube (l0 = filter(), l1 = semi_join(), l2 = natural_join())
[   252.947][cube-solver-9][DEBUG] Solving cube (l0 = filter(), l1 = semi_join(), l2 = natural_join3())
[   260.622][cube-solver-5][DEBUG] Solving cube (l0 = filter(), l1 = semi_join(), l2 = natural_join4())
[   260.626][cube-solver-5][DEBUG] Solving cube (l0 = filter(), l1 = semi_join(), l2 = filter())
[   265.296][cube-solver-5][DEBUG] Solving cube (l0 = filter(), l1 = semi_join(), l2 = anti_join())
[   271.314][cube-solver-9][DEBUG] Solving cube (l0 = filter(), l1 = semi_join(), l2 = left_join())
[   284.290][cube-solver-9][DEBUG] Solving cube (l0 = filter(), l1 = semi_join(), l2 = union())
[   297.183][cube-solver-9][DEBUG] Solving cube (l0 = filter(), l1 = semi_join(), l2 = intersect())
[   300.441][cube-solver-9][DEBUG] Solving cube (l0 = filter(), l1 = semi_join(), l2 = semi_join())
[   313.605][cube-solver-9][DEBUG] Solving cube (l0 = filter(), l1 = semi_join(), l2 = cross_join([1]))
[   363.797][cube-solver-13][DEBUG] Initialising process for 3 lines of code.
[   364.102][cube-solver-13][DEBUG] Solving cube (l0 = filter(), l1 = semi_join(), l2 = inner_join())
[   380.351][cube-solver-5][DEBUG] Solving cube (l0 = filter(), l1 = cross_join([1]), l2 = natural_join())
[   414.532][cube-solver-7][DEBUG] Solving cube (l0 = filter(), l1 = cross_join([1]), l2 = natural_join3())
[   515.403][cube-solver-15][DEBUG] Solving cube (l0 = filter(), l1 = cross_join([1]), l2 = natural_join4())
[   515.406][cube-solver-15][DEBUG] Solving cube (l0 = filter(), l1 = cross_join([1]), l2 = filter())
[   600.055][MainProcess][INFO] Statistics:
[   600.056][MainProcess][INFO] 	Generated cubes: 188
[   600.056][MainProcess][INFO] 	Attempted programs: 16518
[   600.056][MainProcess][INFO] 		Rejected: 4756
[   600.056][MainProcess][INFO] 		Failed: 11762
[   600.056][MainProcess][INFO] 	Blacklist clauses: 1
[   600.056][MainProcess][DEBUG] Printing statistics for good programs of size 1
[   600.056][MainProcess][DEBUG] 	0: Counter({'filter': 96})
[   600.056][MainProcess][DEBUG] Printing statistics for good programs of size 2
[   600.272][MainProcess][DEBUG] 	0: Counter({'filter': 131729, 'inner_join': 33240, 'cross_join': 16128, 'left_join': 96, 'union': 96, 'semi_join': 96})
[   600.342][MainProcess][DEBUG] 	1: Counter({'inner_join': 79985, 'filter': 49848, 'cross_join': 48384, 'anti_join': 2112, 'left_join': 288, 'union': 288, 'semi_join': 288, 'natural_join': 192})
[   600.342][MainProcess][DEBUG] Printing statistics for good programs of size 3
[   600.539][MainProcess][DEBUG] 	0: Counter({'filter': 1043674})
[   600.733][MainProcess][DEBUG] 	1: Counter({'anti_join': 195391, 'filter': 177433, 'natural_join': 163767, 'left_join': 155985, 'union': 148302, 'semi_join': 93785, 'cross_join': 65163, 'intersect': 43848})
[   600.935][MainProcess][DEBUG] 	2: Counter({'cross_join': 420872, 'inner_join': 402023, 'anti_join': 59328, 'natural_join': 46044, 'natural_join3': 38649, 'left_join': 20064, 'union': 20064, 'semi_join': 18912, 'filter': 17718})

No solution found
