[     1.570][MainProcess][INFO] Parsing specification...
[     1.582][MainProcess][DEBUG] Reading input files...
[     1.605][MainProcess][INFO] Inferred data types for table tests-examples/scythe/top_rated_posts/tables/i042.csv: ['string', 'int64', 'int64', 'int64', 'int64']
[     1.622][MainProcess][INFO] Inferred data types for table tests-examples/scythe/top_rated_posts/tables/o042.csv: ['string', 'int64', 'int64', 'int64']
[     1.651][MainProcess][DEBUG] Generating DSL...
[     1.668][MainProcess][INFO] Creating 16 processes
[     1.725][cube-solver-2][DEBUG] Initialising process for 1 lines of code.
[     1.725][cube-solver-0][DEBUG] Initialising process for 1 lines of code.
[     1.725][cube-solver-1][DEBUG] Initialising process for 1 lines of code.
[     1.726][cube-solver-3][DEBUG] Initialising process for 1 lines of code.
[     1.726][cube-solver-5][DEBUG] Initialising process for 1 lines of code.
[     1.726][cube-solver-4][DEBUG] Initialising process for 1 lines of code.
[     1.726][cube-solver-6][DEBUG] Initialising process for 1 lines of code.
[     1.726][MainProcess][DEBUG] Increasing generator loc to 2
[     1.729][cube-solver-7][DEBUG] Initialising process for 1 lines of code.
[     1.732][cube-solver-8][DEBUG] Initialising process for 1 lines of code.
[     1.736][cube-solver-9][DEBUG] Initialising process for 1 lines of code.
[     1.739][cube-solver-10][DEBUG] Initialising process for 2 lines of code.
[     1.750][cube-solver-13][DEBUG] Initialising process for 2 lines of code.
[     1.751][cube-solver-12][DEBUG] Initialising process for 2 lines of code.
[     1.761][cube-solver-11][DEBUG] Initialising process for 2 lines of code.
[     1.764][cube-solver-14][DEBUG] Initialising process for 2 lines of code.
[     1.766][cube-solver-15][DEBUG] Initialising process for 2 lines of code.
[     1.851][cube-solver-8][DEBUG] Solving cube (l0 = cross_join(),)
[     1.858][cube-solver-6][DEBUG] Solving cube (l0 = intersect(),)
[     1.863][cube-solver-8][DEBUG] Initialising process for 2 lines of code.
[     1.866][cube-solver-7][DEBUG] Solving cube (l0 = semi_join(),)
[     1.868][cube-solver-9][DEBUG] Solving cube (l0 = inner_join(),)
[     1.895][cube-solver-4][DEBUG] Solving cube (l0 = left_join(),)
[     1.936][cube-solver-6][DEBUG] Initialising process for 2 lines of code.
[     1.963][cube-solver-0][DEBUG] Solving cube (l0 = natural_join(),)
[     1.963][cube-solver-5][DEBUG] Solving cube (l0 = union(),)
[     1.963][cube-solver-2][DEBUG] Solving cube (l0 = natural_join4(),)
[     1.964][cube-solver-3][DEBUG] Solving cube (l0 = anti_join(),)
[     1.966][cube-solver-0][DEBUG] Initialising process for 2 lines of code.
[     1.965][cube-solver-1][DEBUG] Solving cube (l0 = natural_join3(),)
[     1.966][cube-solver-2][DEBUG] Initialising process for 2 lines of code.
[     1.966][cube-solver-3][DEBUG] Initialising process for 2 lines of code.
[     1.968][cube-solver-1][DEBUG] Initialising process for 2 lines of code.
[     1.985][cube-solver-10][DEBUG] Solving cube (l0 = natural_join(), l1 = anti_join())
[     1.989][cube-solver-10][DEBUG] Solving cube (l0 = natural_join3(), l1 = union())
[     1.992][cube-solver-10][DEBUG] Solving cube (l0 = natural_join3(), l1 = intersect())
[     1.994][cube-solver-10][DEBUG] Solving cube (l0 = natural_join3(), l1 = semi_join())
[     1.995][cube-solver-13][DEBUG] Solving cube (l0 = natural_join(), l1 = intersect())
[     1.996][cube-solver-10][DEBUG] Solving cube (l0 = natural_join3(), l1 = cross_join([1]))
[     2.000][cube-solver-10][DEBUG] Solving cube (l0 = natural_join3(), l1 = natural_join())
[     2.000][cube-solver-13][DEBUG] Solving cube (l0 = natural_join3(), l1 = inner_join())
[     2.002][cube-solver-10][DEBUG] Solving cube (l0 = natural_join3(), l1 = natural_join3())
[     2.002][cube-solver-13][DEBUG] Solving cube (l0 = natural_join3(), l1 = natural_join4())
[     2.004][cube-solver-10][DEBUG] Solving cube (l0 = natural_join4(), l1 = anti_join())
[     2.004][cube-solver-13][DEBUG] Solving cube (l0 = natural_join4(), l1 = left_join())
[     2.006][cube-solver-10][DEBUG] Solving cube (l0 = natural_join4(), l1 = union())
[     2.007][cube-solver-13][DEBUG] Solving cube (l0 = natural_join4(), l1 = intersect())
[     2.008][cube-solver-10][DEBUG] Solving cube (l0 = natural_join4(), l1 = semi_join())
[     2.009][cube-solver-13][DEBUG] Solving cube (l0 = natural_join4(), l1 = cross_join([1]))
[     2.010][cube-solver-10][DEBUG] Solving cube (l0 = natural_join4(), l1 = inner_join())
[     2.012][cube-solver-13][DEBUG] Solving cube (l0 = natural_join4(), l1 = natural_join())
[     2.012][cube-solver-10][DEBUG] Solving cube (l0 = natural_join4(), l1 = natural_join3())
[     2.014][cube-solver-13][DEBUG] Solving cube (l0 = natural_join4(), l1 = natural_join4())
[     2.014][cube-solver-10][DEBUG] Solving cube (l0 = anti_join(), l1 = natural_join())
[     2.016][cube-solver-13][DEBUG] Solving cube (l0 = anti_join(), l1 = natural_join3())
[     2.017][cube-solver-10][DEBUG] Solving cube (l0 = anti_join(), l1 = natural_join4())
[     2.018][cube-solver-13][DEBUG] Solving cube (l0 = anti_join(), l1 = anti_join())
[     2.019][cube-solver-10][DEBUG] Solving cube (l0 = anti_join(), l1 = left_join())
[     2.020][cube-solver-13][DEBUG] Solving cube (l0 = anti_join(), l1 = union())
[     2.021][cube-solver-10][DEBUG] Solving cube (l0 = anti_join(), l1 = intersect())
[     2.023][cube-solver-13][DEBUG] Solving cube (l0 = anti_join(), l1 = semi_join())
[     2.023][cube-solver-10][DEBUG] Solving cube (l0 = anti_join(), l1 = cross_join([1]))
[     2.025][cube-solver-13][DEBUG] Solving cube (l0 = anti_join(), l1 = inner_join())
[     2.026][cube-solver-10][DEBUG] Solving cube (l0 = left_join(), l1 = natural_join())
[     2.027][cube-solver-13][DEBUG] Solving cube (l0 = left_join(), l1 = natural_join3())
[     2.029][cube-solver-13][DEBUG] Solving cube (l0 = left_join(), l1 = natural_join4())
[     2.032][cube-solver-13][DEBUG] Solving cube (l0 = left_join(), l1 = anti_join())
[     2.036][cube-solver-11][DEBUG] Solving cube (l0 = natural_join(), l1 = left_join())
[     2.040][cube-solver-11][DEBUG] Solving cube (l0 = left_join(), l1 = left_join())
[     2.131][cube-solver-15][DEBUG] Solving cube (l0 = natural_join(), l1 = cross_join([1]))
[     2.136][cube-solver-15][DEBUG] Solving cube (l0 = left_join(), l1 = union())
[     2.215][cube-solver-6][DEBUG] Solving cube (l0 = natural_join(), l1 = natural_join())
[     2.217][cube-solver-6][DEBUG] Solving cube (l0 = left_join(), l1 = intersect())
[     2.252][cube-solver-12][DEBUG] Solving cube (l0 = natural_join(), l1 = union())
[     2.255][cube-solver-12][DEBUG] Solving cube (l0 = left_join(), l1 = semi_join())
[     2.264][cube-solver-14][DEBUG] Solving cube (l0 = natural_join(), l1 = semi_join())
[     2.268][cube-solver-14][DEBUG] Solving cube (l0 = left_join(), l1 = cross_join([1]))
[     2.325][cube-solver-14][DEBUG] Solving cube (l0 = left_join(), l1 = inner_join())
[     2.358][cube-solver-8][DEBUG] Solving cube (l0 = natural_join(), l1 = inner_join())
[     2.362][cube-solver-8][DEBUG] Solving cube (l0 = union(), l1 = natural_join())
[     2.451][cube-solver-3][DEBUG] Solving cube (l0 = natural_join3(), l1 = anti_join())
[     2.454][cube-solver-3][DEBUG] Solving cube (l0 = union(), l1 = natural_join3())
[     2.457][cube-solver-2][DEBUG] Solving cube (l0 = natural_join(), l1 = natural_join4())
[     2.457][cube-solver-3][DEBUG] Solving cube (l0 = union(), l1 = natural_join4())
[     2.460][cube-solver-3][DEBUG] Solving cube (l0 = union(), l1 = anti_join())
[     2.460][cube-solver-2][DEBUG] Solving cube (l0 = union(), l1 = left_join())
[     2.461][cube-solver-0][DEBUG] Solving cube (l0 = natural_join(), l1 = natural_join3())
[     2.461][cube-solver-1][DEBUG] Solving cube (l0 = natural_join3(), l1 = left_join())
[     2.464][cube-solver-0][DEBUG] Solving cube (l0 = union(), l1 = union())
[     2.465][cube-solver-1][DEBUG] Solving cube (l0 = union(), l1 = intersect())
[     2.506][cube-solver-6][DEBUG] Solving cube (l0 = union(), l1 = semi_join())
[     2.977][cube-solver-1][DEBUG] Solving cube (l0 = union(), l1 = cross_join([1]))
[     3.006][cube-solver-1][DEBUG] Solving cube (l0 = union(), l1 = inner_join())
[     4.142][cube-solver-7][DEBUG] Initialising process for 2 lines of code.
[     4.188][cube-solver-4][DEBUG] Initialising process for 2 lines of code.
[     4.308][cube-solver-5][DEBUG] Initialising process for 2 lines of code.
[     4.424][cube-solver-7][DEBUG] Solving cube (l0 = intersect(), l1 = natural_join())
[     4.468][cube-solver-4][DEBUG] Solving cube (l0 = intersect(), l1 = natural_join3())
[     4.473][cube-solver-4][DEBUG] Solving cube (l0 = intersect(), l1 = anti_join())
[     4.603][cube-solver-5][DEBUG] Solving cube (l0 = intersect(), l1 = natural_join4())
[     4.605][cube-solver-5][DEBUG] Solving cube (l0 = intersect(), l1 = left_join())
[     6.282][cube-solver-10][DEBUG] Solving cube (l0 = intersect(), l1 = union())
[     6.462][cube-solver-8][DEBUG] Solving cube (l0 = intersect(), l1 = intersect())
[     7.969][cube-solver-15][DEBUG] Solving cube (l0 = intersect(), l1 = semi_join())
[     8.068][cube-solver-11][DEBUG] Solving cube (l0 = intersect(), l1 = cross_join([1]))
[     8.302][cube-solver-11][DEBUG] Solving cube (l0 = intersect(), l1 = inner_join())
[     8.352][cube-solver-8][DEBUG] Solving cube (l0 = semi_join(), l1 = natural_join())
[     8.367][cube-solver-12][DEBUG] Solving cube (l0 = semi_join(), l1 = natural_join3())
[     8.369][cube-solver-12][DEBUG] Solving cube (l0 = semi_join(), l1 = natural_join4())
[     8.371][cube-solver-12][DEBUG] Solving cube (l0 = semi_join(), l1 = anti_join())
[     8.473][cube-solver-6][DEBUG] Solving cube (l0 = semi_join(), l1 = left_join())
[     8.501][cube-solver-0][DEBUG] Solving cube (l0 = semi_join(), l1 = union())
[     8.592][cube-solver-2][DEBUG] Solving cube (l0 = semi_join(), l1 = intersect())
[     8.843][cube-solver-2][DEBUG] Solving cube (l0 = semi_join(), l1 = semi_join())
[    12.369][cube-solver-8][DEBUG] Solving cube (l0 = semi_join(), l1 = cross_join([1]))
[    12.399][cube-solver-8][DEBUG] Solving cube (l0 = semi_join(), l1 = inner_join())
[    14.195][cube-solver-6][DEBUG] Solving cube (l0 = cross_join([1]), l1 = natural_join())
[    14.197][cube-solver-6][DEBUG] Solving cube (l0 = cross_join([1]), l1 = natural_join3())
[    14.199][cube-solver-6][DEBUG] Solving cube (l0 = cross_join([1]), l1 = natural_join4())
[    14.201][cube-solver-6][DEBUG] Solving cube (l0 = cross_join([1]), l1 = anti_join())
[    14.203][cube-solver-6][DEBUG] Solving cube (l0 = cross_join([1]), l1 = left_join())
[    14.205][cube-solver-6][DEBUG] Solving cube (l0 = cross_join([1]), l1 = union())
[    14.206][cube-solver-6][DEBUG] Solving cube (l0 = cross_join([1]), l1 = intersect())
[    14.208][cube-solver-6][DEBUG] Solving cube (l0 = cross_join([1]), l1 = semi_join())
[    14.210][cube-solver-6][DEBUG] Solving cube (l0 = cross_join([1]), l1 = cross_join([1]))
[    14.212][cube-solver-6][DEBUG] Solving cube (l0 = cross_join([1]), l1 = inner_join())
[    14.214][cube-solver-6][DEBUG] Solving cube (l0 = inner_join(), l1 = natural_join())
[    14.342][cube-solver-0][DEBUG] Solving cube (l0 = inner_join(), l1 = natural_join3())
[    14.344][cube-solver-0][DEBUG] Solving cube (l0 = inner_join(), l1 = natural_join4())
[    14.346][cube-solver-0][DEBUG] Solving cube (l0 = inner_join(), l1 = anti_join())
[    14.629][cube-solver-2][DEBUG] Solving cube (l0 = inner_join(), l1 = left_join())
[    17.838][cube-solver-15][DEBUG] Solving cube (l0 = inner_join(), l1 = union())
[    23.938][cube-solver-7][DEBUG] Solving cube (l0 = inner_join(), l1 = intersect())
[    24.004][cube-solver-5][DEBUG] Solving cube (l0 = inner_join(), l1 = semi_join())
[    25.642][cube-solver-10][DEBUG] Solving cube (l0 = inner_join(), l1 = cross_join([1]))
[    26.479][cube-solver-4][DEBUG] Solving cube (l0 = inner_join(), l1 = inner_join())
[    29.870][MainProcess][DEBUG] Increasing generator loc to 3
[    29.870][cube-solver-10][DEBUG] Initialising process for 3 lines of code.
[    30.361][cube-solver-10][DEBUG] Solving cube (l0 = natural_join(), l1 = anti_join(), l2 = natural_join())
[    30.365][cube-solver-10][DEBUG] Solving cube (l0 = natural_join(), l1 = anti_join(), l2 = natural_join3())
[    30.367][cube-solver-10][DEBUG] Solving cube (l0 = natural_join(), l1 = anti_join(), l2 = natural_join4())
[    30.369][cube-solver-10][DEBUG] Solving cube (l0 = natural_join(), l1 = anti_join(), l2 = anti_join())
[    30.371][cube-solver-10][DEBUG] Solving cube (l0 = natural_join(), l1 = anti_join(), l2 = left_join())
[    30.373][cube-solver-10][DEBUG] Solving cube (l0 = natural_join(), l1 = anti_join(), l2 = union())
[    30.375][cube-solver-10][DEBUG] Solving cube (l0 = natural_join(), l1 = anti_join(), l2 = intersect())
[    30.377][cube-solver-10][DEBUG] Solving cube (l0 = natural_join(), l1 = anti_join(), l2 = semi_join())
[    30.379][cube-solver-10][DEBUG] Solving cube (l0 = natural_join(), l1 = anti_join(), l2 = cross_join([1]))
[    30.382][cube-solver-10][DEBUG] Solving cube (l0 = natural_join(), l1 = anti_join(), l2 = inner_join())
[    30.384][cube-solver-10][DEBUG] Solving cube (l0 = natural_join(), l1 = left_join(), l2 = natural_join())
[    30.386][cube-solver-10][DEBUG] Solving cube (l0 = natural_join(), l1 = left_join(), l2 = natural_join3())
[    30.388][cube-solver-10][DEBUG] Solving cube (l0 = natural_join(), l1 = left_join(), l2 = natural_join4())
[    30.390][cube-solver-10][DEBUG] Solving cube (l0 = natural_join(), l1 = left_join(), l2 = anti_join())
[    30.392][cube-solver-10][DEBUG] Solving cube (l0 = natural_join(), l1 = left_join(), l2 = left_join())
[    30.393][cube-solver-10][DEBUG] Solving cube (l0 = natural_join(), l1 = left_join(), l2 = union())
[    30.395][cube-solver-10][DEBUG] Solving cube (l0 = natural_join(), l1 = left_join(), l2 = intersect())
[    30.397][cube-solver-10][DEBUG] Solving cube (l0 = natural_join(), l1 = left_join(), l2 = semi_join())
[    30.399][cube-solver-10][DEBUG] Solving cube (l0 = natural_join(), l1 = left_join(), l2 = cross_join([1]))
[    30.402][cube-solver-10][DEBUG] Solving cube (l0 = natural_join(), l1 = left_join(), l2 = inner_join())
[    30.404][cube-solver-10][DEBUG] Solving cube (l0 = natural_join(), l1 = union(), l2 = natural_join())
[    30.406][cube-solver-10][DEBUG] Solving cube (l0 = natural_join(), l1 = union(), l2 = natural_join3())
[    30.408][cube-solver-10][DEBUG] Solving cube (l0 = natural_join(), l1 = union(), l2 = natural_join4())
[    30.410][cube-solver-10][DEBUG] Solving cube (l0 = natural_join(), l1 = union(), l2 = anti_join())
[    30.412][cube-solver-10][DEBUG] Solving cube (l0 = natural_join(), l1 = union(), l2 = left_join())
[    30.413][cube-solver-10][DEBUG] Solving cube (l0 = natural_join(), l1 = union(), l2 = union())
[    30.415][cube-solver-10][DEBUG] Solving cube (l0 = natural_join(), l1 = union(), l2 = intersect())
[    30.417][cube-solver-10][DEBUG] Solving cube (l0 = natural_join(), l1 = union(), l2 = semi_join())
[    30.419][cube-solver-10][DEBUG] Solving cube (l0 = natural_join(), l1 = union(), l2 = cross_join([1]))
[    30.422][cube-solver-10][DEBUG] Solving cube (l0 = natural_join(), l1 = union(), l2 = inner_join())
[    30.424][cube-solver-10][DEBUG] Solving cube (l0 = natural_join(), l1 = intersect(), l2 = natural_join())
[    30.426][cube-solver-10][DEBUG] Solving cube (l0 = natural_join(), l1 = intersect(), l2 = natural_join3())
[    30.428][cube-solver-10][DEBUG] Solving cube (l0 = natural_join(), l1 = intersect(), l2 = natural_join4())
[    30.430][cube-solver-10][DEBUG] Solving cube (l0 = natural_join(), l1 = intersect(), l2 = anti_join())
[    30.432][cube-solver-10][DEBUG] Solving cube (l0 = natural_join(), l1 = intersect(), l2 = left_join())
[    30.434][cube-solver-10][DEBUG] Solving cube (l0 = natural_join(), l1 = intersect(), l2 = union())
[    30.436][cube-solver-10][DEBUG] Solving cube (l0 = natural_join(), l1 = intersect(), l2 = intersect())
[    30.438][cube-solver-10][DEBUG] Solving cube (l0 = natural_join(), l1 = intersect(), l2 = semi_join())
[    30.439][cube-solver-10][DEBUG] Solving cube (l0 = natural_join(), l1 = intersect(), l2 = cross_join([1]))
[    30.442][cube-solver-10][DEBUG] Solving cube (l0 = natural_join(), l1 = intersect(), l2 = inner_join())
[    30.444][cube-solver-10][DEBUG] Solving cube (l0 = natural_join(), l1 = semi_join(), l2 = natural_join())
[    30.446][cube-solver-10][DEBUG] Solving cube (l0 = natural_join(), l1 = semi_join(), l2 = natural_join3())
[    30.448][cube-solver-10][DEBUG] Solving cube (l0 = natural_join(), l1 = semi_join(), l2 = natural_join4())
[    30.450][cube-solver-10][DEBUG] Solving cube (l0 = natural_join(), l1 = semi_join(), l2 = anti_join())
[    30.451][cube-solver-10][DEBUG] Solving cube (l0 = natural_join(), l1 = semi_join(), l2 = left_join())
[    30.453][cube-solver-10][DEBUG] Solving cube (l0 = natural_join(), l1 = semi_join(), l2 = union())
[    30.455][cube-solver-10][DEBUG] Solving cube (l0 = natural_join(), l1 = semi_join(), l2 = intersect())
[    30.457][cube-solver-10][DEBUG] Solving cube (l0 = natural_join(), l1 = semi_join(), l2 = semi_join())
[    30.459][cube-solver-10][DEBUG] Solving cube (l0 = natural_join(), l1 = semi_join(), l2 = cross_join([1]))
[    30.462][cube-solver-10][DEBUG] Solving cube (l0 = natural_join(), l1 = semi_join(), l2 = inner_join())
[    30.464][cube-solver-10][DEBUG] Solving cube (l0 = natural_join(), l1 = cross_join([1]), l2 = natural_join())
[    30.466][cube-solver-10][DEBUG] Solving cube (l0 = natural_join(), l1 = cross_join([1]), l2 = natural_join3())
[    30.469][cube-solver-10][DEBUG] Solving cube (l0 = natural_join(), l1 = cross_join([1]), l2 = natural_join4())
[    30.471][cube-solver-10][DEBUG] Solving cube (l0 = natural_join(), l1 = cross_join([1]), l2 = anti_join())
[    30.474][cube-solver-10][DEBUG] Solving cube (l0 = natural_join(), l1 = cross_join([1]), l2 = left_join())
[    30.476][cube-solver-10][DEBUG] Solving cube (l0 = natural_join(), l1 = cross_join([1]), l2 = union())
[    30.479][cube-solver-10][DEBUG] Solving cube (l0 = natural_join(), l1 = cross_join([1]), l2 = intersect())
[    30.481][cube-solver-10][DEBUG] Solving cube (l0 = natural_join(), l1 = cross_join([1]), l2 = semi_join())
[    30.484][cube-solver-10][DEBUG] Solving cube (l0 = natural_join(), l1 = cross_join([1]), l2 = cross_join([1]))
[    30.487][cube-solver-10][DEBUG] Solving cube (l0 = natural_join(), l1 = cross_join([1]), l2 = inner_join())
[    30.489][cube-solver-10][DEBUG] Solving cube (l0 = natural_join(), l1 = inner_join(), l2 = natural_join())
[    30.492][cube-solver-10][DEBUG] Solving cube (l0 = natural_join(), l1 = inner_join(), l2 = natural_join3())
[    30.493][cube-solver-10][DEBUG] Solving cube (l0 = natural_join(), l1 = inner_join(), l2 = natural_join4())
[    30.495][cube-solver-10][DEBUG] Solving cube (l0 = natural_join(), l1 = inner_join(), l2 = anti_join())
[    30.497][cube-solver-10][DEBUG] Solving cube (l0 = natural_join(), l1 = inner_join(), l2 = left_join())
[    30.499][cube-solver-10][DEBUG] Solving cube (l0 = natural_join(), l1 = inner_join(), l2 = union())
[    30.501][cube-solver-10][DEBUG] Solving cube (l0 = natural_join(), l1 = inner_join(), l2 = intersect())
[    30.503][cube-solver-10][DEBUG] Solving cube (l0 = natural_join(), l1 = inner_join(), l2 = semi_join())
[    30.505][cube-solver-10][DEBUG] Solving cube (l0 = natural_join(), l1 = inner_join(), l2 = cross_join([1]))
[    30.508][cube-solver-10][DEBUG] Solving cube (l0 = natural_join(), l1 = inner_join(), l2 = inner_join())
[    30.509][cube-solver-10][DEBUG] Solving cube (l0 = natural_join(), l1 = natural_join(), l2 = anti_join())
[    30.511][cube-solver-10][DEBUG] Solving cube (l0 = natural_join(), l1 = natural_join(), l2 = left_join())
[    30.513][cube-solver-10][DEBUG] Solving cube (l0 = natural_join(), l1 = natural_join(), l2 = union())
[    30.515][cube-solver-10][DEBUG] Solving cube (l0 = natural_join(), l1 = natural_join(), l2 = intersect())
[    30.517][cube-solver-10][DEBUG] Solving cube (l0 = natural_join(), l1 = natural_join(), l2 = semi_join())
[    30.519][cube-solver-10][DEBUG] Solving cube (l0 = natural_join(), l1 = natural_join(), l2 = cross_join([1]))
[    30.522][cube-solver-10][DEBUG] Solving cube (l0 = natural_join(), l1 = natural_join(), l2 = inner_join())
[    30.524][cube-solver-10][DEBUG] Solving cube (l0 = natural_join(), l1 = natural_join(), l2 = natural_join())
[    30.526][cube-solver-10][DEBUG] Solving cube (l0 = natural_join(), l1 = natural_join(), l2 = natural_join3())
[    30.529][cube-solver-10][DEBUG] Solving cube (l0 = natural_join(), l1 = natural_join(), l2 = natural_join4())
[    30.532][cube-solver-10][DEBUG] Solving cube (l0 = natural_join(), l1 = natural_join3(), l2 = anti_join())
[    30.535][cube-solver-10][DEBUG] Solving cube (l0 = natural_join(), l1 = natural_join3(), l2 = left_join())
[    30.538][cube-solver-10][DEBUG] Solving cube (l0 = natural_join(), l1 = natural_join3(), l2 = union())
[    30.541][cube-solver-10][DEBUG] Solving cube (l0 = natural_join(), l1 = natural_join3(), l2 = intersect())
[    30.544][cube-solver-10][DEBUG] Solving cube (l0 = natural_join(), l1 = natural_join3(), l2 = semi_join())
[    30.548][cube-solver-10][DEBUG] Solving cube (l0 = natural_join(), l1 = natural_join3(), l2 = cross_join([1]))
[    30.551][cube-solver-10][DEBUG] Solving cube (l0 = natural_join(), l1 = natural_join3(), l2 = inner_join())
[    30.555][cube-solver-10][DEBUG] Solving cube (l0 = natural_join(), l1 = natural_join3(), l2 = natural_join())
[    30.558][cube-solver-10][DEBUG] Solving cube (l0 = natural_join(), l1 = natural_join3(), l2 = natural_join3())
[    30.561][cube-solver-10][DEBUG] Solving cube (l0 = natural_join(), l1 = natural_join3(), l2 = natural_join4())
[    30.564][cube-solver-10][DEBUG] Solving cube (l0 = natural_join(), l1 = natural_join4(), l2 = anti_join())
[    30.567][cube-solver-10][DEBUG] Solving cube (l0 = natural_join(), l1 = natural_join4(), l2 = left_join())
[    30.570][cube-solver-10][DEBUG] Solving cube (l0 = natural_join(), l1 = natural_join4(), l2 = union())
[    30.573][cube-solver-10][DEBUG] Solving cube (l0 = natural_join(), l1 = natural_join4(), l2 = intersect())
[    30.576][cube-solver-10][DEBUG] Solving cube (l0 = natural_join(), l1 = natural_join4(), l2 = semi_join())
[    30.578][cube-solver-10][DEBUG] Solving cube (l0 = natural_join(), l1 = natural_join4(), l2 = cross_join([1]))
[    30.580][cube-solver-10][DEBUG] Solving cube (l0 = natural_join(), l1 = natural_join4(), l2 = inner_join())
[    30.582][cube-solver-10][DEBUG] Solving cube (l0 = natural_join(), l1 = natural_join4(), l2 = natural_join())
[    30.584][cube-solver-10][DEBUG] Solving cube (l0 = natural_join(), l1 = natural_join4(), l2 = natural_join3())
[    30.586][cube-solver-10][DEBUG] Solving cube (l0 = natural_join(), l1 = natural_join4(), l2 = natural_join4())
[    30.588][cube-solver-10][DEBUG] Solving cube (l0 = natural_join3(), l1 = anti_join(), l2 = natural_join())
[    30.590][cube-solver-10][DEBUG] Solving cube (l0 = natural_join3(), l1 = anti_join(), l2 = natural_join3())
[    30.592][cube-solver-10][DEBUG] Solving cube (l0 = natural_join3(), l1 = anti_join(), l2 = natural_join4())
[    30.594][cube-solver-10][DEBUG] Solving cube (l0 = natural_join3(), l1 = anti_join(), l2 = anti_join())
[    30.596][cube-solver-10][DEBUG] Solving cube (l0 = natural_join3(), l1 = anti_join(), l2 = left_join())
[    30.598][cube-solver-10][DEBUG] Solving cube (l0 = natural_join3(), l1 = anti_join(), l2 = union())
[    30.600][cube-solver-10][DEBUG] Solving cube (l0 = natural_join3(), l1 = anti_join(), l2 = intersect())
[    30.601][cube-solver-10][DEBUG] Solving cube (l0 = natural_join3(), l1 = anti_join(), l2 = semi_join())
[    30.603][cube-solver-10][DEBUG] Solving cube (l0 = natural_join3(), l1 = anti_join(), l2 = cross_join([1]))
[    30.606][cube-solver-10][DEBUG] Solving cube (l0 = natural_join3(), l1 = anti_join(), l2 = inner_join())
[    30.608][cube-solver-10][DEBUG] Solving cube (l0 = natural_join3(), l1 = left_join(), l2 = natural_join())
[    30.610][cube-solver-10][DEBUG] Solving cube (l0 = natural_join3(), l1 = left_join(), l2 = natural_join3())
[    30.612][cube-solver-10][DEBUG] Solving cube (l0 = natural_join3(), l1 = left_join(), l2 = natural_join4())
[    30.614][cube-solver-10][DEBUG] Solving cube (l0 = natural_join3(), l1 = left_join(), l2 = anti_join())
[    30.616][cube-solver-10][DEBUG] Solving cube (l0 = natural_join3(), l1 = left_join(), l2 = left_join())
[    30.618][cube-solver-10][DEBUG] Solving cube (l0 = natural_join3(), l1 = left_join(), l2 = union())
[    30.620][cube-solver-10][DEBUG] Solving cube (l0 = natural_join3(), l1 = left_join(), l2 = intersect())
[    30.621][cube-solver-10][DEBUG] Solving cube (l0 = natural_join3(), l1 = left_join(), l2 = semi_join())
[    30.623][cube-solver-10][DEBUG] Solving cube (l0 = natural_join3(), l1 = left_join(), l2 = cross_join([1]))
[    30.626][cube-solver-10][DEBUG] Solving cube (l0 = natural_join3(), l1 = left_join(), l2 = inner_join())
[    30.628][cube-solver-10][DEBUG] Solving cube (l0 = natural_join3(), l1 = union(), l2 = natural_join())
[    30.630][cube-solver-10][DEBUG] Solving cube (l0 = natural_join3(), l1 = union(), l2 = natural_join3())
[    30.632][cube-solver-10][DEBUG] Solving cube (l0 = natural_join3(), l1 = union(), l2 = natural_join4())
[    30.634][cube-solver-10][DEBUG] Solving cube (l0 = natural_join3(), l1 = union(), l2 = anti_join())
[    30.636][cube-solver-10][DEBUG] Solving cube (l0 = natural_join3(), l1 = union(), l2 = left_join())
[    30.637][cube-solver-10][DEBUG] Solving cube (l0 = natural_join3(), l1 = union(), l2 = union())
[    30.639][cube-solver-10][DEBUG] Solving cube (l0 = natural_join3(), l1 = union(), l2 = intersect())
[    30.641][cube-solver-10][DEBUG] Solving cube (l0 = natural_join3(), l1 = union(), l2 = semi_join())
[    30.643][cube-solver-10][DEBUG] Solving cube (l0 = natural_join3(), l1 = union(), l2 = cross_join([1]))
[    30.646][cube-solver-10][DEBUG] Solving cube (l0 = natural_join3(), l1 = union(), l2 = inner_join())
[    30.648][cube-solver-10][DEBUG] Solving cube (l0 = natural_join3(), l1 = intersect(), l2 = natural_join())
[    30.650][cube-solver-10][DEBUG] Solving cube (l0 = natural_join3(), l1 = intersect(), l2 = natural_join3())
[    30.652][cube-solver-10][DEBUG] Solving cube (l0 = natural_join3(), l1 = intersect(), l2 = natural_join4())
[    30.653][cube-solver-10][DEBUG] Solving cube (l0 = natural_join3(), l1 = intersect(), l2 = anti_join())
[    30.655][cube-solver-10][DEBUG] Solving cube (l0 = natural_join3(), l1 = intersect(), l2 = left_join())
[    30.657][cube-solver-10][DEBUG] Solving cube (l0 = natural_join3(), l1 = intersect(), l2 = union())
[    30.659][cube-solver-10][DEBUG] Solving cube (l0 = natural_join3(), l1 = intersect(), l2 = intersect())
[    30.661][cube-solver-10][DEBUG] Solving cube (l0 = natural_join3(), l1 = intersect(), l2 = semi_join())
[    30.663][cube-solver-10][DEBUG] Solving cube (l0 = natural_join3(), l1 = intersect(), l2 = cross_join([1]))
[    30.666][cube-solver-10][DEBUG] Solving cube (l0 = natural_join3(), l1 = intersect(), l2 = inner_join())
[    30.668][cube-solver-10][DEBUG] Solving cube (l0 = natural_join3(), l1 = semi_join(), l2 = natural_join())
[    30.670][cube-solver-10][DEBUG] Solving cube (l0 = natural_join3(), l1 = semi_join(), l2 = natural_join3())
[    30.671][cube-solver-10][DEBUG] Solving cube (l0 = natural_join3(), l1 = semi_join(), l2 = natural_join4())
[    30.673][cube-solver-10][DEBUG] Solving cube (l0 = natural_join3(), l1 = semi_join(), l2 = anti_join())
[    30.675][cube-solver-10][DEBUG] Solving cube (l0 = natural_join3(), l1 = semi_join(), l2 = left_join())
[    30.677][cube-solver-10][DEBUG] Solving cube (l0 = natural_join3(), l1 = semi_join(), l2 = union())
[    30.679][cube-solver-10][DEBUG] Solving cube (l0 = natural_join3(), l1 = semi_join(), l2 = intersect())
[    30.681][cube-solver-10][DEBUG] Solving cube (l0 = natural_join3(), l1 = semi_join(), l2 = semi_join())
[    30.683][cube-solver-10][DEBUG] Solving cube (l0 = natural_join3(), l1 = semi_join(), l2 = cross_join([1]))
[    30.686][cube-solver-10][DEBUG] Solving cube (l0 = natural_join3(), l1 = semi_join(), l2 = inner_join())
[    30.688][cube-solver-10][DEBUG] Solving cube (l0 = natural_join3(), l1 = cross_join([1]), l2 = natural_join())
[    30.690][cube-solver-10][DEBUG] Solving cube (l0 = natural_join3(), l1 = cross_join([1]), l2 = natural_join3())
[    30.693][cube-solver-10][DEBUG] Solving cube (l0 = natural_join3(), l1 = cross_join([1]), l2 = natural_join4())
[    30.695][cube-solver-10][DEBUG] Solving cube (l0 = natural_join3(), l1 = cross_join([1]), l2 = anti_join())
[    30.698][cube-solver-10][DEBUG] Solving cube (l0 = natural_join3(), l1 = cross_join([1]), l2 = left_join())
[    30.700][cube-solver-10][DEBUG] Solving cube (l0 = natural_join3(), l1 = cross_join([1]), l2 = union())
[    30.703][cube-solver-10][DEBUG] Solving cube (l0 = natural_join3(), l1 = cross_join([1]), l2 = intersect())
[    30.705][cube-solver-10][DEBUG] Solving cube (l0 = natural_join3(), l1 = cross_join([1]), l2 = semi_join())
[    30.708][cube-solver-10][DEBUG] Solving cube (l0 = natural_join3(), l1 = cross_join([1]), l2 = cross_join([1]))
[    30.711][cube-solver-10][DEBUG] Solving cube (l0 = natural_join3(), l1 = cross_join([1]), l2 = inner_join())
[    30.713][cube-solver-10][DEBUG] Solving cube (l0 = natural_join3(), l1 = inner_join(), l2 = natural_join())
[    30.715][cube-solver-10][DEBUG] Solving cube (l0 = natural_join3(), l1 = inner_join(), l2 = natural_join3())
[    30.717][cube-solver-10][DEBUG] Solving cube (l0 = natural_join3(), l1 = inner_join(), l2 = natural_join4())
[    30.719][cube-solver-10][DEBUG] Solving cube (l0 = natural_join3(), l1 = inner_join(), l2 = anti_join())
[    30.721][cube-solver-10][DEBUG] Solving cube (l0 = natural_join3(), l1 = inner_join(), l2 = left_join())
[    30.723][cube-solver-10][DEBUG] Solving cube (l0 = natural_join3(), l1 = inner_join(), l2 = union())
[    30.725][cube-solver-10][DEBUG] Solving cube (l0 = natural_join3(), l1 = inner_join(), l2 = intersect())
[    30.727][cube-solver-10][DEBUG] Solving cube (l0 = natural_join3(), l1 = inner_join(), l2 = semi_join())
[    30.729][cube-solver-10][DEBUG] Solving cube (l0 = natural_join3(), l1 = inner_join(), l2 = cross_join([1]))
[    30.731][cube-solver-10][DEBUG] Solving cube (l0 = natural_join3(), l1 = inner_join(), l2 = inner_join())
[    30.733][cube-solver-10][DEBUG] Solving cube (l0 = natural_join3(), l1 = natural_join(), l2 = anti_join())
[    30.735][cube-solver-10][DEBUG] Solving cube (l0 = natural_join3(), l1 = natural_join(), l2 = left_join())
[    30.737][cube-solver-10][DEBUG] Solving cube (l0 = natural_join3(), l1 = natural_join(), l2 = union())
[    30.739][cube-solver-10][DEBUG] Solving cube (l0 = natural_join3(), l1 = natural_join(), l2 = intersect())
[    30.741][cube-solver-10][DEBUG] Solving cube (l0 = natural_join3(), l1 = natural_join(), l2 = semi_join())
[    30.743][cube-solver-10][DEBUG] Solving cube (l0 = natural_join3(), l1 = natural_join(), l2 = cross_join([1]))
[    30.746][cube-solver-10][DEBUG] Solving cube (l0 = natural_join3(), l1 = natural_join(), l2 = inner_join())
[    30.748][cube-solver-10][DEBUG] Solving cube (l0 = natural_join3(), l1 = natural_join(), l2 = natural_join())
[    30.750][cube-solver-10][DEBUG] Solving cube (l0 = natural_join3(), l1 = natural_join(), l2 = natural_join3())
[    30.752][cube-solver-10][DEBUG] Solving cube (l0 = natural_join3(), l1 = natural_join(), l2 = natural_join4())
[    30.754][cube-solver-10][DEBUG] Solving cube (l0 = natural_join3(), l1 = natural_join3(), l2 = anti_join())
[    30.755][cube-solver-10][DEBUG] Solving cube (l0 = natural_join3(), l1 = natural_join3(), l2 = left_join())
[    30.757][cube-solver-10][DEBUG] Solving cube (l0 = natural_join3(), l1 = natural_join3(), l2 = union())
[    30.759][cube-solver-10][DEBUG] Solving cube (l0 = natural_join3(), l1 = natural_join3(), l2 = intersect())
[    30.761][cube-solver-10][DEBUG] Solving cube (l0 = natural_join3(), l1 = natural_join3(), l2 = semi_join())
[    30.763][cube-solver-10][DEBUG] Solving cube (l0 = natural_join3(), l1 = natural_join3(), l2 = cross_join([1]))
[    30.766][cube-solver-10][DEBUG] Solving cube (l0 = natural_join3(), l1 = natural_join3(), l2 = inner_join())
[    30.768][cube-solver-10][DEBUG] Solving cube (l0 = natural_join3(), l1 = natural_join3(), l2 = natural_join())
[    30.770][cube-solver-10][DEBUG] Solving cube (l0 = natural_join3(), l1 = natural_join3(), l2 = natural_join3())
[    30.772][cube-solver-10][DEBUG] Solving cube (l0 = natural_join3(), l1 = natural_join3(), l2 = natural_join4())
[    30.774][cube-solver-10][DEBUG] Solving cube (l0 = natural_join3(), l1 = natural_join4(), l2 = anti_join())
[    30.776][cube-solver-10][DEBUG] Solving cube (l0 = natural_join3(), l1 = natural_join4(), l2 = left_join())
[    30.778][cube-solver-10][DEBUG] Solving cube (l0 = natural_join3(), l1 = natural_join4(), l2 = union())
[    30.780][cube-solver-10][DEBUG] Solving cube (l0 = natural_join3(), l1 = natural_join4(), l2 = intersect())
[    30.782][cube-solver-10][DEBUG] Solving cube (l0 = natural_join3(), l1 = natural_join4(), l2 = semi_join())
[    30.783][cube-solver-10][DEBUG] Solving cube (l0 = natural_join3(), l1 = natural_join4(), l2 = cross_join([1]))
[    30.786][cube-solver-10][DEBUG] Solving cube (l0 = natural_join3(), l1 = natural_join4(), l2 = inner_join())
[    30.788][cube-solver-10][DEBUG] Solving cube (l0 = natural_join3(), l1 = natural_join4(), l2 = natural_join())
[    30.790][cube-solver-10][DEBUG] Solving cube (l0 = natural_join3(), l1 = natural_join4(), l2 = natural_join3())
[    30.792][cube-solver-10][DEBUG] Solving cube (l0 = natural_join3(), l1 = natural_join4(), l2 = natural_join4())
[    30.794][cube-solver-10][DEBUG] Solving cube (l0 = natural_join4(), l1 = anti_join(), l2 = natural_join())
[    30.796][cube-solver-10][DEBUG] Solving cube (l0 = natural_join4(), l1 = anti_join(), l2 = natural_join3())
[    30.798][cube-solver-10][DEBUG] Solving cube (l0 = natural_join4(), l1 = anti_join(), l2 = natural_join4())
[    30.799][cube-solver-10][DEBUG] Solving cube (l0 = natural_join4(), l1 = anti_join(), l2 = anti_join())
[    30.801][cube-solver-10][DEBUG] Solving cube (l0 = natural_join4(), l1 = anti_join(), l2 = left_join())
[    30.803][cube-solver-10][DEBUG] Solving cube (l0 = natural_join4(), l1 = anti_join(), l2 = union())
[    30.805][cube-solver-10][DEBUG] Solving cube (l0 = natural_join4(), l1 = anti_join(), l2 = intersect())
[    30.807][cube-solver-10][DEBUG] Solving cube (l0 = natural_join4(), l1 = anti_join(), l2 = semi_join())
[    30.809][cube-solver-10][DEBUG] Solving cube (l0 = natural_join4(), l1 = anti_join(), l2 = cross_join([1]))
[    30.812][cube-solver-10][DEBUG] Solving cube (l0 = natural_join4(), l1 = anti_join(), l2 = inner_join())
[    30.814][cube-solver-10][DEBUG] Solving cube (l0 = natural_join4(), l1 = left_join(), l2 = natural_join())
[    30.816][cube-solver-10][DEBUG] Solving cube (l0 = natural_join4(), l1 = left_join(), l2 = natural_join3())
[    30.818][cube-solver-10][DEBUG] Solving cube (l0 = natural_join4(), l1 = left_join(), l2 = natural_join4())
[    30.820][cube-solver-10][DEBUG] Solving cube (l0 = natural_join4(), l1 = left_join(), l2 = anti_join())
[    30.821][cube-solver-10][DEBUG] Solving cube (l0 = natural_join4(), l1 = left_join(), l2 = left_join())
[    30.823][cube-solver-10][DEBUG] Solving cube (l0 = natural_join4(), l1 = left_join(), l2 = union())
[    30.825][cube-solver-10][DEBUG] Solving cube (l0 = natural_join4(), l1 = left_join(), l2 = intersect())
[    30.827][cube-solver-10][DEBUG] Solving cube (l0 = natural_join4(), l1 = left_join(), l2 = semi_join())
[    30.829][cube-solver-10][DEBUG] Solving cube (l0 = natural_join4(), l1 = left_join(), l2 = cross_join([1]))
[    30.832][cube-solver-10][DEBUG] Solving cube (l0 = natural_join4(), l1 = left_join(), l2 = inner_join())
[    30.834][cube-solver-10][DEBUG] Solving cube (l0 = natural_join4(), l1 = union(), l2 = natural_join())
[    30.836][cube-solver-10][DEBUG] Solving cube (l0 = natural_join4(), l1 = union(), l2 = natural_join3())
[    30.838][cube-solver-10][DEBUG] Solving cube (l0 = natural_join4(), l1 = union(), l2 = natural_join4())
[    30.839][cube-solver-10][DEBUG] Solving cube (l0 = natural_join4(), l1 = union(), l2 = anti_join())
[    30.841][cube-solver-10][DEBUG] Solving cube (l0 = natural_join4(), l1 = union(), l2 = left_join())
[    30.843][cube-solver-10][DEBUG] Solving cube (l0 = natural_join4(), l1 = union(), l2 = union())
[    30.845][cube-solver-10][DEBUG] Solving cube (l0 = natural_join4(), l1 = union(), l2 = intersect())
[    30.847][cube-solver-10][DEBUG] Solving cube (l0 = natural_join4(), l1 = union(), l2 = semi_join())
[    30.849][cube-solver-10][DEBUG] Solving cube (l0 = natural_join4(), l1 = union(), l2 = cross_join([1]))
[    30.852][cube-solver-10][DEBUG] Solving cube (l0 = natural_join4(), l1 = union(), l2 = inner_join())
[    30.854][cube-solver-10][DEBUG] Solving cube (l0 = natural_join4(), l1 = intersect(), l2 = natural_join())
[    30.856][cube-solver-10][DEBUG] Solving cube (l0 = natural_join4(), l1 = intersect(), l2 = natural_join3())
[    30.858][cube-solver-10][DEBUG] Solving cube (l0 = natural_join4(), l1 = intersect(), l2 = natural_join4())
[    30.860][cube-solver-10][DEBUG] Solving cube (l0 = natural_join4(), l1 = intersect(), l2 = anti_join())
[    30.861][cube-solver-10][DEBUG] Solving cube (l0 = natural_join4(), l1 = intersect(), l2 = left_join())
[    30.863][cube-solver-10][DEBUG] Solving cube (l0 = natural_join4(), l1 = intersect(), l2 = union())
[    30.865][cube-solver-10][DEBUG] Solving cube (l0 = natural_join4(), l1 = intersect(), l2 = intersect())
[    30.867][cube-solver-10][DEBUG] Solving cube (l0 = natural_join4(), l1 = intersect(), l2 = semi_join())
[    30.869][cube-solver-10][DEBUG] Solving cube (l0 = natural_join4(), l1 = intersect(), l2 = cross_join([1]))
[    30.872][cube-solver-10][DEBUG] Solving cube (l0 = natural_join4(), l1 = intersect(), l2 = inner_join())
[    30.874][cube-solver-10][DEBUG] Solving cube (l0 = natural_join4(), l1 = semi_join(), l2 = natural_join())
[    30.876][cube-solver-10][DEBUG] Solving cube (l0 = natural_join4(), l1 = semi_join(), l2 = natural_join3())
[    30.877][cube-solver-10][DEBUG] Solving cube (l0 = natural_join4(), l1 = semi_join(), l2 = natural_join4())
[    30.879][cube-solver-10][DEBUG] Solving cube (l0 = natural_join4(), l1 = semi_join(), l2 = anti_join())
[    30.881][cube-solver-10][DEBUG] Solving cube (l0 = natural_join4(), l1 = semi_join(), l2 = left_join())
[    30.883][cube-solver-10][DEBUG] Solving cube (l0 = natural_join4(), l1 = semi_join(), l2 = union())
[    30.885][cube-solver-10][DEBUG] Solving cube (l0 = natural_join4(), l1 = semi_join(), l2 = intersect())
[    30.887][cube-solver-10][DEBUG] Solving cube (l0 = natural_join4(), l1 = semi_join(), l2 = semi_join())
[    30.889][cube-solver-10][DEBUG] Solving cube (l0 = natural_join4(), l1 = semi_join(), l2 = cross_join([1]))
[    30.892][cube-solver-10][DEBUG] Solving cube (l0 = natural_join4(), l1 = semi_join(), l2 = inner_join())
[    30.894][cube-solver-10][DEBUG] Solving cube (l0 = natural_join4(), l1 = cross_join([1]), l2 = natural_join())
[    30.896][cube-solver-10][DEBUG] Solving cube (l0 = natural_join4(), l1 = cross_join([1]), l2 = natural_join3())
[    30.899][cube-solver-10][DEBUG] Solving cube (l0 = natural_join4(), l1 = cross_join([1]), l2 = natural_join4())
[    30.901][cube-solver-10][DEBUG] Solving cube (l0 = natural_join4(), l1 = cross_join([1]), l2 = anti_join())
[    30.905][cube-solver-10][DEBUG] Solving cube (l0 = natural_join4(), l1 = cross_join([1]), l2 = left_join())
[    30.910][cube-solver-10][DEBUG] Solving cube (l0 = natural_join4(), l1 = cross_join([1]), l2 = union())
[    30.914][cube-solver-10][DEBUG] Solving cube (l0 = natural_join4(), l1 = cross_join([1]), l2 = intersect())
[    30.918][cube-solver-10][DEBUG] Solving cube (l0 = natural_join4(), l1 = cross_join([1]), l2 = semi_join())
[    30.922][cube-solver-10][DEBUG] Solving cube (l0 = natural_join4(), l1 = cross_join([1]), l2 = cross_join([1]))
[    30.927][cube-solver-10][DEBUG] Solving cube (l0 = natural_join4(), l1 = cross_join([1]), l2 = inner_join())
[    30.931][cube-solver-10][DEBUG] Solving cube (l0 = natural_join4(), l1 = inner_join(), l2 = natural_join())
[    30.934][cube-solver-10][DEBUG] Solving cube (l0 = natural_join4(), l1 = inner_join(), l2 = natural_join3())
[    30.937][cube-solver-10][DEBUG] Solving cube (l0 = natural_join4(), l1 = inner_join(), l2 = natural_join4())
[    30.940][cube-solver-10][DEBUG] Solving cube (l0 = natural_join4(), l1 = inner_join(), l2 = anti_join())
[    30.943][cube-solver-10][DEBUG] Solving cube (l0 = natural_join4(), l1 = inner_join(), l2 = left_join())
[    30.946][cube-solver-10][DEBUG] Solving cube (l0 = natural_join4(), l1 = inner_join(), l2 = union())
[    30.949][cube-solver-10][DEBUG] Solving cube (l0 = natural_join4(), l1 = inner_join(), l2 = intersect())
[    30.952][cube-solver-10][DEBUG] Solving cube (l0 = natural_join4(), l1 = inner_join(), l2 = semi_join())
[    30.956][cube-solver-10][DEBUG] Solving cube (l0 = natural_join4(), l1 = inner_join(), l2 = cross_join([1]))
[    30.960][cube-solver-10][DEBUG] Solving cube (l0 = natural_join4(), l1 = inner_join(), l2 = inner_join())
[    30.963][cube-solver-10][DEBUG] Solving cube (l0 = natural_join4(), l1 = natural_join(), l2 = anti_join())
[    30.966][cube-solver-10][DEBUG] Solving cube (l0 = natural_join4(), l1 = natural_join(), l2 = left_join())
[    30.969][cube-solver-10][DEBUG] Solving cube (l0 = natural_join4(), l1 = natural_join(), l2 = union())
[    30.972][cube-solver-10][DEBUG] Solving cube (l0 = natural_join4(), l1 = natural_join(), l2 = intersect())
[    30.975][cube-solver-10][DEBUG] Solving cube (l0 = natural_join4(), l1 = natural_join(), l2 = semi_join())
[    30.978][cube-solver-10][DEBUG] Solving cube (l0 = natural_join4(), l1 = natural_join(), l2 = cross_join([1]))
[    30.982][cube-solver-10][DEBUG] Solving cube (l0 = natural_join4(), l1 = natural_join(), l2 = inner_join())
[    30.985][cube-solver-10][DEBUG] Solving cube (l0 = natural_join4(), l1 = natural_join(), l2 = natural_join())
[    30.987][cube-solver-10][DEBUG] Solving cube (l0 = natural_join4(), l1 = natural_join(), l2 = natural_join3())
[    30.989][cube-solver-10][DEBUG] Solving cube (l0 = natural_join4(), l1 = natural_join(), l2 = natural_join4())
[    30.991][cube-solver-10][DEBUG] Solving cube (l0 = natural_join4(), l1 = natural_join3(), l2 = anti_join())
[    30.993][cube-solver-10][DEBUG] Solving cube (l0 = natural_join4(), l1 = natural_join3(), l2 = left_join())
[    30.995][cube-solver-10][DEBUG] Solving cube (l0 = natural_join4(), l1 = natural_join3(), l2 = union())
[    30.997][cube-solver-10][DEBUG] Solving cube (l0 = natural_join4(), l1 = natural_join3(), l2 = intersect())
[    30.999][cube-solver-10][DEBUG] Solving cube (l0 = natural_join4(), l1 = natural_join3(), l2 = semi_join())
[    31.001][cube-solver-10][DEBUG] Solving cube (l0 = natural_join4(), l1 = natural_join3(), l2 = cross_join([1]))
[    31.004][cube-solver-10][DEBUG] Solving cube (l0 = natural_join4(), l1 = natural_join3(), l2 = inner_join())
[    31.006][cube-solver-10][DEBUG] Solving cube (l0 = natural_join4(), l1 = natural_join3(), l2 = natural_join())
[    31.008][cube-solver-10][DEBUG] Solving cube (l0 = natural_join4(), l1 = natural_join3(), l2 = natural_join3())
[    31.010][cube-solver-10][DEBUG] Solving cube (l0 = natural_join4(), l1 = natural_join3(), l2 = natural_join4())
[    31.012][cube-solver-10][DEBUG] Solving cube (l0 = natural_join4(), l1 = natural_join4(), l2 = anti_join())
[    31.014][cube-solver-10][DEBUG] Solving cube (l0 = natural_join4(), l1 = natural_join4(), l2 = left_join())
[    31.016][cube-solver-10][DEBUG] Solving cube (l0 = natural_join4(), l1 = natural_join4(), l2 = union())
[    31.018][cube-solver-10][DEBUG] Solving cube (l0 = natural_join4(), l1 = natural_join4(), l2 = intersect())
[    31.020][cube-solver-10][DEBUG] Solving cube (l0 = natural_join4(), l1 = natural_join4(), l2 = semi_join())
[    31.022][cube-solver-10][DEBUG] Solving cube (l0 = natural_join4(), l1 = natural_join4(), l2 = cross_join([1]))
[    31.024][cube-solver-10][DEBUG] Solving cube (l0 = natural_join4(), l1 = natural_join4(), l2 = inner_join())
[    31.026][cube-solver-10][DEBUG] Solving cube (l0 = natural_join4(), l1 = natural_join4(), l2 = natural_join())
[    31.028][cube-solver-10][DEBUG] Solving cube (l0 = natural_join4(), l1 = natural_join4(), l2 = natural_join3())
[    31.030][cube-solver-10][DEBUG] Solving cube (l0 = natural_join4(), l1 = natural_join4(), l2 = natural_join4())
[    31.032][cube-solver-10][DEBUG] Solving cube (l0 = anti_join(), l1 = natural_join(), l2 = anti_join())
[    31.034][cube-solver-10][DEBUG] Solving cube (l0 = anti_join(), l1 = natural_join(), l2 = left_join())
[    31.036][cube-solver-10][DEBUG] Solving cube (l0 = anti_join(), l1 = natural_join(), l2 = union())
[    31.038][cube-solver-10][DEBUG] Solving cube (l0 = anti_join(), l1 = natural_join(), l2 = intersect())
[    31.040][cube-solver-10][DEBUG] Solving cube (l0 = anti_join(), l1 = natural_join(), l2 = semi_join())
[    31.042][cube-solver-10][DEBUG] Solving cube (l0 = anti_join(), l1 = natural_join(), l2 = cross_join([1]))
[    31.045][cube-solver-10][DEBUG] Solving cube (l0 = anti_join(), l1 = natural_join(), l2 = inner_join())
[    31.047][cube-solver-10][DEBUG] Solving cube (l0 = anti_join(), l1 = natural_join(), l2 = natural_join())
[    31.049][cube-solver-10][DEBUG] Solving cube (l0 = anti_join(), l1 = natural_join(), l2 = natural_join3())
[    31.051][cube-solver-10][DEBUG] Solving cube (l0 = anti_join(), l1 = natural_join(), l2 = natural_join4())
[    31.053][cube-solver-10][DEBUG] Solving cube (l0 = anti_join(), l1 = natural_join3(), l2 = anti_join())
[    31.055][cube-solver-10][DEBUG] Solving cube (l0 = anti_join(), l1 = natural_join3(), l2 = left_join())
[    31.057][cube-solver-10][DEBUG] Solving cube (l0 = anti_join(), l1 = natural_join3(), l2 = union())
[    31.059][cube-solver-10][DEBUG] Solving cube (l0 = anti_join(), l1 = natural_join3(), l2 = intersect())
[    31.061][cube-solver-10][DEBUG] Solving cube (l0 = anti_join(), l1 = natural_join3(), l2 = semi_join())
[    31.063][cube-solver-10][DEBUG] Solving cube (l0 = anti_join(), l1 = natural_join3(), l2 = cross_join([1]))
[    31.066][cube-solver-10][DEBUG] Solving cube (l0 = anti_join(), l1 = natural_join3(), l2 = inner_join())
[    31.068][cube-solver-10][DEBUG] Solving cube (l0 = anti_join(), l1 = natural_join3(), l2 = natural_join())
[    31.070][cube-solver-10][DEBUG] Solving cube (l0 = anti_join(), l1 = natural_join3(), l2 = natural_join3())
[    31.072][cube-solver-10][DEBUG] Solving cube (l0 = anti_join(), l1 = natural_join3(), l2 = natural_join4())
[    31.074][cube-solver-10][DEBUG] Solving cube (l0 = anti_join(), l1 = natural_join4(), l2 = anti_join())
[    31.076][cube-solver-10][DEBUG] Solving cube (l0 = anti_join(), l1 = natural_join4(), l2 = left_join())
[    31.078][cube-solver-10][DEBUG] Solving cube (l0 = anti_join(), l1 = natural_join4(), l2 = union())
[    31.080][cube-solver-10][DEBUG] Solving cube (l0 = anti_join(), l1 = natural_join4(), l2 = intersect())
[    31.081][cube-solver-10][DEBUG] Solving cube (l0 = anti_join(), l1 = natural_join4(), l2 = semi_join())
[    31.083][cube-solver-10][DEBUG] Solving cube (l0 = anti_join(), l1 = natural_join4(), l2 = cross_join([1]))
[    31.086][cube-solver-10][DEBUG] Solving cube (l0 = anti_join(), l1 = natural_join4(), l2 = inner_join())
[    31.088][cube-solver-10][DEBUG] Solving cube (l0 = anti_join(), l1 = natural_join4(), l2 = natural_join())
[    31.090][cube-solver-10][DEBUG] Solving cube (l0 = anti_join(), l1 = natural_join4(), l2 = natural_join3())
[    31.092][cube-solver-10][DEBUG] Solving cube (l0 = anti_join(), l1 = natural_join4(), l2 = natural_join4())
[    31.094][cube-solver-10][DEBUG] Solving cube (l0 = anti_join(), l1 = anti_join(), l2 = natural_join())
[    31.096][cube-solver-10][DEBUG] Solving cube (l0 = anti_join(), l1 = anti_join(), l2 = natural_join3())
[    31.098][cube-solver-10][DEBUG] Solving cube (l0 = anti_join(), l1 = anti_join(), l2 = natural_join4())
[    31.100][cube-solver-10][DEBUG] Solving cube (l0 = anti_join(), l1 = anti_join(), l2 = anti_join())
[    31.102][cube-solver-10][DEBUG] Solving cube (l0 = anti_join(), l1 = anti_join(), l2 = left_join())
[    31.104][cube-solver-10][DEBUG] Solving cube (l0 = anti_join(), l1 = anti_join(), l2 = union())
[    31.106][cube-solver-10][DEBUG] Solving cube (l0 = anti_join(), l1 = anti_join(), l2 = intersect())
[    31.108][cube-solver-10][DEBUG] Solving cube (l0 = anti_join(), l1 = anti_join(), l2 = semi_join())
[    31.110][cube-solver-10][DEBUG] Solving cube (l0 = anti_join(), l1 = anti_join(), l2 = cross_join([1]))
[    31.114][cube-solver-10][DEBUG] Solving cube (l0 = anti_join(), l1 = anti_join(), l2 = inner_join())
[    31.117][cube-solver-10][DEBUG] Solving cube (l0 = anti_join(), l1 = left_join(), l2 = natural_join())
[    31.120][cube-solver-10][DEBUG] Solving cube (l0 = anti_join(), l1 = left_join(), l2 = natural_join3())
[    31.123][cube-solver-10][DEBUG] Solving cube (l0 = anti_join(), l1 = left_join(), l2 = natural_join4())
[    31.126][cube-solver-10][DEBUG] Solving cube (l0 = anti_join(), l1 = left_join(), l2 = anti_join())
[    31.129][cube-solver-10][DEBUG] Solving cube (l0 = anti_join(), l1 = left_join(), l2 = left_join())
[    31.132][cube-solver-10][DEBUG] Solving cube (l0 = anti_join(), l1 = left_join(), l2 = union())
[    31.135][cube-solver-10][DEBUG] Solving cube (l0 = anti_join(), l1 = left_join(), l2 = intersect())
[    31.138][cube-solver-10][DEBUG] Solving cube (l0 = anti_join(), l1 = left_join(), l2 = semi_join())
[    31.141][cube-solver-10][DEBUG] Solving cube (l0 = anti_join(), l1 = left_join(), l2 = cross_join([1]))
[    31.145][cube-solver-10][DEBUG] Solving cube (l0 = anti_join(), l1 = left_join(), l2 = inner_join())
[    31.148][cube-solver-10][DEBUG] Solving cube (l0 = anti_join(), l1 = union(), l2 = natural_join())
[    31.151][cube-solver-10][DEBUG] Solving cube (l0 = anti_join(), l1 = union(), l2 = natural_join3())
[    31.154][cube-solver-10][DEBUG] Solving cube (l0 = anti_join(), l1 = union(), l2 = natural_join4())
[    31.157][cube-solver-10][DEBUG] Solving cube (l0 = anti_join(), l1 = union(), l2 = anti_join())
[    31.161][cube-solver-10][DEBUG] Solving cube (l0 = anti_join(), l1 = union(), l2 = left_join())
[    31.164][cube-solver-10][DEBUG] Solving cube (l0 = anti_join(), l1 = union(), l2 = union())
[    31.167][cube-solver-10][DEBUG] Solving cube (l0 = anti_join(), l1 = union(), l2 = intersect())
[    31.170][cube-solver-10][DEBUG] Solving cube (l0 = anti_join(), l1 = union(), l2 = semi_join())
[    31.173][cube-solver-10][DEBUG] Solving cube (l0 = anti_join(), l1 = union(), l2 = cross_join([1]))
[    31.177][cube-solver-10][DEBUG] Solving cube (l0 = anti_join(), l1 = union(), l2 = inner_join())
[    31.180][cube-solver-10][DEBUG] Solving cube (l0 = anti_join(), l1 = intersect(), l2 = natural_join())
[    31.183][cube-solver-10][DEBUG] Solving cube (l0 = anti_join(), l1 = intersect(), l2 = natural_join3())
[    31.186][cube-solver-10][DEBUG] Solving cube (l0 = anti_join(), l1 = intersect(), l2 = natural_join4())
[    31.189][cube-solver-10][DEBUG] Solving cube (l0 = anti_join(), l1 = intersect(), l2 = anti_join())
[    31.192][cube-solver-10][DEBUG] Solving cube (l0 = anti_join(), l1 = intersect(), l2 = left_join())
[    31.195][cube-solver-10][DEBUG] Solving cube (l0 = anti_join(), l1 = intersect(), l2 = union())
[    31.198][cube-solver-10][DEBUG] Solving cube (l0 = anti_join(), l1 = intersect(), l2 = intersect())
[    31.201][cube-solver-10][DEBUG] Solving cube (l0 = anti_join(), l1 = intersect(), l2 = semi_join())
[    31.204][cube-solver-10][DEBUG] Solving cube (l0 = anti_join(), l1 = intersect(), l2 = cross_join([1]))
[    31.209][cube-solver-10][DEBUG] Solving cube (l0 = anti_join(), l1 = intersect(), l2 = inner_join())
[    31.212][cube-solver-10][DEBUG] Solving cube (l0 = anti_join(), l1 = semi_join(), l2 = natural_join())
[    31.215][cube-solver-10][DEBUG] Solving cube (l0 = anti_join(), l1 = semi_join(), l2 = natural_join3())
[    31.218][cube-solver-10][DEBUG] Solving cube (l0 = anti_join(), l1 = semi_join(), l2 = natural_join4())
[    31.221][cube-solver-10][DEBUG] Solving cube (l0 = anti_join(), l1 = semi_join(), l2 = anti_join())
[    31.224][cube-solver-10][DEBUG] Solving cube (l0 = anti_join(), l1 = semi_join(), l2 = left_join())
[    31.227][cube-solver-10][DEBUG] Solving cube (l0 = anti_join(), l1 = semi_join(), l2 = union())
[    31.230][cube-solver-10][DEBUG] Solving cube (l0 = anti_join(), l1 = semi_join(), l2 = intersect())
[    31.233][cube-solver-10][DEBUG] Solving cube (l0 = anti_join(), l1 = semi_join(), l2 = semi_join())
[    31.236][cube-solver-10][DEBUG] Solving cube (l0 = anti_join(), l1 = semi_join(), l2 = cross_join([1]))
[    31.240][cube-solver-10][DEBUG] Solving cube (l0 = anti_join(), l1 = semi_join(), l2 = inner_join())
[    31.243][cube-solver-10][DEBUG] Solving cube (l0 = anti_join(), l1 = cross_join([1]), l2 = natural_join())
[    31.247][cube-solver-10][DEBUG] Solving cube (l0 = anti_join(), l1 = cross_join([1]), l2 = natural_join3())
[    31.252][cube-solver-10][DEBUG] Solving cube (l0 = anti_join(), l1 = cross_join([1]), l2 = natural_join4())
[    31.256][cube-solver-10][DEBUG] Solving cube (l0 = anti_join(), l1 = cross_join([1]), l2 = anti_join())
[    31.260][cube-solver-10][DEBUG] Solving cube (l0 = anti_join(), l1 = cross_join([1]), l2 = left_join())
[    31.264][cube-solver-10][DEBUG] Solving cube (l0 = anti_join(), l1 = cross_join([1]), l2 = union())
[    31.268][cube-solver-10][DEBUG] Solving cube (l0 = anti_join(), l1 = cross_join([1]), l2 = intersect())
[    31.272][cube-solver-10][DEBUG] Solving cube (l0 = anti_join(), l1 = cross_join([1]), l2 = semi_join())
[    31.276][cube-solver-10][DEBUG] Solving cube (l0 = anti_join(), l1 = cross_join([1]), l2 = cross_join([1]))
[    31.281][cube-solver-10][DEBUG] Solving cube (l0 = anti_join(), l1 = cross_join([1]), l2 = inner_join())
[    31.285][cube-solver-10][DEBUG] Solving cube (l0 = anti_join(), l1 = inner_join(), l2 = natural_join())
[    31.288][cube-solver-10][DEBUG] Solving cube (l0 = anti_join(), l1 = inner_join(), l2 = natural_join3())
[    31.290][cube-solver-10][DEBUG] Solving cube (l0 = anti_join(), l1 = inner_join(), l2 = natural_join4())
[    31.292][cube-solver-10][DEBUG] Solving cube (l0 = anti_join(), l1 = inner_join(), l2 = anti_join())
[    31.294][cube-solver-10][DEBUG] Solving cube (l0 = anti_join(), l1 = inner_join(), l2 = left_join())
[    31.296][cube-solver-10][DEBUG] Solving cube (l0 = anti_join(), l1 = inner_join(), l2 = union())
[    31.298][cube-solver-10][DEBUG] Solving cube (l0 = anti_join(), l1 = inner_join(), l2 = intersect())
[    31.300][cube-solver-10][DEBUG] Solving cube (l0 = anti_join(), l1 = inner_join(), l2 = semi_join())
[    31.302][cube-solver-10][DEBUG] Solving cube (l0 = anti_join(), l1 = inner_join(), l2 = cross_join([1]))
[    31.304][cube-solver-10][DEBUG] Solving cube (l0 = anti_join(), l1 = inner_join(), l2 = inner_join())
[    31.306][cube-solver-10][DEBUG] Solving cube (l0 = left_join(), l1 = natural_join(), l2 = anti_join())
[    31.308][cube-solver-10][DEBUG] Solving cube (l0 = left_join(), l1 = natural_join(), l2 = left_join())
[    50.542][cube-solver-10][DEBUG] Solving cube (l0 = left_join(), l1 = natural_join(), l2 = union())
[    64.272][cube-solver-13][DEBUG] Initialising process for 3 lines of code.
[    64.558][cube-solver-3][DEBUG] Initialising process for 3 lines of code.
[    64.722][cube-solver-13][DEBUG] Solving cube (l0 = left_join(), l1 = natural_join(), l2 = intersect())
[    65.008][cube-solver-3][DEBUG] Solving cube (l0 = left_join(), l1 = natural_join(), l2 = semi_join())
[    65.863][cube-solver-13][DEBUG] Solving cube (l0 = left_join(), l1 = natural_join(), l2 = cross_join([1]))
[    66.020][cube-solver-13][DEBUG] Solving cube (l0 = left_join(), l1 = natural_join(), l2 = inner_join())
[    68.310][cube-solver-7][DEBUG] Initialising process for 3 lines of code.
[    68.820][cube-solver-7][DEBUG] Solving cube (l0 = left_join(), l1 = natural_join(), l2 = natural_join())
[    69.892][cube-solver-10][DEBUG] Solving cube (l0 = left_join(), l1 = natural_join(), l2 = natural_join3())
[    69.894][cube-solver-10][DEBUG] Solving cube (l0 = left_join(), l1 = natural_join(), l2 = natural_join4())
[    69.896][cube-solver-10][DEBUG] Solving cube (l0 = left_join(), l1 = natural_join3(), l2 = anti_join())
[    69.899][cube-solver-10][DEBUG] Solving cube (l0 = left_join(), l1 = natural_join3(), l2 = left_join())
[    69.901][cube-solver-10][DEBUG] Solving cube (l0 = left_join(), l1 = natural_join3(), l2 = union())
[    69.903][cube-solver-10][DEBUG] Solving cube (l0 = left_join(), l1 = natural_join3(), l2 = intersect())
[    69.905][cube-solver-10][DEBUG] Solving cube (l0 = left_join(), l1 = natural_join3(), l2 = semi_join())
[    69.907][cube-solver-10][DEBUG] Solving cube (l0 = left_join(), l1 = natural_join3(), l2 = cross_join([1]))
[    69.910][cube-solver-10][DEBUG] Solving cube (l0 = left_join(), l1 = natural_join3(), l2 = inner_join())
[    69.912][cube-solver-10][DEBUG] Solving cube (l0 = left_join(), l1 = natural_join3(), l2 = natural_join())
[    69.914][cube-solver-10][DEBUG] Solving cube (l0 = left_join(), l1 = natural_join3(), l2 = natural_join3())
[    69.916][cube-solver-10][DEBUG] Solving cube (l0 = left_join(), l1 = natural_join3(), l2 = natural_join4())
[    69.918][cube-solver-10][DEBUG] Solving cube (l0 = left_join(), l1 = natural_join4(), l2 = anti_join())
[    69.920][cube-solver-10][DEBUG] Solving cube (l0 = left_join(), l1 = natural_join4(), l2 = left_join())
[    69.922][cube-solver-10][DEBUG] Solving cube (l0 = left_join(), l1 = natural_join4(), l2 = union())
[    69.924][cube-solver-10][DEBUG] Solving cube (l0 = left_join(), l1 = natural_join4(), l2 = intersect())
[    69.926][cube-solver-10][DEBUG] Solving cube (l0 = left_join(), l1 = natural_join4(), l2 = semi_join())
[    69.928][cube-solver-10][DEBUG] Solving cube (l0 = left_join(), l1 = natural_join4(), l2 = cross_join([1]))
[    69.930][cube-solver-10][DEBUG] Solving cube (l0 = left_join(), l1 = natural_join4(), l2 = inner_join())
[    69.932][cube-solver-10][DEBUG] Solving cube (l0 = left_join(), l1 = natural_join4(), l2 = natural_join())
[    69.934][cube-solver-10][DEBUG] Solving cube (l0 = left_join(), l1 = natural_join4(), l2 = natural_join3())
[    69.935][cube-solver-12][DEBUG] Initialising process for 3 lines of code.
[    69.936][cube-solver-10][DEBUG] Solving cube (l0 = left_join(), l1 = anti_join(), l2 = natural_join())
[    70.403][cube-solver-12][DEBUG] Solving cube (l0 = left_join(), l1 = natural_join4(), l2 = natural_join4())
[    70.407][cube-solver-12][DEBUG] Solving cube (l0 = left_join(), l1 = anti_join(), l2 = natural_join3())
[    70.409][cube-solver-12][DEBUG] Solving cube (l0 = left_join(), l1 = anti_join(), l2 = natural_join4())
[    70.412][cube-solver-12][DEBUG] Solving cube (l0 = left_join(), l1 = anti_join(), l2 = anti_join())
[    70.414][cube-solver-12][DEBUG] Solving cube (l0 = left_join(), l1 = anti_join(), l2 = left_join())
[    84.235][cube-solver-3][DEBUG] Solving cube (l0 = left_join(), l1 = anti_join(), l2 = union())
[    84.508][cube-solver-7][DEBUG] Solving cube (l0 = left_join(), l1 = anti_join(), l2 = intersect())
[   104.044][cube-solver-7][DEBUG] Solving cube (l0 = left_join(), l1 = anti_join(), l2 = semi_join())
[   218.933][cube-solver-11][DEBUG] Initialising process for 3 lines of code.
[   219.407][cube-solver-11][DEBUG] Solving cube (l0 = left_join(), l1 = anti_join(), l2 = cross_join([1]))
[   221.913][cube-solver-11][DEBUG] Solving cube (l0 = left_join(), l1 = anti_join(), l2 = inner_join())
[   319.884][cube-solver-10][DEBUG] Solving cube (l0 = left_join(), l1 = left_join(), l2 = natural_join())
[   347.081][cube-solver-10][DEBUG] Solving cube (l0 = left_join(), l1 = left_join(), l2 = natural_join3())
[   378.660][cube-solver-12][DEBUG] Solving cube (l0 = left_join(), l1 = left_join(), l2 = natural_join4())
[   378.663][cube-solver-12][DEBUG] Solving cube (l0 = left_join(), l1 = left_join(), l2 = anti_join())
[   393.848][cube-solver-3][DEBUG] Solving cube (l0 = left_join(), l1 = left_join(), l2 = left_join())
[   393.920][cube-solver-10][DEBUG] Solving cube (l0 = left_join(), l1 = left_join(), l2 = union())
[   416.292][cube-solver-7][DEBUG] Solving cube (l0 = left_join(), l1 = left_join(), l2 = intersect())
[   418.267][cube-solver-7][DEBUG] Solving cube (l0 = left_join(), l1 = left_join(), l2 = semi_join())
[   426.942][cube-solver-3][DEBUG] Solving cube (l0 = left_join(), l1 = left_join(), l2 = cross_join([1]))
[   427.187][cube-solver-10][DEBUG] Solving cube (l0 = left_join(), l1 = left_join(), l2 = inner_join())
[   427.205][cube-solver-3][DEBUG] Solving cube (l0 = left_join(), l1 = union(), l2 = natural_join())
[   451.514][cube-solver-7][DEBUG] Solving cube (l0 = left_join(), l1 = union(), l2 = natural_join3())
[   454.109][cube-solver-3][DEBUG] Solving cube (l0 = left_join(), l1 = union(), l2 = natural_join4())
[   454.112][cube-solver-3][DEBUG] Solving cube (l0 = left_join(), l1 = union(), l2 = anti_join())
[   498.825][cube-solver-7][DEBUG] Solving cube (l0 = left_join(), l1 = union(), l2 = left_join())
[   532.544][cube-solver-7][DEBUG] Solving cube (l0 = left_join(), l1 = union(), l2 = union())
[   566.710][cube-solver-7][DEBUG] Solving cube (l0 = left_join(), l1 = union(), l2 = intersect())
[   569.007][cube-solver-7][DEBUG] Solving cube (l0 = left_join(), l1 = union(), l2 = semi_join())
[   600.055][MainProcess][INFO] Statistics:
[   600.055][MainProcess][INFO] 	Generated cubes: 568
[   600.056][MainProcess][INFO] 	Attempted programs: 7560
[   600.056][MainProcess][INFO] 		Rejected: 3221
[   600.056][MainProcess][INFO] 		Failed: 4339
[   600.056][MainProcess][INFO] 	Blacklist clauses: 1
[   600.056][MainProcess][DEBUG] Printing statistics for good programs of size 1
[   600.209][MainProcess][DEBUG] 	0: Counter({'inner_join': 75667, 'semi_join': 240, 'left_join': 240, 'union': 240})
[   600.209][MainProcess][DEBUG] Printing statistics for good programs of size 2
[   600.380][MainProcess][DEBUG] 	0: Counter({'inner_join': 439277, 'left_join': 85404, 'union': 84906, 'semi_join': 83677, 'intersect': 31632})
[   600.527][MainProcess][DEBUG] 	1: Counter({'inner_join': 315987, 'anti_join': 98548, 'left_join': 78529, 'union': 78102, 'natural_join': 77545, 'semi_join': 76185})
[   600.527][MainProcess][DEBUG] Printing statistics for good programs of size 3
[   600.617][MainProcess][DEBUG] 	0: Counter({'left_join': 377677})
[   600.701][MainProcess][DEBUG] 	1: Counter({'anti_join': 192343, 'natural_join': 75958, 'left_join': 70394, 'union': 38982})
[   600.788][MainProcess][DEBUG] 	2: Counter({'inner_join': 134934, 'left_join': 48960, 'union': 48960, 'semi_join': 48671, 'anti_join': 45272, 'natural_join': 39360, 'natural_join3': 11520})

No solution found
