[     1.685][MainProcess][INFO] Parsing specification...
[     1.693][MainProcess][WARNING] "attrs" field is deprecated. Please use "columns"
[     1.693][MainProcess][WARNING] "aggrs" field is deprecated. Please use "functions"
[     1.694][MainProcess][DEBUG] Reading input files...
[     1.713][MainProcess][INFO] Inferred data types for table tests-examples/scythe/top_rated_posts/tables/i048.csv: ['string', 'int64', 'string']
[     1.733][MainProcess][INFO] Inferred data types for table tests-examples/scythe/top_rated_posts/tables/o048.csv: ['string', 'int64', 'string']
[     1.762][MainProcess][DEBUG] Generating DSL...
[     1.936][MainProcess][INFO] Creating 16 processes
[     1.998][MainProcess][DEBUG] Increasing generator loc to 2
[     2.121][cube-solver-0][DEBUG] Initialising process for 1 lines of code.
[     2.122][cube-solver-1][DEBUG] Initialising process for 1 lines of code.
[     2.126][cube-solver-2][DEBUG] Initialising process for 2 lines of code.
[     2.136][cube-solver-6][DEBUG] Initialising process for 2 lines of code.
[     2.137][cube-solver-5][DEBUG] Initialising process for 2 lines of code.
[     2.139][cube-solver-4][DEBUG] Initialising process for 2 lines of code.
[     2.144][cube-solver-3][DEBUG] Initialising process for 2 lines of code.
[     2.146][cube-solver-8][DEBUG] Initialising process for 2 lines of code.
[     2.152][cube-solver-9][DEBUG] Initialising process for 2 lines of code.
[     2.166][cube-solver-15][DEBUG] Initialising process for 2 lines of code.
[     2.171][cube-solver-10][DEBUG] Initialising process for 2 lines of code.
[     2.172][cube-solver-14][DEBUG] Initialising process for 2 lines of code.
[     2.175][cube-solver-11][DEBUG] Initialising process for 2 lines of code.
[     2.180][cube-solver-13][DEBUG] Initialising process for 2 lines of code.
[     2.268][cube-solver-7][DEBUG] Initialising process for 2 lines of code.
[     2.284][cube-solver-12][DEBUG] Initialising process for 2 lines of code.
[     5.272][cube-solver-1][DEBUG] Solving cube (l0 = mutate(),)
[     5.273][cube-solver-0][DEBUG] Solving cube (l0 = summarise(),)
[     5.759][cube-solver-1][DEBUG] Initialising process for 2 lines of code.
[     5.774][cube-solver-0][DEBUG] Initialising process for 2 lines of code.
[     8.325][cube-solver-5][DEBUG] Solving cube (l0 = natural_join3(), l1 = mutate())
[     8.348][cube-solver-6][DEBUG] Solving cube (l0 = natural_join4(), l1 = summarise([3]))
[     8.354][cube-solver-5][DEBUG] Solving cube (l0 = summarise([3]), l1 = cross_join())
[     8.370][cube-solver-8][DEBUG] Solving cube (l0 = summarise([3]), l1 = natural_join())
[     8.379][cube-solver-15][DEBUG] Solving cube (l0 = summarise([3]), l1 = union())
[     8.380][cube-solver-2][DEBUG] Solving cube (l0 = natural_join(), l1 = summarise([3]))
[     8.391][cube-solver-14][DEBUG] Solving cube (l0 = summarise([3]), l1 = left_join())
[     8.392][cube-solver-10][DEBUG] Solving cube (l0 = summarise([3]), l1 = natural_join4())
[     8.400][cube-solver-11][DEBUG] Solving cube (l0 = summarise([3]), l1 = summarise([3]))
[     8.402][cube-solver-13][DEBUG] Solving cube (l0 = summarise([3]), l1 = anti_join())
[     8.409][cube-solver-6][DEBUG] Solving cube (l0 = summarise([3]), l1 = mutate())
[     8.411][cube-solver-3][DEBUG] Solving cube (l0 = natural_join(), l1 = mutate())
[     8.415][cube-solver-2][DEBUG] Solving cube (l0 = summarise([3]), l1 = inner_join())
[     8.439][cube-solver-4][DEBUG] Solving cube (l0 = natural_join3(), l1 = summarise([3]))
[     8.449][cube-solver-11][DEBUG] Solving cube (l0 = filter(), l1 = summarise([3]))
[     8.455][cube-solver-10][DEBUG] Solving cube (l0 = filter(), l1 = mutate())
[     8.470][cube-solver-3][DEBUG] Solving cube (l0 = anti_join(), l1 = summarise([3]))
[     8.471][cube-solver-4][DEBUG] Solving cube (l0 = left_join(), l1 = summarise([3]))
[     8.474][cube-solver-11][DEBUG] Solving cube (l0 = anti_join(), l1 = mutate())
[     8.482][cube-solver-10][DEBUG] Solving cube (l0 = left_join(), l1 = mutate())
[     8.495][cube-solver-11][DEBUG] Solving cube (l0 = union(), l1 = mutate())
[     8.497][cube-solver-3][DEBUG] Solving cube (l0 = union(), l1 = summarise([3]))
[     8.568][cube-solver-9][DEBUG] Solving cube (l0 = summarise([3]), l1 = natural_join3())
[     8.602][cube-solver-9][DEBUG] Solving cube (l0 = intersect(), l1 = summarise([3]))
[     8.639][cube-solver-7][DEBUG] Solving cube (l0 = natural_join4(), l1 = mutate())
[     8.676][cube-solver-7][DEBUG] Solving cube (l0 = intersect(), l1 = mutate())
[     8.708][cube-solver-12][DEBUG] Solving cube (l0 = summarise([3]), l1 = filter())
[     8.845][cube-solver-7][DEBUG] Solving cube (l0 = semi_join(), l1 = summarise([3]))
[     8.884][cube-solver-8][DEBUG] Found solution with cube (l0 = summarise([3]), l1 = natural_join())
[     8.886][MainProcess][INFO] Statistics:
[     8.886][MainProcess][INFO] 	Generated cubes: 32
[     8.886][MainProcess][INFO] 	Attempted programs: 22
[     8.886][MainProcess][INFO] 		Rejected: 14
[     8.887][MainProcess][INFO] 		Failed: 7
[     8.887][MainProcess][INFO] 	Blacklist clauses: 3
[     8.887][MainProcess][DEBUG] Printing statistics for good programs of size 1
[     8.888][MainProcess][DEBUG] 	0: Counter({'mutate': 60, 'summarise': 48})
[     8.888][MainProcess][DEBUG] Printing statistics for good programs of size 2
[     8.888][MainProcess][DEBUG] 	0: Counter({'summarise': 277, 'left_join': 60, 'union': 51})
[     8.889][MainProcess][DEBUG] 	1: Counter({'mutate': 85, 'summarise': 58, 'natural_join': 49, 'union': 46, 'cross_join': 45, 'left_join': 43, 'anti_join': 30, 'inner_join': 24, 'filter': 9})
[     8.889][MainProcess][INFO] Solution found: natural_join(summarise(@param0, AddressID = min(AddressID), CName), @param0)

------------------------------------- R Solution ---------------------------------------

con <- DBI::dbConnect(RSQLite::SQLite(), ":memory:")
input1 <- read_csv("tests-examples/scythe/top_rated_posts/tables/i048.csv", col_types = cols(CName = col_character(),AddressID = col_integer(),AddressLine = col_character()))
input1 <- copy_to(con, input1)
expected_output <- read_csv("tests-examples/scythe/top_rated_posts/tables/o048.csv", col_types = cols(CName = col_character(),minAddressID = col_integer(),AddressLine = col_character()))

df2 <- input1 %>% group_by(CName) %>% summarise(AddressID = min(AddressID)) %>% ungroup()
df3 <- inner_join(df2, input1)
out <- df3 %>% select(CName, minAddressID = AddressID, AddressLine) %>% arrange(CName)


+++++++++++++++++++++++++++++++++++++ SQL Solution +++++++++++++++++++++++++++++++++++++

SELECT CName,
       AddressID AS minAddressID,
       AddressLine
FROM
  (SELECT LHS.CName AS CName,
          LHS.AddressID AS AddressID,
          RHS.AddressLine AS AddressLine
   FROM
     (SELECT CName,
             MIN(AddressID) AS AddressID
      FROM input1
      GROUP BY CName) AS LHS
   INNER JOIN input1 AS RHS ON (LHS.CName = RHS.CName
                                AND LHS.AddressID = RHS.AddressID))
ORDER BY CName
