[     3.307][MainProcess][INFO] Parsing specification...
[     3.324][MainProcess][DEBUG] Reading input files...
[     3.358][MainProcess][INFO] Inferred data types for table tests-examples/scythe/top_rated_posts/tables/i056.csv: ['string', 'string', 'string']
[     3.376][MainProcess][INFO] Inferred data types for table tests-examples/scythe/top_rated_posts/tables/o056.csv: ['string', 'string', 'string']
[     3.418][MainProcess][DEBUG] Generating DSL...
[     3.439][MainProcess][INFO] Creating 16 processes
[     3.517][cube-solver-0][DEBUG] Initialising process for 1 lines of code.
[     3.517][cube-solver-2][DEBUG] Initialising process for 1 lines of code.
[     3.517][cube-solver-3][DEBUG] Initialising process for 1 lines of code.
[     3.517][cube-solver-7][DEBUG] Initialising process for 1 lines of code.
[     3.517][cube-solver-6][DEBUG] Initialising process for 1 lines of code.
[     3.517][MainProcess][DEBUG] Increasing generator loc to 2
[     3.517][cube-solver-5][DEBUG] Initialising process for 1 lines of code.
[     3.517][cube-solver-4][DEBUG] Initialising process for 1 lines of code.
[     3.517][cube-solver-1][DEBUG] Initialising process for 1 lines of code.
[     3.519][cube-solver-8][DEBUG] Initialising process for 1 lines of code.
[     3.524][cube-solver-9][DEBUG] Initialising process for 1 lines of code.
[     3.529][cube-solver-11][DEBUG] Initialising process for 2 lines of code.
[     3.535][cube-solver-10][DEBUG] Initialising process for 2 lines of code.
[     3.540][cube-solver-13][DEBUG] Initialising process for 2 lines of code.
[     3.545][cube-solver-12][DEBUG] Initialising process for 2 lines of code.
[     3.547][cube-solver-15][DEBUG] Initialising process for 2 lines of code.
[     3.557][cube-solver-14][DEBUG] Initialising process for 2 lines of code.
[     3.594][cube-solver-7][DEBUG] Solving cube (l0 = semi_join(),)
[     3.594][cube-solver-2][DEBUG] Solving cube (l0 = natural_join4(),)
[     3.595][cube-solver-2][DEBUG] Initialising process for 2 lines of code.
[     3.596][cube-solver-8][DEBUG] Solving cube (l0 = cross_join(),)
[     3.599][cube-solver-3][DEBUG] Solving cube (l0 = anti_join(),)
[     3.601][cube-solver-3][DEBUG] Initialising process for 2 lines of code.
[     3.601][cube-solver-9][DEBUG] Solving cube (l0 = inner_join(),)
[     3.607][cube-solver-8][DEBUG] Initialising process for 2 lines of code.
[     3.649][cube-solver-0][DEBUG] Solving cube (l0 = natural_join(),)
[     3.651][cube-solver-0][DEBUG] Initialising process for 2 lines of code.
[     3.651][cube-solver-1][DEBUG] Solving cube (l0 = natural_join3(),)
[     3.651][cube-solver-6][DEBUG] Solving cube (l0 = intersect(),)
[     3.653][cube-solver-1][DEBUG] Initialising process for 2 lines of code.
[     3.655][cube-solver-5][DEBUG] Solving cube (l0 = union(),)
[     3.655][cube-solver-4][DEBUG] Solving cube (l0 = left_join(),)
[     3.663][cube-solver-11][DEBUG] Solving cube (l0 = natural_join(), l1 = left_join())
[     3.666][cube-solver-11][DEBUG] Solving cube (l0 = natural_join3(), l1 = left_join())
[     3.668][cube-solver-11][DEBUG] Solving cube (l0 = natural_join3(), l1 = union())
[     3.670][cube-solver-11][DEBUG] Solving cube (l0 = natural_join3(), l1 = intersect())
[     3.672][cube-solver-11][DEBUG] Solving cube (l0 = natural_join3(), l1 = semi_join())
[     3.674][cube-solver-11][DEBUG] Solving cube (l0 = natural_join3(), l1 = cross_join([1]))
[     3.677][cube-solver-11][DEBUG] Solving cube (l0 = natural_join3(), l1 = inner_join())
[     3.679][cube-solver-11][DEBUG] Solving cube (l0 = natural_join3(), l1 = natural_join())
[     3.681][cube-solver-11][DEBUG] Solving cube (l0 = natural_join3(), l1 = natural_join3())
[     3.683][cube-solver-11][DEBUG] Solving cube (l0 = natural_join3(), l1 = natural_join4())
[     3.685][cube-solver-11][DEBUG] Solving cube (l0 = natural_join4(), l1 = anti_join())
[     3.686][cube-solver-11][DEBUG] Solving cube (l0 = natural_join4(), l1 = left_join())
[     3.688][cube-solver-11][DEBUG] Solving cube (l0 = natural_join4(), l1 = union())
[     3.690][cube-solver-11][DEBUG] Solving cube (l0 = natural_join4(), l1 = intersect())
[     3.692][cube-solver-11][DEBUG] Solving cube (l0 = natural_join4(), l1 = semi_join())
[     3.694][cube-solver-11][DEBUG] Solving cube (l0 = natural_join4(), l1 = cross_join([1]))
[     3.694][cube-solver-13][DEBUG] Solving cube (l0 = natural_join(), l1 = intersect())
[     3.696][cube-solver-15][DEBUG] Solving cube (l0 = natural_join(), l1 = cross_join([1]))
[     3.697][cube-solver-13][DEBUG] Solving cube (l0 = natural_join4(), l1 = inner_join())
[     3.697][cube-solver-11][DEBUG] Solving cube (l0 = natural_join4(), l1 = natural_join())
[     3.700][cube-solver-11][DEBUG] Solving cube (l0 = natural_join4(), l1 = natural_join3())
[     3.700][cube-solver-13][DEBUG] Solving cube (l0 = natural_join4(), l1 = natural_join4())
[     3.701][cube-solver-15][DEBUG] Solving cube (l0 = anti_join(), l1 = natural_join())
[     3.703][cube-solver-11][DEBUG] Solving cube (l0 = anti_join(), l1 = natural_join3())
[     3.703][cube-solver-15][DEBUG] Solving cube (l0 = anti_join(), l1 = natural_join4())
[     3.703][cube-solver-13][DEBUG] Solving cube (l0 = anti_join(), l1 = anti_join())
[     3.705][cube-solver-15][DEBUG] Solving cube (l0 = anti_join(), l1 = left_join())
[     3.706][cube-solver-11][DEBUG] Solving cube (l0 = anti_join(), l1 = union())
[     3.706][cube-solver-15][DEBUG] Solving cube (l0 = anti_join(), l1 = intersect())
[     3.706][cube-solver-13][DEBUG] Solving cube (l0 = anti_join(), l1 = semi_join())
[     3.707][cube-solver-15][DEBUG] Solving cube (l0 = anti_join(), l1 = cross_join([1]))
[     3.708][cube-solver-11][DEBUG] Solving cube (l0 = anti_join(), l1 = inner_join())
[     3.709][cube-solver-15][DEBUG] Solving cube (l0 = left_join(), l1 = natural_join())
[     3.709][cube-solver-13][DEBUG] Solving cube (l0 = left_join(), l1 = natural_join3())
[     3.711][cube-solver-11][DEBUG] Solving cube (l0 = left_join(), l1 = natural_join4())
[     3.713][cube-solver-13][DEBUG] Solving cube (l0 = left_join(), l1 = anti_join())
[     3.713][cube-solver-11][DEBUG] Solving cube (l0 = left_join(), l1 = left_join())
[     3.731][cube-solver-6][DEBUG] Initialising process for 2 lines of code.
[     3.732][cube-solver-7][DEBUG] Initialising process for 2 lines of code.
[     3.774][cube-solver-3][DEBUG] Solving cube (l0 = natural_join(), l1 = natural_join())
[     3.776][cube-solver-10][DEBUG] Solving cube (l0 = natural_join(), l1 = anti_join())
[     3.777][cube-solver-3][DEBUG] Solving cube (l0 = left_join(), l1 = semi_join())
[     3.779][cube-solver-10][DEBUG] Solving cube (l0 = left_join(), l1 = cross_join([1]))
[     3.818][cube-solver-12][DEBUG] Solving cube (l0 = natural_join(), l1 = union())
[     3.822][cube-solver-10][DEBUG] Solving cube (l0 = left_join(), l1 = inner_join())
[     3.823][cube-solver-12][DEBUG] Solving cube (l0 = union(), l1 = natural_join())
[     3.827][cube-solver-2][DEBUG] Solving cube (l0 = natural_join(), l1 = inner_join())
[     3.827][cube-solver-14][DEBUG] Solving cube (l0 = natural_join(), l1 = semi_join())
[     3.830][cube-solver-8][DEBUG] Solving cube (l0 = natural_join(), l1 = natural_join3())
[     3.830][cube-solver-2][DEBUG] Solving cube (l0 = union(), l1 = natural_join3())
[     3.831][cube-solver-14][DEBUG] Solving cube (l0 = union(), l1 = natural_join4())
[     3.832][cube-solver-5][DEBUG] Initialising process for 2 lines of code.
[     3.832][cube-solver-8][DEBUG] Solving cube (l0 = union(), l1 = left_join())
[     3.833][cube-solver-2][DEBUG] Solving cube (l0 = union(), l1 = union())
[     3.833][cube-solver-14][DEBUG] Solving cube (l0 = union(), l1 = intersect())
[     3.843][cube-solver-4][DEBUG] Initialising process for 2 lines of code.
[     3.867][cube-solver-0][DEBUG] Solving cube (l0 = natural_join(), l1 = natural_join4())
[     3.869][cube-solver-0][DEBUG] Solving cube (l0 = union(), l1 = cross_join([1]))
[     3.876][cube-solver-1][DEBUG] Solving cube (l0 = natural_join3(), l1 = anti_join())
[     3.879][cube-solver-1][DEBUG] Solving cube (l0 = union(), l1 = inner_join())
[     3.913][cube-solver-0][DEBUG] Solving cube (l0 = intersect(), l1 = natural_join())
[     3.938][cube-solver-7][DEBUG] Solving cube (l0 = left_join(), l1 = intersect())
[     3.945][cube-solver-6][DEBUG] Solving cube (l0 = left_join(), l1 = union())
[     3.968][cube-solver-5][DEBUG] Solving cube (l0 = union(), l1 = anti_join())
[     4.012][cube-solver-15][DEBUG] Solving cube (l0 = intersect(), l1 = natural_join3())
[     4.014][cube-solver-15][DEBUG] Solving cube (l0 = intersect(), l1 = natural_join4())
[     4.017][cube-solver-15][DEBUG] Solving cube (l0 = intersect(), l1 = anti_join())
[     4.102][cube-solver-4][DEBUG] Solving cube (l0 = union(), l1 = semi_join())
[     4.107][cube-solver-12][DEBUG] Solving cube (l0 = intersect(), l1 = left_join())
[     4.203][cube-solver-7][DEBUG] Solving cube (l0 = intersect(), l1 = union())
[     4.228][cube-solver-11][DEBUG] Solving cube (l0 = intersect(), l1 = intersect())
[     4.288][cube-solver-14][DEBUG] Solving cube (l0 = intersect(), l1 = semi_join())
[     4.316][cube-solver-3][DEBUG] Solving cube (l0 = intersect(), l1 = cross_join([1]))
[     4.376][cube-solver-8][DEBUG] Solving cube (l0 = intersect(), l1 = inner_join())
[     4.378][cube-solver-2][DEBUG] Solving cube (l0 = semi_join(), l1 = natural_join())
[     4.492][cube-solver-6][DEBUG] Solving cube (l0 = semi_join(), l1 = natural_join3())
[     4.494][cube-solver-6][DEBUG] Solving cube (l0 = semi_join(), l1 = natural_join4())
[     4.497][cube-solver-6][DEBUG] Solving cube (l0 = semi_join(), l1 = anti_join())
[     4.546][cube-solver-3][DEBUG] Solving cube (l0 = semi_join(), l1 = left_join())
[     4.594][cube-solver-4][DEBUG] Solving cube (l0 = semi_join(), l1 = union())
[     4.601][cube-solver-2][DEBUG] Solving cube (l0 = semi_join(), l1 = intersect())
[     4.840][cube-solver-2][DEBUG] Solving cube (l0 = semi_join(), l1 = semi_join())
[     4.861][cube-solver-14][DEBUG] Solving cube (l0 = semi_join(), l1 = cross_join([1]))
[     4.884][cube-solver-12][DEBUG] Solving cube (l0 = semi_join(), l1 = inner_join())
[     4.909][cube-solver-14][DEBUG] Solving cube (l0 = cross_join([1]), l1 = natural_join())
[     4.913][cube-solver-14][DEBUG] Solving cube (l0 = cross_join([1]), l1 = natural_join3())
[     4.916][cube-solver-14][DEBUG] Solving cube (l0 = cross_join([1]), l1 = natural_join4())
[     4.918][cube-solver-14][DEBUG] Solving cube (l0 = cross_join([1]), l1 = anti_join())
[     4.921][cube-solver-14][DEBUG] Solving cube (l0 = cross_join([1]), l1 = left_join())
[     4.924][cube-solver-14][DEBUG] Solving cube (l0 = cross_join([1]), l1 = union())
[     4.927][cube-solver-14][DEBUG] Solving cube (l0 = cross_join([1]), l1 = intersect())
[     4.930][cube-solver-14][DEBUG] Solving cube (l0 = cross_join([1]), l1 = semi_join())
[     4.933][cube-solver-14][DEBUG] Solving cube (l0 = cross_join([1]), l1 = cross_join([1]))
[     4.936][cube-solver-14][DEBUG] Solving cube (l0 = cross_join([1]), l1 = inner_join())
[     4.939][cube-solver-14][DEBUG] Solving cube (l0 = inner_join(), l1 = natural_join())
[     5.023][cube-solver-0][DEBUG] Solving cube (l0 = inner_join(), l1 = natural_join3())
[     5.026][cube-solver-0][DEBUG] Solving cube (l0 = inner_join(), l1 = natural_join4())
[     5.028][cube-solver-0][DEBUG] Solving cube (l0 = inner_join(), l1 = anti_join())
[     5.036][cube-solver-11][DEBUG] Solving cube (l0 = inner_join(), l1 = left_join())
[     5.067][cube-solver-3][DEBUG] Solving cube (l0 = inner_join(), l1 = union())
[     5.092][cube-solver-4][DEBUG] Solving cube (l0 = inner_join(), l1 = intersect())
[     5.223][cube-solver-2][DEBUG] Solving cube (l0 = inner_join(), l1 = semi_join())
[     5.282][cube-solver-7][DEBUG] Solving cube (l0 = inner_join(), l1 = cross_join([1]))
[     5.436][cube-solver-13][DEBUG] Solving cube (l0 = inner_join(), l1 = inner_join())
[     5.567][MainProcess][DEBUG] Increasing generator loc to 3
[     5.568][cube-solver-15][DEBUG] Initialising process for 3 lines of code.
[     5.693][cube-solver-5][DEBUG] Initialising process for 3 lines of code.
[     5.869][cube-solver-15][DEBUG] Solving cube (l0 = natural_join(), l1 = anti_join(), l2 = natural_join())
[     5.872][cube-solver-15][DEBUG] Solving cube (l0 = natural_join(), l1 = anti_join(), l2 = natural_join4())
[     5.873][cube-solver-15][DEBUG] Solving cube (l0 = natural_join(), l1 = anti_join(), l2 = anti_join())
[     5.875][cube-solver-15][DEBUG] Solving cube (l0 = natural_join(), l1 = anti_join(), l2 = left_join())
[     5.876][cube-solver-15][DEBUG] Solving cube (l0 = natural_join(), l1 = anti_join(), l2 = union())
[     5.878][cube-solver-15][DEBUG] Solving cube (l0 = natural_join(), l1 = anti_join(), l2 = intersect())
[     5.879][cube-solver-15][DEBUG] Solving cube (l0 = natural_join(), l1 = anti_join(), l2 = semi_join())
[     5.881][cube-solver-15][DEBUG] Solving cube (l0 = natural_join(), l1 = anti_join(), l2 = cross_join([1]))
[     5.883][cube-solver-15][DEBUG] Solving cube (l0 = natural_join(), l1 = anti_join(), l2 = inner_join())
[     5.884][cube-solver-15][DEBUG] Solving cube (l0 = natural_join(), l1 = left_join(), l2 = natural_join())
[     5.886][cube-solver-15][DEBUG] Solving cube (l0 = natural_join(), l1 = left_join(), l2 = natural_join3())
[     5.887][cube-solver-15][DEBUG] Solving cube (l0 = natural_join(), l1 = left_join(), l2 = natural_join4())
[     5.888][cube-solver-15][DEBUG] Solving cube (l0 = natural_join(), l1 = left_join(), l2 = anti_join())
[     5.890][cube-solver-15][DEBUG] Solving cube (l0 = natural_join(), l1 = left_join(), l2 = left_join())
[     5.891][cube-solver-15][DEBUG] Solving cube (l0 = natural_join(), l1 = left_join(), l2 = union())
[     5.893][cube-solver-15][DEBUG] Solving cube (l0 = natural_join(), l1 = left_join(), l2 = intersect())
[     5.894][cube-solver-15][DEBUG] Solving cube (l0 = natural_join(), l1 = left_join(), l2 = semi_join())
[     5.895][cube-solver-15][DEBUG] Solving cube (l0 = natural_join(), l1 = left_join(), l2 = cross_join([1]))
[     5.897][cube-solver-15][DEBUG] Solving cube (l0 = natural_join(), l1 = left_join(), l2 = inner_join())
[     5.899][cube-solver-15][DEBUG] Solving cube (l0 = natural_join(), l1 = union(), l2 = natural_join())
[     5.900][cube-solver-15][DEBUG] Solving cube (l0 = natural_join(), l1 = union(), l2 = natural_join3())
[     5.902][cube-solver-15][DEBUG] Solving cube (l0 = natural_join(), l1 = union(), l2 = natural_join4())
[     5.903][cube-solver-15][DEBUG] Solving cube (l0 = natural_join(), l1 = union(), l2 = anti_join())
[     5.904][cube-solver-15][DEBUG] Solving cube (l0 = natural_join(), l1 = union(), l2 = left_join())
[     5.906][cube-solver-15][DEBUG] Solving cube (l0 = natural_join(), l1 = union(), l2 = union())
[     5.907][cube-solver-15][DEBUG] Solving cube (l0 = natural_join(), l1 = union(), l2 = intersect())
[     5.909][cube-solver-15][DEBUG] Solving cube (l0 = natural_join(), l1 = union(), l2 = semi_join())
[     5.910][cube-solver-15][DEBUG] Solving cube (l0 = natural_join(), l1 = union(), l2 = cross_join([1]))
[     5.912][cube-solver-15][DEBUG] Solving cube (l0 = natural_join(), l1 = union(), l2 = inner_join())
[     5.914][cube-solver-15][DEBUG] Solving cube (l0 = natural_join(), l1 = intersect(), l2 = natural_join())
[     5.915][cube-solver-15][DEBUG] Solving cube (l0 = natural_join(), l1 = intersect(), l2 = natural_join3())
[     5.917][cube-solver-15][DEBUG] Solving cube (l0 = natural_join(), l1 = intersect(), l2 = natural_join4())
[     5.918][cube-solver-15][DEBUG] Solving cube (l0 = natural_join(), l1 = intersect(), l2 = anti_join())
[     5.919][cube-solver-15][DEBUG] Solving cube (l0 = natural_join(), l1 = intersect(), l2 = left_join())
[     5.921][cube-solver-15][DEBUG] Solving cube (l0 = natural_join(), l1 = intersect(), l2 = union())
[     5.922][cube-solver-15][DEBUG] Solving cube (l0 = natural_join(), l1 = intersect(), l2 = intersect())
[     5.924][cube-solver-15][DEBUG] Solving cube (l0 = natural_join(), l1 = intersect(), l2 = semi_join())
[     5.925][cube-solver-15][DEBUG] Solving cube (l0 = natural_join(), l1 = intersect(), l2 = cross_join([1]))
[     5.927][cube-solver-15][DEBUG] Solving cube (l0 = natural_join(), l1 = intersect(), l2 = inner_join())
[     5.928][cube-solver-15][DEBUG] Solving cube (l0 = natural_join(), l1 = semi_join(), l2 = natural_join())
[     5.930][cube-solver-15][DEBUG] Solving cube (l0 = natural_join(), l1 = semi_join(), l2 = natural_join3())
[     5.931][cube-solver-15][DEBUG] Solving cube (l0 = natural_join(), l1 = semi_join(), l2 = natural_join4())
[     5.933][cube-solver-15][DEBUG] Solving cube (l0 = natural_join(), l1 = semi_join(), l2 = anti_join())
[     5.934][cube-solver-15][DEBUG] Solving cube (l0 = natural_join(), l1 = semi_join(), l2 = left_join())
[     5.936][cube-solver-15][DEBUG] Solving cube (l0 = natural_join(), l1 = semi_join(), l2 = union())
[     5.937][cube-solver-15][DEBUG] Solving cube (l0 = natural_join(), l1 = semi_join(), l2 = intersect())
[     5.939][cube-solver-15][DEBUG] Solving cube (l0 = natural_join(), l1 = semi_join(), l2 = semi_join())
[     5.940][cube-solver-15][DEBUG] Solving cube (l0 = natural_join(), l1 = semi_join(), l2 = cross_join([1]))
[     5.942][cube-solver-15][DEBUG] Solving cube (l0 = natural_join(), l1 = semi_join(), l2 = inner_join())
[     5.943][cube-solver-15][DEBUG] Solving cube (l0 = natural_join(), l1 = cross_join([1]), l2 = natural_join())
[     5.945][cube-solver-15][DEBUG] Solving cube (l0 = natural_join(), l1 = cross_join([1]), l2 = natural_join3())
[     5.947][cube-solver-15][DEBUG] Solving cube (l0 = natural_join(), l1 = cross_join([1]), l2 = natural_join4())
[     5.949][cube-solver-15][DEBUG] Solving cube (l0 = natural_join(), l1 = cross_join([1]), l2 = anti_join())
[     5.951][cube-solver-5][DEBUG] Solving cube (l0 = natural_join(), l1 = anti_join(), l2 = natural_join3())
[     5.951][cube-solver-15][DEBUG] Solving cube (l0 = natural_join(), l1 = cross_join([1]), l2 = left_join())
[     5.953][cube-solver-15][DEBUG] Solving cube (l0 = natural_join(), l1 = cross_join([1]), l2 = intersect())
[     5.954][cube-solver-5][DEBUG] Solving cube (l0 = natural_join(), l1 = cross_join([1]), l2 = union())
[     5.955][cube-solver-15][DEBUG] Solving cube (l0 = natural_join(), l1 = cross_join([1]), l2 = semi_join())
[     5.956][cube-solver-5][DEBUG] Solving cube (l0 = natural_join(), l1 = cross_join([1]), l2 = cross_join([1]))
[     5.957][cube-solver-15][DEBUG] Solving cube (l0 = natural_join(), l1 = cross_join([1]), l2 = inner_join())
[     5.959][cube-solver-5][DEBUG] Solving cube (l0 = natural_join(), l1 = inner_join(), l2 = natural_join())
[     5.959][cube-solver-15][DEBUG] Solving cube (l0 = natural_join(), l1 = inner_join(), l2 = natural_join3())
[     5.960][cube-solver-5][DEBUG] Solving cube (l0 = natural_join(), l1 = inner_join(), l2 = natural_join4())
[     5.961][cube-solver-15][DEBUG] Solving cube (l0 = natural_join(), l1 = inner_join(), l2 = anti_join())
[     5.962][cube-solver-5][DEBUG] Solving cube (l0 = natural_join(), l1 = inner_join(), l2 = left_join())
[     5.962][cube-solver-15][DEBUG] Solving cube (l0 = natural_join(), l1 = inner_join(), l2 = union())
[     5.963][cube-solver-5][DEBUG] Solving cube (l0 = natural_join(), l1 = inner_join(), l2 = intersect())
[     5.964][cube-solver-15][DEBUG] Solving cube (l0 = natural_join(), l1 = inner_join(), l2 = semi_join())
[     5.965][cube-solver-5][DEBUG] Solving cube (l0 = natural_join(), l1 = inner_join(), l2 = cross_join([1]))
[     5.965][cube-solver-15][DEBUG] Solving cube (l0 = natural_join(), l1 = inner_join(), l2 = inner_join())
[     5.967][cube-solver-15][DEBUG] Solving cube (l0 = natural_join(), l1 = natural_join(), l2 = anti_join())
[     5.967][cube-solver-5][DEBUG] Solving cube (l0 = natural_join(), l1 = natural_join(), l2 = left_join())
[     5.968][cube-solver-15][DEBUG] Solving cube (l0 = natural_join(), l1 = natural_join(), l2 = union())
[     5.968][cube-solver-5][DEBUG] Solving cube (l0 = natural_join(), l1 = natural_join(), l2 = intersect())
[     5.969][cube-solver-15][DEBUG] Solving cube (l0 = natural_join(), l1 = natural_join(), l2 = semi_join())
[     5.970][cube-solver-5][DEBUG] Solving cube (l0 = natural_join(), l1 = natural_join(), l2 = cross_join([1]))
[     5.971][cube-solver-15][DEBUG] Solving cube (l0 = natural_join(), l1 = natural_join(), l2 = inner_join())
[     5.972][cube-solver-5][DEBUG] Solving cube (l0 = natural_join(), l1 = natural_join(), l2 = natural_join())
[     5.972][cube-solver-15][DEBUG] Solving cube (l0 = natural_join(), l1 = natural_join(), l2 = natural_join3())
[     5.973][cube-solver-5][DEBUG] Solving cube (l0 = natural_join(), l1 = natural_join(), l2 = natural_join4())
[     5.974][cube-solver-15][DEBUG] Solving cube (l0 = natural_join(), l1 = natural_join3(), l2 = anti_join())
[     5.975][cube-solver-5][DEBUG] Solving cube (l0 = natural_join(), l1 = natural_join3(), l2 = left_join())
[     5.975][cube-solver-15][DEBUG] Solving cube (l0 = natural_join(), l1 = natural_join3(), l2 = union())
[     5.976][cube-solver-5][DEBUG] Solving cube (l0 = natural_join(), l1 = natural_join3(), l2 = intersect())
[     5.977][cube-solver-15][DEBUG] Solving cube (l0 = natural_join(), l1 = natural_join3(), l2 = semi_join())
[     5.978][cube-solver-5][DEBUG] Solving cube (l0 = natural_join(), l1 = natural_join3(), l2 = cross_join([1]))
[     5.978][cube-solver-15][DEBUG] Solving cube (l0 = natural_join(), l1 = natural_join3(), l2 = inner_join())
[     5.979][cube-solver-5][DEBUG] Solving cube (l0 = natural_join(), l1 = natural_join3(), l2 = natural_join())
[     5.980][cube-solver-15][DEBUG] Solving cube (l0 = natural_join(), l1 = natural_join3(), l2 = natural_join3())
[     5.981][cube-solver-5][DEBUG] Solving cube (l0 = natural_join(), l1 = natural_join3(), l2 = natural_join4())
[     5.981][cube-solver-15][DEBUG] Solving cube (l0 = natural_join(), l1 = natural_join4(), l2 = anti_join())
[     5.982][cube-solver-5][DEBUG] Solving cube (l0 = natural_join(), l1 = natural_join4(), l2 = left_join())
[     5.983][cube-solver-15][DEBUG] Solving cube (l0 = natural_join(), l1 = natural_join4(), l2 = union())
[     5.984][cube-solver-5][DEBUG] Solving cube (l0 = natural_join(), l1 = natural_join4(), l2 = intersect())
[     5.984][cube-solver-15][DEBUG] Solving cube (l0 = natural_join(), l1 = natural_join4(), l2 = semi_join())
[     5.985][cube-solver-5][DEBUG] Solving cube (l0 = natural_join(), l1 = natural_join4(), l2 = cross_join([1]))
[     5.985][cube-solver-15][DEBUG] Solving cube (l0 = natural_join(), l1 = natural_join4(), l2 = inner_join())
[     5.987][cube-solver-15][DEBUG] Solving cube (l0 = natural_join(), l1 = natural_join4(), l2 = natural_join())
[     5.987][cube-solver-5][DEBUG] Solving cube (l0 = natural_join(), l1 = natural_join4(), l2 = natural_join3())
[     5.988][cube-solver-15][DEBUG] Solving cube (l0 = natural_join(), l1 = natural_join4(), l2 = natural_join4())
[     5.989][cube-solver-5][DEBUG] Solving cube (l0 = natural_join3(), l1 = anti_join(), l2 = natural_join())
[     5.990][cube-solver-15][DEBUG] Solving cube (l0 = natural_join3(), l1 = anti_join(), l2 = natural_join3())
[     5.990][cube-solver-5][DEBUG] Solving cube (l0 = natural_join3(), l1 = anti_join(), l2 = natural_join4())
[     5.991][cube-solver-15][DEBUG] Solving cube (l0 = natural_join3(), l1 = anti_join(), l2 = anti_join())
[     5.992][cube-solver-5][DEBUG] Solving cube (l0 = natural_join3(), l1 = anti_join(), l2 = left_join())
[     5.992][cube-solver-15][DEBUG] Solving cube (l0 = natural_join3(), l1 = anti_join(), l2 = union())
[     5.993][cube-solver-5][DEBUG] Solving cube (l0 = natural_join3(), l1 = anti_join(), l2 = intersect())
[     5.994][cube-solver-15][DEBUG] Solving cube (l0 = natural_join3(), l1 = anti_join(), l2 = semi_join())
[     5.994][cube-solver-5][DEBUG] Solving cube (l0 = natural_join3(), l1 = anti_join(), l2 = cross_join([1]))
[     5.995][cube-solver-15][DEBUG] Solving cube (l0 = natural_join3(), l1 = anti_join(), l2 = inner_join())
[     5.996][cube-solver-5][DEBUG] Solving cube (l0 = natural_join3(), l1 = left_join(), l2 = natural_join())
[     5.997][cube-solver-15][DEBUG] Solving cube (l0 = natural_join3(), l1 = left_join(), l2 = natural_join3())
[     5.998][cube-solver-5][DEBUG] Solving cube (l0 = natural_join3(), l1 = left_join(), l2 = natural_join4())
[     5.998][cube-solver-15][DEBUG] Solving cube (l0 = natural_join3(), l1 = left_join(), l2 = anti_join())
[     5.999][cube-solver-5][DEBUG] Solving cube (l0 = natural_join3(), l1 = left_join(), l2 = left_join())
[     6.000][cube-solver-15][DEBUG] Solving cube (l0 = natural_join3(), l1 = left_join(), l2 = union())
[     6.001][cube-solver-5][DEBUG] Solving cube (l0 = natural_join3(), l1 = left_join(), l2 = intersect())
[     6.001][cube-solver-15][DEBUG] Solving cube (l0 = natural_join3(), l1 = left_join(), l2 = semi_join())
[     6.002][cube-solver-5][DEBUG] Solving cube (l0 = natural_join3(), l1 = left_join(), l2 = cross_join([1]))
[     6.002][cube-solver-15][DEBUG] Solving cube (l0 = natural_join3(), l1 = left_join(), l2 = inner_join())
[     6.004][cube-solver-15][DEBUG] Solving cube (l0 = natural_join3(), l1 = union(), l2 = natural_join())
[     6.004][cube-solver-5][DEBUG] Solving cube (l0 = natural_join3(), l1 = union(), l2 = natural_join3())
[     6.005][cube-solver-15][DEBUG] Solving cube (l0 = natural_join3(), l1 = union(), l2 = natural_join4())
[     6.005][cube-solver-5][DEBUG] Solving cube (l0 = natural_join3(), l1 = union(), l2 = anti_join())
[     6.007][cube-solver-15][DEBUG] Solving cube (l0 = natural_join3(), l1 = union(), l2 = left_join())
[     6.007][cube-solver-5][DEBUG] Solving cube (l0 = natural_join3(), l1 = union(), l2 = union())
[     6.008][cube-solver-15][DEBUG] Solving cube (l0 = natural_join3(), l1 = union(), l2 = intersect())
[     6.008][cube-solver-5][DEBUG] Solving cube (l0 = natural_join3(), l1 = union(), l2 = semi_join())
[     6.010][cube-solver-15][DEBUG] Solving cube (l0 = natural_join3(), l1 = union(), l2 = cross_join([1]))
[     6.010][cube-solver-5][DEBUG] Solving cube (l0 = natural_join3(), l1 = union(), l2 = inner_join())
[     6.011][cube-solver-5][DEBUG] Solving cube (l0 = natural_join3(), l1 = intersect(), l2 = natural_join())
[     6.011][cube-solver-15][DEBUG] Solving cube (l0 = natural_join3(), l1 = intersect(), l2 = natural_join3())
[     6.012][cube-solver-5][DEBUG] Solving cube (l0 = natural_join3(), l1 = intersect(), l2 = natural_join4())
[     6.013][cube-solver-15][DEBUG] Solving cube (l0 = natural_join3(), l1 = intersect(), l2 = anti_join())
[     6.014][cube-solver-5][DEBUG] Solving cube (l0 = natural_join3(), l1 = intersect(), l2 = left_join())
[     6.014][cube-solver-15][DEBUG] Solving cube (l0 = natural_join3(), l1 = intersect(), l2 = union())
[     6.015][cube-solver-5][DEBUG] Solving cube (l0 = natural_join3(), l1 = intersect(), l2 = intersect())
[     6.016][cube-solver-15][DEBUG] Solving cube (l0 = natural_join3(), l1 = intersect(), l2 = semi_join())
[     6.017][cube-solver-5][DEBUG] Solving cube (l0 = natural_join3(), l1 = intersect(), l2 = cross_join([1]))
[     6.017][cube-solver-15][DEBUG] Solving cube (l0 = natural_join3(), l1 = intersect(), l2 = inner_join())
[     6.019][cube-solver-5][DEBUG] Solving cube (l0 = natural_join3(), l1 = semi_join(), l2 = natural_join())
[     6.019][cube-solver-15][DEBUG] Solving cube (l0 = natural_join3(), l1 = semi_join(), l2 = natural_join3())
[     6.020][cube-solver-5][DEBUG] Solving cube (l0 = natural_join3(), l1 = semi_join(), l2 = natural_join4())
[     6.021][cube-solver-5][DEBUG] Solving cube (l0 = natural_join3(), l1 = semi_join(), l2 = left_join())
[     6.021][cube-solver-15][DEBUG] Solving cube (l0 = natural_join3(), l1 = semi_join(), l2 = anti_join())
[     6.023][cube-solver-5][DEBUG] Solving cube (l0 = natural_join3(), l1 = semi_join(), l2 = union())
[     6.024][cube-solver-15][DEBUG] Solving cube (l0 = natural_join3(), l1 = semi_join(), l2 = intersect())
[     6.024][cube-solver-5][DEBUG] Solving cube (l0 = natural_join3(), l1 = semi_join(), l2 = semi_join())
[     6.026][cube-solver-5][DEBUG] Solving cube (l0 = natural_join3(), l1 = semi_join(), l2 = cross_join([1]))
[     6.026][cube-solver-15][DEBUG] Solving cube (l0 = natural_join3(), l1 = semi_join(), l2 = inner_join())
[     6.028][cube-solver-5][DEBUG] Solving cube (l0 = natural_join3(), l1 = cross_join([1]), l2 = natural_join())
[     6.028][cube-solver-15][DEBUG] Solving cube (l0 = natural_join3(), l1 = cross_join([1]), l2 = natural_join3())
[     6.029][cube-solver-5][DEBUG] Solving cube (l0 = natural_join3(), l1 = cross_join([1]), l2 = natural_join4())
[     6.031][cube-solver-5][DEBUG] Solving cube (l0 = natural_join3(), l1 = cross_join([1]), l2 = left_join())
[     6.031][cube-solver-15][DEBUG] Solving cube (l0 = natural_join3(), l1 = cross_join([1]), l2 = anti_join())
[     6.033][cube-solver-5][DEBUG] Solving cube (l0 = natural_join3(), l1 = cross_join([1]), l2 = union())
[     6.034][cube-solver-15][DEBUG] Solving cube (l0 = natural_join3(), l1 = cross_join([1]), l2 = intersect())
[     6.035][cube-solver-5][DEBUG] Solving cube (l0 = natural_join3(), l1 = cross_join([1]), l2 = semi_join())
[     6.037][cube-solver-5][DEBUG] Solving cube (l0 = natural_join3(), l1 = cross_join([1]), l2 = cross_join([1]))
[     6.037][cube-solver-15][DEBUG] Solving cube (l0 = natural_join3(), l1 = cross_join([1]), l2 = inner_join())
[     6.039][cube-solver-5][DEBUG] Solving cube (l0 = natural_join3(), l1 = inner_join(), l2 = natural_join())
[     6.041][cube-solver-15][DEBUG] Solving cube (l0 = natural_join3(), l1 = inner_join(), l2 = natural_join3())
[     6.041][cube-solver-5][DEBUG] Solving cube (l0 = natural_join3(), l1 = inner_join(), l2 = natural_join4())
[     6.042][cube-solver-5][DEBUG] Solving cube (l0 = natural_join3(), l1 = inner_join(), l2 = anti_join())
[     6.043][cube-solver-15][DEBUG] Solving cube (l0 = natural_join3(), l1 = inner_join(), l2 = left_join())
[     6.044][cube-solver-5][DEBUG] Solving cube (l0 = natural_join3(), l1 = inner_join(), l2 = union())
[     6.045][cube-solver-5][DEBUG] Solving cube (l0 = natural_join3(), l1 = inner_join(), l2 = semi_join())
[     6.045][cube-solver-15][DEBUG] Solving cube (l0 = natural_join3(), l1 = inner_join(), l2 = intersect())
[     6.046][cube-solver-5][DEBUG] Solving cube (l0 = natural_join3(), l1 = inner_join(), l2 = cross_join([1]))
[     6.047][cube-solver-15][DEBUG] Solving cube (l0 = natural_join3(), l1 = inner_join(), l2 = inner_join())
[     6.048][cube-solver-5][DEBUG] Solving cube (l0 = natural_join3(), l1 = natural_join(), l2 = anti_join())
[     6.050][cube-solver-5][DEBUG] Solving cube (l0 = natural_join3(), l1 = natural_join(), l2 = union())
[     6.050][cube-solver-15][DEBUG] Solving cube (l0 = natural_join3(), l1 = natural_join(), l2 = left_join())
[     6.051][cube-solver-5][DEBUG] Solving cube (l0 = natural_join3(), l1 = natural_join(), l2 = intersect())
[     6.052][cube-solver-15][DEBUG] Solving cube (l0 = natural_join3(), l1 = natural_join(), l2 = semi_join())
[     6.053][cube-solver-5][DEBUG] Solving cube (l0 = natural_join3(), l1 = natural_join(), l2 = cross_join([1]))
[     6.054][cube-solver-15][DEBUG] Solving cube (l0 = natural_join3(), l1 = natural_join(), l2 = inner_join())
[     6.054][cube-solver-5][DEBUG] Solving cube (l0 = natural_join3(), l1 = natural_join(), l2 = natural_join())
[     6.056][cube-solver-5][DEBUG] Solving cube (l0 = natural_join3(), l1 = natural_join(), l2 = natural_join3())
[     6.056][cube-solver-15][DEBUG] Solving cube (l0 = natural_join3(), l1 = natural_join(), l2 = natural_join4())
[     6.057][cube-solver-5][DEBUG] Solving cube (l0 = natural_join3(), l1 = natural_join3(), l2 = anti_join())
[     6.059][cube-solver-5][DEBUG] Solving cube (l0 = natural_join3(), l1 = natural_join3(), l2 = union())
[     6.059][cube-solver-15][DEBUG] Solving cube (l0 = natural_join3(), l1 = natural_join3(), l2 = left_join())
[     6.060][cube-solver-5][DEBUG] Solving cube (l0 = natural_join3(), l1 = natural_join3(), l2 = intersect())
[     6.061][cube-solver-15][DEBUG] Solving cube (l0 = natural_join3(), l1 = natural_join3(), l2 = semi_join())
[     6.061][cube-solver-5][DEBUG] Solving cube (l0 = natural_join3(), l1 = natural_join3(), l2 = cross_join([1]))
[     6.063][cube-solver-15][DEBUG] Solving cube (l0 = natural_join3(), l1 = natural_join3(), l2 = inner_join())
[     6.063][cube-solver-5][DEBUG] Solving cube (l0 = natural_join3(), l1 = natural_join3(), l2 = natural_join())
[     6.065][cube-solver-5][DEBUG] Solving cube (l0 = natural_join3(), l1 = natural_join3(), l2 = natural_join3())
[     6.065][cube-solver-15][DEBUG] Solving cube (l0 = natural_join3(), l1 = natural_join3(), l2 = natural_join4())
[     6.066][cube-solver-5][DEBUG] Solving cube (l0 = natural_join3(), l1 = natural_join4(), l2 = anti_join())
[     6.068][cube-solver-5][DEBUG] Solving cube (l0 = natural_join3(), l1 = natural_join4(), l2 = union())
[     6.068][cube-solver-15][DEBUG] Solving cube (l0 = natural_join3(), l1 = natural_join4(), l2 = left_join())
[     6.069][cube-solver-5][DEBUG] Solving cube (l0 = natural_join3(), l1 = natural_join4(), l2 = intersect())
[     6.070][cube-solver-15][DEBUG] Solving cube (l0 = natural_join3(), l1 = natural_join4(), l2 = semi_join())
[     6.070][cube-solver-5][DEBUG] Solving cube (l0 = natural_join3(), l1 = natural_join4(), l2 = cross_join([1]))
[     6.072][cube-solver-15][DEBUG] Solving cube (l0 = natural_join3(), l1 = natural_join4(), l2 = inner_join())
[     6.072][cube-solver-5][DEBUG] Solving cube (l0 = natural_join3(), l1 = natural_join4(), l2 = natural_join())
[     6.074][cube-solver-5][DEBUG] Solving cube (l0 = natural_join3(), l1 = natural_join4(), l2 = natural_join3())
[     6.074][cube-solver-15][DEBUG] Solving cube (l0 = natural_join3(), l1 = natural_join4(), l2 = natural_join4())
[     6.075][cube-solver-5][DEBUG] Solving cube (l0 = natural_join4(), l1 = anti_join(), l2 = natural_join())
[     6.076][cube-solver-5][DEBUG] Solving cube (l0 = natural_join4(), l1 = anti_join(), l2 = natural_join4())
[     6.077][cube-solver-15][DEBUG] Solving cube (l0 = natural_join4(), l1 = anti_join(), l2 = natural_join3())
[     6.078][cube-solver-5][DEBUG] Solving cube (l0 = natural_join4(), l1 = anti_join(), l2 = anti_join())
[     6.079][cube-solver-15][DEBUG] Solving cube (l0 = natural_join4(), l1 = anti_join(), l2 = left_join())
[     6.079][cube-solver-5][DEBUG] Solving cube (l0 = natural_join4(), l1 = anti_join(), l2 = union())
[     6.081][cube-solver-5][DEBUG] Solving cube (l0 = natural_join4(), l1 = anti_join(), l2 = intersect())
[     6.081][cube-solver-15][DEBUG] Solving cube (l0 = natural_join4(), l1 = anti_join(), l2 = semi_join())
[     6.082][cube-solver-5][DEBUG] Solving cube (l0 = natural_join4(), l1 = anti_join(), l2 = cross_join([1]))
[     6.083][cube-solver-15][DEBUG] Solving cube (l0 = natural_join4(), l1 = anti_join(), l2 = inner_join())
[     6.084][cube-solver-5][DEBUG] Solving cube (l0 = natural_join4(), l1 = left_join(), l2 = natural_join())
[     6.085][cube-solver-5][DEBUG] Solving cube (l0 = natural_join4(), l1 = left_join(), l2 = natural_join3())
[     6.086][cube-solver-15][DEBUG] Solving cube (l0 = natural_join4(), l1 = left_join(), l2 = natural_join4())
[     6.087][cube-solver-5][DEBUG] Solving cube (l0 = natural_join4(), l1 = left_join(), l2 = anti_join())
[     6.088][cube-solver-15][DEBUG] Solving cube (l0 = natural_join4(), l1 = left_join(), l2 = left_join())
[     6.088][cube-solver-5][DEBUG] Solving cube (l0 = natural_join4(), l1 = left_join(), l2 = union())
[     6.089][cube-solver-5][DEBUG] Solving cube (l0 = natural_join4(), l1 = left_join(), l2 = intersect())
[     6.090][cube-solver-15][DEBUG] Solving cube (l0 = natural_join4(), l1 = left_join(), l2 = semi_join())
[     6.091][cube-solver-5][DEBUG] Solving cube (l0 = natural_join4(), l1 = left_join(), l2 = cross_join([1]))
[     6.092][cube-solver-15][DEBUG] Solving cube (l0 = natural_join4(), l1 = left_join(), l2 = inner_join())
[     6.093][cube-solver-5][DEBUG] Solving cube (l0 = natural_join4(), l1 = union(), l2 = natural_join())
[     6.094][cube-solver-5][DEBUG] Solving cube (l0 = natural_join4(), l1 = union(), l2 = natural_join3())
[     6.095][cube-solver-15][DEBUG] Solving cube (l0 = natural_join4(), l1 = union(), l2 = natural_join4())
[     6.095][cube-solver-5][DEBUG] Solving cube (l0 = natural_join4(), l1 = union(), l2 = anti_join())
[     6.097][cube-solver-5][DEBUG] Solving cube (l0 = natural_join4(), l1 = union(), l2 = union())
[     6.097][cube-solver-15][DEBUG] Solving cube (l0 = natural_join4(), l1 = union(), l2 = left_join())
[     6.098][cube-solver-5][DEBUG] Solving cube (l0 = natural_join4(), l1 = union(), l2 = intersect())
[     6.099][cube-solver-15][DEBUG] Solving cube (l0 = natural_join4(), l1 = union(), l2 = semi_join())
[     6.100][cube-solver-5][DEBUG] Solving cube (l0 = natural_join4(), l1 = union(), l2 = cross_join([1]))
[     6.102][cube-solver-5][DEBUG] Solving cube (l0 = natural_join4(), l1 = intersect(), l2 = natural_join())
[     6.102][cube-solver-15][DEBUG] Solving cube (l0 = natural_join4(), l1 = union(), l2 = inner_join())
[     6.103][cube-solver-5][DEBUG] Solving cube (l0 = natural_join4(), l1 = intersect(), l2 = natural_join3())
[     6.104][cube-solver-15][DEBUG] Solving cube (l0 = natural_join4(), l1 = intersect(), l2 = natural_join4())
[     6.104][cube-solver-5][DEBUG] Solving cube (l0 = natural_join4(), l1 = intersect(), l2 = anti_join())
[     6.106][cube-solver-5][DEBUG] Solving cube (l0 = natural_join4(), l1 = intersect(), l2 = left_join())
[     6.106][cube-solver-15][DEBUG] Solving cube (l0 = natural_join4(), l1 = intersect(), l2 = union())
[     6.107][cube-solver-5][DEBUG] Solving cube (l0 = natural_join4(), l1 = intersect(), l2 = intersect())
[     6.108][cube-solver-15][DEBUG] Solving cube (l0 = natural_join4(), l1 = intersect(), l2 = semi_join())
[     6.109][cube-solver-5][DEBUG] Solving cube (l0 = natural_join4(), l1 = intersect(), l2 = cross_join([1]))
[     6.110][cube-solver-5][DEBUG] Solving cube (l0 = natural_join4(), l1 = intersect(), l2 = inner_join())
[     6.111][cube-solver-15][DEBUG] Solving cube (l0 = natural_join4(), l1 = semi_join(), l2 = natural_join())
[     6.112][cube-solver-5][DEBUG] Solving cube (l0 = natural_join4(), l1 = semi_join(), l2 = natural_join3())
[     6.113][cube-solver-15][DEBUG] Solving cube (l0 = natural_join4(), l1 = semi_join(), l2 = natural_join4())
[     6.113][cube-solver-5][DEBUG] Solving cube (l0 = natural_join4(), l1 = semi_join(), l2 = anti_join())
[     6.115][cube-solver-5][DEBUG] Solving cube (l0 = natural_join4(), l1 = semi_join(), l2 = left_join())
[     6.115][cube-solver-15][DEBUG] Solving cube (l0 = natural_join4(), l1 = semi_join(), l2 = union())
[     6.116][cube-solver-5][DEBUG] Solving cube (l0 = natural_join4(), l1 = semi_join(), l2 = intersect())
[     6.118][cube-solver-5][DEBUG] Solving cube (l0 = natural_join4(), l1 = semi_join(), l2 = cross_join([1]))
[     6.118][cube-solver-15][DEBUG] Solving cube (l0 = natural_join4(), l1 = semi_join(), l2 = semi_join())
[     6.120][cube-solver-5][DEBUG] Solving cube (l0 = natural_join4(), l1 = semi_join(), l2 = inner_join())
[     6.120][cube-solver-15][DEBUG] Solving cube (l0 = natural_join4(), l1 = cross_join([1]), l2 = natural_join())
[     6.121][cube-solver-5][DEBUG] Solving cube (l0 = natural_join4(), l1 = cross_join([1]), l2 = natural_join3())
[     6.123][cube-solver-5][DEBUG] Solving cube (l0 = natural_join4(), l1 = cross_join([1]), l2 = natural_join4())
[     6.123][cube-solver-15][DEBUG] Solving cube (l0 = natural_join4(), l1 = cross_join([1]), l2 = anti_join())
[     6.125][cube-solver-5][DEBUG] Solving cube (l0 = natural_join4(), l1 = cross_join([1]), l2 = left_join())
[     6.127][cube-solver-15][DEBUG] Solving cube (l0 = natural_join4(), l1 = cross_join([1]), l2 = union())
[     6.127][cube-solver-5][DEBUG] Solving cube (l0 = natural_join4(), l1 = cross_join([1]), l2 = intersect())
[     6.129][cube-solver-5][DEBUG] Solving cube (l0 = natural_join4(), l1 = cross_join([1]), l2 = semi_join())
[     6.130][cube-solver-15][DEBUG] Solving cube (l0 = natural_join4(), l1 = cross_join([1]), l2 = cross_join([1]))
[     6.131][cube-solver-5][DEBUG] Solving cube (l0 = natural_join4(), l1 = cross_join([1]), l2 = inner_join())
[     6.133][cube-solver-5][DEBUG] Solving cube (l0 = natural_join4(), l1 = inner_join(), l2 = natural_join())
[     6.134][cube-solver-15][DEBUG] Solving cube (l0 = natural_join4(), l1 = inner_join(), l2 = natural_join3())
[     6.134][cube-solver-5][DEBUG] Solving cube (l0 = natural_join4(), l1 = inner_join(), l2 = natural_join4())
[     6.135][cube-solver-5][DEBUG] Solving cube (l0 = natural_join4(), l1 = inner_join(), l2 = anti_join())
[     6.136][cube-solver-15][DEBUG] Solving cube (l0 = natural_join4(), l1 = inner_join(), l2 = left_join())
[     6.137][cube-solver-5][DEBUG] Solving cube (l0 = natural_join4(), l1 = inner_join(), l2 = union())
[     6.138][cube-solver-15][DEBUG] Solving cube (l0 = natural_join4(), l1 = inner_join(), l2 = intersect())
[     6.138][cube-solver-5][DEBUG] Solving cube (l0 = natural_join4(), l1 = inner_join(), l2 = semi_join())
[     6.140][cube-solver-5][DEBUG] Solving cube (l0 = natural_join4(), l1 = inner_join(), l2 = cross_join([1]))
[     6.140][cube-solver-15][DEBUG] Solving cube (l0 = natural_join4(), l1 = inner_join(), l2 = inner_join())
[     6.141][cube-solver-5][DEBUG] Solving cube (l0 = natural_join4(), l1 = natural_join(), l2 = anti_join())
[     6.142][cube-solver-15][DEBUG] Solving cube (l0 = natural_join4(), l1 = natural_join(), l2 = left_join())
[     6.143][cube-solver-5][DEBUG] Solving cube (l0 = natural_join4(), l1 = natural_join(), l2 = union())
[     6.144][cube-solver-5][DEBUG] Solving cube (l0 = natural_join4(), l1 = natural_join(), l2 = intersect())
[     6.145][cube-solver-15][DEBUG] Solving cube (l0 = natural_join4(), l1 = natural_join(), l2 = semi_join())
[     6.146][cube-solver-5][DEBUG] Solving cube (l0 = natural_join4(), l1 = natural_join(), l2 = cross_join([1]))
[     6.147][cube-solver-15][DEBUG] Solving cube (l0 = natural_join4(), l1 = natural_join(), l2 = inner_join())
[     6.148][cube-solver-5][DEBUG] Solving cube (l0 = natural_join4(), l1 = natural_join(), l2 = natural_join())
[     6.149][cube-solver-5][DEBUG] Solving cube (l0 = natural_join4(), l1 = natural_join(), l2 = natural_join4())
[     6.149][cube-solver-15][DEBUG] Solving cube (l0 = natural_join4(), l1 = natural_join(), l2 = natural_join3())
[     6.150][cube-solver-5][DEBUG] Solving cube (l0 = natural_join4(), l1 = natural_join3(), l2 = anti_join())
[     6.151][cube-solver-15][DEBUG] Solving cube (l0 = natural_join4(), l1 = natural_join3(), l2 = left_join())
[     6.152][cube-solver-5][DEBUG] Solving cube (l0 = natural_join4(), l1 = natural_join3(), l2 = union())
[     6.153][cube-solver-5][DEBUG] Solving cube (l0 = natural_join4(), l1 = natural_join3(), l2 = intersect())
[     6.153][cube-solver-15][DEBUG] Solving cube (l0 = natural_join4(), l1 = natural_join3(), l2 = semi_join())
[     6.154][cube-solver-5][DEBUG] Solving cube (l0 = natural_join4(), l1 = natural_join3(), l2 = cross_join([1]))
[     6.156][cube-solver-15][DEBUG] Solving cube (l0 = natural_join4(), l1 = natural_join3(), l2 = inner_join())
[     6.156][cube-solver-5][DEBUG] Solving cube (l0 = natural_join4(), l1 = natural_join3(), l2 = natural_join())
[     6.158][cube-solver-5][DEBUG] Solving cube (l0 = natural_join4(), l1 = natural_join3(), l2 = natural_join3())
[     6.158][cube-solver-15][DEBUG] Solving cube (l0 = natural_join4(), l1 = natural_join3(), l2 = natural_join4())
[     6.159][cube-solver-5][DEBUG] Solving cube (l0 = natural_join4(), l1 = natural_join4(), l2 = anti_join())
[     6.160][cube-solver-15][DEBUG] Solving cube (l0 = natural_join4(), l1 = natural_join4(), l2 = left_join())
[     6.161][cube-solver-5][DEBUG] Solving cube (l0 = natural_join4(), l1 = natural_join4(), l2 = union())
[     6.162][cube-solver-5][DEBUG] Solving cube (l0 = natural_join4(), l1 = natural_join4(), l2 = intersect())
[     6.162][cube-solver-15][DEBUG] Solving cube (l0 = natural_join4(), l1 = natural_join4(), l2 = semi_join())
[     6.163][cube-solver-5][DEBUG] Solving cube (l0 = natural_join4(), l1 = natural_join4(), l2 = cross_join([1]))
[     6.165][cube-solver-15][DEBUG] Solving cube (l0 = natural_join4(), l1 = natural_join4(), l2 = inner_join())
[     6.165][cube-solver-5][DEBUG] Solving cube (l0 = natural_join4(), l1 = natural_join4(), l2 = natural_join())
[     6.167][cube-solver-5][DEBUG] Solving cube (l0 = natural_join4(), l1 = natural_join4(), l2 = natural_join3())
[     6.167][cube-solver-15][DEBUG] Solving cube (l0 = natural_join4(), l1 = natural_join4(), l2 = natural_join4())
[     6.168][cube-solver-5][DEBUG] Solving cube (l0 = anti_join(), l1 = natural_join(), l2 = anti_join())
[     6.169][cube-solver-15][DEBUG] Solving cube (l0 = anti_join(), l1 = natural_join(), l2 = left_join())
[     6.170][cube-solver-5][DEBUG] Solving cube (l0 = anti_join(), l1 = natural_join(), l2 = union())
[     6.171][cube-solver-5][DEBUG] Solving cube (l0 = anti_join(), l1 = natural_join(), l2 = intersect())
[     6.172][cube-solver-15][DEBUG] Solving cube (l0 = anti_join(), l1 = natural_join(), l2 = semi_join())
[     6.172][cube-solver-5][DEBUG] Solving cube (l0 = anti_join(), l1 = natural_join(), l2 = cross_join([1]))
[     6.174][cube-solver-15][DEBUG] Solving cube (l0 = anti_join(), l1 = natural_join(), l2 = inner_join())
[     6.174][cube-solver-5][DEBUG] Solving cube (l0 = anti_join(), l1 = natural_join(), l2 = natural_join())
[     6.176][cube-solver-5][DEBUG] Solving cube (l0 = anti_join(), l1 = natural_join(), l2 = natural_join3())
[     6.176][cube-solver-15][DEBUG] Solving cube (l0 = anti_join(), l1 = natural_join(), l2 = natural_join4())
[     6.177][cube-solver-5][DEBUG] Solving cube (l0 = anti_join(), l1 = natural_join3(), l2 = anti_join())
[     6.178][cube-solver-15][DEBUG] Solving cube (l0 = anti_join(), l1 = natural_join3(), l2 = left_join())
[     6.179][cube-solver-5][DEBUG] Solving cube (l0 = anti_join(), l1 = natural_join3(), l2 = union())
[     6.180][cube-solver-5][DEBUG] Solving cube (l0 = anti_join(), l1 = natural_join3(), l2 = intersect())
[     6.181][cube-solver-15][DEBUG] Solving cube (l0 = anti_join(), l1 = natural_join3(), l2 = semi_join())
[     6.181][cube-solver-5][DEBUG] Solving cube (l0 = anti_join(), l1 = natural_join3(), l2 = cross_join([1]))
[     6.183][cube-solver-15][DEBUG] Solving cube (l0 = anti_join(), l1 = natural_join3(), l2 = inner_join())
[     6.183][cube-solver-5][DEBUG] Solving cube (l0 = anti_join(), l1 = natural_join3(), l2 = natural_join())
[     6.185][cube-solver-5][DEBUG] Solving cube (l0 = anti_join(), l1 = natural_join3(), l2 = natural_join3())
[     6.185][cube-solver-15][DEBUG] Solving cube (l0 = anti_join(), l1 = natural_join3(), l2 = natural_join4())
[     6.186][cube-solver-5][DEBUG] Solving cube (l0 = anti_join(), l1 = natural_join4(), l2 = anti_join())
[     6.187][cube-solver-15][DEBUG] Solving cube (l0 = anti_join(), l1 = natural_join4(), l2 = left_join())
[     6.187][cube-solver-5][DEBUG] Solving cube (l0 = anti_join(), l1 = natural_join4(), l2 = union())
[     6.189][cube-solver-5][DEBUG] Solving cube (l0 = anti_join(), l1 = natural_join4(), l2 = intersect())
[     6.190][cube-solver-15][DEBUG] Solving cube (l0 = anti_join(), l1 = natural_join4(), l2 = semi_join())
[     6.190][cube-solver-5][DEBUG] Solving cube (l0 = anti_join(), l1 = natural_join4(), l2 = cross_join([1]))
[     6.192][cube-solver-15][DEBUG] Solving cube (l0 = anti_join(), l1 = natural_join4(), l2 = inner_join())
[     6.192][cube-solver-5][DEBUG] Solving cube (l0 = anti_join(), l1 = natural_join4(), l2 = natural_join())
[     6.193][cube-solver-15][DEBUG] Solving cube (l0 = anti_join(), l1 = natural_join4(), l2 = natural_join3())
[     6.194][cube-solver-5][DEBUG] Solving cube (l0 = anti_join(), l1 = natural_join4(), l2 = natural_join4())
[     6.195][cube-solver-15][DEBUG] Solving cube (l0 = anti_join(), l1 = anti_join(), l2 = natural_join())
[     6.195][cube-solver-5][DEBUG] Solving cube (l0 = anti_join(), l1 = anti_join(), l2 = natural_join3())
[     6.196][cube-solver-15][DEBUG] Solving cube (l0 = anti_join(), l1 = anti_join(), l2 = natural_join4())
[     6.196][cube-solver-5][DEBUG] Solving cube (l0 = anti_join(), l1 = anti_join(), l2 = anti_join())
[     6.198][cube-solver-5][DEBUG] Solving cube (l0 = anti_join(), l1 = anti_join(), l2 = left_join())
[     6.198][cube-solver-15][DEBUG] Solving cube (l0 = anti_join(), l1 = anti_join(), l2 = union())
[     6.199][cube-solver-5][DEBUG] Solving cube (l0 = anti_join(), l1 = anti_join(), l2 = intersect())
[     6.199][cube-solver-15][DEBUG] Solving cube (l0 = anti_join(), l1 = anti_join(), l2 = semi_join())
[     6.201][cube-solver-5][DEBUG] Solving cube (l0 = anti_join(), l1 = anti_join(), l2 = cross_join([1]))
[     6.201][cube-solver-15][DEBUG] Solving cube (l0 = anti_join(), l1 = anti_join(), l2 = inner_join())
[     6.202][cube-solver-15][DEBUG] Solving cube (l0 = anti_join(), l1 = left_join(), l2 = natural_join())
[     6.203][cube-solver-5][DEBUG] Solving cube (l0 = anti_join(), l1 = left_join(), l2 = natural_join3())
[     6.204][cube-solver-15][DEBUG] Solving cube (l0 = anti_join(), l1 = left_join(), l2 = natural_join4())
[     6.204][cube-solver-5][DEBUG] Solving cube (l0 = anti_join(), l1 = left_join(), l2 = anti_join())
[     6.205][cube-solver-15][DEBUG] Solving cube (l0 = anti_join(), l1 = left_join(), l2 = left_join())
[     6.205][cube-solver-5][DEBUG] Solving cube (l0 = anti_join(), l1 = left_join(), l2 = union())
[     6.207][cube-solver-15][DEBUG] Solving cube (l0 = anti_join(), l1 = left_join(), l2 = intersect())
[     6.207][cube-solver-5][DEBUG] Solving cube (l0 = anti_join(), l1 = left_join(), l2 = semi_join())
[     6.208][cube-solver-15][DEBUG] Solving cube (l0 = anti_join(), l1 = left_join(), l2 = cross_join([1]))
[     6.208][cube-solver-5][DEBUG] Solving cube (l0 = anti_join(), l1 = left_join(), l2 = inner_join())
[     6.210][cube-solver-5][DEBUG] Solving cube (l0 = anti_join(), l1 = union(), l2 = natural_join())
[     6.210][cube-solver-15][DEBUG] Solving cube (l0 = anti_join(), l1 = union(), l2 = natural_join3())
[     6.211][cube-solver-5][DEBUG] Solving cube (l0 = anti_join(), l1 = union(), l2 = natural_join4())
[     6.211][cube-solver-15][DEBUG] Solving cube (l0 = anti_join(), l1 = union(), l2 = anti_join())
[     6.212][cube-solver-5][DEBUG] Solving cube (l0 = anti_join(), l1 = union(), l2 = left_join())
[     6.213][cube-solver-15][DEBUG] Solving cube (l0 = anti_join(), l1 = union(), l2 = union())
[     6.214][cube-solver-5][DEBUG] Solving cube (l0 = anti_join(), l1 = union(), l2 = intersect())
[     6.214][cube-solver-15][DEBUG] Solving cube (l0 = anti_join(), l1 = union(), l2 = semi_join())
[     6.215][cube-solver-5][DEBUG] Solving cube (l0 = anti_join(), l1 = union(), l2 = cross_join([1]))
[     6.216][cube-solver-15][DEBUG] Solving cube (l0 = anti_join(), l1 = union(), l2 = inner_join())
[     6.217][cube-solver-5][DEBUG] Solving cube (l0 = anti_join(), l1 = intersect(), l2 = natural_join())
[     6.217][cube-solver-15][DEBUG] Solving cube (l0 = anti_join(), l1 = intersect(), l2 = natural_join3())
[     6.219][cube-solver-5][DEBUG] Solving cube (l0 = anti_join(), l1 = intersect(), l2 = natural_join4())
[     6.219][cube-solver-15][DEBUG] Solving cube (l0 = anti_join(), l1 = intersect(), l2 = anti_join())
[     6.220][cube-solver-5][DEBUG] Solving cube (l0 = anti_join(), l1 = intersect(), l2 = left_join())
[     6.220][cube-solver-15][DEBUG] Solving cube (l0 = anti_join(), l1 = intersect(), l2 = union())
[     6.221][cube-solver-5][DEBUG] Solving cube (l0 = anti_join(), l1 = intersect(), l2 = intersect())
[     6.222][cube-solver-15][DEBUG] Solving cube (l0 = anti_join(), l1 = intersect(), l2 = semi_join())
[     6.223][cube-solver-5][DEBUG] Solving cube (l0 = anti_join(), l1 = intersect(), l2 = cross_join([1]))
[     6.223][cube-solver-15][DEBUG] Solving cube (l0 = anti_join(), l1 = intersect(), l2 = inner_join())
[     6.225][cube-solver-15][DEBUG] Solving cube (l0 = anti_join(), l1 = semi_join(), l2 = natural_join())
[     6.225][cube-solver-5][DEBUG] Solving cube (l0 = anti_join(), l1 = semi_join(), l2 = natural_join3())
[     6.226][cube-solver-15][DEBUG] Solving cube (l0 = anti_join(), l1 = semi_join(), l2 = natural_join4())
[     6.226][cube-solver-5][DEBUG] Solving cube (l0 = anti_join(), l1 = semi_join(), l2 = anti_join())
[     6.228][cube-solver-15][DEBUG] Solving cube (l0 = anti_join(), l1 = semi_join(), l2 = left_join())
[     6.228][cube-solver-5][DEBUG] Solving cube (l0 = anti_join(), l1 = semi_join(), l2 = union())
[     6.229][cube-solver-15][DEBUG] Solving cube (l0 = anti_join(), l1 = semi_join(), l2 = intersect())
[     6.229][cube-solver-5][DEBUG] Solving cube (l0 = anti_join(), l1 = semi_join(), l2 = semi_join())
[     6.230][cube-solver-15][DEBUG] Solving cube (l0 = anti_join(), l1 = semi_join(), l2 = cross_join([1]))
[     6.231][cube-solver-5][DEBUG] Solving cube (l0 = anti_join(), l1 = semi_join(), l2 = inner_join())
[     6.232][cube-solver-5][DEBUG] Solving cube (l0 = anti_join(), l1 = cross_join([1]), l2 = natural_join())
[     6.232][cube-solver-15][DEBUG] Solving cube (l0 = anti_join(), l1 = cross_join([1]), l2 = natural_join3())
[     6.234][cube-solver-5][DEBUG] Solving cube (l0 = anti_join(), l1 = cross_join([1]), l2 = natural_join4())
[     6.234][cube-solver-15][DEBUG] Solving cube (l0 = anti_join(), l1 = cross_join([1]), l2 = anti_join())
[     6.236][cube-solver-5][DEBUG] Solving cube (l0 = anti_join(), l1 = cross_join([1]), l2 = left_join())
[     6.236][cube-solver-15][DEBUG] Solving cube (l0 = anti_join(), l1 = cross_join([1]), l2 = union())
[     6.238][cube-solver-5][DEBUG] Solving cube (l0 = anti_join(), l1 = cross_join([1]), l2 = intersect())
[     6.238][cube-solver-15][DEBUG] Solving cube (l0 = anti_join(), l1 = cross_join([1]), l2 = semi_join())
[     6.240][cube-solver-5][DEBUG] Solving cube (l0 = anti_join(), l1 = cross_join([1]), l2 = cross_join([1]))
[     6.240][cube-solver-15][DEBUG] Solving cube (l0 = anti_join(), l1 = cross_join([1]), l2 = inner_join())
[     6.242][cube-solver-5][DEBUG] Solving cube (l0 = anti_join(), l1 = inner_join(), l2 = natural_join())
[     6.242][cube-solver-15][DEBUG] Solving cube (l0 = anti_join(), l1 = inner_join(), l2 = natural_join3())
[     6.244][cube-solver-5][DEBUG] Solving cube (l0 = anti_join(), l1 = inner_join(), l2 = natural_join4())
[     6.244][cube-solver-15][DEBUG] Solving cube (l0 = anti_join(), l1 = inner_join(), l2 = anti_join())
[     6.245][cube-solver-5][DEBUG] Solving cube (l0 = anti_join(), l1 = inner_join(), l2 = left_join())
[     6.245][cube-solver-15][DEBUG] Solving cube (l0 = anti_join(), l1 = inner_join(), l2 = union())
[     6.246][cube-solver-5][DEBUG] Solving cube (l0 = anti_join(), l1 = inner_join(), l2 = intersect())
[     6.247][cube-solver-15][DEBUG] Solving cube (l0 = anti_join(), l1 = inner_join(), l2 = semi_join())
[     6.248][cube-solver-5][DEBUG] Solving cube (l0 = anti_join(), l1 = inner_join(), l2 = cross_join([1]))
[     6.248][cube-solver-15][DEBUG] Solving cube (l0 = anti_join(), l1 = inner_join(), l2 = inner_join())
[     6.250][cube-solver-15][DEBUG] Solving cube (l0 = left_join(), l1 = natural_join(), l2 = anti_join())
[     6.250][cube-solver-5][DEBUG] Solving cube (l0 = left_join(), l1 = natural_join(), l2 = left_join())
[     6.251][cube-solver-15][DEBUG] Solving cube (l0 = left_join(), l1 = natural_join(), l2 = union())
[     6.380][cube-solver-6][DEBUG] Initialising process for 3 lines of code.
[     6.501][cube-solver-7][DEBUG] Initialising process for 3 lines of code.
[     6.629][cube-solver-6][DEBUG] Solving cube (l0 = left_join(), l1 = natural_join(), l2 = intersect())
[     6.756][cube-solver-7][DEBUG] Solving cube (l0 = left_join(), l1 = natural_join(), l2 = semi_join())
[     7.318][cube-solver-6][DEBUG] Solving cube (l0 = left_join(), l1 = natural_join(), l2 = cross_join([1]))
[     7.390][cube-solver-15][DEBUG] Solving cube (l0 = left_join(), l1 = natural_join(), l2 = inner_join())
[     7.407][cube-solver-5][DEBUG] Solving cube (l0 = left_join(), l1 = natural_join(), l2 = natural_join())
[     7.472][cube-solver-6][DEBUG] Solving cube (l0 = left_join(), l1 = natural_join(), l2 = natural_join3())
[     7.474][cube-solver-6][DEBUG] Solving cube (l0 = left_join(), l1 = natural_join(), l2 = natural_join4())
[     7.476][cube-solver-6][DEBUG] Solving cube (l0 = left_join(), l1 = natural_join3(), l2 = anti_join())
[     7.478][cube-solver-6][DEBUG] Solving cube (l0 = left_join(), l1 = natural_join3(), l2 = left_join())
[     7.479][cube-solver-6][DEBUG] Solving cube (l0 = left_join(), l1 = natural_join3(), l2 = union())
[     7.481][cube-solver-6][DEBUG] Solving cube (l0 = left_join(), l1 = natural_join3(), l2 = intersect())
[     7.483][cube-solver-6][DEBUG] Solving cube (l0 = left_join(), l1 = natural_join3(), l2 = semi_join())
[     7.484][cube-solver-6][DEBUG] Solving cube (l0 = left_join(), l1 = natural_join3(), l2 = cross_join([1]))
[     7.486][cube-solver-6][DEBUG] Solving cube (l0 = left_join(), l1 = natural_join3(), l2 = inner_join())
[     7.488][cube-solver-6][DEBUG] Solving cube (l0 = left_join(), l1 = natural_join3(), l2 = natural_join())
[     7.489][cube-solver-6][DEBUG] Solving cube (l0 = left_join(), l1 = natural_join3(), l2 = natural_join3())
[     7.491][cube-solver-6][DEBUG] Solving cube (l0 = left_join(), l1 = natural_join3(), l2 = natural_join4())
[     7.492][cube-solver-6][DEBUG] Solving cube (l0 = left_join(), l1 = natural_join4(), l2 = anti_join())
[     7.494][cube-solver-6][DEBUG] Solving cube (l0 = left_join(), l1 = natural_join4(), l2 = left_join())
[     7.495][cube-solver-6][DEBUG] Solving cube (l0 = left_join(), l1 = natural_join4(), l2 = union())
[     7.497][cube-solver-6][DEBUG] Solving cube (l0 = left_join(), l1 = natural_join4(), l2 = intersect())
[     7.498][cube-solver-6][DEBUG] Solving cube (l0 = left_join(), l1 = natural_join4(), l2 = semi_join())
[     7.500][cube-solver-6][DEBUG] Solving cube (l0 = left_join(), l1 = natural_join4(), l2 = cross_join([1]))
[     7.502][cube-solver-6][DEBUG] Solving cube (l0 = left_join(), l1 = natural_join4(), l2 = inner_join())
[     7.503][cube-solver-6][DEBUG] Solving cube (l0 = left_join(), l1 = natural_join4(), l2 = natural_join())
[     7.505][cube-solver-6][DEBUG] Solving cube (l0 = left_join(), l1 = natural_join4(), l2 = natural_join3())
[     7.506][cube-solver-6][DEBUG] Solving cube (l0 = left_join(), l1 = natural_join4(), l2 = natural_join4())
[     7.507][cube-solver-6][DEBUG] Solving cube (l0 = left_join(), l1 = anti_join(), l2 = natural_join())
[     7.909][cube-solver-7][DEBUG] Solving cube (l0 = left_join(), l1 = anti_join(), l2 = natural_join3())
[     7.911][cube-solver-7][DEBUG] Solving cube (l0 = left_join(), l1 = anti_join(), l2 = natural_join4())
[     7.913][cube-solver-7][DEBUG] Solving cube (l0 = left_join(), l1 = anti_join(), l2 = anti_join())
[     7.914][cube-solver-7][DEBUG] Solving cube (l0 = left_join(), l1 = anti_join(), l2 = left_join())
[     8.348][cube-solver-5][DEBUG] Solving cube (l0 = left_join(), l1 = anti_join(), l2 = union())
[    12.521][cube-solver-4][DEBUG] Initialising process for 3 lines of code.
[    12.775][cube-solver-4][DEBUG] Solving cube (l0 = left_join(), l1 = anti_join(), l2 = intersect())
[    13.787][cube-solver-6][DEBUG] Solving cube (l0 = left_join(), l1 = anti_join(), l2 = semi_join())
[    15.574][cube-solver-7][DEBUG] Solving cube (l0 = left_join(), l1 = anti_join(), l2 = cross_join([1]))
[    15.661][cube-solver-8][DEBUG] Initialising process for 3 lines of code.
[    15.933][cube-solver-8][DEBUG] Solving cube (l0 = left_join(), l1 = anti_join(), l2 = inner_join())
[    16.233][cube-solver-5][DEBUG] Solving cube (l0 = left_join(), l1 = left_join(), l2 = natural_join())
[    16.550][cube-solver-7][DEBUG] Solving cube (l0 = left_join(), l1 = left_join(), l2 = natural_join3())
[    17.700][cube-solver-5][DEBUG] Solving cube (l0 = left_join(), l1 = left_join(), l2 = natural_join4())
[    17.702][cube-solver-5][DEBUG] Solving cube (l0 = left_join(), l1 = left_join(), l2 = anti_join())
[    17.813][cube-solver-4][DEBUG] Solving cube (l0 = left_join(), l1 = left_join(), l2 = left_join())
[    19.179][cube-solver-7][DEBUG] Solving cube (l0 = left_join(), l1 = left_join(), l2 = union())
[    19.647][cube-solver-4][DEBUG] Solving cube (l0 = left_join(), l1 = left_join(), l2 = intersect())
[    20.797][cube-solver-4][DEBUG] Solving cube (l0 = left_join(), l1 = left_join(), l2 = semi_join())
[    20.960][cube-solver-7][DEBUG] Solving cube (l0 = left_join(), l1 = left_join(), l2 = cross_join([1]))
[    21.219][cube-solver-7][DEBUG] Solving cube (l0 = left_join(), l1 = left_join(), l2 = inner_join())
[    21.524][cube-solver-6][DEBUG] Solving cube (l0 = left_join(), l1 = union(), l2 = natural_join())
[    22.677][cube-solver-4][DEBUG] Solving cube (l0 = left_join(), l1 = union(), l2 = natural_join3())
[    23.026][cube-solver-6][DEBUG] Solving cube (l0 = left_join(), l1 = union(), l2 = natural_join4())
[    23.029][cube-solver-6][DEBUG] Solving cube (l0 = left_join(), l1 = union(), l2 = anti_join())
[    25.420][cube-solver-4][DEBUG] Solving cube (l0 = left_join(), l1 = union(), l2 = left_join())
[    27.256][cube-solver-4][DEBUG] Solving cube (l0 = left_join(), l1 = union(), l2 = union())
[    28.301][cube-solver-5][DEBUG] Solving cube (l0 = left_join(), l1 = union(), l2 = intersect())
[    29.113][cube-solver-4][DEBUG] Solving cube (l0 = left_join(), l1 = union(), l2 = semi_join())
[    29.676][cube-solver-5][DEBUG] Solving cube (l0 = left_join(), l1 = union(), l2 = cross_join([1]))
[    29.917][cube-solver-5][DEBUG] Solving cube (l0 = left_join(), l1 = union(), l2 = inner_join())
[    30.334][cube-solver-9][DEBUG] Initialising process for 3 lines of code.
[    30.696][cube-solver-9][DEBUG] Solving cube (l0 = left_join(), l1 = intersect(), l2 = natural_join())
[    31.033][cube-solver-4][DEBUG] Solving cube (l0 = left_join(), l1 = intersect(), l2 = natural_join3())
[    33.596][cube-solver-6][DEBUG] Solving cube (l0 = left_join(), l1 = intersect(), l2 = natural_join4())
[    33.598][cube-solver-6][DEBUG] Solving cube (l0 = left_join(), l1 = intersect(), l2 = anti_join())
[    35.579][cube-solver-9][DEBUG] Solving cube (l0 = left_join(), l1 = intersect(), l2 = left_join())
[    39.572][cube-solver-4][DEBUG] Solving cube (l0 = left_join(), l1 = intersect(), l2 = union())
[    40.638][cube-solver-9][DEBUG] Solving cube (l0 = left_join(), l1 = intersect(), l2 = intersect())
[    44.046][cube-solver-6][DEBUG] Solving cube (l0 = left_join(), l1 = intersect(), l2 = semi_join())
[    44.528][cube-solver-4][DEBUG] Solving cube (l0 = left_join(), l1 = intersect(), l2 = cross_join([1]))
[    45.242][cube-solver-9][DEBUG] Solving cube (l0 = left_join(), l1 = intersect(), l2 = inner_join())
[    45.578][cube-solver-4][DEBUG] Solving cube (l0 = left_join(), l1 = semi_join(), l2 = natural_join())
[    47.079][cube-solver-4][DEBUG] Solving cube (l0 = left_join(), l1 = semi_join(), l2 = natural_join3())
[    47.161][cube-solver-6][DEBUG] Solving cube (l0 = left_join(), l1 = semi_join(), l2 = natural_join4())
[    47.163][cube-solver-6][DEBUG] Solving cube (l0 = left_join(), l1 = semi_join(), l2 = anti_join())
[    49.777][cube-solver-4][DEBUG] Solving cube (l0 = left_join(), l1 = semi_join(), l2 = left_join())
[    51.649][cube-solver-4][DEBUG] Solving cube (l0 = left_join(), l1 = semi_join(), l2 = union())
[    53.526][cube-solver-4][DEBUG] Solving cube (l0 = left_join(), l1 = semi_join(), l2 = intersect())
[    54.651][cube-solver-4][DEBUG] Solving cube (l0 = left_join(), l1 = semi_join(), l2 = semi_join())
[    56.519][cube-solver-4][DEBUG] Solving cube (l0 = left_join(), l1 = semi_join(), l2 = cross_join([1]))
[    56.771][cube-solver-4][DEBUG] Solving cube (l0 = left_join(), l1 = semi_join(), l2 = inner_join())
[    57.864][cube-solver-6][DEBUG] Solving cube (l0 = left_join(), l1 = cross_join([1]), l2 = natural_join())
[    58.011][cube-solver-6][DEBUG] Solving cube (l0 = left_join(), l1 = cross_join([1]), l2 = natural_join3())
[    58.245][cube-solver-14][DEBUG] Initialising process for 3 lines of code.
[    58.248][cube-solver-6][DEBUG] Solving cube (l0 = left_join(), l1 = cross_join([1]), l2 = anti_join())
[    58.499][cube-solver-14][DEBUG] Solving cube (l0 = left_join(), l1 = cross_join([1]), l2 = natural_join4())
[    58.503][cube-solver-14][DEBUG] Solving cube (l0 = left_join(), l1 = cross_join([1]), l2 = left_join())
[    58.691][cube-solver-14][DEBUG] Solving cube (l0 = left_join(), l1 = cross_join([1]), l2 = union())
[    58.874][cube-solver-14][DEBUG] Solving cube (l0 = left_join(), l1 = cross_join([1]), l2 = intersect())
[    59.278][cube-solver-6][DEBUG] Solving cube (l0 = left_join(), l1 = cross_join([1]), l2 = semi_join())
[    59.425][cube-solver-14][DEBUG] Solving cube (l0 = left_join(), l1 = cross_join([1]), l2 = cross_join([1]))
[    59.459][cube-solver-6][DEBUG] Solving cube (l0 = left_join(), l1 = cross_join([1]), l2 = inner_join())
[    59.613][cube-solver-14][DEBUG] Solving cube (l0 = left_join(), l1 = inner_join(), l2 = natural_join())
[    63.383][cube-solver-2][DEBUG] Initialising process for 3 lines of code.
[    63.656][cube-solver-2][DEBUG] Solving cube (l0 = left_join(), l1 = inner_join(), l2 = natural_join3())
[    67.760][cube-solver-6][DEBUG] Solving cube (l0 = left_join(), l1 = inner_join(), l2 = natural_join4())
[    67.762][cube-solver-6][DEBUG] Solving cube (l0 = left_join(), l1 = inner_join(), l2 = anti_join())
[    83.452][cube-solver-1][DEBUG] Initialising process for 3 lines of code.
[    83.702][cube-solver-1][DEBUG] Solving cube (l0 = left_join(), l1 = inner_join(), l2 = left_join())
[    84.494][cube-solver-3][DEBUG] Initialising process for 3 lines of code.
[    84.631][cube-solver-12][DEBUG] Initialising process for 3 lines of code.
[    84.653][cube-solver-10][DEBUG] Initialising process for 3 lines of code.
[    84.747][cube-solver-3][DEBUG] Solving cube (l0 = left_join(), l1 = inner_join(), l2 = union())
[    84.894][cube-solver-12][DEBUG] Solving cube (l0 = left_join(), l1 = inner_join(), l2 = intersect())
[    84.907][cube-solver-10][DEBUG] Solving cube (l0 = left_join(), l1 = inner_join(), l2 = semi_join())
[    85.462][cube-solver-11][DEBUG] Initialising process for 3 lines of code.
[    85.713][cube-solver-11][DEBUG] Solving cube (l0 = left_join(), l1 = inner_join(), l2 = cross_join([1]))
[    97.345][cube-solver-11][DEBUG] Solving cube (l0 = left_join(), l1 = inner_join(), l2 = inner_join())
[   124.309][cube-solver-9][DEBUG] Solving cube (l0 = union(), l1 = natural_join(), l2 = anti_join())
[   124.311][cube-solver-9][DEBUG] Solving cube (l0 = union(), l1 = natural_join(), l2 = left_join())
[   125.367][cube-solver-9][DEBUG] Solving cube (l0 = union(), l1 = natural_join(), l2 = union())
[   126.409][cube-solver-9][DEBUG] Solving cube (l0 = union(), l1 = natural_join(), l2 = intersect())
[   127.113][cube-solver-9][DEBUG] Solving cube (l0 = union(), l1 = natural_join(), l2 = semi_join())
[   128.186][cube-solver-9][DEBUG] Solving cube (l0 = union(), l1 = natural_join(), l2 = cross_join([1]))
[   128.388][cube-solver-9][DEBUG] Solving cube (l0 = union(), l1 = natural_join(), l2 = inner_join())
[   143.250][cube-solver-12][DEBUG] Solving cube (l0 = union(), l1 = natural_join(), l2 = natural_join())
[   144.131][cube-solver-12][DEBUG] Solving cube (l0 = union(), l1 = natural_join(), l2 = natural_join3())
[   144.133][cube-solver-12][DEBUG] Solving cube (l0 = union(), l1 = natural_join(), l2 = natural_join4())
[   144.135][cube-solver-12][DEBUG] Solving cube (l0 = union(), l1 = natural_join3(), l2 = anti_join())
[   144.139][cube-solver-12][DEBUG] Solving cube (l0 = union(), l1 = natural_join3(), l2 = left_join())
[   144.141][cube-solver-12][DEBUG] Solving cube (l0 = union(), l1 = natural_join3(), l2 = union())
[   144.144][cube-solver-12][DEBUG] Solving cube (l0 = union(), l1 = natural_join3(), l2 = intersect())
[   144.147][cube-solver-12][DEBUG] Solving cube (l0 = union(), l1 = natural_join3(), l2 = semi_join())
[   144.150][cube-solver-12][DEBUG] Solving cube (l0 = union(), l1 = natural_join3(), l2 = cross_join([1]))
[   144.154][cube-solver-12][DEBUG] Solving cube (l0 = union(), l1 = natural_join3(), l2 = inner_join())
[   144.157][cube-solver-12][DEBUG] Solving cube (l0 = union(), l1 = natural_join3(), l2 = natural_join())
[   144.159][cube-solver-12][DEBUG] Solving cube (l0 = union(), l1 = natural_join3(), l2 = natural_join3())
[   144.162][cube-solver-12][DEBUG] Solving cube (l0 = union(), l1 = natural_join3(), l2 = natural_join4())
[   144.164][cube-solver-12][DEBUG] Solving cube (l0 = union(), l1 = natural_join4(), l2 = anti_join())
[   144.167][cube-solver-12][DEBUG] Solving cube (l0 = union(), l1 = natural_join4(), l2 = left_join())
[   144.170][cube-solver-12][DEBUG] Solving cube (l0 = union(), l1 = natural_join4(), l2 = union())
[   144.172][cube-solver-12][DEBUG] Solving cube (l0 = union(), l1 = natural_join4(), l2 = intersect())
[   144.175][cube-solver-12][DEBUG] Solving cube (l0 = union(), l1 = natural_join4(), l2 = semi_join())
[   144.178][cube-solver-12][DEBUG] Solving cube (l0 = union(), l1 = natural_join4(), l2 = cross_join([1]))
[   144.181][cube-solver-12][DEBUG] Solving cube (l0 = union(), l1 = natural_join4(), l2 = inner_join())
[   144.184][cube-solver-12][DEBUG] Solving cube (l0 = union(), l1 = natural_join4(), l2 = natural_join())
[   144.186][cube-solver-12][DEBUG] Solving cube (l0 = union(), l1 = natural_join4(), l2 = natural_join3())
[   144.189][cube-solver-12][DEBUG] Solving cube (l0 = union(), l1 = natural_join4(), l2 = natural_join4())
[   144.191][cube-solver-12][DEBUG] Solving cube (l0 = union(), l1 = anti_join(), l2 = natural_join())
[   150.445][cube-solver-12][DEBUG] Solving cube (l0 = union(), l1 = anti_join(), l2 = natural_join3())
[   150.448][cube-solver-12][DEBUG] Solving cube (l0 = union(), l1 = anti_join(), l2 = natural_join4())
[   150.451][cube-solver-12][DEBUG] Solving cube (l0 = union(), l1 = anti_join(), l2 = anti_join())
[   150.454][cube-solver-12][DEBUG] Solving cube (l0 = union(), l1 = anti_join(), l2 = left_join())
[   158.148][cube-solver-12][DEBUG] Solving cube (l0 = union(), l1 = anti_join(), l2 = union())
[   165.767][cube-solver-12][DEBUG] Solving cube (l0 = union(), l1 = anti_join(), l2 = intersect())
[   170.495][cube-solver-12][DEBUG] Solving cube (l0 = union(), l1 = anti_join(), l2 = semi_join())
[   177.897][cube-solver-12][DEBUG] Solving cube (l0 = union(), l1 = anti_join(), l2 = cross_join([1]))
[   178.782][cube-solver-12][DEBUG] Solving cube (l0 = union(), l1 = anti_join(), l2 = inner_join())
[   222.474][cube-solver-0][DEBUG] Initialising process for 3 lines of code.
[   222.924][cube-solver-0][DEBUG] Solving cube (l0 = union(), l1 = left_join(), l2 = natural_join())
[   224.552][cube-solver-0][DEBUG] Solving cube (l0 = union(), l1 = left_join(), l2 = natural_join3())
[   227.244][cube-solver-0][DEBUG] Solving cube (l0 = union(), l1 = left_join(), l2 = natural_join4())
[   227.248][cube-solver-0][DEBUG] Solving cube (l0 = union(), l1 = left_join(), l2 = anti_join())
[   237.971][cube-solver-0][DEBUG] Solving cube (l0 = union(), l1 = left_join(), l2 = left_join())
[   239.976][cube-solver-0][DEBUG] Solving cube (l0 = union(), l1 = left_join(), l2 = union())
[   241.746][cube-solver-0][DEBUG] Solving cube (l0 = union(), l1 = left_join(), l2 = intersect())
[   243.124][cube-solver-0][DEBUG] Solving cube (l0 = union(), l1 = left_join(), l2 = semi_join())
[   245.009][cube-solver-0][DEBUG] Solving cube (l0 = union(), l1 = left_join(), l2 = cross_join([1]))
[   245.235][cube-solver-0][DEBUG] Solving cube (l0 = union(), l1 = left_join(), l2 = inner_join())
[   276.077][cube-solver-15][DEBUG] Solving cube (l0 = union(), l1 = union(), l2 = natural_join())
[   277.712][cube-solver-15][DEBUG] Solving cube (l0 = union(), l1 = union(), l2 = natural_join3())
[   280.307][cube-solver-15][DEBUG] Solving cube (l0 = union(), l1 = union(), l2 = natural_join4())
[   280.309][cube-solver-15][DEBUG] Solving cube (l0 = union(), l1 = union(), l2 = anti_join())
[   290.763][cube-solver-15][DEBUG] Solving cube (l0 = union(), l1 = union(), l2 = left_join())
[   293.114][cube-solver-15][DEBUG] Solving cube (l0 = union(), l1 = union(), l2 = union())
[   294.983][cube-solver-15][DEBUG] Solving cube (l0 = union(), l1 = union(), l2 = intersect())
[   296.294][cube-solver-15][DEBUG] Solving cube (l0 = union(), l1 = union(), l2 = semi_join())
[   298.141][cube-solver-15][DEBUG] Solving cube (l0 = union(), l1 = union(), l2 = cross_join([1]))
[   298.338][cube-solver-15][DEBUG] Solving cube (l0 = union(), l1 = union(), l2 = inner_join())
[   389.510][cube-solver-10][DEBUG] Solving cube (l0 = union(), l1 = intersect(), l2 = natural_join())
[   392.185][cube-solver-10][DEBUG] Solving cube (l0 = union(), l1 = intersect(), l2 = natural_join3())
[   397.256][cube-solver-10][DEBUG] Solving cube (l0 = union(), l1 = intersect(), l2 = natural_join4())
[   397.265][cube-solver-10][DEBUG] Solving cube (l0 = union(), l1 = intersect(), l2 = anti_join())
[   399.083][cube-solver-9][DEBUG] Solving cube (l0 = union(), l1 = intersect(), l2 = left_join())
[   402.031][cube-solver-9][DEBUG] Solving cube (l0 = union(), l1 = intersect(), l2 = union())
[   404.872][cube-solver-9][DEBUG] Solving cube (l0 = union(), l1 = intersect(), l2 = intersect())
[   405.587][cube-solver-10][DEBUG] Solving cube (l0 = union(), l1 = intersect(), l2 = semi_join())
[   407.657][cube-solver-10][DEBUG] Solving cube (l0 = union(), l1 = intersect(), l2 = cross_join([1]))
[   408.735][cube-solver-9][DEBUG] Solving cube (l0 = union(), l1 = intersect(), l2 = inner_join())
[   408.773][cube-solver-10][DEBUG] Solving cube (l0 = union(), l1 = semi_join(), l2 = natural_join())
[   410.424][cube-solver-10][DEBUG] Solving cube (l0 = union(), l1 = semi_join(), l2 = natural_join3())
[   413.186][cube-solver-10][DEBUG] Solving cube (l0 = union(), l1 = semi_join(), l2 = natural_join4())
[   413.188][cube-solver-10][DEBUG] Solving cube (l0 = union(), l1 = semi_join(), l2 = anti_join())
[   423.827][cube-solver-10][DEBUG] Solving cube (l0 = union(), l1 = semi_join(), l2 = left_join())
[   425.810][cube-solver-10][DEBUG] Solving cube (l0 = union(), l1 = semi_join(), l2 = union())
[   427.624][cube-solver-10][DEBUG] Solving cube (l0 = union(), l1 = semi_join(), l2 = intersect())
[   428.830][cube-solver-10][DEBUG] Solving cube (l0 = union(), l1 = semi_join(), l2 = semi_join())
[   430.659][cube-solver-10][DEBUG] Solving cube (l0 = union(), l1 = semi_join(), l2 = cross_join([1]))
[   430.877][cube-solver-10][DEBUG] Solving cube (l0 = union(), l1 = semi_join(), l2 = inner_join())
[   436.780][cube-solver-14][DEBUG] Solving cube (l0 = union(), l1 = cross_join([1]), l2 = natural_join())
[   436.904][cube-solver-14][DEBUG] Solving cube (l0 = union(), l1 = cross_join([1]), l2 = natural_join3())
[   437.095][cube-solver-14][DEBUG] Solving cube (l0 = union(), l1 = cross_join([1]), l2 = natural_join4())
[   437.097][cube-solver-14][DEBUG] Solving cube (l0 = union(), l1 = cross_join([1]), l2 = anti_join())
[   437.945][cube-solver-14][DEBUG] Solving cube (l0 = union(), l1 = cross_join([1]), l2 = left_join())
[   438.098][cube-solver-14][DEBUG] Solving cube (l0 = union(), l1 = cross_join([1]), l2 = union())
[   438.256][cube-solver-14][DEBUG] Solving cube (l0 = union(), l1 = cross_join([1]), l2 = intersect())
[   438.714][cube-solver-14][DEBUG] Solving cube (l0 = union(), l1 = cross_join([1]), l2 = semi_join())
[   438.868][cube-solver-14][DEBUG] Solving cube (l0 = union(), l1 = cross_join([1]), l2 = cross_join([1]))
[   439.021][cube-solver-14][DEBUG] Solving cube (l0 = union(), l1 = cross_join([1]), l2 = inner_join())
[   445.891][cube-solver-14][DEBUG] Solving cube (l0 = union(), l1 = inner_join(), l2 = natural_join())
[   471.892][cube-solver-9][DEBUG] Solving cube (l0 = union(), l1 = inner_join(), l2 = natural_join3())
[   480.376][cube-solver-7][DEBUG] Solving cube (l0 = union(), l1 = inner_join(), l2 = natural_join4())
[   480.378][cube-solver-7][DEBUG] Solving cube (l0 = union(), l1 = inner_join(), l2 = anti_join())
[   490.069][cube-solver-5][DEBUG] Solving cube (l0 = union(), l1 = inner_join(), l2 = left_join())
[   516.700][cube-solver-4][DEBUG] Solving cube (l0 = union(), l1 = inner_join(), l2 = union())
[   540.954][cube-solver-1][DEBUG] Solving cube (l0 = union(), l1 = inner_join(), l2 = intersect())
[   541.550][cube-solver-3][DEBUG] Solving cube (l0 = union(), l1 = inner_join(), l2 = semi_join())
[   594.387][cube-solver-1][DEBUG] Solving cube (l0 = union(), l1 = inner_join(), l2 = cross_join([1]))
[   599.990][MainProcess][INFO] Statistics:
[   599.990][MainProcess][INFO] 	Generated cubes: 709
[   599.990][MainProcess][INFO] 	Attempted programs: 24910
[   599.990][MainProcess][INFO] 		Rejected: 14183
[   599.990][MainProcess][INFO] 		Failed: 10727
[   599.990][MainProcess][INFO] 	Blacklist clauses: 1
[   599.991][MainProcess][DEBUG] Printing statistics for good programs of size 1
[   599.997][MainProcess][DEBUG] 	0: Counter({'inner_join': 3456, 'semi_join': 12, 'union': 12, 'left_join': 12})
[   599.997][MainProcess][DEBUG] Printing statistics for good programs of size 2
[   600.188][MainProcess][DEBUG] 	0: Counter({'inner_join': 142310, 'left_join': 10668, 'union': 10668, 'semi_join': 10668, 'intersect': 756})
[   600.244][MainProcess][DEBUG] 	1: Counter({'inner_join': 110774, 'anti_join': 28548, 'left_join': 10548, 'union': 10548, 'semi_join': 7596, 'natural_join': 7056})
[   600.244][MainProcess][DEBUG] Printing statistics for good programs of size 3
[   600.436][MainProcess][DEBUG] 	0: Counter({'left_join': 705721, 'union': 290172})
[   600.621][MainProcess][DEBUG] 	1: Counter({'inner_join': 486700, 'anti_join': 134708, 'left_join': 108653, 'union': 101985, 'semi_join': 84959, 'natural_join': 70032, 'intersect': 8856})
[   600.809][MainProcess][DEBUG] 	2: Counter({'inner_join': 548986, 'anti_join': 88102, 'natural_join3': 87788, 'left_join': 76901, 'union': 73404, 'natural_join': 71501, 'semi_join': 49211})

No solution found
