[prc0][info] Parsing specification...
[prc1][info] Parsing specification...
[prc3][info] Parsing specification...
[prc2][info] Parsing specification...
[prc3][debug] Reading input files...
[prc4][info] Parsing specification...
[prc0][debug] Reading input files...
[prc1][debug] Reading input files...
[prc2][debug] Reading input files...
[prc4][debug] Reading input files...
con <- DBI::dbConnect(RSQLite::SQLite(), ":memory:")
input1 <- read.csv("tests-examples/textbook/tables/1-1.txt")
input1 <- copy_to(con, input1)
input2 <- read.csv("tests-examples/textbook/tables/1-2.txt")
input2 <- copy_to(con, input2)
input3 <- read.csv("tests-examples/textbook/tables/1-3.txt")
input3 <- copy_to(con, input3)
input4 <- read.csv("tests-examples/textbook/tables/1-4.txt")
input4 <- copy_to(con, input4)
expected_output <- read.table("tests-examples/textbook/tables/1.out", sep =",", header=T)

[prc3][debug] Generating DSL...
[prc3][debug] Building Tyrell spec from parse tree...
[prc3][debug] Processing type definitions...
[prc3][debug] Processing input/output definitions...
[prc3][debug] Processing function definitions...
[prc3][debug] Processing global predicates...
[prc3][info] Parsing succeeded
[prc3][info] Building synthesizer...
[prc3][info] Lines of Code: 1
con <- DBI::dbConnect(RSQLite::SQLite(), ":memory:")
input1 <- read.csv("tests-examples/textbook/tables/1-1.txt")
input1 <- copy_to(con, input1)
input2 <- read.csv("tests-examples/textbook/tables/1-2.txt")
input2 <- copy_to(con, input2)
input3 <- read.csv("tests-examples/textbook/tables/1-3.txt")
input3 <- copy_to(con, input3)
input4 <- read.csv("tests-examples/textbook/tables/1-4.txt")
input4 <- copy_to(con, input4)
expected_output <- read.table("tests-examples/textbook/tables/1.out", sep =",", header=T)

[prc1][debug] Generating DSL...
con <- DBI::dbConnect(RSQLite::SQLite(), ":memory:")
input1 <- read.csv("tests-examples/textbook/tables/1-1.txt")
input1 <- copy_to(con, input1)
input2 <- read.csv("tests-examples/textbook/tables/1-2.txt")
input2 <- copy_to(con, input2)
input3 <- read.csv("tests-examples/textbook/tables/1-3.txt")
input3 <- copy_to(con, input3)
input4 <- read.csv("tests-examples/textbook/tables/1-4.txt")
input4 <- copy_to(con, input4)
expected_output <- read.table("tests-examples/textbook/tables/1.out", sep =",", header=T)

[prc0][debug] Generating DSL...
con <- DBI::dbConnect(RSQLite::SQLite(), ":memory:")
input1 <- read.csv("tests-examples/textbook/tables/1-1.txt")
input1 <- copy_to(con, input1)
input2 <- read.csv("tests-examples/textbook/tables/1-2.txt")
input2 <- copy_to(con, input2)
input3 <- read.csv("tests-examples/textbook/tables/1-3.txt")
input3 <- copy_to(con, input3)
input4 <- read.csv("tests-examples/textbook/tables/1-4.txt")
input4 <- copy_to(con, input4)
expected_output <- read.table("tests-examples/textbook/tables/1.out", sep =",", header=T)

[prc2][debug] Generating DSL...
con <- DBI::dbConnect(RSQLite::SQLite(), ":memory:")
input1 <- read.csv("tests-examples/textbook/tables/1-1.txt")
input1 <- copy_to(con, input1)
input2 <- read.csv("tests-examples/textbook/tables/1-2.txt")
input2 <- copy_to(con, input2)
input3 <- read.csv("tests-examples/textbook/tables/1-3.txt")
input3 <- copy_to(con, input3)
input4 <- read.csv("tests-examples/textbook/tables/1-4.txt")
input4 <- copy_to(con, input4)
expected_output <- read.table("tests-examples/textbook/tables/1.out", sep =",", header=T)

[prc4][debug] Generating DSL...
[prc2][debug] Building Tyrell spec from parse tree...
[prc2][debug] Processing type definitions...
[prc0][debug] Building Tyrell spec from parse tree...
[prc2][debug] Processing input/output definitions...
[prc0][debug] Processing type definitions...
[prc2][debug] Processing function definitions...
[prc0][debug] Processing input/output definitions...
[prc0][debug] Processing function definitions...
[prc2][debug] Processing global predicates...
[prc1][debug] Building Tyrell spec from parse tree...
[prc1][debug] Processing type definitions...
[prc2][info] Parsing succeeded
[prc2][info] Building synthesizer...
[prc2][info] Lines of Code: 1
[prc0][debug] Processing global predicates...
[prc1][debug] Processing input/output definitions...
[prc0][info] Parsing succeeded
[prc1][debug] Processing function definitions...
[prc0][info] Building synthesizer...
[prc0][info] Lines of Code: 1
[prc1][debug] Processing global predicates...
[prc1][info] Parsing succeeded
[prc1][info] Building synthesizer...
[prc1][info] Lines of Code: 1
[prc4][debug] Building Tyrell spec from parse tree...
[prc4][debug] Processing type definitions...
[prc4][debug] Processing input/output definitions...
[prc4][debug] Processing function definitions...
[prc4][debug] Processing global predicates...
[prc4][info] Parsing succeeded
[prc4][info] Building synthesizer...
[prc4][info] Lines of Code: 1
[prc3][info] Number of Nodes: 5 
[prc3][info] Number of Variables: 6
[prc3][info] Number of Constraints: 37
[prc3][info] Time spent encoding: 0.036367177963256836
[prc3][warning] There is no solution for current depth (loc=0).
[prc3][info] Synthesizing programs...
[prc3][debug] Enumerator is exhausted after 0 attempts
[prc3][debug] Total Time: 0.000222
[prc3][debug] Total Solver Time: 3.1948089599609375e-05
[prc3][info] No more queries to be tested. Solution not found!
[prc3][info] Increasing the number of lines of code.
[prc3][info] Lines of Code: 2
[prc4][info] Number of Nodes: 5 
[prc4][info] Number of Variables: 6
[prc4][info] Number of Constraints: 42
[prc4][info] Time spent encoding: 0.040433645248413086
[prc2][info] Number of Nodes: 5 
[prc2][info] Number of Variables: 6
[prc2][info] Number of Constraints: 59
[prc2][info] Time spent encoding: 0.04622960090637207
[prc4][warning] There is no solution for current depth (loc=0).
[prc4][info] Synthesizing programs...
[prc1][info] Number of Nodes: 5 
[prc1][info] Number of Variables: 6
[prc1][info] Number of Constraints: 59
[prc1][info] Time spent encoding: 0.04579806327819824
[prc4][debug] Enumerator is exhausted after 0 attempts
[prc4][debug] Total Time: 0.000224
[prc4][debug] Total Solver Time: 3.337860107421875e-05
[prc4][info] No more queries to be tested. Solution not found!
[prc4][info] Increasing the number of lines of code.
[prc4][info] Lines of Code: 2
[prc2][warning] There is no solution for current depth (loc=0).
[prc2][info] Synthesizing programs...
[prc2][debug] Enumerator is exhausted after 0 attempts
[prc2][debug] Total Time: 0.000225
[prc2][debug] Total Solver Time: 3.6716461181640625e-05
[prc2][info] No more queries to be tested. Solution not found!
[prc2][info] Increasing the number of lines of code.
[prc2][info] Lines of Code: 2
[prc1][warning] There is no solution for current depth (loc=0).
[prc1][info] Synthesizing programs...
[prc1][debug] Enumerator is exhausted after 0 attempts
[prc1][debug] Total Time: 0.000216
[prc1][debug] Total Solver Time: 3.170967102050781e-05
[prc1][info] No more queries to be tested. Solution not found!
[prc1][info] Increasing the number of lines of code.
[prc1][info] Lines of Code: 2
[prc0][info] Number of Nodes: 5 
[prc0][info] Number of Variables: 6
[prc0][info] Number of Constraints: 60
[prc0][info] Time spent encoding: 0.056604862213134766
[prc0][warning] There is no solution for current depth (loc=0).
[prc0][info] Synthesizing programs...
[prc0][debug] Enumerator is exhausted after 0 attempts
[prc0][debug] Total Time: 0.010591
[prc0][debug] Total Solver Time: 0.010317802429199219
[prc0][info] No more queries to be tested. Solution not found!
[prc0][info] Increasing the number of lines of code.
[prc0][info] Lines of Code: 2
[prc3][info] Number of Nodes: 10 
[prc3][info] Number of Variables: 16
[prc3][info] Number of Constraints: 90
[prc3][info] Time spent encoding: 0.07759356498718262
[prc3][warning] There is no solution for current depth (loc=1).
[prc3][info] Synthesizing programs...
[prc3][debug] Enumerator is exhausted after 0 attempts
[prc3][debug] Total Time: 0.000091
[prc3][debug] Total Solver Time: 3.409385681152344e-05
[prc3][info] No more queries to be tested. Solution not found!
[prc3][info] Increasing the number of lines of code.
[prc3][info] Lines of Code: 3
[prc4][info] Number of Nodes: 10 
[prc4][info] Number of Variables: 16
[prc4][info] Number of Constraints: 108
[prc4][info] Time spent encoding: 0.09114646911621094
[prc4][warning] There is no solution for current depth (loc=1).
[prc4][info] Synthesizing programs...
[prc4][debug] Enumerator is exhausted after 0 attempts
[prc4][debug] Total Time: 0.000093
[prc4][debug] Total Solver Time: 3.552436828613281e-05
[prc4][info] No more queries to be tested. Solution not found!
[prc4][info] Increasing the number of lines of code.
[prc4][info] Lines of Code: 3
[prc1][info] Number of Nodes: 10 
[prc1][info] Number of Variables: 16
[prc1][info] Number of Constraints: 154
[prc1][info] Time spent encoding: 0.1027688980102539
[prc2][info] Number of Nodes: 10 
[prc2][info] Number of Variables: 16
[prc2][info] Number of Constraints: 156
[prc2][info] Time spent encoding: 0.10532402992248535
[prc2][warning] There is no solution for current depth (loc=1).
[prc1][warning] There is no solution for current depth (loc=1).
[prc2][info] Synthesizing programs...
[prc2][debug] Enumerator is exhausted after 0 attempts
[prc1][info] Synthesizing programs...
[prc2][debug] Total Time: 0.000098
[prc2][debug] Total Solver Time: 3.9577484130859375e-05
[prc1][debug] Enumerator is exhausted after 0 attempts
[prc2][info] No more queries to be tested. Solution not found!
[prc1][debug] Total Time: 0.000091
[prc2][info] Increasing the number of lines of code.
[prc1][debug] Total Solver Time: 3.361701965332031e-05
[prc1][info] No more queries to be tested. Solution not found!
[prc2][info] Lines of Code: 3
[prc1][info] Increasing the number of lines of code.
[prc1][info] Lines of Code: 3
[prc0][info] Number of Nodes: 10 
[prc0][info] Number of Variables: 16
[prc0][info] Number of Constraints: 160
[prc0][info] Time spent encoding: 0.12276911735534668
[prc0][warning] There is no solution for current depth (loc=1).
[prc0][info] Synthesizing programs...
[prc3][info] Number of Nodes: 15 
[prc3][info] Number of Variables: 30
[prc3][info] Number of Constraints: 163
[prc3][info] Time spent encoding: 0.13037395477294922
[prc0][debug] Enumerator is exhausted after 0 attempts
[prc0][debug] Total Time: 0.024251
[prc0][debug] Total Solver Time: 0.024104595184326172
[prc0][info] No more queries to be tested. Solution not found!
[prc0][info] Increasing the number of lines of code.
[prc0][info] Lines of Code: 3
[prc3][info] Synthesizing programs...
[prc4][info] Number of Nodes: 15 
[prc4][info] Number of Variables: 30
[prc4][info] Number of Constraints: 202
[prc4][info] Time spent encoding: 0.15760302543640137
[prc4][info] Synthesizing programs...
[prc2][info] Number of Nodes: 15 
[prc2][info] Number of Variables: 30
[prc2][info] Number of Constraints: 295
[prc2][info] Time spent encoding: 0.18021368980407715
[prc1][info] Number of Nodes: 15 
[prc1][info] Number of Variables: 30
[prc1][info] Number of Constraints: 289
[prc1][info] Time spent encoding: 0.18110060691833496
[prc1][info] Synthesizing programs...
[prc2][info] Synthesizing programs...
[prc0][info] Number of Nodes: 15 
[prc0][info] Number of Variables: 30
[prc0][info] Number of Constraints: 304
[prc0][info] Time spent encoding: 0.21161699295043945
[prc0][info] Synthesizing programs...
[prc4][debug] Total Solver Time: 0.03296256065368652
[prc4][info] Program accepted after 43 attempts (17 rejected, 25 failed)
[prc4][debug] Total Time: 1.517965
[prc4][info] Solution found: select(filters(inner_join4(@param1, @param3, @param0, @param2), level == JR, F_name == faculty1, &), S_name, )
[prc4][debug] Solution found using process 4: Config(disabled=['semi_join', 'anti_join', 'left_join', 'bind_rows', 'intersect'], alt_empty_pos=False, shuffle_cols=False, z3_smt_phase=3, z3_smt_case_split=1, z3_sat_phase='random', z3_sat_restart='ema', z3_sat_branching='vsids', z3_QF_FD=True)
[prc2][debug] Total Solver Time: 0.031453847885131836
[prc2][info] Program accepted after 46 attempts (23 rejected, 22 failed)
[prc2][debug] Total Time: 1.742551
[prc2][info] Solution found: select(filters(inner_join4(@param1, @param0, @param3, @param2), level == JR, F_name == faculty1, &), S_name, )
[prc2][debug] Solution found using process 2: Config(disabled=['inner_join3'], alt_empty_pos=False, shuffle_cols=False, z3_smt_phase=3, z3_smt_case_split=1, z3_sat_phase='random', z3_sat_restart='ema', z3_sat_branching='vsids', z3_QF_FD=True)

------------------------------------- R Solution ---------------------------------------

con <- DBI::dbConnect(RSQLite::SQLite(), ":memory:")
input1 <- read.csv("tests-examples/textbook/tables/1-1.txt")
input1 <- copy_to(con, input1)
input2 <- read.csv("tests-examples/textbook/tables/1-2.txt")
input2 <- copy_to(con, input2)
input3 <- read.csv("tests-examples/textbook/tables/1-3.txt")
input3 <- copy_to(con, input3)
input4 <- read.csv("tests-examples/textbook/tables/1-4.txt")
input4 <- copy_to(con, input4)
expected_output <- read.table("tests-examples/textbook/tables/1.out", sep =",", header=T)

RET_DF85 <- inner_join(inner_join(inner_join(input2, input4), input1), input3)
RET_DF86 <- RET_DF85 %>% ungroup() %>% filter(level == "JR" & F_name == "faculty1")
RET_DF87 <- RET_DF86 %>% ungroup() %>% select(S_name)


+++++++++++++++++++++++++++++++++++++ SQL Solution +++++++++++++++++++++++++++++++++++++

SELECT `S_name`
FROM
  (SELECT `S_key`,
          `C_name`,
          `S_name`,
          `level`,
          `F_key`,
          `F_name`
   FROM
     (SELECT `S_key`,
             `C_name`,
             `S_name`,
             `level`,
             `F_key`
      FROM
        (SELECT `S_key`,
                `C_name`,
                `S_name`,
                `level`
         FROM `input2` AS `LHS`
         INNER JOIN `input4` AS `RHS` ON (`LHS`.`S_key` = `RHS`.`S_key`)) AS `LHS`
      INNER JOIN `input1` AS `RHS` ON (`LHS`.`C_name` = `RHS`.`C_name`)) AS `LHS`
   INNER JOIN `input3` AS `RHS` ON (`LHS`.`F_key` = `RHS`.`F_key`))
WHERE (`level` = 'JR'
       AND `F_name` = 'faculty1')
