[prc0][info] Parsing specification...
[prc0][debug] Reading input files...
[prc1][info] Parsing specification...
[prc2][info] Parsing specification...
[prc3][info] Parsing specification...
[prc4][info] Parsing specification...
[prc1][debug] Reading input files...
[prc2][debug] Reading input files...
[prc3][debug] Reading input files...
[prc4][debug] Reading input files...
con <- DBI::dbConnect(RSQLite::SQLite(), ":memory:")
input1 <- read.csv("tests-examples/textbook/tables/11-1.txt")
input1 <- copy_to(con, input1)
input2 <- read.csv("tests-examples/textbook/tables/11-2.txt")
input2 <- copy_to(con, input2)
expected_output <- read.table("tests-examples/textbook/tables/11.out", sep =",", header=T)

[prc0][debug] Generating DSL...
[prc0][debug] Building Tyrell spec from parse tree...
[prc0][debug] Processing type definitions...
[prc0][debug] Processing input/output definitions...
[prc0][debug] Processing function definitions...
[prc0][debug] Processing global predicates...
[prc0][info] Parsing succeeded
[prc0][info] Building synthesizer...
[prc0][info] Lines of Code: 1
con <- DBI::dbConnect(RSQLite::SQLite(), ":memory:")
input1 <- read.csv("tests-examples/textbook/tables/11-1.txt")
input1 <- copy_to(con, input1)
input2 <- read.csv("tests-examples/textbook/tables/11-2.txt")
input2 <- copy_to(con, input2)
expected_output <- read.table("tests-examples/textbook/tables/11.out", sep =",", header=T)

[prc1][debug] Generating DSL...
con <- DBI::dbConnect(RSQLite::SQLite(), ":memory:")
input1 <- read.csv("tests-examples/textbook/tables/11-1.txt")
input1 <- copy_to(con, input1)
input2 <- read.csv("tests-examples/textbook/tables/11-2.txt")
input2 <- copy_to(con, input2)
expected_output <- read.table("tests-examples/textbook/tables/11.out", sep =",", header=T)

[prc3][debug] Generating DSL...
con <- DBI::dbConnect(RSQLite::SQLite(), ":memory:")
input1 <- read.csv("tests-examples/textbook/tables/11-1.txt")
input1 <- copy_to(con, input1)
input2 <- read.csv("tests-examples/textbook/tables/11-2.txt")
input2 <- copy_to(con, input2)
expected_output <- read.table("tests-examples/textbook/tables/11.out", sep =",", header=T)

[prc2][debug] Generating DSL...
con <- DBI::dbConnect(RSQLite::SQLite(), ":memory:")
input1 <- read.csv("tests-examples/textbook/tables/11-1.txt")
input1 <- copy_to(con, input1)
input2 <- read.csv("tests-examples/textbook/tables/11-2.txt")
input2 <- copy_to(con, input2)
expected_output <- read.table("tests-examples/textbook/tables/11.out", sep =",", header=T)

[prc4][debug] Generating DSL...
[prc3][debug] Building Tyrell spec from parse tree...
[prc3][debug] Processing type definitions...
[prc3][debug] Processing input/output definitions...
[prc3][debug] Processing function definitions...
[prc3][debug] Processing global predicates...
[prc3][info] Parsing succeeded
[prc3][info] Building synthesizer...
[prc3][info] Lines of Code: 1
[prc4][debug] Building Tyrell spec from parse tree...
[prc4][debug] Processing type definitions...
[prc1][debug] Building Tyrell spec from parse tree...
[prc1][debug] Processing type definitions...
[prc2][debug] Building Tyrell spec from parse tree...
[prc1][debug] Processing input/output definitions...
[prc2][debug] Processing type definitions...
[prc4][debug] Processing input/output definitions...
[prc1][debug] Processing function definitions...
[prc4][debug] Processing function definitions...
[prc1][debug] Processing global predicates...
[prc2][debug] Processing input/output definitions...
[prc1][info] Parsing succeeded
[prc1][info] Building synthesizer...
[prc1][info] Lines of Code: 1
[prc2][debug] Processing function definitions...
[prc4][debug] Processing global predicates...
[prc4][info] Parsing succeeded
[prc4][info] Building synthesizer...
[prc4][info] Lines of Code: 1
[prc2][debug] Processing global predicates...
[prc2][info] Parsing succeeded
[prc2][info] Building synthesizer...
[prc2][info] Lines of Code: 1
[prc3][info] Number of Nodes: 4 
[prc3][info] Number of Variables: 5
[prc3][info] Number of Constraints: 22
[prc3][info] Time spent encoding: 0.01655125617980957
[prc0][info] Number of Nodes: 5 
[prc0][info] Number of Variables: 6
[prc3][warning] There is no solution for current depth (loc=0).
[prc0][info] Number of Constraints: 49
[prc0][info] Time spent encoding: 0.036457061767578125
[prc3][info] Synthesizing programs...
[prc3][debug] Enumerator is exhausted after 0 attempts
[prc3][debug] Total Time: 0.000218
[prc3][debug] Total Solver Time: 2.9325485229492188e-05
[prc3][info] No more queries to be tested. Solution not found!
[prc3][info] Increasing the number of lines of code.
[prc3][info] Lines of Code: 2
[prc1][info] Number of Nodes: 4 
[prc1][info] Number of Variables: 5
[prc1][info] Number of Constraints: 42
[prc1][info] Time spent encoding: 0.019344329833984375
[prc1][warning] There is no solution for current depth (loc=0).
[prc1][info] Synthesizing programs...
[prc1][debug] Enumerator is exhausted after 0 attempts
[prc1][debug] Total Time: 0.000211
[prc1][debug] Total Solver Time: 2.9325485229492188e-05
[prc1][info] No more queries to be tested. Solution not found!
[prc1][info] Increasing the number of lines of code.
[prc1][info] Lines of Code: 2
[prc4][info] Number of Nodes: 5 
[prc4][info] Number of Variables: 6
[prc4][info] Number of Constraints: 31
[prc4][info] Time spent encoding: 0.021817684173583984
[prc0][warning] There is no solution for current depth (loc=0).
[prc0][info] Synthesizing programs...
[prc4][warning] There is no solution for current depth (loc=0).
[prc4][info] Synthesizing programs...
[prc4][debug] Enumerator is exhausted after 0 attempts
[prc4][debug] Total Time: 0.000229
[prc4][debug] Total Solver Time: 3.170967102050781e-05
[prc4][info] No more queries to be tested. Solution not found!
[prc4][info] Increasing the number of lines of code.
[prc4][info] Lines of Code: 2
[prc2][info] Number of Nodes: 5 
[prc2][info] Number of Variables: 6
[prc2][info] Number of Constraints: 48
[prc2][info] Time spent encoding: 0.026026248931884766
[prc2][warning] There is no solution for current depth (loc=0).
[prc2][info] Synthesizing programs...
[prc2][debug] Enumerator is exhausted after 0 attempts
[prc2][debug] Total Time: 0.000240
[prc2][debug] Total Solver Time: 3.075599670410156e-05
[prc2][info] No more queries to be tested. Solution not found!
[prc2][info] Increasing the number of lines of code.
[prc2][info] Lines of Code: 2
[prc0][debug] Enumerator is exhausted after 0 attempts
[prc0][debug] Total Time: 0.009697
[prc0][debug] Total Solver Time: 0.009434938430786133
[prc0][info] No more queries to be tested. Solution not found!
[prc0][info] Increasing the number of lines of code.
[prc0][info] Lines of Code: 2
[prc3][info] Number of Nodes: 8 
[prc3][info] Number of Variables: 13
[prc3][info] Number of Constraints: 57
[prc3][info] Time spent encoding: 0.028326749801635742
[prc3][info] Synthesizing programs...
[prc1][info] Number of Nodes: 8 
[prc1][info] Number of Variables: 13
[prc1][info] Number of Constraints: 117
[prc1][info] Time spent encoding: 0.04695725440979004
[prc1][info] Synthesizing programs...
[prc4][info] Number of Nodes: 10 
[prc4][info] Number of Variables: 16
[prc4][info] Number of Constraints: 84
[prc4][info] Time spent encoding: 0.050177574157714844
[prc4][info] Synthesizing programs...
[prc2][info] Number of Nodes: 10 
[prc2][info] Number of Variables: 16
[prc2][info] Number of Constraints: 132
[prc2][info] Time spent encoding: 0.061519622802734375
[prc2][info] Synthesizing programs...
[prc0][info] Number of Nodes: 10 
[prc0][info] Number of Variables: 16
[prc0][info] Number of Constraints: 136
[prc0][info] Time spent encoding: 0.07746672630310059
[prc0][info] Synthesizing programs...
[prc3][debug] Enumerator is exhausted after 4 attempts
[prc3][debug] Total Time: 0.118417
[prc3][debug] Total Solver Time: 0.0018873214721679688
[prc3][info] No more queries to be tested. Solution not found!
[prc3][info] Increasing the number of lines of code.
[prc3][info] Lines of Code: 3
[prc4][debug] Enumerator is exhausted after 4 attempts
[prc4][debug] Total Time: 0.121365
[prc4][debug] Total Solver Time: 0.0019314289093017578
[prc4][info] No more queries to be tested. Solution not found!
[prc4][info] Increasing the number of lines of code.
[prc4][info] Lines of Code: 3
[prc3][info] Number of Nodes: 12 
[prc3][info] Number of Variables: 24
[prc3][info] Number of Constraints: 107
[prc3][info] Time spent encoding: 0.05156826972961426
[prc3][info] Synthesizing programs...
[prc4][info] Number of Nodes: 15 
[prc4][info] Number of Variables: 30
[prc4][info] Number of Constraints: 161
[prc4][info] Time spent encoding: 0.0925605297088623
[prc4][info] Synthesizing programs...
[prc3][debug] Enumerator is exhausted after 16 attempts
[prc3][debug] Total Time: 0.588936
[prc3][debug] Total Solver Time: 0.00838327407836914
[prc3][info] No more queries to be tested. Solution not found!
[prc3][info] Increasing the number of lines of code.
[prc3][info] Lines of Code: 4
[prc3][info] Number of Nodes: 16 
[prc3][info] Number of Variables: 38
[prc3][info] Number of Constraints: 172
[prc3][info] Time spent encoding: 0.08312749862670898
[prc3][info] Synthesizing programs...
[prc4][debug] Enumerator is exhausted after 16 attempts
[prc4][debug] Total Time: 0.629186
[prc4][debug] Total Solver Time: 0.00837850570678711
[prc4][info] No more queries to be tested. Solution not found!
[prc4][info] Increasing the number of lines of code.
[prc4][info] Lines of Code: 4
[prc1][debug] Enumerator is exhausted after 38 attempts
[prc1][debug] Total Time: 0.927231
[prc1][debug] Total Solver Time: 0.018090486526489258
[prc1][info] No more queries to be tested. Solution not found!
[prc1][info] Increasing the number of lines of code.
[prc1][info] Lines of Code: 3
[prc0][debug] Enumerator is exhausted after 34 attempts
[prc0][debug] Total Time: 0.880276
[prc0][debug] Total Solver Time: 0.031032085418701172
[prc0][info] No more queries to be tested. Solution not found!
[prc0][info] Increasing the number of lines of code.
[prc0][info] Lines of Code: 3
[prc2][debug] Enumerator is exhausted after 38 attempts
[prc2][debug] Total Time: 0.959167
[prc2][debug] Total Solver Time: 0.019135236740112305
[prc2][info] No more queries to be tested. Solution not found!
[prc2][info] Increasing the number of lines of code.
[prc2][info] Lines of Code: 3
[prc4][info] Number of Nodes: 20 
[prc4][info] Number of Variables: 48
[prc4][info] Number of Constraints: 262
[prc4][info] Time spent encoding: 0.14740538597106934
[prc1][info] Number of Nodes: 12 
[prc1][info] Number of Variables: 24
[prc1][info] Number of Constraints: 227
[prc1][info] Time spent encoding: 0.08847808837890625
[prc1][info] Synthesizing programs...
[prc4][info] Synthesizing programs...
[prc0][info] Number of Nodes: 15 
[prc0][info] Number of Variables: 30
[prc0][info] Number of Constraints: 263
[prc0][info] Time spent encoding: 0.13702082633972168
[prc2][info] Number of Nodes: 15 
[prc2][info] Number of Variables: 30
[prc2][info] Number of Constraints: 254
[prc2][info] Time spent encoding: 0.10979437828063965
[prc0][info] Synthesizing programs...
[prc2][info] Synthesizing programs...
[prc3][debug] Enumerator is exhausted after 72 attempts
[prc3][debug] Total Time: 2.990444
[prc3][debug] Total Solver Time: 0.03971385955810547
[prc3][info] No more queries to be tested. Solution not found!
[prc3][info] Increasing the number of lines of code.
[prc3][info] Lines of Code: 5
[prc3][info] Number of Nodes: 20 
[prc3][info] Number of Variables: 55
[prc3][info] Number of Constraints: 252
[prc3][info] Time spent encoding: 0.12071990966796875
[prc3][info] Synthesizing programs...
[prc4][debug] Enumerator is exhausted after 72 attempts
[prc4][debug] Total Time: 3.086484
[prc4][debug] Total Solver Time: 0.0399322509765625
[prc4][info] No more queries to be tested. Solution not found!
[prc4][info] Increasing the number of lines of code.
[prc4][info] Lines of Code: 5
[prc4][info] Number of Nodes: 25 
[prc4][info] Number of Variables: 70
[prc4][info] Number of Constraints: 387
[prc4][info] Time spent encoding: 0.2164306640625
[prc4][info] Synthesizing programs...
[prc0][debug] Total Solver Time: 0.11689162254333496
[prc0][info] Program accepted after 141 attempts (29 rejected, 111 failed)
[prc0][debug] Total Time: 3.853807
[prc0][info] Solution found: select(inner_join(@param0, anti_join(@param0, @param1, S_key)), S_name, distinct)
[prc0][debug] Solution found using process 0: Config(disabled=['semi_join'], alt_empty_pos=False, shuffle_cols=False, z3_smt_phase=3, z3_smt_case_split=1, z3_sat_phase='caching', z3_sat_restart='ema', z3_sat_branching='vsids', z3_QF_FD=False)

------------------------------------- R Solution ---------------------------------------

con <- DBI::dbConnect(RSQLite::SQLite(), ":memory:")
input1 <- read.csv("tests-examples/textbook/tables/11-1.txt")
input1 <- copy_to(con, input1)
input2 <- read.csv("tests-examples/textbook/tables/11-2.txt")
input2 <- copy_to(con, input2)
expected_output <- read.table("tests-examples/textbook/tables/11.out", sep =",", header=T)

RET_DF257 <- anti_join(select(input1,S_key), select(input2, S_key))
RET_DF258 <- inner_join(input1, RET_DF257)
RET_DF259 <- RET_DF258 %>% ungroup() %>% select(S_name) %>% distinct()


+++++++++++++++++++++++++++++++++++++ SQL Solution +++++++++++++++++++++++++++++++++++++

SELECT DISTINCT `S_name`
FROM
  (SELECT `S_key`,
          `S_name`
   FROM `input1` AS `LHS`
   INNER JOIN
     (SELECT *
      FROM
        (SELECT `S_key`
         FROM `input1`) AS `LHS`
      WHERE NOT EXISTS
          (SELECT 1
           FROM
             (SELECT `S_key`
              FROM `input2`) AS `RHS`
           WHERE (`LHS`.`S_key` = `RHS`.`S_key`) )) AS `RHS` ON (`LHS`.`S_key` = `RHS`.`S_key`))
