[prc0][info] Parsing specification...
[prc1][info] Parsing specification...
[prc2][info] Parsing specification...
[prc1][debug] Reading input files...
[prc3][info] Parsing specification...
[prc0][debug] Reading input files...
[prc4][info] Parsing specification...
[prc2][debug] Reading input files...
[prc3][debug] Reading input files...
[prc4][debug] Reading input files...
con <- DBI::dbConnect(RSQLite::SQLite(), ":memory:")
input1 <- read.csv("tests-examples/textbook/tables/17-1.txt")
input1 <- copy_to(con, input1)
input2 <- read.csv("tests-examples/textbook/tables/17-3.txt")
input2 <- copy_to(con, input2)
expected_output <- read.table("tests-examples/textbook/tables/17.out", sep =",", header=T)

[prc1][debug] Generating DSL...
[prc1][debug] Building Tyrell spec from parse tree...
[prc1][debug] Processing type definitions...
[prc1][debug] Processing input/output definitions...
[prc1][debug] Processing function definitions...
[prc1][debug] Processing global predicates...
[prc1][info] Parsing succeeded
[prc1][info] Building synthesizer...
[prc1][info] Lines of Code: 1
con <- DBI::dbConnect(RSQLite::SQLite(), ":memory:")
input1 <- read.csv("tests-examples/textbook/tables/17-1.txt")
input1 <- copy_to(con, input1)
input2 <- read.csv("tests-examples/textbook/tables/17-3.txt")
input2 <- copy_to(con, input2)
expected_output <- read.table("tests-examples/textbook/tables/17.out", sep =",", header=T)

[prc0][debug] Generating DSL...
con <- DBI::dbConnect(RSQLite::SQLite(), ":memory:")
input1 <- read.csv("tests-examples/textbook/tables/17-1.txt")
input1 <- copy_to(con, input1)
input2 <- read.csv("tests-examples/textbook/tables/17-3.txt")
input2 <- copy_to(con, input2)
expected_output <- read.table("tests-examples/textbook/tables/17.out", sep =",", header=T)

[prc2][debug] Generating DSL...
con <- DBI::dbConnect(RSQLite::SQLite(), ":memory:")
input1 <- read.csv("tests-examples/textbook/tables/17-1.txt")
input1 <- copy_to(con, input1)
input2 <- read.csv("tests-examples/textbook/tables/17-3.txt")
input2 <- copy_to(con, input2)
expected_output <- read.table("tests-examples/textbook/tables/17.out", sep =",", header=T)

[prc3][debug] Generating DSL...
con <- DBI::dbConnect(RSQLite::SQLite(), ":memory:")
input1 <- read.csv("tests-examples/textbook/tables/17-1.txt")
input1 <- copy_to(con, input1)
input2 <- read.csv("tests-examples/textbook/tables/17-3.txt")
input2 <- copy_to(con, input2)
expected_output <- read.table("tests-examples/textbook/tables/17.out", sep =",", header=T)

[prc4][debug] Generating DSL...
[prc3][debug] Building Tyrell spec from parse tree...
[prc3][debug] Processing type definitions...
[prc3][debug] Processing input/output definitions...
[prc0][debug] Building Tyrell spec from parse tree...
[prc0][debug] Processing type definitions...
[prc3][debug] Processing function definitions...
[prc0][debug] Processing input/output definitions...
[prc3][debug] Processing global predicates...
[prc0][debug] Processing function definitions...
[prc2][debug] Building Tyrell spec from parse tree...
[prc2][debug] Processing type definitions...
[prc3][info] Parsing succeeded
[prc3][info] Building synthesizer...
[prc3][info] Lines of Code: 1
[prc0][debug] Processing global predicates...
[prc2][debug] Processing input/output definitions...
[prc2][debug] Processing function definitions...
[prc0][info] Parsing succeeded
[prc0][info] Building synthesizer...
[prc0][info] Lines of Code: 1
[prc2][debug] Processing global predicates...
[prc4][debug] Building Tyrell spec from parse tree...
[prc2][info] Parsing succeeded
[prc2][info] Building synthesizer...
[prc4][debug] Processing type definitions...
[prc2][info] Lines of Code: 1
[prc4][debug] Processing input/output definitions...
[prc4][debug] Processing function definitions...
[prc4][debug] Processing global predicates...
[prc4][info] Parsing succeeded
[prc4][info] Building synthesizer...
[prc4][info] Lines of Code: 1
[prc1][info] Number of Nodes: 4 
[prc1][info] Number of Variables: 5
[prc1][info] Number of Constraints: 50
[prc1][info] Time spent encoding: 0.028704404830932617
[prc1][warning] There is no solution for current depth (loc=0).
[prc1][info] Synthesizing programs...
[prc1][debug] Enumerator is exhausted after 0 attempts
[prc1][debug] Total Time: 0.000226
[prc1][debug] Total Solver Time: 2.9087066650390625e-05
[prc1][info] No more queries to be tested. Solution not found!
[prc1][info] Increasing the number of lines of code.
[prc1][info] Lines of Code: 2
[prc3][info] Number of Nodes: 4 
[prc3][info] Number of Variables: 5
[prc3][info] Number of Constraints: 30
[prc3][info] Time spent encoding: 0.021933794021606445
[prc3][warning] There is no solution for current depth (loc=0).
[prc3][info] Synthesizing programs...
[prc3][debug] Enumerator is exhausted after 0 attempts
[prc3][debug] Total Time: 0.000223
[prc3][debug] Total Solver Time: 2.956390380859375e-05
[prc3][info] No more queries to be tested. Solution not found!
[prc3][info] Increasing the number of lines of code.
[prc3][info] Lines of Code: 2
[prc4][info] Number of Nodes: 5 
[prc4][info] Number of Variables: 6
[prc4][info] Number of Constraints: 40
[prc4][info] Time spent encoding: 0.03168773651123047
[prc2][info] Number of Nodes: 5 
[prc2][info] Number of Variables: 6
[prc2][info] Number of Constraints: 57
[prc4][warning] There is no solution for current depth (loc=0).
[prc2][info] Time spent encoding: 0.03618431091308594
[prc4][info] Synthesizing programs...
[prc4][debug] Enumerator is exhausted after 0 attempts
[prc4][debug] Total Time: 0.000225
[prc4][debug] Total Solver Time: 2.956390380859375e-05
[prc4][info] No more queries to be tested. Solution not found!
[prc4][info] Increasing the number of lines of code.
[prc4][info] Lines of Code: 2
[prc2][warning] There is no solution for current depth (loc=0).
[prc2][info] Synthesizing programs...
[prc2][debug] Enumerator is exhausted after 0 attempts
[prc2][debug] Total Time: 0.000216
[prc2][debug] Total Solver Time: 3.0279159545898438e-05
[prc2][info] No more queries to be tested. Solution not found!
[prc2][info] Increasing the number of lines of code.
[prc2][info] Lines of Code: 2
[prc0][info] Number of Nodes: 5 
[prc0][info] Number of Variables: 6
[prc0][info] Number of Constraints: 58
[prc0][info] Time spent encoding: 0.04603743553161621
[prc0][warning] There is no solution for current depth (loc=0).
[prc0][info] Synthesizing programs...
[prc0][debug] Enumerator is exhausted after 0 attempts
[prc0][debug] Total Time: 0.009822
[prc0][debug] Total Solver Time: 0.009532928466796875
[prc0][info] No more queries to be tested. Solution not found!
[prc0][info] Increasing the number of lines of code.
[prc0][info] Lines of Code: 2
[prc3][info] Number of Nodes: 8 
[prc3][info] Number of Variables: 13
[prc3][info] Number of Constraints: 77
[prc3][info] Time spent encoding: 0.048043012619018555
[prc3][warning] There is no solution for current depth (loc=1).
[prc3][info] Synthesizing programs...
[prc3][debug] Enumerator is exhausted after 0 attempts
[prc3][debug] Total Time: 0.000089
[prc3][debug] Total Solver Time: 2.9087066650390625e-05
[prc1][info] Number of Nodes: 8 
[prc3][info] No more queries to be tested. Solution not found!
[prc1][info] Number of Variables: 13
[prc3][info] Increasing the number of lines of code.
[prc1][info] Number of Constraints: 137
[prc3][info] Lines of Code: 3
[prc1][info] Time spent encoding: 0.06757545471191406
[prc1][warning] There is no solution for current depth (loc=1).
[prc1][info] Synthesizing programs...
[prc1][debug] Enumerator is exhausted after 0 attempts
[prc1][debug] Total Time: 0.000084
[prc1][debug] Total Solver Time: 2.956390380859375e-05
[prc1][info] No more queries to be tested. Solution not found!
[prc1][info] Increasing the number of lines of code.
[prc1][info] Lines of Code: 3
[prc4][info] Number of Nodes: 10 
[prc4][info] Number of Variables: 16
[prc4][info] Number of Constraints: 106
[prc4][info] Time spent encoding: 0.07529020309448242
[prc4][warning] There is no solution for current depth (loc=1).
[prc4][info] Synthesizing programs...
[prc4][debug] Enumerator is exhausted after 0 attempts
[prc4][debug] Total Time: 0.000086
[prc4][debug] Total Solver Time: 3.0517578125e-05
[prc4][info] No more queries to be tested. Solution not found!
[prc4][info] Increasing the number of lines of code.
[prc4][info] Lines of Code: 3
[prc2][info] Number of Nodes: 10 
[prc2][info] Number of Variables: 16
[prc2][info] Number of Constraints: 154
[prc2][info] Time spent encoding: 0.08545231819152832
[prc2][warning] There is no solution for current depth (loc=1).
[prc2][info] Synthesizing programs...
[prc2][debug] Enumerator is exhausted after 0 attempts
[prc2][debug] Total Time: 0.000152
[prc2][debug] Total Solver Time: 6.0558319091796875e-05
[prc2][info] No more queries to be tested. Solution not found!
[prc2][info] Increasing the number of lines of code.
[prc2][info] Lines of Code: 3
[prc3][info] Number of Nodes: 12 
[prc3][info] Number of Variables: 24
[prc3][info] Number of Constraints: 143
[prc3][info] Time spent encoding: 0.08526110649108887
[prc0][info] Number of Nodes: 10 
[prc0][info] Number of Variables: 16
[prc0][info] Number of Constraints: 158
[prc0][info] Time spent encoding: 0.10201764106750488
[prc3][info] Synthesizing programs...
[prc0][warning] There is no solution for current depth (loc=1).
[prc0][info] Synthesizing programs...
[prc1][info] Number of Nodes: 12 
[prc1][info] Number of Variables: 24
[prc1][info] Number of Constraints: 263
[prc1][info] Time spent encoding: 0.12291812896728516
[prc0][debug] Enumerator is exhausted after 0 attempts
[prc0][debug] Total Time: 0.019146
[prc0][debug] Total Solver Time: 0.01900458335876465
[prc0][info] No more queries to be tested. Solution not found!
[prc0][info] Increasing the number of lines of code.
[prc0][info] Lines of Code: 3
[prc1][info] Synthesizing programs...
[prc4][info] Number of Nodes: 15 
[prc4][info] Number of Variables: 30
[prc4][info] Number of Constraints: 200
[prc4][info] Time spent encoding: 0.13647794723510742
[prc4][info] Synthesizing programs...
[prc2][info] Number of Nodes: 15 
[prc2][info] Number of Variables: 30
[prc2][info] Number of Constraints: 293
[prc2][info] Time spent encoding: 0.15761065483093262
[prc2][info] Synthesizing programs...
[prc0][info] Number of Nodes: 15 
[prc0][info] Number of Variables: 30
[prc0][info] Number of Constraints: 302
[prc0][info] Time spent encoding: 0.18002653121948242
[prc0][info] Synthesizing programs...
[prc2][debug] Enumerator is exhausted after 386 attempts
[prc2][debug] Total Time: 10.345621
[prc2][debug] Total Solver Time: 0.24465632438659668
[prc2][info] No more queries to be tested. Solution not found!
[prc2][info] Increasing the number of lines of code.
[prc2][info] Lines of Code: 4
[prc2][info] Number of Nodes: 20 
[prc2][info] Number of Variables: 48
[prc2][info] Number of Constraints: 474
[prc2][info] Time spent encoding: 0.23981189727783203
[prc2][info] Synthesizing programs...
[prc0][debug] Total Solver Time: 0.4487185478210449
[prc0][info] Attempts: 500. Rejected: 27. Failed: 472.
[prc3][debug] Total Solver Time: 0.2925071716308594
[prc3][info] Attempts: 500. Rejected: 109. Failed: 390.
[prc1][debug] Total Solver Time: 0.2907731533050537
[prc1][info] Attempts: 500. Rejected: 107. Failed: 392.
[prc4][debug] Total Solver Time: 0.32396674156188965
[prc4][info] Attempts: 500. Rejected: 113. Failed: 386.
[prc3][debug] Enumerator is exhausted after 566 attempts
[prc3][debug] Total Time: 14.455518
[prc3][debug] Total Solver Time: 0.32895374298095703
[prc3][info] No more queries to be tested. Solution not found!
[prc3][info] Increasing the number of lines of code.
[prc3][info] Lines of Code: 4
[prc3][info] Number of Nodes: 16 
[prc3][info] Number of Variables: 38
[prc3][info] Number of Constraints: 228
[prc3][info] Time spent encoding: 0.13351726531982422
[prc3][info] Synthesizing programs...
[prc4][debug] Enumerator is exhausted after 566 attempts
[prc4][debug] Total Time: 15.369678
[prc4][debug] Total Solver Time: 0.36774277687072754
[prc4][info] No more queries to be tested. Solution not found!
[prc4][info] Increasing the number of lines of code.
[prc4][info] Lines of Code: 4
[prc4][info] Number of Nodes: 20 
[prc4][info] Number of Variables: 48
[prc4][info] Number of Constraints: 322
[prc4][info] Time spent encoding: 0.21421027183532715
[prc4][info] Synthesizing programs...
[prc1][debug] Enumerator is exhausted after 772 attempts
[prc1][debug] Total Time: 19.808419
[prc1][debug] Total Solver Time: 0.4448819160461426
[prc1][info] No more queries to be tested. Solution not found!
[prc1][info] Increasing the number of lines of code.
[prc1][info] Lines of Code: 4
[prc1][info] Number of Nodes: 16 
[prc1][info] Number of Variables: 38
[prc1][info] Number of Constraints: 428
[prc1][info] Time spent encoding: 0.19973278045654297
[prc1][info] Synthesizing programs...
[prc2][debug] Total Solver Time: 0.38966846466064453
[prc2][info] Attempts: 500. Rejected: 55. Failed: 444.
[prc0][debug] Total Solver Time: 0.8978993892669678
[prc0][info] Attempts: 1000. Rejected: 156. Failed: 843.
[prc0][debug] Enumerator is exhausted after 1015 attempts
[prc0][debug] Total Time: 26.840239
[prc0][debug] Total Solver Time: 0.9078202247619629
[prc0][info] No more queries to be tested. Solution not found!
[prc0][info] Increasing the number of lines of code.
[prc0][info] Lines of Code: 4
[prc0][info] Number of Nodes: 20 
[prc0][info] Number of Variables: 48
[prc0][info] Number of Constraints: 490
[prc0][info] Time spent encoding: 0.2877058982849121
[prc0][info] Synthesizing programs...
[prc3][debug] Total Solver Time: 0.334852933883667
[prc3][info] Attempts: 500. Rejected: 73. Failed: 426.
[prc4][debug] Total Solver Time: 0.39406776428222656
[prc4][info] Attempts: 500. Rejected: 27. Failed: 472.
[prc1][debug] Total Solver Time: 0.341106653213501
[prc1][info] Attempts: 500. Rejected: 42. Failed: 457.
[prc2][debug] Total Solver Time: 0.7808895111083984
[prc2][info] Attempts: 1000. Rejected: 77. Failed: 922.
[prc3][debug] Total Solver Time: 0.6762046813964844
[prc3][info] Attempts: 1000. Rejected: 126. Failed: 873.
[prc0][debug] Total Solver Time: 0.6379601955413818
[prc0][info] Attempts: 500. Rejected: 2. Failed: 497.
[prc4][debug] Total Solver Time: 0.7886810302734375
[prc4][info] Attempts: 1000. Rejected: 66. Failed: 933.
[prc1][debug] Total Solver Time: 0.6846878528594971
[prc1][info] Attempts: 1000. Rejected: 120. Failed: 879.
[prc3][debug] Total Solver Time: 1.022836685180664
[prc3][info] Attempts: 1500. Rejected: 154. Failed: 1345.
[prc2][debug] Total Solver Time: 1.1736526489257812
[prc2][info] Attempts: 1500. Rejected: 121. Failed: 1378.
[prc0][debug] Total Solver Time: 1.249372959136963
[prc0][info] Attempts: 1000. Rejected: 31. Failed: 968.
[prc4][debug] Total Solver Time: 1.17507004737854
[prc4][info] Attempts: 1500. Rejected: 128. Failed: 1371.
[prc1][debug] Total Solver Time: 1.0305018424987793
[prc1][info] Attempts: 1500. Rejected: 162. Failed: 1337.
[prc3][debug] Total Solver Time: 1.3777916431427002
[prc3][info] Attempts: 2000. Rejected: 166. Failed: 1833.
[prc2][debug] Total Solver Time: 1.567845106124878
[prc2][info] Attempts: 2000. Rejected: 209. Failed: 1790.
[prc4][debug] Total Solver Time: 1.5668187141418457
[prc4][info] Attempts: 2000. Rejected: 187. Failed: 1812.
[prc0][debug] Total Solver Time: 1.9469211101531982
[prc0][info] Attempts: 1500. Rejected: 112. Failed: 1387.
[prc1][debug] Total Solver Time: 1.3806405067443848
[prc1][info] Attempts: 2000. Rejected: 199. Failed: 1800.
[prc3][debug] Total Solver Time: 1.7403018474578857
[prc3][info] Attempts: 2500. Rejected: 181. Failed: 2318.
[prc3][debug] Total Solver Time: 1.9254076480865479
[prc3][info] Program accepted after 2754 attempts (187 rejected, 2566 failed)
[prc3][debug] Total Time: 72.096661
[prc3][info] Solution found: select(filter(inner_join3(summariseGrouped(@param0, meancost = mean(cost), P_id), @param0, @param1), cost > meancost), P_id,S_name, )
[prc3][debug] Solution found using process 3: Config(disabled=['semi_join', 'inner_join4', 'anti_join', 'left_join', 'bind_rows', 'intersect'], alt_empty_pos=False, shuffle_cols=False, z3_smt_phase=3, z3_smt_case_split=1, z3_sat_phase='random', z3_sat_restart='ema', z3_sat_branching='vsids', z3_QF_FD=True)

------------------------------------- R Solution ---------------------------------------

con <- DBI::dbConnect(RSQLite::SQLite(), ":memory:")
input1 <- read.csv("tests-examples/textbook/tables/17-1.txt")
input1 <- copy_to(con, input1)
input2 <- read.csv("tests-examples/textbook/tables/17-3.txt")
input2 <- copy_to(con, input2)
expected_output <- read.table("tests-examples/textbook/tables/17.out", sep =",", header=T)

RET_DF4854 <- input1 %>% group_by(P_id) %>% summarise(meancost = mean(cost))
RET_DF4855 <- inner_join(inner_join(RET_DF4854, input1), input2)
RET_DF4856 <- RET_DF4855 %>% ungroup() %>% filter(cost > meancost)
RET_DF4857 <- RET_DF4856 %>% ungroup() %>% select(P_id,S_name)


+++++++++++++++++++++++++++++++++++++ SQL Solution +++++++++++++++++++++++++++++++++++++

SELECT `P_id`,
       `S_name`
FROM
  (SELECT `P_id`,
          `meancost`,
          `S_key`,
          `cost`,
          `S_name`
   FROM
     (SELECT `P_id`,
             `meancost`,
             `S_key`,
             `cost`
      FROM
        (SELECT `P_id`,
                AVG(`cost`) AS `meancost`
         FROM `input1`
         GROUP BY `P_id`) AS `LHS`
      INNER JOIN `input1` AS `RHS` ON (`LHS`.`P_id` = `RHS`.`P_id`)) AS `LHS`
   INNER JOIN `input2` AS `RHS` ON (`LHS`.`S_key` = `RHS`.`S_key`))
WHERE (`cost` > `meancost`)
