[prc0][info] Parsing specification...
[prc1][info] Parsing specification...
[prc0][debug] Reading input files...
[prc2][info] Parsing specification...
[prc3][info] Parsing specification...
[prc4][info] Parsing specification...
[prc1][debug] Reading input files...
[prc2][debug] Reading input files...
[prc3][debug] Reading input files...
[prc4][debug] Reading input files...
con <- DBI::dbConnect(RSQLite::SQLite(), ":memory:")
input1 <- read.csv("tests-examples/textbook/tables/aircraft.txt")
input1 <- copy_to(con, input1)
input2 <- read.csv("tests-examples/textbook/tables/certified.txt")
input2 <- copy_to(con, input2)
expected_output <- read.table("tests-examples/textbook/tables/25.out", sep =",", header=T)

[prc0][debug] Generating DSL...
[prc0][debug] Building Tyrell spec from parse tree...
[prc0][debug] Processing type definitions...
[prc0][debug] Processing input/output definitions...
[prc0][debug] Processing function definitions...
[prc0][debug] Processing global predicates...
[prc0][info] Parsing succeeded
[prc0][info] Building synthesizer...
[prc0][info] Lines of Code: 1
con <- DBI::dbConnect(RSQLite::SQLite(), ":memory:")
input1 <- read.csv("tests-examples/textbook/tables/aircraft.txt")
input1 <- copy_to(con, input1)
input2 <- read.csv("tests-examples/textbook/tables/certified.txt")
input2 <- copy_to(con, input2)
expected_output <- read.table("tests-examples/textbook/tables/25.out", sep =",", header=T)

[prc1][debug] Generating DSL...
con <- DBI::dbConnect(RSQLite::SQLite(), ":memory:")
input1 <- read.csv("tests-examples/textbook/tables/aircraft.txt")
input1 <- copy_to(con, input1)
input2 <- read.csv("tests-examples/textbook/tables/certified.txt")
input2 <- copy_to(con, input2)
expected_output <- read.table("tests-examples/textbook/tables/25.out", sep =",", header=T)

[prc3][debug] Generating DSL...
con <- DBI::dbConnect(RSQLite::SQLite(), ":memory:")
input1 <- read.csv("tests-examples/textbook/tables/aircraft.txt")
input1 <- copy_to(con, input1)
input2 <- read.csv("tests-examples/textbook/tables/certified.txt")
input2 <- copy_to(con, input2)
expected_output <- read.table("tests-examples/textbook/tables/25.out", sep =",", header=T)

[prc2][debug] Generating DSL...
con <- DBI::dbConnect(RSQLite::SQLite(), ":memory:")
input1 <- read.csv("tests-examples/textbook/tables/aircraft.txt")
input1 <- copy_to(con, input1)
input2 <- read.csv("tests-examples/textbook/tables/certified.txt")
input2 <- copy_to(con, input2)
expected_output <- read.table("tests-examples/textbook/tables/25.out", sep =",", header=T)

[prc4][debug] Generating DSL...
[prc1][debug] Building Tyrell spec from parse tree...
[prc1][debug] Processing type definitions...
[prc3][debug] Building Tyrell spec from parse tree...
[prc3][debug] Processing type definitions...
[prc3][debug] Processing input/output definitions...
[prc3][debug] Processing function definitions...
[prc1][debug] Processing input/output definitions...
[prc1][debug] Processing function definitions...
[prc3][debug] Processing global predicates...
[prc4][debug] Building Tyrell spec from parse tree...
[prc4][debug] Processing type definitions...
[prc2][debug] Building Tyrell spec from parse tree...
[prc2][debug] Processing type definitions...
[prc1][debug] Processing global predicates...
[prc1][info] Parsing succeeded
[prc1][info] Building synthesizer...
[prc1][info] Lines of Code: 1
[prc3][info] Parsing succeeded
[prc3][info] Building synthesizer...
[prc3][info] Lines of Code: 1
[prc4][debug] Processing input/output definitions...
[prc2][debug] Processing input/output definitions...
[prc4][debug] Processing function definitions...
[prc2][debug] Processing function definitions...
[prc4][debug] Processing global predicates...
[prc2][debug] Processing global predicates...
[prc4][info] Parsing succeeded
[prc4][info] Building synthesizer...
[prc4][info] Lines of Code: 1
[prc2][info] Parsing succeeded
[prc2][info] Building synthesizer...
[prc2][info] Lines of Code: 1
[prc3][info] Number of Nodes: 5 
[prc3][info] Number of Variables: 6
[prc3][info] Number of Constraints: 40
[prc3][info] Time spent encoding: 0.08107686042785645
[prc3][warning] There is no solution for current depth (loc=0).
[prc3][info] Synthesizing programs...
[prc3][debug] Enumerator is exhausted after 0 attempts
[prc3][debug] Total Time: 0.000233
[prc3][debug] Total Solver Time: 3.3855438232421875e-05
[prc3][info] No more queries to be tested. Solution not found!
[prc3][info] Increasing the number of lines of code.
[prc3][info] Lines of Code: 2
[prc0][info] Number of Nodes: 5 
[prc0][info] Number of Variables: 6
[prc0][info] Number of Constraints: 63
[prc0][info] Time spent encoding: 0.10913729667663574
[prc1][info] Number of Nodes: 5 
[prc1][info] Number of Variables: 6
[prc1][info] Number of Constraints: 62
[prc1][info] Time spent encoding: 0.09053230285644531
[prc1][warning] There is no solution for current depth (loc=0).
[prc1][info] Synthesizing programs...
[prc1][debug] Enumerator is exhausted after 0 attempts
[prc1][debug] Total Time: 0.000229
[prc1][debug] Total Solver Time: 3.218650817871094e-05
[prc1][info] No more queries to be tested. Solution not found!
[prc1][info] Increasing the number of lines of code.
[prc1][info] Lines of Code: 2
[prc2][info] Number of Nodes: 5 
[prc2][info] Number of Variables: 6
[prc2][info] Number of Constraints: 62
[prc2][info] Time spent encoding: 0.09389424324035645
[prc4][info] Number of Nodes: 5 
[prc4][info] Number of Variables: 6
[prc4][info] Number of Constraints: 45
[prc4][info] Time spent encoding: 0.09520316123962402
[prc0][warning] There is no solution for current depth (loc=0).
[prc0][info] Synthesizing programs...
[prc2][warning] There is no solution for current depth (loc=0).
[prc2][info] Synthesizing programs...
[prc2][debug] Enumerator is exhausted after 0 attempts
[prc2][debug] Total Time: 0.000252
[prc2][debug] Total Solver Time: 4.8160552978515625e-05
[prc2][info] No more queries to be tested. Solution not found!
[prc2][info] Increasing the number of lines of code.
[prc2][info] Lines of Code: 2
[prc4][warning] There is no solution for current depth (loc=0).
[prc4][info] Synthesizing programs...
[prc4][debug] Enumerator is exhausted after 0 attempts
[prc4][debug] Total Time: 0.000252
[prc4][debug] Total Solver Time: 3.838539123535156e-05
[prc4][info] No more queries to be tested. Solution not found!
[prc4][info] Increasing the number of lines of code.
[prc4][info] Lines of Code: 2
[prc0][debug] Enumerator is exhausted after 0 attempts
[prc0][debug] Total Time: 0.013002
[prc0][debug] Total Solver Time: 0.012708663940429688
[prc0][info] No more queries to be tested. Solution not found!
[prc0][info] Increasing the number of lines of code.
[prc0][info] Lines of Code: 2
[prc3][info] Number of Nodes: 10 
[prc3][info] Number of Variables: 16
[prc3][info] Number of Constraints: 100
[prc3][info] Time spent encoding: 0.18085598945617676
[prc3][warning] There is no solution for current depth (loc=1).
[prc3][info] Synthesizing programs...
[prc3][debug] Enumerator is exhausted after 0 attempts
[prc3][debug] Total Time: 0.000093
[prc3][debug] Total Solver Time: 3.647804260253906e-05
[prc3][info] No more queries to be tested. Solution not found!
[prc3][info] Increasing the number of lines of code.
[prc3][info] Lines of Code: 3
[prc4][info] Number of Nodes: 10 
[prc4][info] Number of Variables: 16
[prc4][info] Number of Constraints: 118
[prc4][info] Time spent encoding: 0.19007372856140137
[prc1][info] Number of Nodes: 10 
[prc1][info] Number of Variables: 16
[prc1][info] Number of Constraints: 164
[prc1][info] Time spent encoding: 0.19810748100280762
[prc2][info] Number of Nodes: 10 
[prc2][info] Number of Variables: 16
[prc2][info] Number of Constraints: 166
[prc2][info] Time spent encoding: 0.19806385040283203
[prc4][warning] There is no solution for current depth (loc=1).
[prc4][info] Synthesizing programs...
[prc4][debug] Enumerator is exhausted after 0 attempts
[prc4][debug] Total Time: 0.000093
[prc4][debug] Total Solver Time: 3.504753112792969e-05
[prc4][info] No more queries to be tested. Solution not found!
[prc4][info] Increasing the number of lines of code.
[prc4][info] Lines of Code: 3
[prc1][warning] There is no solution for current depth (loc=1).
[prc1][info] Synthesizing programs...
[prc1][debug] Enumerator is exhausted after 0 attempts
[prc1][debug] Total Time: 0.000100
[prc1][debug] Total Solver Time: 4.1961669921875e-05
[prc1][info] No more queries to be tested. Solution not found!
[prc1][info] Increasing the number of lines of code.
[prc1][info] Lines of Code: 3
[prc2][warning] There is no solution for current depth (loc=1).
[prc2][info] Synthesizing programs...
[prc2][debug] Enumerator is exhausted after 0 attempts
[prc2][debug] Total Time: 0.000093
[prc2][debug] Total Solver Time: 3.528594970703125e-05
[prc2][info] No more queries to be tested. Solution not found!
[prc2][info] Increasing the number of lines of code.
[prc2][info] Lines of Code: 3
[prc0][info] Number of Nodes: 10 
[prc0][info] Number of Variables: 16
[prc0][info] Number of Constraints: 170
[prc0][info] Time spent encoding: 0.21839475631713867
[prc0][warning] There is no solution for current depth (loc=1).
[prc0][info] Synthesizing programs...
[prc0][debug] Enumerator is exhausted after 0 attempts
[prc0][debug] Total Time: 0.040083
[prc0][debug] Total Solver Time: 0.039917707443237305
[prc0][info] No more queries to be tested. Solution not found!
[prc0][info] Increasing the number of lines of code.
[prc0][info] Lines of Code: 3
[prc3][info] Number of Nodes: 15 
[prc3][info] Number of Variables: 30
[prc3][info] Number of Constraints: 182
[prc3][info] Time spent encoding: 0.29968833923339844
[prc3][warning] There is no solution for current depth (loc=2).
[prc3][info] Synthesizing programs...
[prc3][debug] Enumerator is exhausted after 0 attempts
[prc3][debug] Total Time: 0.000106
[prc3][debug] Total Solver Time: 4.4345855712890625e-05
[prc3][info] No more queries to be tested. Solution not found!
[prc3][info] Increasing the number of lines of code.
[prc3][info] Lines of Code: 4
[prc4][info] Number of Nodes: 15 
[prc4][info] Number of Variables: 30
[prc4][info] Number of Constraints: 221
[prc4][info] Time spent encoding: 0.3146977424621582
[prc1][info] Number of Nodes: 15 
[prc1][info] Number of Variables: 30
[prc1][info] Number of Constraints: 308
[prc1][info] Time spent encoding: 0.3373546600341797
[prc2][info] Number of Nodes: 15 
[prc2][info] Number of Variables: 30
[prc2][info] Number of Constraints: 314
[prc2][info] Time spent encoding: 0.3312046527862549
[prc4][warning] There is no solution for current depth (loc=2).
[prc4][info] Synthesizing programs...
[prc4][debug] Enumerator is exhausted after 0 attempts
[prc4][debug] Total Time: 0.000099
[prc4][debug] Total Solver Time: 4.100799560546875e-05
[prc4][info] No more queries to be tested. Solution not found!
[prc4][info] Increasing the number of lines of code.
[prc4][info] Lines of Code: 4
[prc2][warning] There is no solution for current depth (loc=2).
[prc2][info] Synthesizing programs...
[prc2][debug] Enumerator is exhausted after 0 attempts
[prc2][debug] Total Time: 0.000103
[prc2][debug] Total Solver Time: 4.3392181396484375e-05
[prc2][info] No more queries to be tested. Solution not found!
[prc2][info] Increasing the number of lines of code.
[prc2][info] Lines of Code: 4
[prc1][warning] There is no solution for current depth (loc=2).
[prc1][info] Synthesizing programs...
[prc1][debug] Enumerator is exhausted after 0 attempts
[prc1][debug] Total Time: 0.000104
[prc1][debug] Total Solver Time: 4.291534423828125e-05
[prc1][info] No more queries to be tested. Solution not found!
[prc1][info] Increasing the number of lines of code.
[prc1][info] Lines of Code: 4
[prc0][info] Number of Nodes: 15 
[prc0][info] Number of Variables: 30
[prc0][info] Number of Constraints: 323
[prc0][info] Time spent encoding: 0.36762309074401855
[prc0][warning] There is no solution for current depth (loc=2).
[prc0][info] Synthesizing programs...
[prc0][debug] Enumerator is exhausted after 0 attempts
[prc0][debug] Total Time: 0.106243
[prc0][debug] Total Solver Time: 0.1060948371887207
[prc0][info] No more queries to be tested. Solution not found!
[prc0][info] Increasing the number of lines of code.
[prc0][info] Lines of Code: 4
[prc3][info] Number of Nodes: 20 
[prc3][info] Number of Variables: 48
[prc3][info] Number of Constraints: 286
[prc3][info] Time spent encoding: 0.437669038772583
[prc3][info] Synthesizing programs...
[prc4][info] Number of Nodes: 20 
[prc4][info] Number of Variables: 48
[prc4][info] Number of Constraints: 354
[prc4][info] Time spent encoding: 0.48087549209594727
[prc2][info] Number of Nodes: 20 
[prc2][info] Number of Variables: 48
[prc2][info] Number of Constraints: 506
[prc2][info] Time spent encoding: 0.5043377876281738
[prc1][info] Number of Nodes: 20 
[prc1][info] Number of Variables: 48
[prc1][info] Number of Constraints: 494
[prc1][info] Time spent encoding: 0.5035419464111328
[prc4][warning] There is no solution for current depth (loc=3).
[prc4][info] Synthesizing programs...
[prc4][debug] Enumerator is exhausted after 0 attempts
[prc4][debug] Total Time: 0.000104
[prc4][debug] Total Solver Time: 4.38690185546875e-05
[prc4][info] No more queries to be tested. Solution not found!
[prc4][info] Increasing the number of lines of code.
[prc4][info] Lines of Code: 5
[prc2][warning] There is no solution for current depth (loc=3).
[prc2][info] Synthesizing programs...
[prc2][debug] Enumerator is exhausted after 0 attempts
[prc2][debug] Total Time: 0.000106
[prc2][debug] Total Solver Time: 4.4345855712890625e-05
[prc2][info] No more queries to be tested. Solution not found!
[prc2][info] Increasing the number of lines of code.
[prc2][info] Lines of Code: 5
[prc1][info] Synthesizing programs...
[prc0][info] Number of Nodes: 20 
[prc0][info] Number of Variables: 48
[prc0][info] Number of Constraints: 522
[prc0][info] Time spent encoding: 0.5502011775970459
[prc4][info] Number of Nodes: 25 
[prc4][info] Number of Variables: 70
[prc4][info] Number of Constraints: 517
[prc4][info] Time spent encoding: 0.6665799617767334
[prc0][warning] There is no solution for current depth (loc=3).
[prc0][info] Synthesizing programs...
[prc2][info] Number of Nodes: 25 
[prc2][info] Number of Variables: 70
[prc2][info] Number of Constraints: 742
[prc2][info] Time spent encoding: 0.6987712383270264
[prc4][info] Synthesizing programs...
[prc2][info] Synthesizing programs...
[prc0][debug] Enumerator is exhausted after 0 attempts
[prc0][debug] Total Time: 0.384280
[prc0][debug] Total Solver Time: 0.38408398628234863
[prc0][info] No more queries to be tested. Solution not found!
[prc0][info] Increasing the number of lines of code.
[prc0][info] Lines of Code: 5
[prc0][info] Number of Nodes: 25 
[prc0][info] Number of Variables: 70
[prc0][info] Number of Constraints: 767
[prc0][info] Time spent encoding: 0.7748942375183105
[prc0][info] Synthesizing programs...
[prc3][debug] Total Solver Time: 0.4782083034515381
[prc3][info] Attempts: 500. Rejected: 0. Failed: 499.
[prc1][debug] Total Solver Time: 0.45682621002197266
[prc1][info] Attempts: 500. Rejected: 1. Failed: 498.
[prc2][debug] Total Solver Time: 0.6862952709197998
[prc2][info] Attempts: 500. Rejected: 20. Failed: 479.
[prc4][debug] Total Solver Time: 0.6035003662109375
[prc4][info] Attempts: 500. Rejected: 3. Failed: 496.
[prc0][debug] Total Solver Time: 2.0917372703552246
[prc0][info] Attempts: 500. Rejected: 14. Failed: 485.
[prc3][debug] Total Solver Time: 0.9356253147125244
[prc3][info] Attempts: 1000. Rejected: 0. Failed: 999.
[prc1][debug] Total Solver Time: 0.8994028568267822
[prc1][info] Attempts: 1000. Rejected: 1. Failed: 998.
[prc2][debug] Total Solver Time: 1.1973950862884521
[prc2][info] Attempts: 1000. Rejected: 21. Failed: 978.
[prc4][debug] Total Solver Time: 1.1368329524993896
[prc4][info] Attempts: 1000. Rejected: 7. Failed: 992.
[prc1][debug] Total Solver Time: 1.3525400161743164
[prc1][info] Attempts: 1500. Rejected: 1. Failed: 1498.
[prc3][debug] Total Solver Time: 1.4136316776275635
[prc3][info] Attempts: 1500. Rejected: 0. Failed: 1499.
[prc0][debug] Total Solver Time: 3.4366724491119385
[prc0][info] Attempts: 1000. Rejected: 18. Failed: 981.
[prc1][debug] Total Solver Time: 1.8179547786712646
[prc1][info] Attempts: 2000. Rejected: 2. Failed: 1997.
[prc3][debug] Total Solver Time: 1.911620855331421
[prc3][info] Attempts: 2000. Rejected: 0. Failed: 1999.
[prc2][debug] Total Solver Time: 1.709700584411621
[prc2][info] Attempts: 1500. Rejected: 30. Failed: 1469.
[prc4][debug] Total Solver Time: 1.6785471439361572
[prc4][info] Attempts: 1500. Rejected: 10. Failed: 1489.
[prc3][debug] Total Solver Time: 2.4299979209899902
[prc3][info] Attempts: 2500. Rejected: 0. Failed: 2499.
[prc1][debug] Total Solver Time: 2.2863614559173584
[prc1][info] Attempts: 2500. Rejected: 3. Failed: 2496.
[prc0][debug] Total Solver Time: 4.8777735233306885
[prc0][info] Attempts: 1500. Rejected: 66. Failed: 1433.
[prc2][debug] Total Solver Time: 2.233076810836792
[prc2][info] Attempts: 2000. Rejected: 35. Failed: 1964.
[prc4][debug] Total Solver Time: 2.2103111743927
[prc4][info] Attempts: 2000. Rejected: 10. Failed: 1989.
[prc3][debug] Total Solver Time: 2.9238502979278564
[prc3][info] Attempts: 3000. Rejected: 1. Failed: 2998.
[prc1][debug] Total Solver Time: 2.75130558013916
[prc1][info] Attempts: 3000. Rejected: 5. Failed: 2994.
[prc2][debug] Total Solver Time: 2.7484545707702637
[prc2][info] Attempts: 2500. Rejected: 36. Failed: 2463.
[prc0][debug] Total Solver Time: 6.688691139221191
[prc0][info] Attempts: 2000. Rejected: 73. Failed: 1926.
[prc3][debug] Total Solver Time: 3.3911893367767334
[prc3][info] Attempts: 3500. Rejected: 2. Failed: 3497.
[prc1][debug] Total Solver Time: 3.2113125324249268
[prc1][info] Attempts: 3500. Rejected: 5. Failed: 3494.
[prc4][debug] Total Solver Time: 2.751530170440674
[prc4][info] Attempts: 2500. Rejected: 12. Failed: 2487.
[prc2][debug] Total Solver Time: 3.2649178504943848
[prc2][info] Attempts: 3000. Rejected: 36. Failed: 2963.
[prc3][debug] Total Solver Time: 3.8566174507141113
[prc3][info] Attempts: 4000. Rejected: 3. Failed: 3996.
[prc1][debug] Total Solver Time: 3.6612064838409424
[prc1][info] Attempts: 4000. Rejected: 8. Failed: 3991.
[prc0][debug] Total Solver Time: 8.535070180892944
[prc0][info] Attempts: 2500. Rejected: 73. Failed: 2426.
[prc4][debug] Total Solver Time: 3.2935211658477783
[prc4][info] Attempts: 3000. Rejected: 26. Failed: 2973.
[prc3][debug] Total Solver Time: 4.319411754608154
[prc3][info] Attempts: 4500. Rejected: 3. Failed: 4496.
[prc1][debug] Total Solver Time: 4.125724792480469
[prc1][info] Attempts: 4500. Rejected: 9. Failed: 4490.
[prc2][debug] Total Solver Time: 3.7875053882598877
[prc2][info] Attempts: 3500. Rejected: 37. Failed: 3462.
[prc3][debug] Total Solver Time: 4.79719352722168
[prc3][info] Attempts: 5000. Rejected: 4. Failed: 4995.
[prc4][debug] Total Solver Time: 3.8428661823272705
[prc4][info] Attempts: 3500. Rejected: 27. Failed: 3472.
[prc0][debug] Total Solver Time: 10.490708112716675
[prc0][info] Attempts: 3000. Rejected: 73. Failed: 2926.
[prc1][debug] Total Solver Time: 4.61552619934082
[prc1][info] Attempts: 5000. Rejected: 9. Failed: 4990.
[prc2][debug] Total Solver Time: 4.32185697555542
[prc2][info] Attempts: 4000. Rejected: 45. Failed: 3954.
[prc3][debug] Total Solver Time: 5.290655612945557
[prc3][info] Attempts: 5500. Rejected: 4. Failed: 5495.
[prc1][debug] Total Solver Time: 5.091431617736816
[prc1][info] Attempts: 5500. Rejected: 11. Failed: 5488.
[prc4][debug] Total Solver Time: 4.4005560874938965
[prc4][info] Attempts: 4000. Rejected: 27. Failed: 3972.
[prc0][debug] Total Solver Time: 12.783076047897339
[prc0][info] Attempts: 3500. Rejected: 73. Failed: 3426.
[prc2][debug] Total Solver Time: 4.867953777313232
[prc2][info] Attempts: 4500. Rejected: 73. Failed: 4426.
[prc3][debug] Total Solver Time: 5.777218580245972
[prc3][info] Attempts: 6000. Rejected: 4. Failed: 5995.
[prc1][debug] Total Solver Time: 5.574712753295898
[prc1][info] Attempts: 6000. Rejected: 12. Failed: 5987.
[prc4][debug] Total Solver Time: 4.9744579792022705
[prc4][info] Attempts: 4500. Rejected: 28. Failed: 4471.
[prc3][debug] Total Solver Time: 6.2847607135772705
[prc3][info] Attempts: 6500. Rejected: 4. Failed: 6495.
[prc1][debug] Total Solver Time: 6.069324254989624
[prc1][info] Attempts: 6500. Rejected: 14. Failed: 6485.
[prc2][debug] Total Solver Time: 5.405618667602539
[prc2][info] Attempts: 5000. Rejected: 73. Failed: 4926.
[prc0][debug] Total Solver Time: 15.290022134780884
[prc0][info] Attempts: 4000. Rejected: 73. Failed: 3926.
[prc3][debug] Total Solver Time: 6.794906854629517
[prc3][info] Attempts: 7000. Rejected: 6. Failed: 6993.
[prc4][debug] Total Solver Time: 5.557353973388672
[prc4][info] Attempts: 5000. Rejected: 28. Failed: 4971.
[prc1][debug] Total Solver Time: 6.555429935455322
[prc1][info] Attempts: 7000. Rejected: 15. Failed: 6984.
[prc2][debug] Total Solver Time: 5.95229697227478
[prc2][info] Attempts: 5500. Rejected: 73. Failed: 5426.
[prc3][debug] Total Solver Time: 7.3164167404174805
[prc3][info] Attempts: 7500. Rejected: 6. Failed: 7493.
[prc0][debug] Total Solver Time: 17.93939757347107
[prc0][info] Attempts: 4500. Rejected: 78. Failed: 4421.
[prc1][debug] Total Solver Time: 7.073911905288696
[prc1][info] Attempts: 7500. Rejected: 17. Failed: 7482.
[prc4][debug] Total Solver Time: 6.112154722213745
[prc4][info] Attempts: 5500. Rejected: 28. Failed: 5471.
[prc3][debug] Total Solver Time: 7.8084917068481445
[prc3][info] Attempts: 8000. Rejected: 6. Failed: 7993.
[prc2][debug] Total Solver Time: 6.495575666427612
[prc2][info] Attempts: 6000. Rejected: 77. Failed: 5922.
[prc1][debug] Total Solver Time: 7.585431814193726
[prc1][info] Attempts: 8000. Rejected: 17. Failed: 7982.
[prc0][debug] Total Solver Time: 20.874927282333374
[prc0][info] Attempts: 5000. Rejected: 83. Failed: 4916.
[prc3][debug] Total Solver Time: 8.321200132369995
[prc3][info] Attempts: 8500. Rejected: 7. Failed: 8492.
[prc4][debug] Total Solver Time: 6.67114520072937
[prc4][info] Attempts: 6000. Rejected: 28. Failed: 5971.
[prc1][debug] Total Solver Time: 8.092691898345947
[prc1][info] Attempts: 8500. Rejected: 20. Failed: 8479.
[prc2][debug] Total Solver Time: 7.152949094772339
[prc2][info] Attempts: 6500. Rejected: 77. Failed: 6422.
[prc3][debug] Total Solver Time: 8.827908992767334
[prc3][info] Attempts: 9000. Rejected: 7. Failed: 8992.
[prc1][debug] Total Solver Time: 8.629924058914185
[prc1][info] Attempts: 9000. Rejected: 20. Failed: 8979.
[prc4][debug] Total Solver Time: 7.232872247695923
[prc4][info] Attempts: 6500. Rejected: 28. Failed: 6471.
[prc0][debug] Total Solver Time: 23.88433575630188
[prc0][info] Attempts: 5500. Rejected: 95. Failed: 5404.
[prc2][debug] Total Solver Time: 7.688486337661743
[prc2][info] Attempts: 7000. Rejected: 105. Failed: 6894.
[prc3][debug] Total Solver Time: 9.317037343978882
[prc3][info] Attempts: 9500. Rejected: 7. Failed: 9492.
[prc1][debug] Total Solver Time: 9.134922504425049
[prc1][info] Attempts: 9500. Rejected: 20. Failed: 9479.
[prc4][debug] Total Solver Time: 7.810958385467529
[prc4][info] Attempts: 7000. Rejected: 33. Failed: 6966.
[prc2][debug] Total Solver Time: 8.26369047164917
[prc2][info] Attempts: 7500. Rejected: 107. Failed: 7392.
[prc3][debug] Total Solver Time: 9.848816871643066
[prc3][info] Attempts: 10000. Rejected: 13. Failed: 9986.
[prc1][debug] Total Solver Time: 9.638331174850464
[prc1][info] Attempts: 10000. Rejected: 20. Failed: 9979.
[prc0][debug] Total Solver Time: 27.077715396881104
[prc0][info] Attempts: 6000. Rejected: 125. Failed: 5874.
[prc4][debug] Total Solver Time: 8.38102650642395
[prc4][info] Attempts: 7500. Rejected: 40. Failed: 7459.
[prc3][debug] Total Solver Time: 10.385696411132812
[prc3][info] Attempts: 10500. Rejected: 17. Failed: 10482.
[prc1][debug] Total Solver Time: 10.158742427825928
[prc1][info] Attempts: 10500. Rejected: 20. Failed: 10479.
[prc2][debug] Total Solver Time: 8.880777597427368
[prc2][info] Attempts: 8000. Rejected: 107. Failed: 7892.
[prc3][debug] Total Solver Time: 10.93163514137268
[prc3][info] Attempts: 11000. Rejected: 17. Failed: 10982.
[prc1][debug] Total Solver Time: 10.701937198638916
[prc1][info] Attempts: 11000. Rejected: 20. Failed: 10979.
[prc0][debug] Total Solver Time: 30.365151166915894
[prc0][info] Attempts: 6500. Rejected: 125. Failed: 6374.
[prc4][debug] Total Solver Time: 8.98419976234436
[prc4][info] Attempts: 8000. Rejected: 45. Failed: 7954.
[prc2][debug] Total Solver Time: 9.47299599647522
[prc2][info] Attempts: 8500. Rejected: 109. Failed: 8390.
[prc3][debug] Total Solver Time: 11.49476408958435
[prc3][info] Attempts: 11500. Rejected: 18. Failed: 11481.
[prc1][debug] Total Solver Time: 11.264259099960327
[prc1][info] Attempts: 11500. Rejected: 20. Failed: 11479.
[prc2][debug] Total Solver Time: 10.060709953308105
[prc2][info] Attempts: 9000. Rejected: 111. Failed: 8888.
[prc0][debug] Total Solver Time: 33.75983190536499
[prc0][info] Attempts: 7000. Rejected: 157. Failed: 6842.
[prc4][debug] Total Solver Time: 9.550984382629395
[prc4][info] Attempts: 8500. Rejected: 50. Failed: 8449.
[prc3][debug] Total Solver Time: 12.046818733215332
[prc3][info] Attempts: 12000. Rejected: 19. Failed: 11980.
[prc1][debug] Total Solver Time: 11.85631799697876
[prc1][info] Attempts: 12000. Rejected: 20. Failed: 11979.
[prc3][debug] Total Solver Time: 12.701535701751709
[prc3][info] Attempts: 12500. Rejected: 20. Failed: 12479.
[prc1][debug] Total Solver Time: 12.429812669754028
[prc1][info] Attempts: 12500. Rejected: 20. Failed: 12479.
[prc2][debug] Total Solver Time: 10.641551971435547
[prc2][info] Attempts: 9500. Rejected: 118. Failed: 9381.
[prc4][debug] Total Solver Time: 10.1525297164917
[prc4][info] Attempts: 9000. Rejected: 51. Failed: 8948.
[prc0][debug] Total Solver Time: 37.83255577087402
[prc0][info] Attempts: 7500. Rejected: 157. Failed: 7342.
[prc3][debug] Total Solver Time: 13.272004127502441
[prc3][info] Attempts: 13000. Rejected: 20. Failed: 12979.
[prc1][debug] Total Solver Time: 13.01303768157959
[prc1][info] Attempts: 13000. Rejected: 20. Failed: 12979.
[prc2][debug] Total Solver Time: 11.185916185379028
[prc2][info] Attempts: 10000. Rejected: 118. Failed: 9881.
[prc4][debug] Total Solver Time: 10.731586933135986
[prc4][info] Attempts: 9500. Rejected: 54. Failed: 9445.
[prc3][debug] Total Solver Time: 13.815636396408081
[prc3][info] Attempts: 13500. Rejected: 20. Failed: 13479.
[prc1][debug] Total Solver Time: 13.594729661941528
[prc1][info] Attempts: 13500. Rejected: 20. Failed: 13479.
[prc0][debug] Total Solver Time: 42.22534394264221
[prc0][info] Attempts: 8000. Rejected: 157. Failed: 7842.
[prc3][debug] Total Solver Time: 14.366485595703125
[prc3][info] Attempts: 14000. Rejected: 20. Failed: 13979.
[prc2][debug] Total Solver Time: 11.742369413375854
[prc2][info] Attempts: 10500. Rejected: 124. Failed: 10375.
[prc1][debug] Total Solver Time: 14.16365361213684
[prc1][info] Attempts: 14000. Rejected: 24. Failed: 13975.
[prc4][debug] Total Solver Time: 11.306675910949707
[prc4][info] Attempts: 10000. Rejected: 55. Failed: 9944.
[prc3][debug] Total Solver Time: 14.936652421951294
[prc3][info] Attempts: 14500. Rejected: 20. Failed: 14479.
[prc0][debug] Total Solver Time: 47.34134602546692
[prc0][info] Attempts: 8500. Rejected: 157. Failed: 8342.
[prc2][debug] Total Solver Time: 12.306077480316162
[prc2][info] Attempts: 11000. Rejected: 125. Failed: 10874.
[prc1][debug] Total Solver Time: 14.747743368148804
[prc1][info] Attempts: 14500. Rejected: 24. Failed: 14475.
[prc4][debug] Total Solver Time: 11.866544961929321
[prc4][info] Attempts: 10500. Rejected: 56. Failed: 10443.
[prc3][debug] Total Solver Time: 15.525542736053467
[prc3][info] Attempts: 15000. Rejected: 20. Failed: 14979.
[prc1][debug] Total Solver Time: 15.347477912902832
[prc1][info] Attempts: 15000. Rejected: 24. Failed: 14975.
[prc2][debug] Total Solver Time: 12.882862329483032
[prc2][info] Attempts: 11500. Rejected: 127. Failed: 11372.
[prc0][debug] Total Solver Time: 52.68554759025574
[prc0][info] Attempts: 9000. Rejected: 157. Failed: 8842.
[prc3][debug] Total Solver Time: 16.136563301086426
[prc3][info] Attempts: 15500. Rejected: 20. Failed: 15479.
[prc4][debug] Total Solver Time: 12.443929195404053
[prc4][info] Attempts: 11000. Rejected: 68. Failed: 10931.
[prc1][debug] Total Solver Time: 15.969155550003052
[prc1][info] Attempts: 15500. Rejected: 25. Failed: 15474.
[prc3][debug] Total Solver Time: 16.76997947692871
[prc3][info] Attempts: 16000. Rejected: 20. Failed: 15979.
[prc2][debug] Total Solver Time: 13.491050720214844
[prc2][info] Attempts: 12000. Rejected: 129. Failed: 11870.
[prc0][debug] Total Solver Time: 58.334468126297
[prc0][info] Attempts: 9500. Rejected: 157. Failed: 9342.
[prc1][debug] Total Solver Time: 16.57573437690735
[prc1][info] Attempts: 16000. Rejected: 26. Failed: 15973.
[prc4][debug] Total Solver Time: 13.032087564468384
[prc4][info] Attempts: 11500. Rejected: 68. Failed: 11431.
[prc3][debug] Total Solver Time: 17.41265106201172
[prc3][info] Attempts: 16500. Rejected: 20. Failed: 16479.
[prc2][debug] Total Solver Time: 14.064629316329956
[prc2][info] Attempts: 12500. Rejected: 139. Failed: 12360.
[prc1][debug] Total Solver Time: 17.10126495361328
[prc1][info] Attempts: 16500. Rejected: 26. Failed: 16473.
[prc3][debug] Total Solver Time: 18.07793664932251
[prc3][info] Attempts: 17000. Rejected: 20. Failed: 16979.
[prc4][debug] Total Solver Time: 13.640476942062378
[prc4][info] Attempts: 12000. Rejected: 68. Failed: 11931.
[prc0][debug] Total Solver Time: 63.614402055740356
[prc0][info] Attempts: 10000. Rejected: 157. Failed: 9842.
[prc1][debug] Total Solver Time: 17.63337206840515
[prc1][info] Attempts: 17000. Rejected: 27. Failed: 16972.
[prc2][debug] Total Solver Time: 14.647382497787476
[prc2][info] Attempts: 13000. Rejected: 156. Failed: 12843.
[prc3][debug] Total Solver Time: 18.75950837135315
[prc3][info] Attempts: 17500. Rejected: 20. Failed: 17479.
[prc4][debug] Total Solver Time: 14.311125755310059
[prc4][info] Attempts: 12500. Rejected: 73. Failed: 12426.
[prc1][debug] Total Solver Time: 18.282606840133667
[prc1][info] Attempts: 17500. Rejected: 27. Failed: 17472.
[prc3][debug] Total Solver Time: 19.463668823242188
[prc3][info] Attempts: 18000. Rejected: 20. Failed: 17979.
[prc2][debug] Total Solver Time: 15.248762607574463
[prc2][info] Attempts: 13500. Rejected: 157. Failed: 13342.
[prc0][debug] Total Solver Time: 69.61830592155457
[prc0][info] Attempts: 10500. Rejected: 157. Failed: 10342.
[prc1][debug] Total Solver Time: 18.96164059638977
[prc1][info] Attempts: 18000. Rejected: 27. Failed: 17972.
[prc3][debug] Total Solver Time: 20.18487024307251
[prc3][info] Attempts: 18500. Rejected: 20. Failed: 18479.
[prc4][debug] Total Solver Time: 14.99176573753357
[prc4][info] Attempts: 13000. Rejected: 81. Failed: 12918.
[prc2][debug] Total Solver Time: 15.874806642532349
[prc2][info] Attempts: 14000. Rejected: 157. Failed: 13842.
[prc1][debug] Total Solver Time: 19.647376537322998
[prc1][info] Attempts: 18500. Rejected: 28. Failed: 18471.
[prc0][debug] Total Solver Time: 76.06156754493713
[prc0][info] Attempts: 11000. Rejected: 157. Failed: 10842.
[prc3][debug] Total Solver Time: 20.75941300392151
[prc3][info] Attempts: 19000. Rejected: 24. Failed: 18975.
[prc4][debug] Total Solver Time: 15.678438901901245
[prc4][info] Attempts: 13500. Rejected: 87. Failed: 13412.
[prc1][debug] Total Solver Time: 20.27944564819336
[prc1][info] Attempts: 19000. Rejected: 28. Failed: 18971.
[prc3][debug] Total Solver Time: 21.26722002029419
[prc3][info] Attempts: 19500. Rejected: 24. Failed: 19475.
[prc2][debug] Total Solver Time: 16.437584400177002
[prc2][info] Attempts: 14500. Rejected: 206. Failed: 14293.
[prc1][debug] Total Solver Time: 20.93118190765381
[prc1][info] Attempts: 19500. Rejected: 28. Failed: 19471.
[prc0][debug] Total Solver Time: 82.35334825515747
[prc0][info] Attempts: 11500. Rejected: 157. Failed: 11342.
[prc3][debug] Total Solver Time: 21.767832040786743
[prc3][info] Attempts: 20000. Rejected: 24. Failed: 19975.
[prc4][debug] Total Solver Time: 16.33358383178711
[prc4][info] Attempts: 14000. Rejected: 90. Failed: 13909.
[prc2][debug] Total Solver Time: 16.98725152015686
[prc2][info] Attempts: 15000. Rejected: 206. Failed: 14793.
[prc1][debug] Total Solver Time: 21.60908555984497
[prc1][info] Attempts: 20000. Rejected: 28. Failed: 19971.
[prc3][debug] Total Solver Time: 22.264246463775635
[prc3][info] Attempts: 20500. Rejected: 24. Failed: 20475.
[prc4][debug] Total Solver Time: 16.93185520172119
[prc4][info] Attempts: 14500. Rejected: 90. Failed: 14409.
[prc1][debug] Total Solver Time: 22.306057453155518
[prc1][info] Attempts: 20500. Rejected: 28. Failed: 20471.
[prc2][debug] Total Solver Time: 17.561235666275024
[prc2][info] Attempts: 15500. Rejected: 208. Failed: 15291.
[prc0][debug] Total Solver Time: 88.25772666931152
[prc0][info] Attempts: 12000. Rejected: 157. Failed: 11842.
[prc3][debug] Total Solver Time: 22.830665826797485
[prc3][info] Attempts: 21000. Rejected: 24. Failed: 20975.
[prc1][debug] Total Solver Time: 23.024840116500854
[prc1][info] Attempts: 21000. Rejected: 28. Failed: 20971.
[prc3][debug] Total Solver Time: 23.416698217391968
[prc3][info] Attempts: 21500. Rejected: 24. Failed: 21475.
[prc4][debug] Total Solver Time: 17.53481698036194
[prc4][info] Attempts: 15000. Rejected: 102. Failed: 14897.
[prc2][debug] Total Solver Time: 18.15690040588379
[prc2][info] Attempts: 16000. Rejected: 210. Failed: 15789.
[prc0][debug] Total Solver Time: 95.00967860221863
[prc0][info] Attempts: 12500. Rejected: 157. Failed: 12342.
[prc1][debug] Total Solver Time: 23.758904933929443
[prc1][info] Attempts: 21500. Rejected: 28. Failed: 21471.
[prc3][debug] Total Solver Time: 24.01635432243347
[prc3][info] Attempts: 22000. Rejected: 24. Failed: 21975.
[prc2][debug] Total Solver Time: 18.852240562438965
[prc2][info] Attempts: 16500. Rejected: 216. Failed: 16283.
[prc4][debug] Total Solver Time: 18.13399052619934
[prc4][info] Attempts: 15500. Rejected: 112. Failed: 15387.
[prc1][debug] Total Solver Time: 24.506794214248657
[prc1][info] Attempts: 22000. Rejected: 28. Failed: 21971.
[prc3][debug] Total Solver Time: 24.88260579109192
[prc3][info] Attempts: 22500. Rejected: 24. Failed: 22475.
[prc0][debug] Total Solver Time: 103.63640522956848
[prc0][info] Attempts: 13000. Rejected: 157. Failed: 12842.
[prc1][debug] Total Solver Time: 25.2788724899292
[prc1][info] Attempts: 22500. Rejected: 28. Failed: 22471.
[prc2][debug] Total Solver Time: 19.484737873077393
[prc2][info] Attempts: 17000. Rejected: 228. Failed: 16771.
[prc3][debug] Total Solver Time: 25.964874982833862
[prc3][info] Attempts: 23000. Rejected: 24. Failed: 22975.
[prc4][debug] Total Solver Time: 18.732421875
[prc4][info] Attempts: 16000. Rejected: 115. Failed: 15884.
[prc1][debug] Total Solver Time: 26.051941871643066
[prc1][info] Attempts: 23000. Rejected: 28. Failed: 22971.
[prc3][debug] Total Solver Time: 26.65894341468811
[prc3][info] Attempts: 23500. Rejected: 24. Failed: 23475.
[prc2][debug] Total Solver Time: 20.10251522064209
[prc2][info] Attempts: 17500. Rejected: 232. Failed: 17267.
[prc4][debug] Total Solver Time: 19.45411467552185
[prc4][info] Attempts: 16500. Rejected: 117. Failed: 16382.
[prc1][debug] Total Solver Time: 26.576796054840088
[prc1][info] Attempts: 23500. Rejected: 31. Failed: 23468.
[prc0][debug] Total Solver Time: 112.58553171157837
[prc0][info] Attempts: 13500. Rejected: 157. Failed: 13342.
[prc3][debug] Total Solver Time: 27.19104838371277
[prc3][info] Attempts: 24000. Rejected: 24. Failed: 23975.
[prc2][debug] Total Solver Time: 20.83029818534851
[prc2][info] Attempts: 18000. Rejected: 233. Failed: 17766.
[prc1][debug] Total Solver Time: 27.08682370185852
[prc1][info] Attempts: 24000. Rejected: 31. Failed: 23968.
[prc3][debug] Total Solver Time: 27.728246450424194
[prc3][info] Attempts: 24500. Rejected: 24. Failed: 24475.
[prc4][debug] Total Solver Time: 20.082515954971313
[prc4][info] Attempts: 17000. Rejected: 117. Failed: 16882.
[prc1][debug] Total Solver Time: 27.583011388778687
[prc1][info] Attempts: 24500. Rejected: 31. Failed: 24468.
[prc3][debug] Total Solver Time: 28.27046036720276
[prc3][info] Attempts: 25000. Rejected: 24. Failed: 24975.
[prc0][debug] Total Solver Time: 121.61201071739197
[prc0][info] Attempts: 14000. Rejected: 157. Failed: 13842.
[prc2][debug] Total Solver Time: 21.51988935470581
[prc2][info] Attempts: 18500. Rejected: 240. Failed: 18259.
[prc4][debug] Total Solver Time: 20.730347633361816
[prc4][info] Attempts: 17500. Rejected: 117. Failed: 17382.
[prc1][debug] Total Solver Time: 28.099380493164062
[prc1][info] Attempts: 25000. Rejected: 31. Failed: 24968.
[prc3][debug] Total Solver Time: 29.111559867858887
[prc3][info] Attempts: 25500. Rejected: 24. Failed: 25475.
[prc2][debug] Total Solver Time: 22.210938692092896
[prc2][info] Attempts: 19000. Rejected: 251. Failed: 18748.
[prc4][debug] Total Solver Time: 21.346686840057373
[prc4][info] Attempts: 18000. Rejected: 133. Failed: 17866.
[prc1][debug] Total Solver Time: 28.631033658981323
[prc1][info] Attempts: 25500. Rejected: 32. Failed: 25467.
[prc3][debug] Total Solver Time: 29.82178783416748
[prc3][info] Attempts: 26000. Rejected: 24. Failed: 25975.
[prc0][debug] Total Solver Time: 130.62551140785217
[prc0][info] Attempts: 14500. Rejected: 157. Failed: 14342.
[prc2][debug] Total Solver Time: 22.945330381393433
[prc2][info] Attempts: 19500. Rejected: 261. Failed: 19238.
[prc3][debug] Total Solver Time: 30.505792140960693
[prc3][info] Attempts: 26500. Rejected: 24. Failed: 26475.
[prc1][debug] Total Solver Time: 29.25516700744629
[prc1][info] Attempts: 26000. Rejected: 32. Failed: 25967.
[prc4][debug] Total Solver Time: 22.073031425476074
[prc4][info] Attempts: 18500. Rejected: 135. Failed: 18364.
