[prc0][info] Parsing specification...
[prc2][info] Parsing specification...
[prc1][info] Parsing specification...
[prc3][info] Parsing specification...
[prc2][debug] Reading input files...
[prc4][info] Parsing specification...
[prc0][debug] Reading input files...
[prc1][debug] Reading input files...
[prc3][debug] Reading input files...
[prc4][debug] Reading input files...
con <- DBI::dbConnect(RSQLite::SQLite(), ":memory:")
input1 <- read.csv("tests-examples/textbook/tables/4-1.txt")
input1 <- copy_to(con, input1)
input2 <- read.csv("tests-examples/textbook/tables/4-2.txt")
input2 <- copy_to(con, input2)
input3 <- read.csv("tests-examples/textbook/tables/4-3.txt")
input3 <- copy_to(con, input3)
expected_output <- read.table("tests-examples/textbook/tables/4.out", sep =",", header=T)

[prc2][debug] Generating DSL...
[prc2][debug] Building Tyrell spec from parse tree...
[prc2][debug] Processing type definitions...
[prc2][debug] Processing input/output definitions...
[prc2][debug] Processing function definitions...
[prc2][debug] Processing global predicates...
[prc2][info] Parsing succeeded
[prc2][info] Building synthesizer...
[prc2][info] Lines of Code: 1
con <- DBI::dbConnect(RSQLite::SQLite(), ":memory:")
input1 <- read.csv("tests-examples/textbook/tables/4-1.txt")
input1 <- copy_to(con, input1)
input2 <- read.csv("tests-examples/textbook/tables/4-2.txt")
input2 <- copy_to(con, input2)
input3 <- read.csv("tests-examples/textbook/tables/4-3.txt")
input3 <- copy_to(con, input3)
expected_output <- read.table("tests-examples/textbook/tables/4.out", sep =",", header=T)

[prc1][debug] Generating DSL...
con <- DBI::dbConnect(RSQLite::SQLite(), ":memory:")
input1 <- read.csv("tests-examples/textbook/tables/4-1.txt")
input1 <- copy_to(con, input1)
input2 <- read.csv("tests-examples/textbook/tables/4-2.txt")
input2 <- copy_to(con, input2)
input3 <- read.csv("tests-examples/textbook/tables/4-3.txt")
input3 <- copy_to(con, input3)
expected_output <- read.table("tests-examples/textbook/tables/4.out", sep =",", header=T)

[prc0][debug] Generating DSL...
con <- DBI::dbConnect(RSQLite::SQLite(), ":memory:")
input1 <- read.csv("tests-examples/textbook/tables/4-1.txt")
input1 <- copy_to(con, input1)
input2 <- read.csv("tests-examples/textbook/tables/4-2.txt")
input2 <- copy_to(con, input2)
input3 <- read.csv("tests-examples/textbook/tables/4-3.txt")
input3 <- copy_to(con, input3)
expected_output <- read.table("tests-examples/textbook/tables/4.out", sep =",", header=T)

[prc3][debug] Generating DSL...
con <- DBI::dbConnect(RSQLite::SQLite(), ":memory:")
input1 <- read.csv("tests-examples/textbook/tables/4-1.txt")
input1 <- copy_to(con, input1)
input2 <- read.csv("tests-examples/textbook/tables/4-2.txt")
input2 <- copy_to(con, input2)
input3 <- read.csv("tests-examples/textbook/tables/4-3.txt")
input3 <- copy_to(con, input3)
expected_output <- read.table("tests-examples/textbook/tables/4.out", sep =",", header=T)

[prc4][debug] Generating DSL...
[prc3][debug] Building Tyrell spec from parse tree...
[prc1][debug] Building Tyrell spec from parse tree...
[prc3][debug] Processing type definitions...
[prc1][debug] Processing type definitions...
[prc1][debug] Processing input/output definitions...
[prc0][debug] Building Tyrell spec from parse tree...
[prc3][debug] Processing input/output definitions...
[prc0][debug] Processing type definitions...
[prc1][debug] Processing function definitions...
[prc3][debug] Processing function definitions...
[prc0][debug] Processing input/output definitions...
[prc1][debug] Processing global predicates...
[prc0][debug] Processing function definitions...
[prc3][debug] Processing global predicates...
[prc1][info] Parsing succeeded
[prc1][info] Building synthesizer...
[prc1][info] Lines of Code: 1
[prc3][info] Parsing succeeded
[prc3][info] Building synthesizer...
[prc3][info] Lines of Code: 1
[prc0][debug] Processing global predicates...
[prc4][debug] Building Tyrell spec from parse tree...
[prc4][debug] Processing type definitions...
[prc4][debug] Processing input/output definitions...
[prc4][debug] Processing function definitions...
[prc0][info] Parsing succeeded
[prc0][info] Building synthesizer...
[prc0][info] Lines of Code: 1
[prc4][debug] Processing global predicates...
[prc4][info] Parsing succeeded
[prc4][info] Building synthesizer...
[prc4][info] Lines of Code: 1
[prc2][info] Number of Nodes: 5 
[prc2][info] Number of Variables: 6
[prc2][info] Number of Constraints: 63
[prc2][info] Time spent encoding: 0.04215526580810547
[prc2][warning] There is no solution for current depth (loc=0).
[prc2][info] Synthesizing programs...
[prc2][debug] Enumerator is exhausted after 0 attempts
[prc2][debug] Total Time: 0.000230
[prc2][debug] Total Solver Time: 3.0994415283203125e-05
[prc2][info] No more queries to be tested. Solution not found!
[prc2][info] Increasing the number of lines of code.
[prc2][info] Lines of Code: 2
[prc3][info] Number of Nodes: 5 
[prc3][info] Number of Variables: 6
[prc3][info] Number of Constraints: 41
[prc3][info] Time spent encoding: 0.03306865692138672
[prc3][warning] There is no solution for current depth (loc=0).
[prc3][info] Synthesizing programs...
[prc3][debug] Enumerator is exhausted after 0 attempts
[prc3][debug] Total Time: 0.000238
[prc3][debug] Total Solver Time: 3.075599670410156e-05
[prc3][info] No more queries to be tested. Solution not found!
[prc3][info] Increasing the number of lines of code.
[prc3][info] Lines of Code: 2
[prc4][info] Number of Nodes: 5 
[prc4][info] Number of Variables: 6
[prc4][info] Number of Constraints: 46
[prc4][info] Time spent encoding: 0.03773164749145508
[prc1][info] Number of Nodes: 5 
[prc1][info] Number of Variables: 6
[prc1][info] Number of Constraints: 63
[prc1][info] Time spent encoding: 0.04218482971191406
[prc4][warning] There is no solution for current depth (loc=0).
[prc4][info] Synthesizing programs...
[prc4][debug] Enumerator is exhausted after 0 attempts
[prc4][debug] Total Time: 0.000265
[prc4][debug] Total Solver Time: 3.147125244140625e-05
[prc4][info] No more queries to be tested. Solution not found!
[prc4][info] Increasing the number of lines of code.
[prc4][info] Lines of Code: 2
[prc1][warning] There is no solution for current depth (loc=0).
[prc1][info] Synthesizing programs...
[prc1][debug] Enumerator is exhausted after 0 attempts
[prc1][debug] Total Time: 0.000226
[prc1][debug] Total Solver Time: 3.0994415283203125e-05
[prc1][info] No more queries to be tested. Solution not found!
[prc1][info] Increasing the number of lines of code.
[prc1][info] Lines of Code: 2
[prc0][info] Number of Nodes: 5 
[prc0][info] Number of Variables: 6
[prc0][info] Number of Constraints: 64
[prc0][info] Time spent encoding: 0.05164337158203125
[prc0][warning] There is no solution for current depth (loc=0).
[prc0][info] Synthesizing programs...
[prc0][debug] Enumerator is exhausted after 0 attempts
[prc0][debug] Total Time: 0.008145
[prc0][debug] Total Solver Time: 0.007879495620727539
[prc0][info] No more queries to be tested. Solution not found!
[prc0][info] Increasing the number of lines of code.
[prc0][info] Lines of Code: 2
[prc3][info] Number of Nodes: 10 
[prc3][info] Number of Variables: 16
[prc3][info] Number of Constraints: 101
[prc3][info] Time spent encoding: 0.07344913482666016
[prc3][warning] There is no solution for current depth (loc=1).
[prc3][info] Synthesizing programs...
[prc3][debug] Enumerator is exhausted after 0 attempts
[prc3][debug] Total Time: 0.000093
[prc3][debug] Total Solver Time: 3.647804260253906e-05
[prc3][info] No more queries to be tested. Solution not found!
[prc3][info] Increasing the number of lines of code.
[prc3][info] Lines of Code: 3
[prc2][info] Number of Nodes: 10 
[prc2][info] Number of Variables: 16
[prc2][info] Number of Constraints: 167
[prc2][info] Time spent encoding: 0.0974419116973877
[prc2][warning] There is no solution for current depth (loc=1).
[prc2][info] Synthesizing programs...
[prc2][debug] Enumerator is exhausted after 0 attempts
[prc2][debug] Total Time: 0.000087
[prc2][debug] Total Solver Time: 3.1948089599609375e-05
[prc2][info] No more queries to be tested. Solution not found!
[prc2][info] Increasing the number of lines of code.
[prc2][info] Lines of Code: 3
[prc4][info] Number of Nodes: 10 
[prc4][info] Number of Variables: 16
[prc4][info] Number of Constraints: 119
[prc4][info] Time spent encoding: 0.08666586875915527
[prc4][warning] There is no solution for current depth (loc=1).
[prc4][info] Synthesizing programs...
[prc4][debug] Enumerator is exhausted after 0 attempts
[prc4][debug] Total Time: 0.000088
[prc4][debug] Total Solver Time: 3.2901763916015625e-05
[prc4][info] No more queries to be tested. Solution not found!
[prc4][info] Increasing the number of lines of code.
[prc4][info] Lines of Code: 3
[prc1][info] Number of Nodes: 10 
[prc1][info] Number of Variables: 16
[prc1][info] Number of Constraints: 165
[prc1][info] Time spent encoding: 0.09739232063293457
[prc1][warning] There is no solution for current depth (loc=1).
[prc1][info] Synthesizing programs...
[prc1][debug] Enumerator is exhausted after 0 attempts
[prc1][debug] Total Time: 0.000087
[prc1][debug] Total Solver Time: 3.1948089599609375e-05
[prc1][info] No more queries to be tested. Solution not found!
[prc1][info] Increasing the number of lines of code.
[prc1][info] Lines of Code: 3
[prc0][info] Number of Nodes: 10 
[prc0][info] Number of Variables: 16
[prc0][info] Number of Constraints: 171
[prc0][info] Time spent encoding: 0.11496520042419434
[prc0][warning] There is no solution for current depth (loc=1).
[prc0][info] Synthesizing programs...
[prc0][debug] Enumerator is exhausted after 0 attempts
[prc0][debug] Total Time: 0.015861
[prc0][debug] Total Solver Time: 0.01572585105895996
[prc0][info] No more queries to be tested. Solution not found!
[prc0][info] Increasing the number of lines of code.
[prc0][info] Lines of Code: 3
[prc3][info] Number of Nodes: 15 
[prc3][info] Number of Variables: 30
[prc3][info] Number of Constraints: 183
[prc3][info] Time spent encoding: 0.12724685668945312
[prc3][info] Synthesizing programs...
[prc3][debug] Enumerator is exhausted after 1 attempts
[prc3][debug] Total Time: 0.014383
[prc3][debug] Total Solver Time: 0.0009341239929199219
[prc3][info] No more queries to be tested. Solution not found!
[prc3][info] Increasing the number of lines of code.
[prc3][info] Lines of Code: 4
[prc4][info] Number of Nodes: 15 
[prc4][info] Number of Variables: 30
[prc4][info] Number of Constraints: 222
[prc4][info] Time spent encoding: 0.1564950942993164
[prc2][info] Number of Nodes: 15 
[prc2][info] Number of Variables: 30
[prc2][info] Number of Constraints: 315
[prc2][info] Time spent encoding: 0.17505478858947754
[prc4][warning] There is no solution for current depth (loc=2).
[prc4][info] Synthesizing programs...
[prc4][debug] Enumerator is exhausted after 0 attempts
[prc4][debug] Total Time: 0.000091
[prc4][debug] Total Solver Time: 3.504753112792969e-05
[prc4][info] No more queries to be tested. Solution not found!
[prc4][info] Increasing the number of lines of code.
[prc4][info] Lines of Code: 4
[prc2][warning] There is no solution for current depth (loc=2).
[prc2][info] Synthesizing programs...
[prc2][debug] Enumerator is exhausted after 0 attempts
[prc2][debug] Total Time: 0.000092
[prc2][debug] Total Solver Time: 3.6716461181640625e-05
[prc2][info] No more queries to be tested. Solution not found!
[prc2][info] Increasing the number of lines of code.
[prc2][info] Lines of Code: 4
[prc1][info] Number of Nodes: 15 
[prc1][info] Number of Variables: 30
[prc1][info] Number of Constraints: 309
[prc1][info] Time spent encoding: 0.1712327003479004
[prc1][info] Synthesizing programs...
[prc0][info] Number of Nodes: 15 
[prc0][info] Number of Variables: 30
[prc0][info] Number of Constraints: 324
[prc0][info] Time spent encoding: 0.20180249214172363
[prc0][warning] There is no solution for current depth (loc=2).
[prc0][info] Synthesizing programs...
[prc1][debug] Enumerator is exhausted after 7 attempts
[prc1][debug] Total Time: 0.125494
[prc1][debug] Total Solver Time: 0.004041194915771484
[prc1][info] No more queries to be tested. Solution not found!
[prc1][info] Increasing the number of lines of code.
[prc1][info] Lines of Code: 4
[prc3][info] Number of Nodes: 20 
[prc3][info] Number of Variables: 48
[prc3][info] Number of Constraints: 287
[prc3][info] Time spent encoding: 0.19741249084472656
[prc3][info] Synthesizing programs...
[prc0][debug] Enumerator is exhausted after 0 attempts
[prc0][debug] Total Time: 0.044172
[prc0][debug] Total Solver Time: 0.04401564598083496
[prc0][info] No more queries to be tested. Solution not found!
[prc0][info] Increasing the number of lines of code.
[prc0][info] Lines of Code: 4
[prc4][info] Number of Nodes: 20 
[prc4][info] Number of Variables: 48
[prc4][info] Number of Constraints: 355
[prc4][info] Time spent encoding: 0.2454519271850586
[prc4][info] Synthesizing programs...
[prc2][info] Number of Nodes: 20 
[prc2][info] Number of Variables: 48
[prc2][info] Number of Constraints: 507
[prc2][info] Time spent encoding: 0.27138853073120117
[prc2][info] Synthesizing programs...
[prc3][debug] Enumerator is exhausted after 7 attempts
[prc3][debug] Total Time: 0.132663
[prc3][debug] Total Solver Time: 0.006014823913574219
[prc3][info] No more queries to be tested. Solution not found!
[prc3][info] Increasing the number of lines of code.
[prc3][info] Lines of Code: 5
[prc1][info] Number of Nodes: 20 
[prc1][info] Number of Variables: 48
[prc1][info] Number of Constraints: 495
[prc1][info] Time spent encoding: 0.2678415775299072
[prc1][info] Synthesizing programs...
[prc0][info] Number of Nodes: 20 
[prc0][info] Number of Variables: 48
[prc0][info] Number of Constraints: 523
[prc0][info] Time spent encoding: 0.3136751651763916
[prc1][debug] Enumerator is exhausted after 3 attempts
[prc1][debug] Total Time: 0.052972
[prc1][debug] Total Solver Time: 0.0025663375854492188
[prc1][info] No more queries to be tested. Solution not found!
[prc1][info] Increasing the number of lines of code.
[prc1][info] Lines of Code: 5
[prc0][info] Synthesizing programs...
[prc3][info] Number of Nodes: 25 
[prc3][info] Number of Variables: 70
[prc3][info] Number of Constraints: 413
[prc3][info] Time spent encoding: 0.27989816665649414
[prc3][info] Synthesizing programs...
[prc3][debug] Enumerator is exhausted after 8 attempts
[prc3][debug] Total Time: 0.181042
[prc3][debug] Total Solver Time: 0.008340120315551758
[prc3][info] No more queries to be tested. Solution not found!
[prc3][info] Increasing the number of lines of code.
[prc3][info] Lines of Code: 6
[prc1][info] Number of Nodes: 25 
[prc1][info] Number of Variables: 70
[prc1][info] Number of Constraints: 723
[prc1][info] Time spent encoding: 0.38669514656066895
[prc1][info] Synthesizing programs...
[prc1][debug] Enumerator is exhausted after 1 attempts
[prc1][debug] Total Time: 0.018400
[prc1][debug] Total Solver Time: 0.0033299922943115234
[prc1][info] No more queries to be tested. Solution not found!
[prc1][info] Increasing the number of lines of code.
[prc1][info] Lines of Code: 6
[prc3][info] Number of Nodes: 30 
[prc3][info] Number of Variables: 96
[prc3][info] Number of Constraints: 561
[prc3][info] Time spent encoding: 0.3750185966491699
[prc3][info] Synthesizing programs...
[prc3][debug] Enumerator is exhausted after 1 attempts
[prc3][debug] Total Time: 0.018566
[prc3][debug] Total Solver Time: 0.001995563507080078
[prc3][info] No more queries to be tested. Solution not found!
[prc3][info] Increasing the number of lines of code.
[prc3][info] Lines of Code: 7
[prc0][debug] Total Solver Time: 0.1302342414855957
[prc0][info] Program accepted after 16 attempts (11 rejected, 4 failed)
[prc0][debug] Total Time: 0.794938
[prc0][info] Solution found: select(filter(summariseGrouped(inner_join3(@param2, @param1, @param0), n = n(), S_name, meets_at), n >= 2), S_name, distinct)
[prc1][info] Number of Nodes: 30 
[prc1][info] Number of Variables: 96
[prc1][info] Number of Constraints: 993
[prc1][info] Time spent encoding: 0.5206670761108398
[prc1][info] Synthesizing programs...
[prc0][debug] Solution found using process 0: Config(disabled=['semi_join'], alt_empty_pos=False, shuffle_cols=False, z3_smt_phase=3, z3_smt_case_split=1, z3_sat_phase='caching', z3_sat_restart='ema', z3_sat_branching='vsids', z3_QF_FD=False)

------------------------------------- R Solution ---------------------------------------

con <- DBI::dbConnect(RSQLite::SQLite(), ":memory:")
input1 <- read.csv("tests-examples/textbook/tables/4-1.txt")
input1 <- copy_to(con, input1)
input2 <- read.csv("tests-examples/textbook/tables/4-2.txt")
input2 <- copy_to(con, input2)
input3 <- read.csv("tests-examples/textbook/tables/4-3.txt")
input3 <- copy_to(con, input3)
expected_output <- read.table("tests-examples/textbook/tables/4.out", sep =",", header=T)

RET_DF50 <- inner_join(inner_join(input3, input2), input1)
RET_DF51 <- RET_DF50 %>% group_by(S_name, meets_at) %>% summarise(n = n())
RET_DF52 <- RET_DF51 %>% ungroup() %>% filter(n >= 2)
RET_DF53 <- RET_DF52 %>% ungroup() %>% select(S_name) %>% distinct()


+++++++++++++++++++++++++++++++++++++ SQL Solution +++++++++++++++++++++++++++++++++++++

SELECT DISTINCT `S_name`
FROM
  (SELECT `S_name`,
          `meets_at`,
          COUNT() AS `n`
   FROM
     (SELECT `S_key`,
             `S_name`,
             `C_name`,
             `meets_at`
      FROM
        (SELECT `S_key`,
                `S_name`,
                `C_name`
         FROM `input3` AS `LHS`
         INNER JOIN `input2` AS `RHS` ON (`LHS`.`S_key` = `RHS`.`S_key`)) AS `LHS`
      INNER JOIN `input1` AS `RHS` ON (`LHS`.`C_name` = `RHS`.`C_name`))
   GROUP BY `S_name`,
            `meets_at`)
WHERE (`n` >= 2.0)
