[prc0][info] Parsing specification...
[prc1][info] Parsing specification...
[prc3][info] Parsing specification...
[prc2][info] Parsing specification...
[prc3][debug] Reading input files...
[prc0][debug] Reading input files...
[prc4][info] Parsing specification...
[prc1][debug] Reading input files...
[prc2][debug] Reading input files...
[prc4][debug] Reading input files...
con <- DBI::dbConnect(RSQLite::SQLite(), ":memory:")
input1 <- read.csv("tests-examples/textbook/tables/6-1.txt")
input1 <- copy_to(con, input1)
input2 <- read.csv("tests-examples/textbook/tables/6-2.txt")
input2 <- copy_to(con, input2)
input3 <- read.csv("tests-examples/textbook/tables/6-3.txt")
input3 <- copy_to(con, input3)
expected_output <- read.table("tests-examples/textbook/tables/6.out", sep =",", header=T)

[prc3][debug] Generating DSL...
[prc3][debug] Building Tyrell spec from parse tree...
[prc3][debug] Processing type definitions...
[prc3][debug] Processing input/output definitions...
[prc3][debug] Processing function definitions...
[prc3][debug] Processing global predicates...
[prc3][info] Parsing succeeded
[prc3][info] Building synthesizer...
[prc3][info] Lines of Code: 1
con <- DBI::dbConnect(RSQLite::SQLite(), ":memory:")
input1 <- read.csv("tests-examples/textbook/tables/6-1.txt")
input1 <- copy_to(con, input1)
input2 <- read.csv("tests-examples/textbook/tables/6-2.txt")
input2 <- copy_to(con, input2)
input3 <- read.csv("tests-examples/textbook/tables/6-3.txt")
input3 <- copy_to(con, input3)
expected_output <- read.table("tests-examples/textbook/tables/6.out", sep =",", header=T)

[prc1][debug] Generating DSL...
con <- DBI::dbConnect(RSQLite::SQLite(), ":memory:")
input1 <- read.csv("tests-examples/textbook/tables/6-1.txt")
input1 <- copy_to(con, input1)
input2 <- read.csv("tests-examples/textbook/tables/6-2.txt")
input2 <- copy_to(con, input2)
input3 <- read.csv("tests-examples/textbook/tables/6-3.txt")
input3 <- copy_to(con, input3)
expected_output <- read.table("tests-examples/textbook/tables/6.out", sep =",", header=T)

[prc0][debug] Generating DSL...
con <- DBI::dbConnect(RSQLite::SQLite(), ":memory:")
input1 <- read.csv("tests-examples/textbook/tables/6-1.txt")
input1 <- copy_to(con, input1)
input2 <- read.csv("tests-examples/textbook/tables/6-2.txt")
input2 <- copy_to(con, input2)
input3 <- read.csv("tests-examples/textbook/tables/6-3.txt")
input3 <- copy_to(con, input3)
expected_output <- read.table("tests-examples/textbook/tables/6.out", sep =",", header=T)

[prc2][debug] Generating DSL...
con <- DBI::dbConnect(RSQLite::SQLite(), ":memory:")
input1 <- read.csv("tests-examples/textbook/tables/6-1.txt")
input1 <- copy_to(con, input1)
input2 <- read.csv("tests-examples/textbook/tables/6-2.txt")
input2 <- copy_to(con, input2)
input3 <- read.csv("tests-examples/textbook/tables/6-3.txt")
input3 <- copy_to(con, input3)
expected_output <- read.table("tests-examples/textbook/tables/6.out", sep =",", header=T)

[prc4][debug] Generating DSL...
[prc1][debug] Building Tyrell spec from parse tree...
[prc1][debug] Processing type definitions...
[prc1][debug] Processing input/output definitions...
[prc2][debug] Building Tyrell spec from parse tree...
[prc2][debug] Processing type definitions...
[prc0][debug] Building Tyrell spec from parse tree...
[prc0][debug] Processing type definitions...
[prc1][debug] Processing function definitions...
[prc2][debug] Processing input/output definitions...
[prc0][debug] Processing input/output definitions...
[prc2][debug] Processing function definitions...
[prc1][debug] Processing global predicates...
[prc0][debug] Processing function definitions...
[prc1][info] Parsing succeeded
[prc1][info] Building synthesizer...
[prc1][info] Lines of Code: 1
[prc2][debug] Processing global predicates...
[prc0][debug] Processing global predicates...
[prc2][info] Parsing succeeded
[prc2][info] Building synthesizer...
[prc2][info] Lines of Code: 1
[prc4][debug] Building Tyrell spec from parse tree...
[prc4][debug] Processing type definitions...
[prc4][debug] Processing input/output definitions...
[prc0][info] Parsing succeeded
[prc0][info] Building synthesizer...
[prc0][info] Lines of Code: 1
[prc4][debug] Processing function definitions...
[prc4][debug] Processing global predicates...
[prc4][info] Parsing succeeded
[prc4][info] Building synthesizer...
[prc4][info] Lines of Code: 1
[prc3][info] Number of Nodes: 5 
[prc3][info] Number of Variables: 6
[prc3][info] Number of Constraints: 41
[prc3][info] Time spent encoding: 0.034093618392944336
[prc3][warning] There is no solution for current depth (loc=0).
[prc3][info] Synthesizing programs...
[prc3][debug] Enumerator is exhausted after 0 attempts
[prc3][debug] Total Time: 0.000237
[prc3][debug] Total Solver Time: 2.956390380859375e-05
[prc3][info] No more queries to be tested. Solution not found!
[prc3][info] Increasing the number of lines of code.
[prc3][info] Lines of Code: 2
[prc4][info] Number of Nodes: 5 
[prc4][info] Number of Variables: 6
[prc4][info] Number of Constraints: 46
[prc4][info] Time spent encoding: 0.03783440589904785
[prc1][info] Number of Nodes: 5 
[prc1][info] Number of Variables: 6
[prc1][info] Number of Constraints: 63
[prc1][info] Time spent encoding: 0.04154467582702637
[prc4][warning] There is no solution for current depth (loc=0).
[prc4][info] Synthesizing programs...
[prc4][debug] Enumerator is exhausted after 0 attempts
[prc4][debug] Total Time: 0.000223
[prc4][debug] Total Solver Time: 3.0040740966796875e-05
[prc4][info] No more queries to be tested. Solution not found!
[prc4][info] Increasing the number of lines of code.
[prc4][info] Lines of Code: 2
[prc1][warning] There is no solution for current depth (loc=0).
[prc1][info] Synthesizing programs...
[prc2][info] Number of Nodes: 5 
[prc2][info] Number of Variables: 6
[prc2][info] Number of Constraints: 63
[prc2][info] Time spent encoding: 0.042916297912597656
[prc1][debug] Enumerator is exhausted after 0 attempts
[prc1][debug] Total Time: 0.000226
[prc1][debug] Total Solver Time: 3.075599670410156e-05
[prc1][info] No more queries to be tested. Solution not found!
[prc1][info] Increasing the number of lines of code.
[prc1][info] Lines of Code: 2
[prc2][warning] There is no solution for current depth (loc=0).
[prc2][info] Synthesizing programs...
[prc2][debug] Enumerator is exhausted after 0 attempts
[prc2][debug] Total Time: 0.000214
[prc2][debug] Total Solver Time: 2.956390380859375e-05
[prc2][info] No more queries to be tested. Solution not found!
[prc2][info] Increasing the number of lines of code.
[prc2][info] Lines of Code: 2
[prc0][info] Number of Nodes: 5 
[prc0][info] Number of Variables: 6
[prc0][info] Number of Constraints: 64
[prc0][info] Time spent encoding: 0.05219435691833496
[prc0][warning] There is no solution for current depth (loc=0).
[prc0][info] Synthesizing programs...
[prc0][debug] Enumerator is exhausted after 0 attempts
[prc0][debug] Total Time: 0.008039
[prc0][debug] Total Solver Time: 0.007780313491821289
[prc0][info] No more queries to be tested. Solution not found!
[prc0][info] Increasing the number of lines of code.
[prc0][info] Lines of Code: 2
[prc3][info] Number of Nodes: 10 
[prc3][info] Number of Variables: 16
[prc3][info] Number of Constraints: 101
[prc3][info] Time spent encoding: 0.07552742958068848
[prc3][warning] There is no solution for current depth (loc=1).
[prc3][info] Synthesizing programs...
[prc3][debug] Enumerator is exhausted after 0 attempts
[prc3][debug] Total Time: 0.000087
[prc3][debug] Total Solver Time: 3.266334533691406e-05
[prc3][info] No more queries to be tested. Solution not found!
[prc3][info] Increasing the number of lines of code.
[prc3][info] Lines of Code: 3
[prc4][info] Number of Nodes: 10 
[prc4][info] Number of Variables: 16
[prc4][info] Number of Constraints: 119
[prc4][info] Time spent encoding: 0.08887529373168945
[prc4][warning] There is no solution for current depth (loc=1).
[prc4][info] Synthesizing programs...
[prc4][debug] Enumerator is exhausted after 0 attempts
[prc4][debug] Total Time: 0.000086
[prc4][debug] Total Solver Time: 3.170967102050781e-05
[prc4][info] No more queries to be tested. Solution not found!
[prc4][info] Increasing the number of lines of code.
[prc4][info] Lines of Code: 3
[prc1][info] Number of Nodes: 10 
[prc1][info] Number of Variables: 16
[prc1][info] Number of Constraints: 165
[prc1][info] Time spent encoding: 0.09833288192749023
[prc2][info] Number of Nodes: 10 
[prc2][info] Number of Variables: 16
[prc2][info] Number of Constraints: 167
[prc2][info] Time spent encoding: 0.09924769401550293
[prc1][warning] There is no solution for current depth (loc=1).
[prc1][info] Synthesizing programs...
[prc1][debug] Enumerator is exhausted after 0 attempts
[prc1][debug] Total Time: 0.000093
[prc1][debug] Total Solver Time: 3.1948089599609375e-05
[prc1][info] No more queries to be tested. Solution not found!
[prc1][info] Increasing the number of lines of code.
[prc1][info] Lines of Code: 3
[prc2][warning] There is no solution for current depth (loc=1).
[prc2][info] Synthesizing programs...
[prc2][debug] Enumerator is exhausted after 0 attempts
[prc2][debug] Total Time: 0.000086
[prc2][debug] Total Solver Time: 3.170967102050781e-05
[prc2][info] No more queries to be tested. Solution not found!
[prc2][info] Increasing the number of lines of code.
[prc2][info] Lines of Code: 3
[prc0][info] Number of Nodes: 10 
[prc0][info] Number of Variables: 16
[prc0][info] Number of Constraints: 171
[prc0][info] Time spent encoding: 0.11648821830749512
[prc0][warning] There is no solution for current depth (loc=1).
[prc0][info] Synthesizing programs...
[prc0][debug] Enumerator is exhausted after 0 attempts
[prc0][debug] Total Time: 0.015919
[prc0][debug] Total Solver Time: 0.015778779983520508
[prc0][info] No more queries to be tested. Solution not found!
[prc0][info] Increasing the number of lines of code.
[prc0][info] Lines of Code: 3
[prc3][info] Number of Nodes: 15 
[prc3][info] Number of Variables: 30
[prc3][info] Number of Constraints: 183
[prc3][info] Time spent encoding: 0.1292884349822998
[prc3][info] Synthesizing programs...
[prc4][info] Number of Nodes: 15 
[prc4][info] Number of Variables: 30
[prc4][info] Number of Constraints: 222
[prc4][info] Time spent encoding: 0.1583704948425293
[prc4][warning] There is no solution for current depth (loc=2).
[prc4][info] Synthesizing programs...
[prc4][debug] Enumerator is exhausted after 0 attempts
[prc4][debug] Total Time: 0.000090
[prc4][debug] Total Solver Time: 3.504753112792969e-05
[prc4][info] No more queries to be tested. Solution not found!
[prc4][info] Increasing the number of lines of code.
[prc4][info] Lines of Code: 4
[prc1][info] Number of Nodes: 15 
[prc1][info] Number of Variables: 30
[prc1][info] Number of Constraints: 309
[prc1][info] Time spent encoding: 0.1746201515197754
[prc2][info] Number of Nodes: 15 
[prc2][info] Number of Variables: 30
[prc2][info] Number of Constraints: 315
[prc2][info] Time spent encoding: 0.17850613594055176
[prc2][warning] There is no solution for current depth (loc=2).
[prc2][info] Synthesizing programs...
[prc2][debug] Enumerator is exhausted after 0 attempts
[prc2][debug] Total Time: 0.000090
[prc2][debug] Total Solver Time: 3.457069396972656e-05
[prc2][info] No more queries to be tested. Solution not found!
[prc2][info] Increasing the number of lines of code.
[prc2][info] Lines of Code: 4
[prc1][info] Synthesizing programs...
[prc0][info] Number of Nodes: 15 
[prc0][info] Number of Variables: 30
[prc0][info] Number of Constraints: 324
[prc0][info] Time spent encoding: 0.20682597160339355
[prc0][warning] There is no solution for current depth (loc=2).
[prc0][info] Synthesizing programs...
[prc0][debug] Enumerator is exhausted after 0 attempts
[prc0][debug] Total Time: 0.044639
[prc0][debug] Total Solver Time: 0.04449295997619629
[prc0][info] No more queries to be tested. Solution not found!
[prc0][info] Increasing the number of lines of code.
[prc0][info] Lines of Code: 4
[prc4][info] Number of Nodes: 20 
[prc4][info] Number of Variables: 48
[prc4][info] Number of Constraints: 355
[prc4][info] Time spent encoding: 0.24563288688659668
[prc4][info] Synthesizing programs...
[prc2][info] Number of Nodes: 20 
[prc2][info] Number of Variables: 48
[prc2][info] Number of Constraints: 507
[prc2][info] Time spent encoding: 0.2767035961151123
[prc2][info] Synthesizing programs...
[prc0][info] Number of Nodes: 20 
[prc0][info] Number of Variables: 48
[prc0][info] Number of Constraints: 523
[prc0][info] Time spent encoding: 0.32260966300964355
[prc0][info] Synthesizing programs...
[prc3][debug] Total Solver Time: 0.3215034008026123
[prc3][info] Attempts: 500. Rejected: 2. Failed: 497.
[prc1][debug] Total Solver Time: 0.3112809658050537
[prc1][info] Attempts: 500. Rejected: 2. Failed: 497.
[prc4][debug] Total Solver Time: 0.3876969814300537
[prc4][info] Attempts: 500. Rejected: 83. Failed: 416.
[prc2][debug] Total Solver Time: 0.3876380920410156
[prc2][info] Attempts: 500. Rejected: 56. Failed: 443.
[prc3][debug] Total Solver Time: 0.6469113826751709
[prc3][info] Attempts: 1000. Rejected: 2. Failed: 997.
[prc1][debug] Total Solver Time: 0.6250057220458984
[prc1][info] Attempts: 1000. Rejected: 2. Failed: 997.
[prc0][debug] Total Solver Time: 0.6612029075622559
[prc0][info] Attempts: 500. Rejected: 292. Failed: 207.
[prc0][debug] Total Solver Time: 0.7580680847167969
[prc0][info] Program accepted after 570 attempts (302 rejected, 267 failed)
[prc0][debug] Total Time: 22.252031
[prc0][info] Solution found: select(filters(summariseGrouped(inner_join3(@param1, @param0, @param2), n = n(), F_name), n < 5, n <= 5, |), F_name, distinct)
[prc0][debug] Solution found using process 0: Config(disabled=['semi_join'], alt_empty_pos=False, shuffle_cols=False, z3_smt_phase=3, z3_smt_case_split=1, z3_sat_phase='caching', z3_sat_restart='ema', z3_sat_branching='vsids', z3_QF_FD=False)

------------------------------------- R Solution ---------------------------------------

con <- DBI::dbConnect(RSQLite::SQLite(), ":memory:")
input1 <- read.csv("tests-examples/textbook/tables/6-1.txt")
input1 <- copy_to(con, input1)
input2 <- read.csv("tests-examples/textbook/tables/6-2.txt")
input2 <- copy_to(con, input2)
input3 <- read.csv("tests-examples/textbook/tables/6-3.txt")
input3 <- copy_to(con, input3)
expected_output <- read.table("tests-examples/textbook/tables/6.out", sep =",", header=T)

RET_DF1753 <- inner_join(inner_join(input2, input1), input3)
RET_DF1754 <- RET_DF1753 %>% group_by(F_name) %>% summarise(n = n())
RET_DF1755 <- RET_DF1754 %>% ungroup() %>% filter(n < 5 | n <= 5)
RET_DF1756 <- RET_DF1755 %>% ungroup() %>% select(F_name) %>% distinct()


+++++++++++++++++++++++++++++++++++++ SQL Solution +++++++++++++++++++++++++++++++++++++

SELECT DISTINCT `F_name`
FROM
  (SELECT `F_name`,
          COUNT() AS `n`
   FROM
     (SELECT `C_name`,
             `F_key`,
             `S_key`,
             `F_name`
      FROM
        (SELECT `C_name`,
                `F_key`,
                `S_key`
         FROM `input2` AS `LHS`
         INNER JOIN `input1` AS `RHS` ON (`LHS`.`C_name` = `RHS`.`C_name`)) AS `LHS`
      INNER JOIN `input3` AS `RHS` ON (`LHS`.`F_key` = `RHS`.`F_key`))
   GROUP BY `F_name`)
WHERE (`n` < 5.0
       OR `n` <= 5.0)
