
------------------------------------- R Solution ---------------------------------------

con <- DBI::dbConnect(RSQLite::SQLite(), ":memory:")
input1 <- read_csv("tests-examples/scythe/recent_posts/tables/047.csv", col_types = cols(ID = col_character(),Payment_type = col_character(),Time = col_character()))
input1$Time <- ymd(input1$Time)
input1 <- copy_to(con, input1)
expected_output <- read_csv("tests-examples/scythe/recent_posts/tables/047_o.csv", col_types = cols(ID = col_character(),Payment_type = col_character()))

df2 <- input1 %>% group_by(ID) %>% summarise(maxTime = max(Time)) %>% ungroup()
df3 <- inner_join(input1, df2)
df4 <- df3 %>% filter(maxTime == Time)
out <- df4 %>% select(ID, Payment_type) %>% distinct()


+++++++++++++++++++++++++++++++++++++ SQL Solution +++++++++++++++++++++++++++++++++++++

SELECT DISTINCT `ID`,
                `Payment_type`
FROM
  (SELECT `ID`,
          `Payment_type`,
          `Time`,
          `maxTime`
   FROM `input1` AS `LHS`
   INNER JOIN
     (SELECT `ID`,
             MAX(`Time`) AS `maxTime`
      FROM `input1`
      GROUP BY `ID`) AS `RHS` ON (`LHS`.`ID` = `RHS`.`ID`))
WHERE (`maxTime` = `Time`)
