[     1.606][MainProcess][INFO] Parsing specification...
[     1.610][MainProcess][DEBUG] Reading input files...
[     1.616][MainProcess][INFO] Inferred data types for table tests-examples/scythe/top_rated_posts/tables/i003.csv: ['string']
[     1.620][MainProcess][INFO] Inferred data types for table tests-examples/scythe/top_rated_posts/tables/o003.csv: ['string']
[     1.647][MainProcess][DEBUG] Generating DSL...
[     1.663][MainProcess][INFO] Creating 16 processes
[     1.723][MainProcess][DEBUG] Increasing generator loc to 2
[     1.723][cube-solver-0][DEBUG] Initialising process for 1 lines of code.
[     1.723][cube-solver-1][DEBUG] Initialising process for 1 lines of code.
[     1.723][cube-solver-3][DEBUG] Initialising process for 2 lines of code.
[     1.723][cube-solver-2][DEBUG] Initialising process for 2 lines of code.
[     1.724][cube-solver-5][DEBUG] Initialising process for 2 lines of code.
[     1.724][cube-solver-4][DEBUG] Initialising process for 2 lines of code.
[     1.724][cube-solver-6][DEBUG] Initialising process for 2 lines of code.
[     1.725][cube-solver-7][DEBUG] Initialising process for 2 lines of code.
[     1.728][cube-solver-8][DEBUG] Initialising process for 2 lines of code.
[     1.732][cube-solver-9][DEBUG] Initialising process for 2 lines of code.
[     1.735][cube-solver-10][DEBUG] Initialising process for 2 lines of code.
[     1.739][cube-solver-11][DEBUG] Initialising process for 2 lines of code.
[     1.748][cube-solver-13][DEBUG] Initialising process for 2 lines of code.
[     1.750][cube-solver-12][DEBUG] Initialising process for 2 lines of code.
[     1.755][cube-solver-15][DEBUG] Initialising process for 2 lines of code.
[     1.763][cube-solver-14][DEBUG] Initialising process for 2 lines of code.
[     1.827][cube-solver-0][DEBUG] Solving cube (l0 = summarise(),)
[     1.830][cube-solver-1][DEBUG] Solving cube (l0 = mutate(),)
[     1.864][cube-solver-8][DEBUG] Solving cube (l0 = summarise(), l1 = natural_join())
[     1.868][cube-solver-6][DEBUG] Solving cube (l0 = natural_join4(), l1 = summarise())
[     1.870][cube-solver-6][DEBUG] Solving cube (l0 = summarise(), l1 = semi_join())
[     1.871][cube-solver-3][DEBUG] Solving cube (l0 = natural_join(), l1 = mutate())
[     1.872][cube-solver-10][DEBUG] Solving cube (l0 = summarise(), l1 = natural_join4())
[     1.872][cube-solver-3][DEBUG] Solving cube (l0 = summarise(), l1 = cross_join())
[     1.874][cube-solver-10][DEBUG] Solving cube (l0 = summarise(), l1 = unite())
[     1.875][cube-solver-9][DEBUG] Solving cube (l0 = summarise(), l1 = natural_join3())
[     1.877][cube-solver-9][DEBUG] Solving cube (l0 = summarise(), l1 = mutate())
[     1.883][cube-solver-13][DEBUG] Solving cube (l0 = summarise(), l1 = left_join())
[     1.890][cube-solver-15][DEBUG] Solving cube (l0 = summarise(), l1 = intersect())
[     1.891][cube-solver-11][DEBUG] Solving cube (l0 = summarise(), l1 = summarise())
[     1.894][cube-solver-11][DEBUG] Solving cube (l0 = summarise(), l1 = inner_join())
[     1.969][cube-solver-7][DEBUG] Solving cube (l0 = natural_join4(), l1 = mutate())
[     1.969][cube-solver-4][DEBUG] Solving cube (l0 = natural_join3(), l1 = summarise())
[     1.972][cube-solver-7][DEBUG] Solving cube (l0 = anti_join(), l1 = summarise())
[     1.972][cube-solver-4][DEBUG] Solving cube (l0 = anti_join(), l1 = mutate())
[     1.974][cube-solver-4][DEBUG] Solving cube (l0 = left_join(), l1 = mutate())
[     1.974][cube-solver-7][DEBUG] Solving cube (l0 = left_join(), l1 = summarise())
[     1.984][cube-solver-5][DEBUG] Solving cube (l0 = natural_join3(), l1 = mutate())
[     1.984][cube-solver-2][DEBUG] Solving cube (l0 = natural_join(), l1 = summarise())
[     1.987][cube-solver-5][DEBUG] Solving cube (l0 = union(), l1 = summarise())
[     1.987][cube-solver-2][DEBUG] Solving cube (l0 = union(), l1 = mutate())
[     2.007][cube-solver-12][DEBUG] Solving cube (l0 = summarise(), l1 = anti_join())
[     2.020][cube-solver-14][DEBUG] Solving cube (l0 = summarise(), l1 = union())
[     2.096][cube-solver-1][DEBUG] Found solution with cube (l0 = mutate(),)
[     2.097][MainProcess][INFO] Statistics:
[     2.098][MainProcess][INFO] 	Generated cubes: 27
[     2.098][MainProcess][INFO] 	Attempted programs: 4
[     2.098][MainProcess][INFO] 		Rejected: 3
[     2.098][MainProcess][INFO] 		Failed: 0
[     2.098][MainProcess][INFO] 	Blacklist clauses: 0
[     2.098][MainProcess][DEBUG] Priting statistics for good programs of size 1
[     2.099][MainProcess][DEBUG] 	0: Counter({'mutate': 16, 'summarise': 15})
[     2.099][MainProcess][DEBUG] Priting statistics for good programs of size 2
[     2.099][MainProcess][DEBUG] 	0: Counter({'summarise': 57, 'left_join': 10, 'union': 7})
[     2.099][MainProcess][DEBUG] 	1: Counter({'mutate': 21, 'unite': 11, 'semi_join': 10, 'natural_join': 10, 'left_join': 8, 'summarise': 7, 'inner_join': 4, 'intersect': 2, 'anti_join': 1})
[     2.099][MainProcess][INFO] Solution found: mutate(@param0, concatc = string_agg(c, ', '))
[     2.139][cube-solver-4][DEBUG] Found solution with cube (l0 = left_join(), l1 = mutate())

------------------------------------- R Solution ---------------------------------------

con <- DBI::dbConnect(RSQLite::SQLite(), ":memory:")
input1 <- read_csv("tests-examples/scythe/top_rated_posts/tables/i003.csv", col_types = cols(c = col_character()))
input1 <- copy_to(con, input1)
expected_output <- read_csv("tests-examples/scythe/top_rated_posts/tables/o003.csv", col_types = cols(concatc = col_character()))

string_agg <- function(v,s) {Reduce(function(x, y) paste(x, y, sep = s), v)}

df2 <- input1 %>% mutate(concatc = string_agg(c, ', '))
out <- df2 %>% select(concatc) %>% distinct() %>% arrange(concatc)


+++++++++++++++++++++++++++++++++++++ SQL Solution +++++++++++++++++++++++++++++++++++++

SELECT DISTINCT string_agg(`c`, ', ') AS concatc
FROM input1
ORDER BY concatc
