[     1.599][MainProcess][INFO] Parsing specification...
[     1.618][MainProcess][DEBUG] Reading input files...
[     1.628][MainProcess][INFO] Inferred data types for table tests-examples/scythe/top_rated_posts/tables/i020.csv: ['string', 'string']
[     1.633][MainProcess][INFO] Inferred data types for table tests-examples/scythe/top_rated_posts/tables/o020.csv: ['string', 'string', 'int64']
[     1.661][MainProcess][DEBUG] Generating DSL...
[     1.682][MainProcess][INFO] Creating 16 processes
[     1.756][cube-solver-0][DEBUG] Initialising process for 2 lines of code.
[     1.757][cube-solver-4][DEBUG] Initialising process for 2 lines of code.
[     1.757][cube-solver-5][DEBUG] Initialising process for 2 lines of code.
[     1.757][cube-solver-7][DEBUG] Initialising process for 2 lines of code.
[     1.757][cube-solver-3][DEBUG] Initialising process for 2 lines of code.
[     1.757][cube-solver-2][DEBUG] Initialising process for 2 lines of code.
[     1.757][cube-solver-6][DEBUG] Initialising process for 2 lines of code.
[     1.757][cube-solver-1][DEBUG] Initialising process for 2 lines of code.
[     1.759][cube-solver-8][DEBUG] Initialising process for 2 lines of code.
[     1.765][cube-solver-9][DEBUG] Initialising process for 2 lines of code.
[     1.768][cube-solver-10][DEBUG] Initialising process for 2 lines of code.
[     1.772][cube-solver-11][DEBUG] Initialising process for 2 lines of code.
[     1.783][cube-solver-13][DEBUG] Initialising process for 2 lines of code.
[     1.790][cube-solver-15][DEBUG] Initialising process for 2 lines of code.
[     1.798][cube-solver-12][DEBUG] Initialising process for 2 lines of code.
[     1.804][cube-solver-14][DEBUG] Initialising process for 2 lines of code.
[     2.094][cube-solver-8][DEBUG] Solving cube (l0 = summarise(), l1 = natural_join4())
[     2.096][cube-solver-6][DEBUG] Solving cube (l0 = summarise(), l1 = natural_join())
[     2.098][cube-solver-8][DEBUG] Solving cube (l0 = summarise(), l1 = mutate())
[     2.098][cube-solver-4][DEBUG] Solving cube (l0 = natural_join4(), l1 = summarise())
[     2.101][cube-solver-4][DEBUG] Solving cube (l0 = summarise(), l1 = inner_join())
[     2.106][cube-solver-11][DEBUG] Solving cube (l0 = summarise(), l1 = left_join())
[     2.117][cube-solver-13][DEBUG] Solving cube (l0 = summarise(), l1 = intersect())
[     2.119][cube-solver-10][DEBUG] Solving cube (l0 = summarise(), l1 = anti_join())
[     2.126][cube-solver-9][DEBUG] Solving cube (l0 = summarise(), l1 = summarise())
[     2.130][cube-solver-9][DEBUG] Solving cube (l0 = anti_join(), l1 = summarise())
[     2.131][cube-solver-15][DEBUG] Solving cube (l0 = summarise(), l1 = cross_join())
[     2.133][cube-solver-9][DEBUG] Solving cube (l0 = anti_join(), l1 = mutate())
[     2.136][cube-solver-9][DEBUG] Solving cube (l0 = left_join(), l1 = summarise())
[     2.141][cube-solver-6][DEBUG] Found solution with cube (l0 = summarise(), l1 = natural_join())
[     2.142][MainProcess][INFO] Statistics:
[     2.143][MainProcess][INFO] 	Generated cubes: 21
[     2.143][MainProcess][INFO] 	Attempted programs: 1
[     2.143][MainProcess][INFO] 		Rejected: 0
[     2.143][MainProcess][INFO] 		Failed: 0
[     2.143][MainProcess][INFO] 	Blacklist clauses: 0
[     2.143][MainProcess][DEBUG] Printing statistics for good programs of size 2
[     2.143][MainProcess][DEBUG] 	0: Counter({'summarise': 2})
[     2.144][MainProcess][DEBUG] 	1: Counter({'natural_join': 1, 'inner_join': 1})
[     2.144][MainProcess][INFO] Solution found: natural_join(@param0, summarise(@param0, str_countDESCRIPTION = str_count(DESCRIPTION, 'value'), TITLE))
[     2.196][cube-solver-4][DEBUG] Found solution with cube (l0 = summarise(), l1 = inner_join())
[     2.200][cube-solver-8][DEBUG] Found solution with cube (l0 = summarise(), l1 = mutate())
[     2.217][cube-solver-9][DEBUG] Found solution with cube (l0 = left_join(), l1 = summarise())
[     2.239][cube-solver-15][DEBUG] Found solution with cube (l0 = summarise(), l1 = cross_join())
[     2.265][cube-solver-11][DEBUG] Found solution with cube (l0 = summarise(), l1 = left_join())
[     2.413][MainProcess][ERROR] Error while trying to convert R code to SQL.

------------------------------------- R Solution ---------------------------------------

con <- DBI::dbConnect(RSQLite::SQLite(), ":memory:")
input1 <- read_csv("tests-examples/scythe/top_rated_posts/tables/i020.csv", col_types = cols(TITLE = col_character(),DESCRIPTION = col_character()))
input1 <- copy_to(con, input1)
expected_output <- read_csv("tests-examples/scythe/top_rated_posts/tables/o020.csv", col_types = cols(TITLE = col_character(),DESCRIPTION = col_character(),COUNT = col_integer()))

df2 <- input1 %>% group_by(TITLE) %>% summarise(str_countDESCRIPTION = str_count(DESCRIPTION, 'value')) %>% ungroup()
df3 <- inner_join(input1, df2)
out <- df3 %>% select(TITLE, DESCRIPTION, COUNT = str_countDESCRIPTION) %>% arrange(TITLE)

Failed to generate SQL query
