[     1.601][MainProcess][INFO] Parsing specification...
[     1.616][MainProcess][DEBUG] Reading input files...
[     1.624][MainProcess][INFO] Inferred data types for table tests-examples/scythe/top_rated_posts/tables/i022.csv: ['int64', 'int64']
[     1.629][MainProcess][INFO] Inferred data types for table tests-examples/scythe/top_rated_posts/tables/o022.csv: ['int64']
[     1.655][MainProcess][DEBUG] Generating DSL...
[     1.823][MainProcess][INFO] Creating 16 processes
[     1.901][MainProcess][DEBUG] Increasing generator loc to 2
[     2.001][cube-solver-0][DEBUG] Initialising process for 1 lines of code.
[     2.006][cube-solver-1][DEBUG] Initialising process for 1 lines of code.
[     2.010][cube-solver-2][DEBUG] Initialising process for 2 lines of code.
[     2.014][cube-solver-3][DEBUG] Initialising process for 2 lines of code.
[     2.015][cube-solver-4][DEBUG] Initialising process for 2 lines of code.
[     2.020][cube-solver-5][DEBUG] Initialising process for 2 lines of code.
[     2.024][cube-solver-6][DEBUG] Initialising process for 2 lines of code.
[     2.034][cube-solver-8][DEBUG] Initialising process for 2 lines of code.
[     2.043][cube-solver-10][DEBUG] Initialising process for 2 lines of code.
[     2.049][cube-solver-11][DEBUG] Initialising process for 2 lines of code.
[     2.053][cube-solver-12][DEBUG] Initialising process for 2 lines of code.
[     2.054][cube-solver-9][DEBUG] Initialising process for 2 lines of code.
[     2.062][cube-solver-13][DEBUG] Initialising process for 2 lines of code.
[     2.064][cube-solver-14][DEBUG] Initialising process for 2 lines of code.
[     2.140][cube-solver-7][DEBUG] Initialising process for 2 lines of code.
[     2.189][cube-solver-15][DEBUG] Initialising process for 2 lines of code.
[     5.127][cube-solver-1][DEBUG] Solving cube (l0 = mutate(),)
[     5.127][cube-solver-0][DEBUG] Solving cube (l0 = summarise(),)
[     5.187][cube-solver-1][DEBUG] Found solution with cube (l0 = mutate(),)
[     5.188][MainProcess][INFO] Statistics:
[     5.188][MainProcess][INFO] 	Generated cubes: 16
[     5.189][MainProcess][INFO] 	Attempted programs: 1
[     5.189][MainProcess][INFO] 		Rejected: 0
[     5.189][MainProcess][INFO] 		Failed: 0
[     5.189][MainProcess][INFO] 	Blacklist clauses: 0
[     5.189][MainProcess][DEBUG] Printing statistics for good programs of size 1
[     5.189][MainProcess][DEBUG] 	0: Counter({'mutate': 6, 'summarise': 4})
[     5.190][MainProcess][INFO] Solution found: mutate(@param0, medianval = median(val))

------------------------------------- R Solution ---------------------------------------

con <- DBI::dbConnect(RSQLite::SQLite(), ":memory:")
input1 <- read_csv("tests-examples/scythe/top_rated_posts/tables/i022.csv", col_types = cols(id = col_integer(),val = col_integer()))
input1 <- copy_to(con, input1)
expected_output <- read_csv("tests-examples/scythe/top_rated_posts/tables/o022.csv", col_types = cols(median = col_integer()))

df2 <- input1 %>% mutate(medianval = median(val))
out <- df2 %>% select(median = medianval) %>% distinct() %>% arrange(median)


+++++++++++++++++++++++++++++++++++++ SQL Solution +++++++++++++++++++++++++++++++++++++

SELECT DISTINCT PERCENTILE_CONT(0.5) WITHIN GROUP (
                                                   ORDER BY val) OVER () AS median
FROM input1
ORDER BY median
