[     1.599][MainProcess][INFO] Parsing specification...
[     1.604][MainProcess][DEBUG] Reading input files...
[     1.611][MainProcess][INFO] Inferred data types for table tests-examples/scythe/top_rated_posts/tables/i030.csv: ['string', 'int64', 'int64']
[     1.617][MainProcess][INFO] Inferred data types for table tests-examples/scythe/top_rated_posts/tables/o030.csv: ['string', 'int64', 'int64']
[     1.643][MainProcess][DEBUG] Generating DSL...
[     1.666][MainProcess][INFO] Creating 16 processes
[     1.730][cube-solver-0][DEBUG] Initialising process for 2 lines of code.
[     1.730][cube-solver-2][DEBUG] Initialising process for 2 lines of code.
[     1.730][cube-solver-1][DEBUG] Initialising process for 2 lines of code.
[     1.730][MainProcess][DEBUG] Increasing generator loc to 3
[     1.730][cube-solver-3][DEBUG] Initialising process for 2 lines of code.
[     1.731][cube-solver-4][DEBUG] Initialising process for 3 lines of code.
[     1.732][cube-solver-5][DEBUG] Initialising process for 3 lines of code.
[     1.735][cube-solver-6][DEBUG] Initialising process for 3 lines of code.
[     1.736][cube-solver-7][DEBUG] Initialising process for 3 lines of code.
[     1.746][cube-solver-9][DEBUG] Initialising process for 3 lines of code.
[     1.748][cube-solver-8][DEBUG] Initialising process for 3 lines of code.
[     1.750][cube-solver-10][DEBUG] Initialising process for 3 lines of code.
[     1.752][cube-solver-11][DEBUG] Initialising process for 3 lines of code.
[     1.766][cube-solver-14][DEBUG] Initialising process for 3 lines of code.
[     1.767][cube-solver-12][DEBUG] Initialising process for 3 lines of code.
[     1.772][cube-solver-13][DEBUG] Initialising process for 3 lines of code.
[     1.784][cube-solver-15][DEBUG] Initialising process for 3 lines of code.
[     2.173][cube-solver-2][DEBUG] Solving cube (l0 = filter(), l1 = mutate())
[     2.175][cube-solver-2][DEBUG] Initialising process for 3 lines of code.
[     2.252][cube-solver-0][DEBUG] Solving cube (l0 = summarise(), l1 = filter())
[     2.339][cube-solver-1][DEBUG] Solving cube (l0 = filter(), l1 = summarise())
[     2.341][cube-solver-1][DEBUG] Initialising process for 3 lines of code.
[     2.414][cube-solver-3][DEBUG] Solving cube (l0 = mutate(), l1 = filter())
[     2.422][cube-solver-6][DEBUG] Solving cube (l0 = natural_join(), l1 = filter(), l2 = mutate())
[     2.427][cube-solver-6][DEBUG] Solving cube (l0 = summarise(), l1 = natural_join4(), l2 = filter())
[     2.428][cube-solver-7][DEBUG] Solving cube (l0 = natural_join(), l1 = mutate(), l2 = filter())
[     2.430][cube-solver-6][DEBUG] Solving cube (l0 = summarise(), l1 = summarise(), l2 = filter())
[     2.433][cube-solver-7][DEBUG] Solving cube (l0 = summarise(), l1 = filter(), l2 = natural_join())
[     2.433][cube-solver-6][DEBUG] Solving cube (l0 = summarise(), l1 = filter(), l2 = natural_join3())
[     2.442][cube-solver-10][DEBUG] Solving cube (l0 = natural_join3(), l1 = filter(), l2 = mutate())
[     2.447][cube-solver-10][DEBUG] Solving cube (l0 = summarise(), l1 = filter(), l2 = natural_join4())
[     2.450][cube-solver-10][DEBUG] Solving cube (l0 = summarise(), l1 = filter(), l2 = summarise())
[     2.468][cube-solver-11][DEBUG] Solving cube (l0 = natural_join3(), l1 = mutate(), l2 = filter([1]))
[     2.473][cube-solver-11][DEBUG] Solving cube (l0 = summarise(), l1 = filter([1]), l2 = filter([1]))
[     2.483][cube-solver-9][DEBUG] Solving cube (l0 = natural_join3(), l1 = filter([2]), l2 = summarise())
[     2.487][cube-solver-4][DEBUG] Solving cube (l0 = natural_join(), l1 = summarise(), l2 = filter([2]))
[     2.489][cube-solver-9][DEBUG] Solving cube (l0 = summarise(), l1 = filter([2]), l2 = anti_join())
[     2.493][cube-solver-4][DEBUG] Solving cube (l0 = summarise(), l1 = filter([2]), l2 = left_join())
[     2.529][cube-solver-8][DEBUG] Solving cube (l0 = natural_join3(), l1 = summarise(), l2 = filter([3]))
[     2.534][cube-solver-8][DEBUG] Solving cube (l0 = summarise(), l1 = filter([3]), l2 = union())
[     2.544][cube-solver-5][DEBUG] Solving cube (l0 = natural_join(), l1 = filter([3]), l2 = summarise())
[     2.551][cube-solver-5][DEBUG] Solving cube (l0 = summarise(), l1 = filter([3]), l2 = intersect())
[     2.565][cube-solver-14][DEBUG] Solving cube (l0 = natural_join4(), l1 = filter([4]), l2 = mutate())
[     2.572][cube-solver-14][DEBUG] Solving cube (l0 = summarise(), l1 = filter([4]), l2 = semi_join())
[     2.625][cube-solver-12][DEBUG] Solving cube (l0 = natural_join4(), l1 = summarise(), l2 = filter([4]))
[     2.633][cube-solver-12][DEBUG] Solving cube (l0 = summarise(), l1 = filter([4]), l2 = cross_join())
[     2.868][cube-solver-13][DEBUG] Solving cube (l0 = natural_join4(), l1 = filter([5]), l2 = summarise())
[     2.872][cube-solver-13][DEBUG] Solving cube (l0 = summarise(), l1 = filter([5]), l2 = mutate())
[     2.904][cube-solver-2][DEBUG] Solving cube (l0 = summarise(), l1 = natural_join(), l2 = filter([5]))
[     3.066][cube-solver-15][DEBUG] Solving cube (l0 = natural_join4(), l1 = mutate(), l2 = filter([5]))
[     3.076][cube-solver-15][DEBUG] Solving cube (l0 = summarise(), l1 = filter([5]), l2 = inner_join())
[     3.427][cube-solver-1][DEBUG] Solving cube (l0 = summarise(), l1 = natural_join3(), l2 = filter([5]))
[     3.432][cube-solver-1][DEBUG] Solving cube (l0 = summarise(), l1 = anti_join(), l2 = filter([5]))
[     4.369][cube-solver-0][DEBUG] Initialising process for 3 lines of code.
[     4.573][cube-solver-3][DEBUG] Initialising process for 3 lines of code.
[     4.845][cube-solver-13][DEBUG] Solving cube (l0 = summarise(), l1 = intersect(), l2 = filter([5]))
[     5.092][cube-solver-0][DEBUG] Solving cube (l0 = summarise(), l1 = left_join(), l2 = filter([5]))
[     5.321][cube-solver-3][DEBUG] Solving cube (l0 = summarise(), l1 = union(), l2 = filter([5]))
[     6.840][cube-solver-10][DEBUG] Solving cube (l0 = summarise(), l1 = semi_join(), l2 = filter([5]))
[    10.933][cube-solver-10][DEBUG] Solving cube (l0 = summarise(), l1 = cross_join(), l2 = filter([5]))
[    10.933][cube-solver-13][DEBUG] Solving cube (l0 = summarise(), l1 = mutate(), l2 = filter([5]))
[    11.740][cube-solver-11][DEBUG] Solving cube (l0 = summarise(), l1 = inner_join(), l2 = filter([5]))
[    12.821][cube-solver-13][DEBUG] Solving cube (l0 = filter([5]), l1 = natural_join(), l2 = summarise())
[    12.825][cube-solver-13][DEBUG] Solving cube (l0 = filter([5]), l1 = natural_join(), l2 = mutate())
[    12.829][cube-solver-13][DEBUG] Solving cube (l0 = filter([5]), l1 = natural_join3(), l2 = summarise())
[    12.832][cube-solver-13][DEBUG] Solving cube (l0 = filter([5]), l1 = natural_join3(), l2 = mutate())
[    12.835][cube-solver-13][DEBUG] Solving cube (l0 = filter([5]), l1 = natural_join4(), l2 = summarise())
[    12.839][cube-solver-13][DEBUG] Solving cube (l0 = filter([5]), l1 = natural_join4(), l2 = mutate())
[    12.842][cube-solver-13][DEBUG] Solving cube (l0 = filter([5]), l1 = summarise(), l2 = natural_join())
[    12.845][cube-solver-13][DEBUG] Solving cube (l0 = filter([5]), l1 = summarise(), l2 = natural_join3())
[    12.849][cube-solver-13][DEBUG] Solving cube (l0 = filter([5]), l1 = summarise(), l2 = natural_join4())
[    12.852][cube-solver-13][DEBUG] Solving cube (l0 = filter([5]), l1 = summarise(), l2 = summarise())
[    12.855][cube-solver-13][DEBUG] Solving cube (l0 = filter([5]), l1 = summarise(), l2 = filter([5]))
[    12.860][cube-solver-13][DEBUG] Solving cube (l0 = filter([5]), l1 = summarise(), l2 = anti_join())
[    12.863][cube-solver-13][DEBUG] Solving cube (l0 = filter([5]), l1 = summarise(), l2 = left_join())
[    12.867][cube-solver-13][DEBUG] Solving cube (l0 = filter([5]), l1 = summarise(), l2 = union())
[    12.870][cube-solver-13][DEBUG] Solving cube (l0 = filter([5]), l1 = summarise(), l2 = intersect())
[    12.873][cube-solver-13][DEBUG] Solving cube (l0 = filter([5]), l1 = summarise(), l2 = semi_join())
[    12.877][cube-solver-13][DEBUG] Solving cube (l0 = filter([5]), l1 = summarise(), l2 = cross_join())
[    12.880][cube-solver-13][DEBUG] Solving cube (l0 = filter([5]), l1 = summarise(), l2 = mutate())
[    12.883][cube-solver-13][DEBUG] Solving cube (l0 = filter([5]), l1 = summarise(), l2 = inner_join())
[    12.886][cube-solver-13][DEBUG] Solving cube (l0 = filter([5]), l1 = filter([5]), l2 = summarise())
[    12.891][cube-solver-13][DEBUG] Solving cube (l0 = filter([5]), l1 = filter([5]), l2 = mutate())
[    12.896][cube-solver-13][DEBUG] Solving cube (l0 = filter([5]), l1 = anti_join(), l2 = summarise())
[    12.899][cube-solver-13][DEBUG] Solving cube (l0 = filter([5]), l1 = anti_join(), l2 = mutate())
[    12.902][cube-solver-13][DEBUG] Solving cube (l0 = filter([5]), l1 = left_join(), l2 = summarise())
[    12.905][cube-solver-13][DEBUG] Solving cube (l0 = filter([5]), l1 = left_join(), l2 = mutate())
[    12.908][cube-solver-13][DEBUG] Solving cube (l0 = filter([5]), l1 = union(), l2 = summarise())
[    12.912][cube-solver-13][DEBUG] Solving cube (l0 = filter([5]), l1 = union(), l2 = mutate())
[    12.915][cube-solver-13][DEBUG] Solving cube (l0 = filter([5]), l1 = intersect(), l2 = summarise())
[    12.918][cube-solver-13][DEBUG] Solving cube (l0 = filter([5]), l1 = intersect(), l2 = mutate())
[    12.921][cube-solver-13][DEBUG] Solving cube (l0 = filter([5]), l1 = semi_join(), l2 = summarise())
[    12.924][cube-solver-13][DEBUG] Solving cube (l0 = filter([5]), l1 = semi_join(), l2 = mutate())
[    12.928][cube-solver-13][DEBUG] Solving cube (l0 = filter([5]), l1 = cross_join(), l2 = summarise())
[    12.931][cube-solver-13][DEBUG] Solving cube (l0 = filter([5]), l1 = cross_join(), l2 = mutate())
[    12.934][cube-solver-13][DEBUG] Solving cube (l0 = filter([5]), l1 = mutate(), l2 = natural_join())
[    12.937][cube-solver-13][DEBUG] Solving cube (l0 = filter([5]), l1 = mutate(), l2 = natural_join3())
[    12.941][cube-solver-13][DEBUG] Solving cube (l0 = filter([5]), l1 = mutate(), l2 = natural_join4())
[    12.944][cube-solver-13][DEBUG] Solving cube (l0 = filter([5]), l1 = mutate(), l2 = summarise())
[    12.947][cube-solver-13][DEBUG] Solving cube (l0 = filter([5]), l1 = mutate(), l2 = filter([5]))
[    12.952][cube-solver-13][DEBUG] Solving cube (l0 = filter([5]), l1 = mutate(), l2 = anti_join())
[    12.955][cube-solver-13][DEBUG] Solving cube (l0 = filter([5]), l1 = mutate(), l2 = left_join())
[    12.958][cube-solver-13][DEBUG] Solving cube (l0 = filter([5]), l1 = mutate(), l2 = union())
[    12.961][cube-solver-13][DEBUG] Solving cube (l0 = filter([5]), l1 = mutate(), l2 = intersect())
[    12.965][cube-solver-13][DEBUG] Solving cube (l0 = filter([5]), l1 = mutate(), l2 = semi_join())
[    12.968][cube-solver-13][DEBUG] Solving cube (l0 = filter([5]), l1 = mutate(), l2 = cross_join())
[    12.971][cube-solver-13][DEBUG] Solving cube (l0 = filter([5]), l1 = mutate(), l2 = mutate())
[    12.974][cube-solver-13][DEBUG] Solving cube (l0 = filter([5]), l1 = mutate(), l2 = inner_join())
[    12.978][cube-solver-13][DEBUG] Solving cube (l0 = filter([5]), l1 = inner_join(), l2 = summarise())
[    12.981][cube-solver-13][DEBUG] Solving cube (l0 = filter([5]), l1 = inner_join(), l2 = mutate())
[    12.984][cube-solver-13][DEBUG] Solving cube (l0 = anti_join(), l1 = summarise(), l2 = filter([5]))
[    12.988][cube-solver-13][DEBUG] Solving cube (l0 = anti_join(), l1 = filter([5]), l2 = summarise())
[    12.991][cube-solver-13][DEBUG] Solving cube (l0 = anti_join(), l1 = filter([5]), l2 = mutate())
[    12.995][cube-solver-13][DEBUG] Solving cube (l0 = anti_join(), l1 = mutate(), l2 = filter([5]))
[    12.998][cube-solver-13][DEBUG] Solving cube (l0 = left_join(), l1 = summarise(), l2 = filter([5]))
[    13.558][cube-solver-14][DEBUG] Solving cube (l0 = left_join(), l1 = filter([5]), l2 = summarise())
[    13.565][cube-solver-14][DEBUG] Solving cube (l0 = left_join(), l1 = filter([5]), l2 = mutate())
[    13.572][cube-solver-14][DEBUG] Solving cube (l0 = left_join(), l1 = mutate(), l2 = filter([5]))
[    14.287][cube-solver-5][DEBUG] Solving cube (l0 = union(), l1 = summarise(), l2 = filter([5]))
[    14.892][cube-solver-13][DEBUG] Solving cube (l0 = union(), l1 = filter([5]), l2 = summarise())
[    14.896][cube-solver-13][DEBUG] Solving cube (l0 = union(), l1 = filter([5]), l2 = mutate())
[    14.900][cube-solver-13][DEBUG] Solving cube (l0 = union(), l1 = mutate(), l2 = filter([5]))
[    15.565][cube-solver-14][DEBUG] Solving cube (l0 = intersect(), l1 = summarise(), l2 = filter([5]))
[    16.415][cube-solver-5][DEBUG] Solving cube (l0 = intersect(), l1 = filter([5]), l2 = summarise())
[    16.423][cube-solver-5][DEBUG] Solving cube (l0 = intersect(), l1 = filter([5]), l2 = mutate())
[    16.429][cube-solver-5][DEBUG] Solving cube (l0 = intersect(), l1 = mutate(), l2 = filter([5]))
[    16.749][cube-solver-13][DEBUG] Solving cube (l0 = semi_join(), l1 = summarise(), l2 = filter([5]))
[    16.764][cube-solver-5][DEBUG] Solving cube (l0 = semi_join(), l1 = filter([5]), l2 = summarise())
[    16.769][cube-solver-5][DEBUG] Solving cube (l0 = semi_join(), l1 = filter([5]), l2 = mutate())
[    16.773][cube-solver-5][DEBUG] Solving cube (l0 = semi_join(), l1 = mutate(), l2 = filter([5]))
[    17.207][cube-solver-14][DEBUG] Solving cube (l0 = cross_join(), l1 = summarise(), l2 = filter([5]))
[    18.619][cube-solver-13][DEBUG] Solving cube (l0 = cross_join([13]), l1 = filter([5]), l2 = summarise())
[    18.630][cube-solver-13][DEBUG] Solving cube (l0 = cross_join([13]), l1 = filter([5]), l2 = mutate())
[    18.640][cube-solver-13][DEBUG] Solving cube (l0 = cross_join([13]), l1 = mutate(), l2 = filter([5]))
[    18.728][cube-solver-5][DEBUG] Solving cube (l0 = mutate(), l1 = natural_join(), l2 = filter([5]))
[    22.666][cube-solver-5][DEBUG] Solving cube (l0 = mutate(), l1 = natural_join3(), l2 = filter([5]))
[    22.675][cube-solver-5][DEBUG] Solving cube (l0 = mutate(), l1 = natural_join4(), l2 = filter([5]))
[    22.682][cube-solver-5][DEBUG] Solving cube (l0 = mutate(), l1 = summarise(), l2 = filter([5]))
[    23.629][cube-solver-1][DEBUG] Solving cube (l0 = mutate(), l1 = filter([5]), l2 = natural_join())
[    23.656][cube-solver-13][DEBUG] Solving cube (l0 = mutate(), l1 = filter([5]), l2 = natural_join3())
[    24.583][cube-solver-5][DEBUG] Solving cube (l0 = mutate(), l1 = filter([5]), l2 = natural_join4())
[    24.588][cube-solver-5][DEBUG] Solving cube (l0 = mutate(), l1 = filter([5]), l2 = summarise())
[    25.617][cube-solver-2][DEBUG] Solving cube (l0 = mutate(), l1 = filter([5]), l2 = filter([5]))
[    26.417][cube-solver-5][DEBUG] Solving cube (l0 = mutate(), l1 = filter([5]), l2 = anti_join())
[    29.903][cube-solver-0][DEBUG] Solving cube (l0 = mutate(), l1 = filter([5]), l2 = left_join())
[    29.905][cube-solver-3][DEBUG] Solving cube (l0 = mutate(), l1 = filter([5]), l2 = union())
[    29.936][cube-solver-7][DEBUG] Solving cube (l0 = mutate(), l1 = filter([5]), l2 = intersect())
[    31.676][cube-solver-7][DEBUG] Solving cube (l0 = mutate(), l1 = filter([5]), l2 = semi_join())
[    31.689][cube-solver-1][DEBUG] Solving cube (l0 = mutate(), l1 = filter([5]), l2 = cross_join([85]))
[    32.195][cube-solver-8][DEBUG] Solving cube (l0 = mutate(), l1 = filter([5]), l2 = mutate())
[    32.683][cube-solver-4][DEBUG] Solving cube (l0 = mutate(), l1 = filter([5]), l2 = inner_join())
[    34.158][cube-solver-8][DEBUG] Solving cube (l0 = mutate(), l1 = anti_join(), l2 = filter([5]))
[    35.202][cube-solver-13][DEBUG] Solving cube (l0 = mutate(), l1 = left_join(), l2 = filter([5]))
[    35.282][cube-solver-2][DEBUG] Solving cube (l0 = mutate(), l1 = union(), l2 = filter([5]))
[    39.600][cube-solver-3][DEBUG] Solving cube (l0 = mutate(), l1 = intersect(), l2 = filter([5]))
[    39.602][cube-solver-0][DEBUG] Solving cube (l0 = mutate(), l1 = semi_join(), l2 = filter([5]))
[    40.181][cube-solver-7][DEBUG] Solving cube (l0 = mutate(), l1 = cross_join([85]), l2 = filter([5]))
[    40.470][cube-solver-3][DEBUG] Solving cube (l0 = mutate(), l1 = mutate(), l2 = filter([5]))
[    40.907][cube-solver-13][DEBUG] Solving cube (l0 = mutate(), l1 = inner_join(), l2 = filter([5]))
[    40.932][cube-solver-2][DEBUG] Solving cube (l0 = inner_join(), l1 = summarise(), l2 = filter([5]))
[    42.439][cube-solver-3][DEBUG] Solving cube (l0 = inner_join(), l1 = filter([5]), l2 = summarise())
[    42.447][cube-solver-3][DEBUG] Solving cube (l0 = inner_join(), l1 = filter([5]), l2 = mutate())
[    42.454][cube-solver-3][DEBUG] Solving cube (l0 = inner_join(), l1 = mutate(), l2 = filter([5]))
[    43.585][MainProcess][DEBUG] Increasing generator loc to 4
[    43.587][cube-solver-0][DEBUG] Initialising process for 4 lines of code.
[    44.699][cube-solver-0][DEBUG] Solving cube (l0 = natural_join(), l1 = summarise(), l2 = natural_join(), l3 = filter([5]))
[    44.712][cube-solver-0][DEBUG] Solving cube (l0 = natural_join(), l1 = summarise(), l2 = natural_join3(), l3 = filter([5]))
[    44.717][cube-solver-0][DEBUG] Solving cube (l0 = natural_join(), l1 = summarise(), l2 = natural_join4(), l3 = filter([5]))
[    44.721][cube-solver-0][DEBUG] Solving cube (l0 = natural_join(), l1 = summarise(), l2 = summarise(), l3 = filter([5]))
[    44.726][cube-solver-0][DEBUG] Solving cube (l0 = natural_join(), l1 = summarise(), l2 = filter([5]), l3 = natural_join())
[    44.730][cube-solver-0][DEBUG] Solving cube (l0 = natural_join(), l1 = summarise(), l2 = filter([5]), l3 = natural_join3())
[    44.734][cube-solver-0][DEBUG] Solving cube (l0 = natural_join(), l1 = summarise(), l2 = filter([5]), l3 = natural_join4())
[    44.739][cube-solver-0][DEBUG] Solving cube (l0 = natural_join(), l1 = summarise(), l2 = filter([5]), l3 = summarise())
[    44.743][cube-solver-0][DEBUG] Solving cube (l0 = natural_join(), l1 = summarise(), l2 = filter([5]), l3 = filter([5]))
[    44.748][cube-solver-0][DEBUG] Solving cube (l0 = natural_join(), l1 = summarise(), l2 = filter([5]), l3 = anti_join())
[    44.753][cube-solver-0][DEBUG] Solving cube (l0 = natural_join(), l1 = summarise(), l2 = filter([5]), l3 = left_join())
[    44.757][cube-solver-0][DEBUG] Solving cube (l0 = natural_join(), l1 = summarise(), l2 = filter([5]), l3 = union())
[    44.761][cube-solver-0][DEBUG] Solving cube (l0 = natural_join(), l1 = summarise(), l2 = filter([5]), l3 = intersect())
[    44.765][cube-solver-0][DEBUG] Solving cube (l0 = natural_join(), l1 = summarise(), l2 = filter([5]), l3 = semi_join())
[    44.772][cube-solver-0][DEBUG] Solving cube (l0 = natural_join(), l1 = summarise(), l2 = filter([5]), l3 = cross_join([85]))
[    44.811][cube-solver-0][DEBUG] Solving cube (l0 = natural_join(), l1 = summarise(), l2 = filter([5]), l3 = mutate())
[    44.815][cube-solver-0][DEBUG] Solving cube (l0 = natural_join(), l1 = summarise(), l2 = filter([5]), l3 = inner_join())
[    44.820][cube-solver-0][DEBUG] Solving cube (l0 = natural_join(), l1 = summarise(), l2 = anti_join(), l3 = filter([5]))
[    44.823][cube-solver-9][DEBUG] Initialising process for 4 lines of code.
[    44.824][cube-solver-0][DEBUG] Solving cube (l0 = natural_join(), l1 = summarise(), l2 = union(), l3 = filter([5]))
[    44.828][cube-solver-0][DEBUG] Solving cube (l0 = natural_join(), l1 = summarise(), l2 = intersect(), l3 = filter([5]))
[    44.832][cube-solver-0][DEBUG] Solving cube (l0 = natural_join(), l1 = summarise(), l2 = semi_join(), l3 = filter([5]))
[    44.839][cube-solver-0][DEBUG] Solving cube (l0 = natural_join(), l1 = summarise(), l2 = cross_join([85]), l3 = filter([5]))
[    44.878][cube-solver-0][DEBUG] Solving cube (l0 = natural_join(), l1 = summarise(), l2 = mutate(), l3 = filter([5]))
[    44.882][cube-solver-0][DEBUG] Solving cube (l0 = natural_join(), l1 = summarise(), l2 = inner_join(), l3 = filter([5]))
[    44.886][cube-solver-0][DEBUG] Solving cube (l0 = natural_join(), l1 = filter([5]), l2 = natural_join(), l3 = summarise())
[    44.891][cube-solver-0][DEBUG] Solving cube (l0 = natural_join(), l1 = filter([5]), l2 = natural_join(), l3 = mutate())
[    44.895][cube-solver-0][DEBUG] Solving cube (l0 = natural_join(), l1 = filter([5]), l2 = natural_join3(), l3 = summarise())
[    44.899][cube-solver-0][DEBUG] Solving cube (l0 = natural_join(), l1 = filter([5]), l2 = natural_join3(), l3 = mutate())
[    44.903][cube-solver-0][DEBUG] Solving cube (l0 = natural_join(), l1 = filter([5]), l2 = natural_join4(), l3 = summarise())
[    44.907][cube-solver-0][DEBUG] Solving cube (l0 = natural_join(), l1 = filter([5]), l2 = natural_join4(), l3 = mutate())
[    44.912][cube-solver-0][DEBUG] Solving cube (l0 = natural_join(), l1 = filter([5]), l2 = summarise(), l3 = natural_join())
[    44.916][cube-solver-0][DEBUG] Solving cube (l0 = natural_join(), l1 = filter([5]), l2 = summarise(), l3 = natural_join3())
[    44.920][cube-solver-0][DEBUG] Solving cube (l0 = natural_join(), l1 = filter([5]), l2 = summarise(), l3 = natural_join4())
[    44.924][cube-solver-0][DEBUG] Solving cube (l0 = natural_join(), l1 = filter([5]), l2 = summarise(), l3 = summarise())
[    44.928][cube-solver-0][DEBUG] Solving cube (l0 = natural_join(), l1 = filter([5]), l2 = summarise(), l3 = filter([5]))
[    44.934][cube-solver-0][DEBUG] Solving cube (l0 = natural_join(), l1 = filter([5]), l2 = summarise(), l3 = anti_join())
[    44.938][cube-solver-0][DEBUG] Solving cube (l0 = natural_join(), l1 = filter([5]), l2 = summarise(), l3 = left_join())
[    44.942][cube-solver-0][DEBUG] Solving cube (l0 = natural_join(), l1 = filter([5]), l2 = summarise(), l3 = union())
[    44.947][cube-solver-0][DEBUG] Solving cube (l0 = natural_join(), l1 = filter([5]), l2 = summarise(), l3 = intersect())
[    44.951][cube-solver-0][DEBUG] Solving cube (l0 = natural_join(), l1 = filter([5]), l2 = summarise(), l3 = semi_join())
[    44.957][cube-solver-0][DEBUG] Solving cube (l0 = natural_join(), l1 = filter([5]), l2 = summarise(), l3 = cross_join([85]))
[    44.996][cube-solver-0][DEBUG] Solving cube (l0 = natural_join(), l1 = filter([5]), l2 = summarise(), l3 = mutate())
[    45.001][cube-solver-0][DEBUG] Solving cube (l0 = natural_join(), l1 = filter([5]), l2 = summarise(), l3 = inner_join())
[    45.005][cube-solver-0][DEBUG] Solving cube (l0 = natural_join(), l1 = filter([5]), l2 = filter([5]), l3 = summarise())
[    45.011][cube-solver-0][DEBUG] Solving cube (l0 = natural_join(), l1 = filter([5]), l2 = filter([5]), l3 = mutate())
[    45.017][cube-solver-0][DEBUG] Solving cube (l0 = natural_join(), l1 = filter([5]), l2 = anti_join(), l3 = summarise())
[    45.021][cube-solver-0][DEBUG] Solving cube (l0 = natural_join(), l1 = filter([5]), l2 = anti_join(), l3 = mutate())
[    45.025][cube-solver-0][DEBUG] Solving cube (l0 = natural_join(), l1 = filter([5]), l2 = left_join(), l3 = summarise())
[    45.029][cube-solver-0][DEBUG] Solving cube (l0 = natural_join(), l1 = filter([5]), l2 = left_join(), l3 = mutate())
[    45.034][cube-solver-0][DEBUG] Solving cube (l0 = natural_join(), l1 = filter([5]), l2 = union(), l3 = summarise())
[    45.038][cube-solver-0][DEBUG] Solving cube (l0 = natural_join(), l1 = filter([5]), l2 = union(), l3 = mutate())
[    45.042][cube-solver-0][DEBUG] Solving cube (l0 = natural_join(), l1 = filter([5]), l2 = intersect(), l3 = summarise())
[    45.046][cube-solver-0][DEBUG] Solving cube (l0 = natural_join(), l1 = filter([5]), l2 = intersect(), l3 = mutate())
[    45.051][cube-solver-0][DEBUG] Solving cube (l0 = natural_join(), l1 = filter([5]), l2 = semi_join(), l3 = summarise())
[    45.055][cube-solver-0][DEBUG] Solving cube (l0 = natural_join(), l1 = filter([5]), l2 = semi_join(), l3 = mutate())
[    45.061][cube-solver-0][DEBUG] Solving cube (l0 = natural_join(), l1 = filter([5]), l2 = cross_join([85]), l3 = summarise())
[    45.103][cube-solver-0][DEBUG] Solving cube (l0 = natural_join(), l1 = filter([5]), l2 = cross_join([85]), l3 = mutate())
[    45.141][cube-solver-0][DEBUG] Solving cube (l0 = natural_join(), l1 = filter([5]), l2 = mutate(), l3 = natural_join())
[    45.146][cube-solver-0][DEBUG] Solving cube (l0 = natural_join(), l1 = filter([5]), l2 = mutate(), l3 = natural_join3())
[    45.150][cube-solver-0][DEBUG] Solving cube (l0 = natural_join(), l1 = filter([5]), l2 = mutate(), l3 = natural_join4())
[    45.154][cube-solver-0][DEBUG] Solving cube (l0 = natural_join(), l1 = filter([5]), l2 = mutate(), l3 = summarise())
[    45.159][cube-solver-0][DEBUG] Solving cube (l0 = natural_join(), l1 = filter([5]), l2 = mutate(), l3 = filter([5]))
[    45.164][cube-solver-0][DEBUG] Solving cube (l0 = natural_join(), l1 = filter([5]), l2 = mutate(), l3 = anti_join())
[    45.168][cube-solver-0][DEBUG] Solving cube (l0 = natural_join(), l1 = filter([5]), l2 = mutate(), l3 = left_join())
[    45.173][cube-solver-0][DEBUG] Solving cube (l0 = natural_join(), l1 = filter([5]), l2 = mutate(), l3 = union())
[    45.177][cube-solver-0][DEBUG] Solving cube (l0 = natural_join(), l1 = filter([5]), l2 = mutate(), l3 = intersect())
[    45.181][cube-solver-0][DEBUG] Solving cube (l0 = natural_join(), l1 = filter([5]), l2 = mutate(), l3 = semi_join())
[    45.188][cube-solver-0][DEBUG] Solving cube (l0 = natural_join(), l1 = filter([5]), l2 = mutate(), l3 = cross_join([85]))
[    45.226][cube-solver-0][DEBUG] Solving cube (l0 = natural_join(), l1 = filter([5]), l2 = mutate(), l3 = mutate())
[    45.231][cube-solver-0][DEBUG] Solving cube (l0 = natural_join(), l1 = filter([5]), l2 = mutate(), l3 = inner_join())
[    45.236][cube-solver-0][DEBUG] Solving cube (l0 = natural_join(), l1 = filter([5]), l2 = inner_join(), l3 = summarise())
[    45.240][cube-solver-0][DEBUG] Solving cube (l0 = natural_join(), l1 = filter([5]), l2 = inner_join(), l3 = mutate())
[    45.244][cube-solver-0][DEBUG] Solving cube (l0 = natural_join(), l1 = anti_join(), l2 = summarise(), l3 = filter([5]))
[    45.248][cube-solver-0][DEBUG] Solving cube (l0 = natural_join(), l1 = anti_join(), l2 = filter([5]), l3 = summarise())
[    45.252][cube-solver-0][DEBUG] Solving cube (l0 = natural_join(), l1 = anti_join(), l2 = filter([5]), l3 = mutate())
[    45.257][cube-solver-0][DEBUG] Solving cube (l0 = natural_join(), l1 = anti_join(), l2 = mutate(), l3 = filter([5]))
[    45.261][cube-solver-0][DEBUG] Solving cube (l0 = natural_join(), l1 = left_join(), l2 = summarise(), l3 = filter([5]))
[    45.265][cube-solver-0][DEBUG] Solving cube (l0 = natural_join(), l1 = left_join(), l2 = filter([5]), l3 = summarise())
[    45.269][cube-solver-0][DEBUG] Solving cube (l0 = natural_join(), l1 = left_join(), l2 = filter([5]), l3 = mutate())
[    45.273][cube-solver-0][DEBUG] Solving cube (l0 = natural_join(), l1 = left_join(), l2 = mutate(), l3 = filter([5]))
[    45.278][cube-solver-0][DEBUG] Solving cube (l0 = natural_join(), l1 = union(), l2 = summarise(), l3 = filter([5]))
[    45.282][cube-solver-0][DEBUG] Solving cube (l0 = natural_join(), l1 = union(), l2 = filter([5]), l3 = summarise())
[    45.286][cube-solver-0][DEBUG] Solving cube (l0 = natural_join(), l1 = union(), l2 = filter([5]), l3 = mutate())
[    45.290][cube-solver-0][DEBUG] Solving cube (l0 = natural_join(), l1 = union(), l2 = mutate(), l3 = filter([5]))
[    45.295][cube-solver-0][DEBUG] Solving cube (l0 = natural_join(), l1 = intersect(), l2 = summarise(), l3 = filter([5]))
[    45.299][cube-solver-0][DEBUG] Solving cube (l0 = natural_join(), l1 = intersect(), l2 = filter([5]), l3 = summarise())
[    45.303][cube-solver-0][DEBUG] Solving cube (l0 = natural_join(), l1 = intersect(), l2 = filter([5]), l3 = mutate())
[    45.307][cube-solver-0][DEBUG] Solving cube (l0 = natural_join(), l1 = intersect(), l2 = mutate(), l3 = filter([5]))
[    45.312][cube-solver-0][DEBUG] Solving cube (l0 = natural_join(), l1 = semi_join(), l2 = summarise(), l3 = filter([5]))
[    45.316][cube-solver-0][DEBUG] Solving cube (l0 = natural_join(), l1 = semi_join(), l2 = filter([5]), l3 = summarise())
[    45.321][cube-solver-0][DEBUG] Solving cube (l0 = natural_join(), l1 = semi_join(), l2 = filter([5]), l3 = mutate())
[    45.325][cube-solver-0][DEBUG] Solving cube (l0 = natural_join(), l1 = semi_join(), l2 = mutate(), l3 = filter([5]))
[    45.332][cube-solver-0][DEBUG] Solving cube (l0 = natural_join(), l1 = cross_join([85]), l2 = summarise(), l3 = filter([5]))
[    45.374][cube-solver-0][DEBUG] Solving cube (l0 = natural_join(), l1 = cross_join([85]), l2 = filter([5]), l3 = summarise())
[    45.415][cube-solver-0][DEBUG] Solving cube (l0 = natural_join(), l1 = cross_join([85]), l2 = filter([5]), l3 = mutate())
[    45.457][cube-solver-0][DEBUG] Solving cube (l0 = natural_join(), l1 = cross_join([85]), l2 = mutate(), l3 = filter([5]))
[    45.496][cube-solver-0][DEBUG] Solving cube (l0 = natural_join(), l1 = mutate(), l2 = natural_join(), l3 = filter([5]))
[    45.500][cube-solver-0][DEBUG] Solving cube (l0 = natural_join(), l1 = mutate(), l2 = natural_join3(), l3 = filter([5]))
[    45.505][cube-solver-0][DEBUG] Solving cube (l0 = natural_join(), l1 = mutate(), l2 = natural_join4(), l3 = filter([5]))
[    45.509][cube-solver-0][DEBUG] Solving cube (l0 = natural_join(), l1 = mutate(), l2 = summarise(), l3 = filter([5]))
[    45.513][cube-solver-0][DEBUG] Solving cube (l0 = natural_join(), l1 = mutate(), l2 = filter([5]), l3 = natural_join())
[    45.517][cube-solver-0][DEBUG] Solving cube (l0 = natural_join(), l1 = mutate(), l2 = filter([5]), l3 = natural_join3())
[    45.521][cube-solver-0][DEBUG] Solving cube (l0 = natural_join(), l1 = mutate(), l2 = filter([5]), l3 = natural_join4())
[    45.525][cube-solver-0][DEBUG] Solving cube (l0 = natural_join(), l1 = mutate(), l2 = filter([5]), l3 = summarise())
[    45.530][cube-solver-0][DEBUG] Solving cube (l0 = natural_join(), l1 = mutate(), l2 = filter([5]), l3 = filter([5]))
[    45.535][cube-solver-0][DEBUG] Solving cube (l0 = natural_join(), l1 = mutate(), l2 = filter([5]), l3 = anti_join())
[    45.539][cube-solver-0][DEBUG] Solving cube (l0 = natural_join(), l1 = mutate(), l2 = filter([5]), l3 = left_join())
[    45.544][cube-solver-0][DEBUG] Solving cube (l0 = natural_join(), l1 = mutate(), l2 = filter([5]), l3 = union())
[    45.548][cube-solver-0][DEBUG] Solving cube (l0 = natural_join(), l1 = mutate(), l2 = filter([5]), l3 = intersect())
[    45.552][cube-solver-0][DEBUG] Solving cube (l0 = natural_join(), l1 = mutate(), l2 = filter([5]), l3 = semi_join())
[    45.559][cube-solver-0][DEBUG] Solving cube (l0 = natural_join(), l1 = mutate(), l2 = filter([5]), l3 = cross_join([85]))
[    45.597][cube-solver-0][DEBUG] Solving cube (l0 = natural_join(), l1 = mutate(), l2 = filter([5]), l3 = mutate())
[    45.602][cube-solver-0][DEBUG] Solving cube (l0 = natural_join(), l1 = mutate(), l2 = filter([5]), l3 = inner_join())
[    45.606][cube-solver-0][DEBUG] Solving cube (l0 = natural_join(), l1 = mutate(), l2 = anti_join(), l3 = filter([5]))
[    45.611][cube-solver-0][DEBUG] Solving cube (l0 = natural_join(), l1 = mutate(), l2 = left_join(), l3 = filter([5]))
[    45.615][cube-solver-0][DEBUG] Solving cube (l0 = natural_join(), l1 = mutate(), l2 = union(), l3 = filter([5]))
[    45.619][cube-solver-0][DEBUG] Solving cube (l0 = natural_join(), l1 = mutate(), l2 = intersect(), l3 = filter([5]))
[    45.623][cube-solver-0][DEBUG] Solving cube (l0 = natural_join(), l1 = mutate(), l2 = semi_join(), l3 = filter([5]))
[    45.630][cube-solver-0][DEBUG] Solving cube (l0 = natural_join(), l1 = mutate(), l2 = cross_join([85]), l3 = filter([5]))
[    45.669][cube-solver-0][DEBUG] Solving cube (l0 = natural_join(), l1 = mutate(), l2 = mutate(), l3 = filter([5]))
[    45.673][cube-solver-0][DEBUG] Solving cube (l0 = natural_join(), l1 = mutate(), l2 = inner_join(), l3 = filter([5]))
[    45.678][cube-solver-0][DEBUG] Solving cube (l0 = natural_join(), l1 = inner_join(), l2 = summarise(), l3 = filter([5]))
[    45.682][cube-solver-0][DEBUG] Solving cube (l0 = natural_join(), l1 = inner_join(), l2 = filter([5]), l3 = summarise())
[    45.686][cube-solver-0][DEBUG] Solving cube (l0 = natural_join(), l1 = inner_join(), l2 = filter([5]), l3 = mutate())
[    45.691][cube-solver-0][DEBUG] Solving cube (l0 = natural_join(), l1 = inner_join(), l2 = mutate(), l3 = filter([5]))
[    45.695][cube-solver-0][DEBUG] Solving cube (l0 = natural_join(), l1 = natural_join(), l2 = summarise(), l3 = filter([5]))
[    45.699][cube-solver-0][DEBUG] Solving cube (l0 = natural_join(), l1 = natural_join(), l2 = filter([5]), l3 = summarise())
[    45.703][cube-solver-0][DEBUG] Solving cube (l0 = natural_join(), l1 = natural_join(), l2 = filter([5]), l3 = mutate())
[    45.707][cube-solver-0][DEBUG] Solving cube (l0 = natural_join(), l1 = natural_join(), l2 = mutate(), l3 = filter([5]))
[    45.712][cube-solver-0][DEBUG] Solving cube (l0 = natural_join(), l1 = natural_join3(), l2 = summarise(), l3 = filter([5]))
[    45.716][cube-solver-0][DEBUG] Solving cube (l0 = natural_join(), l1 = natural_join3(), l2 = filter([5]), l3 = summarise())
[    45.720][cube-solver-0][DEBUG] Solving cube (l0 = natural_join(), l1 = natural_join3(), l2 = filter([5]), l3 = mutate())
[    45.724][cube-solver-0][DEBUG] Solving cube (l0 = natural_join(), l1 = natural_join3(), l2 = mutate(), l3 = filter([5]))
[    45.729][cube-solver-0][DEBUG] Solving cube (l0 = natural_join(), l1 = natural_join4(), l2 = summarise(), l3 = filter([5]))
[    45.733][cube-solver-0][DEBUG] Solving cube (l0 = natural_join(), l1 = natural_join4(), l2 = filter([5]), l3 = summarise())
[    45.737][cube-solver-0][DEBUG] Solving cube (l0 = natural_join(), l1 = natural_join4(), l2 = filter([5]), l3 = mutate())
[    45.741][cube-solver-0][DEBUG] Solving cube (l0 = natural_join(), l1 = natural_join4(), l2 = mutate(), l3 = filter([5]))
[    45.745][cube-solver-0][DEBUG] Solving cube (l0 = natural_join3(), l1 = summarise(), l2 = natural_join(), l3 = filter([5]))
[    45.749][cube-solver-0][DEBUG] Solving cube (l0 = natural_join3(), l1 = summarise(), l2 = natural_join3(), l3 = filter([5]))
[    45.754][cube-solver-0][DEBUG] Solving cube (l0 = natural_join3(), l1 = summarise(), l2 = natural_join4(), l3 = filter([5]))
[    45.758][cube-solver-0][DEBUG] Solving cube (l0 = natural_join3(), l1 = summarise(), l2 = summarise(), l3 = filter([5]))
[    45.762][cube-solver-0][DEBUG] Solving cube (l0 = natural_join3(), l1 = summarise(), l2 = filter([5]), l3 = natural_join())
[    45.766][cube-solver-0][DEBUG] Solving cube (l0 = natural_join3(), l1 = summarise(), l2 = filter([5]), l3 = natural_join3())
[    45.770][cube-solver-0][DEBUG] Solving cube (l0 = natural_join3(), l1 = summarise(), l2 = filter([5]), l3 = natural_join4())
[    45.774][cube-solver-0][DEBUG] Solving cube (l0 = natural_join3(), l1 = summarise(), l2 = filter([5]), l3 = summarise())
[    45.778][cube-solver-0][DEBUG] Solving cube (l0 = natural_join3(), l1 = summarise(), l2 = filter([5]), l3 = filter([5]))
[    45.784][cube-solver-0][DEBUG] Solving cube (l0 = natural_join3(), l1 = summarise(), l2 = filter([5]), l3 = anti_join())
[    45.788][cube-solver-0][DEBUG] Solving cube (l0 = natural_join3(), l1 = summarise(), l2 = filter([5]), l3 = left_join())
[    45.792][cube-solver-0][DEBUG] Solving cube (l0 = natural_join3(), l1 = summarise(), l2 = filter([5]), l3 = union())
[    45.796][cube-solver-0][DEBUG] Solving cube (l0 = natural_join3(), l1 = summarise(), l2 = filter([5]), l3 = intersect())
[    45.800][cube-solver-0][DEBUG] Solving cube (l0 = natural_join3(), l1 = summarise(), l2 = filter([5]), l3 = semi_join())
[    45.807][cube-solver-0][DEBUG] Solving cube (l0 = natural_join3(), l1 = summarise(), l2 = filter([5]), l3 = cross_join([85]))
[    45.845][cube-solver-0][DEBUG] Solving cube (l0 = natural_join3(), l1 = summarise(), l2 = filter([5]), l3 = mutate())
[    45.850][cube-solver-0][DEBUG] Solving cube (l0 = natural_join3(), l1 = summarise(), l2 = filter([5]), l3 = inner_join())
[    45.854][cube-solver-0][DEBUG] Solving cube (l0 = natural_join3(), l1 = summarise(), l2 = anti_join(), l3 = filter([5]))
[    45.859][cube-solver-0][DEBUG] Solving cube (l0 = natural_join3(), l1 = summarise(), l2 = left_join(), l3 = filter([5]))
[    45.863][cube-solver-0][DEBUG] Solving cube (l0 = natural_join3(), l1 = summarise(), l2 = union(), l3 = filter([5]))
[    45.867][cube-solver-0][DEBUG] Solving cube (l0 = natural_join3(), l1 = summarise(), l2 = intersect(), l3 = filter([5]))
[    45.872][cube-solver-0][DEBUG] Solving cube (l0 = natural_join3(), l1 = summarise(), l2 = semi_join(), l3 = filter([5]))
[    45.878][cube-solver-0][DEBUG] Solving cube (l0 = natural_join3(), l1 = summarise(), l2 = cross_join([85]), l3 = filter([5]))
[    45.917][cube-solver-0][DEBUG] Solving cube (l0 = natural_join3(), l1 = summarise(), l2 = mutate(), l3 = filter([5]))
[    45.922][cube-solver-0][DEBUG] Solving cube (l0 = natural_join3(), l1 = summarise(), l2 = inner_join(), l3 = filter([5]))
[    45.926][cube-solver-0][DEBUG] Solving cube (l0 = natural_join3(), l1 = filter([5]), l2 = natural_join(), l3 = summarise())
[    45.930][cube-solver-0][DEBUG] Solving cube (l0 = natural_join3(), l1 = filter([5]), l2 = natural_join(), l3 = mutate())
[    45.935][cube-solver-0][DEBUG] Solving cube (l0 = natural_join3(), l1 = filter([5]), l2 = natural_join3(), l3 = summarise())
[    45.939][cube-solver-0][DEBUG] Solving cube (l0 = natural_join3(), l1 = filter([5]), l2 = natural_join3(), l3 = mutate())
[    45.943][cube-solver-0][DEBUG] Solving cube (l0 = natural_join3(), l1 = filter([5]), l2 = natural_join4(), l3 = summarise())
[    45.946][cube-solver-9][DEBUG] Solving cube (l0 = natural_join(), l1 = summarise(), l2 = left_join(), l3 = filter([5]))
[    45.947][cube-solver-0][DEBUG] Solving cube (l0 = natural_join3(), l1 = filter([5]), l2 = natural_join4(), l3 = mutate())
[    45.951][cube-solver-9][DEBUG] Solving cube (l0 = natural_join3(), l1 = filter([5]), l2 = summarise(), l3 = natural_join())
[    45.952][cube-solver-0][DEBUG] Solving cube (l0 = natural_join3(), l1 = filter([5]), l2 = summarise(), l3 = natural_join3())
[    45.956][cube-solver-9][DEBUG] Solving cube (l0 = natural_join3(), l1 = filter([5]), l2 = summarise(), l3 = summarise())
[    45.956][cube-solver-0][DEBUG] Solving cube (l0 = natural_join3(), l1 = filter([5]), l2 = summarise(), l3 = natural_join4())
[    45.960][cube-solver-9][DEBUG] Solving cube (l0 = natural_join3(), l1 = filter([5]), l2 = summarise(), l3 = filter([5]))
[    45.960][cube-solver-0][DEBUG] Solving cube (l0 = natural_join3(), l1 = filter([5]), l2 = summarise(), l3 = anti_join())
[    45.965][cube-solver-0][DEBUG] Solving cube (l0 = natural_join3(), l1 = filter([5]), l2 = summarise(), l3 = left_join())
[    45.966][cube-solver-9][DEBUG] Solving cube (l0 = natural_join3(), l1 = filter([5]), l2 = summarise(), l3 = union())
[    45.969][cube-solver-0][DEBUG] Solving cube (l0 = natural_join3(), l1 = filter([5]), l2 = summarise(), l3 = intersect())
[    45.970][cube-solver-9][DEBUG] Solving cube (l0 = natural_join3(), l1 = filter([5]), l2 = summarise(), l3 = semi_join())
[    45.975][cube-solver-9][DEBUG] Solving cube (l0 = natural_join3(), l1 = filter([5]), l2 = summarise(), l3 = mutate())
[    45.976][cube-solver-0][DEBUG] Solving cube (l0 = natural_join3(), l1 = filter([5]), l2 = summarise(), l3 = cross_join([85]))
[    45.979][cube-solver-9][DEBUG] Solving cube (l0 = natural_join3(), l1 = filter([5]), l2 = summarise(), l3 = inner_join())
[    45.983][cube-solver-9][DEBUG] Solving cube (l0 = natural_join3(), l1 = filter([5]), l2 = filter([5]), l3 = summarise())
[    45.989][cube-solver-9][DEBUG] Solving cube (l0 = natural_join3(), l1 = filter([5]), l2 = filter([5]), l3 = mutate())
[    45.994][cube-solver-9][DEBUG] Solving cube (l0 = natural_join3(), l1 = filter([5]), l2 = anti_join(), l3 = summarise())
[    45.998][cube-solver-9][DEBUG] Solving cube (l0 = natural_join3(), l1 = filter([5]), l2 = anti_join(), l3 = mutate())
[    46.002][cube-solver-9][DEBUG] Solving cube (l0 = natural_join3(), l1 = filter([5]), l2 = left_join(), l3 = summarise())
[    46.006][cube-solver-9][DEBUG] Solving cube (l0 = natural_join3(), l1 = filter([5]), l2 = left_join(), l3 = mutate())
[    46.010][cube-solver-9][DEBUG] Solving cube (l0 = natural_join3(), l1 = filter([5]), l2 = union(), l3 = summarise())
[    46.014][cube-solver-9][DEBUG] Solving cube (l0 = natural_join3(), l1 = filter([5]), l2 = union(), l3 = mutate())
[    46.016][cube-solver-0][DEBUG] Solving cube (l0 = natural_join3(), l1 = filter([5]), l2 = intersect(), l3 = summarise())
[    46.018][cube-solver-9][DEBUG] Solving cube (l0 = natural_join3(), l1 = filter([5]), l2 = intersect(), l3 = mutate())
[    46.021][cube-solver-0][DEBUG] Solving cube (l0 = natural_join3(), l1 = filter([5]), l2 = semi_join(), l3 = summarise())
[    46.022][cube-solver-9][DEBUG] Solving cube (l0 = natural_join3(), l1 = filter([5]), l2 = semi_join(), l3 = mutate())
[    46.029][cube-solver-0][DEBUG] Solving cube (l0 = natural_join3(), l1 = filter([5]), l2 = cross_join([85]), l3 = summarise())
[    46.031][cube-solver-9][DEBUG] Solving cube (l0 = natural_join3(), l1 = filter([5]), l2 = cross_join([85]), l3 = mutate())
[    46.068][cube-solver-0][DEBUG] Solving cube (l0 = natural_join3(), l1 = filter([5]), l2 = mutate(), l3 = natural_join())
[    46.070][cube-solver-9][DEBUG] Solving cube (l0 = natural_join3(), l1 = filter([5]), l2 = mutate(), l3 = natural_join3())
[    46.073][cube-solver-0][DEBUG] Solving cube (l0 = natural_join3(), l1 = filter([5]), l2 = mutate(), l3 = natural_join4())
[    46.074][cube-solver-9][DEBUG] Solving cube (l0 = natural_join3(), l1 = filter([5]), l2 = mutate(), l3 = summarise())
[    46.077][cube-solver-0][DEBUG] Solving cube (l0 = natural_join3(), l1 = filter([5]), l2 = mutate(), l3 = filter([5]))
[    46.078][cube-solver-9][DEBUG] Solving cube (l0 = natural_join3(), l1 = filter([5]), l2 = mutate(), l3 = anti_join())
[    46.082][cube-solver-9][DEBUG] Solving cube (l0 = natural_join3(), l1 = filter([5]), l2 = mutate(), l3 = left_join())
[    46.083][cube-solver-0][DEBUG] Solving cube (l0 = natural_join3(), l1 = filter([5]), l2 = mutate(), l3 = union())
[    46.086][cube-solver-9][DEBUG] Solving cube (l0 = natural_join3(), l1 = filter([5]), l2 = mutate(), l3 = intersect())
[    46.088][cube-solver-0][DEBUG] Solving cube (l0 = natural_join3(), l1 = filter([5]), l2 = mutate(), l3 = semi_join())
[    46.093][cube-solver-0][DEBUG] Solving cube (l0 = natural_join3(), l1 = filter([5]), l2 = mutate(), l3 = mutate())
[    46.093][cube-solver-9][DEBUG] Solving cube (l0 = natural_join3(), l1 = filter([5]), l2 = mutate(), l3 = cross_join([85]))
[    46.097][cube-solver-0][DEBUG] Solving cube (l0 = natural_join3(), l1 = filter([5]), l2 = mutate(), l3 = inner_join())
[    46.102][cube-solver-0][DEBUG] Solving cube (l0 = natural_join3(), l1 = filter([5]), l2 = inner_join(), l3 = summarise())
[    46.106][cube-solver-0][DEBUG] Solving cube (l0 = natural_join3(), l1 = filter([5]), l2 = inner_join(), l3 = mutate())
[    46.110][cube-solver-0][DEBUG] Solving cube (l0 = natural_join3(), l1 = anti_join(), l2 = summarise(), l3 = filter([5]))
[    46.115][cube-solver-0][DEBUG] Solving cube (l0 = natural_join3(), l1 = anti_join(), l2 = filter([5]), l3 = summarise())
[    46.119][cube-solver-0][DEBUG] Solving cube (l0 = natural_join3(), l1 = anti_join(), l2 = filter([5]), l3 = mutate())
[    46.123][cube-solver-0][DEBUG] Solving cube (l0 = natural_join3(), l1 = anti_join(), l2 = mutate(), l3 = filter([5]))
[    46.127][cube-solver-0][DEBUG] Solving cube (l0 = natural_join3(), l1 = left_join(), l2 = summarise(), l3 = filter([5]))
[    46.132][cube-solver-0][DEBUG] Solving cube (l0 = natural_join3(), l1 = left_join(), l2 = filter([5]), l3 = summarise())
[    46.132][cube-solver-9][DEBUG] Solving cube (l0 = natural_join3(), l1 = left_join(), l2 = filter([5]), l3 = mutate())
[    46.136][cube-solver-0][DEBUG] Solving cube (l0 = natural_join3(), l1 = left_join(), l2 = mutate(), l3 = filter([5]))
[    46.137][cube-solver-9][DEBUG] Solving cube (l0 = natural_join3(), l1 = union(), l2 = summarise(), l3 = filter([5]))
[    46.141][cube-solver-9][DEBUG] Solving cube (l0 = natural_join3(), l1 = union(), l2 = filter([5]), l3 = mutate())
[    46.141][cube-solver-0][DEBUG] Solving cube (l0 = natural_join3(), l1 = union(), l2 = filter([5]), l3 = summarise())
[    46.145][cube-solver-9][DEBUG] Solving cube (l0 = natural_join3(), l1 = union(), l2 = mutate(), l3 = filter([5]))
[    46.146][cube-solver-0][DEBUG] Solving cube (l0 = natural_join3(), l1 = intersect(), l2 = summarise(), l3 = filter([5]))
[    46.149][cube-solver-9][DEBUG] Solving cube (l0 = natural_join3(), l1 = intersect(), l2 = filter([5]), l3 = summarise())
[    46.150][cube-solver-0][DEBUG] Solving cube (l0 = natural_join3(), l1 = intersect(), l2 = filter([5]), l3 = mutate())
[    46.153][cube-solver-9][DEBUG] Solving cube (l0 = natural_join3(), l1 = intersect(), l2 = mutate(), l3 = filter([5]))
[    46.155][cube-solver-0][DEBUG] Solving cube (l0 = natural_join3(), l1 = semi_join(), l2 = summarise(), l3 = filter([5]))
[    46.157][cube-solver-9][DEBUG] Solving cube (l0 = natural_join3(), l1 = semi_join(), l2 = filter([5]), l3 = summarise())
[    46.159][cube-solver-0][DEBUG] Solving cube (l0 = natural_join3(), l1 = semi_join(), l2 = filter([5]), l3 = mutate())
[    46.161][cube-solver-9][DEBUG] Solving cube (l0 = natural_join3(), l1 = semi_join(), l2 = mutate(), l3 = filter([5]))
[    46.167][cube-solver-0][DEBUG] Solving cube (l0 = natural_join3(), l1 = cross_join([85]), l2 = summarise(), l3 = filter([5]))
[    46.169][cube-solver-9][DEBUG] Solving cube (l0 = natural_join3(), l1 = cross_join([85]), l2 = filter([5]), l3 = summarise())
[    46.210][cube-solver-0][DEBUG] Solving cube (l0 = natural_join3(), l1 = cross_join([85]), l2 = filter([5]), l3 = mutate())
[    46.212][cube-solver-9][DEBUG] Solving cube (l0 = natural_join3(), l1 = cross_join([85]), l2 = mutate(), l3 = filter([5]))
[    46.249][cube-solver-0][DEBUG] Solving cube (l0 = natural_join3(), l1 = mutate(), l2 = natural_join(), l3 = filter([5]))
[    46.251][cube-solver-9][DEBUG] Solving cube (l0 = natural_join3(), l1 = mutate(), l2 = natural_join3(), l3 = filter([5]))
[    46.254][cube-solver-0][DEBUG] Solving cube (l0 = natural_join3(), l1 = mutate(), l2 = natural_join4(), l3 = filter([5]))
[    46.255][cube-solver-9][DEBUG] Solving cube (l0 = natural_join3(), l1 = mutate(), l2 = summarise(), l3 = filter([5]))
[    46.259][cube-solver-0][DEBUG] Solving cube (l0 = natural_join3(), l1 = mutate(), l2 = filter([5]), l3 = natural_join())
[    46.259][cube-solver-9][DEBUG] Solving cube (l0 = natural_join3(), l1 = mutate(), l2 = filter([5]), l3 = natural_join3())
[    46.263][cube-solver-0][DEBUG] Solving cube (l0 = natural_join3(), l1 = mutate(), l2 = filter([5]), l3 = natural_join4())
[    46.263][cube-solver-9][DEBUG] Solving cube (l0 = natural_join3(), l1 = mutate(), l2 = filter([5]), l3 = summarise())
[    46.267][cube-solver-9][DEBUG] Solving cube (l0 = natural_join3(), l1 = mutate(), l2 = filter([5]), l3 = anti_join())
[    46.267][cube-solver-0][DEBUG] Solving cube (l0 = natural_join3(), l1 = mutate(), l2 = filter([5]), l3 = filter([5]))
[    46.271][cube-solver-9][DEBUG] Solving cube (l0 = natural_join3(), l1 = mutate(), l2 = filter([5]), l3 = left_join())
[    46.273][cube-solver-0][DEBUG] Solving cube (l0 = natural_join3(), l1 = mutate(), l2 = filter([5]), l3 = union())
[    46.275][cube-solver-9][DEBUG] Solving cube (l0 = natural_join3(), l1 = mutate(), l2 = filter([5]), l3 = intersect())
[    46.278][cube-solver-0][DEBUG] Solving cube (l0 = natural_join3(), l1 = mutate(), l2 = filter([5]), l3 = semi_join())
[    46.282][cube-solver-9][DEBUG] Solving cube (l0 = natural_join3(), l1 = mutate(), l2 = filter([5]), l3 = cross_join([85]))
[    46.283][cube-solver-0][DEBUG] Solving cube (l0 = natural_join3(), l1 = mutate(), l2 = filter([5]), l3 = mutate())
[    46.287][cube-solver-0][DEBUG] Solving cube (l0 = natural_join3(), l1 = mutate(), l2 = filter([5]), l3 = inner_join())
[    46.292][cube-solver-0][DEBUG] Solving cube (l0 = natural_join3(), l1 = mutate(), l2 = anti_join(), l3 = filter([5]))
[    46.296][cube-solver-0][DEBUG] Solving cube (l0 = natural_join3(), l1 = mutate(), l2 = left_join(), l3 = filter([5]))
[    46.300][cube-solver-0][DEBUG] Solving cube (l0 = natural_join3(), l1 = mutate(), l2 = union(), l3 = filter([5]))
[    46.304][cube-solver-0][DEBUG] Solving cube (l0 = natural_join3(), l1 = mutate(), l2 = intersect(), l3 = filter([5]))
[    46.308][cube-solver-0][DEBUG] Solving cube (l0 = natural_join3(), l1 = mutate(), l2 = semi_join(), l3 = filter([5]))
[    46.315][cube-solver-0][DEBUG] Solving cube (l0 = natural_join3(), l1 = mutate(), l2 = cross_join([85]), l3 = filter([5]))
[    46.320][cube-solver-9][DEBUG] Solving cube (l0 = natural_join3(), l1 = mutate(), l2 = mutate(), l3 = filter([5]))
[    46.325][cube-solver-9][DEBUG] Solving cube (l0 = natural_join3(), l1 = mutate(), l2 = inner_join(), l3 = filter([5]))
[    46.329][cube-solver-9][DEBUG] Solving cube (l0 = natural_join3(), l1 = inner_join(), l2 = summarise(), l3 = filter([5]))
[    46.333][cube-solver-9][DEBUG] Solving cube (l0 = natural_join3(), l1 = inner_join(), l2 = filter([5]), l3 = summarise())
[    46.337][cube-solver-9][DEBUG] Solving cube (l0 = natural_join3(), l1 = inner_join(), l2 = filter([5]), l3 = mutate())
[    46.341][cube-solver-9][DEBUG] Solving cube (l0 = natural_join3(), l1 = inner_join(), l2 = mutate(), l3 = filter([5]))
[    46.345][cube-solver-9][DEBUG] Solving cube (l0 = natural_join3(), l1 = natural_join(), l2 = summarise(), l3 = filter([5]))
[    46.349][cube-solver-9][DEBUG] Solving cube (l0 = natural_join3(), l1 = natural_join(), l2 = filter([5]), l3 = summarise())
[    46.353][cube-solver-9][DEBUG] Solving cube (l0 = natural_join3(), l1 = natural_join(), l2 = filter([5]), l3 = mutate())
[    46.357][cube-solver-9][DEBUG] Solving cube (l0 = natural_join3(), l1 = natural_join3(), l2 = summarise(), l3 = filter([5]))
[    46.357][cube-solver-0][DEBUG] Solving cube (l0 = natural_join3(), l1 = natural_join(), l2 = mutate(), l3 = filter([5]))
[    46.360][cube-solver-9][DEBUG] Solving cube (l0 = natural_join3(), l1 = natural_join3(), l2 = filter([5]), l3 = summarise())
[    46.361][cube-solver-0][DEBUG] Solving cube (l0 = natural_join3(), l1 = natural_join3(), l2 = filter([5]), l3 = mutate())
[    46.365][cube-solver-9][DEBUG] Solving cube (l0 = natural_join3(), l1 = natural_join3(), l2 = mutate(), l3 = filter([5]))
[    46.366][cube-solver-0][DEBUG] Solving cube (l0 = natural_join3(), l1 = natural_join4(), l2 = summarise(), l3 = filter([5]))
[    46.369][cube-solver-9][DEBUG] Solving cube (l0 = natural_join3(), l1 = natural_join4(), l2 = filter([5]), l3 = summarise())
[    46.371][cube-solver-0][DEBUG] Solving cube (l0 = natural_join3(), l1 = natural_join4(), l2 = filter([5]), l3 = mutate())
[    46.373][cube-solver-9][DEBUG] Solving cube (l0 = natural_join3(), l1 = natural_join4(), l2 = mutate(), l3 = filter([5]))
[    46.376][cube-solver-0][DEBUG] Solving cube (l0 = natural_join4(), l1 = summarise(), l2 = natural_join(), l3 = filter([5]))
[    46.377][cube-solver-9][DEBUG] Solving cube (l0 = natural_join4(), l1 = summarise(), l2 = natural_join3(), l3 = filter([5]))
[    46.380][cube-solver-0][DEBUG] Solving cube (l0 = natural_join4(), l1 = summarise(), l2 = natural_join4(), l3 = filter([5]))
[    46.381][cube-solver-9][DEBUG] Solving cube (l0 = natural_join4(), l1 = summarise(), l2 = summarise(), l3 = filter([5]))
[    46.384][cube-solver-9][DEBUG] Solving cube (l0 = natural_join4(), l1 = summarise(), l2 = filter([5]), l3 = natural_join3())
[    46.385][cube-solver-0][DEBUG] Solving cube (l0 = natural_join4(), l1 = summarise(), l2 = filter([5]), l3 = natural_join())
[    46.388][cube-solver-9][DEBUG] Solving cube (l0 = natural_join4(), l1 = summarise(), l2 = filter([5]), l3 = natural_join4())
[    46.389][cube-solver-0][DEBUG] Solving cube (l0 = natural_join4(), l1 = summarise(), l2 = filter([5]), l3 = summarise())
[    46.392][cube-solver-9][DEBUG] Solving cube (l0 = natural_join4(), l1 = summarise(), l2 = filter([5]), l3 = filter([5]))
[    46.393][cube-solver-0][DEBUG] Solving cube (l0 = natural_join4(), l1 = summarise(), l2 = filter([5]), l3 = anti_join())
[    46.398][cube-solver-0][DEBUG] Solving cube (l0 = natural_join4(), l1 = summarise(), l2 = filter([5]), l3 = left_join())
[    46.398][cube-solver-9][DEBUG] Solving cube (l0 = natural_join4(), l1 = summarise(), l2 = filter([5]), l3 = union())
[    46.402][cube-solver-0][DEBUG] Solving cube (l0 = natural_join4(), l1 = summarise(), l2 = filter([5]), l3 = intersect())
[    46.402][cube-solver-9][DEBUG] Solving cube (l0 = natural_join4(), l1 = summarise(), l2 = filter([5]), l3 = semi_join())
[    46.408][cube-solver-9][DEBUG] Solving cube (l0 = natural_join4(), l1 = summarise(), l2 = filter([5]), l3 = mutate())
[    46.409][cube-solver-0][DEBUG] Solving cube (l0 = natural_join4(), l1 = summarise(), l2 = filter([5]), l3 = cross_join([85]))
[    46.412][cube-solver-9][DEBUG] Solving cube (l0 = natural_join4(), l1 = summarise(), l2 = filter([5]), l3 = inner_join())
[    46.416][cube-solver-9][DEBUG] Solving cube (l0 = natural_join4(), l1 = summarise(), l2 = anti_join(), l3 = filter([5]))
[    46.420][cube-solver-9][DEBUG] Solving cube (l0 = natural_join4(), l1 = summarise(), l2 = left_join(), l3 = filter([5]))
[    46.424][cube-solver-9][DEBUG] Solving cube (l0 = natural_join4(), l1 = summarise(), l2 = union(), l3 = filter([5]))
[    46.427][cube-solver-9][DEBUG] Solving cube (l0 = natural_join4(), l1 = summarise(), l2 = intersect(), l3 = filter([5]))
[    46.431][cube-solver-9][DEBUG] Solving cube (l0 = natural_join4(), l1 = summarise(), l2 = semi_join(), l3 = filter([5]))
[    46.438][cube-solver-9][DEBUG] Solving cube (l0 = natural_join4(), l1 = summarise(), l2 = cross_join([85]), l3 = filter([5]))
[    46.450][cube-solver-0][DEBUG] Solving cube (l0 = natural_join4(), l1 = summarise(), l2 = mutate(), l3 = filter([5]))
[    46.455][cube-solver-0][DEBUG] Solving cube (l0 = natural_join4(), l1 = summarise(), l2 = inner_join(), l3 = filter([5]))
[    46.459][cube-solver-0][DEBUG] Solving cube (l0 = natural_join4(), l1 = filter([5]), l2 = natural_join(), l3 = summarise())
[    46.463][cube-solver-0][DEBUG] Solving cube (l0 = natural_join4(), l1 = filter([5]), l2 = natural_join(), l3 = mutate())
[    46.467][cube-solver-0][DEBUG] Solving cube (l0 = natural_join4(), l1 = filter([5]), l2 = natural_join3(), l3 = summarise())
[    46.472][cube-solver-0][DEBUG] Solving cube (l0 = natural_join4(), l1 = filter([5]), l2 = natural_join3(), l3 = mutate())
[    46.476][cube-solver-0][DEBUG] Solving cube (l0 = natural_join4(), l1 = filter([5]), l2 = natural_join4(), l3 = summarise())
[    46.477][cube-solver-9][DEBUG] Solving cube (l0 = natural_join4(), l1 = filter([5]), l2 = natural_join4(), l3 = mutate())
[    46.480][cube-solver-0][DEBUG] Solving cube (l0 = natural_join4(), l1 = filter([5]), l2 = summarise(), l3 = natural_join())
[    46.481][cube-solver-9][DEBUG] Solving cube (l0 = natural_join4(), l1 = filter([5]), l2 = summarise(), l3 = natural_join3())
[    46.485][cube-solver-0][DEBUG] Solving cube (l0 = natural_join4(), l1 = filter([5]), l2 = summarise(), l3 = natural_join4())
[    46.485][cube-solver-9][DEBUG] Solving cube (l0 = natural_join4(), l1 = filter([5]), l2 = summarise(), l3 = summarise())
[    46.489][cube-solver-9][DEBUG] Solving cube (l0 = natural_join4(), l1 = filter([5]), l2 = summarise(), l3 = anti_join())
[    46.489][cube-solver-0][DEBUG] Solving cube (l0 = natural_join4(), l1 = filter([5]), l2 = summarise(), l3 = filter([5]))
[    46.493][cube-solver-9][DEBUG] Solving cube (l0 = natural_join4(), l1 = filter([5]), l2 = summarise(), l3 = left_join())
[    46.495][cube-solver-0][DEBUG] Solving cube (l0 = natural_join4(), l1 = filter([5]), l2 = summarise(), l3 = union())
[    46.497][cube-solver-9][DEBUG] Solving cube (l0 = natural_join4(), l1 = filter([5]), l2 = summarise(), l3 = intersect())
[    46.500][cube-solver-0][DEBUG] Solving cube (l0 = natural_join4(), l1 = filter([5]), l2 = summarise(), l3 = semi_join())
[    46.504][cube-solver-9][DEBUG] Solving cube (l0 = natural_join4(), l1 = filter([5]), l2 = summarise(), l3 = cross_join([85]))
[    46.505][cube-solver-0][DEBUG] Solving cube (l0 = natural_join4(), l1 = filter([5]), l2 = summarise(), l3 = mutate())
[    46.510][cube-solver-0][DEBUG] Solving cube (l0 = natural_join4(), l1 = filter([5]), l2 = summarise(), l3 = inner_join())
[    46.514][cube-solver-0][DEBUG] Solving cube (l0 = natural_join4(), l1 = filter([5]), l2 = filter([5]), l3 = summarise())
[    46.520][cube-solver-0][DEBUG] Solving cube (l0 = natural_join4(), l1 = filter([5]), l2 = filter([5]), l3 = mutate())
[    46.525][cube-solver-0][DEBUG] Solving cube (l0 = natural_join4(), l1 = filter([5]), l2 = anti_join(), l3 = summarise())
[    46.530][cube-solver-0][DEBUG] Solving cube (l0 = natural_join4(), l1 = filter([5]), l2 = anti_join(), l3 = mutate())
[    46.534][cube-solver-0][DEBUG] Solving cube (l0 = natural_join4(), l1 = filter([5]), l2 = left_join(), l3 = summarise())
[    46.538][cube-solver-0][DEBUG] Solving cube (l0 = natural_join4(), l1 = filter([5]), l2 = left_join(), l3 = mutate())
[    46.542][cube-solver-9][DEBUG] Solving cube (l0 = natural_join4(), l1 = filter([5]), l2 = union(), l3 = summarise())
[    46.542][cube-solver-0][DEBUG] Solving cube (l0 = natural_join4(), l1 = filter([5]), l2 = union(), l3 = mutate())
[    46.547][cube-solver-9][DEBUG] Solving cube (l0 = natural_join4(), l1 = filter([5]), l2 = intersect(), l3 = mutate())
[    46.547][cube-solver-0][DEBUG] Solving cube (l0 = natural_join4(), l1 = filter([5]), l2 = intersect(), l3 = summarise())
[    46.551][cube-solver-9][DEBUG] Solving cube (l0 = natural_join4(), l1 = filter([5]), l2 = semi_join(), l3 = summarise())
[    46.551][cube-solver-0][DEBUG] Solving cube (l0 = natural_join4(), l1 = filter([5]), l2 = semi_join(), l3 = mutate())
[    46.558][cube-solver-9][DEBUG] Solving cube (l0 = natural_join4(), l1 = filter([5]), l2 = cross_join([85]), l3 = summarise())
[    46.560][cube-solver-0][DEBUG] Solving cube (l0 = natural_join4(), l1 = filter([5]), l2 = cross_join([85]), l3 = mutate())
[    46.597][cube-solver-9][DEBUG] Solving cube (l0 = natural_join4(), l1 = filter([5]), l2 = mutate(), l3 = natural_join())
[    46.599][cube-solver-0][DEBUG] Solving cube (l0 = natural_join4(), l1 = filter([5]), l2 = mutate(), l3 = natural_join3())
[    46.602][cube-solver-9][DEBUG] Solving cube (l0 = natural_join4(), l1 = filter([5]), l2 = mutate(), l3 = natural_join4())
[    46.604][cube-solver-0][DEBUG] Solving cube (l0 = natural_join4(), l1 = filter([5]), l2 = mutate(), l3 = summarise())
[    46.606][cube-solver-9][DEBUG] Solving cube (l0 = natural_join4(), l1 = filter([5]), l2 = mutate(), l3 = filter([5]))
[    46.609][cube-solver-0][DEBUG] Solving cube (l0 = natural_join4(), l1 = filter([5]), l2 = mutate(), l3 = anti_join())
[    46.611][cube-solver-9][DEBUG] Solving cube (l0 = natural_join4(), l1 = filter([5]), l2 = mutate(), l3 = left_join())
[    46.613][cube-solver-0][DEBUG] Solving cube (l0 = natural_join4(), l1 = filter([5]), l2 = mutate(), l3 = union())
[    46.616][cube-solver-9][DEBUG] Solving cube (l0 = natural_join4(), l1 = filter([5]), l2 = mutate(), l3 = intersect())
[    46.618][cube-solver-0][DEBUG] Solving cube (l0 = natural_join4(), l1 = filter([5]), l2 = mutate(), l3 = semi_join())
[    46.623][cube-solver-9][DEBUG] Solving cube (l0 = natural_join4(), l1 = filter([5]), l2 = mutate(), l3 = cross_join([85]))
[    46.623][cube-solver-0][DEBUG] Solving cube (l0 = natural_join4(), l1 = filter([5]), l2 = mutate(), l3 = mutate())
[    46.628][cube-solver-0][DEBUG] Solving cube (l0 = natural_join4(), l1 = filter([5]), l2 = mutate(), l3 = inner_join())
[    46.632][cube-solver-0][DEBUG] Solving cube (l0 = natural_join4(), l1 = filter([5]), l2 = inner_join(), l3 = summarise())
[    46.636][cube-solver-0][DEBUG] Solving cube (l0 = natural_join4(), l1 = filter([5]), l2 = inner_join(), l3 = mutate())
[    46.641][cube-solver-0][DEBUG] Solving cube (l0 = natural_join4(), l1 = anti_join(), l2 = summarise(), l3 = filter([5]))
[    46.645][cube-solver-0][DEBUG] Solving cube (l0 = natural_join4(), l1 = anti_join(), l2 = filter([5]), l3 = summarise())
[    46.649][cube-solver-0][DEBUG] Solving cube (l0 = natural_join4(), l1 = anti_join(), l2 = filter([5]), l3 = mutate())
[    46.653][cube-solver-0][DEBUG] Solving cube (l0 = natural_join4(), l1 = anti_join(), l2 = mutate(), l3 = filter([5]))
[    46.658][cube-solver-0][DEBUG] Solving cube (l0 = natural_join4(), l1 = left_join(), l2 = summarise(), l3 = filter([5]))
[    46.661][cube-solver-9][DEBUG] Solving cube (l0 = natural_join4(), l1 = left_join(), l2 = filter([5]), l3 = summarise())
[    46.662][cube-solver-0][DEBUG] Solving cube (l0 = natural_join4(), l1 = left_join(), l2 = filter([5]), l3 = mutate())
[    46.666][cube-solver-9][DEBUG] Solving cube (l0 = natural_join4(), l1 = left_join(), l2 = mutate(), l3 = filter([5]))
[    46.666][cube-solver-0][DEBUG] Solving cube (l0 = natural_join4(), l1 = union(), l2 = summarise(), l3 = filter([5]))
[    46.670][cube-solver-9][DEBUG] Solving cube (l0 = natural_join4(), l1 = union(), l2 = filter([5]), l3 = summarise())
[    46.671][cube-solver-0][DEBUG] Solving cube (l0 = natural_join4(), l1 = union(), l2 = filter([5]), l3 = mutate())
[    46.674][cube-solver-9][DEBUG] Solving cube (l0 = natural_join4(), l1 = union(), l2 = mutate(), l3 = filter([5]))
[    46.676][cube-solver-0][DEBUG] Solving cube (l0 = natural_join4(), l1 = intersect(), l2 = summarise(), l3 = filter([5]))
[    46.678][cube-solver-9][DEBUG] Solving cube (l0 = natural_join4(), l1 = intersect(), l2 = filter([5]), l3 = summarise())
[    46.680][cube-solver-0][DEBUG] Solving cube (l0 = natural_join4(), l1 = intersect(), l2 = filter([5]), l3 = mutate())
[    46.682][cube-solver-9][DEBUG] Solving cube (l0 = natural_join4(), l1 = intersect(), l2 = mutate(), l3 = filter([5]))
[    46.685][cube-solver-0][DEBUG] Solving cube (l0 = natural_join4(), l1 = semi_join(), l2 = summarise(), l3 = filter([5]))
[    46.686][cube-solver-9][DEBUG] Solving cube (l0 = natural_join4(), l1 = semi_join(), l2 = filter([5]), l3 = summarise())
[    46.690][cube-solver-0][DEBUG] Solving cube (l0 = natural_join4(), l1 = semi_join(), l2 = filter([5]), l3 = mutate())
[    46.690][cube-solver-9][DEBUG] Solving cube (l0 = natural_join4(), l1 = semi_join(), l2 = mutate(), l3 = filter([5]))
[    46.698][cube-solver-0][DEBUG] Solving cube (l0 = natural_join4(), l1 = cross_join([85]), l2 = summarise(), l3 = filter([5]))
[    46.699][cube-solver-9][DEBUG] Solving cube (l0 = natural_join4(), l1 = cross_join([85]), l2 = filter([5]), l3 = summarise())
[    46.740][cube-solver-0][DEBUG] Solving cube (l0 = natural_join4(), l1 = cross_join([85]), l2 = filter([5]), l3 = mutate())
[    46.742][cube-solver-9][DEBUG] Solving cube (l0 = natural_join4(), l1 = cross_join([85]), l2 = mutate(), l3 = filter([5]))
[    46.779][cube-solver-0][DEBUG] Solving cube (l0 = natural_join4(), l1 = mutate(), l2 = natural_join(), l3 = filter([5]))
[    46.781][cube-solver-9][DEBUG] Solving cube (l0 = natural_join4(), l1 = mutate(), l2 = natural_join3(), l3 = filter([5]))
[    46.784][cube-solver-0][DEBUG] Solving cube (l0 = natural_join4(), l1 = mutate(), l2 = natural_join4(), l3 = filter([5]))
[    46.785][cube-solver-9][DEBUG] Solving cube (l0 = natural_join4(), l1 = mutate(), l2 = summarise(), l3 = filter([5]))
[    46.788][cube-solver-0][DEBUG] Solving cube (l0 = natural_join4(), l1 = mutate(), l2 = filter([5]), l3 = natural_join())
[    46.789][cube-solver-9][DEBUG] Solving cube (l0 = natural_join4(), l1 = mutate(), l2 = filter([5]), l3 = natural_join3())
[    46.793][cube-solver-9][DEBUG] Solving cube (l0 = natural_join4(), l1 = mutate(), l2 = filter([5]), l3 = summarise())
[    46.793][cube-solver-0][DEBUG] Solving cube (l0 = natural_join4(), l1 = mutate(), l2 = filter([5]), l3 = natural_join4())
[    46.797][cube-solver-9][DEBUG] Solving cube (l0 = natural_join4(), l1 = mutate(), l2 = filter([5]), l3 = filter([5]))
[    46.797][cube-solver-0][DEBUG] Solving cube (l0 = natural_join4(), l1 = mutate(), l2 = filter([5]), l3 = anti_join())
[    46.802][cube-solver-0][DEBUG] Solving cube (l0 = natural_join4(), l1 = mutate(), l2 = filter([5]), l3 = left_join())
[    46.802][cube-solver-9][DEBUG] Solving cube (l0 = natural_join4(), l1 = mutate(), l2 = filter([5]), l3 = union())
[    46.806][cube-solver-0][DEBUG] Solving cube (l0 = natural_join4(), l1 = mutate(), l2 = filter([5]), l3 = intersect())
[    46.806][cube-solver-9][DEBUG] Solving cube (l0 = natural_join4(), l1 = mutate(), l2 = filter([5]), l3 = semi_join())
[    46.812][cube-solver-9][DEBUG] Solving cube (l0 = natural_join4(), l1 = mutate(), l2 = filter([5]), l3 = mutate())
[    46.813][cube-solver-0][DEBUG] Solving cube (l0 = natural_join4(), l1 = mutate(), l2 = filter([5]), l3 = cross_join([85]))
[    46.816][cube-solver-9][DEBUG] Solving cube (l0 = natural_join4(), l1 = mutate(), l2 = filter([5]), l3 = inner_join())
[    46.820][cube-solver-9][DEBUG] Solving cube (l0 = natural_join4(), l1 = mutate(), l2 = anti_join(), l3 = filter([5]))
[    46.824][cube-solver-9][DEBUG] Solving cube (l0 = natural_join4(), l1 = mutate(), l2 = left_join(), l3 = filter([5]))
[    46.828][cube-solver-9][DEBUG] Solving cube (l0 = natural_join4(), l1 = mutate(), l2 = union(), l3 = filter([5]))
[    46.832][cube-solver-9][DEBUG] Solving cube (l0 = natural_join4(), l1 = mutate(), l2 = intersect(), l3 = filter([5]))
[    46.835][cube-solver-9][DEBUG] Solving cube (l0 = natural_join4(), l1 = mutate(), l2 = semi_join(), l3 = filter([5]))
[    46.842][cube-solver-9][DEBUG] Solving cube (l0 = natural_join4(), l1 = mutate(), l2 = cross_join([85]), l3 = filter([5]))
[    46.854][cube-solver-0][DEBUG] Solving cube (l0 = natural_join4(), l1 = mutate(), l2 = mutate(), l3 = filter([5]))
[    46.859][cube-solver-0][DEBUG] Solving cube (l0 = natural_join4(), l1 = mutate(), l2 = inner_join(), l3 = filter([5]))
[    46.863][cube-solver-0][DEBUG] Solving cube (l0 = natural_join4(), l1 = inner_join(), l2 = summarise(), l3 = filter([5]))
[    46.867][cube-solver-0][DEBUG] Solving cube (l0 = natural_join4(), l1 = inner_join(), l2 = filter([5]), l3 = summarise())
[    46.871][cube-solver-0][DEBUG] Solving cube (l0 = natural_join4(), l1 = inner_join(), l2 = filter([5]), l3 = mutate())
[    46.876][cube-solver-0][DEBUG] Solving cube (l0 = natural_join4(), l1 = inner_join(), l2 = mutate(), l3 = filter([5]))
[    46.880][cube-solver-0][DEBUG] Solving cube (l0 = natural_join4(), l1 = natural_join(), l2 = summarise(), l3 = filter([5]))
[    46.881][cube-solver-9][DEBUG] Solving cube (l0 = natural_join4(), l1 = natural_join(), l2 = filter([5]), l3 = summarise())
[    46.885][cube-solver-0][DEBUG] Solving cube (l0 = natural_join4(), l1 = natural_join(), l2 = filter([5]), l3 = mutate())
[    46.885][cube-solver-9][DEBUG] Solving cube (l0 = natural_join4(), l1 = natural_join(), l2 = mutate(), l3 = filter([5]))
[    46.889][cube-solver-9][DEBUG] Solving cube (l0 = natural_join4(), l1 = natural_join3(), l2 = filter([5]), l3 = summarise())
[    46.889][cube-solver-0][DEBUG] Solving cube (l0 = natural_join4(), l1 = natural_join3(), l2 = summarise(), l3 = filter([5]))
[    46.894][cube-solver-9][DEBUG] Solving cube (l0 = natural_join4(), l1 = natural_join3(), l2 = filter([5]), l3 = mutate())
[    46.894][cube-solver-0][DEBUG] Solving cube (l0 = natural_join4(), l1 = natural_join3(), l2 = mutate(), l3 = filter([5]))
[    46.898][cube-solver-9][DEBUG] Solving cube (l0 = natural_join4(), l1 = natural_join4(), l2 = summarise(), l3 = filter([5]))
[    46.898][cube-solver-0][DEBUG] Solving cube (l0 = natural_join4(), l1 = natural_join4(), l2 = filter([5]), l3 = summarise())
[    46.902][cube-solver-9][DEBUG] Solving cube (l0 = natural_join4(), l1 = natural_join4(), l2 = filter([5]), l3 = mutate())
[    46.903][cube-solver-0][DEBUG] Solving cube (l0 = natural_join4(), l1 = natural_join4(), l2 = mutate(), l3 = filter([5]))
[    46.906][cube-solver-9][DEBUG] Solving cube (l0 = summarise(), l1 = natural_join(), l2 = summarise(), l3 = filter([5]))
[    46.908][cube-solver-0][DEBUG] Solving cube (l0 = summarise(), l1 = natural_join(), l2 = filter([5]), l3 = natural_join())
[    51.397][cube-solver-8][DEBUG] Initialising process for 4 lines of code.
[    52.552][cube-solver-8][DEBUG] Solving cube (l0 = summarise(), l1 = natural_join(), l2 = filter([5]), l3 = natural_join3())
[    53.687][cube-solver-14][DEBUG] Initialising process for 4 lines of code.
[    54.936][cube-solver-14][DEBUG] Solving cube (l0 = summarise(), l1 = natural_join(), l2 = filter([5]), l3 = natural_join4())
[    54.948][cube-solver-14][DEBUG] Solving cube (l0 = summarise(), l1 = natural_join(), l2 = filter([5]), l3 = summarise())
[    68.492][cube-solver-2][DEBUG] Initialising process for 4 lines of code.
[    69.612][cube-solver-2][DEBUG] Solving cube (l0 = summarise(), l1 = natural_join(), l2 = filter([5]), l3 = filter([5]))
[    70.183][cube-solver-5][DEBUG] Initialising process for 4 lines of code.
[    71.112][cube-solver-9][DEBUG] Solving cube (l0 = summarise(), l1 = natural_join(), l2 = filter([5]), l3 = left_join())
[    71.308][cube-solver-5][DEBUG] Solving cube (l0 = summarise(), l1 = natural_join(), l2 = filter([5]), l3 = anti_join())
[    72.999][cube-solver-6][DEBUG] Initialising process for 4 lines of code.
[    74.129][cube-solver-6][DEBUG] Solving cube (l0 = summarise(), l1 = natural_join(), l2 = filter([5]), l3 = union())
[    79.075][cube-solver-14][DEBUG] Solving cube (l0 = summarise(), l1 = natural_join(), l2 = filter([5]), l3 = intersect())
[   128.183][cube-solver-14][DEBUG] Solving cube (l0 = summarise(), l1 = natural_join(), l2 = filter([5]), l3 = semi_join())
[   142.488][cube-solver-3][DEBUG] Initialising process for 4 lines of code.
[   143.633][cube-solver-3][DEBUG] Solving cube (l0 = summarise(), l1 = natural_join(), l2 = filter([5]), l3 = cross_join([85]))
[   185.406][cube-solver-2][DEBUG] Solving cube (l0 = summarise(), l1 = natural_join(), l2 = filter([5]), l3 = mutate())
[   192.869][cube-solver-8][DEBUG] Solving cube (l0 = summarise(), l1 = natural_join(), l2 = filter([5]), l3 = inner_join())
[   208.611][cube-solver-2][DEBUG] Solving cube (l0 = summarise(), l1 = natural_join(), l2 = anti_join(), l3 = filter([5]))
[   208.619][cube-solver-2][DEBUG] Solving cube (l0 = summarise(), l1 = natural_join(), l2 = left_join(), l3 = filter([5]))
[   234.716][cube-solver-0][DEBUG] Solving cube (l0 = summarise(), l1 = natural_join(), l2 = union(), l3 = filter([5]))
[   282.684][cube-solver-9][DEBUG] Solving cube (l0 = summarise(), l1 = natural_join(), l2 = intersect(), l3 = filter([5]))
[   284.687][cube-solver-6][DEBUG] Solving cube (l0 = summarise(), l1 = natural_join(), l2 = semi_join(), l3 = filter([5]))
[   285.630][cube-solver-14][DEBUG] Solving cube (l0 = summarise(), l1 = natural_join(), l2 = cross_join([85]), l3 = filter([5]))
[   307.935][cube-solver-9][DEBUG] Solving cube (l0 = summarise(), l1 = natural_join(), l2 = mutate(), l3 = filter([5]))
[   327.414][cube-solver-2][DEBUG] Solving cube (l0 = summarise(), l1 = natural_join(), l2 = inner_join(), l3 = filter([5]))
[   331.653][cube-solver-9][DEBUG] Solving cube (l0 = summarise(), l1 = natural_join(), l2 = natural_join(), l3 = filter([5]))
[   352.613][cube-solver-0][DEBUG] Solving cube (l0 = summarise(), l1 = natural_join(), l2 = natural_join3(), l3 = filter([5]))
[   352.617][cube-solver-0][DEBUG] Solving cube (l0 = summarise(), l1 = natural_join(), l2 = natural_join4(), l3 = filter([5]))
[   352.622][cube-solver-0][DEBUG] Solving cube (l0 = summarise(), l1 = natural_join3(), l2 = summarise(), l3 = filter([5]))
[   352.627][cube-solver-0][DEBUG] Solving cube (l0 = summarise(), l1 = natural_join3(), l2 = filter([5]), l3 = natural_join())
[   352.632][cube-solver-0][DEBUG] Solving cube (l0 = summarise(), l1 = natural_join3(), l2 = filter([5]), l3 = natural_join3())
[   352.636][cube-solver-0][DEBUG] Solving cube (l0 = summarise(), l1 = natural_join3(), l2 = filter([5]), l3 = natural_join4())
[   352.640][cube-solver-0][DEBUG] Solving cube (l0 = summarise(), l1 = natural_join3(), l2 = filter([5]), l3 = summarise())
[   352.645][cube-solver-0][DEBUG] Solving cube (l0 = summarise(), l1 = natural_join3(), l2 = filter([5]), l3 = filter([5]))
[   352.651][cube-solver-0][DEBUG] Solving cube (l0 = summarise(), l1 = natural_join3(), l2 = filter([5]), l3 = anti_join())
[   352.655][cube-solver-0][DEBUG] Solving cube (l0 = summarise(), l1 = natural_join3(), l2 = filter([5]), l3 = left_join())
[   352.659][cube-solver-0][DEBUG] Solving cube (l0 = summarise(), l1 = natural_join3(), l2 = filter([5]), l3 = union())
[   352.664][cube-solver-0][DEBUG] Solving cube (l0 = summarise(), l1 = natural_join3(), l2 = filter([5]), l3 = intersect())
[   352.668][cube-solver-0][DEBUG] Solving cube (l0 = summarise(), l1 = natural_join3(), l2 = filter([5]), l3 = semi_join())
[   352.677][cube-solver-0][DEBUG] Solving cube (l0 = summarise(), l1 = natural_join3(), l2 = filter([5]), l3 = cross_join([85]))
[   352.716][cube-solver-0][DEBUG] Solving cube (l0 = summarise(), l1 = natural_join3(), l2 = filter([5]), l3 = mutate())
[   352.721][cube-solver-0][DEBUG] Solving cube (l0 = summarise(), l1 = natural_join3(), l2 = filter([5]), l3 = inner_join())
[   352.726][cube-solver-0][DEBUG] Solving cube (l0 = summarise(), l1 = natural_join3(), l2 = anti_join(), l3 = filter([5]))
[   352.730][cube-solver-0][DEBUG] Solving cube (l0 = summarise(), l1 = natural_join3(), l2 = left_join(), l3 = filter([5]))
[   352.734][cube-solver-0][DEBUG] Solving cube (l0 = summarise(), l1 = natural_join3(), l2 = union(), l3 = filter([5]))
[   352.739][cube-solver-0][DEBUG] Solving cube (l0 = summarise(), l1 = natural_join3(), l2 = intersect(), l3 = filter([5]))
[   352.743][cube-solver-0][DEBUG] Solving cube (l0 = summarise(), l1 = natural_join3(), l2 = semi_join(), l3 = filter([5]))
[   352.751][cube-solver-0][DEBUG] Solving cube (l0 = summarise(), l1 = natural_join3(), l2 = cross_join([85]), l3 = filter([5]))
[   352.790][cube-solver-0][DEBUG] Solving cube (l0 = summarise(), l1 = natural_join3(), l2 = mutate(), l3 = filter([5]))
[   352.794][cube-solver-0][DEBUG] Solving cube (l0 = summarise(), l1 = natural_join3(), l2 = inner_join(), l3 = filter([5]))
[   352.799][cube-solver-0][DEBUG] Solving cube (l0 = summarise(), l1 = natural_join3(), l2 = natural_join(), l3 = filter([5]))
[   352.803][cube-solver-0][DEBUG] Solving cube (l0 = summarise(), l1 = natural_join3(), l2 = natural_join3(), l3 = filter([5]))
[   352.807][cube-solver-0][DEBUG] Solving cube (l0 = summarise(), l1 = natural_join3(), l2 = natural_join4(), l3 = filter([5]))
[   352.811][cube-solver-0][DEBUG] Solving cube (l0 = summarise(), l1 = natural_join4(), l2 = summarise(), l3 = filter([5]))
[   352.816][cube-solver-0][DEBUG] Solving cube (l0 = summarise(), l1 = natural_join4(), l2 = filter([5]), l3 = natural_join())
[   352.820][cube-solver-0][DEBUG] Solving cube (l0 = summarise(), l1 = natural_join4(), l2 = filter([5]), l3 = natural_join3())
[   352.824][cube-solver-0][DEBUG] Solving cube (l0 = summarise(), l1 = natural_join4(), l2 = filter([5]), l3 = natural_join4())
[   352.829][cube-solver-0][DEBUG] Solving cube (l0 = summarise(), l1 = natural_join4(), l2 = filter([5]), l3 = summarise())
[   352.833][cube-solver-0][DEBUG] Solving cube (l0 = summarise(), l1 = natural_join4(), l2 = filter([5]), l3 = filter([5]))
[   352.839][cube-solver-0][DEBUG] Solving cube (l0 = summarise(), l1 = natural_join4(), l2 = filter([5]), l3 = anti_join())
[   352.843][cube-solver-0][DEBUG] Solving cube (l0 = summarise(), l1 = natural_join4(), l2 = filter([5]), l3 = left_join())
[   352.847][cube-solver-0][DEBUG] Solving cube (l0 = summarise(), l1 = natural_join4(), l2 = filter([5]), l3 = union())
[   352.852][cube-solver-0][DEBUG] Solving cube (l0 = summarise(), l1 = natural_join4(), l2 = filter([5]), l3 = intersect())
[   352.856][cube-solver-0][DEBUG] Solving cube (l0 = summarise(), l1 = natural_join4(), l2 = filter([5]), l3 = semi_join())
[   352.863][cube-solver-0][DEBUG] Solving cube (l0 = summarise(), l1 = natural_join4(), l2 = filter([5]), l3 = cross_join([85]))
[   352.902][cube-solver-0][DEBUG] Solving cube (l0 = summarise(), l1 = natural_join4(), l2 = filter([5]), l3 = mutate())
[   352.907][cube-solver-0][DEBUG] Solving cube (l0 = summarise(), l1 = natural_join4(), l2 = filter([5]), l3 = inner_join())
[   352.911][cube-solver-0][DEBUG] Solving cube (l0 = summarise(), l1 = natural_join4(), l2 = anti_join(), l3 = filter([5]))
[   352.916][cube-solver-0][DEBUG] Solving cube (l0 = summarise(), l1 = natural_join4(), l2 = left_join(), l3 = filter([5]))
[   352.920][cube-solver-0][DEBUG] Solving cube (l0 = summarise(), l1 = natural_join4(), l2 = union(), l3 = filter([5]))
[   352.924][cube-solver-0][DEBUG] Solving cube (l0 = summarise(), l1 = natural_join4(), l2 = intersect(), l3 = filter([5]))
[   352.929][cube-solver-0][DEBUG] Solving cube (l0 = summarise(), l1 = natural_join4(), l2 = semi_join(), l3 = filter([5]))
[   352.936][cube-solver-0][DEBUG] Solving cube (l0 = summarise(), l1 = natural_join4(), l2 = cross_join([85]), l3 = filter([5]))
[   352.975][cube-solver-0][DEBUG] Solving cube (l0 = summarise(), l1 = natural_join4(), l2 = mutate(), l3 = filter([5]))
[   352.980][cube-solver-0][DEBUG] Solving cube (l0 = summarise(), l1 = natural_join4(), l2 = inner_join(), l3 = filter([5]))
[   352.984][cube-solver-0][DEBUG] Solving cube (l0 = summarise(), l1 = natural_join4(), l2 = natural_join(), l3 = filter([5]))
[   352.989][cube-solver-0][DEBUG] Solving cube (l0 = summarise(), l1 = natural_join4(), l2 = natural_join3(), l3 = filter([5]))
[   352.993][cube-solver-0][DEBUG] Solving cube (l0 = summarise(), l1 = natural_join4(), l2 = natural_join4(), l3 = filter([5]))
[   352.997][cube-solver-0][DEBUG] Solving cube (l0 = summarise(), l1 = summarise(), l2 = natural_join(), l3 = filter([5]))
[   360.929][cube-solver-6][DEBUG] Solving cube (l0 = summarise(), l1 = summarise(), l2 = natural_join3(), l3 = filter([5]))
[   377.479][cube-solver-5][DEBUG] Solving cube (l0 = summarise(), l1 = summarise(), l2 = natural_join4(), l3 = filter([5]))
[   377.484][cube-solver-5][DEBUG] Solving cube (l0 = summarise(), l1 = summarise(), l2 = summarise(), l3 = filter([5]))
[   377.488][cube-solver-5][DEBUG] Solving cube (l0 = summarise(), l1 = summarise(), l2 = filter([5]), l3 = natural_join())
[   424.221][cube-solver-0][DEBUG] Solving cube (l0 = summarise(), l1 = summarise(), l2 = filter([5]), l3 = natural_join3())
[   426.265][cube-solver-9][DEBUG] Solving cube (l0 = summarise(), l1 = summarise(), l2 = filter([5]), l3 = natural_join4())
[   426.270][cube-solver-9][DEBUG] Solving cube (l0 = summarise(), l1 = summarise(), l2 = filter([5]), l3 = summarise())
[   426.274][cube-solver-9][DEBUG] Solving cube (l0 = summarise(), l1 = summarise(), l2 = filter([5]), l3 = filter([5]))
[   426.280][cube-solver-9][DEBUG] Solving cube (l0 = summarise(), l1 = summarise(), l2 = filter([5]), l3 = anti_join())
[   520.473][cube-solver-5][DEBUG] Solving cube (l0 = summarise(), l1 = summarise(), l2 = filter([5]), l3 = left_join())
[   600.058][MainProcess][INFO] Statistics:
[   600.059][MainProcess][INFO] 	Generated cubes: 642
[   600.059][MainProcess][INFO] 	Attempted programs: 18391
[   600.059][MainProcess][INFO] 		Rejected: 10999
[   600.059][MainProcess][INFO] 		Failed: 7392
[   600.059][MainProcess][INFO] 	Blacklist clauses: 90
[   600.059][MainProcess][DEBUG] Printing statistics for good programs of size 2
[   600.060][MainProcess][DEBUG] 	0: Counter({'mutate': 240, 'summarise': 180})
[   600.060][MainProcess][DEBUG] 	1: Counter({'filter': 420})
[   600.060][MainProcess][DEBUG] Printing statistics for good programs of size 3
[   600.349][MainProcess][DEBUG] 	0: Counter({'summarise': 325209, 'mutate': 313518, 'inner_join': 15900, 'left_join': 420, 'union': 420, 'semi_join': 420})
[   600.492][MainProcess][DEBUG] 	1: Counter({'filter': 333420, 'cross_join': 146630, 'inner_join': 142417, 'mutate': 14340, 'anti_join': 3900, 'left_join': 3780, 'union': 3780, 'summarise': 3420, 'natural_join': 3360, 'semi_join': 840})
[   600.631][MainProcess][DEBUG] 	2: Counter({'filter': 324567, 'cross_join': 152159, 'inner_join': 144061, 'natural_join3': 10080, 'anti_join': 8700, 'left_join': 4620, 'union': 4620, 'natural_join': 4200, 'semi_join': 2100, 'mutate': 420, 'summarise': 360})
[   600.631][MainProcess][DEBUG] Printing statistics for good programs of size 4
[   600.772][MainProcess][DEBUG] 	0: Counter({'summarise': 500106})
[   600.885][MainProcess][DEBUG] 	1: Counter({'natural_join': 406471, 'summarise': 93635})
[   600.998][MainProcess][DEBUG] 	2: Counter({'filter': 332944, 'cross_join': 39999, 'inner_join': 35017, 'natural_join3': 29506, 'natural_join': 19800, 'left_join': 14400, 'union': 14400, 'semi_join': 9000, 'mutate': 2880, 'summarise': 2160})
[   601.116][MainProcess][DEBUG] 	3: Counter({'filter': 181562, 'cross_join': 60097, 'inner_join': 51398, 'anti_join': 44401, 'natural_join': 39600, 'natural_join3': 38455, 'left_join': 34913, 'union': 25920, 'semi_join': 18720, 'mutate': 2880, 'summarise': 2160})

No solution found
