[     1.576][MainProcess][INFO] Parsing specification...
[     1.590][MainProcess][WARNING] "attrs" field is deprecated. Please use "columns"
[     1.590][MainProcess][WARNING] "aggrs" field is deprecated. Please use "functions"
[     1.591][MainProcess][DEBUG] Reading input files...
[     1.611][MainProcess][INFO] Inferred data types for table tests-examples/scythe/top_rated_posts/tables/i037.csv: ['int64', 'string', 'string']
[     1.618][MainProcess][INFO] Inferred data types for table tests-examples/scythe/top_rated_posts/tables/o037.csv: ['int64', 'string', 'string']
[     1.645][MainProcess][DEBUG] Generating DSL...
[     1.800][MainProcess][INFO] Creating 16 processes
[     1.861][MainProcess][DEBUG] Increasing generator loc to 2
[     1.975][cube-solver-1][DEBUG] Initialising process for 1 lines of code.
[     1.979][cube-solver-3][DEBUG] Initialising process for 2 lines of code.
[     1.985][cube-solver-4][DEBUG] Initialising process for 2 lines of code.
[     1.993][cube-solver-2][DEBUG] Initialising process for 2 lines of code.
[     1.999][cube-solver-8][DEBUG] Initialising process for 2 lines of code.
[     2.002][cube-solver-7][DEBUG] Initialising process for 2 lines of code.
[     2.004][cube-solver-6][DEBUG] Initialising process for 2 lines of code.
[     2.005][cube-solver-10][DEBUG] Initialising process for 2 lines of code.
[     2.008][cube-solver-5][DEBUG] Initialising process for 2 lines of code.
[     2.011][cube-solver-13][DEBUG] Initialising process for 2 lines of code.
[     2.011][cube-solver-11][DEBUG] Initialising process for 2 lines of code.
[     2.011][cube-solver-9][DEBUG] Initialising process for 2 lines of code.
[     2.015][cube-solver-12][DEBUG] Initialising process for 2 lines of code.
[     2.022][cube-solver-14][DEBUG] Initialising process for 2 lines of code.
[     2.028][cube-solver-0][DEBUG] Initialising process for 1 lines of code.
[     2.083][cube-solver-15][DEBUG] Initialising process for 2 lines of code.
[     5.101][cube-solver-1][DEBUG] Solving cube (l0 = mutate(),)
[     5.162][cube-solver-0][DEBUG] Solving cube (l0 = summarise(),)
[     5.592][cube-solver-1][DEBUG] Initialising process for 2 lines of code.
[     5.660][cube-solver-0][DEBUG] Initialising process for 2 lines of code.
[     8.225][cube-solver-13][DEBUG] Solving cube (l0 = summarise([3]), l1 = anti_join())
[     8.230][cube-solver-6][DEBUG] Solving cube (l0 = natural_join4(), l1 = summarise([3]))
[     8.234][cube-solver-3][DEBUG] Solving cube (l0 = natural_join(), l1 = mutate())
[     8.238][cube-solver-2][DEBUG] Solving cube (l0 = natural_join(), l1 = summarise([3]))
[     8.238][cube-solver-11][DEBUG] Solving cube (l0 = summarise([3]), l1 = summarise([3]))
[     8.241][cube-solver-4][DEBUG] Solving cube (l0 = natural_join3(), l1 = summarise([3]))
[     8.247][cube-solver-10][DEBUG] Solving cube (l0 = summarise([3]), l1 = natural_join4())
[     8.253][cube-solver-9][DEBUG] Solving cube (l0 = summarise([3]), l1 = natural_join3())
[     8.253][cube-solver-8][DEBUG] Solving cube (l0 = summarise([3]), l1 = natural_join())
[     8.262][cube-solver-12][DEBUG] Solving cube (l0 = summarise([3]), l1 = filter())
[     8.268][cube-solver-3][DEBUG] Solving cube (l0 = summarise([3]), l1 = cross_join())
[     8.270][cube-solver-14][DEBUG] Solving cube (l0 = summarise([3]), l1 = left_join())
[     8.280][cube-solver-10][DEBUG] Solving cube (l0 = summarise([3]), l1 = mutate())
[     8.285][cube-solver-11][DEBUG] Solving cube (l0 = summarise([3]), l1 = inner_join())
[     8.294][cube-solver-15][DEBUG] Solving cube (l0 = summarise([3]), l1 = union())
[     8.300][cube-solver-5][DEBUG] Solving cube (l0 = natural_join3(), l1 = mutate())
[     8.300][cube-solver-6][DEBUG] Solving cube (l0 = filter(), l1 = summarise([3]))
[     8.307][cube-solver-2][DEBUG] Solving cube (l0 = filter(), l1 = mutate())
[     8.313][cube-solver-4][DEBUG] Solving cube (l0 = anti_join(), l1 = summarise([3]))
[     8.327][cube-solver-9][DEBUG] Solving cube (l0 = anti_join(), l1 = mutate())
[     8.331][cube-solver-6][DEBUG] Solving cube (l0 = left_join(), l1 = summarise([3]))
[     8.333][cube-solver-2][DEBUG] Solving cube (l0 = left_join(), l1 = mutate())
[     8.342][cube-solver-4][DEBUG] Solving cube (l0 = union(), l1 = summarise([3]))
[     8.345][cube-solver-5][DEBUG] Solving cube (l0 = union(), l1 = mutate())
[     8.351][cube-solver-9][DEBUG] Solving cube (l0 = intersect(), l1 = summarise([3]))
[     8.352][cube-solver-7][DEBUG] Solving cube (l0 = natural_join4(), l1 = mutate())
[     8.388][cube-solver-7][DEBUG] Solving cube (l0 = intersect(), l1 = mutate())
[     8.543][cube-solver-7][DEBUG] Solving cube (l0 = semi_join(), l1 = summarise([3]))
[     8.998][cube-solver-6][DEBUG] Solving cube (l0 = semi_join(), l1 = mutate())
[     9.011][cube-solver-5][DEBUG] Solving cube (l0 = cross_join(), l1 = summarise([3]))
[     9.020][cube-solver-2][DEBUG] Solving cube (l0 = cross_join(), l1 = mutate())
[     9.087][cube-solver-4][DEBUG] Solving cube (l0 = mutate(), l1 = natural_join())
[     9.153][cube-solver-7][DEBUG] Solving cube (l0 = mutate(), l1 = natural_join3())
[     9.179][cube-solver-7][DEBUG] Solving cube (l0 = mutate(), l1 = natural_join4())
[     9.201][cube-solver-7][DEBUG] Solving cube (l0 = mutate(), l1 = summarise([3]))
[     9.205][cube-solver-9][DEBUG] Solving cube (l0 = mutate(), l1 = filter())
[     9.582][cube-solver-6][DEBUG] Solving cube (l0 = mutate(), l1 = anti_join())
[     9.588][cube-solver-10][DEBUG] Solving cube (l0 = mutate(), l1 = left_join())
[     9.613][cube-solver-11][DEBUG] Found solution with cube (l0 = summarise([3]), l1 = inner_join())
[     9.614][MainProcess][INFO] Statistics:
[     9.614][MainProcess][INFO] 	Generated cubes: 42
[     9.614][MainProcess][INFO] 	Attempted programs: 123
[     9.614][MainProcess][INFO] 		Rejected: 61
[     9.614][MainProcess][INFO] 		Failed: 61
[     9.614][MainProcess][INFO] 	Blacklist clauses: 61
[     9.614][MainProcess][DEBUG] Printing statistics for good programs of size 1
[     9.615][MainProcess][DEBUG] 	0: Counter({'mutate': 60, 'summarise': 48})
[     9.615][MainProcess][DEBUG] Printing statistics for good programs of size 2
[     9.615][MainProcess][DEBUG] 	0: Counter({'summarise': 943, 'mutate': 133, 'left_join': 108, 'union': 108, 'semi_join': 108, 'cross_join': 10})
[     9.616][MainProcess][DEBUG] 	1: Counter({'mutate': 322, 'summarise': 170, 'natural_join': 158, 'union': 139, 'inner_join': 137, 'left_join': 136, 'filter': 132, 'anti_join': 118, 'cross_join': 99})
[     9.617][MainProcess][INFO] Solution found: inner_join(summarise(@param0, minc1 = min(c1), c2), @param0, 'minc1' = 'c1','c2' = 'c2')

------------------------------------- R Solution ---------------------------------------

con <- DBI::dbConnect(RSQLite::SQLite(), ":memory:")
input1 <- read_csv("tests-examples/scythe/top_rated_posts/tables/i037.csv", col_types = cols(c1 = col_integer(),c2 = col_character(),c3 = col_character()))
input1 <- copy_to(con, input1)
expected_output <- read_csv("tests-examples/scythe/top_rated_posts/tables/o037.csv", col_types = cols(c1 = col_integer(),c2 = col_character(),c3 = col_character()))

df2 <- input1 %>% group_by(c2) %>% summarise(minc1 = min(c1)) %>% ungroup()
df3 <- inner_join(df2, input1, by=c('minc1' = 'c1','c2' = 'c2'), suffix = c('', '.other'))
out <- df3 %>% select(c1 = minc1, c2, c3) %>% arrange(c1)


+++++++++++++++++++++++++++++++++++++ SQL Solution +++++++++++++++++++++++++++++++++++++

SELECT minc1 AS c1,
       c2,
       c3
FROM
  (SELECT LHS.c2 AS c2,
          LHS.minc1 AS minc1,
          RHS.c3 AS c3
   FROM
     (SELECT c2,
             MIN(c1) AS minc1
      FROM input1
      GROUP BY c2) AS LHS
   INNER JOIN input1 AS RHS ON (LHS.minc1 = RHS.c1
                                AND LHS.c2 = RHS.c2))
ORDER BY c1
