[     3.208][MainProcess][INFO] Parsing specification...
[     3.222][MainProcess][WARNING] "aggrs" field is deprecated. Please use "functions"
[     3.223][MainProcess][DEBUG] Reading input files...
[     3.242][MainProcess][INFO] Inferred data types for table tests-examples/scythe/top_rated_posts/tables/i040.csv: ['string', 'string']
[     3.253][MainProcess][INFO] Inferred data types for table tests-examples/scythe/top_rated_posts/tables/o040.csv: ['string', 'string', 'int64']
[     3.285][MainProcess][DEBUG] Generating DSL...
[     3.306][MainProcess][INFO] Creating 16 processes
[     3.374][MainProcess][DEBUG] Increasing generator loc to 2
[     3.374][cube-solver-0][DEBUG] Initialising process for 1 lines of code.
[     3.374][cube-solver-1][DEBUG] Initialising process for 1 lines of code.
[     3.375][cube-solver-3][DEBUG] Initialising process for 2 lines of code.
[     3.375][cube-solver-5][DEBUG] Initialising process for 2 lines of code.
[     3.375][cube-solver-2][DEBUG] Initialising process for 2 lines of code.
[     3.375][cube-solver-4][DEBUG] Initialising process for 2 lines of code.
[     3.375][cube-solver-6][DEBUG] Initialising process for 2 lines of code.
[     3.376][cube-solver-7][DEBUG] Initialising process for 2 lines of code.
[     3.377][cube-solver-8][DEBUG] Initialising process for 2 lines of code.
[     3.389][cube-solver-11][DEBUG] Initialising process for 2 lines of code.
[     3.391][cube-solver-9][DEBUG] Initialising process for 2 lines of code.
[     3.397][cube-solver-10][DEBUG] Initialising process for 2 lines of code.
[     3.397][cube-solver-13][DEBUG] Initialising process for 2 lines of code.
[     3.406][cube-solver-12][DEBUG] Initialising process for 2 lines of code.
[     3.411][cube-solver-15][DEBUG] Initialising process for 2 lines of code.
[     3.419][cube-solver-14][DEBUG] Initialising process for 2 lines of code.
[     3.570][cube-solver-0][DEBUG] Solving cube (l0 = summarise(),)
[     3.579][cube-solver-1][DEBUG] Solving cube (l0 = mutate(),)
[     3.587][cube-solver-8][DEBUG] Solving cube (l0 = summarise(), l1 = natural_join())
[     3.602][cube-solver-11][DEBUG] Solving cube (l0 = summarise(), l1 = summarise())
[     3.605][cube-solver-11][DEBUG] Solving cube (l0 = summarise(), l1 = semi_join())
[     3.607][cube-solver-13][DEBUG] Solving cube (l0 = summarise(), l1 = left_join())
[     3.614][cube-solver-7][DEBUG] Solving cube (l0 = natural_join4(), l1 = mutate())
[     3.617][cube-solver-7][DEBUG] Solving cube (l0 = summarise(), l1 = cross_join())
[     3.617][cube-solver-5][DEBUG] Solving cube (l0 = natural_join3(), l1 = mutate())
[     3.619][cube-solver-5][DEBUG] Solving cube (l0 = summarise(), l1 = mutate())
[     3.621][cube-solver-3][DEBUG] Solving cube (l0 = natural_join(), l1 = mutate())
[     3.623][cube-solver-3][DEBUG] Solving cube (l0 = summarise(), l1 = inner_join())
[     3.634][cube-solver-2][DEBUG] Solving cube (l0 = natural_join(), l1 = summarise())
[     3.635][cube-solver-0][DEBUG] Found solution with cube (l0 = summarise(),)
[     3.636][MainProcess][INFO] Statistics:
[     3.637][MainProcess][INFO] 	Generated cubes: 20
[     3.637][MainProcess][INFO] 	Attempted programs: 3
[     3.637][MainProcess][INFO] 		Rejected: 2
[     3.637][MainProcess][INFO] 		Failed: 0
[     3.637][MainProcess][INFO] 	Blacklist clauses: 0
[     3.637][MainProcess][DEBUG] Printing statistics for good programs of size 1
[     3.637][MainProcess][DEBUG] 	0: Counter({'mutate': 2, 'summarise': 1})
[     3.638][MainProcess][INFO] Solution found: summarise(@param0, n = n(), group, subGroup)
[     3.675][cube-solver-11][DEBUG] Found solution with cube (l0 = summarise(), l1 = semi_join())
[     3.823][cube-solver-13][DEBUG] Found solution with cube (l0 = summarise(), l1 = left_join())
[     3.964][cube-solver-3][DEBUG] Found solution with cube (l0 = summarise(), l1 = inner_join())
[     3.987][cube-solver-8][DEBUG] Found solution with cube (l0 = summarise(), l1 = natural_join())

------------------------------------- R Solution ---------------------------------------

con <- DBI::dbConnect(RSQLite::SQLite(), ":memory:")
input1 <- read_csv("tests-examples/scythe/top_rated_posts/tables/i040.csv", col_types = cols(group = col_character(),subGroup = col_character()))
input1 <- copy_to(con, input1)
expected_output <- read_csv("tests-examples/scythe/top_rated_posts/tables/o040.csv", col_types = cols(group = col_character(),subGroup = col_character(),n = col_integer()))

df2 <- input1 %>% group_by(group, subGroup) %>% summarise(n = n()) %>% ungroup()
out <- df2 %>% select(group, subGroup, n) %>% arrange(group)


+++++++++++++++++++++++++++++++++++++ SQL Solution +++++++++++++++++++++++++++++++++++++

SELECT GROUP,
       subGroup,
       n
FROM
  (SELECT GROUP,
          subGroup,
          COUNT() AS n
   FROM input1
   GROUP BY GROUP,
            subGroup)
ORDER BY GROUP
