[     1.580][MainProcess][INFO] Parsing specification...
[     1.583][MainProcess][WARNING] "aggrs" field is deprecated. Please use "functions"
[     1.583][MainProcess][WARNING] "const" field is deprecated. Please use "constants"
[     1.584][MainProcess][DEBUG] Reading input files...
[     1.596][MainProcess][INFO] Inferred data types for table tests-examples/scythe/top_rated_posts/tables/i045.csv: ['int64', 'int64', 'int64', 'datetime64[ns]']
[     1.601][MainProcess][INFO] Inferred data types for table tests-examples/scythe/top_rated_posts/tables/o045.csv: ['int64', 'int64']
[     1.633][MainProcess][DEBUG] Generating DSL...
[     1.662][MainProcess][INFO] Creating 16 processes
[     1.729][cube-solver-0][DEBUG] Initialising process for 2 lines of code.
[     1.730][cube-solver-1][DEBUG] Initialising process for 2 lines of code.
[     1.730][cube-solver-2][DEBUG] Initialising process for 2 lines of code.
[     1.730][MainProcess][DEBUG] Increasing generator loc to 3
[     1.731][cube-solver-3][DEBUG] Initialising process for 2 lines of code.
[     1.735][cube-solver-4][DEBUG] Initialising process for 3 lines of code.
[     1.739][cube-solver-5][DEBUG] Initialising process for 3 lines of code.
[     1.741][cube-solver-6][DEBUG] Initialising process for 3 lines of code.
[     1.745][cube-solver-7][DEBUG] Initialising process for 3 lines of code.
[     1.754][cube-solver-8][DEBUG] Initialising process for 3 lines of code.
[     1.764][cube-solver-10][DEBUG] Initialising process for 3 lines of code.
[     1.766][cube-solver-12][DEBUG] Initialising process for 3 lines of code.
[     1.766][cube-solver-13][DEBUG] Initialising process for 3 lines of code.
[     1.777][cube-solver-15][DEBUG] Initialising process for 3 lines of code.
[     1.781][cube-solver-14][DEBUG] Initialising process for 3 lines of code.
[     1.798][cube-solver-9][DEBUG] Initialising process for 3 lines of code.
[     1.802][cube-solver-11][DEBUG] Initialising process for 3 lines of code.
[     2.263][cube-solver-0][DEBUG] Solving cube (l0 = summarise(), l1 = filter())
[     2.264][cube-solver-3][DEBUG] Solving cube (l0 = mutate(), l1 = filter())
[     2.416][cube-solver-2][DEBUG] Solving cube (l0 = filter(), l1 = mutate())
[     2.419][cube-solver-2][DEBUG] Initialising process for 3 lines of code.
[     2.426][cube-solver-1][DEBUG] Solving cube (l0 = filter(), l1 = summarise())
[     2.428][cube-solver-1][DEBUG] Initialising process for 3 lines of code.
[     2.720][cube-solver-4][DEBUG] Solving cube (l0 = natural_join(), l1 = summarise(), l2 = filter())
[     2.720][cube-solver-6][DEBUG] Solving cube (l0 = natural_join(), l1 = filter(), l2 = mutate())
[     2.723][cube-solver-5][DEBUG] Solving cube (l0 = natural_join(), l1 = filter(), l2 = summarise())
[     2.726][cube-solver-4][DEBUG] Solving cube (l0 = summarise(), l1 = natural_join4(), l2 = filter())
[     2.726][cube-solver-5][DEBUG] Solving cube (l0 = summarise(), l1 = filter(), l2 = natural_join())
[     2.726][cube-solver-6][DEBUG] Solving cube (l0 = summarise(), l1 = summarise(), l2 = filter())
[     2.729][cube-solver-4][DEBUG] Solving cube (l0 = summarise(), l1 = filter(), l2 = natural_join3())
[     2.730][cube-solver-6][DEBUG] Solving cube (l0 = summarise(), l1 = filter(), l2 = natural_join4())
[     2.730][cube-solver-7][DEBUG] Solving cube (l0 = natural_join(), l1 = mutate(), l2 = filter())
[     2.734][cube-solver-7][DEBUG] Solving cube (l0 = summarise(), l1 = filter(), l2 = summarise())
[     2.734][cube-solver-6][DEBUG] Solving cube (l0 = summarise(), l1 = filter(), l2 = filter())
[     2.742][cube-solver-8][DEBUG] Solving cube (l0 = natural_join3(), l1 = summarise(), l2 = filter())
[     2.745][cube-solver-12][DEBUG] Solving cube (l0 = natural_join4(), l1 = summarise(), l2 = filter())
[     2.749][cube-solver-8][DEBUG] Solving cube (l0 = summarise(), l1 = filter(), l2 = anti_join())
[     2.751][cube-solver-12][DEBUG] Solving cube (l0 = summarise(), l1 = filter(), l2 = left_join())
[     2.757][cube-solver-13][DEBUG] Solving cube (l0 = natural_join4(), l1 = filter(), l2 = summarise())
[     2.758][cube-solver-10][DEBUG] Solving cube (l0 = natural_join3(), l1 = filter(), l2 = mutate())
[     2.763][cube-solver-13][DEBUG] Solving cube (l0 = summarise(), l1 = filter(), l2 = union())
[     2.764][cube-solver-10][DEBUG] Solving cube (l0 = summarise(), l1 = filter(), l2 = intersect())
[     2.765][cube-solver-15][DEBUG] Solving cube (l0 = natural_join4(), l1 = mutate(), l2 = filter())
[     2.768][cube-solver-14][DEBUG] Solving cube (l0 = natural_join4(), l1 = filter(), l2 = mutate())
[     2.770][cube-solver-15][DEBUG] Solving cube (l0 = summarise(), l1 = filter(), l2 = semi_join())
[     2.774][cube-solver-14][DEBUG] Solving cube (l0 = summarise(), l1 = filter(), l2 = cross_join())
[     2.787][cube-solver-9][DEBUG] Solving cube (l0 = natural_join3(), l1 = filter(), l2 = summarise())
[     2.793][cube-solver-9][DEBUG] Solving cube (l0 = summarise(), l1 = filter(), l2 = mutate())
[     2.870][cube-solver-11][DEBUG] Solving cube (l0 = natural_join3(), l1 = mutate(), l2 = filter([1]))
[     2.876][cube-solver-11][DEBUG] Solving cube (l0 = summarise(), l1 = filter([1]), l2 = inner_join())
[     3.510][cube-solver-2][DEBUG] Solving cube (l0 = summarise(), l1 = natural_join(), l2 = filter([5]))
[     3.535][cube-solver-1][DEBUG] Solving cube (l0 = summarise(), l1 = natural_join3(), l2 = filter([5]))
[     3.544][cube-solver-1][DEBUG] Solving cube (l0 = summarise(), l1 = anti_join(), l2 = filter([5]))
[     4.228][cube-solver-3][DEBUG] Initialising process for 3 lines of code.
[     5.528][cube-solver-3][DEBUG] Solving cube (l0 = summarise(), l1 = left_join(), l2 = filter([5]))
[     6.478][cube-solver-0][DEBUG] Initialising process for 3 lines of code.
[     6.811][cube-solver-9][DEBUG] Solving cube (l0 = summarise(), l1 = intersect(), l2 = filter([5]))
[     7.613][cube-solver-0][DEBUG] Solving cube (l0 = summarise(), l1 = union(), l2 = filter([5]))
[     8.337][cube-solver-14][DEBUG] Solving cube (l0 = summarise(), l1 = semi_join(), l2 = filter([5]))
[    15.126][cube-solver-7][DEBUG] Solving cube (l0 = summarise(), l1 = cross_join(), l2 = filter([5]))
[    16.891][cube-solver-14][DEBUG] Solving cube (l0 = summarise(), l1 = mutate(), l2 = filter([5]))
[    17.195][cube-solver-7][DEBUG] Solving cube (l0 = summarise(), l1 = inner_join(), l2 = filter([5]))
[    19.885][cube-solver-9][DEBUG] Solving cube (l0 = filter([5]), l1 = natural_join(), l2 = summarise())
[    19.890][cube-solver-9][DEBUG] Solving cube (l0 = filter([5]), l1 = natural_join(), l2 = mutate())
[    19.893][cube-solver-9][DEBUG] Solving cube (l0 = filter([5]), l1 = natural_join3(), l2 = summarise())
[    19.897][cube-solver-9][DEBUG] Solving cube (l0 = filter([5]), l1 = natural_join3(), l2 = mutate())
[    19.901][cube-solver-9][DEBUG] Solving cube (l0 = filter([5]), l1 = natural_join4(), l2 = summarise())
[    19.904][cube-solver-9][DEBUG] Solving cube (l0 = filter([5]), l1 = natural_join4(), l2 = mutate())
[    19.908][cube-solver-9][DEBUG] Solving cube (l0 = filter([5]), l1 = summarise(), l2 = natural_join())
[    19.912][cube-solver-9][DEBUG] Solving cube (l0 = filter([5]), l1 = summarise(), l2 = natural_join3())
[    19.915][cube-solver-9][DEBUG] Solving cube (l0 = filter([5]), l1 = summarise(), l2 = natural_join4())
[    19.919][cube-solver-9][DEBUG] Solving cube (l0 = filter([5]), l1 = summarise(), l2 = summarise())
[    19.922][cube-solver-9][DEBUG] Solving cube (l0 = filter([5]), l1 = summarise(), l2 = filter([5]))
[    19.927][cube-solver-9][DEBUG] Solving cube (l0 = filter([5]), l1 = summarise(), l2 = anti_join())
[    19.931][cube-solver-9][DEBUG] Solving cube (l0 = filter([5]), l1 = summarise(), l2 = left_join())
[    19.934][cube-solver-9][DEBUG] Solving cube (l0 = filter([5]), l1 = summarise(), l2 = union())
[    19.938][cube-solver-9][DEBUG] Solving cube (l0 = filter([5]), l1 = summarise(), l2 = intersect())
[    19.941][cube-solver-9][DEBUG] Solving cube (l0 = filter([5]), l1 = summarise(), l2 = semi_join())
[    19.945][cube-solver-9][DEBUG] Solving cube (l0 = filter([5]), l1 = summarise(), l2 = cross_join())
[    19.948][cube-solver-9][DEBUG] Solving cube (l0 = filter([5]), l1 = summarise(), l2 = mutate())
[    19.952][cube-solver-9][DEBUG] Solving cube (l0 = filter([5]), l1 = summarise(), l2 = inner_join())
[    19.955][cube-solver-9][DEBUG] Solving cube (l0 = filter([5]), l1 = filter([5]), l2 = summarise())
[    19.960][cube-solver-9][DEBUG] Solving cube (l0 = filter([5]), l1 = filter([5]), l2 = mutate())
[    19.965][cube-solver-9][DEBUG] Solving cube (l0 = filter([5]), l1 = anti_join(), l2 = summarise())
[    19.969][cube-solver-9][DEBUG] Solving cube (l0 = filter([5]), l1 = anti_join(), l2 = mutate())
[    19.972][cube-solver-9][DEBUG] Solving cube (l0 = filter([5]), l1 = left_join(), l2 = summarise())
[    19.976][cube-solver-9][DEBUG] Solving cube (l0 = filter([5]), l1 = left_join(), l2 = mutate())
[    19.979][cube-solver-9][DEBUG] Solving cube (l0 = filter([5]), l1 = union(), l2 = summarise())
[    19.983][cube-solver-9][DEBUG] Solving cube (l0 = filter([5]), l1 = union(), l2 = mutate())
[    19.986][cube-solver-9][DEBUG] Solving cube (l0 = filter([5]), l1 = intersect(), l2 = summarise())
[    19.990][cube-solver-9][DEBUG] Solving cube (l0 = filter([5]), l1 = intersect(), l2 = mutate())
[    19.993][cube-solver-9][DEBUG] Solving cube (l0 = filter([5]), l1 = semi_join(), l2 = summarise())
[    19.997][cube-solver-9][DEBUG] Solving cube (l0 = filter([5]), l1 = semi_join(), l2 = mutate())
[    20.000][cube-solver-9][DEBUG] Solving cube (l0 = filter([5]), l1 = cross_join(), l2 = summarise())
[    20.004][cube-solver-9][DEBUG] Solving cube (l0 = filter([5]), l1 = cross_join(), l2 = mutate())
[    20.007][cube-solver-9][DEBUG] Solving cube (l0 = filter([5]), l1 = mutate(), l2 = natural_join())
[    20.011][cube-solver-9][DEBUG] Solving cube (l0 = filter([5]), l1 = mutate(), l2 = natural_join3())
[    20.015][cube-solver-9][DEBUG] Solving cube (l0 = filter([5]), l1 = mutate(), l2 = natural_join4())
[    20.018][cube-solver-9][DEBUG] Solving cube (l0 = filter([5]), l1 = mutate(), l2 = summarise())
[    20.022][cube-solver-9][DEBUG] Solving cube (l0 = filter([5]), l1 = mutate(), l2 = filter([5]))
[    20.027][cube-solver-9][DEBUG] Solving cube (l0 = filter([5]), l1 = mutate(), l2 = anti_join())
[    20.030][cube-solver-9][DEBUG] Solving cube (l0 = filter([5]), l1 = mutate(), l2 = left_join())
[    20.034][cube-solver-9][DEBUG] Solving cube (l0 = filter([5]), l1 = mutate(), l2 = union())
[    20.037][cube-solver-9][DEBUG] Solving cube (l0 = filter([5]), l1 = mutate(), l2 = intersect())
[    20.041][cube-solver-9][DEBUG] Solving cube (l0 = filter([5]), l1 = mutate(), l2 = semi_join())
[    20.044][cube-solver-9][DEBUG] Solving cube (l0 = filter([5]), l1 = mutate(), l2 = cross_join())
[    20.048][cube-solver-9][DEBUG] Solving cube (l0 = filter([5]), l1 = mutate(), l2 = mutate())
[    20.051][cube-solver-9][DEBUG] Solving cube (l0 = filter([5]), l1 = mutate(), l2 = inner_join())
[    20.055][cube-solver-9][DEBUG] Solving cube (l0 = filter([5]), l1 = inner_join(), l2 = summarise())
[    20.058][cube-solver-9][DEBUG] Solving cube (l0 = filter([5]), l1 = inner_join(), l2 = mutate())
[    20.062][cube-solver-9][DEBUG] Solving cube (l0 = anti_join(), l1 = summarise(), l2 = filter([5]))
[    20.065][cube-solver-9][DEBUG] Solving cube (l0 = anti_join(), l1 = filter([5]), l2 = summarise())
[    20.069][cube-solver-9][DEBUG] Solving cube (l0 = anti_join(), l1 = filter([5]), l2 = mutate())
[    20.073][cube-solver-9][DEBUG] Solving cube (l0 = anti_join(), l1 = mutate(), l2 = filter([5]))
[    20.077][cube-solver-9][DEBUG] Solving cube (l0 = left_join(), l1 = summarise(), l2 = filter([5]))
[    20.806][cube-solver-14][DEBUG] Solving cube (l0 = left_join(), l1 = filter([5]), l2 = summarise())
[    20.813][cube-solver-14][DEBUG] Solving cube (l0 = left_join(), l1 = filter([5]), l2 = mutate())
[    20.819][cube-solver-14][DEBUG] Solving cube (l0 = left_join(), l1 = mutate(), l2 = filter([5]))
[    22.284][cube-solver-14][DEBUG] Solving cube (l0 = union(), l1 = summarise(), l2 = filter([5]))
[    22.394][cube-solver-6][DEBUG] Solving cube (l0 = union(), l1 = filter([5]), l2 = summarise())
[    22.398][cube-solver-6][DEBUG] Solving cube (l0 = union(), l1 = filter([5]), l2 = mutate())
[    22.403][cube-solver-6][DEBUG] Solving cube (l0 = union(), l1 = mutate(), l2 = filter([5]))
[    23.863][cube-solver-6][DEBUG] Solving cube (l0 = intersect(), l1 = summarise(), l2 = filter([5]))
[    24.100][cube-solver-9][DEBUG] Solving cube (l0 = intersect(), l1 = filter([5]), l2 = summarise())
[    24.104][cube-solver-9][DEBUG] Solving cube (l0 = intersect(), l1 = filter([5]), l2 = mutate())
[    24.109][cube-solver-9][DEBUG] Solving cube (l0 = intersect(), l1 = mutate(), l2 = filter([5]))
[    25.099][cube-solver-9][DEBUG] Solving cube (l0 = semi_join(), l1 = summarise(), l2 = filter([5]))
[    26.037][cube-solver-14][DEBUG] Solving cube (l0 = semi_join(), l1 = filter([5]), l2 = summarise())
[    26.042][cube-solver-14][DEBUG] Solving cube (l0 = semi_join(), l1 = filter([5]), l2 = mutate())
[    26.047][cube-solver-14][DEBUG] Solving cube (l0 = semi_join(), l1 = mutate(), l2 = filter([5]))
[    27.491][cube-solver-14][DEBUG] Solving cube (l0 = cross_join(), l1 = summarise(), l2 = filter([5]))
[    27.947][cube-solver-6][DEBUG] Solving cube (l0 = cross_join([1]), l1 = filter([5]), l2 = summarise())
[    27.952][cube-solver-6][DEBUG] Solving cube (l0 = cross_join([1]), l1 = filter([5]), l2 = mutate())
[    27.957][cube-solver-6][DEBUG] Solving cube (l0 = cross_join([1]), l1 = mutate(), l2 = filter([5]))
[    27.962][cube-solver-6][DEBUG] Solving cube (l0 = mutate(), l1 = natural_join(), l2 = filter([5]))
[    28.032][cube-solver-14][DEBUG] Solving cube (l0 = mutate(), l1 = natural_join3(), l2 = filter([5]))
[    28.036][cube-solver-14][DEBUG] Solving cube (l0 = mutate(), l1 = natural_join4(), l2 = filter([5]))
[    28.040][cube-solver-14][DEBUG] Solving cube (l0 = mutate(), l1 = summarise(), l2 = filter([5]))
[    28.939][cube-solver-9][DEBUG] Solving cube (l0 = mutate(), l1 = filter([5]), l2 = natural_join())
[    29.673][cube-solver-15][DEBUG] Solving cube (l0 = mutate(), l1 = filter([5]), l2 = natural_join3())
[    30.943][cube-solver-6][DEBUG] Solving cube (l0 = mutate(), l1 = filter([5]), l2 = natural_join4())
[    30.950][cube-solver-6][DEBUG] Solving cube (l0 = mutate(), l1 = filter([5]), l2 = summarise())
[    31.014][cube-solver-10][DEBUG] Solving cube (l0 = mutate(), l1 = filter([5]), l2 = filter([5]))
[    31.785][cube-solver-14][DEBUG] Solving cube (l0 = mutate(), l1 = filter([5]), l2 = anti_join())
[    32.632][cube-solver-2][DEBUG] Solving cube (l0 = mutate(), l1 = filter([5]), l2 = left_join())
[    34.727][cube-solver-6][DEBUG] Solving cube (l0 = mutate(), l1 = filter([5]), l2 = union())
[    34.852][cube-solver-9][DEBUG] Solving cube (l0 = mutate(), l1 = filter([5]), l2 = intersect())
[    37.160][cube-solver-9][DEBUG] Solving cube (l0 = mutate(), l1 = filter([5]), l2 = semi_join())
[    38.659][cube-solver-10][DEBUG] Solving cube (l0 = mutate(), l1 = filter([5]), l2 = cross_join([1]))
[    38.876][cube-solver-15][DEBUG] Solving cube (l0 = mutate(), l1 = filter([5]), l2 = mutate())
[    39.139][cube-solver-10][DEBUG] Solving cube (l0 = mutate(), l1 = filter([5]), l2 = inner_join())
[    39.419][cube-solver-3][DEBUG] Solving cube (l0 = mutate(), l1 = anti_join(), l2 = filter([5]))
[    39.950][cube-solver-2][DEBUG] Solving cube (l0 = mutate(), l1 = left_join(), l2 = filter([5]))
[    40.386][cube-solver-15][DEBUG] Solving cube (l0 = mutate(), l1 = union(), l2 = filter([5]))
[    41.402][cube-solver-5][DEBUG] Solving cube (l0 = mutate(), l1 = intersect(), l2 = filter([5]))
[    41.563][cube-solver-0][DEBUG] Solving cube (l0 = mutate(), l1 = semi_join(), l2 = filter([5]))
[    42.496][cube-solver-6][DEBUG] Solving cube (l0 = mutate(), l1 = cross_join([1]), l2 = filter([5]))
[    42.527][cube-solver-5][DEBUG] Solving cube (l0 = mutate(), l1 = mutate(), l2 = filter([5]))
[    42.793][cube-solver-6][DEBUG] Solving cube (l0 = mutate(), l1 = inner_join(), l2 = filter([5]))
[    43.974][cube-solver-9][DEBUG] Solving cube (l0 = inner_join(), l1 = summarise(), l2 = filter([5]))
[    43.980][cube-solver-5][DEBUG] Solving cube (l0 = inner_join(), l1 = filter([5]), l2 = summarise())
[    43.984][cube-solver-5][DEBUG] Solving cube (l0 = inner_join(), l1 = filter([5]), l2 = mutate())
[    43.988][cube-solver-5][DEBUG] Solving cube (l0 = inner_join(), l1 = mutate(), l2 = filter([5]))
[    44.371][MainProcess][DEBUG] Increasing generator loc to 4
[    44.375][cube-solver-2][DEBUG] Initialising process for 4 lines of code.
[    44.669][cube-solver-0][DEBUG] Initialising process for 4 lines of code.
[    44.787][cube-solver-15][DEBUG] Initialising process for 4 lines of code.
[    44.999][cube-solver-13][DEBUG] Initialising process for 4 lines of code.
[    46.038][cube-solver-12][DEBUG] Initialising process for 4 lines of code.
[    46.116][cube-solver-2][DEBUG] Solving cube (l0 = natural_join(), l1 = summarise(), l2 = natural_join(), l3 = filter([5]))
[    46.127][cube-solver-2][DEBUG] Solving cube (l0 = natural_join(), l1 = summarise(), l2 = filter([5]), l3 = natural_join3())
[    46.135][cube-solver-2][DEBUG] Solving cube (l0 = natural_join(), l1 = summarise(), l2 = filter([5]), l3 = natural_join4())
[    46.143][cube-solver-2][DEBUG] Solving cube (l0 = natural_join(), l1 = summarise(), l2 = filter([5]), l3 = summarise())
[    46.150][cube-solver-2][DEBUG] Solving cube (l0 = natural_join(), l1 = summarise(), l2 = filter([5]), l3 = filter([5]))
[    46.161][cube-solver-2][DEBUG] Solving cube (l0 = natural_join(), l1 = summarise(), l2 = filter([5]), l3 = anti_join())
[    46.168][cube-solver-2][DEBUG] Solving cube (l0 = natural_join(), l1 = summarise(), l2 = filter([5]), l3 = left_join())
[    46.176][cube-solver-2][DEBUG] Solving cube (l0 = natural_join(), l1 = summarise(), l2 = filter([5]), l3 = union())
[    46.184][cube-solver-2][DEBUG] Solving cube (l0 = natural_join(), l1 = summarise(), l2 = filter([5]), l3 = intersect())
[    46.191][cube-solver-2][DEBUG] Solving cube (l0 = natural_join(), l1 = summarise(), l2 = filter([5]), l3 = semi_join())
[    46.199][cube-solver-2][DEBUG] Solving cube (l0 = natural_join(), l1 = summarise(), l2 = filter([5]), l3 = cross_join([1]))
[    46.208][cube-solver-2][DEBUG] Solving cube (l0 = natural_join(), l1 = summarise(), l2 = filter([5]), l3 = mutate())
[    46.215][cube-solver-2][DEBUG] Solving cube (l0 = natural_join(), l1 = summarise(), l2 = filter([5]), l3 = inner_join())
[    46.222][cube-solver-2][DEBUG] Solving cube (l0 = natural_join(), l1 = summarise(), l2 = anti_join(), l3 = filter([5]))
[    46.228][cube-solver-2][DEBUG] Solving cube (l0 = natural_join(), l1 = summarise(), l2 = left_join(), l3 = filter([5]))
[    46.235][cube-solver-2][DEBUG] Solving cube (l0 = natural_join(), l1 = summarise(), l2 = union(), l3 = filter([5]))
[    46.241][cube-solver-2][DEBUG] Solving cube (l0 = natural_join(), l1 = summarise(), l2 = intersect(), l3 = filter([5]))
[    46.248][cube-solver-2][DEBUG] Solving cube (l0 = natural_join(), l1 = summarise(), l2 = semi_join(), l3 = filter([5]))
[    46.254][cube-solver-2][DEBUG] Solving cube (l0 = natural_join(), l1 = summarise(), l2 = cross_join([1]), l3 = filter([5]))
[    46.261][cube-solver-2][DEBUG] Solving cube (l0 = natural_join(), l1 = summarise(), l2 = mutate(), l3 = filter([5]))
[    46.265][cube-solver-2][DEBUG] Solving cube (l0 = natural_join(), l1 = summarise(), l2 = inner_join(), l3 = filter([5]))
[    46.271][cube-solver-2][DEBUG] Solving cube (l0 = natural_join(), l1 = filter([5]), l2 = natural_join(), l3 = summarise())
[    46.275][cube-solver-2][DEBUG] Solving cube (l0 = natural_join(), l1 = filter([5]), l2 = natural_join(), l3 = mutate())
[    46.279][cube-solver-2][DEBUG] Solving cube (l0 = natural_join(), l1 = filter([5]), l2 = natural_join3(), l3 = summarise())
[    46.283][cube-solver-2][DEBUG] Solving cube (l0 = natural_join(), l1 = filter([5]), l2 = natural_join3(), l3 = mutate())
[    46.287][cube-solver-2][DEBUG] Solving cube (l0 = natural_join(), l1 = filter([5]), l2 = natural_join4(), l3 = summarise())
[    46.291][cube-solver-2][DEBUG] Solving cube (l0 = natural_join(), l1 = filter([5]), l2 = natural_join4(), l3 = mutate())
[    46.295][cube-solver-2][DEBUG] Solving cube (l0 = natural_join(), l1 = filter([5]), l2 = summarise(), l3 = natural_join())
[    46.299][cube-solver-2][DEBUG] Solving cube (l0 = natural_join(), l1 = filter([5]), l2 = summarise(), l3 = natural_join3())
[    46.303][cube-solver-2][DEBUG] Solving cube (l0 = natural_join(), l1 = filter([5]), l2 = summarise(), l3 = natural_join4())
[    46.307][cube-solver-2][DEBUG] Solving cube (l0 = natural_join(), l1 = filter([5]), l2 = summarise(), l3 = summarise())
[    46.311][cube-solver-2][DEBUG] Solving cube (l0 = natural_join(), l1 = filter([5]), l2 = summarise(), l3 = filter([5]))
[    46.317][cube-solver-2][DEBUG] Solving cube (l0 = natural_join(), l1 = filter([5]), l2 = summarise(), l3 = anti_join())
[    46.321][cube-solver-2][DEBUG] Solving cube (l0 = natural_join(), l1 = filter([5]), l2 = summarise(), l3 = left_join())
[    46.325][cube-solver-2][DEBUG] Solving cube (l0 = natural_join(), l1 = filter([5]), l2 = summarise(), l3 = union())
[    46.329][cube-solver-2][DEBUG] Solving cube (l0 = natural_join(), l1 = filter([5]), l2 = summarise(), l3 = intersect())
[    46.333][cube-solver-2][DEBUG] Solving cube (l0 = natural_join(), l1 = filter([5]), l2 = summarise(), l3 = semi_join())
[    46.337][cube-solver-2][DEBUG] Solving cube (l0 = natural_join(), l1 = filter([5]), l2 = summarise(), l3 = cross_join([1]))
[    46.341][cube-solver-2][DEBUG] Solving cube (l0 = natural_join(), l1 = filter([5]), l2 = summarise(), l3 = mutate())
[    46.345][cube-solver-2][DEBUG] Solving cube (l0 = natural_join(), l1 = filter([5]), l2 = summarise(), l3 = inner_join())
[    46.349][cube-solver-2][DEBUG] Solving cube (l0 = natural_join(), l1 = filter([5]), l2 = filter([5]), l3 = summarise())
[    46.353][cube-solver-0][DEBUG] Solving cube (l0 = natural_join(), l1 = summarise(), l2 = natural_join3(), l3 = filter([5]))
[    46.354][cube-solver-2][DEBUG] Solving cube (l0 = natural_join(), l1 = filter([5]), l2 = filter([5]), l3 = mutate())
[    46.359][cube-solver-0][DEBUG] Solving cube (l0 = natural_join(), l1 = filter([5]), l2 = anti_join(), l3 = summarise())
[    46.360][cube-solver-2][DEBUG] Solving cube (l0 = natural_join(), l1 = filter([5]), l2 = anti_join(), l3 = mutate())
[    46.364][cube-solver-0][DEBUG] Solving cube (l0 = natural_join(), l1 = filter([5]), l2 = left_join(), l3 = summarise())
[    46.364][cube-solver-2][DEBUG] Solving cube (l0 = natural_join(), l1 = filter([5]), l2 = left_join(), l3 = mutate())
[    46.368][cube-solver-0][DEBUG] Solving cube (l0 = natural_join(), l1 = filter([5]), l2 = union(), l3 = summarise())
[    46.370][cube-solver-2][DEBUG] Solving cube (l0 = natural_join(), l1 = filter([5]), l2 = union(), l3 = mutate())
[    46.372][cube-solver-0][DEBUG] Solving cube (l0 = natural_join(), l1 = filter([5]), l2 = intersect(), l3 = summarise())
[    46.374][cube-solver-2][DEBUG] Solving cube (l0 = natural_join(), l1 = filter([5]), l2 = intersect(), l3 = mutate())
[    46.376][cube-solver-0][DEBUG] Solving cube (l0 = natural_join(), l1 = filter([5]), l2 = semi_join(), l3 = summarise())
[    46.378][cube-solver-2][DEBUG] Solving cube (l0 = natural_join(), l1 = filter([5]), l2 = semi_join(), l3 = mutate())
[    46.380][cube-solver-0][DEBUG] Solving cube (l0 = natural_join(), l1 = filter([5]), l2 = cross_join([1]), l3 = summarise())
[    46.382][cube-solver-2][DEBUG] Solving cube (l0 = natural_join(), l1 = filter([5]), l2 = cross_join([1]), l3 = mutate())
[    46.385][cube-solver-0][DEBUG] Solving cube (l0 = natural_join(), l1 = filter([5]), l2 = mutate(), l3 = natural_join())
[    46.387][cube-solver-2][DEBUG] Solving cube (l0 = natural_join(), l1 = filter([5]), l2 = mutate(), l3 = natural_join3())
[    46.389][cube-solver-0][DEBUG] Solving cube (l0 = natural_join(), l1 = filter([5]), l2 = mutate(), l3 = natural_join4())
[    46.391][cube-solver-2][DEBUG] Solving cube (l0 = natural_join(), l1 = filter([5]), l2 = mutate(), l3 = summarise())
[    46.393][cube-solver-0][DEBUG] Solving cube (l0 = natural_join(), l1 = filter([5]), l2 = mutate(), l3 = filter([5]))
[    46.395][cube-solver-2][DEBUG] Solving cube (l0 = natural_join(), l1 = filter([5]), l2 = mutate(), l3 = anti_join())
[    46.399][cube-solver-2][DEBUG] Solving cube (l0 = natural_join(), l1 = filter([5]), l2 = mutate(), l3 = left_join())
[    46.399][cube-solver-0][DEBUG] Solving cube (l0 = natural_join(), l1 = filter([5]), l2 = mutate(), l3 = union())
[    46.403][cube-solver-2][DEBUG] Solving cube (l0 = natural_join(), l1 = filter([5]), l2 = mutate(), l3 = intersect())
[    46.403][cube-solver-0][DEBUG] Solving cube (l0 = natural_join(), l1 = filter([5]), l2 = mutate(), l3 = semi_join())
[    46.407][cube-solver-2][DEBUG] Solving cube (l0 = natural_join(), l1 = filter([5]), l2 = mutate(), l3 = cross_join([1]))
[    46.408][cube-solver-0][DEBUG] Solving cube (l0 = natural_join(), l1 = filter([5]), l2 = mutate(), l3 = mutate())
[    46.411][cube-solver-2][DEBUG] Solving cube (l0 = natural_join(), l1 = filter([5]), l2 = mutate(), l3 = inner_join())
[    46.412][cube-solver-0][DEBUG] Solving cube (l0 = natural_join(), l1 = filter([5]), l2 = inner_join(), l3 = summarise())
[    46.415][cube-solver-2][DEBUG] Solving cube (l0 = natural_join(), l1 = filter([5]), l2 = inner_join(), l3 = mutate())
[    46.416][cube-solver-0][DEBUG] Solving cube (l0 = natural_join(), l1 = anti_join(), l2 = summarise(), l3 = filter([5]))
[    46.419][cube-solver-2][DEBUG] Solving cube (l0 = natural_join(), l1 = anti_join(), l2 = filter([5]), l3 = summarise())
[    46.420][cube-solver-0][DEBUG] Solving cube (l0 = natural_join(), l1 = anti_join(), l2 = filter([5]), l3 = mutate())
[    46.423][cube-solver-2][DEBUG] Solving cube (l0 = natural_join(), l1 = anti_join(), l2 = mutate(), l3 = filter([5]))
[    46.424][cube-solver-0][DEBUG] Solving cube (l0 = natural_join(), l1 = left_join(), l2 = summarise(), l3 = filter([5]))
[    46.427][cube-solver-2][DEBUG] Solving cube (l0 = natural_join(), l1 = left_join(), l2 = filter([5]), l3 = summarise())
[    46.428][cube-solver-0][DEBUG] Solving cube (l0 = natural_join(), l1 = left_join(), l2 = filter([5]), l3 = mutate())
[    46.431][cube-solver-2][DEBUG] Solving cube (l0 = natural_join(), l1 = left_join(), l2 = mutate(), l3 = filter([5]))
[    46.433][cube-solver-0][DEBUG] Solving cube (l0 = natural_join(), l1 = union(), l2 = summarise(), l3 = filter([5]))
[    46.435][cube-solver-2][DEBUG] Solving cube (l0 = natural_join(), l1 = union(), l2 = filter([5]), l3 = summarise())
[    46.437][cube-solver-0][DEBUG] Solving cube (l0 = natural_join(), l1 = union(), l2 = filter([5]), l3 = mutate())
[    46.439][cube-solver-2][DEBUG] Solving cube (l0 = natural_join(), l1 = union(), l2 = mutate(), l3 = filter([5]))
[    46.441][cube-solver-0][DEBUG] Solving cube (l0 = natural_join(), l1 = intersect(), l2 = summarise(), l3 = filter([5]))
[    46.443][cube-solver-2][DEBUG] Solving cube (l0 = natural_join(), l1 = intersect(), l2 = filter([5]), l3 = summarise())
[    46.445][cube-solver-0][DEBUG] Solving cube (l0 = natural_join(), l1 = intersect(), l2 = filter([5]), l3 = mutate())
[    46.447][cube-solver-2][DEBUG] Solving cube (l0 = natural_join(), l1 = intersect(), l2 = mutate(), l3 = filter([5]))
[    46.449][cube-solver-0][DEBUG] Solving cube (l0 = natural_join(), l1 = semi_join(), l2 = summarise(), l3 = filter([5]))
[    46.451][cube-solver-2][DEBUG] Solving cube (l0 = natural_join(), l1 = semi_join(), l2 = filter([5]), l3 = summarise())
[    46.453][cube-solver-0][DEBUG] Solving cube (l0 = natural_join(), l1 = semi_join(), l2 = filter([5]), l3 = mutate())
[    46.455][cube-solver-2][DEBUG] Solving cube (l0 = natural_join(), l1 = semi_join(), l2 = mutate(), l3 = filter([5]))
[    46.457][cube-solver-0][DEBUG] Solving cube (l0 = natural_join(), l1 = cross_join([1]), l2 = summarise(), l3 = filter([5]))
[    46.459][cube-solver-2][DEBUG] Solving cube (l0 = natural_join(), l1 = cross_join([1]), l2 = filter([5]), l3 = summarise())
[    46.462][cube-solver-0][DEBUG] Solving cube (l0 = natural_join(), l1 = cross_join([1]), l2 = filter([5]), l3 = mutate())
[    46.464][cube-solver-2][DEBUG] Solving cube (l0 = natural_join(), l1 = cross_join([1]), l2 = mutate(), l3 = filter([5]))
[    46.466][cube-solver-0][DEBUG] Solving cube (l0 = natural_join(), l1 = mutate(), l2 = natural_join(), l3 = filter([5]))
[    46.470][cube-solver-2][DEBUG] Solving cube (l0 = natural_join(), l1 = mutate(), l2 = natural_join3(), l3 = filter([5]))
[    46.470][cube-solver-15][DEBUG] Solving cube (l0 = natural_join(), l1 = summarise(), l2 = natural_join4(), l3 = filter([5]))
[    46.470][cube-solver-0][DEBUG] Solving cube (l0 = natural_join(), l1 = mutate(), l2 = natural_join4(), l3 = filter([5]))
[    46.474][cube-solver-2][DEBUG] Solving cube (l0 = natural_join(), l1 = mutate(), l2 = summarise(), l3 = filter([5]))
[    46.474][cube-solver-0][DEBUG] Solving cube (l0 = natural_join(), l1 = mutate(), l2 = filter([5]), l3 = natural_join())
[    46.478][cube-solver-2][DEBUG] Solving cube (l0 = natural_join(), l1 = mutate(), l2 = filter([5]), l3 = natural_join3())
[    46.478][cube-solver-0][DEBUG] Solving cube (l0 = natural_join(), l1 = mutate(), l2 = filter([5]), l3 = natural_join4())
[    46.482][cube-solver-2][DEBUG] Solving cube (l0 = natural_join(), l1 = mutate(), l2 = filter([5]), l3 = summarise())
[    46.483][cube-solver-0][DEBUG] Solving cube (l0 = natural_join(), l1 = mutate(), l2 = filter([5]), l3 = filter([5]))
[    46.486][cube-solver-2][DEBUG] Solving cube (l0 = natural_join(), l1 = mutate(), l2 = filter([5]), l3 = anti_join())
[    46.488][cube-solver-0][DEBUG] Solving cube (l0 = natural_join(), l1 = mutate(), l2 = filter([5]), l3 = union())
[    46.490][cube-solver-2][DEBUG] Solving cube (l0 = natural_join(), l1 = mutate(), l2 = filter([5]), l3 = intersect())
[    46.491][cube-solver-15][DEBUG] Solving cube (l0 = natural_join(), l1 = mutate(), l2 = filter([5]), l3 = left_join())
[    46.493][cube-solver-0][DEBUG] Solving cube (l0 = natural_join(), l1 = mutate(), l2 = filter([5]), l3 = semi_join())
[    46.494][cube-solver-2][DEBUG] Solving cube (l0 = natural_join(), l1 = mutate(), l2 = filter([5]), l3 = cross_join([1]))
[    46.497][cube-solver-0][DEBUG] Solving cube (l0 = natural_join(), l1 = mutate(), l2 = filter([5]), l3 = mutate())
[    46.498][cube-solver-2][DEBUG] Solving cube (l0 = natural_join(), l1 = mutate(), l2 = anti_join(), l3 = filter([5]))
[    46.499][cube-solver-15][DEBUG] Solving cube (l0 = natural_join(), l1 = mutate(), l2 = filter([5]), l3 = inner_join())
[    46.501][cube-solver-0][DEBUG] Solving cube (l0 = natural_join(), l1 = mutate(), l2 = left_join(), l3 = filter([5]))
[    46.502][cube-solver-2][DEBUG] Solving cube (l0 = natural_join(), l1 = mutate(), l2 = union(), l3 = filter([5]))
[    46.505][cube-solver-0][DEBUG] Solving cube (l0 = natural_join(), l1 = mutate(), l2 = intersect(), l3 = filter([5]))
[    46.506][cube-solver-2][DEBUG] Solving cube (l0 = natural_join(), l1 = mutate(), l2 = semi_join(), l3 = filter([5]))
[    46.507][cube-solver-15][DEBUG] Solving cube (l0 = natural_join(), l1 = mutate(), l2 = cross_join([1]), l3 = filter([5]))
[    46.509][cube-solver-0][DEBUG] Solving cube (l0 = natural_join(), l1 = mutate(), l2 = mutate(), l3 = filter([5]))
[    46.510][cube-solver-2][DEBUG] Solving cube (l0 = natural_join(), l1 = mutate(), l2 = inner_join(), l3 = filter([5]))
[    46.513][cube-solver-2][DEBUG] Solving cube (l0 = natural_join(), l1 = inner_join(), l2 = summarise(), l3 = filter([5]))
[    46.514][cube-solver-0][DEBUG] Solving cube (l0 = natural_join(), l1 = inner_join(), l2 = filter([5]), l3 = summarise())
[    46.516][cube-solver-15][DEBUG] Solving cube (l0 = natural_join(), l1 = inner_join(), l2 = filter([5]), l3 = mutate())
[    46.517][cube-solver-2][DEBUG] Solving cube (l0 = natural_join(), l1 = inner_join(), l2 = mutate(), l3 = filter([5]))
[    46.518][cube-solver-0][DEBUG] Solving cube (l0 = natural_join(), l1 = natural_join(), l2 = summarise(), l3 = filter([5]))
[    46.521][cube-solver-2][DEBUG] Solving cube (l0 = natural_join(), l1 = natural_join(), l2 = filter([5]), l3 = summarise())
[    46.522][cube-solver-0][DEBUG] Solving cube (l0 = natural_join(), l1 = natural_join(), l2 = filter([5]), l3 = mutate())
[    46.524][cube-solver-15][DEBUG] Solving cube (l0 = natural_join(), l1 = natural_join(), l2 = mutate(), l3 = filter([5]))
[    46.525][cube-solver-2][DEBUG] Solving cube (l0 = natural_join(), l1 = natural_join3(), l2 = summarise(), l3 = filter([5]))
[    46.526][cube-solver-0][DEBUG] Solving cube (l0 = natural_join(), l1 = natural_join3(), l2 = filter([5]), l3 = summarise())
[    46.529][cube-solver-2][DEBUG] Solving cube (l0 = natural_join(), l1 = natural_join3(), l2 = filter([5]), l3 = mutate())
[    46.531][cube-solver-0][DEBUG] Solving cube (l0 = natural_join(), l1 = natural_join3(), l2 = mutate(), l3 = filter([5]))
[    46.532][cube-solver-15][DEBUG] Solving cube (l0 = natural_join(), l1 = natural_join4(), l2 = summarise(), l3 = filter([5]))
[    46.534][cube-solver-2][DEBUG] Solving cube (l0 = natural_join(), l1 = natural_join4(), l2 = filter([5]), l3 = summarise())
[    46.535][cube-solver-0][DEBUG] Solving cube (l0 = natural_join(), l1 = natural_join4(), l2 = filter([5]), l3 = mutate())
[    46.538][cube-solver-2][DEBUG] Solving cube (l0 = natural_join(), l1 = natural_join4(), l2 = mutate(), l3 = filter([5]))
[    46.539][cube-solver-0][DEBUG] Solving cube (l0 = natural_join3(), l1 = summarise(), l2 = natural_join3(), l3 = filter([5]))
[    46.539][cube-solver-15][DEBUG] Solving cube (l0 = natural_join3(), l1 = summarise(), l2 = natural_join(), l3 = filter([5]))
[    46.542][cube-solver-2][DEBUG] Solving cube (l0 = natural_join3(), l1 = summarise(), l2 = natural_join4(), l3 = filter([5]))
[    46.543][cube-solver-0][DEBUG] Solving cube (l0 = natural_join3(), l1 = summarise(), l2 = summarise(), l3 = filter([5]))
[    46.546][cube-solver-2][DEBUG] Solving cube (l0 = natural_join3(), l1 = summarise(), l2 = filter([5]), l3 = natural_join3())
[    46.546][cube-solver-15][DEBUG] Solving cube (l0 = natural_join3(), l1 = summarise(), l2 = filter([5]), l3 = natural_join())
[    46.547][cube-solver-0][DEBUG] Solving cube (l0 = natural_join3(), l1 = summarise(), l2 = filter([5]), l3 = natural_join4())
[    46.550][cube-solver-2][DEBUG] Solving cube (l0 = natural_join3(), l1 = summarise(), l2 = filter([5]), l3 = summarise())
[    46.552][cube-solver-0][DEBUG] Solving cube (l0 = natural_join3(), l1 = summarise(), l2 = filter([5]), l3 = filter([5]))
[    46.553][cube-solver-15][DEBUG] Solving cube (l0 = natural_join3(), l1 = summarise(), l2 = filter([5]), l3 = anti_join())
[    46.554][cube-solver-2][DEBUG] Solving cube (l0 = natural_join3(), l1 = summarise(), l2 = filter([5]), l3 = left_join())
[    46.557][cube-solver-0][DEBUG] Solving cube (l0 = natural_join3(), l1 = summarise(), l2 = filter([5]), l3 = union())
[    46.558][cube-solver-2][DEBUG] Solving cube (l0 = natural_join3(), l1 = summarise(), l2 = filter([5]), l3 = intersect())
[    46.560][cube-solver-15][DEBUG] Solving cube (l0 = natural_join3(), l1 = summarise(), l2 = filter([5]), l3 = semi_join())
[    46.562][cube-solver-0][DEBUG] Solving cube (l0 = natural_join3(), l1 = summarise(), l2 = filter([5]), l3 = cross_join([1]))
[    46.563][cube-solver-2][DEBUG] Solving cube (l0 = natural_join3(), l1 = summarise(), l2 = filter([5]), l3 = mutate())
[    46.566][cube-solver-0][DEBUG] Solving cube (l0 = natural_join3(), l1 = summarise(), l2 = filter([5]), l3 = inner_join())
[    46.567][cube-solver-15][DEBUG] Solving cube (l0 = natural_join3(), l1 = summarise(), l2 = anti_join(), l3 = filter([5]))
[    46.569][cube-solver-2][DEBUG] Solving cube (l0 = natural_join3(), l1 = summarise(), l2 = left_join(), l3 = filter([5]))
[    46.570][cube-solver-0][DEBUG] Solving cube (l0 = natural_join3(), l1 = summarise(), l2 = union(), l3 = filter([5]))
[    46.573][cube-solver-2][DEBUG] Solving cube (l0 = natural_join3(), l1 = summarise(), l2 = intersect(), l3 = filter([5]))
[    46.574][cube-solver-15][DEBUG] Solving cube (l0 = natural_join3(), l1 = summarise(), l2 = semi_join(), l3 = filter([5]))
[    46.574][cube-solver-0][DEBUG] Solving cube (l0 = natural_join3(), l1 = summarise(), l2 = cross_join([1]), l3 = filter([5]))
[    46.577][cube-solver-2][DEBUG] Solving cube (l0 = natural_join3(), l1 = summarise(), l2 = mutate(), l3 = filter([5]))
[    46.579][cube-solver-0][DEBUG] Solving cube (l0 = natural_join3(), l1 = summarise(), l2 = inner_join(), l3 = filter([5]))
[    46.580][cube-solver-15][DEBUG] Solving cube (l0 = natural_join3(), l1 = filter([5]), l2 = natural_join(), l3 = summarise())
[    46.581][cube-solver-2][DEBUG] Solving cube (l0 = natural_join3(), l1 = filter([5]), l2 = natural_join(), l3 = mutate())
[    46.583][cube-solver-0][DEBUG] Solving cube (l0 = natural_join3(), l1 = filter([5]), l2 = natural_join3(), l3 = summarise())
[    46.585][cube-solver-2][DEBUG] Solving cube (l0 = natural_join3(), l1 = filter([5]), l2 = natural_join3(), l3 = mutate())
[    46.587][cube-solver-0][DEBUG] Solving cube (l0 = natural_join3(), l1 = filter([5]), l2 = natural_join4(), l3 = mutate())
[    46.587][cube-solver-15][DEBUG] Solving cube (l0 = natural_join3(), l1 = filter([5]), l2 = natural_join4(), l3 = summarise())
[    46.590][cube-solver-2][DEBUG] Solving cube (l0 = natural_join3(), l1 = filter([5]), l2 = summarise(), l3 = natural_join())
[    46.591][cube-solver-0][DEBUG] Solving cube (l0 = natural_join3(), l1 = filter([5]), l2 = summarise(), l3 = natural_join3())
[    46.594][cube-solver-2][DEBUG] Solving cube (l0 = natural_join3(), l1 = filter([5]), l2 = summarise(), l3 = summarise())
[    46.595][cube-solver-15][DEBUG] Solving cube (l0 = natural_join3(), l1 = filter([5]), l2 = summarise(), l3 = natural_join4())
[    46.596][cube-solver-0][DEBUG] Solving cube (l0 = natural_join3(), l1 = filter([5]), l2 = summarise(), l3 = filter([5]))
[    46.598][cube-solver-2][DEBUG] Solving cube (l0 = natural_join3(), l1 = filter([5]), l2 = summarise(), l3 = anti_join())
[    46.601][cube-solver-0][DEBUG] Solving cube (l0 = natural_join3(), l1 = filter([5]), l2 = summarise(), l3 = union())
[    46.601][cube-solver-15][DEBUG] Solving cube (l0 = natural_join3(), l1 = filter([5]), l2 = summarise(), l3 = left_join())
[    46.602][cube-solver-2][DEBUG] Solving cube (l0 = natural_join3(), l1 = filter([5]), l2 = summarise(), l3 = intersect())
[    46.605][cube-solver-0][DEBUG] Solving cube (l0 = natural_join3(), l1 = filter([5]), l2 = summarise(), l3 = semi_join())
[    46.606][cube-solver-2][DEBUG] Solving cube (l0 = natural_join3(), l1 = filter([5]), l2 = summarise(), l3 = cross_join([1]))
[    46.608][cube-solver-15][DEBUG] Solving cube (l0 = natural_join3(), l1 = filter([5]), l2 = summarise(), l3 = mutate())
[    46.610][cube-solver-0][DEBUG] Solving cube (l0 = natural_join3(), l1 = filter([5]), l2 = summarise(), l3 = inner_join())
[    46.611][cube-solver-2][DEBUG] Solving cube (l0 = natural_join3(), l1 = filter([5]), l2 = filter([5]), l3 = summarise())
[    46.614][cube-solver-0][DEBUG] Solving cube (l0 = natural_join3(), l1 = filter([5]), l2 = filter([5]), l3 = mutate())
[    46.615][cube-solver-15][DEBUG] Solving cube (l0 = natural_join3(), l1 = filter([5]), l2 = anti_join(), l3 = summarise())
[    46.616][cube-solver-2][DEBUG] Solving cube (l0 = natural_join3(), l1 = filter([5]), l2 = anti_join(), l3 = mutate())
[    46.619][cube-solver-0][DEBUG] Solving cube (l0 = natural_join3(), l1 = filter([5]), l2 = left_join(), l3 = summarise())
[    46.620][cube-solver-2][DEBUG] Solving cube (l0 = natural_join3(), l1 = filter([5]), l2 = left_join(), l3 = mutate())
[    46.622][cube-solver-15][DEBUG] Solving cube (l0 = natural_join3(), l1 = filter([5]), l2 = union(), l3 = summarise())
[    46.624][cube-solver-0][DEBUG] Solving cube (l0 = natural_join3(), l1 = filter([5]), l2 = union(), l3 = mutate())
[    46.624][cube-solver-2][DEBUG] Solving cube (l0 = natural_join3(), l1 = filter([5]), l2 = intersect(), l3 = summarise())
[    46.628][cube-solver-0][DEBUG] Solving cube (l0 = natural_join3(), l1 = filter([5]), l2 = semi_join(), l3 = summarise())
[    46.628][cube-solver-2][DEBUG] Solving cube (l0 = natural_join3(), l1 = filter([5]), l2 = semi_join(), l3 = mutate())
[    46.629][cube-solver-15][DEBUG] Solving cube (l0 = natural_join3(), l1 = filter([5]), l2 = intersect(), l3 = mutate())
[    46.632][cube-solver-0][DEBUG] Solving cube (l0 = natural_join3(), l1 = filter([5]), l2 = cross_join([1]), l3 = summarise())
[    46.633][cube-solver-2][DEBUG] Solving cube (l0 = natural_join3(), l1 = filter([5]), l2 = cross_join([1]), l3 = mutate())
[    46.635][cube-solver-15][DEBUG] Solving cube (l0 = natural_join3(), l1 = filter([5]), l2 = mutate(), l3 = natural_join())
[    46.637][cube-solver-0][DEBUG] Solving cube (l0 = natural_join3(), l1 = filter([5]), l2 = mutate(), l3 = natural_join3())
[    46.637][cube-solver-2][DEBUG] Solving cube (l0 = natural_join3(), l1 = filter([5]), l2 = mutate(), l3 = natural_join4())
[    46.641][cube-solver-2][DEBUG] Solving cube (l0 = natural_join3(), l1 = filter([5]), l2 = mutate(), l3 = summarise())
[    46.641][cube-solver-0][DEBUG] Solving cube (l0 = natural_join3(), l1 = filter([5]), l2 = mutate(), l3 = filter([5]))
[    46.642][cube-solver-15][DEBUG] Solving cube (l0 = natural_join3(), l1 = filter([5]), l2 = mutate(), l3 = anti_join())
[    46.645][cube-solver-2][DEBUG] Solving cube (l0 = natural_join3(), l1 = filter([5]), l2 = mutate(), l3 = left_join())
[    46.647][cube-solver-0][DEBUG] Solving cube (l0 = natural_join3(), l1 = filter([5]), l2 = mutate(), l3 = union())
[    46.649][cube-solver-15][DEBUG] Solving cube (l0 = natural_join3(), l1 = filter([5]), l2 = mutate(), l3 = intersect())
[    46.649][cube-solver-2][DEBUG] Solving cube (l0 = natural_join3(), l1 = filter([5]), l2 = mutate(), l3 = semi_join())
[    46.651][cube-solver-0][DEBUG] Solving cube (l0 = natural_join3(), l1 = filter([5]), l2 = mutate(), l3 = cross_join([1]))
[    46.653][cube-solver-2][DEBUG] Solving cube (l0 = natural_join3(), l1 = filter([5]), l2 = mutate(), l3 = mutate())
[    46.656][cube-solver-0][DEBUG] Solving cube (l0 = natural_join3(), l1 = filter([5]), l2 = inner_join(), l3 = summarise())
[    46.656][cube-solver-15][DEBUG] Solving cube (l0 = natural_join3(), l1 = filter([5]), l2 = mutate(), l3 = inner_join())
[    46.657][cube-solver-2][DEBUG] Solving cube (l0 = natural_join3(), l1 = filter([5]), l2 = inner_join(), l3 = mutate())
[    46.660][cube-solver-0][DEBUG] Solving cube (l0 = natural_join3(), l1 = anti_join(), l2 = summarise(), l3 = filter([5]))
[    46.661][cube-solver-2][DEBUG] Solving cube (l0 = natural_join3(), l1 = anti_join(), l2 = filter([5]), l3 = summarise())
[    46.662][cube-solver-15][DEBUG] Solving cube (l0 = natural_join3(), l1 = anti_join(), l2 = filter([5]), l3 = mutate())
[    46.664][cube-solver-0][DEBUG] Solving cube (l0 = natural_join3(), l1 = anti_join(), l2 = mutate(), l3 = filter([5]))
[    46.665][cube-solver-2][DEBUG] Solving cube (l0 = natural_join3(), l1 = left_join(), l2 = summarise(), l3 = filter([5]))
[    46.668][cube-solver-0][DEBUG] Solving cube (l0 = natural_join3(), l1 = left_join(), l2 = filter([5]), l3 = summarise())
[    46.669][cube-solver-15][DEBUG] Solving cube (l0 = natural_join3(), l1 = left_join(), l2 = filter([5]), l3 = mutate())
[    46.670][cube-solver-2][DEBUG] Solving cube (l0 = natural_join3(), l1 = left_join(), l2 = mutate(), l3 = filter([5]))
[    46.672][cube-solver-0][DEBUG] Solving cube (l0 = natural_join3(), l1 = union(), l2 = summarise(), l3 = filter([5]))
[    46.674][cube-solver-2][DEBUG] Solving cube (l0 = natural_join3(), l1 = union(), l2 = filter([5]), l3 = summarise())
[    46.676][cube-solver-15][DEBUG] Solving cube (l0 = natural_join3(), l1 = union(), l2 = filter([5]), l3 = mutate())
[    46.677][cube-solver-0][DEBUG] Solving cube (l0 = natural_join3(), l1 = union(), l2 = mutate(), l3 = filter([5]))
[    46.679][cube-solver-2][DEBUG] Solving cube (l0 = natural_join3(), l1 = intersect(), l2 = summarise(), l3 = filter([5]))
[    46.681][cube-solver-0][DEBUG] Solving cube (l0 = natural_join3(), l1 = intersect(), l2 = filter([5]), l3 = summarise())
[    46.683][cube-solver-2][DEBUG] Solving cube (l0 = natural_join3(), l1 = intersect(), l2 = mutate(), l3 = filter([5]))
[    46.683][cube-solver-15][DEBUG] Solving cube (l0 = natural_join3(), l1 = intersect(), l2 = filter([5]), l3 = mutate())
[    46.685][cube-solver-0][DEBUG] Solving cube (l0 = natural_join3(), l1 = semi_join(), l2 = summarise(), l3 = filter([5]))
[    46.687][cube-solver-2][DEBUG] Solving cube (l0 = natural_join3(), l1 = semi_join(), l2 = filter([5]), l3 = summarise())
[    46.689][cube-solver-0][DEBUG] Solving cube (l0 = natural_join3(), l1 = semi_join(), l2 = filter([5]), l3 = mutate())
[    46.690][cube-solver-15][DEBUG] Solving cube (l0 = natural_join3(), l1 = semi_join(), l2 = mutate(), l3 = filter([5]))
[    46.691][cube-solver-2][DEBUG] Solving cube (l0 = natural_join3(), l1 = cross_join([1]), l2 = summarise(), l3 = filter([5]))
[    46.693][cube-solver-0][DEBUG] Solving cube (l0 = natural_join3(), l1 = cross_join([1]), l2 = filter([5]), l3 = summarise())
[    46.694][cube-solver-13][DEBUG] Solving cube (l0 = natural_join(), l1 = summarise(), l2 = summarise(), l3 = filter([5]))
[    46.695][cube-solver-2][DEBUG] Solving cube (l0 = natural_join3(), l1 = cross_join([1]), l2 = filter([5]), l3 = mutate())
[    46.697][cube-solver-15][DEBUG] Solving cube (l0 = natural_join3(), l1 = cross_join([1]), l2 = mutate(), l3 = filter([5]))
[    46.697][cube-solver-0][DEBUG] Solving cube (l0 = natural_join3(), l1 = mutate(), l2 = natural_join(), l3 = filter([5]))
[    46.700][cube-solver-2][DEBUG] Solving cube (l0 = natural_join3(), l1 = mutate(), l2 = natural_join3(), l3 = filter([5]))
[    46.701][cube-solver-0][DEBUG] Solving cube (l0 = natural_join3(), l1 = mutate(), l2 = natural_join4(), l3 = filter([5]))
[    46.704][cube-solver-2][DEBUG] Solving cube (l0 = natural_join3(), l1 = mutate(), l2 = filter([5]), l3 = natural_join3())
[    46.704][cube-solver-15][DEBUG] Solving cube (l0 = natural_join3(), l1 = mutate(), l2 = filter([5]), l3 = natural_join())
[    46.705][cube-solver-13][DEBUG] Solving cube (l0 = natural_join3(), l1 = mutate(), l2 = summarise(), l3 = filter([5]))
[    46.706][cube-solver-0][DEBUG] Solving cube (l0 = natural_join3(), l1 = mutate(), l2 = filter([5]), l3 = natural_join4())
[    46.708][cube-solver-2][DEBUG] Solving cube (l0 = natural_join3(), l1 = mutate(), l2 = filter([5]), l3 = summarise())
[    46.710][cube-solver-0][DEBUG] Solving cube (l0 = natural_join3(), l1 = mutate(), l2 = filter([5]), l3 = filter([5]))
[    46.711][cube-solver-15][DEBUG] Solving cube (l0 = natural_join3(), l1 = mutate(), l2 = filter([5]), l3 = anti_join())
[    46.712][cube-solver-2][DEBUG] Solving cube (l0 = natural_join3(), l1 = mutate(), l2 = filter([5]), l3 = union())
[    46.713][cube-solver-13][DEBUG] Solving cube (l0 = natural_join3(), l1 = mutate(), l2 = filter([5]), l3 = left_join())
[    46.716][cube-solver-0][DEBUG] Solving cube (l0 = natural_join3(), l1 = mutate(), l2 = filter([5]), l3 = intersect())
[    46.717][cube-solver-2][DEBUG] Solving cube (l0 = natural_join3(), l1 = mutate(), l2 = filter([5]), l3 = semi_join())
[    46.718][cube-solver-15][DEBUG] Solving cube (l0 = natural_join3(), l1 = mutate(), l2 = filter([5]), l3 = cross_join([1]))
[    46.720][cube-solver-0][DEBUG] Solving cube (l0 = natural_join3(), l1 = mutate(), l2 = filter([5]), l3 = mutate())
[    46.721][cube-solver-2][DEBUG] Solving cube (l0 = natural_join3(), l1 = mutate(), l2 = anti_join(), l3 = filter([5]))
[    46.722][cube-solver-13][DEBUG] Solving cube (l0 = natural_join3(), l1 = mutate(), l2 = filter([5]), l3 = inner_join())
[    46.724][cube-solver-0][DEBUG] Solving cube (l0 = natural_join3(), l1 = mutate(), l2 = left_join(), l3 = filter([5]))
[    46.725][cube-solver-2][DEBUG] Solving cube (l0 = natural_join3(), l1 = mutate(), l2 = union(), l3 = filter([5]))
[    46.726][cube-solver-15][DEBUG] Solving cube (l0 = natural_join3(), l1 = mutate(), l2 = intersect(), l3 = filter([5]))
[    46.728][cube-solver-0][DEBUG] Solving cube (l0 = natural_join3(), l1 = mutate(), l2 = semi_join(), l3 = filter([5]))
[    46.729][cube-solver-2][DEBUG] Solving cube (l0 = natural_join3(), l1 = mutate(), l2 = mutate(), l3 = filter([5]))
[    46.730][cube-solver-15][DEBUG] Solving cube (l0 = natural_join3(), l1 = mutate(), l2 = inner_join(), l3 = filter([5]))
[    46.730][cube-solver-13][DEBUG] Solving cube (l0 = natural_join3(), l1 = mutate(), l2 = cross_join([1]), l3 = filter([5]))
[    46.733][cube-solver-2][DEBUG] Solving cube (l0 = natural_join3(), l1 = inner_join(), l2 = filter([5]), l3 = summarise())
[    46.733][cube-solver-0][DEBUG] Solving cube (l0 = natural_join3(), l1 = inner_join(), l2 = summarise(), l3 = filter([5]))
[    46.734][cube-solver-15][DEBUG] Solving cube (l0 = natural_join3(), l1 = inner_join(), l2 = filter([5]), l3 = mutate())
[    46.737][cube-solver-2][DEBUG] Solving cube (l0 = natural_join3(), l1 = inner_join(), l2 = mutate(), l3 = filter([5]))
[    46.738][cube-solver-0][DEBUG] Solving cube (l0 = natural_join3(), l1 = natural_join(), l2 = summarise(), l3 = filter([5]))
[    46.738][cube-solver-15][DEBUG] Solving cube (l0 = natural_join3(), l1 = natural_join(), l2 = filter([5]), l3 = mutate())
[    46.739][cube-solver-13][DEBUG] Solving cube (l0 = natural_join3(), l1 = natural_join(), l2 = filter([5]), l3 = summarise())
[    46.741][cube-solver-2][DEBUG] Solving cube (l0 = natural_join3(), l1 = natural_join(), l2 = mutate(), l3 = filter([5]))
[    46.742][cube-solver-0][DEBUG] Solving cube (l0 = natural_join3(), l1 = natural_join3(), l2 = summarise(), l3 = filter([5]))
[    46.742][cube-solver-15][DEBUG] Solving cube (l0 = natural_join3(), l1 = natural_join3(), l2 = filter([5]), l3 = summarise())
[    46.745][cube-solver-2][DEBUG] Solving cube (l0 = natural_join3(), l1 = natural_join3(), l2 = filter([5]), l3 = mutate())
[    46.746][cube-solver-0][DEBUG] Solving cube (l0 = natural_join3(), l1 = natural_join4(), l2 = summarise(), l3 = filter([5]))
[    46.747][cube-solver-15][DEBUG] Solving cube (l0 = natural_join3(), l1 = natural_join4(), l2 = filter([5]), l3 = summarise())
[    46.747][cube-solver-13][DEBUG] Solving cube (l0 = natural_join3(), l1 = natural_join3(), l2 = mutate(), l3 = filter([5]))
[    46.750][cube-solver-2][DEBUG] Solving cube (l0 = natural_join3(), l1 = natural_join4(), l2 = filter([5]), l3 = mutate())
[    46.750][cube-solver-0][DEBUG] Solving cube (l0 = natural_join3(), l1 = natural_join4(), l2 = mutate(), l3 = filter([5]))
[    46.751][cube-solver-15][DEBUG] Solving cube (l0 = natural_join4(), l1 = summarise(), l2 = natural_join(), l3 = filter([5]))
[    46.754][cube-solver-2][DEBUG] Solving cube (l0 = natural_join4(), l1 = summarise(), l2 = natural_join3(), l3 = filter([5]))
[    46.755][cube-solver-0][DEBUG] Solving cube (l0 = natural_join4(), l1 = summarise(), l2 = summarise(), l3 = filter([5]))
[    46.756][cube-solver-13][DEBUG] Solving cube (l0 = natural_join4(), l1 = summarise(), l2 = natural_join4(), l3 = filter([5]))
[    46.758][cube-solver-2][DEBUG] Solving cube (l0 = natural_join4(), l1 = summarise(), l2 = filter([5]), l3 = natural_join3())
[    46.759][cube-solver-0][DEBUG] Solving cube (l0 = natural_join4(), l1 = summarise(), l2 = filter([5]), l3 = natural_join4())
[    46.759][cube-solver-15][DEBUG] Solving cube (l0 = natural_join4(), l1 = summarise(), l2 = filter([5]), l3 = natural_join())
[    46.762][cube-solver-2][DEBUG] Solving cube (l0 = natural_join4(), l1 = summarise(), l2 = filter([5]), l3 = summarise())
[    46.763][cube-solver-0][DEBUG] Solving cube (l0 = natural_join4(), l1 = summarise(), l2 = filter([5]), l3 = anti_join())
[    46.764][cube-solver-13][DEBUG] Solving cube (l0 = natural_join4(), l1 = summarise(), l2 = filter([5]), l3 = filter([5]))
[    46.767][cube-solver-2][DEBUG] Solving cube (l0 = natural_join4(), l1 = summarise(), l2 = filter([5]), l3 = union())
[    46.768][cube-solver-0][DEBUG] Solving cube (l0 = natural_join4(), l1 = summarise(), l2 = filter([5]), l3 = intersect())
[    46.770][cube-solver-15][DEBUG] Solving cube (l0 = natural_join4(), l1 = summarise(), l2 = filter([5]), l3 = left_join())
[    46.772][cube-solver-2][DEBUG] Solving cube (l0 = natural_join4(), l1 = summarise(), l2 = filter([5]), l3 = semi_join())
[    46.772][cube-solver-0][DEBUG] Solving cube (l0 = natural_join4(), l1 = summarise(), l2 = filter([5]), l3 = cross_join([1]))
[    46.775][cube-solver-13][DEBUG] Solving cube (l0 = natural_join4(), l1 = summarise(), l2 = filter([5]), l3 = mutate())
[    46.776][cube-solver-2][DEBUG] Solving cube (l0 = natural_join4(), l1 = summarise(), l2 = filter([5]), l3 = inner_join())
[    46.776][cube-solver-0][DEBUG] Solving cube (l0 = natural_join4(), l1 = summarise(), l2 = anti_join(), l3 = filter([5]))
[    46.780][cube-solver-2][DEBUG] Solving cube (l0 = natural_join4(), l1 = summarise(), l2 = union(), l3 = filter([5]))
[    46.780][cube-solver-15][DEBUG] Solving cube (l0 = natural_join4(), l1 = summarise(), l2 = left_join(), l3 = filter([5]))
[    46.781][cube-solver-0][DEBUG] Solving cube (l0 = natural_join4(), l1 = summarise(), l2 = intersect(), l3 = filter([5]))
[    46.784][cube-solver-13][DEBUG] Solving cube (l0 = natural_join4(), l1 = summarise(), l2 = semi_join(), l3 = filter([5]))
[    46.784][cube-solver-2][DEBUG] Solving cube (l0 = natural_join4(), l1 = summarise(), l2 = cross_join([1]), l3 = filter([5]))
[    46.785][cube-solver-0][DEBUG] Solving cube (l0 = natural_join4(), l1 = summarise(), l2 = mutate(), l3 = filter([5]))
[    46.786][cube-solver-15][DEBUG] Solving cube (l0 = natural_join4(), l1 = summarise(), l2 = inner_join(), l3 = filter([5]))
[    46.789][cube-solver-2][DEBUG] Solving cube (l0 = natural_join4(), l1 = filter([5]), l2 = natural_join(), l3 = summarise())
[    46.789][cube-solver-0][DEBUG] Solving cube (l0 = natural_join4(), l1 = filter([5]), l2 = natural_join(), l3 = mutate())
[    46.790][cube-solver-15][DEBUG] Solving cube (l0 = natural_join4(), l1 = filter([5]), l2 = natural_join3(), l3 = summarise())
[    46.792][cube-solver-13][DEBUG] Solving cube (l0 = natural_join4(), l1 = filter([5]), l2 = natural_join3(), l3 = mutate())
[    46.793][cube-solver-2][DEBUG] Solving cube (l0 = natural_join4(), l1 = filter([5]), l2 = natural_join4(), l3 = summarise())
[    46.793][cube-solver-0][DEBUG] Solving cube (l0 = natural_join4(), l1 = filter([5]), l2 = natural_join4(), l3 = mutate())
[    46.794][cube-solver-15][DEBUG] Solving cube (l0 = natural_join4(), l1 = filter([5]), l2 = summarise(), l3 = natural_join())
[    46.797][cube-solver-2][DEBUG] Solving cube (l0 = natural_join4(), l1 = filter([5]), l2 = summarise(), l3 = natural_join3())
[    46.798][cube-solver-0][DEBUG] Solving cube (l0 = natural_join4(), l1 = filter([5]), l2 = summarise(), l3 = natural_join4())
[    46.798][cube-solver-15][DEBUG] Solving cube (l0 = natural_join4(), l1 = filter([5]), l2 = summarise(), l3 = summarise())
[    46.800][cube-solver-13][DEBUG] Solving cube (l0 = natural_join4(), l1 = filter([5]), l2 = summarise(), l3 = filter([5]))
[    46.801][cube-solver-2][DEBUG] Solving cube (l0 = natural_join4(), l1 = filter([5]), l2 = summarise(), l3 = anti_join())
[    46.802][cube-solver-0][DEBUG] Solving cube (l0 = natural_join4(), l1 = filter([5]), l2 = summarise(), l3 = left_join())
[    46.802][cube-solver-15][DEBUG] Solving cube (l0 = natural_join4(), l1 = filter([5]), l2 = summarise(), l3 = union())
[    46.805][cube-solver-2][DEBUG] Solving cube (l0 = natural_join4(), l1 = filter([5]), l2 = summarise(), l3 = intersect())
[    46.806][cube-solver-0][DEBUG] Solving cube (l0 = natural_join4(), l1 = filter([5]), l2 = summarise(), l3 = semi_join())
[    46.806][cube-solver-15][DEBUG] Solving cube (l0 = natural_join4(), l1 = filter([5]), l2 = summarise(), l3 = cross_join([1]))
[    46.809][cube-solver-2][DEBUG] Solving cube (l0 = natural_join4(), l1 = filter([5]), l2 = summarise(), l3 = mutate())
[    46.810][cube-solver-0][DEBUG] Solving cube (l0 = natural_join4(), l1 = filter([5]), l2 = filter([5]), l3 = summarise())
[    46.811][cube-solver-15][DEBUG] Solving cube (l0 = natural_join4(), l1 = filter([5]), l2 = filter([5]), l3 = mutate())
[    46.811][cube-solver-13][DEBUG] Solving cube (l0 = natural_join4(), l1 = filter([5]), l2 = summarise(), l3 = inner_join())
[    46.813][cube-solver-2][DEBUG] Solving cube (l0 = natural_join4(), l1 = filter([5]), l2 = anti_join(), l3 = summarise())
[    46.816][cube-solver-15][DEBUG] Solving cube (l0 = natural_join4(), l1 = filter([5]), l2 = anti_join(), l3 = mutate())
[    46.816][cube-solver-0][DEBUG] Solving cube (l0 = natural_join4(), l1 = filter([5]), l2 = left_join(), l3 = summarise())
[    46.817][cube-solver-2][DEBUG] Solving cube (l0 = natural_join4(), l1 = filter([5]), l2 = left_join(), l3 = mutate())
[    46.820][cube-solver-13][DEBUG] Solving cube (l0 = natural_join4(), l1 = filter([5]), l2 = union(), l3 = summarise())
[    46.820][cube-solver-15][DEBUG] Solving cube (l0 = natural_join4(), l1 = filter([5]), l2 = union(), l3 = mutate())
[    46.820][cube-solver-0][DEBUG] Solving cube (l0 = natural_join4(), l1 = filter([5]), l2 = intersect(), l3 = summarise())
[    46.821][cube-solver-2][DEBUG] Solving cube (l0 = natural_join4(), l1 = filter([5]), l2 = intersect(), l3 = mutate())
[    46.824][cube-solver-15][DEBUG] Solving cube (l0 = natural_join4(), l1 = filter([5]), l2 = semi_join(), l3 = summarise())
[    46.825][cube-solver-0][DEBUG] Solving cube (l0 = natural_join4(), l1 = filter([5]), l2 = semi_join(), l3 = mutate())
[    46.825][cube-solver-2][DEBUG] Solving cube (l0 = natural_join4(), l1 = filter([5]), l2 = cross_join([1]), l3 = summarise())
[    46.828][cube-solver-13][DEBUG] Solving cube (l0 = natural_join4(), l1 = filter([5]), l2 = cross_join([1]), l3 = mutate())
[    46.829][cube-solver-15][DEBUG] Solving cube (l0 = natural_join4(), l1 = filter([5]), l2 = mutate(), l3 = natural_join())
[    46.829][cube-solver-0][DEBUG] Solving cube (l0 = natural_join4(), l1 = filter([5]), l2 = mutate(), l3 = natural_join3())
[    46.829][cube-solver-2][DEBUG] Solving cube (l0 = natural_join4(), l1 = filter([5]), l2 = mutate(), l3 = natural_join4())
[    46.833][cube-solver-15][DEBUG] Solving cube (l0 = natural_join4(), l1 = filter([5]), l2 = mutate(), l3 = summarise())
[    46.833][cube-solver-0][DEBUG] Solving cube (l0 = natural_join4(), l1 = filter([5]), l2 = mutate(), l3 = filter([5]))
[    46.833][cube-solver-2][DEBUG] Solving cube (l0 = natural_join4(), l1 = filter([5]), l2 = mutate(), l3 = anti_join())
[    46.837][cube-solver-15][DEBUG] Solving cube (l0 = natural_join4(), l1 = filter([5]), l2 = mutate(), l3 = union())
[    46.837][cube-solver-13][DEBUG] Solving cube (l0 = natural_join4(), l1 = filter([5]), l2 = mutate(), l3 = left_join())
[    46.837][cube-solver-2][DEBUG] Solving cube (l0 = natural_join4(), l1 = filter([5]), l2 = mutate(), l3 = intersect())
[    46.839][cube-solver-0][DEBUG] Solving cube (l0 = natural_join4(), l1 = filter([5]), l2 = mutate(), l3 = semi_join())
[    46.841][cube-solver-15][DEBUG] Solving cube (l0 = natural_join4(), l1 = filter([5]), l2 = mutate(), l3 = cross_join([1]))
[    46.841][cube-solver-2][DEBUG] Solving cube (l0 = natural_join4(), l1 = filter([5]), l2 = mutate(), l3 = mutate())
[    46.843][cube-solver-0][DEBUG] Solving cube (l0 = natural_join4(), l1 = filter([5]), l2 = mutate(), l3 = inner_join())
[    46.845][cube-solver-13][DEBUG] Solving cube (l0 = natural_join4(), l1 = filter([5]), l2 = inner_join(), l3 = summarise())
[    46.845][cube-solver-15][DEBUG] Solving cube (l0 = natural_join4(), l1 = filter([5]), l2 = inner_join(), l3 = mutate())
[    46.845][cube-solver-2][DEBUG] Solving cube (l0 = natural_join4(), l1 = anti_join(), l2 = summarise(), l3 = filter([5]))
[    46.848][cube-solver-0][DEBUG] Solving cube (l0 = natural_join4(), l1 = anti_join(), l2 = filter([5]), l3 = summarise())
[    46.849][cube-solver-15][DEBUG] Solving cube (l0 = natural_join4(), l1 = anti_join(), l2 = filter([5]), l3 = mutate())
[    46.849][cube-solver-2][DEBUG] Solving cube (l0 = natural_join4(), l1 = anti_join(), l2 = mutate(), l3 = filter([5]))
[    46.852][cube-solver-0][DEBUG] Solving cube (l0 = natural_join4(), l1 = left_join(), l2 = filter([5]), l3 = summarise())
[    46.853][cube-solver-13][DEBUG] Solving cube (l0 = natural_join4(), l1 = left_join(), l2 = summarise(), l3 = filter([5]))
[    46.853][cube-solver-2][DEBUG] Solving cube (l0 = natural_join4(), l1 = left_join(), l2 = filter([5]), l3 = mutate())
[    46.854][cube-solver-15][DEBUG] Solving cube (l0 = natural_join4(), l1 = left_join(), l2 = mutate(), l3 = filter([5]))
[    46.856][cube-solver-0][DEBUG] Solving cube (l0 = natural_join4(), l1 = union(), l2 = summarise(), l3 = filter([5]))
[    46.858][cube-solver-15][DEBUG] Solving cube (l0 = natural_join4(), l1 = union(), l2 = filter([5]), l3 = mutate())
[    46.858][cube-solver-2][DEBUG] Solving cube (l0 = natural_join4(), l1 = union(), l2 = filter([5]), l3 = summarise())
[    46.860][cube-solver-0][DEBUG] Solving cube (l0 = natural_join4(), l1 = intersect(), l2 = summarise(), l3 = filter([5]))
[    46.861][cube-solver-13][DEBUG] Solving cube (l0 = natural_join4(), l1 = union(), l2 = mutate(), l3 = filter([5]))
[    46.862][cube-solver-15][DEBUG] Solving cube (l0 = natural_join4(), l1 = intersect(), l2 = filter([5]), l3 = mutate())
[    46.862][cube-solver-2][DEBUG] Solving cube (l0 = natural_join4(), l1 = intersect(), l2 = filter([5]), l3 = summarise())
[    46.865][cube-solver-0][DEBUG] Solving cube (l0 = natural_join4(), l1 = intersect(), l2 = mutate(), l3 = filter([5]))
[    46.866][cube-solver-15][DEBUG] Solving cube (l0 = natural_join4(), l1 = semi_join(), l2 = filter([5]), l3 = summarise())
[    46.866][cube-solver-2][DEBUG] Solving cube (l0 = natural_join4(), l1 = semi_join(), l2 = summarise(), l3 = filter([5]))
[    46.869][cube-solver-0][DEBUG] Solving cube (l0 = natural_join4(), l1 = semi_join(), l2 = mutate(), l3 = filter([5]))
[    46.869][cube-solver-13][DEBUG] Solving cube (l0 = natural_join4(), l1 = semi_join(), l2 = filter([5]), l3 = mutate())
[    46.870][cube-solver-15][DEBUG] Solving cube (l0 = natural_join4(), l1 = cross_join([1]), l2 = summarise(), l3 = filter([5]))
[    46.871][cube-solver-2][DEBUG] Solving cube (l0 = natural_join4(), l1 = cross_join([1]), l2 = filter([5]), l3 = summarise())
[    46.873][cube-solver-0][DEBUG] Solving cube (l0 = natural_join4(), l1 = cross_join([1]), l2 = filter([5]), l3 = mutate())
[    46.875][cube-solver-15][DEBUG] Solving cube (l0 = natural_join4(), l1 = cross_join([1]), l2 = mutate(), l3 = filter([5]))
[    46.876][cube-solver-2][DEBUG] Solving cube (l0 = natural_join4(), l1 = mutate(), l2 = natural_join(), l3 = filter([5]))
[    46.878][cube-solver-13][DEBUG] Solving cube (l0 = natural_join4(), l1 = mutate(), l2 = natural_join3(), l3 = filter([5]))
[    46.878][cube-solver-0][DEBUG] Solving cube (l0 = natural_join4(), l1 = mutate(), l2 = natural_join4(), l3 = filter([5]))
[    46.879][cube-solver-15][DEBUG] Solving cube (l0 = natural_join4(), l1 = mutate(), l2 = summarise(), l3 = filter([5]))
[    46.880][cube-solver-2][DEBUG] Solving cube (l0 = natural_join4(), l1 = mutate(), l2 = filter([5]), l3 = natural_join())
[    46.882][cube-solver-0][DEBUG] Solving cube (l0 = natural_join4(), l1 = mutate(), l2 = filter([5]), l3 = natural_join3())
[    46.883][cube-solver-15][DEBUG] Solving cube (l0 = natural_join4(), l1 = mutate(), l2 = filter([5]), l3 = natural_join4())
[    46.884][cube-solver-2][DEBUG] Solving cube (l0 = natural_join4(), l1 = mutate(), l2 = filter([5]), l3 = summarise())
[    46.886][cube-solver-13][DEBUG] Solving cube (l0 = natural_join4(), l1 = mutate(), l2 = filter([5]), l3 = filter([5]))
[    46.886][cube-solver-0][DEBUG] Solving cube (l0 = natural_join4(), l1 = mutate(), l2 = filter([5]), l3 = anti_join())
[    46.887][cube-solver-15][DEBUG] Solving cube (l0 = natural_join4(), l1 = mutate(), l2 = filter([5]), l3 = left_join())
[    46.888][cube-solver-2][DEBUG] Solving cube (l0 = natural_join4(), l1 = mutate(), l2 = filter([5]), l3 = union())
[    46.891][cube-solver-0][DEBUG] Solving cube (l0 = natural_join4(), l1 = mutate(), l2 = filter([5]), l3 = intersect())
[    46.891][cube-solver-15][DEBUG] Solving cube (l0 = natural_join4(), l1 = mutate(), l2 = filter([5]), l3 = semi_join())
[    46.892][cube-solver-2][DEBUG] Solving cube (l0 = natural_join4(), l1 = mutate(), l2 = filter([5]), l3 = cross_join([1]))
[    46.895][cube-solver-0][DEBUG] Solving cube (l0 = natural_join4(), l1 = mutate(), l2 = filter([5]), l3 = mutate())
[    46.896][cube-solver-15][DEBUG] Solving cube (l0 = natural_join4(), l1 = mutate(), l2 = anti_join(), l3 = filter([5]))
[    46.897][cube-solver-2][DEBUG] Solving cube (l0 = natural_join4(), l1 = mutate(), l2 = left_join(), l3 = filter([5]))
[    46.897][cube-solver-13][DEBUG] Solving cube (l0 = natural_join4(), l1 = mutate(), l2 = filter([5]), l3 = inner_join())
[    46.899][cube-solver-0][DEBUG] Solving cube (l0 = natural_join4(), l1 = mutate(), l2 = union(), l3 = filter([5]))
[    46.900][cube-solver-15][DEBUG] Solving cube (l0 = natural_join4(), l1 = mutate(), l2 = intersect(), l3 = filter([5]))
[    46.901][cube-solver-2][DEBUG] Solving cube (l0 = natural_join4(), l1 = mutate(), l2 = semi_join(), l3 = filter([5]))
[    46.903][cube-solver-0][DEBUG] Solving cube (l0 = natural_join4(), l1 = mutate(), l2 = cross_join([1]), l3 = filter([5]))
[    46.904][cube-solver-15][DEBUG] Solving cube (l0 = natural_join4(), l1 = mutate(), l2 = inner_join(), l3 = filter([5]))
[    46.905][cube-solver-2][DEBUG] Solving cube (l0 = natural_join4(), l1 = inner_join(), l2 = summarise(), l3 = filter([5]))
[    46.905][cube-solver-13][DEBUG] Solving cube (l0 = natural_join4(), l1 = mutate(), l2 = mutate(), l3 = filter([5]))
[    46.908][cube-solver-0][DEBUG] Solving cube (l0 = natural_join4(), l1 = inner_join(), l2 = filter([5]), l3 = summarise())
[    46.908][cube-solver-15][DEBUG] Solving cube (l0 = natural_join4(), l1 = inner_join(), l2 = filter([5]), l3 = mutate())
[    46.909][cube-solver-2][DEBUG] Solving cube (l0 = natural_join4(), l1 = inner_join(), l2 = mutate(), l3 = filter([5]))
[    46.912][cube-solver-0][DEBUG] Solving cube (l0 = natural_join4(), l1 = natural_join(), l2 = summarise(), l3 = filter([5]))
[    46.912][cube-solver-15][DEBUG] Solving cube (l0 = natural_join4(), l1 = natural_join(), l2 = filter([5]), l3 = mutate())
[    46.913][cube-solver-2][DEBUG] Solving cube (l0 = natural_join4(), l1 = natural_join(), l2 = mutate(), l3 = filter([5]))
[    46.913][cube-solver-13][DEBUG] Solving cube (l0 = natural_join4(), l1 = natural_join(), l2 = filter([5]), l3 = summarise())
[    46.916][cube-solver-0][DEBUG] Solving cube (l0 = natural_join4(), l1 = natural_join3(), l2 = summarise(), l3 = filter([5]))
[    46.916][cube-solver-15][DEBUG] Solving cube (l0 = natural_join4(), l1 = natural_join3(), l2 = filter([5]), l3 = summarise())
[    46.917][cube-solver-2][DEBUG] Solving cube (l0 = natural_join4(), l1 = natural_join3(), l2 = filter([5]), l3 = mutate())
[    46.921][cube-solver-15][DEBUG] Solving cube (l0 = natural_join4(), l1 = natural_join4(), l2 = summarise(), l3 = filter([5]))
[    46.921][cube-solver-0][DEBUG] Solving cube (l0 = natural_join4(), l1 = natural_join4(), l2 = filter([5]), l3 = summarise())
[    46.921][cube-solver-2][DEBUG] Solving cube (l0 = natural_join4(), l1 = natural_join4(), l2 = filter([5]), l3 = mutate())
[    46.922][cube-solver-13][DEBUG] Solving cube (l0 = natural_join4(), l1 = natural_join3(), l2 = mutate(), l3 = filter([5]))
[    46.925][cube-solver-2][DEBUG] Solving cube (l0 = natural_join4(), l1 = natural_join4(), l2 = mutate(), l3 = filter([5]))
[    46.928][cube-solver-0][DEBUG] Solving cube (l0 = summarise(), l1 = natural_join(), l2 = summarise(), l3 = filter([5]))
[    46.929][cube-solver-15][DEBUG] Solving cube (l0 = summarise(), l1 = natural_join(), l2 = filter([5]), l3 = natural_join())
[    46.929][cube-solver-2][DEBUG] Solving cube (l0 = summarise(), l1 = natural_join(), l2 = filter([5]), l3 = natural_join4())
[    46.930][cube-solver-13][DEBUG] Solving cube (l0 = summarise(), l1 = natural_join(), l2 = filter([5]), l3 = natural_join3())
[    46.934][cube-solver-2][DEBUG] Solving cube (l0 = summarise(), l1 = natural_join(), l2 = filter([5]), l3 = summarise())
[    47.763][cube-solver-12][DEBUG] Solving cube (l0 = natural_join(), l1 = summarise(), l2 = filter([5]), l3 = natural_join())
[    47.770][cube-solver-12][DEBUG] Solving cube (l0 = summarise(), l1 = natural_join(), l2 = filter([5]), l3 = filter([5]))
[    57.669][cube-solver-1][DEBUG] Initialising process for 4 lines of code.
[    59.431][cube-solver-1][DEBUG] Solving cube (l0 = summarise(), l1 = natural_join(), l2 = filter([5]), l3 = anti_join())
[    65.033][cube-solver-3][DEBUG] Initialising process for 4 lines of code.
[    66.734][cube-solver-3][DEBUG] Solving cube (l0 = summarise(), l1 = natural_join(), l2 = filter([5]), l3 = left_join())
[    91.077][cube-solver-14][DEBUG] Initialising process for 4 lines of code.
[    92.809][cube-solver-14][DEBUG] Solving cube (l0 = summarise(), l1 = natural_join(), l2 = filter([5]), l3 = union())
[    95.881][cube-solver-4][DEBUG] Initialising process for 4 lines of code.
[    97.564][cube-solver-4][DEBUG] Solving cube (l0 = summarise(), l1 = natural_join(), l2 = filter([5]), l3 = intersect())
[   113.031][cube-solver-8][DEBUG] Initialising process for 4 lines of code.
[   114.708][cube-solver-8][DEBUG] Solving cube (l0 = summarise(), l1 = natural_join(), l2 = filter([5]), l3 = semi_join())
[   129.278][cube-solver-0][DEBUG] Solving cube (l0 = summarise(), l1 = natural_join(), l2 = filter([5]), l3 = cross_join([1]))
[   129.796][cube-solver-2][DEBUG] Solving cube (l0 = summarise(), l1 = natural_join(), l2 = filter([5]), l3 = mutate())
[   149.415][cube-solver-0][DEBUG] Solving cube (l0 = summarise(), l1 = natural_join(), l2 = filter([5]), l3 = inner_join())
[   159.472][cube-solver-2][DEBUG] Solving cube (l0 = summarise(), l1 = natural_join(), l2 = anti_join(), l3 = filter([5]))
[   159.482][cube-solver-2][DEBUG] Solving cube (l0 = summarise(), l1 = natural_join(), l2 = left_join(), l3 = filter([5]))
[   197.481][cube-solver-12][DEBUG] Solving cube (l0 = summarise(), l1 = natural_join(), l2 = union(), l3 = filter([5]))
[   209.579][cube-solver-4][DEBUG] Solving cube (l0 = summarise(), l1 = natural_join(), l2 = intersect(), l3 = filter([5]))
[   226.022][cube-solver-5][DEBUG] Initialising process for 4 lines of code.
[   227.837][cube-solver-5][DEBUG] Solving cube (l0 = summarise(), l1 = natural_join(), l2 = semi_join(), l3 = filter([5]))
[   228.936][cube-solver-13][DEBUG] Solving cube (l0 = summarise(), l1 = natural_join(), l2 = cross_join([1]), l3 = filter([5]))
[   239.101][cube-solver-13][DEBUG] Solving cube (l0 = summarise(), l1 = natural_join(), l2 = mutate(), l3 = filter([5]))
[   256.226][cube-solver-9][DEBUG] Initialising process for 4 lines of code.
[   257.955][cube-solver-9][DEBUG] Solving cube (l0 = summarise(), l1 = natural_join(), l2 = inner_join(), l3 = filter([5]))
[   264.733][cube-solver-4][DEBUG] Solving cube (l0 = summarise(), l1 = natural_join(), l2 = natural_join(), l3 = filter([5]))
[   268.672][cube-solver-13][DEBUG] Solving cube (l0 = summarise(), l1 = natural_join(), l2 = natural_join3(), l3 = filter([5]))
[   268.681][cube-solver-13][DEBUG] Solving cube (l0 = summarise(), l1 = natural_join(), l2 = natural_join4(), l3 = filter([5]))
[   268.690][cube-solver-13][DEBUG] Solving cube (l0 = summarise(), l1 = natural_join3(), l2 = summarise(), l3 = filter([5]))
[   268.699][cube-solver-13][DEBUG] Solving cube (l0 = summarise(), l1 = natural_join3(), l2 = filter([5]), l3 = natural_join())
[   268.708][cube-solver-13][DEBUG] Solving cube (l0 = summarise(), l1 = natural_join3(), l2 = filter([5]), l3 = natural_join3())
[   268.717][cube-solver-13][DEBUG] Solving cube (l0 = summarise(), l1 = natural_join3(), l2 = filter([5]), l3 = natural_join4())
[   268.725][cube-solver-13][DEBUG] Solving cube (l0 = summarise(), l1 = natural_join3(), l2 = filter([5]), l3 = summarise())
[   268.734][cube-solver-13][DEBUG] Solving cube (l0 = summarise(), l1 = natural_join3(), l2 = filter([5]), l3 = filter([5]))
[   268.744][cube-solver-13][DEBUG] Solving cube (l0 = summarise(), l1 = natural_join3(), l2 = filter([5]), l3 = anti_join())
[   268.752][cube-solver-13][DEBUG] Solving cube (l0 = summarise(), l1 = natural_join3(), l2 = filter([5]), l3 = left_join())
[   268.759][cube-solver-13][DEBUG] Solving cube (l0 = summarise(), l1 = natural_join3(), l2 = filter([5]), l3 = union())
[   268.769][cube-solver-13][DEBUG] Solving cube (l0 = summarise(), l1 = natural_join3(), l2 = filter([5]), l3 = intersect())
[   268.777][cube-solver-13][DEBUG] Solving cube (l0 = summarise(), l1 = natural_join3(), l2 = filter([5]), l3 = semi_join())
[   268.785][cube-solver-13][DEBUG] Solving cube (l0 = summarise(), l1 = natural_join3(), l2 = filter([5]), l3 = cross_join([1]))
[   268.797][cube-solver-13][DEBUG] Solving cube (l0 = summarise(), l1 = natural_join3(), l2 = filter([5]), l3 = mutate())
[   268.802][cube-solver-13][DEBUG] Solving cube (l0 = summarise(), l1 = natural_join3(), l2 = filter([5]), l3 = inner_join())
[   268.807][cube-solver-13][DEBUG] Solving cube (l0 = summarise(), l1 = natural_join3(), l2 = anti_join(), l3 = filter([5]))
[   268.811][cube-solver-13][DEBUG] Solving cube (l0 = summarise(), l1 = natural_join3(), l2 = left_join(), l3 = filter([5]))
[   268.816][cube-solver-13][DEBUG] Solving cube (l0 = summarise(), l1 = natural_join3(), l2 = union(), l3 = filter([5]))
[   268.820][cube-solver-13][DEBUG] Solving cube (l0 = summarise(), l1 = natural_join3(), l2 = intersect(), l3 = filter([5]))
[   268.825][cube-solver-13][DEBUG] Solving cube (l0 = summarise(), l1 = natural_join3(), l2 = semi_join(), l3 = filter([5]))
[   268.829][cube-solver-13][DEBUG] Solving cube (l0 = summarise(), l1 = natural_join3(), l2 = cross_join([1]), l3 = filter([5]))
[   268.834][cube-solver-13][DEBUG] Solving cube (l0 = summarise(), l1 = natural_join3(), l2 = mutate(), l3 = filter([5]))
[   268.839][cube-solver-13][DEBUG] Solving cube (l0 = summarise(), l1 = natural_join3(), l2 = inner_join(), l3 = filter([5]))
[   268.843][cube-solver-13][DEBUG] Solving cube (l0 = summarise(), l1 = natural_join3(), l2 = natural_join(), l3 = filter([5]))
[   268.848][cube-solver-13][DEBUG] Solving cube (l0 = summarise(), l1 = natural_join3(), l2 = natural_join3(), l3 = filter([5]))
[   268.852][cube-solver-13][DEBUG] Solving cube (l0 = summarise(), l1 = natural_join3(), l2 = natural_join4(), l3 = filter([5]))
[   268.857][cube-solver-13][DEBUG] Solving cube (l0 = summarise(), l1 = natural_join4(), l2 = summarise(), l3 = filter([5]))
[   268.861][cube-solver-13][DEBUG] Solving cube (l0 = summarise(), l1 = natural_join4(), l2 = filter([5]), l3 = natural_join())
[   268.866][cube-solver-13][DEBUG] Solving cube (l0 = summarise(), l1 = natural_join4(), l2 = filter([5]), l3 = natural_join3())
[   268.870][cube-solver-13][DEBUG] Solving cube (l0 = summarise(), l1 = natural_join4(), l2 = filter([5]), l3 = natural_join4())
[   268.875][cube-solver-13][DEBUG] Solving cube (l0 = summarise(), l1 = natural_join4(), l2 = filter([5]), l3 = summarise())
[   268.879][cube-solver-13][DEBUG] Solving cube (l0 = summarise(), l1 = natural_join4(), l2 = filter([5]), l3 = filter([5]))
[   268.885][cube-solver-13][DEBUG] Solving cube (l0 = summarise(), l1 = natural_join4(), l2 = filter([5]), l3 = anti_join())
[   268.890][cube-solver-13][DEBUG] Solving cube (l0 = summarise(), l1 = natural_join4(), l2 = filter([5]), l3 = left_join())
[   268.894][cube-solver-13][DEBUG] Solving cube (l0 = summarise(), l1 = natural_join4(), l2 = filter([5]), l3 = union())
[   268.899][cube-solver-13][DEBUG] Solving cube (l0 = summarise(), l1 = natural_join4(), l2 = filter([5]), l3 = intersect())
[   268.903][cube-solver-13][DEBUG] Solving cube (l0 = summarise(), l1 = natural_join4(), l2 = filter([5]), l3 = semi_join())
[   268.908][cube-solver-13][DEBUG] Solving cube (l0 = summarise(), l1 = natural_join4(), l2 = filter([5]), l3 = cross_join([1]))
[   268.912][cube-solver-13][DEBUG] Solving cube (l0 = summarise(), l1 = natural_join4(), l2 = filter([5]), l3 = mutate())
[   268.917][cube-solver-13][DEBUG] Solving cube (l0 = summarise(), l1 = natural_join4(), l2 = filter([5]), l3 = inner_join())
[   268.921][cube-solver-13][DEBUG] Solving cube (l0 = summarise(), l1 = natural_join4(), l2 = anti_join(), l3 = filter([5]))
[   268.926][cube-solver-13][DEBUG] Solving cube (l0 = summarise(), l1 = natural_join4(), l2 = left_join(), l3 = filter([5]))
[   268.930][cube-solver-13][DEBUG] Solving cube (l0 = summarise(), l1 = natural_join4(), l2 = union(), l3 = filter([5]))
[   268.935][cube-solver-13][DEBUG] Solving cube (l0 = summarise(), l1 = natural_join4(), l2 = intersect(), l3 = filter([5]))
[   268.939][cube-solver-13][DEBUG] Solving cube (l0 = summarise(), l1 = natural_join4(), l2 = semi_join(), l3 = filter([5]))
[   268.944][cube-solver-13][DEBUG] Solving cube (l0 = summarise(), l1 = natural_join4(), l2 = cross_join([1]), l3 = filter([5]))
[   268.948][cube-solver-13][DEBUG] Solving cube (l0 = summarise(), l1 = natural_join4(), l2 = mutate(), l3 = filter([5]))
[   268.953][cube-solver-13][DEBUG] Solving cube (l0 = summarise(), l1 = natural_join4(), l2 = inner_join(), l3 = filter([5]))
[   268.957][cube-solver-13][DEBUG] Solving cube (l0 = summarise(), l1 = natural_join4(), l2 = natural_join(), l3 = filter([5]))
[   268.962][cube-solver-13][DEBUG] Solving cube (l0 = summarise(), l1 = natural_join4(), l2 = natural_join3(), l3 = filter([5]))
[   268.966][cube-solver-13][DEBUG] Solving cube (l0 = summarise(), l1 = natural_join4(), l2 = natural_join4(), l3 = filter([5]))
[   268.971][cube-solver-13][DEBUG] Solving cube (l0 = summarise(), l1 = summarise(), l2 = natural_join(), l3 = filter([5]))
[   269.565][cube-solver-9][DEBUG] Found solution with cube (l0 = summarise(), l1 = natural_join(), l2 = inner_join(), l3 = filter([5]))
[   269.567][MainProcess][INFO] Statistics:
[   269.567][MainProcess][INFO] 	Generated cubes: 632
[   269.567][MainProcess][INFO] 	Attempted programs: 24938
[   269.568][MainProcess][INFO] 		Rejected: 11812
[   269.568][MainProcess][INFO] 		Failed: 13125
[   269.568][MainProcess][INFO] 	Blacklist clauses: 6
[   269.568][MainProcess][DEBUG] Priting statistics for good programs of size 2
[   269.569][MainProcess][DEBUG] 	0: Counter({'summarise': 440, 'mutate': 200})
[   269.570][MainProcess][DEBUG] 	1: Counter({'filter': 640})
[   269.570][MainProcess][DEBUG] Priting statistics for good programs of size 3
[   269.715][MainProcess][DEBUG] 	0: Counter({'summarise': 114949, 'mutate': 85171, 'inner_join': 49960, 'left_join': 640, 'union': 640, 'semi_join': 640, 'intersect': 160})
[   269.789][MainProcess][DEBUG] 	1: Counter({'filter': 115588, 'inner_join': 58734, 'mutate': 27080, 'summarise': 26040, 'anti_join': 8960, 'left_join': 5040, 'union': 5040, 'natural_join': 4400, 'semi_join': 1280})
[   269.862][MainProcess][DEBUG] 	2: Counter({'filter': 139776, 'inner_join': 58668, 'anti_join': 16560, 'natural_join3': 13200, 'left_join': 6320, 'union': 6320, 'natural_join': 5680, 'semi_join': 3880, 'summarise': 1120, 'mutate': 640})
[   269.862][MainProcess][DEBUG] Priting statistics for good programs of size 4
[   269.940][MainProcess][DEBUG] 	0: Counter({'summarise': 243158})
[   270.013][MainProcess][DEBUG] 	1: Counter({'natural_join': 243092, 'summarise': 72})
[   270.082][MainProcess][DEBUG] 	2: Counter({'filter': 198674, 'left_join': 14576, 'union': 9550, 'summarise': 8800, 'semi_join': 5310, 'mutate': 4000, 'inner_join': 1556, 'natural_join': 704})
[   270.153][MainProcess][DEBUG] 	3: Counter({'filter': 64497, 'natural_join': 29653, 'left_join': 26703, 'anti_join': 26083, 'natural_join3': 24000, 'union': 23513, 'semi_join': 20004, 'inner_join': 15920, 'summarise': 8800, 'mutate': 4000})
[   270.153][MainProcess][INFO] Solution found: filter(inner_join(natural_join(@param0, summarise(@param0, n = n(), date)), @param0, 'n' = 'user_id'), n > 1)

------------------------------------- R Solution ---------------------------------------

con <- DBI::dbConnect(RSQLite::SQLite(), ":memory:")
input1 <- read_csv("tests-examples/scythe/top_rated_posts/tables/i045.csv", col_types = cols(user_id = col_integer(),account_no = col_integer(),zip = col_integer(),date = col_character()))
input1$date <- dmy(input1$date)
input1 <- copy_to(con, input1)
expected_output <- read_csv("tests-examples/scythe/top_rated_posts/tables/o045.csv", col_types = cols(user_id = col_integer(),n = col_integer()))

df2 <- input1 %>% group_by(date) %>% summarise(n = n()) %>% ungroup()
df3 <- inner_join(input1, df2)
df4 <- inner_join(df3, input1, by=c('n' = 'user_id'), suffix = c('', '.other'))
df5 <- df4 %>% filter(n > 1)
out <- df5 %>% select(user_id, n) %>% distinct() %>% arrange(user_id)


+++++++++++++++++++++++++++++++++++++ SQL Solution +++++++++++++++++++++++++++++++++++++

SELECT DISTINCT user_id,
                n
FROM
  (SELECT LHS.user_id AS user_id,
          LHS.account_no AS account_no,
          LHS.zip AS zip,
          LHS.date AS date,
          LHS.n AS n,
          RHS.account_no AS account_no.other,
          RHS.zip AS zip.other,
          RHS.date AS date.other
   FROM
     (SELECT LHS.user_id AS user_id,
             LHS.account_no AS account_no,
             LHS.zip AS zip,
             LHS.date AS date,
             RHS.n AS n
      FROM input1 AS LHS
      INNER JOIN
        (SELECT date, COUNT() AS n
         FROM input1
         GROUP BY date) AS RHS ON (LHS.date = RHS.date)) AS LHS
   INNER JOIN input1 AS RHS ON (LHS.n = RHS.user_id))
WHERE (n > 1.0)
ORDER BY user_id
