[     1.570][MainProcess][INFO] Parsing specification...
[     1.575][MainProcess][DEBUG] Reading input files...
[     1.593][MainProcess][INFO] Inferred data types for table tests-examples/scythe/top_rated_posts/tables/i052.csv: ['int64', 'int64']
[     1.605][MainProcess][INFO] Inferred data types for table tests-examples/scythe/top_rated_posts/tables/o052.csv: ['int64', 'int64', 'int64']
[     1.635][MainProcess][DEBUG] Generating DSL...
[     1.799][MainProcess][INFO] Creating 16 processes
[     1.865][MainProcess][DEBUG] Increasing generator loc to 2
[     1.979][cube-solver-0][DEBUG] Initialising process for 1 lines of code.
[     1.982][cube-solver-1][DEBUG] Initialising process for 1 lines of code.
[     1.987][cube-solver-2][DEBUG] Initialising process for 2 lines of code.
[     1.991][cube-solver-3][DEBUG] Initialising process for 2 lines of code.
[     1.996][cube-solver-4][DEBUG] Initialising process for 2 lines of code.
[     2.003][cube-solver-6][DEBUG] Initialising process for 2 lines of code.
[     2.012][cube-solver-7][DEBUG] Initialising process for 2 lines of code.
[     2.020][cube-solver-11][DEBUG] Initialising process for 2 lines of code.
[     2.023][cube-solver-13][DEBUG] Initialising process for 2 lines of code.
[     2.025][cube-solver-12][DEBUG] Initialising process for 2 lines of code.
[     2.034][cube-solver-10][DEBUG] Initialising process for 2 lines of code.
[     2.035][cube-solver-14][DEBUG] Initialising process for 2 lines of code.
[     2.042][cube-solver-8][DEBUG] Initialising process for 2 lines of code.
[     2.062][cube-solver-9][DEBUG] Initialising process for 2 lines of code.
[     2.067][cube-solver-5][DEBUG] Initialising process for 2 lines of code.
[     2.087][cube-solver-15][DEBUG] Initialising process for 2 lines of code.
[     5.063][cube-solver-0][DEBUG] Solving cube (l0 = summarise(),)
[     5.077][cube-solver-1][DEBUG] Solving cube (l0 = mutate(),)
[     5.205][cube-solver-1][DEBUG] Initialising process for 2 lines of code.
[     5.215][cube-solver-0][DEBUG] Initialising process for 2 lines of code.
[     8.250][cube-solver-3][DEBUG] Solving cube (l0 = natural_join(), l1 = mutate())
[     8.260][cube-solver-2][DEBUG] Solving cube (l0 = natural_join(), l1 = summarise())
[     8.282][cube-solver-3][DEBUG] Solving cube (l0 = summarise(), l1 = cross_join())
[     8.285][cube-solver-13][DEBUG] Solving cube (l0 = summarise(), l1 = anti_join())
[     8.285][cube-solver-4][DEBUG] Solving cube (l0 = natural_join3(), l1 = summarise())
[     8.288][cube-solver-11][DEBUG] Solving cube (l0 = summarise(), l1 = summarise())
[     8.290][cube-solver-6][DEBUG] Solving cube (l0 = natural_join4(), l1 = summarise())
[     8.320][cube-solver-11][DEBUG] Solving cube (l0 = summarise(), l1 = inner_join())
[     8.323][cube-solver-2][DEBUG] Solving cube (l0 = summarise(), l1 = mutate())
[     8.324][cube-solver-14][DEBUG] Solving cube (l0 = summarise(), l1 = left_join())
[     8.344][cube-solver-10][DEBUG] Solving cube (l0 = summarise(), l1 = natural_join4())
[     8.345][cube-solver-12][DEBUG] Solving cube (l0 = summarise(), l1 = filter())
[     8.353][cube-solver-9][DEBUG] Solving cube (l0 = summarise(), l1 = natural_join3())
[     8.354][cube-solver-4][DEBUG] Solving cube (l0 = filter(), l1 = summarise())
[     8.356][cube-solver-6][DEBUG] Solving cube (l0 = filter(), l1 = mutate())
[     8.359][cube-solver-8][DEBUG] Solving cube (l0 = summarise(), l1 = natural_join())
[     8.375][cube-solver-5][DEBUG] Solving cube (l0 = natural_join3(), l1 = mutate())
[     8.378][cube-solver-4][DEBUG] Solving cube (l0 = anti_join(), l1 = summarise())
[     8.384][cube-solver-6][DEBUG] Solving cube (l0 = anti_join(), l1 = mutate())
[     8.386][cube-solver-7][DEBUG] Solving cube (l0 = natural_join4(), l1 = mutate())
[     8.390][cube-solver-15][DEBUG] Solving cube (l0 = summarise(), l1 = union())
[     8.394][cube-solver-4][DEBUG] Solving cube (l0 = left_join(), l1 = mutate())
[     8.401][cube-solver-10][DEBUG] Solving cube (l0 = left_join(), l1 = summarise())
[     8.413][cube-solver-6][DEBUG] Solving cube (l0 = union(), l1 = summarise())
[     8.418][cube-solver-7][DEBUG] Solving cube (l0 = intersect(), l1 = mutate())
[     8.424][cube-solver-5][DEBUG] Solving cube (l0 = intersect(), l1 = summarise())
[     8.427][cube-solver-9][DEBUG] Solving cube (l0 = union(), l1 = mutate())
[     8.495][cube-solver-7][DEBUG] Solving cube (l0 = semi_join(), l1 = summarise())
[     8.530][cube-solver-6][DEBUG] Solving cube (l0 = semi_join(), l1 = mutate())
[     8.538][cube-solver-4][DEBUG] Solving cube (l0 = cross_join(), l1 = summarise())
[     8.611][cube-solver-10][DEBUG] Solving cube (l0 = cross_join([2]), l1 = mutate())
[     8.614][cube-solver-2][DEBUG] Solving cube (l0 = mutate(), l1 = natural_join())
[     8.664][cube-solver-5][DEBUG] Solving cube (l0 = mutate(), l1 = natural_join3())
[     8.677][cube-solver-9][DEBUG] Solving cube (l0 = mutate(), l1 = natural_join4())
[     8.686][cube-solver-5][DEBUG] Solving cube (l0 = mutate(), l1 = summarise())
[     8.692][cube-solver-7][DEBUG] Solving cube (l0 = mutate(), l1 = filter())
[     8.697][cube-solver-9][DEBUG] Solving cube (l0 = mutate(), l1 = anti_join())
[     8.703][cube-solver-6][DEBUG] Solving cube (l0 = mutate(), l1 = left_join())
[     8.879][cube-solver-5][DEBUG] Solving cube (l0 = mutate(), l1 = union())
[     8.880][cube-solver-2][DEBUG] Solving cube (l0 = mutate(), l1 = intersect())
[     9.032][cube-solver-2][DEBUG] Solving cube (l0 = mutate(), l1 = semi_join())
[     9.186][cube-solver-13][DEBUG] Solving cube (l0 = mutate(), l1 = mutate())
[     9.186][cube-solver-8][DEBUG] Solving cube (l0 = mutate(), l1 = inner_join())
[     9.215][cube-solver-6][DEBUG] Solving cube (l0 = mutate(), l1 = cross_join([53]))
[     9.223][MainProcess][DEBUG] Increasing generator loc to 3
[     9.223][cube-solver-5][DEBUG] Solving cube (l0 = inner_join(), l1 = summarise())
[     9.231][cube-solver-9][DEBUG] Solving cube (l0 = inner_join(), l1 = mutate())
[     9.239][cube-solver-12][DEBUG] Initialising process for 3 lines of code.
[     9.262][cube-solver-7][DEBUG] Initialising process for 3 lines of code.
[     9.302][cube-solver-2][DEBUG] Initialising process for 3 lines of code.
[     9.372][cube-solver-13][DEBUG] Initialising process for 3 lines of code.
[     9.382][cube-solver-15][DEBUG] Initialising process for 3 lines of code.
[     9.405][cube-solver-14][DEBUG] Initialising process for 3 lines of code.
[    10.818][cube-solver-5][DEBUG] Initialising process for 3 lines of code.
[    11.730][cube-solver-0][DEBUG] Solving cube (l0 = summarise(), l1 = semi_join())
[    11.731][cube-solver-1][DEBUG] Solving cube (l0 = summarise(), l1 = intersect())
[    11.981][cube-solver-9][DEBUG] Initialising process for 3 lines of code.
[    12.143][cube-solver-0][DEBUG] Initialising process for 3 lines of code.
[    12.317][cube-solver-1][DEBUG] Initialising process for 3 lines of code.
[    19.066][cube-solver-2][DEBUG] Solving cube (l0 = natural_join(), l1 = summarise(), l2 = natural_join4())
[    19.120][cube-solver-15][DEBUG] Solving cube (l0 = natural_join(), l1 = summarise(), l2 = filter())
[    20.209][cube-solver-15][DEBUG] Solving cube (l0 = natural_join(), l1 = summarise(), l2 = mutate())
[    20.283][cube-solver-7][DEBUG] Solving cube (l0 = natural_join(), l1 = summarise(), l2 = natural_join3())
[    20.284][cube-solver-13][DEBUG] Solving cube (l0 = natural_join(), l1 = summarise(), l2 = summarise())
[    20.285][cube-solver-14][DEBUG] Solving cube (l0 = natural_join(), l1 = summarise(), l2 = anti_join())
[    20.285][cube-solver-12][DEBUG] Solving cube (l0 = natural_join(), l1 = summarise(), l2 = natural_join())
[    20.286][cube-solver-15][DEBUG] Solving cube (l0 = natural_join(), l1 = summarise(), l2 = inner_join())
[    20.457][cube-solver-15][DEBUG] Solving cube (l0 = natural_join(), l1 = filter(), l2 = summarise())
[    20.500][cube-solver-14][DEBUG] Solving cube (l0 = natural_join(), l1 = filter(), l2 = mutate())
[    20.548][cube-solver-2][DEBUG] Solving cube (l0 = natural_join(), l1 = summarise(), l2 = cross_join([526]))
[    20.578][cube-solver-13][DEBUG] Solving cube (l0 = natural_join(), l1 = anti_join(), l2 = summarise())
[    20.636][cube-solver-12][DEBUG] Solving cube (l0 = natural_join(), l1 = anti_join(), l2 = mutate())
[    20.638][cube-solver-7][DEBUG] Solving cube (l0 = natural_join(), l1 = left_join(), l2 = summarise())
[    20.638][cube-solver-14][DEBUG] Solving cube (l0 = natural_join(), l1 = left_join(), l2 = mutate())
[    20.638][cube-solver-13][DEBUG] Solving cube (l0 = natural_join(), l1 = union(), l2 = summarise())
[    20.638][cube-solver-15][DEBUG] Solving cube (l0 = natural_join(), l1 = union(), l2 = mutate())
[    20.665][cube-solver-12][DEBUG] Solving cube (l0 = natural_join(), l1 = intersect(), l2 = mutate())
[    20.667][cube-solver-14][DEBUG] Solving cube (l0 = natural_join(), l1 = intersect(), l2 = summarise())
[    20.677][cube-solver-7][DEBUG] Solving cube (l0 = natural_join(), l1 = semi_join(), l2 = summarise())
[    20.685][cube-solver-13][DEBUG] Solving cube (l0 = natural_join(), l1 = semi_join(), l2 = mutate())
[    23.078][cube-solver-15][DEBUG] Solving cube (l0 = natural_join(), l1 = cross_join([892]), l2 = summarise())
[    24.543][cube-solver-12][DEBUG] Solving cube (l0 = natural_join(), l1 = mutate(), l2 = natural_join())
[    24.565][cube-solver-14][DEBUG] Solving cube (l0 = natural_join(), l1 = mutate(), l2 = natural_join3())
[    24.567][cube-solver-7][DEBUG] Solving cube (l0 = natural_join(), l1 = mutate(), l2 = natural_join4())
[    24.568][cube-solver-2][DEBUG] Solving cube (l0 = natural_join(), l1 = mutate(), l2 = summarise())
[    24.568][cube-solver-5][DEBUG] Solving cube (l0 = natural_join(), l1 = summarise(), l2 = left_join())
[    24.568][cube-solver-1][DEBUG] Solving cube (l0 = natural_join(), l1 = summarise(), l2 = semi_join())
[    24.568][cube-solver-0][DEBUG] Solving cube (l0 = natural_join(), l1 = summarise(), l2 = intersect())
[    24.570][cube-solver-9][DEBUG] Solving cube (l0 = natural_join(), l1 = summarise(), l2 = union())
[    24.599][cube-solver-7][DEBUG] Solving cube (l0 = natural_join(), l1 = mutate(), l2 = union())
[    24.607][cube-solver-14][DEBUG] Solving cube (l0 = natural_join(), l1 = mutate(), l2 = anti_join())
[    24.611][cube-solver-12][DEBUG] Solving cube (l0 = natural_join(), l1 = mutate(), l2 = filter())
[    24.790][cube-solver-5][DEBUG] Solving cube (l0 = natural_join(), l1 = mutate(), l2 = intersect())
[    24.833][cube-solver-15][DEBUG] Solving cube (l0 = natural_join(), l1 = mutate(), l2 = left_join())
[    24.839][cube-solver-1][DEBUG] Solving cube (l0 = natural_join(), l1 = mutate(), l2 = semi_join())
[    25.267][cube-solver-13][DEBUG] Solving cube (l0 = natural_join(), l1 = cross_join([955]), l2 = mutate())
[    27.907][cube-solver-0][DEBUG] Solving cube (l0 = natural_join(), l1 = mutate(), l2 = mutate())
[    27.921][cube-solver-9][DEBUG] Solving cube (l0 = natural_join(), l1 = mutate(), l2 = inner_join())
[    27.926][cube-solver-14][DEBUG] Solving cube (l0 = natural_join(), l1 = inner_join(), l2 = summarise())
[    27.927][cube-solver-12][DEBUG] Solving cube (l0 = natural_join(), l1 = inner_join(), l2 = mutate())
[    27.929][cube-solver-2][DEBUG] Solving cube (l0 = natural_join(), l1 = natural_join(), l2 = summarise())
[    27.930][cube-solver-1][DEBUG] Solving cube (l0 = natural_join(), l1 = natural_join(), l2 = mutate())
[    27.932][cube-solver-5][DEBUG] Solving cube (l0 = natural_join(), l1 = natural_join4(), l2 = summarise())
[    27.933][cube-solver-15][DEBUG] Solving cube (l0 = natural_join(), l1 = natural_join4(), l2 = mutate())
[    27.952][cube-solver-9][DEBUG] Solving cube (l0 = natural_join(), l1 = natural_join3(), l2 = mutate())
[    27.956][cube-solver-14][DEBUG] Solving cube (l0 = natural_join3(), l1 = summarise(), l2 = natural_join3())
[    27.961][cube-solver-12][DEBUG] Solving cube (l0 = natural_join3(), l1 = summarise(), l2 = natural_join4())
[    27.963][cube-solver-0][DEBUG] Solving cube (l0 = natural_join(), l1 = natural_join3(), l2 = summarise())
[    27.973][cube-solver-2][DEBUG] Solving cube (l0 = natural_join3(), l1 = summarise(), l2 = left_join())
[    27.973][cube-solver-15][DEBUG] Solving cube (l0 = natural_join3(), l1 = summarise(), l2 = filter())
[    27.977][cube-solver-9][DEBUG] Solving cube (l0 = natural_join3(), l1 = summarise(), l2 = union())
[    27.977][cube-solver-5][DEBUG] Solving cube (l0 = natural_join3(), l1 = summarise(), l2 = anti_join())
[    27.978][cube-solver-1][DEBUG] Solving cube (l0 = natural_join3(), l1 = summarise(), l2 = summarise())
[    27.982][cube-solver-14][DEBUG] Solving cube (l0 = natural_join3(), l1 = summarise(), l2 = intersect())
[    27.992][cube-solver-12][DEBUG] Solving cube (l0 = natural_join3(), l1 = summarise(), l2 = semi_join())
[    28.184][cube-solver-13][DEBUG] Solving cube (l0 = natural_join3(), l1 = summarise(), l2 = natural_join())
[    28.425][cube-solver-7][DEBUG] Solving cube (l0 = natural_join(), l1 = mutate(), l2 = cross_join([1187]))
[    31.166][cube-solver-15][DEBUG] Solving cube (l0 = natural_join3(), l1 = summarise(), l2 = mutate())
[    31.208][cube-solver-9][DEBUG] Solving cube (l0 = natural_join3(), l1 = summarise(), l2 = inner_join())
[    31.210][cube-solver-2][DEBUG] Solving cube (l0 = natural_join3(), l1 = filter(), l2 = summarise())
[    31.211][cube-solver-1][DEBUG] Solving cube (l0 = natural_join3(), l1 = filter(), l2 = mutate())
[    31.211][cube-solver-5][DEBUG] Solving cube (l0 = natural_join3(), l1 = anti_join(), l2 = summarise())
[    31.211][cube-solver-14][DEBUG] Solving cube (l0 = natural_join3(), l1 = anti_join(), l2 = mutate())
[    31.211][cube-solver-12][DEBUG] Solving cube (l0 = natural_join3(), l1 = left_join(), l2 = summarise())
[    31.212][cube-solver-13][DEBUG] Solving cube (l0 = natural_join3(), l1 = left_join(), l2 = mutate())
[    31.213][cube-solver-15][DEBUG] Solving cube (l0 = natural_join3(), l1 = union(), l2 = mutate())
[    31.213][cube-solver-7][DEBUG] Solving cube (l0 = natural_join3(), l1 = union(), l2 = summarise())
[    31.239][cube-solver-9][DEBUG] Solving cube (l0 = natural_join3(), l1 = intersect(), l2 = summarise())
[    31.245][cube-solver-5][DEBUG] Solving cube (l0 = natural_join3(), l1 = semi_join(), l2 = summarise())
[    31.246][cube-solver-12][DEBUG] Solving cube (l0 = natural_join3(), l1 = semi_join(), l2 = mutate())
[    31.258][cube-solver-1][DEBUG] Solving cube (l0 = natural_join3(), l1 = intersect(), l2 = mutate())
[    32.140][cube-solver-0][DEBUG] Solving cube (l0 = natural_join3(), l1 = summarise(), l2 = cross_join([1491]))
[    35.958][cube-solver-14][DEBUG] Solving cube (l0 = natural_join3(), l1 = cross_join([1665]), l2 = summarise())
[    38.326][cube-solver-12][DEBUG] Solving cube (l0 = natural_join3(), l1 = mutate(), l2 = natural_join())
[    38.338][cube-solver-13][DEBUG] Solving cube (l0 = natural_join3(), l1 = mutate(), l2 = natural_join3())
[    38.340][cube-solver-9][DEBUG] Solving cube (l0 = natural_join3(), l1 = mutate(), l2 = summarise())
[    38.340][cube-solver-15][DEBUG] Solving cube (l0 = natural_join3(), l1 = mutate(), l2 = natural_join4())
[    38.340][cube-solver-5][DEBUG] Solving cube (l0 = natural_join3(), l1 = mutate(), l2 = filter())
[    38.340][cube-solver-1][DEBUG] Solving cube (l0 = natural_join3(), l1 = mutate(), l2 = anti_join())
[    38.340][cube-solver-0][DEBUG] Solving cube (l0 = natural_join3(), l1 = mutate(), l2 = union())
[    38.340][cube-solver-7][DEBUG] Solving cube (l0 = natural_join3(), l1 = mutate(), l2 = left_join())
[    38.358][cube-solver-12][DEBUG] Solving cube (l0 = natural_join3(), l1 = mutate(), l2 = intersect())
[    38.368][cube-solver-9][DEBUG] Solving cube (l0 = natural_join3(), l1 = mutate(), l2 = semi_join())
[    39.618][cube-solver-2][DEBUG] Solving cube (l0 = natural_join3(), l1 = cross_join([1793]), l2 = mutate())
[    41.958][cube-solver-15][DEBUG] Solving cube (l0 = natural_join3(), l1 = mutate(), l2 = mutate())
[    42.320][cube-solver-13][DEBUG] Solving cube (l0 = natural_join3(), l1 = mutate(), l2 = inner_join())
[    42.331][cube-solver-1][DEBUG] Solving cube (l0 = natural_join3(), l1 = inner_join(), l2 = summarise())
[    42.332][cube-solver-5][DEBUG] Solving cube (l0 = natural_join3(), l1 = inner_join(), l2 = mutate())
[    42.334][cube-solver-15][DEBUG] Solving cube (l0 = natural_join3(), l1 = natural_join(), l2 = summarise())
[    42.335][cube-solver-12][DEBUG] Solving cube (l0 = natural_join3(), l1 = natural_join3(), l2 = summarise())
[    42.336][cube-solver-9][DEBUG] Solving cube (l0 = natural_join3(), l1 = natural_join3(), l2 = mutate())
[    42.344][cube-solver-0][DEBUG] Solving cube (l0 = natural_join3(), l1 = natural_join4(), l2 = mutate())
[    42.353][cube-solver-13][DEBUG] Solving cube (l0 = natural_join3(), l1 = natural_join(), l2 = mutate())
[    42.368][cube-solver-9][DEBUG] Solving cube (l0 = natural_join4(), l1 = summarise(), l2 = natural_join4())
[    42.370][cube-solver-12][DEBUG] Solving cube (l0 = natural_join4(), l1 = summarise(), l2 = natural_join3())
[    42.370][cube-solver-15][DEBUG] Solving cube (l0 = natural_join4(), l1 = summarise(), l2 = natural_join())
[    42.380][cube-solver-5][DEBUG] Solving cube (l0 = natural_join4(), l1 = summarise(), l2 = filter())
[    42.386][cube-solver-13][DEBUG] Solving cube (l0 = natural_join4(), l1 = summarise(), l2 = left_join())
[    42.386][cube-solver-1][DEBUG] Solving cube (l0 = natural_join4(), l1 = summarise(), l2 = summarise())
[    42.389][cube-solver-0][DEBUG] Solving cube (l0 = natural_join4(), l1 = summarise(), l2 = anti_join())
[    42.391][cube-solver-9][DEBUG] Solving cube (l0 = natural_join4(), l1 = summarise(), l2 = union())
[    42.398][cube-solver-12][DEBUG] Solving cube (l0 = natural_join4(), l1 = summarise(), l2 = intersect())
[    42.403][cube-solver-15][DEBUG] Solving cube (l0 = natural_join4(), l1 = summarise(), l2 = semi_join())
[    42.809][cube-solver-14][DEBUG] Solving cube (l0 = natural_join3(), l1 = natural_join4(), l2 = summarise())
[    43.650][cube-solver-7][DEBUG] Solving cube (l0 = natural_join3(), l1 = mutate(), l2 = cross_join([1956]))
[    46.469][cube-solver-13][DEBUG] Solving cube (l0 = natural_join4(), l1 = summarise(), l2 = mutate())
[    46.786][cube-solver-1][DEBUG] Solving cube (l0 = natural_join4(), l1 = summarise(), l2 = inner_join())
[    46.834][cube-solver-9][DEBUG] Solving cube (l0 = natural_join4(), l1 = filter(), l2 = summarise())
[    46.839][cube-solver-0][DEBUG] Solving cube (l0 = natural_join4(), l1 = filter(), l2 = mutate())
[    46.840][cube-solver-12][DEBUG] Solving cube (l0 = natural_join4(), l1 = anti_join(), l2 = summarise())
[    46.841][cube-solver-15][DEBUG] Solving cube (l0 = natural_join4(), l1 = anti_join(), l2 = mutate())
[    46.843][cube-solver-14][DEBUG] Solving cube (l0 = natural_join4(), l1 = left_join(), l2 = mutate())
[    46.844][cube-solver-8][DEBUG] Initialising process for 3 lines of code.
[    46.846][cube-solver-13][DEBUG] Solving cube (l0 = natural_join4(), l1 = union(), l2 = mutate())
[    46.846][cube-solver-1][DEBUG] Solving cube (l0 = natural_join4(), l1 = intersect(), l2 = summarise())
[    46.882][cube-solver-9][DEBUG] Solving cube (l0 = natural_join4(), l1 = intersect(), l2 = mutate())
[    46.884][cube-solver-0][DEBUG] Solving cube (l0 = natural_join4(), l1 = semi_join(), l2 = summarise())
[    46.885][cube-solver-12][DEBUG] Solving cube (l0 = natural_join4(), l1 = semi_join(), l2 = mutate())
[    47.285][cube-solver-2][DEBUG] Solving cube (l0 = natural_join4(), l1 = left_join(), l2 = summarise())
[    48.359][cube-solver-5][DEBUG] Solving cube (l0 = natural_join4(), l1 = summarise(), l2 = cross_join([2160]))
[    53.180][cube-solver-7][DEBUG] Solving cube (l0 = natural_join4(), l1 = cross_join([2337]), l2 = summarise())
[    55.733][cube-solver-1][DEBUG] Solving cube (l0 = natural_join4(), l1 = mutate(), l2 = natural_join())
[    55.977][cube-solver-9][DEBUG] Solving cube (l0 = natural_join4(), l1 = mutate(), l2 = natural_join3())
[    56.599][cube-solver-0][DEBUG] Solving cube (l0 = natural_join4(), l1 = mutate(), l2 = natural_join4())
[    56.635][cube-solver-12][DEBUG] Solving cube (l0 = natural_join4(), l1 = mutate(), l2 = summarise())
[    56.637][cube-solver-14][DEBUG] Solving cube (l0 = natural_join4(), l1 = mutate(), l2 = filter())
[    56.639][cube-solver-15][DEBUG] Solving cube (l0 = natural_join4(), l1 = mutate(), l2 = anti_join())
[    56.641][cube-solver-2][DEBUG] Solving cube (l0 = natural_join4(), l1 = mutate(), l2 = left_join())
[    56.642][cube-solver-11][DEBUG] Initialising process for 3 lines of code.
[    56.644][cube-solver-1][DEBUG] Solving cube (l0 = natural_join4(), l1 = mutate(), l2 = intersect())
[    56.678][cube-solver-9][DEBUG] Solving cube (l0 = natural_join4(), l1 = mutate(), l2 = semi_join())
[    57.645][cube-solver-13][DEBUG] Solving cube (l0 = natural_join4(), l1 = cross_join([2337]), l2 = mutate())
[    62.490][cube-solver-12][DEBUG] Solving cube (l0 = natural_join4(), l1 = mutate(), l2 = mutate())
[    62.517][cube-solver-14][DEBUG] Solving cube (l0 = natural_join4(), l1 = mutate(), l2 = inner_join())
[    62.519][cube-solver-15][DEBUG] Solving cube (l0 = natural_join4(), l1 = inner_join(), l2 = summarise())
[    62.520][cube-solver-5][DEBUG] Solving cube (l0 = natural_join4(), l1 = inner_join(), l2 = mutate())
[    62.520][cube-solver-8][DEBUG] Solving cube (l0 = natural_join4(), l1 = union(), l2 = summarise())
[    62.527][cube-solver-1][DEBUG] Solving cube (l0 = natural_join4(), l1 = natural_join(), l2 = summarise())
[    62.563][cube-solver-9][DEBUG] Solving cube (l0 = natural_join4(), l1 = natural_join(), l2 = mutate())
[    62.565][cube-solver-12][DEBUG] Solving cube (l0 = natural_join4(), l1 = natural_join3(), l2 = summarise())
[    62.566][cube-solver-14][DEBUG] Solving cube (l0 = natural_join4(), l1 = natural_join3(), l2 = mutate())
[    62.566][cube-solver-2][DEBUG] Solving cube (l0 = natural_join4(), l1 = natural_join4(), l2 = summarise())
[    62.571][cube-solver-1][DEBUG] Solving cube (l0 = summarise(), l1 = natural_join(), l2 = filter())
[    62.571][cube-solver-15][DEBUG] Solving cube (l0 = summarise(), l1 = natural_join(), l2 = intersect())
[    62.596][cube-solver-9][DEBUG] Solving cube (l0 = summarise(), l1 = natural_join(), l2 = anti_join())
[    62.599][cube-solver-8][DEBUG] Solving cube (l0 = summarise(), l1 = natural_join(), l2 = semi_join())
[    62.600][cube-solver-14][DEBUG] Solving cube (l0 = summarise(), l1 = natural_join(), l2 = union())
[    62.600][cube-solver-12][DEBUG] Solving cube (l0 = summarise(), l1 = natural_join(), l2 = left_join())
[    63.179][cube-solver-13][DEBUG] Solving cube (l0 = summarise(), l1 = natural_join(), l2 = summarise())
[    63.210][cube-solver-7][DEBUG] Solving cube (l0 = natural_join4(), l1 = natural_join4(), l2 = mutate())
[    64.464][cube-solver-0][DEBUG] Solving cube (l0 = natural_join4(), l1 = mutate(), l2 = cross_join([2715]))
[    69.034][cube-solver-9][DEBUG] Solving cube (l0 = summarise(), l1 = natural_join(), l2 = mutate())
[    69.081][cube-solver-5][DEBUG] Solving cube (l0 = summarise(), l1 = natural_join(), l2 = inner_join())
[    69.086][cube-solver-7][DEBUG] Solving cube (l0 = summarise(), l1 = natural_join(), l2 = natural_join())
[    69.086][cube-solver-13][DEBUG] Solving cube (l0 = summarise(), l1 = natural_join(), l2 = natural_join3())
[    69.089][cube-solver-15][DEBUG] Solving cube (l0 = summarise(), l1 = natural_join(), l2 = natural_join4())
[    69.089][cube-solver-8][DEBUG] Solving cube (l0 = summarise(), l1 = natural_join3(), l2 = summarise())
[    69.090][cube-solver-1][DEBUG] Solving cube (l0 = summarise(), l1 = natural_join3(), l2 = filter())
[    69.092][cube-solver-14][DEBUG] Solving cube (l0 = summarise(), l1 = natural_join3(), l2 = anti_join())
[    69.092][cube-solver-12][DEBUG] Solving cube (l0 = summarise(), l1 = natural_join3(), l2 = left_join())
[    69.093][cube-solver-11][DEBUG] Solving cube (l0 = natural_join4(), l1 = mutate(), l2 = union())
[    69.176][cube-solver-13][DEBUG] Solving cube (l0 = summarise(), l1 = natural_join3(), l2 = union())
[    69.183][cube-solver-15][DEBUG] Solving cube (l0 = summarise(), l1 = natural_join3(), l2 = intersect())
[    69.184][cube-solver-0][DEBUG] Solving cube (l0 = summarise(), l1 = natural_join3(), l2 = semi_join())
[    70.909][cube-solver-2][DEBUG] Solving cube (l0 = summarise(), l1 = natural_join(), l2 = cross_join([2901]))
[    75.553][cube-solver-1][DEBUG] Solving cube (l0 = summarise(), l1 = natural_join3(), l2 = mutate())
[    75.569][cube-solver-14][DEBUG] Solving cube (l0 = summarise(), l1 = natural_join3(), l2 = inner_join())
[    75.571][cube-solver-8][DEBUG] Solving cube (l0 = summarise(), l1 = natural_join3(), l2 = natural_join())
[    75.572][cube-solver-12][DEBUG] Solving cube (l0 = summarise(), l1 = natural_join3(), l2 = natural_join3())
[    75.573][cube-solver-11][DEBUG] Solving cube (l0 = summarise(), l1 = natural_join3(), l2 = natural_join4())
[    75.575][cube-solver-15][DEBUG] Solving cube (l0 = summarise(), l1 = natural_join4(), l2 = filter())
[    75.575][cube-solver-7][DEBUG] Solving cube (l0 = summarise(), l1 = natural_join4(), l2 = union())
[    75.575][cube-solver-0][DEBUG] Solving cube (l0 = summarise(), l1 = natural_join4(), l2 = left_join())
[    75.575][cube-solver-9][DEBUG] Solving cube (l0 = summarise(), l1 = natural_join4(), l2 = anti_join())
[    75.595][cube-solver-1][DEBUG] Solving cube (l0 = summarise(), l1 = natural_join4(), l2 = summarise())
[    75.609][cube-solver-9][DEBUG] Solving cube (l0 = summarise(), l1 = natural_join4(), l2 = semi_join())
[    75.614][cube-solver-15][DEBUG] Solving cube (l0 = summarise(), l1 = natural_join4(), l2 = intersect())
[    77.901][cube-solver-13][DEBUG] Solving cube (l0 = summarise(), l1 = natural_join3(), l2 = cross_join([3155]))
[    81.500][cube-solver-7][DEBUG] Solving cube (l0 = summarise(), l1 = natural_join4(), l2 = mutate())
[    81.559][cube-solver-8][DEBUG] Solving cube (l0 = summarise(), l1 = natural_join4(), l2 = inner_join())
[    81.567][cube-solver-12][DEBUG] Solving cube (l0 = summarise(), l1 = natural_join4(), l2 = natural_join())
[    81.569][cube-solver-14][DEBUG] Solving cube (l0 = summarise(), l1 = natural_join4(), l2 = natural_join3())
[    81.571][cube-solver-11][DEBUG] Solving cube (l0 = summarise(), l1 = natural_join4(), l2 = natural_join4())
[    81.583][cube-solver-15][DEBUG] Solving cube (l0 = summarise(), l1 = summarise(), l2 = natural_join())
[    82.204][cube-solver-9][DEBUG] Solving cube (l0 = summarise(), l1 = summarise(), l2 = natural_join3())
[    82.254][cube-solver-7][DEBUG] Solving cube (l0 = summarise(), l1 = summarise(), l2 = natural_join4())
[    82.256][cube-solver-1][DEBUG] Solving cube (l0 = summarise(), l1 = summarise(), l2 = summarise())
[    82.257][cube-solver-8][DEBUG] Solving cube (l0 = summarise(), l1 = summarise(), l2 = filter())
[    82.257][cube-solver-12][DEBUG] Solving cube (l0 = summarise(), l1 = summarise(), l2 = anti_join())
[    82.260][cube-solver-14][DEBUG] Solving cube (l0 = summarise(), l1 = summarise(), l2 = left_join())
[    82.262][cube-solver-11][DEBUG] Solving cube (l0 = summarise(), l1 = summarise(), l2 = union())
[    82.295][cube-solver-7][DEBUG] Solving cube (l0 = summarise(), l1 = summarise(), l2 = intersect())
[    82.300][cube-solver-1][DEBUG] Solving cube (l0 = summarise(), l1 = summarise(), l2 = semi_join())
[    84.830][cube-solver-0][DEBUG] Solving cube (l0 = summarise(), l1 = natural_join4(), l2 = cross_join([3169]))
[    89.410][cube-solver-15][DEBUG] Solving cube (l0 = summarise(), l1 = summarise(), l2 = mutate())
[    89.421][cube-solver-1][DEBUG] Solving cube (l0 = summarise(), l1 = summarise(), l2 = inner_join())
[    89.432][cube-solver-7][DEBUG] Solving cube (l0 = summarise(), l1 = filter(), l2 = natural_join())
[    89.436][cube-solver-13][DEBUG] Solving cube (l0 = summarise(), l1 = filter(), l2 = natural_join3())
[    89.583][cube-solver-11][DEBUG] Solving cube (l0 = summarise(), l1 = filter([3]), l2 = natural_join4())
[    90.015][cube-solver-14][DEBUG] Solving cube (l0 = summarise(), l1 = filter([4]), l2 = summarise())
[    90.038][cube-solver-12][DEBUG] Solving cube (l0 = summarise(), l1 = filter([4]), l2 = filter([4]))
[    90.082][cube-solver-9][DEBUG] Solving cube (l0 = summarise(), l1 = filter([4]), l2 = anti_join())
[    90.088][cube-solver-15][DEBUG] Solving cube (l0 = summarise(), l1 = filter([4]), l2 = left_join())
[    90.091][cube-solver-11][DEBUG] Solving cube (l0 = summarise(), l1 = filter([4]), l2 = union())
[    91.581][cube-solver-14][DEBUG] Solving cube (l0 = summarise(), l1 = filter([5]), l2 = intersect())
[    91.813][cube-solver-0][DEBUG] Solving cube (l0 = summarise(), l1 = filter([5]), l2 = semi_join())
[    91.873][cube-solver-8][DEBUG] Solving cube (l0 = summarise(), l1 = summarise(), l2 = cross_join([3324]))
[   102.347][cube-solver-7][DEBUG] Solving cube (l0 = summarise(), l1 = filter([5]), l2 = mutate())
[   102.393][cube-solver-15][DEBUG] Solving cube (l0 = summarise(), l1 = filter([5]), l2 = inner_join())
[   102.394][cube-solver-11][DEBUG] Solving cube (l0 = summarise(), l1 = anti_join(), l2 = natural_join())
[   102.422][cube-solver-14][DEBUG] Solving cube (l0 = summarise(), l1 = anti_join(), l2 = natural_join3())
[   102.430][cube-solver-0][DEBUG] Solving cube (l0 = summarise(), l1 = anti_join(), l2 = natural_join4())
[   102.490][cube-solver-13][DEBUG] Solving cube (l0 = summarise(), l1 = anti_join(), l2 = summarise())
[   102.507][cube-solver-9][DEBUG] Solving cube (l0 = summarise(), l1 = anti_join(), l2 = filter([5]))
[   102.509][cube-solver-14][DEBUG] Solving cube (l0 = summarise(), l1 = anti_join(), l2 = anti_join())
[   102.512][cube-solver-0][DEBUG] Solving cube (l0 = summarise(), l1 = anti_join(), l2 = left_join())
[   102.542][cube-solver-14][DEBUG] Solving cube (l0 = summarise(), l1 = anti_join(), l2 = union())
[   103.187][cube-solver-7][DEBUG] Solving cube (l0 = summarise(), l1 = anti_join(), l2 = intersect())
[   105.295][cube-solver-13][DEBUG] Solving cube (l0 = summarise(), l1 = anti_join(), l2 = semi_join())
[   106.553][cube-solver-12][DEBUG] Solving cube (l0 = summarise(), l1 = filter([5]), l2 = cross_join([3567]))
[   115.804][cube-solver-11][DEBUG] Solving cube (l0 = summarise(), l1 = anti_join(), l2 = mutate())
[   115.861][cube-solver-0][DEBUG] Solving cube (l0 = summarise(), l1 = anti_join(), l2 = inner_join())
[   115.864][cube-solver-14][DEBUG] Solving cube (l0 = summarise(), l1 = left_join(), l2 = natural_join())
[   115.865][cube-solver-7][DEBUG] Solving cube (l0 = summarise(), l1 = left_join(), l2 = natural_join3())
[   115.865][cube-solver-13][DEBUG] Solving cube (l0 = summarise(), l1 = left_join(), l2 = natural_join4())
[   115.943][cube-solver-13][DEBUG] Solving cube (l0 = summarise(), l1 = left_join(), l2 = summarise())
[   117.531][cube-solver-13][DEBUG] Solving cube (l0 = summarise(), l1 = left_join(), l2 = filter([5]))
[   117.681][cube-solver-11][DEBUG] Solving cube (l0 = summarise(), l1 = left_join(), l2 = anti_join())
[   118.919][cube-solver-9][DEBUG] Solving cube (l0 = summarise(), l1 = anti_join(), l2 = cross_join([3861]))
[   121.055][cube-solver-14][DEBUG] Solving cube (l0 = summarise(), l1 = left_join(), l2 = left_join())
[   122.261][cube-solver-13][DEBUG] Solving cube (l0 = summarise(), l1 = left_join(), l2 = union())
[   124.933][cube-solver-7][DEBUG] Solving cube (l0 = summarise(), l1 = left_join(), l2 = intersect())
[   127.305][cube-solver-14][DEBUG] Solving cube (l0 = summarise(), l1 = left_join(), l2 = semi_join())
[   136.752][cube-solver-11][DEBUG] Solving cube (l0 = summarise(), l1 = left_join(), l2 = mutate())
[   136.778][cube-solver-7][DEBUG] Solving cube (l0 = summarise(), l1 = left_join(), l2 = inner_join())
[   136.780][cube-solver-14][DEBUG] Solving cube (l0 = summarise(), l1 = union(), l2 = natural_join())
[   137.766][cube-solver-11][DEBUG] Solving cube (l0 = summarise(), l1 = union(), l2 = natural_join3())
[   140.561][cube-solver-13][DEBUG] Solving cube (l0 = summarise(), l1 = left_join(), l2 = cross_join([4275]))
[   141.478][cube-solver-14][DEBUG] Solving cube (l0 = summarise(), l1 = union(), l2 = natural_join4())
[   142.601][cube-solver-14][DEBUG] Solving cube (l0 = summarise(), l1 = union(), l2 = summarise())
[   143.713][cube-solver-14][DEBUG] Solving cube (l0 = summarise(), l1 = union(), l2 = filter([5]))
[   147.113][cube-solver-11][DEBUG] Solving cube (l0 = summarise(), l1 = union(), l2 = anti_join())
[   148.109][cube-solver-14][DEBUG] Solving cube (l0 = summarise(), l1 = union(), l2 = left_join())
[   156.306][MainProcess][INFO] Hard problem!
[   156.306][cube-solver-14][DEBUG] Solving cube (l0 = summarise(), l1 = union(), l2 = union())
[   156.366][MainProcess][DEBUG] Increasing alternate_generator loc to 4
[   156.368][cube-solver-10][DEBUG] Initialising process for 4 lines of code.
[   156.914][cube-solver-11][DEBUG] Initialising process for 4 lines of code.
[   161.835][cube-solver-14][DEBUG] Initialising process for 4 lines of code.
[   170.041][cube-solver-11][DEBUG] Solving cube (l0 = natural_join(), l1 = summarise(), l2 = natural_join(), l3 = filter([5]))
[   170.108][cube-solver-11][DEBUG] Solving cube (l0 = natural_join(), l1 = summarise(), l2 = natural_join(), l3 = left_join())
[   170.138][cube-solver-11][DEBUG] Solving cube (l0 = natural_join(), l1 = summarise(), l2 = natural_join(), l3 = union())
[   170.167][cube-solver-11][DEBUG] Solving cube (l0 = natural_join(), l1 = summarise(), l2 = natural_join(), l3 = intersect())
[   170.195][cube-solver-11][DEBUG] Solving cube (l0 = natural_join(), l1 = summarise(), l2 = natural_join(), l3 = semi_join())
[   181.605][cube-solver-10][DEBUG] Solving cube (l0 = natural_join(), l1 = summarise(), l2 = natural_join(), l3 = summarise())
[   181.607][cube-solver-14][DEBUG] Solving cube (l0 = natural_join(), l1 = summarise(), l2 = natural_join(), l3 = anti_join())
[   181.706][cube-solver-14][DEBUG] Solving cube (l0 = natural_join(), l1 = summarise(), l2 = natural_join(), l3 = mutate())
[   181.719][cube-solver-10][DEBUG] Solving cube (l0 = natural_join(), l1 = summarise(), l2 = natural_join(), l3 = inner_join())
[   181.747][cube-solver-14][DEBUG] Solving cube (l0 = natural_join(), l1 = summarise(), l2 = natural_join(), l3 = natural_join())
[   181.749][cube-solver-10][DEBUG] Solving cube (l0 = natural_join(), l1 = summarise(), l2 = natural_join(), l3 = natural_join3())
[   181.781][cube-solver-10][DEBUG] Solving cube (l0 = natural_join(), l1 = summarise(), l2 = natural_join3(), l3 = summarise())
[   181.787][cube-solver-14][DEBUG] Solving cube (l0 = natural_join(), l1 = summarise(), l2 = natural_join(), l3 = natural_join4())
[   181.813][cube-solver-10][DEBUG] Solving cube (l0 = natural_join(), l1 = summarise(), l2 = natural_join3(), l3 = filter([5]))
[   181.827][cube-solver-14][DEBUG] Solving cube (l0 = natural_join(), l1 = summarise(), l2 = natural_join3(), l3 = anti_join())
[   181.857][cube-solver-10][DEBUG] Solving cube (l0 = natural_join(), l1 = summarise(), l2 = natural_join3(), l3 = left_join())
[   181.865][cube-solver-14][DEBUG] Solving cube (l0 = natural_join(), l1 = summarise(), l2 = natural_join3(), l3 = union())
[   181.897][cube-solver-10][DEBUG] Solving cube (l0 = natural_join(), l1 = summarise(), l2 = natural_join3(), l3 = intersect())
[   181.905][cube-solver-14][DEBUG] Solving cube (l0 = natural_join(), l1 = summarise(), l2 = natural_join3(), l3 = semi_join())
[   185.968][cube-solver-11][DEBUG] Solving cube (l0 = natural_join(), l1 = summarise(), l2 = natural_join(), l3 = cross_join([4657]))
[   191.926][cube-solver-14][DEBUG] Solving cube (l0 = natural_join(), l1 = summarise(), l2 = natural_join3(), l3 = mutate())
[   191.955][cube-solver-14][DEBUG] Solving cube (l0 = natural_join(), l1 = summarise(), l2 = natural_join3(), l3 = inner_join())
[   191.989][cube-solver-14][DEBUG] Solving cube (l0 = natural_join(), l1 = summarise(), l2 = natural_join3(), l3 = natural_join())
[   192.020][cube-solver-14][DEBUG] Solving cube (l0 = natural_join(), l1 = summarise(), l2 = natural_join3(), l3 = natural_join3())
[   192.050][cube-solver-14][DEBUG] Solving cube (l0 = natural_join(), l1 = summarise(), l2 = natural_join3(), l3 = natural_join4())
[   192.089][cube-solver-14][DEBUG] Solving cube (l0 = natural_join(), l1 = summarise(), l2 = natural_join4(), l3 = summarise())
[   192.132][cube-solver-14][DEBUG] Solving cube (l0 = natural_join(), l1 = summarise(), l2 = natural_join4(), l3 = filter([5]))
[   192.175][cube-solver-14][DEBUG] Solving cube (l0 = natural_join(), l1 = summarise(), l2 = natural_join4(), l3 = anti_join())
[   192.212][cube-solver-14][DEBUG] Solving cube (l0 = natural_join(), l1 = summarise(), l2 = natural_join4(), l3 = left_join())
[   192.241][cube-solver-14][DEBUG] Solving cube (l0 = natural_join(), l1 = summarise(), l2 = natural_join4(), l3 = union())
[   192.499][cube-solver-14][DEBUG] Solving cube (l0 = natural_join(), l1 = summarise(), l2 = natural_join4(), l3 = intersect())
[   192.654][cube-solver-14][DEBUG] Solving cube (l0 = natural_join(), l1 = summarise(), l2 = natural_join4(), l3 = semi_join())
[   196.582][cube-solver-10][DEBUG] Solving cube (l0 = natural_join(), l1 = summarise(), l2 = natural_join3(), l3 = cross_join([4657]))
[   204.405][cube-solver-11][DEBUG] Solving cube (l0 = natural_join(), l1 = summarise(), l2 = natural_join4(), l3 = mutate())
[   204.414][cube-solver-1][DEBUG] Solving cube (l0 = summarise(), l1 = union(), l2 = intersect())
[   205.117][cube-solver-10][DEBUG] Solving cube (l0 = natural_join(), l1 = summarise(), l2 = natural_join4(), l3 = inner_join())
[   205.404][cube-solver-11][DEBUG] Solving cube (l0 = natural_join(), l1 = summarise(), l2 = natural_join4(), l3 = natural_join())
[   205.434][cube-solver-11][DEBUG] Solving cube (l0 = natural_join(), l1 = summarise(), l2 = natural_join4(), l3 = natural_join3())
[   205.463][cube-solver-11][DEBUG] Solving cube (l0 = natural_join(), l1 = summarise(), l2 = natural_join4(), l3 = natural_join4())
[   205.492][cube-solver-11][DEBUG] Solving cube (l0 = natural_join(), l1 = summarise(), l2 = summarise(), l3 = natural_join())
[   205.521][cube-solver-11][DEBUG] Solving cube (l0 = natural_join(), l1 = summarise(), l2 = summarise(), l3 = natural_join3())
[   205.560][cube-solver-11][DEBUG] Solving cube (l0 = natural_join(), l1 = summarise(), l2 = summarise(), l3 = natural_join4())
[   205.590][cube-solver-11][DEBUG] Solving cube (l0 = natural_join(), l1 = summarise(), l2 = summarise(), l3 = summarise())
[   205.620][cube-solver-11][DEBUG] Solving cube (l0 = natural_join(), l1 = summarise(), l2 = summarise(), l3 = filter([5]))
[   205.651][cube-solver-11][DEBUG] Solving cube (l0 = natural_join(), l1 = summarise(), l2 = summarise(), l3 = anti_join())
[   205.681][cube-solver-11][DEBUG] Solving cube (l0 = natural_join(), l1 = summarise(), l2 = summarise(), l3 = left_join())
[   205.710][cube-solver-11][DEBUG] Solving cube (l0 = natural_join(), l1 = summarise(), l2 = summarise(), l3 = union())
[   205.739][cube-solver-11][DEBUG] Solving cube (l0 = natural_join(), l1 = summarise(), l2 = summarise(), l3 = intersect())
[   205.768][cube-solver-11][DEBUG] Solving cube (l0 = natural_join(), l1 = summarise(), l2 = summarise(), l3 = semi_join())
[   208.493][cube-solver-14][DEBUG] Solving cube (l0 = natural_join(), l1 = summarise(), l2 = natural_join4(), l3 = cross_join([4657]))
[   216.392][cube-solver-10][DEBUG] Solving cube (l0 = natural_join(), l1 = summarise(), l2 = summarise(), l3 = mutate())
[   216.399][cube-solver-1][DEBUG] Solving cube (l0 = summarise(), l1 = union(), l2 = semi_join())
[   216.445][cube-solver-10][DEBUG] Solving cube (l0 = natural_join(), l1 = summarise(), l2 = summarise(), l3 = inner_join())
[   216.611][cube-solver-10][DEBUG] Solving cube (l0 = natural_join(), l1 = summarise(), l2 = filter([5]), l3 = natural_join())
[   216.653][cube-solver-10][DEBUG] Solving cube (l0 = natural_join(), l1 = summarise(), l2 = filter([5]), l3 = natural_join3())
[   216.696][cube-solver-10][DEBUG] Solving cube (l0 = natural_join(), l1 = summarise(), l2 = filter([5]), l3 = natural_join4())
[   216.786][cube-solver-10][DEBUG] Solving cube (l0 = natural_join(), l1 = summarise(), l2 = filter([5]), l3 = summarise())
[   217.009][cube-solver-14][DEBUG] Solving cube (l0 = natural_join(), l1 = summarise(), l2 = filter([5]), l3 = filter([5]))
[   217.045][cube-solver-10][DEBUG] Solving cube (l0 = natural_join(), l1 = summarise(), l2 = filter([5]), l3 = anti_join())
[   217.097][cube-solver-10][DEBUG] Solving cube (l0 = natural_join(), l1 = summarise(), l2 = filter([5]), l3 = left_join())
[   217.136][cube-solver-10][DEBUG] Solving cube (l0 = natural_join(), l1 = summarise(), l2 = filter([5]), l3 = union())
[   217.174][cube-solver-10][DEBUG] Solving cube (l0 = natural_join(), l1 = summarise(), l2 = filter([5]), l3 = intersect())
[   217.213][cube-solver-10][DEBUG] Solving cube (l0 = natural_join(), l1 = summarise(), l2 = filter([5]), l3 = semi_join())
[   221.538][cube-solver-11][DEBUG] Solving cube (l0 = natural_join(), l1 = summarise(), l2 = summarise(), l3 = cross_join([4657]))
[   227.543][cube-solver-14][DEBUG] Solving cube (l0 = natural_join(), l1 = summarise(), l2 = filter([5]), l3 = mutate())
[   232.092][cube-solver-10][DEBUG] Solving cube (l0 = natural_join(), l1 = summarise(), l2 = filter([5]), l3 = cross_join([4657]))
[   237.330][cube-solver-14][DEBUG] Solving cube (l0 = natural_join(), l1 = summarise(), l2 = filter([5]), l3 = inner_join())
[   237.332][cube-solver-11][DEBUG] Solving cube (l0 = natural_join(), l1 = summarise(), l2 = anti_join(), l3 = natural_join())
[   237.365][cube-solver-4][DEBUG] Initialising process for 3 lines of code.
[   237.379][cube-solver-14][DEBUG] Solving cube (l0 = natural_join(), l1 = summarise(), l2 = anti_join(), l3 = natural_join3())
[   237.409][cube-solver-14][DEBUG] Solving cube (l0 = natural_join(), l1 = summarise(), l2 = anti_join(), l3 = natural_join4())
[   237.439][cube-solver-14][DEBUG] Solving cube (l0 = natural_join(), l1 = summarise(), l2 = anti_join(), l3 = summarise())
[   237.469][cube-solver-14][DEBUG] Solving cube (l0 = natural_join(), l1 = summarise(), l2 = anti_join(), l3 = filter([5]))
[   237.503][cube-solver-14][DEBUG] Solving cube (l0 = natural_join(), l1 = summarise(), l2 = anti_join(), l3 = anti_join())
[   237.533][cube-solver-14][DEBUG] Solving cube (l0 = natural_join(), l1 = summarise(), l2 = anti_join(), l3 = left_join())
[   237.563][cube-solver-14][DEBUG] Solving cube (l0 = natural_join(), l1 = summarise(), l2 = anti_join(), l3 = union())
[   237.594][cube-solver-14][DEBUG] Solving cube (l0 = natural_join(), l1 = summarise(), l2 = anti_join(), l3 = intersect())
[   237.971][cube-solver-14][DEBUG] Solving cube (l0 = natural_join(), l1 = summarise(), l2 = anti_join(), l3 = semi_join())
[   241.663][cube-solver-1][DEBUG] Solving cube (l0 = summarise(), l1 = union(), l2 = cross_join([4657]))
[   248.486][cube-solver-11][DEBUG] Solving cube (l0 = natural_join(), l1 = summarise(), l2 = anti_join(), l3 = mutate())
[   248.496][cube-solver-10][DEBUG] Solving cube (l0 = natural_join(), l1 = summarise(), l2 = anti_join(), l3 = inner_join())
[   248.498][cube-solver-4][DEBUG] Solving cube (l0 = summarise(), l1 = union(), l2 = mutate())
[   248.534][cube-solver-11][DEBUG] Solving cube (l0 = natural_join(), l1 = summarise(), l2 = left_join(), l3 = natural_join())
[   248.582][cube-solver-11][DEBUG] Solving cube (l0 = natural_join(), l1 = summarise(), l2 = left_join(), l3 = natural_join3())
[   248.630][cube-solver-11][DEBUG] Solving cube (l0 = natural_join(), l1 = summarise(), l2 = left_join(), l3 = natural_join4())
[   248.677][cube-solver-11][DEBUG] Solving cube (l0 = natural_join(), l1 = summarise(), l2 = left_join(), l3 = summarise())
[   248.727][cube-solver-11][DEBUG] Solving cube (l0 = natural_join(), l1 = summarise(), l2 = left_join(), l3 = filter([5]))
[   248.783][cube-solver-11][DEBUG] Solving cube (l0 = natural_join(), l1 = summarise(), l2 = left_join(), l3 = anti_join())
[   248.827][cube-solver-11][DEBUG] Solving cube (l0 = natural_join(), l1 = summarise(), l2 = left_join(), l3 = left_join())
[   250.152][cube-solver-11][DEBUG] Solving cube (l0 = natural_join(), l1 = summarise(), l2 = left_join(), l3 = union())
[   250.162][cube-solver-4][DEBUG] Solving cube (l0 = summarise(), l1 = union(), l2 = inner_join())
[   250.164][cube-solver-10][DEBUG] Solving cube (l0 = natural_join(), l1 = summarise(), l2 = left_join(), l3 = intersect())
[   250.184][cube-solver-11][DEBUG] Solving cube (l0 = natural_join(), l1 = summarise(), l2 = left_join(), l3 = semi_join())
[   252.882][cube-solver-14][DEBUG] Solving cube (l0 = natural_join(), l1 = summarise(), l2 = anti_join(), l3 = cross_join([4657]))
[   259.963][cube-solver-11][DEBUG] Solving cube (l0 = natural_join(), l1 = summarise(), l2 = left_join(), l3 = mutate())
[   260.150][cube-solver-11][DEBUG] Solving cube (l0 = natural_join(), l1 = summarise(), l2 = left_join(), l3 = inner_join())
[   260.191][cube-solver-11][DEBUG] Solving cube (l0 = natural_join(), l1 = summarise(), l2 = union(), l3 = natural_join())
[   260.277][cube-solver-11][DEBUG] Solving cube (l0 = natural_join(), l1 = summarise(), l2 = union(), l3 = natural_join3())
[   260.544][cube-solver-11][DEBUG] Solving cube (l0 = natural_join(), l1 = summarise(), l2 = union(), l3 = natural_join4())
[   260.589][cube-solver-11][DEBUG] Solving cube (l0 = natural_join(), l1 = summarise(), l2 = union(), l3 = summarise())
[   260.618][cube-solver-11][DEBUG] Solving cube (l0 = natural_join(), l1 = summarise(), l2 = union(), l3 = filter([5]))
[   260.649][cube-solver-11][DEBUG] Solving cube (l0 = natural_join(), l1 = summarise(), l2 = union(), l3 = anti_join())
[   260.678][cube-solver-11][DEBUG] Solving cube (l0 = natural_join(), l1 = summarise(), l2 = union(), l3 = left_join())
[   260.707][cube-solver-11][DEBUG] Solving cube (l0 = natural_join(), l1 = summarise(), l2 = union(), l3 = union())
[   260.736][cube-solver-11][DEBUG] Solving cube (l0 = natural_join(), l1 = summarise(), l2 = union(), l3 = intersect())
[   260.765][cube-solver-11][DEBUG] Solving cube (l0 = natural_join(), l1 = summarise(), l2 = union(), l3 = semi_join())
[   264.638][cube-solver-10][DEBUG] Solving cube (l0 = natural_join(), l1 = summarise(), l2 = left_join(), l3 = cross_join([4657]))
[   270.939][cube-solver-14][DEBUG] Solving cube (l0 = natural_join(), l1 = summarise(), l2 = union(), l3 = mutate())
[   272.237][cube-solver-14][DEBUG] Solving cube (l0 = natural_join(), l1 = summarise(), l2 = union(), l3 = inner_join())
[   272.294][cube-solver-14][DEBUG] Solving cube (l0 = natural_join(), l1 = summarise(), l2 = intersect(), l3 = natural_join())
[   272.334][cube-solver-14][DEBUG] Solving cube (l0 = natural_join(), l1 = summarise(), l2 = intersect(), l3 = natural_join3())
[   272.373][cube-solver-14][DEBUG] Solving cube (l0 = natural_join(), l1 = summarise(), l2 = intersect(), l3 = natural_join4())
[   272.412][cube-solver-14][DEBUG] Solving cube (l0 = natural_join(), l1 = summarise(), l2 = intersect(), l3 = summarise())
[   272.451][cube-solver-14][DEBUG] Solving cube (l0 = natural_join(), l1 = summarise(), l2 = intersect(), l3 = filter([5]))
[   272.495][cube-solver-14][DEBUG] Solving cube (l0 = natural_join(), l1 = summarise(), l2 = intersect(), l3 = anti_join())
[   272.535][cube-solver-14][DEBUG] Solving cube (l0 = natural_join(), l1 = summarise(), l2 = intersect(), l3 = left_join())
[   272.609][cube-solver-14][DEBUG] Solving cube (l0 = natural_join(), l1 = summarise(), l2 = intersect(), l3 = union())
[   272.647][cube-solver-14][DEBUG] Solving cube (l0 = natural_join(), l1 = summarise(), l2 = intersect(), l3 = intersect())
[   272.685][cube-solver-14][DEBUG] Solving cube (l0 = natural_join(), l1 = summarise(), l2 = intersect(), l3 = semi_join())
[   275.260][cube-solver-11][DEBUG] Solving cube (l0 = natural_join(), l1 = summarise(), l2 = union(), l3 = cross_join([4657]))
[   282.130][cube-solver-10][DEBUG] Solving cube (l0 = natural_join(), l1 = summarise(), l2 = intersect(), l3 = mutate())
[   283.572][cube-solver-10][DEBUG] Solving cube (l0 = natural_join(), l1 = summarise(), l2 = intersect(), l3 = inner_join())
[   283.601][cube-solver-10][DEBUG] Solving cube (l0 = natural_join(), l1 = summarise(), l2 = semi_join(), l3 = natural_join())
[   283.742][cube-solver-10][DEBUG] Solving cube (l0 = natural_join(), l1 = summarise(), l2 = semi_join(), l3 = natural_join3())
[   283.772][cube-solver-10][DEBUG] Solving cube (l0 = natural_join(), l1 = summarise(), l2 = semi_join(), l3 = natural_join4())
[   283.799][cube-solver-10][DEBUG] Solving cube (l0 = natural_join(), l1 = summarise(), l2 = semi_join(), l3 = summarise())
[   283.827][cube-solver-10][DEBUG] Solving cube (l0 = natural_join(), l1 = summarise(), l2 = semi_join(), l3 = filter([5]))
[   283.856][cube-solver-10][DEBUG] Solving cube (l0 = natural_join(), l1 = summarise(), l2 = semi_join(), l3 = anti_join())
[   283.888][cube-solver-10][DEBUG] Solving cube (l0 = natural_join(), l1 = summarise(), l2 = semi_join(), l3 = left_join())
[   283.915][cube-solver-10][DEBUG] Solving cube (l0 = natural_join(), l1 = summarise(), l2 = semi_join(), l3 = union())
[   283.947][cube-solver-10][DEBUG] Solving cube (l0 = natural_join(), l1 = summarise(), l2 = semi_join(), l3 = intersect())
[   283.974][cube-solver-10][DEBUG] Solving cube (l0 = natural_join(), l1 = summarise(), l2 = semi_join(), l3 = semi_join())
[   287.286][cube-solver-14][DEBUG] Solving cube (l0 = natural_join(), l1 = summarise(), l2 = intersect(), l3 = cross_join([4657]))
[   293.544][cube-solver-11][DEBUG] Solving cube (l0 = natural_join(), l1 = summarise(), l2 = semi_join(), l3 = mutate())
[   294.898][cube-solver-11][DEBUG] Solving cube (l0 = natural_join(), l1 = summarise(), l2 = semi_join(), l3 = inner_join())
[   298.163][cube-solver-10][DEBUG] Solving cube (l0 = natural_join(), l1 = summarise(), l2 = semi_join(), l3 = cross_join([4657]))
[   309.152][cube-solver-11][DEBUG] Solving cube (l0 = natural_join(), l1 = summarise(), l2 = cross_join([4657]), l3 = natural_join())
[   319.885][cube-solver-14][DEBUG] Solving cube (l0 = natural_join(), l1 = summarise(), l2 = cross_join([4657]), l3 = natural_join3())
[   327.888][cube-solver-10][DEBUG] Solving cube (l0 = natural_join(), l1 = summarise(), l2 = cross_join([4657]), l3 = natural_join4())
[   339.759][cube-solver-11][DEBUG] Solving cube (l0 = natural_join(), l1 = summarise(), l2 = cross_join([4657]), l3 = summarise())
[   349.797][cube-solver-14][DEBUG] Solving cube (l0 = natural_join(), l1 = summarise(), l2 = cross_join([4657]), l3 = filter([5]))
[   357.407][cube-solver-10][DEBUG] Solving cube (l0 = natural_join(), l1 = summarise(), l2 = cross_join([4657]), l3 = anti_join())
[   369.025][cube-solver-11][DEBUG] Solving cube (l0 = natural_join(), l1 = summarise(), l2 = cross_join([4657]), l3 = left_join())
[   376.870][cube-solver-14][DEBUG] Solving cube (l0 = natural_join(), l1 = summarise(), l2 = cross_join([4657]), l3 = union())
[   388.478][cube-solver-10][DEBUG] Solving cube (l0 = natural_join(), l1 = summarise(), l2 = cross_join([4657]), l3 = intersect())
[   395.407][cube-solver-11][DEBUG] Solving cube (l0 = natural_join(), l1 = summarise(), l2 = cross_join([4657]), l3 = semi_join())
[   405.862][cube-solver-14][DEBUG] Solving cube (l0 = natural_join(), l1 = summarise(), l2 = cross_join([4657]), l3 = cross_join([4657]))
[   415.357][cube-solver-10][DEBUG] Solving cube (l0 = natural_join(), l1 = summarise(), l2 = cross_join([4657]), l3 = mutate())
[   423.050][cube-solver-14][DEBUG] Solving cube (l0 = natural_join(), l1 = summarise(), l2 = mutate(), l3 = natural_join())
[   423.751][cube-solver-11][DEBUG] Solving cube (l0 = natural_join(), l1 = summarise(), l2 = cross_join([4657]), l3 = inner_join())
[   424.312][cube-solver-14][DEBUG] Solving cube (l0 = natural_join(), l1 = summarise(), l2 = mutate(), l3 = natural_join4())
[   424.415][cube-solver-14][DEBUG] Solving cube (l0 = natural_join(), l1 = summarise(), l2 = mutate(), l3 = summarise())
[   424.456][cube-solver-14][DEBUG] Solving cube (l0 = natural_join(), l1 = summarise(), l2 = mutate(), l3 = filter([5]))
[   424.500][cube-solver-14][DEBUG] Solving cube (l0 = natural_join(), l1 = summarise(), l2 = mutate(), l3 = anti_join())
[   424.544][cube-solver-14][DEBUG] Solving cube (l0 = natural_join(), l1 = summarise(), l2 = mutate(), l3 = left_join())
[   425.016][cube-solver-14][DEBUG] Solving cube (l0 = natural_join(), l1 = summarise(), l2 = mutate(), l3 = union())
[   425.056][cube-solver-14][DEBUG] Solving cube (l0 = natural_join(), l1 = summarise(), l2 = mutate(), l3 = intersect())
[   425.096][cube-solver-14][DEBUG] Solving cube (l0 = natural_join(), l1 = summarise(), l2 = mutate(), l3 = semi_join())
[   425.373][cube-solver-10][DEBUG] Solving cube (l0 = natural_join(), l1 = summarise(), l2 = mutate(), l3 = natural_join3())
[   434.475][cube-solver-10][DEBUG] Solving cube (l0 = natural_join(), l1 = summarise(), l2 = mutate(), l3 = mutate())
[   434.512][cube-solver-10][DEBUG] Solving cube (l0 = natural_join(), l1 = summarise(), l2 = inner_join(), l3 = natural_join())
[   434.551][cube-solver-10][DEBUG] Solving cube (l0 = natural_join(), l1 = summarise(), l2 = inner_join(), l3 = natural_join3())
[   434.585][cube-solver-10][DEBUG] Solving cube (l0 = natural_join(), l1 = summarise(), l2 = inner_join(), l3 = natural_join4())
[   434.669][cube-solver-10][DEBUG] Solving cube (l0 = natural_join(), l1 = summarise(), l2 = inner_join(), l3 = summarise())
[   434.709][cube-solver-10][DEBUG] Solving cube (l0 = natural_join(), l1 = summarise(), l2 = inner_join(), l3 = filter([5]))
[   434.751][cube-solver-10][DEBUG] Solving cube (l0 = natural_join(), l1 = summarise(), l2 = inner_join(), l3 = anti_join())
[   434.788][cube-solver-10][DEBUG] Solving cube (l0 = natural_join(), l1 = summarise(), l2 = inner_join(), l3 = left_join())
[   434.825][cube-solver-10][DEBUG] Solving cube (l0 = natural_join(), l1 = summarise(), l2 = inner_join(), l3 = union())
[   434.863][cube-solver-10][DEBUG] Solving cube (l0 = natural_join(), l1 = summarise(), l2 = inner_join(), l3 = intersect())
[   434.902][cube-solver-10][DEBUG] Solving cube (l0 = natural_join(), l1 = summarise(), l2 = inner_join(), l3 = semi_join())
[   435.767][cube-solver-11][DEBUG] Solving cube (l0 = natural_join(), l1 = summarise(), l2 = mutate(), l3 = inner_join())
[   439.330][cube-solver-14][DEBUG] Solving cube (l0 = natural_join(), l1 = summarise(), l2 = mutate(), l3 = cross_join([4657]))
[   444.182][cube-solver-11][DEBUG] Solving cube (l0 = natural_join(), l1 = summarise(), l2 = inner_join(), l3 = mutate())
[   444.225][cube-solver-11][DEBUG] Solving cube (l0 = natural_join(), l1 = summarise(), l2 = inner_join(), l3 = inner_join())
[   444.269][cube-solver-11][DEBUG] Solving cube (l0 = natural_join(), l1 = filter([5]), l2 = natural_join(), l3 = summarise())
[   444.373][cube-solver-11][DEBUG] Solving cube (l0 = natural_join(), l1 = filter([5]), l2 = natural_join(), l3 = mutate())
[   444.421][cube-solver-11][DEBUG] Solving cube (l0 = natural_join(), l1 = filter([5]), l2 = natural_join3(), l3 = summarise())
[   444.469][cube-solver-11][DEBUG] Solving cube (l0 = natural_join(), l1 = filter([5]), l2 = natural_join3(), l3 = mutate())
[   444.544][cube-solver-11][DEBUG] Solving cube (l0 = natural_join(), l1 = filter([5]), l2 = natural_join4(), l3 = summarise())
[   444.592][cube-solver-11][DEBUG] Solving cube (l0 = natural_join(), l1 = filter([5]), l2 = natural_join4(), l3 = mutate())
[   444.643][cube-solver-11][DEBUG] Solving cube (l0 = natural_join(), l1 = filter([5]), l2 = summarise(), l3 = natural_join())
[   444.694][cube-solver-11][DEBUG] Solving cube (l0 = natural_join(), l1 = filter([5]), l2 = summarise(), l3 = natural_join3())
[   444.729][cube-solver-11][DEBUG] Solving cube (l0 = natural_join(), l1 = filter([5]), l2 = summarise(), l3 = natural_join4())
[   444.761][cube-solver-11][DEBUG] Solving cube (l0 = natural_join(), l1 = filter([5]), l2 = summarise(), l3 = summarise())
[   444.795][cube-solver-11][DEBUG] Solving cube (l0 = natural_join(), l1 = filter([5]), l2 = summarise(), l3 = filter([5]))
[   444.833][cube-solver-11][DEBUG] Solving cube (l0 = natural_join(), l1 = filter([5]), l2 = summarise(), l3 = anti_join())
[   444.867][cube-solver-11][DEBUG] Solving cube (l0 = natural_join(), l1 = filter([5]), l2 = summarise(), l3 = left_join())
[   444.942][cube-solver-11][DEBUG] Solving cube (l0 = natural_join(), l1 = filter([5]), l2 = summarise(), l3 = union())
[   444.992][cube-solver-11][DEBUG] Solving cube (l0 = natural_join(), l1 = filter([5]), l2 = summarise(), l3 = intersect())
[   445.030][cube-solver-11][DEBUG] Solving cube (l0 = natural_join(), l1 = filter([5]), l2 = summarise(), l3 = semi_join())
[   449.337][cube-solver-10][DEBUG] Solving cube (l0 = natural_join(), l1 = summarise(), l2 = inner_join(), l3 = cross_join([4657]))
[   454.256][cube-solver-5][DEBUG] Solving cube (l0 = summarise(), l1 = intersect(), l2 = natural_join())
[   454.267][cube-solver-14][DEBUG] Solving cube (l0 = natural_join(), l1 = filter([5]), l2 = summarise(), l3 = mutate())
[   455.577][cube-solver-14][DEBUG] Solving cube (l0 = natural_join(), l1 = filter([5]), l2 = summarise(), l3 = inner_join())
[   455.613][cube-solver-14][DEBUG] Solving cube (l0 = natural_join(), l1 = filter([5]), l2 = filter([5]), l3 = summarise())
[   455.646][cube-solver-14][DEBUG] Solving cube (l0 = natural_join(), l1 = filter([5]), l2 = filter([5]), l3 = mutate())
[   455.679][cube-solver-14][DEBUG] Solving cube (l0 = natural_join(), l1 = filter([5]), l2 = anti_join(), l3 = summarise())
[   455.711][cube-solver-14][DEBUG] Solving cube (l0 = natural_join(), l1 = filter([5]), l2 = anti_join(), l3 = mutate())
[   455.744][cube-solver-14][DEBUG] Solving cube (l0 = natural_join(), l1 = filter([5]), l2 = left_join(), l3 = summarise())
[   455.776][cube-solver-14][DEBUG] Solving cube (l0 = natural_join(), l1 = filter([5]), l2 = left_join(), l3 = mutate())
[   455.810][cube-solver-14][DEBUG] Solving cube (l0 = natural_join(), l1 = filter([5]), l2 = union(), l3 = summarise())
[   455.882][cube-solver-14][DEBUG] Solving cube (l0 = natural_join(), l1 = filter([5]), l2 = union(), l3 = mutate())
[   455.927][cube-solver-14][DEBUG] Solving cube (l0 = natural_join(), l1 = filter([5]), l2 = intersect(), l3 = summarise())
[   455.965][cube-solver-14][DEBUG] Solving cube (l0 = natural_join(), l1 = filter([5]), l2 = intersect(), l3 = mutate())
[   456.013][cube-solver-14][DEBUG] Solving cube (l0 = natural_join(), l1 = filter([5]), l2 = semi_join(), l3 = summarise())
[   456.102][cube-solver-14][DEBUG] Solving cube (l0 = natural_join(), l1 = filter([5]), l2 = semi_join(), l3 = mutate())
[   459.058][cube-solver-11][DEBUG] Solving cube (l0 = natural_join(), l1 = filter([5]), l2 = summarise(), l3 = cross_join([4657]))
[   465.547][cube-solver-5][DEBUG] Solving cube (l0 = summarise(), l1 = intersect(), l2 = natural_join3())
[   470.546][cube-solver-14][DEBUG] Solving cube (l0 = natural_join(), l1 = filter([5]), l2 = cross_join([4657]), l3 = summarise())
[   474.772][cube-solver-11][DEBUG] Solving cube (l0 = natural_join(), l1 = filter([5]), l2 = mutate(), l3 = natural_join())
[   475.219][cube-solver-5][DEBUG] Solving cube (l0 = summarise(), l1 = intersect(), l2 = natural_join4())
[   475.238][cube-solver-5][DEBUG] Solving cube (l0 = summarise(), l1 = intersect(), l2 = summarise())
[   476.123][cube-solver-11][DEBUG] Solving cube (l0 = natural_join(), l1 = filter([5]), l2 = mutate(), l3 = natural_join3())
[   476.156][cube-solver-11][DEBUG] Solving cube (l0 = natural_join(), l1 = filter([5]), l2 = mutate(), l3 = natural_join4())
[   476.188][cube-solver-11][DEBUG] Solving cube (l0 = natural_join(), l1 = filter([5]), l2 = mutate(), l3 = summarise())
[   476.221][cube-solver-11][DEBUG] Solving cube (l0 = natural_join(), l1 = filter([5]), l2 = mutate(), l3 = filter([5]))
[   476.257][cube-solver-11][DEBUG] Solving cube (l0 = natural_join(), l1 = filter([5]), l2 = mutate(), l3 = anti_join())
[   476.293][cube-solver-11][DEBUG] Solving cube (l0 = natural_join(), l1 = filter([5]), l2 = mutate(), l3 = left_join())
[   476.326][cube-solver-11][DEBUG] Solving cube (l0 = natural_join(), l1 = filter([5]), l2 = mutate(), l3 = union())
[   476.358][cube-solver-11][DEBUG] Solving cube (l0 = natural_join(), l1 = filter([5]), l2 = mutate(), l3 = intersect())
[   476.392][cube-solver-11][DEBUG] Solving cube (l0 = natural_join(), l1 = filter([5]), l2 = mutate(), l3 = semi_join())
[   480.947][cube-solver-10][DEBUG] Solving cube (l0 = natural_join(), l1 = filter([5]), l2 = cross_join([4657]), l3 = mutate())
[   485.712][cube-solver-5][DEBUG] Solving cube (l0 = summarise(), l1 = intersect(), l2 = filter([5]))
[   486.925][cube-solver-14][DEBUG] Solving cube (l0 = natural_join(), l1 = filter([5]), l2 = mutate(), l3 = mutate())
[   486.982][cube-solver-14][DEBUG] Solving cube (l0 = natural_join(), l1 = filter([5]), l2 = mutate(), l3 = inner_join())
[   487.018][cube-solver-14][DEBUG] Solving cube (l0 = natural_join(), l1 = filter([5]), l2 = inner_join(), l3 = summarise())
[   487.052][cube-solver-14][DEBUG] Solving cube (l0 = natural_join(), l1 = filter([5]), l2 = inner_join(), l3 = mutate())
[   487.084][cube-solver-14][DEBUG] Solving cube (l0 = natural_join(), l1 = anti_join(), l2 = natural_join(), l3 = summarise())
[   487.146][cube-solver-14][DEBUG] Solving cube (l0 = natural_join(), l1 = anti_join(), l2 = natural_join(), l3 = mutate())
[   487.178][cube-solver-14][DEBUG] Solving cube (l0 = natural_join(), l1 = anti_join(), l2 = natural_join3(), l3 = summarise())
[   487.207][cube-solver-14][DEBUG] Solving cube (l0 = natural_join(), l1 = anti_join(), l2 = natural_join3(), l3 = mutate())
[   487.236][cube-solver-14][DEBUG] Solving cube (l0 = natural_join(), l1 = anti_join(), l2 = natural_join4(), l3 = summarise())
[   487.265][cube-solver-14][DEBUG] Solving cube (l0 = natural_join(), l1 = anti_join(), l2 = natural_join4(), l3 = mutate())
[   487.294][cube-solver-14][DEBUG] Solving cube (l0 = natural_join(), l1 = anti_join(), l2 = summarise(), l3 = natural_join())
[   487.323][cube-solver-14][DEBUG] Solving cube (l0 = natural_join(), l1 = anti_join(), l2 = summarise(), l3 = natural_join3())
[   487.352][cube-solver-14][DEBUG] Solving cube (l0 = natural_join(), l1 = anti_join(), l2 = summarise(), l3 = natural_join4())
[   487.381][cube-solver-14][DEBUG] Solving cube (l0 = natural_join(), l1 = anti_join(), l2 = summarise(), l3 = summarise())
[   487.410][cube-solver-14][DEBUG] Solving cube (l0 = natural_join(), l1 = anti_join(), l2 = summarise(), l3 = filter([5]))
[   487.441][cube-solver-14][DEBUG] Solving cube (l0 = natural_join(), l1 = anti_join(), l2 = summarise(), l3 = anti_join())
[   487.472][cube-solver-14][DEBUG] Solving cube (l0 = natural_join(), l1 = anti_join(), l2 = summarise(), l3 = left_join())
[   487.502][cube-solver-14][DEBUG] Solving cube (l0 = natural_join(), l1 = anti_join(), l2 = summarise(), l3 = union())
[   487.531][cube-solver-14][DEBUG] Solving cube (l0 = natural_join(), l1 = anti_join(), l2 = summarise(), l3 = intersect())
[   487.560][cube-solver-14][DEBUG] Solving cube (l0 = natural_join(), l1 = anti_join(), l2 = summarise(), l3 = semi_join())
[   490.530][cube-solver-11][DEBUG] Solving cube (l0 = natural_join(), l1 = filter([5]), l2 = mutate(), l3 = cross_join([4657]))
[   497.148][cube-solver-5][DEBUG] Solving cube (l0 = summarise(), l1 = intersect(), l2 = anti_join())
[   498.501][cube-solver-10][DEBUG] Solving cube (l0 = natural_join(), l1 = anti_join(), l2 = summarise(), l3 = mutate())
[   498.561][cube-solver-10][DEBUG] Solving cube (l0 = natural_join(), l1 = anti_join(), l2 = summarise(), l3 = inner_join())
[   498.597][cube-solver-10][DEBUG] Solving cube (l0 = natural_join(), l1 = anti_join(), l2 = filter([5]), l3 = summarise())
[   498.635][cube-solver-10][DEBUG] Solving cube (l0 = natural_join(), l1 = anti_join(), l2 = filter([5]), l3 = mutate())
[   498.664][cube-solver-10][DEBUG] Solving cube (l0 = natural_join(), l1 = anti_join(), l2 = anti_join(), l3 = summarise())
[   498.691][cube-solver-10][DEBUG] Solving cube (l0 = natural_join(), l1 = anti_join(), l2 = anti_join(), l3 = mutate())
[   498.719][cube-solver-10][DEBUG] Solving cube (l0 = natural_join(), l1 = anti_join(), l2 = left_join(), l3 = summarise())
[   498.744][cube-solver-10][DEBUG] Solving cube (l0 = natural_join(), l1 = anti_join(), l2 = left_join(), l3 = mutate())
[   498.770][cube-solver-10][DEBUG] Solving cube (l0 = natural_join(), l1 = anti_join(), l2 = union(), l3 = summarise())
[   498.806][cube-solver-10][DEBUG] Solving cube (l0 = natural_join(), l1 = anti_join(), l2 = union(), l3 = mutate())
[   498.841][cube-solver-10][DEBUG] Solving cube (l0 = natural_join(), l1 = anti_join(), l2 = intersect(), l3 = summarise())
[   498.875][cube-solver-10][DEBUG] Solving cube (l0 = natural_join(), l1 = anti_join(), l2 = intersect(), l3 = mutate())
[   498.909][cube-solver-10][DEBUG] Solving cube (l0 = natural_join(), l1 = anti_join(), l2 = semi_join(), l3 = summarise())
[   498.935][cube-solver-10][DEBUG] Solving cube (l0 = natural_join(), l1 = anti_join(), l2 = semi_join(), l3 = mutate())
[   503.156][cube-solver-14][DEBUG] Solving cube (l0 = natural_join(), l1 = anti_join(), l2 = summarise(), l3 = cross_join([4657]))
[   512.518][cube-solver-10][DEBUG] Solving cube (l0 = natural_join(), l1 = anti_join(), l2 = cross_join([4657]), l3 = summarise())
[   517.373][cube-solver-5][DEBUG] Solving cube (l0 = summarise(), l1 = intersect(), l2 = left_join())
[   517.377][cube-solver-14][DEBUG] Solving cube (l0 = natural_join(), l1 = anti_join(), l2 = mutate(), l3 = natural_join())
[   518.706][cube-solver-14][DEBUG] Solving cube (l0 = natural_join(), l1 = anti_join(), l2 = mutate(), l3 = natural_join3())
[   518.735][cube-solver-14][DEBUG] Solving cube (l0 = natural_join(), l1 = anti_join(), l2 = mutate(), l3 = natural_join4())
[   518.764][cube-solver-14][DEBUG] Solving cube (l0 = natural_join(), l1 = anti_join(), l2 = mutate(), l3 = summarise())
[   518.793][cube-solver-14][DEBUG] Solving cube (l0 = natural_join(), l1 = anti_join(), l2 = mutate(), l3 = filter([5]))
[   518.827][cube-solver-14][DEBUG] Solving cube (l0 = natural_join(), l1 = anti_join(), l2 = mutate(), l3 = anti_join())
[   518.857][cube-solver-14][DEBUG] Solving cube (l0 = natural_join(), l1 = anti_join(), l2 = mutate(), l3 = left_join())
[   518.885][cube-solver-14][DEBUG] Solving cube (l0 = natural_join(), l1 = anti_join(), l2 = mutate(), l3 = union())
[   518.914][cube-solver-14][DEBUG] Solving cube (l0 = natural_join(), l1 = anti_join(), l2 = mutate(), l3 = intersect())
[   518.943][cube-solver-14][DEBUG] Solving cube (l0 = natural_join(), l1 = anti_join(), l2 = mutate(), l3 = semi_join())
[   523.951][cube-solver-11][DEBUG] Solving cube (l0 = natural_join(), l1 = anti_join(), l2 = cross_join([4657]), l3 = mutate())
[   528.152][cube-solver-5][DEBUG] Solving cube (l0 = summarise(), l1 = intersect(), l2 = union())
[   529.178][cube-solver-10][DEBUG] Solving cube (l0 = natural_join(), l1 = anti_join(), l2 = mutate(), l3 = mutate())
[   529.358][cube-solver-10][DEBUG] Solving cube (l0 = natural_join(), l1 = anti_join(), l2 = mutate(), l3 = inner_join())
[   529.402][cube-solver-10][DEBUG] Solving cube (l0 = natural_join(), l1 = anti_join(), l2 = inner_join(), l3 = summarise())
[   529.446][cube-solver-10][DEBUG] Solving cube (l0 = natural_join(), l1 = anti_join(), l2 = inner_join(), l3 = mutate())
[   529.489][cube-solver-10][DEBUG] Solving cube (l0 = natural_join(), l1 = left_join(), l2 = natural_join(), l3 = summarise())
[   529.530][cube-solver-10][DEBUG] Solving cube (l0 = natural_join(), l1 = left_join(), l2 = natural_join(), l3 = mutate())
[   529.564][cube-solver-10][DEBUG] Solving cube (l0 = natural_join(), l1 = left_join(), l2 = natural_join3(), l3 = summarise())
[   529.601][cube-solver-10][DEBUG] Solving cube (l0 = natural_join(), l1 = left_join(), l2 = natural_join3(), l3 = mutate())
[   529.635][cube-solver-10][DEBUG] Solving cube (l0 = natural_join(), l1 = left_join(), l2 = natural_join4(), l3 = summarise())
[   529.671][cube-solver-10][DEBUG] Solving cube (l0 = natural_join(), l1 = left_join(), l2 = natural_join4(), l3 = mutate())
[   529.705][cube-solver-10][DEBUG] Solving cube (l0 = natural_join(), l1 = left_join(), l2 = summarise(), l3 = natural_join())
[   529.738][cube-solver-10][DEBUG] Solving cube (l0 = natural_join(), l1 = left_join(), l2 = summarise(), l3 = natural_join3())
[   529.772][cube-solver-10][DEBUG] Solving cube (l0 = natural_join(), l1 = left_join(), l2 = summarise(), l3 = natural_join4())
[   529.805][cube-solver-10][DEBUG] Solving cube (l0 = natural_join(), l1 = left_join(), l2 = summarise(), l3 = summarise())
[   529.839][cube-solver-10][DEBUG] Solving cube (l0 = natural_join(), l1 = left_join(), l2 = summarise(), l3 = filter([5]))
[   529.878][cube-solver-10][DEBUG] Solving cube (l0 = natural_join(), l1 = left_join(), l2 = summarise(), l3 = anti_join())
[   529.912][cube-solver-10][DEBUG] Solving cube (l0 = natural_join(), l1 = left_join(), l2 = summarise(), l3 = left_join())
[   529.945][cube-solver-10][DEBUG] Solving cube (l0 = natural_join(), l1 = left_join(), l2 = summarise(), l3 = union())
[   529.978][cube-solver-10][DEBUG] Solving cube (l0 = natural_join(), l1 = left_join(), l2 = summarise(), l3 = intersect())
[   530.013][cube-solver-10][DEBUG] Solving cube (l0 = natural_join(), l1 = left_join(), l2 = summarise(), l3 = semi_join())
[   533.325][cube-solver-14][DEBUG] Solving cube (l0 = natural_join(), l1 = anti_join(), l2 = mutate(), l3 = cross_join([4657]))
[   539.204][cube-solver-5][DEBUG] Solving cube (l0 = summarise(), l1 = intersect(), l2 = intersect())
[   540.505][cube-solver-11][DEBUG] Solving cube (l0 = natural_join(), l1 = left_join(), l2 = summarise(), l3 = mutate())
[   540.558][cube-solver-11][DEBUG] Solving cube (l0 = natural_join(), l1 = left_join(), l2 = summarise(), l3 = inner_join())
[   540.588][cube-solver-11][DEBUG] Solving cube (l0 = natural_join(), l1 = left_join(), l2 = filter([5]), l3 = summarise())
[   540.624][cube-solver-11][DEBUG] Solving cube (l0 = natural_join(), l1 = left_join(), l2 = filter([5]), l3 = mutate())
[   540.657][cube-solver-11][DEBUG] Solving cube (l0 = natural_join(), l1 = left_join(), l2 = anti_join(), l3 = summarise())
[   540.687][cube-solver-11][DEBUG] Solving cube (l0 = natural_join(), l1 = left_join(), l2 = anti_join(), l3 = mutate())
[   540.719][cube-solver-11][DEBUG] Solving cube (l0 = natural_join(), l1 = left_join(), l2 = left_join(), l3 = summarise())
[   540.751][cube-solver-11][DEBUG] Solving cube (l0 = natural_join(), l1 = left_join(), l2 = left_join(), l3 = mutate())
[   540.782][cube-solver-11][DEBUG] Solving cube (l0 = natural_join(), l1 = left_join(), l2 = union(), l3 = summarise())
[   540.812][cube-solver-11][DEBUG] Solving cube (l0 = natural_join(), l1 = left_join(), l2 = union(), l3 = mutate())
[   540.842][cube-solver-11][DEBUG] Solving cube (l0 = natural_join(), l1 = left_join(), l2 = intersect(), l3 = summarise())
[   540.873][cube-solver-11][DEBUG] Solving cube (l0 = natural_join(), l1 = left_join(), l2 = intersect(), l3 = mutate())
[   540.903][cube-solver-11][DEBUG] Solving cube (l0 = natural_join(), l1 = left_join(), l2 = semi_join(), l3 = summarise())
[   540.933][cube-solver-11][DEBUG] Solving cube (l0 = natural_join(), l1 = left_join(), l2 = semi_join(), l3 = mutate())
[   543.594][cube-solver-10][DEBUG] Solving cube (l0 = natural_join(), l1 = left_join(), l2 = summarise(), l3 = cross_join([4657]))
[   556.012][cube-solver-11][DEBUG] Solving cube (l0 = natural_join(), l1 = left_join(), l2 = cross_join([4657]), l3 = summarise())
[   559.371][cube-solver-5][DEBUG] Solving cube (l0 = summarise(), l1 = intersect(), l2 = semi_join())
[   559.372][cube-solver-10][DEBUG] Solving cube (l0 = natural_join(), l1 = left_join(), l2 = mutate(), l3 = natural_join())
[   560.802][cube-solver-10][DEBUG] Solving cube (l0 = natural_join(), l1 = left_join(), l2 = mutate(), l3 = natural_join3())
[   560.829][cube-solver-10][DEBUG] Solving cube (l0 = natural_join(), l1 = left_join(), l2 = mutate(), l3 = natural_join4())
[   560.854][cube-solver-10][DEBUG] Solving cube (l0 = natural_join(), l1 = left_join(), l2 = mutate(), l3 = summarise())
[   560.881][cube-solver-10][DEBUG] Solving cube (l0 = natural_join(), l1 = left_join(), l2 = mutate(), l3 = filter([5]))
[   560.912][cube-solver-10][DEBUG] Solving cube (l0 = natural_join(), l1 = left_join(), l2 = mutate(), l3 = anti_join())
[   560.938][cube-solver-10][DEBUG] Solving cube (l0 = natural_join(), l1 = left_join(), l2 = mutate(), l3 = left_join())
[   560.965][cube-solver-10][DEBUG] Solving cube (l0 = natural_join(), l1 = left_join(), l2 = mutate(), l3 = union())
[   560.991][cube-solver-10][DEBUG] Solving cube (l0 = natural_join(), l1 = left_join(), l2 = mutate(), l3 = intersect())
[   561.017][cube-solver-10][DEBUG] Solving cube (l0 = natural_join(), l1 = left_join(), l2 = mutate(), l3 = semi_join())
[   566.461][cube-solver-14][DEBUG] Solving cube (l0 = natural_join(), l1 = left_join(), l2 = cross_join([4657]), l3 = mutate())
[   574.863][cube-solver-10][DEBUG] Solving cube (l0 = natural_join(), l1 = left_join(), l2 = mutate(), l3 = cross_join([4657]))
[   581.361][cube-solver-14][DEBUG] Solving cube (l0 = natural_join(), l1 = left_join(), l2 = mutate(), l3 = inner_join())
[   581.498][cube-solver-14][DEBUG] Solving cube (l0 = natural_join(), l1 = left_join(), l2 = inner_join(), l3 = summarise())
[   581.539][cube-solver-14][DEBUG] Solving cube (l0 = natural_join(), l1 = left_join(), l2 = inner_join(), l3 = mutate())
[   581.576][cube-solver-14][DEBUG] Solving cube (l0 = natural_join(), l1 = union(), l2 = natural_join(), l3 = summarise())
[   581.615][cube-solver-14][DEBUG] Solving cube (l0 = natural_join(), l1 = union(), l2 = natural_join(), l3 = mutate())
[   581.623][cube-solver-11][DEBUG] Solving cube (l0 = natural_join(), l1 = left_join(), l2 = mutate(), l3 = mutate())
[   581.652][cube-solver-14][DEBUG] Solving cube (l0 = natural_join(), l1 = union(), l2 = natural_join3(), l3 = summarise())
[   581.679][cube-solver-11][DEBUG] Solving cube (l0 = natural_join(), l1 = union(), l2 = natural_join3(), l3 = mutate())
[   581.691][cube-solver-14][DEBUG] Solving cube (l0 = natural_join(), l1 = union(), l2 = natural_join4(), l3 = summarise())
[   581.710][cube-solver-11][DEBUG] Solving cube (l0 = natural_join(), l1 = union(), l2 = natural_join4(), l3 = mutate())
[   581.730][cube-solver-14][DEBUG] Solving cube (l0 = natural_join(), l1 = union(), l2 = summarise(), l3 = natural_join())
[   581.742][cube-solver-11][DEBUG] Solving cube (l0 = natural_join(), l1 = union(), l2 = summarise(), l3 = natural_join3())
[   581.769][cube-solver-14][DEBUG] Solving cube (l0 = natural_join(), l1 = union(), l2 = summarise(), l3 = natural_join4())
[   581.773][cube-solver-11][DEBUG] Solving cube (l0 = natural_join(), l1 = union(), l2 = summarise(), l3 = summarise())
[   581.804][cube-solver-11][DEBUG] Solving cube (l0 = natural_join(), l1 = union(), l2 = summarise(), l3 = anti_join())
[   581.807][cube-solver-14][DEBUG] Solving cube (l0 = natural_join(), l1 = union(), l2 = summarise(), l3 = filter([5]))
[   581.836][cube-solver-11][DEBUG] Solving cube (l0 = natural_join(), l1 = union(), l2 = summarise(), l3 = left_join())
[   581.853][cube-solver-14][DEBUG] Solving cube (l0 = natural_join(), l1 = union(), l2 = summarise(), l3 = union())
[   581.866][cube-solver-11][DEBUG] Solving cube (l0 = natural_join(), l1 = union(), l2 = summarise(), l3 = intersect())
[   581.889][cube-solver-14][DEBUG] Solving cube (l0 = natural_join(), l1 = union(), l2 = summarise(), l3 = semi_join())
[   584.610][cube-solver-5][DEBUG] Solving cube (l0 = summarise(), l1 = intersect(), l2 = cross_join([4657]))
[   590.959][cube-solver-14][DEBUG] Solving cube (l0 = natural_join(), l1 = union(), l2 = summarise(), l3 = mutate())
[   590.967][cube-solver-10][DEBUG] Solving cube (l0 = natural_join(), l1 = union(), l2 = summarise(), l3 = inner_join())
[   590.990][cube-solver-14][DEBUG] Solving cube (l0 = natural_join(), l1 = union(), l2 = filter([5]), l3 = summarise())
[   591.022][cube-solver-14][DEBUG] Solving cube (l0 = natural_join(), l1 = union(), l2 = filter([5]), l3 = mutate())
[   591.054][cube-solver-14][DEBUG] Solving cube (l0 = natural_join(), l1 = union(), l2 = anti_join(), l3 = summarise())
[   591.083][cube-solver-14][DEBUG] Solving cube (l0 = natural_join(), l1 = union(), l2 = anti_join(), l3 = mutate())
[   591.278][cube-solver-14][DEBUG] Solving cube (l0 = natural_join(), l1 = union(), l2 = left_join(), l3 = summarise())
[   591.325][cube-solver-14][DEBUG] Solving cube (l0 = natural_join(), l1 = union(), l2 = left_join(), l3 = mutate())
[   591.387][cube-solver-14][DEBUG] Solving cube (l0 = natural_join(), l1 = union(), l2 = union(), l3 = summarise())
[   591.430][cube-solver-14][DEBUG] Solving cube (l0 = natural_join(), l1 = union(), l2 = union(), l3 = mutate())
[   591.470][cube-solver-14][DEBUG] Solving cube (l0 = natural_join(), l1 = union(), l2 = intersect(), l3 = summarise())
[   591.512][cube-solver-14][DEBUG] Solving cube (l0 = natural_join(), l1 = union(), l2 = intersect(), l3 = mutate())
[   591.554][cube-solver-14][DEBUG] Solving cube (l0 = natural_join(), l1 = union(), l2 = semi_join(), l3 = summarise())
[   591.593][cube-solver-14][DEBUG] Solving cube (l0 = natural_join(), l1 = union(), l2 = semi_join(), l3 = mutate())
[   595.298][cube-solver-11][DEBUG] Solving cube (l0 = natural_join(), l1 = union(), l2 = summarise(), l3 = cross_join([4657]))
[   600.060][MainProcess][INFO] Statistics:
[   600.061][MainProcess][INFO] 	Generated cubes: 654
[   600.062][MainProcess][INFO] 	Attempted programs: 26557
[   600.062][MainProcess][INFO] 		Rejected: 4323
[   600.062][MainProcess][INFO] 		Failed: 22234
[   600.062][MainProcess][INFO] 	Blacklist clauses: 4662
[   600.062][MainProcess][DEBUG] Printing statistics for good programs of size 1
[   600.063][MainProcess][DEBUG] 	0: Counter({'summarise': 12, 'mutate': 12})
[   600.063][MainProcess][DEBUG] Printing statistics for good programs of size 2
[   600.201][MainProcess][DEBUG] 	0: Counter({'mutate': 83262, 'summarise': 79582, 'cross_join': 10344, 'inner_join': 456, 'left_join': 24, 'semi_join': 24, 'union': 12})
[   600.288][MainProcess][DEBUG] 	1: Counter({'cross_join': 152080, 'mutate': 10476, 'inner_join': 10128, 'summarise': 420, 'filter': 120, 'left_join': 120, 'union': 120, 'anti_join': 96, 'natural_join': 96, 'semi_join': 48})
[   600.288][MainProcess][DEBUG] Printing statistics for good programs of size 3
[   600.434][MainProcess][DEBUG] 	0: Counter({'summarise': 634608})
[   600.592][MainProcess][DEBUG] 	1: Counter({'filter': 122965, 'left_join': 117222, 'natural_join': 113781, 'anti_join': 112911, 'union': 89258, 'summarise': 77319, 'intersect': 1152})
[   600.780][MainProcess][DEBUG] 	2: Counter({'cross_join': 351637, 'inner_join': 264971, 'natural_join3': 3768, 'union': 2700, 'left_join': 2652, 'anti_join': 2544, 'natural_join': 2304, 'filter': 1740, 'semi_join': 1440, 'mutate': 444, 'summarise': 408})

No solution found
