[     1.593][MainProcess][INFO] Parsing specification...
[     1.611][MainProcess][DEBUG] Reading input files...
[     1.633][MainProcess][INFO] Inferred data types for table tests-examples/scythe/top_rated_posts/tables/i054.csv: ['datetime64[ns]', 'int64']
[     1.650][MainProcess][INFO] Inferred data types for table tests-examples/scythe/top_rated_posts/tables/o054.csv: ['datetime64[ns]', 'int64']
[     1.688][MainProcess][DEBUG] Generating DSL...
[     1.851][MainProcess][INFO] Creating 16 processes
[     1.928][MainProcess][DEBUG] Increasing generator loc to 2
[     2.041][cube-solver-2][DEBUG] Initialising process for 2 lines of code.
[     2.046][cube-solver-3][DEBUG] Initialising process for 2 lines of code.
[     2.056][cube-solver-5][DEBUG] Initialising process for 2 lines of code.
[     2.056][cube-solver-1][DEBUG] Initialising process for 1 lines of code.
[     2.061][cube-solver-6][DEBUG] Initialising process for 2 lines of code.
[     2.069][cube-solver-4][DEBUG] Initialising process for 2 lines of code.
[     2.069][cube-solver-8][DEBUG] Initialising process for 2 lines of code.
[     2.077][cube-solver-10][DEBUG] Initialising process for 2 lines of code.
[     2.080][cube-solver-9][DEBUG] Initialising process for 2 lines of code.
[     2.088][cube-solver-7][DEBUG] Initialising process for 2 lines of code.
[     2.089][cube-solver-12][DEBUG] Initialising process for 2 lines of code.
[     2.089][cube-solver-13][DEBUG] Initialising process for 2 lines of code.
[     2.090][cube-solver-0][DEBUG] Initialising process for 1 lines of code.
[     2.093][cube-solver-11][DEBUG] Initialising process for 2 lines of code.
[     2.115][cube-solver-14][DEBUG] Initialising process for 2 lines of code.
[     2.150][cube-solver-15][DEBUG] Initialising process for 2 lines of code.
[     5.105][cube-solver-1][DEBUG] Solving cube (l0 = mutate(),)
[     5.143][cube-solver-0][DEBUG] Solving cube (l0 = summarise(),)
[     5.150][cube-solver-1][DEBUG] Found solution with cube (l0 = mutate(),)
[     5.151][MainProcess][INFO] Statistics:
[     5.152][MainProcess][INFO] 	Generated cubes: 16
[     5.152][MainProcess][INFO] 	Attempted programs: 1
[     5.152][MainProcess][INFO] 		Rejected: 0
[     5.152][MainProcess][INFO] 		Failed: 0
[     5.152][MainProcess][INFO] 	Blacklist clauses: 0
[     5.152][MainProcess][DEBUG] Printing statistics for good programs of size 1
[     5.152][MainProcess][DEBUG] 	0: Counter({'mutate': 3})
[     5.153][MainProcess][INFO] Solution found: mutate(@param0, cumsumcount = cumsum(count))

------------------------------------- R Solution ---------------------------------------

con <- DBI::dbConnect(RSQLite::SQLite(), ":memory:")
input1 <- read_csv("tests-examples/scythe/top_rated_posts/tables/i054.csv", col_types = cols(created_at = col_character(),count = col_integer()))
input1$created_at <- mdy(input1$created_at)
input1 <- copy_to(con, input1)
expected_output <- read_csv("tests-examples/scythe/top_rated_posts/tables/o054.csv", col_types = cols(created_at = col_character(),count = col_integer()))
expected_output$created_at <- mdy(expected_output$created_at)

df2 <- input1 %>% mutate(cumsumcount = cumsum(count))
out <- df2 %>% select(created_at, count = cumsumcount) %>% arrange(created_at)


+++++++++++++++++++++++++++++++++++++ SQL Solution +++++++++++++++++++++++++++++++++++++

SELECT created_at,
       SUM(COUNT) OVER (ROWS UNBOUNDED PRECEDING) AS COUNT
FROM input1
ORDER BY created_at
