[     3.524][MainProcess][INFO] Parsing specification...
[     3.547][MainProcess][WARNING] "attrs" field is deprecated. Please use "columns"
[     3.548][MainProcess][WARNING] "aggrs" field is deprecated. Please use "functions"
[     3.549][MainProcess][DEBUG] Reading input files...
[     3.576][MainProcess][INFO] Inferred data types for table tests-examples/scythe/top_rated_posts/tables/i055.csv: ['int64', 'string', 'string', 'string']
[     3.590][MainProcess][INFO] Inferred data types for table tests-examples/scythe/top_rated_posts/tables/o055.csv: ['string', 'string', 'string']
[     3.632][MainProcess][DEBUG] Generating DSL...
[     3.708][MainProcess][INFO] Creating 16 processes
[     3.782][MainProcess][DEBUG] Increasing generator loc to 2
[     3.792][cube-solver-0][DEBUG] Initialising process for 1 lines of code.
[     3.796][cube-solver-1][DEBUG] Initialising process for 1 lines of code.
[     3.796][cube-solver-3][DEBUG] Initialising process for 2 lines of code.
[     3.801][cube-solver-2][DEBUG] Initialising process for 2 lines of code.
[     3.808][cube-solver-4][DEBUG] Initialising process for 2 lines of code.
[     3.812][cube-solver-5][DEBUG] Initialising process for 2 lines of code.
[     3.816][cube-solver-6][DEBUG] Initialising process for 2 lines of code.
[     3.824][cube-solver-8][DEBUG] Initialising process for 2 lines of code.
[     3.827][cube-solver-9][DEBUG] Initialising process for 2 lines of code.
[     3.832][cube-solver-10][DEBUG] Initialising process for 2 lines of code.
[     3.838][cube-solver-11][DEBUG] Initialising process for 2 lines of code.
[     3.840][cube-solver-12][DEBUG] Initialising process for 2 lines of code.
[     3.840][cube-solver-13][DEBUG] Initialising process for 2 lines of code.
[     3.848][cube-solver-7][DEBUG] Initialising process for 2 lines of code.
[     3.851][cube-solver-14][DEBUG] Initialising process for 2 lines of code.
[     3.891][cube-solver-15][DEBUG] Initialising process for 2 lines of code.
[     4.365][cube-solver-0][DEBUG] Solving cube (l0 = summarise(),)
[     4.367][cube-solver-1][DEBUG] Solving cube (l0 = mutate(),)
[     4.806][cube-solver-0][DEBUG] Found solution with cube (l0 = summarise(),)
[     4.807][MainProcess][INFO] Statistics:
[     4.808][MainProcess][INFO] 	Generated cubes: 16
[     4.808][MainProcess][INFO] 	Attempted programs: 12
[     4.808][MainProcess][INFO] 		Rejected: 11
[     4.808][MainProcess][INFO] 		Failed: 0
[     4.808][MainProcess][INFO] 	Blacklist clauses: 0
[     4.808][MainProcess][DEBUG] Printing statistics for good programs of size 1
[     4.809][MainProcess][DEBUG] 	0: Counter({'mutate': 55, 'summarise': 41})
[     4.809][MainProcess][INFO] Solution found: summarise(@param0, concatPageURL = string_agg(PageURL, ' '), Activity, User)

------------------------------------- R Solution ---------------------------------------

con <- DBI::dbConnect(RSQLite::SQLite(), ":memory:")
input1 <- read_csv("tests-examples/scythe/top_rated_posts/tables/i055.csv", col_types = cols(ID = col_integer(),User = col_character(),Activity = col_character(),PageURL = col_character()))
input1 <- copy_to(con, input1)
expected_output <- read_csv("tests-examples/scythe/top_rated_posts/tables/o055.csv", col_types = cols(User = col_character(),Activity = col_character(),concatPageURL = col_character()))

string_agg <- function(v,s) {Reduce(function(x, y) paste(x, y, sep = s), v)}

df2 <- input1 %>% group_by(Activity, User) %>% summarise(concatPageURL = string_agg(PageURL, ' ')) %>% ungroup()
out <- df2 %>% select(User, Activity, concatPageURL) %>% arrange(User)


+++++++++++++++++++++++++++++++++++++ SQL Solution +++++++++++++++++++++++++++++++++++++

SELECT `User`,
       `Activity`,
       `concatPageURL`
FROM
  (SELECT `Activity`,
          `User`,
          string_agg(`PageURL`, ' ') AS concatPageURL
   FROM input1
   GROUP BY Activity,
            USER)
ORDER BY USER
