[     3.756][MainProcess][INFO] Parsing specification...
[     3.771][MainProcess][DEBUG] Reading input files...
[     3.793][MainProcess][INFO] Inferred data types for table tests-examples/scythe/top_rated_posts/tables/i056.csv: ['string', 'string', 'string']
[     3.810][MainProcess][INFO] Inferred data types for table tests-examples/scythe/top_rated_posts/tables/o056.csv: ['string', 'string', 'string']
[     3.853][MainProcess][DEBUG] Generating DSL...
[     3.875][MainProcess][INFO] Creating 16 processes
[     3.959][cube-solver-0][DEBUG] Initialising process for 1 lines of code.
[     3.960][cube-solver-7][DEBUG] Initialising process for 1 lines of code.
[     3.959][cube-solver-2][DEBUG] Initialising process for 1 lines of code.
[     3.960][cube-solver-6][DEBUG] Initialising process for 1 lines of code.
[     3.959][MainProcess][DEBUG] Increasing generator loc to 2
[     3.960][cube-solver-8][DEBUG] Initialising process for 1 lines of code.
[     3.960][cube-solver-3][DEBUG] Initialising process for 1 lines of code.
[     3.960][cube-solver-5][DEBUG] Initialising process for 1 lines of code.
[     3.960][cube-solver-4][DEBUG] Initialising process for 1 lines of code.
[     3.959][cube-solver-1][DEBUG] Initialising process for 1 lines of code.
[     3.964][cube-solver-9][DEBUG] Initialising process for 1 lines of code.
[     3.967][cube-solver-10][DEBUG] Initialising process for 2 lines of code.
[     3.978][cube-solver-12][DEBUG] Initialising process for 2 lines of code.
[     3.981][cube-solver-11][DEBUG] Initialising process for 2 lines of code.
[     3.988][cube-solver-14][DEBUG] Initialising process for 2 lines of code.
[     3.991][cube-solver-15][DEBUG] Initialising process for 2 lines of code.
[     3.995][cube-solver-13][DEBUG] Initialising process for 2 lines of code.
[     4.041][cube-solver-8][DEBUG] Solving cube (l0 = cross_join(),)
[     4.043][cube-solver-3][DEBUG] Solving cube (l0 = anti_join(),)
[     4.045][cube-solver-3][DEBUG] Initialising process for 2 lines of code.
[     4.051][cube-solver-8][DEBUG] Initialising process for 2 lines of code.
[     4.061][cube-solver-1][DEBUG] Solving cube (l0 = natural_join3(),)
[     4.062][cube-solver-1][DEBUG] Initialising process for 2 lines of code.
[     4.094][cube-solver-0][DEBUG] Solving cube (l0 = natural_join(),)
[     4.096][cube-solver-0][DEBUG] Initialising process for 2 lines of code.
[     4.098][cube-solver-7][DEBUG] Solving cube (l0 = semi_join(),)
[     4.097][cube-solver-2][DEBUG] Solving cube (l0 = natural_join4(),)
[     4.098][cube-solver-6][DEBUG] Solving cube (l0 = intersect(),)
[     4.098][cube-solver-5][DEBUG] Solving cube (l0 = union(),)
[     4.098][cube-solver-4][DEBUG] Solving cube (l0 = left_join(),)
[     4.099][cube-solver-9][DEBUG] Solving cube (l0 = inner_join(),)
[     4.100][cube-solver-2][DEBUG] Initialising process for 2 lines of code.
[     4.130][cube-solver-10][DEBUG] Solving cube (l0 = natural_join(), l1 = anti_join())
[     4.132][cube-solver-10][DEBUG] Solving cube (l0 = natural_join3(), l1 = left_join())
[     4.132][cube-solver-12][DEBUG] Solving cube (l0 = natural_join(), l1 = union())
[     4.133][cube-solver-10][DEBUG] Solving cube (l0 = natural_join3(), l1 = union())
[     4.134][cube-solver-10][DEBUG] Solving cube (l0 = natural_join3(), l1 = intersect())
[     4.135][cube-solver-12][DEBUG] Solving cube (l0 = natural_join3(), l1 = semi_join())
[     4.136][cube-solver-10][DEBUG] Solving cube (l0 = natural_join3(), l1 = cross_join([1]))
[     4.138][cube-solver-10][DEBUG] Solving cube (l0 = natural_join3(), l1 = natural_join())
[     4.137][cube-solver-12][DEBUG] Solving cube (l0 = natural_join3(), l1 = inner_join())
[     4.139][cube-solver-10][DEBUG] Solving cube (l0 = natural_join3(), l1 = natural_join3())
[     4.139][cube-solver-12][DEBUG] Solving cube (l0 = natural_join3(), l1 = natural_join4())
[     4.140][cube-solver-10][DEBUG] Solving cube (l0 = natural_join4(), l1 = anti_join())
[     4.141][cube-solver-10][DEBUG] Solving cube (l0 = natural_join4(), l1 = left_join())
[     4.141][cube-solver-12][DEBUG] Solving cube (l0 = natural_join4(), l1 = union())
[     4.142][cube-solver-10][DEBUG] Solving cube (l0 = natural_join4(), l1 = intersect())
[     4.143][cube-solver-10][DEBUG] Solving cube (l0 = natural_join4(), l1 = semi_join())
[     4.143][cube-solver-12][DEBUG] Solving cube (l0 = natural_join4(), l1 = cross_join([1]))
[     4.144][cube-solver-10][DEBUG] Solving cube (l0 = natural_join4(), l1 = inner_join())
[     4.145][cube-solver-10][DEBUG] Solving cube (l0 = natural_join4(), l1 = natural_join())
[     4.146][cube-solver-10][DEBUG] Solving cube (l0 = natural_join4(), l1 = natural_join3())
[     4.147][cube-solver-12][DEBUG] Solving cube (l0 = natural_join4(), l1 = natural_join4())
[     4.147][cube-solver-10][DEBUG] Solving cube (l0 = anti_join(), l1 = natural_join())
[     4.148][cube-solver-10][DEBUG] Solving cube (l0 = anti_join(), l1 = natural_join3())
[     4.149][cube-solver-12][DEBUG] Solving cube (l0 = anti_join(), l1 = natural_join4())
[     4.149][cube-solver-10][DEBUG] Solving cube (l0 = anti_join(), l1 = anti_join())
[     4.149][cube-solver-14][DEBUG] Solving cube (l0 = natural_join(), l1 = semi_join())
[     4.151][cube-solver-10][DEBUG] Solving cube (l0 = anti_join(), l1 = left_join())
[     4.151][cube-solver-12][DEBUG] Solving cube (l0 = anti_join(), l1 = union())
[     4.152][cube-solver-10][DEBUG] Solving cube (l0 = anti_join(), l1 = intersect())
[     4.153][cube-solver-12][DEBUG] Solving cube (l0 = anti_join(), l1 = semi_join())
[     4.153][cube-solver-10][DEBUG] Solving cube (l0 = anti_join(), l1 = cross_join([1]))
[     4.154][cube-solver-14][DEBUG] Solving cube (l0 = anti_join(), l1 = inner_join())
[     4.155][cube-solver-12][DEBUG] Solving cube (l0 = left_join(), l1 = natural_join())
[     4.155][cube-solver-10][DEBUG] Solving cube (l0 = left_join(), l1 = natural_join3())
[     4.156][cube-solver-10][DEBUG] Solving cube (l0 = left_join(), l1 = anti_join())
[     4.156][cube-solver-14][DEBUG] Solving cube (l0 = left_join(), l1 = natural_join4())
[     4.159][cube-solver-14][DEBUG] Solving cube (l0 = left_join(), l1 = left_join())
[     4.170][cube-solver-15][DEBUG] Solving cube (l0 = natural_join(), l1 = cross_join([1]))
[     4.175][cube-solver-15][DEBUG] Solving cube (l0 = left_join(), l1 = union())
[     4.180][cube-solver-6][DEBUG] Initialising process for 2 lines of code.
[     4.198][cube-solver-3][DEBUG] Solving cube (l0 = natural_join(), l1 = inner_join())
[     4.199][cube-solver-13][DEBUG] Solving cube (l0 = natural_join(), l1 = intersect())
[     4.200][cube-solver-3][DEBUG] Solving cube (l0 = left_join(), l1 = semi_join())
[     4.202][cube-solver-13][DEBUG] Solving cube (l0 = left_join(), l1 = cross_join([1]))
[     4.221][cube-solver-8][DEBUG] Solving cube (l0 = natural_join(), l1 = natural_join())
[     4.224][cube-solver-8][DEBUG] Solving cube (l0 = left_join(), l1 = inner_join())
[     4.257][cube-solver-11][DEBUG] Solving cube (l0 = natural_join(), l1 = left_join())
[     4.259][cube-solver-11][DEBUG] Solving cube (l0 = union(), l1 = natural_join())
[     4.260][cube-solver-13][DEBUG] Solving cube (l0 = union(), l1 = natural_join3())
[     4.262][cube-solver-13][DEBUG] Solving cube (l0 = union(), l1 = natural_join4())
[     4.265][cube-solver-13][DEBUG] Solving cube (l0 = union(), l1 = anti_join())
[     4.282][cube-solver-1][DEBUG] Solving cube (l0 = natural_join(), l1 = natural_join3())
[     4.286][cube-solver-1][DEBUG] Solving cube (l0 = union(), l1 = left_join())
[     4.289][cube-solver-5][DEBUG] Initialising process for 2 lines of code.
[     4.295][cube-solver-7][DEBUG] Initialising process for 2 lines of code.
[     4.296][cube-solver-4][DEBUG] Initialising process for 2 lines of code.
[     4.311][cube-solver-0][DEBUG] Solving cube (l0 = natural_join(), l1 = natural_join4())
[     4.315][cube-solver-0][DEBUG] Solving cube (l0 = union(), l1 = cross_join([1]))
[     4.333][cube-solver-2][DEBUG] Solving cube (l0 = natural_join3(), l1 = anti_join())
[     4.337][cube-solver-2][DEBUG] Solving cube (l0 = union(), l1 = inner_join())
[     4.348][cube-solver-0][DEBUG] Solving cube (l0 = intersect(), l1 = natural_join())
[     4.401][cube-solver-6][DEBUG] Solving cube (l0 = left_join(), l1 = intersect())
[     4.456][cube-solver-12][DEBUG] Solving cube (l0 = intersect(), l1 = natural_join3())
[     4.456][cube-solver-4][DEBUG] Solving cube (l0 = union(), l1 = semi_join())
[     4.457][cube-solver-12][DEBUG] Solving cube (l0 = intersect(), l1 = natural_join4())
[     4.459][cube-solver-12][DEBUG] Solving cube (l0 = intersect(), l1 = anti_join())
[     4.460][cube-solver-5][DEBUG] Solving cube (l0 = union(), l1 = union())
[     4.470][cube-solver-7][DEBUG] Solving cube (l0 = union(), l1 = intersect())
[     4.573][cube-solver-11][DEBUG] Solving cube (l0 = intersect(), l1 = left_join())
[     4.586][cube-solver-3][DEBUG] Solving cube (l0 = intersect(), l1 = union())
[     4.591][cube-solver-6][DEBUG] Solving cube (l0 = intersect(), l1 = intersect())
[     4.619][cube-solver-15][DEBUG] Solving cube (l0 = intersect(), l1 = semi_join())
[     4.657][cube-solver-14][DEBUG] Solving cube (l0 = intersect(), l1 = cross_join([1]))
[     4.694][cube-solver-1][DEBUG] Solving cube (l0 = intersect(), l1 = inner_join())
[     4.787][cube-solver-7][DEBUG] Solving cube (l0 = semi_join(), l1 = natural_join())
[     4.857][cube-solver-5][DEBUG] Solving cube (l0 = semi_join(), l1 = natural_join3())
[     4.859][cube-solver-5][DEBUG] Solving cube (l0 = semi_join(), l1 = natural_join4())
[     4.861][cube-solver-5][DEBUG] Solving cube (l0 = semi_join(), l1 = anti_join())
[     4.874][cube-solver-14][DEBUG] Solving cube (l0 = semi_join(), l1 = left_join())
[     4.962][cube-solver-4][DEBUG] Solving cube (l0 = semi_join(), l1 = union())
[     5.034][cube-solver-7][DEBUG] Solving cube (l0 = semi_join(), l1 = intersect())
[     5.038][cube-solver-0][DEBUG] Solving cube (l0 = semi_join(), l1 = semi_join())
[     5.143][cube-solver-15][DEBUG] Solving cube (l0 = semi_join(), l1 = cross_join([1]))
[     5.171][cube-solver-15][DEBUG] Solving cube (l0 = semi_join(), l1 = inner_join())
[     5.179][cube-solver-7][DEBUG] Solving cube (l0 = cross_join([1]), l1 = natural_join())
[     5.181][cube-solver-7][DEBUG] Solving cube (l0 = cross_join([1]), l1 = natural_join3())
[     5.183][cube-solver-7][DEBUG] Solving cube (l0 = cross_join([1]), l1 = natural_join4())
[     5.185][cube-solver-7][DEBUG] Solving cube (l0 = cross_join([1]), l1 = anti_join())
[     5.186][cube-solver-7][DEBUG] Solving cube (l0 = cross_join([1]), l1 = left_join())
[     5.188][cube-solver-7][DEBUG] Solving cube (l0 = cross_join([1]), l1 = union())
[     5.190][cube-solver-7][DEBUG] Solving cube (l0 = cross_join([1]), l1 = intersect())
[     5.191][cube-solver-7][DEBUG] Solving cube (l0 = cross_join([1]), l1 = semi_join())
[     5.193][cube-solver-7][DEBUG] Solving cube (l0 = cross_join([1]), l1 = cross_join([1]))
[     5.195][cube-solver-7][DEBUG] Solving cube (l0 = cross_join([1]), l1 = inner_join())
[     5.197][cube-solver-7][DEBUG] Solving cube (l0 = inner_join(), l1 = natural_join())
[     5.308][cube-solver-14][DEBUG] Solving cube (l0 = inner_join(), l1 = natural_join3())
[     5.310][cube-solver-14][DEBUG] Solving cube (l0 = inner_join(), l1 = natural_join4())
[     5.311][cube-solver-14][DEBUG] Solving cube (l0 = inner_join(), l1 = anti_join())
[     5.329][cube-solver-6][DEBUG] Solving cube (l0 = inner_join(), l1 = left_join())
[     5.369][cube-solver-0][DEBUG] Solving cube (l0 = inner_join(), l1 = union())
[     5.378][cube-solver-4][DEBUG] Solving cube (l0 = inner_join(), l1 = intersect())
[     5.432][cube-solver-3][DEBUG] Solving cube (l0 = inner_join(), l1 = semi_join())
[     5.472][cube-solver-11][DEBUG] Solving cube (l0 = inner_join(), l1 = cross_join([1]))
[     5.813][cube-solver-13][DEBUG] Solving cube (l0 = inner_join(), l1 = inner_join())
[     5.825][MainProcess][DEBUG] Increasing generator loc to 3
[     5.826][cube-solver-12][DEBUG] Initialising process for 3 lines of code.
[     5.926][cube-solver-10][DEBUG] Initialising process for 3 lines of code.
[     6.127][cube-solver-12][DEBUG] Solving cube (l0 = natural_join(), l1 = anti_join(), l2 = natural_join())
[     6.130][cube-solver-12][DEBUG] Solving cube (l0 = natural_join(), l1 = anti_join(), l2 = natural_join4())
[     6.132][cube-solver-12][DEBUG] Solving cube (l0 = natural_join(), l1 = anti_join(), l2 = anti_join())
[     6.133][cube-solver-12][DEBUG] Solving cube (l0 = natural_join(), l1 = anti_join(), l2 = left_join())
[     6.135][cube-solver-12][DEBUG] Solving cube (l0 = natural_join(), l1 = anti_join(), l2 = union())
[     6.136][cube-solver-12][DEBUG] Solving cube (l0 = natural_join(), l1 = anti_join(), l2 = intersect())
[     6.137][cube-solver-12][DEBUG] Solving cube (l0 = natural_join(), l1 = anti_join(), l2 = semi_join())
[     6.139][cube-solver-12][DEBUG] Solving cube (l0 = natural_join(), l1 = anti_join(), l2 = cross_join([1]))
[     6.141][cube-solver-12][DEBUG] Solving cube (l0 = natural_join(), l1 = anti_join(), l2 = inner_join())
[     6.142][cube-solver-12][DEBUG] Solving cube (l0 = natural_join(), l1 = left_join(), l2 = natural_join())
[     6.144][cube-solver-12][DEBUG] Solving cube (l0 = natural_join(), l1 = left_join(), l2 = natural_join3())
[     6.145][cube-solver-12][DEBUG] Solving cube (l0 = natural_join(), l1 = left_join(), l2 = natural_join4())
[     6.147][cube-solver-12][DEBUG] Solving cube (l0 = natural_join(), l1 = left_join(), l2 = anti_join())
[     6.148][cube-solver-12][DEBUG] Solving cube (l0 = natural_join(), l1 = left_join(), l2 = left_join())
[     6.150][cube-solver-12][DEBUG] Solving cube (l0 = natural_join(), l1 = left_join(), l2 = union())
[     6.151][cube-solver-12][DEBUG] Solving cube (l0 = natural_join(), l1 = left_join(), l2 = intersect())
[     6.152][cube-solver-12][DEBUG] Solving cube (l0 = natural_join(), l1 = left_join(), l2 = semi_join())
[     6.154][cube-solver-12][DEBUG] Solving cube (l0 = natural_join(), l1 = left_join(), l2 = cross_join([1]))
[     6.156][cube-solver-12][DEBUG] Solving cube (l0 = natural_join(), l1 = left_join(), l2 = inner_join())
[     6.158][cube-solver-12][DEBUG] Solving cube (l0 = natural_join(), l1 = union(), l2 = natural_join())
[     6.159][cube-solver-12][DEBUG] Solving cube (l0 = natural_join(), l1 = union(), l2 = natural_join3())
[     6.160][cube-solver-12][DEBUG] Solving cube (l0 = natural_join(), l1 = union(), l2 = natural_join4())
[     6.162][cube-solver-12][DEBUG] Solving cube (l0 = natural_join(), l1 = union(), l2 = anti_join())
[     6.163][cube-solver-12][DEBUG] Solving cube (l0 = natural_join(), l1 = union(), l2 = left_join())
[     6.165][cube-solver-12][DEBUG] Solving cube (l0 = natural_join(), l1 = union(), l2 = union())
[     6.166][cube-solver-12][DEBUG] Solving cube (l0 = natural_join(), l1 = union(), l2 = intersect())
[     6.168][cube-solver-12][DEBUG] Solving cube (l0 = natural_join(), l1 = union(), l2 = semi_join())
[     6.169][cube-solver-12][DEBUG] Solving cube (l0 = natural_join(), l1 = union(), l2 = cross_join([1]))
[     6.171][cube-solver-12][DEBUG] Solving cube (l0 = natural_join(), l1 = union(), l2 = inner_join())
[     6.173][cube-solver-12][DEBUG] Solving cube (l0 = natural_join(), l1 = intersect(), l2 = natural_join())
[     6.174][cube-solver-12][DEBUG] Solving cube (l0 = natural_join(), l1 = intersect(), l2 = natural_join3())
[     6.176][cube-solver-12][DEBUG] Solving cube (l0 = natural_join(), l1 = intersect(), l2 = natural_join4())
[     6.177][cube-solver-12][DEBUG] Solving cube (l0 = natural_join(), l1 = intersect(), l2 = anti_join())
[     6.178][cube-solver-12][DEBUG] Solving cube (l0 = natural_join(), l1 = intersect(), l2 = left_join())
[     6.180][cube-solver-12][DEBUG] Solving cube (l0 = natural_join(), l1 = intersect(), l2 = union())
[     6.181][cube-solver-12][DEBUG] Solving cube (l0 = natural_join(), l1 = intersect(), l2 = intersect())
[     6.182][cube-solver-12][DEBUG] Solving cube (l0 = natural_join(), l1 = intersect(), l2 = semi_join())
[     6.184][cube-solver-12][DEBUG] Solving cube (l0 = natural_join(), l1 = intersect(), l2 = cross_join([1]))
[     6.186][cube-solver-12][DEBUG] Solving cube (l0 = natural_join(), l1 = intersect(), l2 = inner_join())
[     6.188][cube-solver-12][DEBUG] Solving cube (l0 = natural_join(), l1 = semi_join(), l2 = natural_join())
[     6.189][cube-solver-12][DEBUG] Solving cube (l0 = natural_join(), l1 = semi_join(), l2 = natural_join3())
[     6.190][cube-solver-12][DEBUG] Solving cube (l0 = natural_join(), l1 = semi_join(), l2 = natural_join4())
[     6.192][cube-solver-12][DEBUG] Solving cube (l0 = natural_join(), l1 = semi_join(), l2 = anti_join())
[     6.193][cube-solver-12][DEBUG] Solving cube (l0 = natural_join(), l1 = semi_join(), l2 = left_join())
[     6.195][cube-solver-12][DEBUG] Solving cube (l0 = natural_join(), l1 = semi_join(), l2 = union())
[     6.196][cube-solver-12][DEBUG] Solving cube (l0 = natural_join(), l1 = semi_join(), l2 = intersect())
[     6.197][cube-solver-12][DEBUG] Solving cube (l0 = natural_join(), l1 = semi_join(), l2 = semi_join())
[     6.199][cube-solver-12][DEBUG] Solving cube (l0 = natural_join(), l1 = semi_join(), l2 = cross_join([1]))
[     6.201][cube-solver-12][DEBUG] Solving cube (l0 = natural_join(), l1 = semi_join(), l2 = inner_join())
[     6.203][cube-solver-12][DEBUG] Solving cube (l0 = natural_join(), l1 = cross_join([1]), l2 = natural_join())
[     6.206][cube-solver-12][DEBUG] Solving cube (l0 = natural_join(), l1 = cross_join([1]), l2 = natural_join3())
[     6.209][cube-solver-12][DEBUG] Solving cube (l0 = natural_join(), l1 = cross_join([1]), l2 = natural_join4())
[     6.218][cube-solver-10][DEBUG] Solving cube (l0 = natural_join(), l1 = anti_join(), l2 = natural_join3())
[     6.218][cube-solver-12][DEBUG] Solving cube (l0 = natural_join(), l1 = cross_join([1]), l2 = anti_join())
[     6.222][cube-solver-10][DEBUG] Solving cube (l0 = natural_join(), l1 = cross_join([1]), l2 = left_join())
[     6.223][cube-solver-12][DEBUG] Solving cube (l0 = natural_join(), l1 = cross_join([1]), l2 = union())
[     6.225][cube-solver-10][DEBUG] Solving cube (l0 = natural_join(), l1 = cross_join([1]), l2 = intersect())
[     6.227][cube-solver-12][DEBUG] Solving cube (l0 = natural_join(), l1 = cross_join([1]), l2 = semi_join())
[     6.229][cube-solver-10][DEBUG] Solving cube (l0 = natural_join(), l1 = cross_join([1]), l2 = cross_join([1]))
[     6.230][cube-solver-12][DEBUG] Solving cube (l0 = natural_join(), l1 = cross_join([1]), l2 = inner_join())
[     6.232][cube-solver-10][DEBUG] Solving cube (l0 = natural_join(), l1 = inner_join(), l2 = natural_join())
[     6.233][cube-solver-12][DEBUG] Solving cube (l0 = natural_join(), l1 = inner_join(), l2 = natural_join3())
[     6.235][cube-solver-10][DEBUG] Solving cube (l0 = natural_join(), l1 = inner_join(), l2 = natural_join4())
[     6.236][cube-solver-12][DEBUG] Solving cube (l0 = natural_join(), l1 = inner_join(), l2 = anti_join())
[     6.237][cube-solver-10][DEBUG] Solving cube (l0 = natural_join(), l1 = inner_join(), l2 = left_join())
[     6.238][cube-solver-12][DEBUG] Solving cube (l0 = natural_join(), l1 = inner_join(), l2 = union())
[     6.239][cube-solver-10][DEBUG] Solving cube (l0 = natural_join(), l1 = inner_join(), l2 = intersect())
[     6.240][cube-solver-12][DEBUG] Solving cube (l0 = natural_join(), l1 = inner_join(), l2 = semi_join())
[     6.241][cube-solver-10][DEBUG] Solving cube (l0 = natural_join(), l1 = inner_join(), l2 = cross_join([1]))
[     6.242][cube-solver-12][DEBUG] Solving cube (l0 = natural_join(), l1 = inner_join(), l2 = inner_join())
[     6.245][cube-solver-10][DEBUG] Solving cube (l0 = natural_join(), l1 = natural_join(), l2 = anti_join())
[     6.245][cube-solver-12][DEBUG] Solving cube (l0 = natural_join(), l1 = natural_join(), l2 = left_join())
[     6.247][cube-solver-10][DEBUG] Solving cube (l0 = natural_join(), l1 = natural_join(), l2 = union())
[     6.247][cube-solver-12][DEBUG] Solving cube (l0 = natural_join(), l1 = natural_join(), l2 = intersect())
[     6.249][cube-solver-10][DEBUG] Solving cube (l0 = natural_join(), l1 = natural_join(), l2 = semi_join())
[     6.249][cube-solver-12][DEBUG] Solving cube (l0 = natural_join(), l1 = natural_join(), l2 = cross_join([1]))
[     6.251][cube-solver-10][DEBUG] Solving cube (l0 = natural_join(), l1 = natural_join(), l2 = inner_join())
[     6.252][cube-solver-12][DEBUG] Solving cube (l0 = natural_join(), l1 = natural_join(), l2 = natural_join())
[     6.253][cube-solver-10][DEBUG] Solving cube (l0 = natural_join(), l1 = natural_join(), l2 = natural_join3())
[     6.255][cube-solver-12][DEBUG] Solving cube (l0 = natural_join(), l1 = natural_join(), l2 = natural_join4())
[     6.255][cube-solver-10][DEBUG] Solving cube (l0 = natural_join(), l1 = natural_join3(), l2 = anti_join())
[     6.257][cube-solver-12][DEBUG] Solving cube (l0 = natural_join(), l1 = natural_join3(), l2 = left_join())
[     6.257][cube-solver-10][DEBUG] Solving cube (l0 = natural_join(), l1 = natural_join3(), l2 = union())
[     6.259][cube-solver-12][DEBUG] Solving cube (l0 = natural_join(), l1 = natural_join3(), l2 = intersect())
[     6.259][cube-solver-10][DEBUG] Solving cube (l0 = natural_join(), l1 = natural_join3(), l2 = semi_join())
[     6.261][cube-solver-12][DEBUG] Solving cube (l0 = natural_join(), l1 = natural_join3(), l2 = cross_join([1]))
[     6.261][cube-solver-10][DEBUG] Solving cube (l0 = natural_join(), l1 = natural_join3(), l2 = inner_join())
[     6.263][cube-solver-10][DEBUG] Solving cube (l0 = natural_join(), l1 = natural_join3(), l2 = natural_join())
[     6.264][cube-solver-12][DEBUG] Solving cube (l0 = natural_join(), l1 = natural_join3(), l2 = natural_join3())
[     6.266][cube-solver-10][DEBUG] Solving cube (l0 = natural_join(), l1 = natural_join3(), l2 = natural_join4())
[     6.267][cube-solver-12][DEBUG] Solving cube (l0 = natural_join(), l1 = natural_join4(), l2 = anti_join())
[     6.268][cube-solver-10][DEBUG] Solving cube (l0 = natural_join(), l1 = natural_join4(), l2 = left_join())
[     6.269][cube-solver-12][DEBUG] Solving cube (l0 = natural_join(), l1 = natural_join4(), l2 = union())
[     6.270][cube-solver-10][DEBUG] Solving cube (l0 = natural_join(), l1 = natural_join4(), l2 = intersect())
[     6.271][cube-solver-12][DEBUG] Solving cube (l0 = natural_join(), l1 = natural_join4(), l2 = semi_join())
[     6.272][cube-solver-10][DEBUG] Solving cube (l0 = natural_join(), l1 = natural_join4(), l2 = cross_join([1]))
[     6.273][cube-solver-12][DEBUG] Solving cube (l0 = natural_join(), l1 = natural_join4(), l2 = inner_join())
[     6.274][cube-solver-10][DEBUG] Solving cube (l0 = natural_join(), l1 = natural_join4(), l2 = natural_join())
[     6.276][cube-solver-12][DEBUG] Solving cube (l0 = natural_join(), l1 = natural_join4(), l2 = natural_join3())
[     6.277][cube-solver-10][DEBUG] Solving cube (l0 = natural_join(), l1 = natural_join4(), l2 = natural_join4())
[     6.278][cube-solver-12][DEBUG] Solving cube (l0 = natural_join3(), l1 = anti_join(), l2 = natural_join())
[     6.279][cube-solver-10][DEBUG] Solving cube (l0 = natural_join3(), l1 = anti_join(), l2 = natural_join3())
[     6.280][cube-solver-12][DEBUG] Solving cube (l0 = natural_join3(), l1 = anti_join(), l2 = natural_join4())
[     6.281][cube-solver-10][DEBUG] Solving cube (l0 = natural_join3(), l1 = anti_join(), l2 = anti_join())
[     6.282][cube-solver-12][DEBUG] Solving cube (l0 = natural_join3(), l1 = anti_join(), l2 = left_join())
[     6.283][cube-solver-10][DEBUG] Solving cube (l0 = natural_join3(), l1 = anti_join(), l2 = union())
[     6.284][cube-solver-12][DEBUG] Solving cube (l0 = natural_join3(), l1 = anti_join(), l2 = intersect())
[     6.285][cube-solver-10][DEBUG] Solving cube (l0 = natural_join3(), l1 = anti_join(), l2 = semi_join())
[     6.287][cube-solver-12][DEBUG] Solving cube (l0 = natural_join3(), l1 = anti_join(), l2 = cross_join([1]))
[     6.287][cube-solver-10][DEBUG] Solving cube (l0 = natural_join3(), l1 = anti_join(), l2 = inner_join())
[     6.289][cube-solver-10][DEBUG] Solving cube (l0 = natural_join3(), l1 = left_join(), l2 = natural_join())
[     6.290][cube-solver-12][DEBUG] Solving cube (l0 = natural_join3(), l1 = left_join(), l2 = natural_join3())
[     6.291][cube-solver-10][DEBUG] Solving cube (l0 = natural_join3(), l1 = left_join(), l2 = natural_join4())
[     6.292][cube-solver-12][DEBUG] Solving cube (l0 = natural_join3(), l1 = left_join(), l2 = anti_join())
[     6.294][cube-solver-10][DEBUG] Solving cube (l0 = natural_join3(), l1 = left_join(), l2 = left_join())
[     6.294][cube-solver-12][DEBUG] Solving cube (l0 = natural_join3(), l1 = left_join(), l2 = union())
[     6.296][cube-solver-10][DEBUG] Solving cube (l0 = natural_join3(), l1 = left_join(), l2 = intersect())
[     6.296][cube-solver-12][DEBUG] Solving cube (l0 = natural_join3(), l1 = left_join(), l2 = semi_join())
[     6.298][cube-solver-10][DEBUG] Solving cube (l0 = natural_join3(), l1 = left_join(), l2 = cross_join([1]))
[     6.299][cube-solver-12][DEBUG] Solving cube (l0 = natural_join3(), l1 = left_join(), l2 = inner_join())
[     6.301][cube-solver-10][DEBUG] Solving cube (l0 = natural_join3(), l1 = union(), l2 = natural_join())
[     6.301][cube-solver-12][DEBUG] Solving cube (l0 = natural_join3(), l1 = union(), l2 = natural_join3())
[     6.303][cube-solver-10][DEBUG] Solving cube (l0 = natural_join3(), l1 = union(), l2 = natural_join4())
[     6.303][cube-solver-12][DEBUG] Solving cube (l0 = natural_join3(), l1 = union(), l2 = anti_join())
[     6.305][cube-solver-10][DEBUG] Solving cube (l0 = natural_join3(), l1 = union(), l2 = left_join())
[     6.305][cube-solver-12][DEBUG] Solving cube (l0 = natural_join3(), l1 = union(), l2 = union())
[     6.307][cube-solver-10][DEBUG] Solving cube (l0 = natural_join3(), l1 = union(), l2 = intersect())
[     6.308][cube-solver-12][DEBUG] Solving cube (l0 = natural_join3(), l1 = union(), l2 = semi_join())
[     6.309][cube-solver-10][DEBUG] Solving cube (l0 = natural_join3(), l1 = union(), l2 = cross_join([1]))
[     6.310][cube-solver-12][DEBUG] Solving cube (l0 = natural_join3(), l1 = union(), l2 = inner_join())
[     6.312][cube-solver-12][DEBUG] Solving cube (l0 = natural_join3(), l1 = intersect(), l2 = natural_join())
[     6.312][cube-solver-10][DEBUG] Solving cube (l0 = natural_join3(), l1 = intersect(), l2 = natural_join3())
[     6.314][cube-solver-12][DEBUG] Solving cube (l0 = natural_join3(), l1 = intersect(), l2 = natural_join4())
[     6.314][cube-solver-10][DEBUG] Solving cube (l0 = natural_join3(), l1 = intersect(), l2 = anti_join())
[     6.316][cube-solver-12][DEBUG] Solving cube (l0 = natural_join3(), l1 = intersect(), l2 = left_join())
[     6.316][cube-solver-10][DEBUG] Solving cube (l0 = natural_join3(), l1 = intersect(), l2 = union())
[     6.318][cube-solver-12][DEBUG] Solving cube (l0 = natural_join3(), l1 = intersect(), l2 = intersect())
[     6.318][cube-solver-10][DEBUG] Solving cube (l0 = natural_join3(), l1 = intersect(), l2 = semi_join())
[     6.320][cube-solver-12][DEBUG] Solving cube (l0 = natural_join3(), l1 = intersect(), l2 = cross_join([1]))
[     6.320][cube-solver-10][DEBUG] Solving cube (l0 = natural_join3(), l1 = intersect(), l2 = inner_join())
[     6.322][cube-solver-10][DEBUG] Solving cube (l0 = natural_join3(), l1 = semi_join(), l2 = natural_join())
[     6.323][cube-solver-12][DEBUG] Solving cube (l0 = natural_join3(), l1 = semi_join(), l2 = natural_join3())
[     6.324][cube-solver-10][DEBUG] Solving cube (l0 = natural_join3(), l1 = semi_join(), l2 = natural_join4())
[     6.325][cube-solver-12][DEBUG] Solving cube (l0 = natural_join3(), l1 = semi_join(), l2 = anti_join())
[     6.326][cube-solver-10][DEBUG] Solving cube (l0 = natural_join3(), l1 = semi_join(), l2 = left_join())
[     6.327][cube-solver-12][DEBUG] Solving cube (l0 = natural_join3(), l1 = semi_join(), l2 = union())
[     6.329][cube-solver-10][DEBUG] Solving cube (l0 = natural_join3(), l1 = semi_join(), l2 = intersect())
[     6.330][cube-solver-12][DEBUG] Solving cube (l0 = natural_join3(), l1 = semi_join(), l2 = semi_join())
[     6.331][cube-solver-10][DEBUG] Solving cube (l0 = natural_join3(), l1 = semi_join(), l2 = cross_join([1]))
[     6.332][cube-solver-12][DEBUG] Solving cube (l0 = natural_join3(), l1 = semi_join(), l2 = inner_join())
[     6.334][cube-solver-10][DEBUG] Solving cube (l0 = natural_join3(), l1 = cross_join([1]), l2 = natural_join())
[     6.334][cube-solver-12][DEBUG] Solving cube (l0 = natural_join3(), l1 = cross_join([1]), l2 = natural_join3())
[     6.337][cube-solver-10][DEBUG] Solving cube (l0 = natural_join3(), l1 = cross_join([1]), l2 = natural_join4())
[     6.337][cube-solver-12][DEBUG] Solving cube (l0 = natural_join3(), l1 = cross_join([1]), l2 = anti_join())
[     6.340][cube-solver-10][DEBUG] Solving cube (l0 = natural_join3(), l1 = cross_join([1]), l2 = left_join())
[     6.340][cube-solver-12][DEBUG] Solving cube (l0 = natural_join3(), l1 = cross_join([1]), l2 = union())
[     6.343][cube-solver-10][DEBUG] Solving cube (l0 = natural_join3(), l1 = cross_join([1]), l2 = intersect())
[     6.343][cube-solver-12][DEBUG] Solving cube (l0 = natural_join3(), l1 = cross_join([1]), l2 = semi_join())
[     6.346][cube-solver-10][DEBUG] Solving cube (l0 = natural_join3(), l1 = cross_join([1]), l2 = cross_join([1]))
[     6.346][cube-solver-12][DEBUG] Solving cube (l0 = natural_join3(), l1 = cross_join([1]), l2 = inner_join())
[     6.348][cube-solver-12][DEBUG] Solving cube (l0 = natural_join3(), l1 = inner_join(), l2 = natural_join())
[     6.350][cube-solver-10][DEBUG] Solving cube (l0 = natural_join3(), l1 = inner_join(), l2 = natural_join3())
[     6.350][cube-solver-12][DEBUG] Solving cube (l0 = natural_join3(), l1 = inner_join(), l2 = natural_join4())
[     6.351][cube-solver-12][DEBUG] Solving cube (l0 = natural_join3(), l1 = inner_join(), l2 = anti_join())
[     6.352][cube-solver-10][DEBUG] Solving cube (l0 = natural_join3(), l1 = inner_join(), l2 = left_join())
[     6.353][cube-solver-12][DEBUG] Solving cube (l0 = natural_join3(), l1 = inner_join(), l2 = union())
[     6.354][cube-solver-10][DEBUG] Solving cube (l0 = natural_join3(), l1 = inner_join(), l2 = intersect())
[     6.354][cube-solver-12][DEBUG] Solving cube (l0 = natural_join3(), l1 = inner_join(), l2 = semi_join())
[     6.356][cube-solver-12][DEBUG] Solving cube (l0 = natural_join3(), l1 = inner_join(), l2 = cross_join([1]))
[     6.356][cube-solver-10][DEBUG] Solving cube (l0 = natural_join3(), l1 = inner_join(), l2 = inner_join())
[     6.358][cube-solver-12][DEBUG] Solving cube (l0 = natural_join3(), l1 = natural_join(), l2 = anti_join())
[     6.358][cube-solver-10][DEBUG] Solving cube (l0 = natural_join3(), l1 = natural_join(), l2 = left_join())
[     6.359][cube-solver-12][DEBUG] Solving cube (l0 = natural_join3(), l1 = natural_join(), l2 = union())
[     6.360][cube-solver-10][DEBUG] Solving cube (l0 = natural_join3(), l1 = natural_join(), l2 = intersect())
[     6.361][cube-solver-12][DEBUG] Solving cube (l0 = natural_join3(), l1 = natural_join(), l2 = semi_join())
[     6.362][cube-solver-12][DEBUG] Solving cube (l0 = natural_join3(), l1 = natural_join(), l2 = cross_join([1]))
[     6.363][cube-solver-10][DEBUG] Solving cube (l0 = natural_join3(), l1 = natural_join(), l2 = inner_join())
[     6.364][cube-solver-12][DEBUG] Solving cube (l0 = natural_join3(), l1 = natural_join(), l2 = natural_join())
[     6.365][cube-solver-10][DEBUG] Solving cube (l0 = natural_join3(), l1 = natural_join(), l2 = natural_join3())
[     6.366][cube-solver-12][DEBUG] Solving cube (l0 = natural_join3(), l1 = natural_join(), l2 = natural_join4())
[     6.367][cube-solver-12][DEBUG] Solving cube (l0 = natural_join3(), l1 = natural_join3(), l2 = anti_join())
[     6.368][cube-solver-10][DEBUG] Solving cube (l0 = natural_join3(), l1 = natural_join3(), l2 = left_join())
[     6.369][cube-solver-12][DEBUG] Solving cube (l0 = natural_join3(), l1 = natural_join3(), l2 = union())
[     6.370][cube-solver-12][DEBUG] Solving cube (l0 = natural_join3(), l1 = natural_join3(), l2 = intersect())
[     6.371][cube-solver-10][DEBUG] Solving cube (l0 = natural_join3(), l1 = natural_join3(), l2 = semi_join())
[     6.371][cube-solver-12][DEBUG] Solving cube (l0 = natural_join3(), l1 = natural_join3(), l2 = cross_join([1]))
[     6.373][cube-solver-12][DEBUG] Solving cube (l0 = natural_join3(), l1 = natural_join3(), l2 = inner_join())
[     6.375][cube-solver-12][DEBUG] Solving cube (l0 = natural_join3(), l1 = natural_join3(), l2 = natural_join3())
[     6.375][cube-solver-10][DEBUG] Solving cube (l0 = natural_join3(), l1 = natural_join3(), l2 = natural_join())
[     6.376][cube-solver-12][DEBUG] Solving cube (l0 = natural_join3(), l1 = natural_join3(), l2 = natural_join4())
[     6.378][cube-solver-12][DEBUG] Solving cube (l0 = natural_join3(), l1 = natural_join4(), l2 = anti_join())
[     6.379][cube-solver-10][DEBUG] Solving cube (l0 = natural_join3(), l1 = natural_join4(), l2 = left_join())
[     6.379][cube-solver-12][DEBUG] Solving cube (l0 = natural_join3(), l1 = natural_join4(), l2 = union())
[     6.381][cube-solver-12][DEBUG] Solving cube (l0 = natural_join3(), l1 = natural_join4(), l2 = intersect())
[     6.382][cube-solver-12][DEBUG] Solving cube (l0 = natural_join3(), l1 = natural_join4(), l2 = semi_join())
[     6.383][cube-solver-10][DEBUG] Solving cube (l0 = natural_join3(), l1 = natural_join4(), l2 = cross_join([1]))
[     6.383][cube-solver-12][DEBUG] Solving cube (l0 = natural_join3(), l1 = natural_join4(), l2 = inner_join())
[     6.385][cube-solver-12][DEBUG] Solving cube (l0 = natural_join3(), l1 = natural_join4(), l2 = natural_join())
[     6.386][cube-solver-10][DEBUG] Solving cube (l0 = natural_join3(), l1 = natural_join4(), l2 = natural_join3())
[     6.386][cube-solver-12][DEBUG] Solving cube (l0 = natural_join3(), l1 = natural_join4(), l2 = natural_join4())
[     6.388][cube-solver-12][DEBUG] Solving cube (l0 = natural_join4(), l1 = anti_join(), l2 = natural_join())
[     6.388][cube-solver-10][DEBUG] Solving cube (l0 = natural_join4(), l1 = anti_join(), l2 = natural_join3())
[     6.389][cube-solver-12][DEBUG] Solving cube (l0 = natural_join4(), l1 = anti_join(), l2 = natural_join4())
[     6.389][cube-solver-10][DEBUG] Solving cube (l0 = natural_join4(), l1 = anti_join(), l2 = anti_join())
[     6.391][cube-solver-12][DEBUG] Solving cube (l0 = natural_join4(), l1 = anti_join(), l2 = left_join())
[     6.391][cube-solver-10][DEBUG] Solving cube (l0 = natural_join4(), l1 = anti_join(), l2 = union())
[     6.392][cube-solver-10][DEBUG] Solving cube (l0 = natural_join4(), l1 = anti_join(), l2 = semi_join())
[     6.392][cube-solver-12][DEBUG] Solving cube (l0 = natural_join4(), l1 = anti_join(), l2 = intersect())
[     6.393][cube-solver-10][DEBUG] Solving cube (l0 = natural_join4(), l1 = anti_join(), l2 = cross_join([1]))
[     6.394][cube-solver-12][DEBUG] Solving cube (l0 = natural_join4(), l1 = anti_join(), l2 = inner_join())
[     6.395][cube-solver-12][DEBUG] Solving cube (l0 = natural_join4(), l1 = left_join(), l2 = natural_join())
[     6.395][cube-solver-10][DEBUG] Solving cube (l0 = natural_join4(), l1 = left_join(), l2 = natural_join3())
[     6.397][cube-solver-12][DEBUG] Solving cube (l0 = natural_join4(), l1 = left_join(), l2 = natural_join4())
[     6.397][cube-solver-10][DEBUG] Solving cube (l0 = natural_join4(), l1 = left_join(), l2 = anti_join())
[     6.398][cube-solver-12][DEBUG] Solving cube (l0 = natural_join4(), l1 = left_join(), l2 = left_join())
[     6.398][cube-solver-10][DEBUG] Solving cube (l0 = natural_join4(), l1 = left_join(), l2 = union())
[     6.399][cube-solver-10][DEBUG] Solving cube (l0 = natural_join4(), l1 = left_join(), l2 = semi_join())
[     6.399][cube-solver-12][DEBUG] Solving cube (l0 = natural_join4(), l1 = left_join(), l2 = intersect())
[     6.401][cube-solver-12][DEBUG] Solving cube (l0 = natural_join4(), l1 = left_join(), l2 = cross_join([1]))
[     6.401][cube-solver-10][DEBUG] Solving cube (l0 = natural_join4(), l1 = left_join(), l2 = inner_join())
[     6.402][cube-solver-10][DEBUG] Solving cube (l0 = natural_join4(), l1 = union(), l2 = natural_join())
[     6.403][cube-solver-12][DEBUG] Solving cube (l0 = natural_join4(), l1 = union(), l2 = natural_join3())
[     6.404][cube-solver-10][DEBUG] Solving cube (l0 = natural_join4(), l1 = union(), l2 = natural_join4())
[     6.404][cube-solver-12][DEBUG] Solving cube (l0 = natural_join4(), l1 = union(), l2 = anti_join())
[     6.405][cube-solver-10][DEBUG] Solving cube (l0 = natural_join4(), l1 = union(), l2 = left_join())
[     6.406][cube-solver-12][DEBUG] Solving cube (l0 = natural_join4(), l1 = union(), l2 = union())
[     6.406][cube-solver-10][DEBUG] Solving cube (l0 = natural_join4(), l1 = union(), l2 = intersect())
[     6.407][cube-solver-12][DEBUG] Solving cube (l0 = natural_join4(), l1 = union(), l2 = semi_join())
[     6.408][cube-solver-10][DEBUG] Solving cube (l0 = natural_join4(), l1 = union(), l2 = cross_join([1]))
[     6.409][cube-solver-12][DEBUG] Solving cube (l0 = natural_join4(), l1 = union(), l2 = inner_join())
[     6.410][cube-solver-10][DEBUG] Solving cube (l0 = natural_join4(), l1 = intersect(), l2 = natural_join())
[     6.410][cube-solver-12][DEBUG] Solving cube (l0 = natural_join4(), l1 = intersect(), l2 = natural_join3())
[     6.411][cube-solver-10][DEBUG] Solving cube (l0 = natural_join4(), l1 = intersect(), l2 = natural_join4())
[     6.412][cube-solver-12][DEBUG] Solving cube (l0 = natural_join4(), l1 = intersect(), l2 = anti_join())
[     6.412][cube-solver-10][DEBUG] Solving cube (l0 = natural_join4(), l1 = intersect(), l2 = left_join())
[     6.413][cube-solver-12][DEBUG] Solving cube (l0 = natural_join4(), l1 = intersect(), l2 = union())
[     6.414][cube-solver-10][DEBUG] Solving cube (l0 = natural_join4(), l1 = intersect(), l2 = intersect())
[     6.414][cube-solver-12][DEBUG] Solving cube (l0 = natural_join4(), l1 = intersect(), l2 = semi_join())
[     6.415][cube-solver-10][DEBUG] Solving cube (l0 = natural_join4(), l1 = intersect(), l2 = cross_join([1]))
[     6.416][cube-solver-12][DEBUG] Solving cube (l0 = natural_join4(), l1 = intersect(), l2 = inner_join())
[     6.417][cube-solver-10][DEBUG] Solving cube (l0 = natural_join4(), l1 = semi_join(), l2 = natural_join())
[     6.417][cube-solver-12][DEBUG] Solving cube (l0 = natural_join4(), l1 = semi_join(), l2 = natural_join3())
[     6.418][cube-solver-10][DEBUG] Solving cube (l0 = natural_join4(), l1 = semi_join(), l2 = natural_join4())
[     6.419][cube-solver-12][DEBUG] Solving cube (l0 = natural_join4(), l1 = semi_join(), l2 = anti_join())
[     6.420][cube-solver-10][DEBUG] Solving cube (l0 = natural_join4(), l1 = semi_join(), l2 = left_join())
[     6.420][cube-solver-12][DEBUG] Solving cube (l0 = natural_join4(), l1 = semi_join(), l2 = union())
[     6.421][cube-solver-10][DEBUG] Solving cube (l0 = natural_join4(), l1 = semi_join(), l2 = intersect())
[     6.422][cube-solver-12][DEBUG] Solving cube (l0 = natural_join4(), l1 = semi_join(), l2 = semi_join())
[     6.422][cube-solver-10][DEBUG] Solving cube (l0 = natural_join4(), l1 = semi_join(), l2 = cross_join([1]))
[     6.423][cube-solver-12][DEBUG] Solving cube (l0 = natural_join4(), l1 = semi_join(), l2 = inner_join())
[     6.424][cube-solver-10][DEBUG] Solving cube (l0 = natural_join4(), l1 = cross_join([1]), l2 = natural_join())
[     6.425][cube-solver-12][DEBUG] Solving cube (l0 = natural_join4(), l1 = cross_join([1]), l2 = natural_join3())
[     6.426][cube-solver-10][DEBUG] Solving cube (l0 = natural_join4(), l1 = cross_join([1]), l2 = natural_join4())
[     6.427][cube-solver-12][DEBUG] Solving cube (l0 = natural_join4(), l1 = cross_join([1]), l2 = anti_join())
[     6.428][cube-solver-10][DEBUG] Solving cube (l0 = natural_join4(), l1 = cross_join([1]), l2 = left_join())
[     6.428][cube-solver-12][DEBUG] Solving cube (l0 = natural_join4(), l1 = cross_join([1]), l2 = union())
[     6.430][cube-solver-10][DEBUG] Solving cube (l0 = natural_join4(), l1 = cross_join([1]), l2 = intersect())
[     6.430][cube-solver-12][DEBUG] Solving cube (l0 = natural_join4(), l1 = cross_join([1]), l2 = semi_join())
[     6.432][cube-solver-10][DEBUG] Solving cube (l0 = natural_join4(), l1 = cross_join([1]), l2 = cross_join([1]))
[     6.432][cube-solver-12][DEBUG] Solving cube (l0 = natural_join4(), l1 = cross_join([1]), l2 = inner_join())
[     6.434][cube-solver-10][DEBUG] Solving cube (l0 = natural_join4(), l1 = inner_join(), l2 = natural_join())
[     6.434][cube-solver-12][DEBUG] Solving cube (l0 = natural_join4(), l1 = inner_join(), l2 = natural_join3())
[     6.435][cube-solver-10][DEBUG] Solving cube (l0 = natural_join4(), l1 = inner_join(), l2 = natural_join4())
[     6.436][cube-solver-12][DEBUG] Solving cube (l0 = natural_join4(), l1 = inner_join(), l2 = anti_join())
[     6.437][cube-solver-10][DEBUG] Solving cube (l0 = natural_join4(), l1 = inner_join(), l2 = left_join())
[     6.437][cube-solver-12][DEBUG] Solving cube (l0 = natural_join4(), l1 = inner_join(), l2 = union())
[     6.438][cube-solver-10][DEBUG] Solving cube (l0 = natural_join4(), l1 = inner_join(), l2 = intersect())
[     6.439][cube-solver-12][DEBUG] Solving cube (l0 = natural_join4(), l1 = inner_join(), l2 = semi_join())
[     6.439][cube-solver-10][DEBUG] Solving cube (l0 = natural_join4(), l1 = inner_join(), l2 = cross_join([1]))
[     6.440][cube-solver-12][DEBUG] Solving cube (l0 = natural_join4(), l1 = inner_join(), l2 = inner_join())
[     6.441][cube-solver-10][DEBUG] Solving cube (l0 = natural_join4(), l1 = natural_join(), l2 = anti_join())
[     6.442][cube-solver-12][DEBUG] Solving cube (l0 = natural_join4(), l1 = natural_join(), l2 = left_join())
[     6.443][cube-solver-10][DEBUG] Solving cube (l0 = natural_join4(), l1 = natural_join(), l2 = union())
[     6.443][cube-solver-12][DEBUG] Solving cube (l0 = natural_join4(), l1 = natural_join(), l2 = intersect())
[     6.444][cube-solver-10][DEBUG] Solving cube (l0 = natural_join4(), l1 = natural_join(), l2 = semi_join())
[     6.444][cube-solver-12][DEBUG] Solving cube (l0 = natural_join4(), l1 = natural_join(), l2 = cross_join([1]))
[     6.445][cube-solver-10][DEBUG] Solving cube (l0 = natural_join4(), l1 = natural_join(), l2 = inner_join())
[     6.446][cube-solver-12][DEBUG] Solving cube (l0 = natural_join4(), l1 = natural_join(), l2 = natural_join())
[     6.447][cube-solver-10][DEBUG] Solving cube (l0 = natural_join4(), l1 = natural_join(), l2 = natural_join3())
[     6.448][cube-solver-12][DEBUG] Solving cube (l0 = natural_join4(), l1 = natural_join(), l2 = natural_join4())
[     6.448][cube-solver-10][DEBUG] Solving cube (l0 = natural_join4(), l1 = natural_join3(), l2 = anti_join())
[     6.449][cube-solver-10][DEBUG] Solving cube (l0 = natural_join4(), l1 = natural_join3(), l2 = union())
[     6.449][cube-solver-12][DEBUG] Solving cube (l0 = natural_join4(), l1 = natural_join3(), l2 = left_join())
[     6.451][cube-solver-10][DEBUG] Solving cube (l0 = natural_join4(), l1 = natural_join3(), l2 = intersect())
[     6.451][cube-solver-12][DEBUG] Solving cube (l0 = natural_join4(), l1 = natural_join3(), l2 = semi_join())
[     6.452][cube-solver-10][DEBUG] Solving cube (l0 = natural_join4(), l1 = natural_join3(), l2 = cross_join([1]))
[     6.452][cube-solver-12][DEBUG] Solving cube (l0 = natural_join4(), l1 = natural_join3(), l2 = inner_join())
[     6.454][cube-solver-12][DEBUG] Solving cube (l0 = natural_join4(), l1 = natural_join3(), l2 = natural_join())
[     6.454][cube-solver-10][DEBUG] Solving cube (l0 = natural_join4(), l1 = natural_join3(), l2 = natural_join3())
[     6.455][cube-solver-12][DEBUG] Solving cube (l0 = natural_join4(), l1 = natural_join3(), l2 = natural_join4())
[     6.455][cube-solver-10][DEBUG] Solving cube (l0 = natural_join4(), l1 = natural_join4(), l2 = anti_join())
[     6.457][cube-solver-10][DEBUG] Solving cube (l0 = natural_join4(), l1 = natural_join4(), l2 = union())
[     6.457][cube-solver-12][DEBUG] Solving cube (l0 = natural_join4(), l1 = natural_join4(), l2 = left_join())
[     6.458][cube-solver-10][DEBUG] Solving cube (l0 = natural_join4(), l1 = natural_join4(), l2 = intersect())
[     6.458][cube-solver-12][DEBUG] Solving cube (l0 = natural_join4(), l1 = natural_join4(), l2 = semi_join())
[     6.459][cube-solver-10][DEBUG] Solving cube (l0 = natural_join4(), l1 = natural_join4(), l2 = cross_join([1]))
[     6.459][cube-solver-12][DEBUG] Solving cube (l0 = natural_join4(), l1 = natural_join4(), l2 = inner_join())
[     6.461][cube-solver-12][DEBUG] Solving cube (l0 = natural_join4(), l1 = natural_join4(), l2 = natural_join())
[     6.461][cube-solver-10][DEBUG] Solving cube (l0 = natural_join4(), l1 = natural_join4(), l2 = natural_join3())
[     6.462][cube-solver-12][DEBUG] Solving cube (l0 = natural_join4(), l1 = natural_join4(), l2 = natural_join4())
[     6.462][cube-solver-10][DEBUG] Solving cube (l0 = anti_join(), l1 = natural_join(), l2 = anti_join())
[     6.464][cube-solver-12][DEBUG] Solving cube (l0 = anti_join(), l1 = natural_join(), l2 = left_join())
[     6.464][cube-solver-10][DEBUG] Solving cube (l0 = anti_join(), l1 = natural_join(), l2 = union())
[     6.465][cube-solver-10][DEBUG] Solving cube (l0 = anti_join(), l1 = natural_join(), l2 = intersect())
[     6.465][cube-solver-12][DEBUG] Solving cube (l0 = anti_join(), l1 = natural_join(), l2 = semi_join())
[     6.466][cube-solver-10][DEBUG] Solving cube (l0 = anti_join(), l1 = natural_join(), l2 = cross_join([1]))
[     6.467][cube-solver-12][DEBUG] Solving cube (l0 = anti_join(), l1 = natural_join(), l2 = inner_join())
[     6.468][cube-solver-12][DEBUG] Solving cube (l0 = anti_join(), l1 = natural_join(), l2 = natural_join())
[     6.468][cube-solver-10][DEBUG] Solving cube (l0 = anti_join(), l1 = natural_join(), l2 = natural_join3())
[     6.470][cube-solver-12][DEBUG] Solving cube (l0 = anti_join(), l1 = natural_join(), l2 = natural_join4())
[     6.470][cube-solver-10][DEBUG] Solving cube (l0 = anti_join(), l1 = natural_join3(), l2 = anti_join())
[     6.471][cube-solver-12][DEBUG] Solving cube (l0 = anti_join(), l1 = natural_join3(), l2 = left_join())
[     6.471][cube-solver-10][DEBUG] Solving cube (l0 = anti_join(), l1 = natural_join3(), l2 = union())
[     6.472][cube-solver-12][DEBUG] Solving cube (l0 = anti_join(), l1 = natural_join3(), l2 = intersect())
[     6.472][cube-solver-10][DEBUG] Solving cube (l0 = anti_join(), l1 = natural_join3(), l2 = semi_join())
[     6.474][cube-solver-12][DEBUG] Solving cube (l0 = anti_join(), l1 = natural_join3(), l2 = cross_join([1]))
[     6.474][cube-solver-10][DEBUG] Solving cube (l0 = anti_join(), l1 = natural_join3(), l2 = inner_join())
[     6.475][cube-solver-10][DEBUG] Solving cube (l0 = anti_join(), l1 = natural_join3(), l2 = natural_join())
[     6.476][cube-solver-12][DEBUG] Solving cube (l0 = anti_join(), l1 = natural_join3(), l2 = natural_join3())
[     6.477][cube-solver-10][DEBUG] Solving cube (l0 = anti_join(), l1 = natural_join3(), l2 = natural_join4())
[     6.477][cube-solver-12][DEBUG] Solving cube (l0 = anti_join(), l1 = natural_join4(), l2 = anti_join())
[     6.478][cube-solver-10][DEBUG] Solving cube (l0 = anti_join(), l1 = natural_join4(), l2 = left_join())
[     6.479][cube-solver-12][DEBUG] Solving cube (l0 = anti_join(), l1 = natural_join4(), l2 = union())
[     6.479][cube-solver-10][DEBUG] Solving cube (l0 = anti_join(), l1 = natural_join4(), l2 = intersect())
[     6.480][cube-solver-12][DEBUG] Solving cube (l0 = anti_join(), l1 = natural_join4(), l2 = semi_join())
[     6.481][cube-solver-10][DEBUG] Solving cube (l0 = anti_join(), l1 = natural_join4(), l2 = cross_join([1]))
[     6.482][cube-solver-12][DEBUG] Solving cube (l0 = anti_join(), l1 = natural_join4(), l2 = inner_join())
[     6.483][cube-solver-10][DEBUG] Solving cube (l0 = anti_join(), l1 = natural_join4(), l2 = natural_join())
[     6.483][cube-solver-12][DEBUG] Solving cube (l0 = anti_join(), l1 = natural_join4(), l2 = natural_join3())
[     6.484][cube-solver-10][DEBUG] Solving cube (l0 = anti_join(), l1 = natural_join4(), l2 = natural_join4())
[     6.484][cube-solver-12][DEBUG] Solving cube (l0 = anti_join(), l1 = anti_join(), l2 = natural_join())
[     6.485][cube-solver-10][DEBUG] Solving cube (l0 = anti_join(), l1 = anti_join(), l2 = natural_join3())
[     6.486][cube-solver-12][DEBUG] Solving cube (l0 = anti_join(), l1 = anti_join(), l2 = natural_join4())
[     6.487][cube-solver-10][DEBUG] Solving cube (l0 = anti_join(), l1 = anti_join(), l2 = anti_join())
[     6.487][cube-solver-12][DEBUG] Solving cube (l0 = anti_join(), l1 = anti_join(), l2 = left_join())
[     6.488][cube-solver-10][DEBUG] Solving cube (l0 = anti_join(), l1 = anti_join(), l2 = union())
[     6.489][cube-solver-12][DEBUG] Solving cube (l0 = anti_join(), l1 = anti_join(), l2 = intersect())
[     6.489][cube-solver-10][DEBUG] Solving cube (l0 = anti_join(), l1 = anti_join(), l2 = semi_join())
[     6.490][cube-solver-12][DEBUG] Solving cube (l0 = anti_join(), l1 = anti_join(), l2 = cross_join([1]))
[     6.491][cube-solver-10][DEBUG] Solving cube (l0 = anti_join(), l1 = anti_join(), l2 = inner_join())
[     6.492][cube-solver-10][DEBUG] Solving cube (l0 = anti_join(), l1 = left_join(), l2 = natural_join())
[     6.492][cube-solver-12][DEBUG] Solving cube (l0 = anti_join(), l1 = left_join(), l2 = natural_join3())
[     6.493][cube-solver-10][DEBUG] Solving cube (l0 = anti_join(), l1 = left_join(), l2 = natural_join4())
[     6.494][cube-solver-12][DEBUG] Solving cube (l0 = anti_join(), l1 = left_join(), l2 = anti_join())
[     6.495][cube-solver-10][DEBUG] Solving cube (l0 = anti_join(), l1 = left_join(), l2 = left_join())
[     6.495][cube-solver-12][DEBUG] Solving cube (l0 = anti_join(), l1 = left_join(), l2 = union())
[     6.496][cube-solver-10][DEBUG] Solving cube (l0 = anti_join(), l1 = left_join(), l2 = intersect())
[     6.496][cube-solver-12][DEBUG] Solving cube (l0 = anti_join(), l1 = left_join(), l2 = semi_join())
[     6.497][cube-solver-10][DEBUG] Solving cube (l0 = anti_join(), l1 = left_join(), l2 = cross_join([1]))
[     6.498][cube-solver-12][DEBUG] Solving cube (l0 = anti_join(), l1 = left_join(), l2 = inner_join())
[     6.499][cube-solver-10][DEBUG] Solving cube (l0 = anti_join(), l1 = union(), l2 = natural_join())
[     6.499][cube-solver-12][DEBUG] Solving cube (l0 = anti_join(), l1 = union(), l2 = natural_join3())
[     6.500][cube-solver-10][DEBUG] Solving cube (l0 = anti_join(), l1 = union(), l2 = natural_join4())
[     6.501][cube-solver-12][DEBUG] Solving cube (l0 = anti_join(), l1 = union(), l2 = anti_join())
[     6.502][cube-solver-10][DEBUG] Solving cube (l0 = anti_join(), l1 = union(), l2 = left_join())
[     6.502][cube-solver-12][DEBUG] Solving cube (l0 = anti_join(), l1 = union(), l2 = union())
[     6.503][cube-solver-10][DEBUG] Solving cube (l0 = anti_join(), l1 = union(), l2 = intersect())
[     6.504][cube-solver-12][DEBUG] Solving cube (l0 = anti_join(), l1 = union(), l2 = semi_join())
[     6.504][cube-solver-10][DEBUG] Solving cube (l0 = anti_join(), l1 = union(), l2 = cross_join([1]))
[     6.505][cube-solver-12][DEBUG] Solving cube (l0 = anti_join(), l1 = union(), l2 = inner_join())
[     6.506][cube-solver-10][DEBUG] Solving cube (l0 = anti_join(), l1 = intersect(), l2 = natural_join())
[     6.507][cube-solver-12][DEBUG] Solving cube (l0 = anti_join(), l1 = intersect(), l2 = natural_join3())
[     6.508][cube-solver-10][DEBUG] Solving cube (l0 = anti_join(), l1 = intersect(), l2 = natural_join4())
[     6.508][cube-solver-12][DEBUG] Solving cube (l0 = anti_join(), l1 = intersect(), l2 = anti_join())
[     6.509][cube-solver-10][DEBUG] Solving cube (l0 = anti_join(), l1 = intersect(), l2 = left_join())
[     6.509][cube-solver-12][DEBUG] Solving cube (l0 = anti_join(), l1 = intersect(), l2 = union())
[     6.510][cube-solver-10][DEBUG] Solving cube (l0 = anti_join(), l1 = intersect(), l2 = intersect())
[     6.511][cube-solver-12][DEBUG] Solving cube (l0 = anti_join(), l1 = intersect(), l2 = semi_join())
[     6.512][cube-solver-10][DEBUG] Solving cube (l0 = anti_join(), l1 = intersect(), l2 = cross_join([1]))
[     6.512][cube-solver-12][DEBUG] Solving cube (l0 = anti_join(), l1 = intersect(), l2 = inner_join())
[     6.514][cube-solver-10][DEBUG] Solving cube (l0 = anti_join(), l1 = semi_join(), l2 = natural_join())
[     6.514][cube-solver-12][DEBUG] Solving cube (l0 = anti_join(), l1 = semi_join(), l2 = natural_join3())
[     6.515][cube-solver-10][DEBUG] Solving cube (l0 = anti_join(), l1 = semi_join(), l2 = natural_join4())
[     6.515][cube-solver-12][DEBUG] Solving cube (l0 = anti_join(), l1 = semi_join(), l2 = anti_join())
[     6.516][cube-solver-10][DEBUG] Solving cube (l0 = anti_join(), l1 = semi_join(), l2 = left_join())
[     6.517][cube-solver-12][DEBUG] Solving cube (l0 = anti_join(), l1 = semi_join(), l2 = union())
[     6.518][cube-solver-10][DEBUG] Solving cube (l0 = anti_join(), l1 = semi_join(), l2 = intersect())
[     6.518][cube-solver-12][DEBUG] Solving cube (l0 = anti_join(), l1 = semi_join(), l2 = semi_join())
[     6.519][cube-solver-10][DEBUG] Solving cube (l0 = anti_join(), l1 = semi_join(), l2 = cross_join([1]))
[     6.520][cube-solver-12][DEBUG] Solving cube (l0 = anti_join(), l1 = semi_join(), l2 = inner_join())
[     6.521][cube-solver-10][DEBUG] Solving cube (l0 = anti_join(), l1 = cross_join([1]), l2 = natural_join())
[     6.521][cube-solver-12][DEBUG] Solving cube (l0 = anti_join(), l1 = cross_join([1]), l2 = natural_join3())
[     6.523][cube-solver-10][DEBUG] Solving cube (l0 = anti_join(), l1 = cross_join([1]), l2 = natural_join4())
[     6.523][cube-solver-12][DEBUG] Solving cube (l0 = anti_join(), l1 = cross_join([1]), l2 = anti_join())
[     6.525][cube-solver-10][DEBUG] Solving cube (l0 = anti_join(), l1 = cross_join([1]), l2 = left_join())
[     6.525][cube-solver-12][DEBUG] Solving cube (l0 = anti_join(), l1 = cross_join([1]), l2 = union())
[     6.527][cube-solver-10][DEBUG] Solving cube (l0 = anti_join(), l1 = cross_join([1]), l2 = intersect())
[     6.527][cube-solver-12][DEBUG] Solving cube (l0 = anti_join(), l1 = cross_join([1]), l2 = semi_join())
[     6.529][cube-solver-10][DEBUG] Solving cube (l0 = anti_join(), l1 = cross_join([1]), l2 = cross_join([1]))
[     6.529][cube-solver-12][DEBUG] Solving cube (l0 = anti_join(), l1 = cross_join([1]), l2 = inner_join())
[     6.531][cube-solver-10][DEBUG] Solving cube (l0 = anti_join(), l1 = inner_join(), l2 = natural_join())
[     6.531][cube-solver-12][DEBUG] Solving cube (l0 = anti_join(), l1 = inner_join(), l2 = natural_join3())
[     6.532][cube-solver-10][DEBUG] Solving cube (l0 = anti_join(), l1 = inner_join(), l2 = natural_join4())
[     6.533][cube-solver-12][DEBUG] Solving cube (l0 = anti_join(), l1 = inner_join(), l2 = anti_join())
[     6.534][cube-solver-10][DEBUG] Solving cube (l0 = anti_join(), l1 = inner_join(), l2 = left_join())
[     6.534][cube-solver-12][DEBUG] Solving cube (l0 = anti_join(), l1 = inner_join(), l2 = union())
[     6.535][cube-solver-10][DEBUG] Solving cube (l0 = anti_join(), l1 = inner_join(), l2 = intersect())
[     6.535][cube-solver-12][DEBUG] Solving cube (l0 = anti_join(), l1 = inner_join(), l2 = semi_join())
[     6.536][cube-solver-10][DEBUG] Solving cube (l0 = anti_join(), l1 = inner_join(), l2 = cross_join([1]))
[     6.537][cube-solver-12][DEBUG] Solving cube (l0 = anti_join(), l1 = inner_join(), l2 = inner_join())
[     6.538][cube-solver-10][DEBUG] Solving cube (l0 = left_join(), l1 = natural_join(), l2 = anti_join())
[     6.539][cube-solver-12][DEBUG] Solving cube (l0 = left_join(), l1 = natural_join(), l2 = left_join())
[     6.540][cube-solver-10][DEBUG] Solving cube (l0 = left_join(), l1 = natural_join(), l2 = union())
[     6.589][cube-solver-5][DEBUG] Initialising process for 3 lines of code.
[     6.738][cube-solver-11][DEBUG] Initialising process for 3 lines of code.
[     6.902][cube-solver-5][DEBUG] Solving cube (l0 = left_join(), l1 = natural_join(), l2 = intersect())
[     7.008][cube-solver-11][DEBUG] Solving cube (l0 = left_join(), l1 = natural_join(), l2 = semi_join())
[     7.647][cube-solver-5][DEBUG] Solving cube (l0 = left_join(), l1 = natural_join(), l2 = cross_join([1]))
[     7.670][cube-solver-10][DEBUG] Solving cube (l0 = left_join(), l1 = natural_join(), l2 = inner_join())
[     7.754][cube-solver-12][DEBUG] Solving cube (l0 = left_join(), l1 = natural_join(), l2 = natural_join())
[     7.831][cube-solver-5][DEBUG] Solving cube (l0 = left_join(), l1 = natural_join(), l2 = natural_join3())
[     7.833][cube-solver-5][DEBUG] Solving cube (l0 = left_join(), l1 = natural_join(), l2 = natural_join4())
[     7.835][cube-solver-5][DEBUG] Solving cube (l0 = left_join(), l1 = natural_join3(), l2 = anti_join())
[     7.836][cube-solver-5][DEBUG] Solving cube (l0 = left_join(), l1 = natural_join3(), l2 = left_join())
[     7.838][cube-solver-5][DEBUG] Solving cube (l0 = left_join(), l1 = natural_join3(), l2 = union())
[     7.839][cube-solver-5][DEBUG] Solving cube (l0 = left_join(), l1 = natural_join3(), l2 = intersect())
[     7.841][cube-solver-5][DEBUG] Solving cube (l0 = left_join(), l1 = natural_join3(), l2 = semi_join())
[     7.842][cube-solver-5][DEBUG] Solving cube (l0 = left_join(), l1 = natural_join3(), l2 = cross_join([1]))
[     7.844][cube-solver-5][DEBUG] Solving cube (l0 = left_join(), l1 = natural_join3(), l2 = inner_join())
[     7.846][cube-solver-5][DEBUG] Solving cube (l0 = left_join(), l1 = natural_join3(), l2 = natural_join())
[     7.848][cube-solver-5][DEBUG] Solving cube (l0 = left_join(), l1 = natural_join3(), l2 = natural_join3())
[     7.849][cube-solver-5][DEBUG] Solving cube (l0 = left_join(), l1 = natural_join3(), l2 = natural_join4())
[     7.850][cube-solver-5][DEBUG] Solving cube (l0 = left_join(), l1 = natural_join4(), l2 = anti_join())
[     7.852][cube-solver-5][DEBUG] Solving cube (l0 = left_join(), l1 = natural_join4(), l2 = left_join())
[     7.854][cube-solver-5][DEBUG] Solving cube (l0 = left_join(), l1 = natural_join4(), l2 = union())
[     7.855][cube-solver-5][DEBUG] Solving cube (l0 = left_join(), l1 = natural_join4(), l2 = intersect())
[     7.856][cube-solver-5][DEBUG] Solving cube (l0 = left_join(), l1 = natural_join4(), l2 = semi_join())
[     7.858][cube-solver-5][DEBUG] Solving cube (l0 = left_join(), l1 = natural_join4(), l2 = cross_join([1]))
[     7.860][cube-solver-5][DEBUG] Solving cube (l0 = left_join(), l1 = natural_join4(), l2 = inner_join())
[     7.861][cube-solver-5][DEBUG] Solving cube (l0 = left_join(), l1 = natural_join4(), l2 = natural_join())
[     7.863][cube-solver-5][DEBUG] Solving cube (l0 = left_join(), l1 = natural_join4(), l2 = natural_join3())
[     7.864][cube-solver-5][DEBUG] Solving cube (l0 = left_join(), l1 = natural_join4(), l2 = natural_join4())
[     7.866][cube-solver-5][DEBUG] Solving cube (l0 = left_join(), l1 = anti_join(), l2 = natural_join())
[     8.408][cube-solver-11][DEBUG] Solving cube (l0 = left_join(), l1 = anti_join(), l2 = natural_join3())
[     8.410][cube-solver-11][DEBUG] Solving cube (l0 = left_join(), l1 = anti_join(), l2 = natural_join4())
[     8.412][cube-solver-11][DEBUG] Solving cube (l0 = left_join(), l1 = anti_join(), l2 = anti_join())
[     8.414][cube-solver-11][DEBUG] Solving cube (l0 = left_join(), l1 = anti_join(), l2 = left_join())
[     8.661][cube-solver-12][DEBUG] Solving cube (l0 = left_join(), l1 = anti_join(), l2 = union())
[    13.056][cube-solver-4][DEBUG] Initialising process for 3 lines of code.
[    13.305][cube-solver-4][DEBUG] Solving cube (l0 = left_join(), l1 = anti_join(), l2 = intersect())
[    14.306][cube-solver-5][DEBUG] Solving cube (l0 = left_join(), l1 = anti_join(), l2 = semi_join())
[    15.674][cube-solver-1][DEBUG] Initialising process for 3 lines of code.
[    15.927][cube-solver-1][DEBUG] Solving cube (l0 = left_join(), l1 = anti_join(), l2 = cross_join([1]))
[    16.507][cube-solver-12][DEBUG] Solving cube (l0 = left_join(), l1 = anti_join(), l2 = inner_join())
[    16.630][cube-solver-11][DEBUG] Solving cube (l0 = left_join(), l1 = left_join(), l2 = natural_join())
[    16.929][cube-solver-1][DEBUG] Solving cube (l0 = left_join(), l1 = left_join(), l2 = natural_join3())
[    18.239][cube-solver-11][DEBUG] Solving cube (l0 = left_join(), l1 = left_join(), l2 = natural_join4())
[    18.241][cube-solver-11][DEBUG] Solving cube (l0 = left_join(), l1 = left_join(), l2 = anti_join())
[    18.392][cube-solver-4][DEBUG] Solving cube (l0 = left_join(), l1 = left_join(), l2 = left_join())
[    19.603][cube-solver-1][DEBUG] Solving cube (l0 = left_join(), l1 = left_join(), l2 = union())
[    20.269][cube-solver-4][DEBUG] Solving cube (l0 = left_join(), l1 = left_join(), l2 = intersect())
[    21.438][cube-solver-1][DEBUG] Solving cube (l0 = left_join(), l1 = left_join(), l2 = semi_join())
[    21.440][cube-solver-4][DEBUG] Solving cube (l0 = left_join(), l1 = left_join(), l2 = cross_join([1]))
[    21.702][cube-solver-4][DEBUG] Solving cube (l0 = left_join(), l1 = left_join(), l2 = inner_join())
[    21.956][cube-solver-5][DEBUG] Solving cube (l0 = left_join(), l1 = union(), l2 = natural_join())
[    23.317][cube-solver-1][DEBUG] Solving cube (l0 = left_join(), l1 = union(), l2 = natural_join3())
[    23.524][cube-solver-5][DEBUG] Solving cube (l0 = left_join(), l1 = union(), l2 = natural_join4())
[    23.527][cube-solver-5][DEBUG] Solving cube (l0 = left_join(), l1 = union(), l2 = anti_join())
[    25.991][cube-solver-1][DEBUG] Solving cube (l0 = left_join(), l1 = union(), l2 = left_join())
[    27.988][cube-solver-1][DEBUG] Solving cube (l0 = left_join(), l1 = union(), l2 = union())
[    28.918][cube-solver-11][DEBUG] Solving cube (l0 = left_join(), l1 = union(), l2 = intersect())
[    29.930][cube-solver-1][DEBUG] Solving cube (l0 = left_join(), l1 = union(), l2 = semi_join())
[    30.344][cube-solver-11][DEBUG] Solving cube (l0 = left_join(), l1 = union(), l2 = cross_join([1]))
[    30.583][cube-solver-11][DEBUG] Solving cube (l0 = left_join(), l1 = union(), l2 = inner_join())
[    31.208][cube-solver-9][DEBUG] Initialising process for 3 lines of code.
[    31.459][cube-solver-9][DEBUG] Solving cube (l0 = left_join(), l1 = intersect(), l2 = natural_join())
[    31.798][cube-solver-1][DEBUG] Solving cube (l0 = left_join(), l1 = intersect(), l2 = natural_join3())
[    34.286][cube-solver-5][DEBUG] Solving cube (l0 = left_join(), l1 = intersect(), l2 = natural_join4())
[    34.288][cube-solver-5][DEBUG] Solving cube (l0 = left_join(), l1 = intersect(), l2 = anti_join())
[    36.330][cube-solver-9][DEBUG] Solving cube (l0 = left_join(), l1 = intersect(), l2 = left_join())
[    40.430][cube-solver-1][DEBUG] Solving cube (l0 = left_join(), l1 = intersect(), l2 = union())
[    41.454][cube-solver-9][DEBUG] Solving cube (l0 = left_join(), l1 = intersect(), l2 = intersect())
[    44.693][cube-solver-5][DEBUG] Solving cube (l0 = left_join(), l1 = intersect(), l2 = semi_join())
[    45.687][cube-solver-1][DEBUG] Solving cube (l0 = left_join(), l1 = intersect(), l2 = cross_join([1]))
[    46.005][cube-solver-9][DEBUG] Solving cube (l0 = left_join(), l1 = intersect(), l2 = inner_join())
[    46.806][cube-solver-1][DEBUG] Solving cube (l0 = left_join(), l1 = semi_join(), l2 = natural_join())
[    47.799][cube-solver-5][DEBUG] Solving cube (l0 = left_join(), l1 = semi_join(), l2 = natural_join3())
[    48.380][cube-solver-1][DEBUG] Solving cube (l0 = left_join(), l1 = semi_join(), l2 = natural_join4())
[    48.383][cube-solver-1][DEBUG] Solving cube (l0 = left_join(), l1 = semi_join(), l2 = anti_join())
[    50.499][cube-solver-5][DEBUG] Solving cube (l0 = left_join(), l1 = semi_join(), l2 = left_join())
[    52.411][cube-solver-5][DEBUG] Solving cube (l0 = left_join(), l1 = semi_join(), l2 = union())
[    54.312][cube-solver-5][DEBUG] Solving cube (l0 = left_join(), l1 = semi_join(), l2 = intersect())
[    55.499][cube-solver-5][DEBUG] Solving cube (l0 = left_join(), l1 = semi_join(), l2 = semi_join())
[    57.451][cube-solver-5][DEBUG] Solving cube (l0 = left_join(), l1 = semi_join(), l2 = cross_join([1]))
[    57.713][cube-solver-5][DEBUG] Solving cube (l0 = left_join(), l1 = semi_join(), l2 = inner_join())
[    58.824][cube-solver-7][DEBUG] Initialising process for 3 lines of code.
[    59.071][cube-solver-7][DEBUG] Solving cube (l0 = left_join(), l1 = cross_join([1]), l2 = natural_join())
[    59.221][cube-solver-7][DEBUG] Solving cube (l0 = left_join(), l1 = cross_join([1]), l2 = natural_join3())
[    59.450][cube-solver-7][DEBUG] Solving cube (l0 = left_join(), l1 = cross_join([1]), l2 = natural_join4())
[    59.453][cube-solver-7][DEBUG] Solving cube (l0 = left_join(), l1 = cross_join([1]), l2 = anti_join())
[    59.459][cube-solver-1][DEBUG] Solving cube (l0 = left_join(), l1 = cross_join([1]), l2 = left_join())
[    59.640][cube-solver-1][DEBUG] Solving cube (l0 = left_join(), l1 = cross_join([1]), l2 = union())
[    59.823][cube-solver-1][DEBUG] Solving cube (l0 = left_join(), l1 = cross_join([1]), l2 = intersect())
[    60.385][cube-solver-1][DEBUG] Solving cube (l0 = left_join(), l1 = cross_join([1]), l2 = semi_join())
[    60.471][cube-solver-7][DEBUG] Solving cube (l0 = left_join(), l1 = cross_join([1]), l2 = cross_join([1]))
[    60.570][cube-solver-1][DEBUG] Solving cube (l0 = left_join(), l1 = cross_join([1]), l2 = inner_join())
[    60.659][cube-solver-7][DEBUG] Solving cube (l0 = left_join(), l1 = inner_join(), l2 = natural_join())
[    64.119][cube-solver-3][DEBUG] Initialising process for 3 lines of code.
[    64.365][cube-solver-3][DEBUG] Solving cube (l0 = left_join(), l1 = inner_join(), l2 = natural_join3())
[    68.931][cube-solver-1][DEBUG] Solving cube (l0 = left_join(), l1 = inner_join(), l2 = natural_join4())
[    68.933][cube-solver-1][DEBUG] Solving cube (l0 = left_join(), l1 = inner_join(), l2 = anti_join())
[    84.833][cube-solver-2][DEBUG] Initialising process for 3 lines of code.
[    85.116][cube-solver-2][DEBUG] Solving cube (l0 = left_join(), l1 = inner_join(), l2 = left_join())
[    85.940][cube-solver-0][DEBUG] Initialising process for 3 lines of code.
[    86.156][cube-solver-15][DEBUG] Initialising process for 3 lines of code.
[    86.266][cube-solver-0][DEBUG] Solving cube (l0 = left_join(), l1 = inner_join(), l2 = union())
[    86.327][cube-solver-8][DEBUG] Initialising process for 3 lines of code.
[    86.409][cube-solver-15][DEBUG] Solving cube (l0 = left_join(), l1 = inner_join(), l2 = intersect())
[    86.410][cube-solver-6][DEBUG] Initialising process for 3 lines of code.
[    86.578][cube-solver-8][DEBUG] Solving cube (l0 = left_join(), l1 = inner_join(), l2 = semi_join())
[    86.675][cube-solver-6][DEBUG] Solving cube (l0 = left_join(), l1 = inner_join(), l2 = cross_join([1]))
[    98.526][cube-solver-6][DEBUG] Solving cube (l0 = left_join(), l1 = inner_join(), l2 = inner_join())
[   125.169][cube-solver-9][DEBUG] Solving cube (l0 = union(), l1 = natural_join(), l2 = anti_join())
[   125.171][cube-solver-9][DEBUG] Solving cube (l0 = union(), l1 = natural_join(), l2 = left_join())
[   126.253][cube-solver-9][DEBUG] Solving cube (l0 = union(), l1 = natural_join(), l2 = union())
[   127.374][cube-solver-9][DEBUG] Solving cube (l0 = union(), l1 = natural_join(), l2 = intersect())
[   128.144][cube-solver-9][DEBUG] Solving cube (l0 = union(), l1 = natural_join(), l2 = semi_join())
[   129.208][cube-solver-9][DEBUG] Solving cube (l0 = union(), l1 = natural_join(), l2 = cross_join([1]))
[   129.337][cube-solver-9][DEBUG] Solving cube (l0 = union(), l1 = natural_join(), l2 = inner_join())
[   144.259][cube-solver-15][DEBUG] Solving cube (l0 = union(), l1 = natural_join(), l2 = natural_join())
[   145.115][cube-solver-15][DEBUG] Solving cube (l0 = union(), l1 = natural_join(), l2 = natural_join3())
[   145.117][cube-solver-15][DEBUG] Solving cube (l0 = union(), l1 = natural_join(), l2 = natural_join4())
[   145.119][cube-solver-15][DEBUG] Solving cube (l0 = union(), l1 = natural_join3(), l2 = anti_join())
[   145.123][cube-solver-15][DEBUG] Solving cube (l0 = union(), l1 = natural_join3(), l2 = left_join())
[   145.126][cube-solver-15][DEBUG] Solving cube (l0 = union(), l1 = natural_join3(), l2 = union())
[   145.128][cube-solver-15][DEBUG] Solving cube (l0 = union(), l1 = natural_join3(), l2 = intersect())
[   145.131][cube-solver-15][DEBUG] Solving cube (l0 = union(), l1 = natural_join3(), l2 = semi_join())
[   145.134][cube-solver-15][DEBUG] Solving cube (l0 = union(), l1 = natural_join3(), l2 = cross_join([1]))
[   145.137][cube-solver-15][DEBUG] Solving cube (l0 = union(), l1 = natural_join3(), l2 = inner_join())
[   145.140][cube-solver-15][DEBUG] Solving cube (l0 = union(), l1 = natural_join3(), l2 = natural_join())
[   145.143][cube-solver-15][DEBUG] Solving cube (l0 = union(), l1 = natural_join3(), l2 = natural_join3())
[   145.145][cube-solver-15][DEBUG] Solving cube (l0 = union(), l1 = natural_join3(), l2 = natural_join4())
[   145.147][cube-solver-15][DEBUG] Solving cube (l0 = union(), l1 = natural_join4(), l2 = anti_join())
[   145.150][cube-solver-15][DEBUG] Solving cube (l0 = union(), l1 = natural_join4(), l2 = left_join())
[   145.152][cube-solver-15][DEBUG] Solving cube (l0 = union(), l1 = natural_join4(), l2 = union())
[   145.155][cube-solver-15][DEBUG] Solving cube (l0 = union(), l1 = natural_join4(), l2 = intersect())
[   145.157][cube-solver-15][DEBUG] Solving cube (l0 = union(), l1 = natural_join4(), l2 = semi_join())
[   145.160][cube-solver-15][DEBUG] Solving cube (l0 = union(), l1 = natural_join4(), l2 = cross_join([1]))
[   145.163][cube-solver-15][DEBUG] Solving cube (l0 = union(), l1 = natural_join4(), l2 = inner_join())
[   145.165][cube-solver-15][DEBUG] Solving cube (l0 = union(), l1 = natural_join4(), l2 = natural_join())
[   145.168][cube-solver-15][DEBUG] Solving cube (l0 = union(), l1 = natural_join4(), l2 = natural_join3())
[   145.170][cube-solver-15][DEBUG] Solving cube (l0 = union(), l1 = natural_join4(), l2 = natural_join4())
[   145.172][cube-solver-15][DEBUG] Solving cube (l0 = union(), l1 = anti_join(), l2 = natural_join())
[   151.772][cube-solver-15][DEBUG] Solving cube (l0 = union(), l1 = anti_join(), l2 = natural_join3())
[   151.774][cube-solver-15][DEBUG] Solving cube (l0 = union(), l1 = anti_join(), l2 = natural_join4())
[   151.776][cube-solver-15][DEBUG] Solving cube (l0 = union(), l1 = anti_join(), l2 = anti_join())
[   151.778][cube-solver-15][DEBUG] Solving cube (l0 = union(), l1 = anti_join(), l2 = left_join())
[   159.487][cube-solver-15][DEBUG] Solving cube (l0 = union(), l1 = anti_join(), l2 = union())
[   167.002][cube-solver-15][DEBUG] Solving cube (l0 = union(), l1 = anti_join(), l2 = intersect())
[   172.099][cube-solver-15][DEBUG] Solving cube (l0 = union(), l1 = anti_join(), l2 = semi_join())
[   179.870][cube-solver-15][DEBUG] Solving cube (l0 = union(), l1 = anti_join(), l2 = cross_join([1]))
[   180.777][cube-solver-15][DEBUG] Solving cube (l0 = union(), l1 = anti_join(), l2 = inner_join())
[   226.395][cube-solver-14][DEBUG] Initialising process for 3 lines of code.
[   226.650][cube-solver-14][DEBUG] Solving cube (l0 = union(), l1 = left_join(), l2 = natural_join())
[   228.183][cube-solver-14][DEBUG] Solving cube (l0 = union(), l1 = left_join(), l2 = natural_join3())
[   230.898][cube-solver-14][DEBUG] Solving cube (l0 = union(), l1 = left_join(), l2 = natural_join4())
[   230.902][cube-solver-14][DEBUG] Solving cube (l0 = union(), l1 = left_join(), l2 = anti_join())
[   241.575][cube-solver-14][DEBUG] Solving cube (l0 = union(), l1 = left_join(), l2 = left_join())
[   243.547][cube-solver-14][DEBUG] Solving cube (l0 = union(), l1 = left_join(), l2 = union())
[   245.378][cube-solver-14][DEBUG] Solving cube (l0 = union(), l1 = left_join(), l2 = intersect())
[   246.688][cube-solver-14][DEBUG] Solving cube (l0 = union(), l1 = left_join(), l2 = semi_join())
[   248.625][cube-solver-14][DEBUG] Solving cube (l0 = union(), l1 = left_join(), l2 = cross_join([1]))
[   248.895][cube-solver-14][DEBUG] Solving cube (l0 = union(), l1 = left_join(), l2 = inner_join())
[   279.501][cube-solver-10][DEBUG] Solving cube (l0 = union(), l1 = union(), l2 = natural_join())
[   280.974][cube-solver-10][DEBUG] Solving cube (l0 = union(), l1 = union(), l2 = natural_join3())
[   283.614][cube-solver-10][DEBUG] Solving cube (l0 = union(), l1 = union(), l2 = natural_join4())
[   283.616][cube-solver-10][DEBUG] Solving cube (l0 = union(), l1 = union(), l2 = anti_join())
[   294.077][cube-solver-10][DEBUG] Solving cube (l0 = union(), l1 = union(), l2 = left_join())
[   295.959][cube-solver-10][DEBUG] Solving cube (l0 = union(), l1 = union(), l2 = union())
[   297.689][cube-solver-10][DEBUG] Solving cube (l0 = union(), l1 = union(), l2 = intersect())
[   298.917][cube-solver-10][DEBUG] Solving cube (l0 = union(), l1 = union(), l2 = semi_join())
[   300.744][cube-solver-10][DEBUG] Solving cube (l0 = union(), l1 = union(), l2 = cross_join([1]))
[   300.940][cube-solver-10][DEBUG] Solving cube (l0 = union(), l1 = union(), l2 = inner_join())
[   394.831][cube-solver-8][DEBUG] Solving cube (l0 = union(), l1 = intersect(), l2 = natural_join())
[   397.637][cube-solver-8][DEBUG] Solving cube (l0 = union(), l1 = intersect(), l2 = natural_join3())
[   402.739][cube-solver-8][DEBUG] Solving cube (l0 = union(), l1 = intersect(), l2 = natural_join4())
[   402.741][cube-solver-8][DEBUG] Solving cube (l0 = union(), l1 = intersect(), l2 = anti_join())
[   402.788][cube-solver-9][DEBUG] Solving cube (l0 = union(), l1 = intersect(), l2 = left_join())
[   405.739][cube-solver-9][DEBUG] Solving cube (l0 = union(), l1 = intersect(), l2 = union())
[   408.665][cube-solver-9][DEBUG] Solving cube (l0 = union(), l1 = intersect(), l2 = intersect())
[   410.888][cube-solver-8][DEBUG] Solving cube (l0 = union(), l1 = intersect(), l2 = semi_join())
[   412.496][cube-solver-9][DEBUG] Solving cube (l0 = union(), l1 = intersect(), l2 = cross_join([1]))
[   412.955][cube-solver-8][DEBUG] Solving cube (l0 = union(), l1 = intersect(), l2 = inner_join())
[   413.609][cube-solver-9][DEBUG] Solving cube (l0 = union(), l1 = semi_join(), l2 = natural_join())
[   415.119][cube-solver-9][DEBUG] Solving cube (l0 = union(), l1 = semi_join(), l2 = natural_join3())
[   417.784][cube-solver-9][DEBUG] Solving cube (l0 = union(), l1 = semi_join(), l2 = natural_join4())
[   417.787][cube-solver-9][DEBUG] Solving cube (l0 = union(), l1 = semi_join(), l2 = anti_join())
[   428.449][cube-solver-9][DEBUG] Solving cube (l0 = union(), l1 = semi_join(), l2 = left_join())
[   430.440][cube-solver-9][DEBUG] Solving cube (l0 = union(), l1 = semi_join(), l2 = union())
[   432.247][cube-solver-9][DEBUG] Solving cube (l0 = union(), l1 = semi_join(), l2 = intersect())
[   433.418][cube-solver-9][DEBUG] Solving cube (l0 = union(), l1 = semi_join(), l2 = semi_join())
[   435.242][cube-solver-9][DEBUG] Solving cube (l0 = union(), l1 = semi_join(), l2 = cross_join([1]))
[   435.478][cube-solver-9][DEBUG] Solving cube (l0 = union(), l1 = semi_join(), l2 = inner_join())
[   443.586][cube-solver-7][DEBUG] Solving cube (l0 = union(), l1 = cross_join([1]), l2 = natural_join())
[   443.709][cube-solver-7][DEBUG] Solving cube (l0 = union(), l1 = cross_join([1]), l2 = natural_join3())
[   443.944][cube-solver-7][DEBUG] Solving cube (l0 = union(), l1 = cross_join([1]), l2 = natural_join4())
[   443.946][cube-solver-7][DEBUG] Solving cube (l0 = union(), l1 = cross_join([1]), l2 = anti_join())
[   444.771][cube-solver-7][DEBUG] Solving cube (l0 = union(), l1 = cross_join([1]), l2 = left_join())
[   444.922][cube-solver-7][DEBUG] Solving cube (l0 = union(), l1 = cross_join([1]), l2 = union())
[   445.072][cube-solver-7][DEBUG] Solving cube (l0 = union(), l1 = cross_join([1]), l2 = intersect())
[   445.516][cube-solver-7][DEBUG] Solving cube (l0 = union(), l1 = cross_join([1]), l2 = semi_join())
[   445.668][cube-solver-7][DEBUG] Solving cube (l0 = union(), l1 = cross_join([1]), l2 = cross_join([1]))
[   445.825][cube-solver-7][DEBUG] Solving cube (l0 = union(), l1 = cross_join([1]), l2 = inner_join())
[   452.713][cube-solver-7][DEBUG] Solving cube (l0 = union(), l1 = inner_join(), l2 = natural_join())
[   475.394][cube-solver-8][DEBUG] Solving cube (l0 = union(), l1 = inner_join(), l2 = natural_join3())
[   486.915][cube-solver-4][DEBUG] Solving cube (l0 = union(), l1 = inner_join(), l2 = natural_join4())
[   486.918][cube-solver-4][DEBUG] Solving cube (l0 = union(), l1 = inner_join(), l2 = anti_join())
[   499.165][cube-solver-11][DEBUG] Solving cube (l0 = union(), l1 = inner_join(), l2 = left_join())
[   525.512][cube-solver-5][DEBUG] Solving cube (l0 = union(), l1 = inner_join(), l2 = union())
[   549.554][cube-solver-2][DEBUG] Solving cube (l0 = union(), l1 = inner_join(), l2 = intersect())
[   551.797][cube-solver-0][DEBUG] Solving cube (l0 = union(), l1 = inner_join(), l2 = semi_join())
[   600.006][MainProcess][INFO] Statistics:
[   600.006][MainProcess][INFO] 	Generated cubes: 708
[   600.006][MainProcess][INFO] 	Attempted programs: 22615
[   600.006][MainProcess][INFO] 		Rejected: 12968
[   600.006][MainProcess][INFO] 		Failed: 9647
[   600.006][MainProcess][INFO] 	Blacklist clauses: 1
[   600.007][MainProcess][DEBUG] Printing statistics for good programs of size 1
[   600.013][MainProcess][DEBUG] 	0: Counter({'inner_join': 3456, 'union': 12, 'left_join': 12, 'semi_join': 12})
[   600.013][MainProcess][DEBUG] Printing statistics for good programs of size 2
[   600.144][MainProcess][DEBUG] 	0: Counter({'inner_join': 140807, 'left_join': 10668, 'union': 10668, 'semi_join': 10668, 'intersect': 756})
[   600.207][MainProcess][DEBUG] 	1: Counter({'inner_join': 109271, 'anti_join': 28548, 'left_join': 10548, 'union': 10548, 'semi_join': 7596, 'natural_join': 7056})
[   600.207][MainProcess][DEBUG] Printing statistics for good programs of size 3
[   600.398][MainProcess][DEBUG] 	0: Counter({'left_join': 702317, 'union': 280137})
[   600.584][MainProcess][DEBUG] 	1: Counter({'inner_join': 478337, 'anti_join': 132556, 'left_join': 107402, 'union': 101452, 'semi_join': 83819, 'natural_join': 70032, 'intersect': 8856})
[   600.782][MainProcess][DEBUG] 	2: Counter({'inner_join': 542738, 'anti_join': 87739, 'natural_join3': 86039, 'left_join': 75490, 'union': 72157, 'natural_join': 70415, 'semi_join': 47876})

No solution found
