[     1.597][MainProcess][INFO] Parsing specification...
[     1.600][MainProcess][WARNING] "attrs" field is deprecated. Please use "columns"
[     1.600][MainProcess][WARNING] "aggrs" field is deprecated. Please use "functions"
[     1.601][MainProcess][DEBUG] Reading input files...
[     1.610][MainProcess][INFO] Inferred data types for table tests-examples/scythe/top_rated_posts/tables/i007.csv: ['int64', 'int64', 'datetime64[ns]', 'string', 'int64']
[     1.617][MainProcess][INFO] Inferred data types for table tests-examples/scythe/top_rated_posts/tables/o007.csv: ['int64', 'int64', 'datetime64[ns]', 'string', 'int64']
[     1.652][MainProcess][DEBUG] Generating DSL...
[     1.823][MainProcess][INFO] Creating 4 processes
[     1.840][MainProcess][DEBUG] Increasing generator loc to 2
[     1.995][cube-solver-2][DEBUG] Initialising process for 2 lines of code.
[     1.996][cube-solver-0][DEBUG] Initialising process for 1 lines of code.
[     1.997][cube-solver-1][DEBUG] Initialising process for 1 lines of code.
[     2.004][cube-solver-3][DEBUG] Initialising process for 2 lines of code.
[     4.629][cube-solver-1][DEBUG] Solving cube (l0 = mutate(),)
[     4.664][cube-solver-0][DEBUG] Solving cube (l0 = summarise(),)
[     4.848][cube-solver-0][DEBUG] Initialising process for 2 lines of code.
[     7.201][cube-solver-2][DEBUG] Solving cube (l0 = natural_join(), l1 = summarise())
[     7.239][cube-solver-2][DEBUG] Solving cube (l0 = natural_join3(), l1 = mutate())
[     7.259][cube-solver-2][DEBUG] Solving cube (l0 = natural_join4(), l1 = summarise())
[     7.277][cube-solver-2][DEBUG] Solving cube (l0 = natural_join4(), l1 = mutate())
[     7.295][cube-solver-2][DEBUG] Solving cube (l0 = summarise(), l1 = natural_join())
[     7.373][cube-solver-3][DEBUG] Solving cube (l0 = natural_join(), l1 = mutate())
[     7.398][cube-solver-3][DEBUG] Solving cube (l0 = summarise(), l1 = natural_join3())
[     7.416][cube-solver-3][DEBUG] Solving cube (l0 = summarise(), l1 = natural_join4())
[     7.429][cube-solver-3][DEBUG] Solving cube (l0 = summarise(), l1 = summarise())
[     7.443][cube-solver-3][DEBUG] Solving cube (l0 = summarise(), l1 = filter())
[     8.309][cube-solver-3][DEBUG] Solving cube (l0 = summarise(), l1 = anti_join())
[    10.071][cube-solver-0][DEBUG] Solving cube (l0 = natural_join3(), l1 = summarise())
[    10.112][cube-solver-0][DEBUG] Solving cube (l0 = summarise(), l1 = left_join())
[    14.567][cube-solver-1][DEBUG] Initialising process for 2 lines of code.
[    19.954][cube-solver-1][DEBUG] Solving cube (l0 = summarise(), l1 = union())
[    95.281][cube-solver-3][DEBUG] Solving cube (l0 = summarise(), l1 = intersect())
[    99.431][cube-solver-3][DEBUG] Solving cube (l0 = summarise(), l1 = semi_join())
[   124.416][cube-solver-3][DEBUG] Solving cube (l0 = summarise(), l1 = cross_join())
[   293.099][cube-solver-2][DEBUG] Solving cube (l0 = summarise(), l1 = mutate())
[   293.273][cube-solver-2][DEBUG] Solving cube (l0 = summarise(), l1 = inner_join())
[   302.176][cube-solver-0][DEBUG] Solving cube (l0 = filter(), l1 = summarise())
[   302.189][cube-solver-0][DEBUG] Solving cube (l0 = filter(), l1 = mutate())
[   302.202][cube-solver-0][DEBUG] Solving cube (l0 = anti_join(), l1 = summarise())
[   302.215][cube-solver-0][DEBUG] Solving cube (l0 = anti_join(), l1 = mutate())
[   302.228][cube-solver-0][DEBUG] Solving cube (l0 = left_join(), l1 = summarise())
[   302.443][cube-solver-0][DEBUG] Solving cube (l0 = left_join(), l1 = mutate())
[   309.221][cube-solver-1][DEBUG] Solving cube (l0 = union(), l1 = summarise())
[   309.403][cube-solver-1][DEBUG] Solving cube (l0 = union(), l1 = mutate())
[   312.295][cube-solver-0][DEBUG] Solving cube (l0 = intersect(), l1 = summarise())
[   313.454][cube-solver-0][DEBUG] Solving cube (l0 = intersect(), l1 = mutate())
[   313.540][cube-solver-0][DEBUG] Solving cube (l0 = semi_join(), l1 = summarise())
[   313.735][cube-solver-0][DEBUG] Solving cube (l0 = semi_join(), l1 = mutate())
[   319.136][cube-solver-1][DEBUG] Solving cube (l0 = cross_join(), l1 = summarise())
[   323.478][cube-solver-0][DEBUG] Solving cube (l0 = cross_join([4]), l1 = mutate())
[   599.992][MainProcess][INFO] Statistics:
[   599.994][MainProcess][INFO] 	Generated cubes: 35
[   599.994][MainProcess][INFO] 	Attempted programs: 1104
[   599.994][MainProcess][INFO] 		Rejected: 386
[   599.994][MainProcess][INFO] 		Failed: 718
[   599.994][MainProcess][INFO] 	Blacklist clauses: 4
[   599.995][MainProcess][DEBUG] Printing statistics for good programs of size 1
[   599.998][MainProcess][DEBUG] 	0: Counter({'mutate': 1440})
[   599.998][MainProcess][DEBUG] Printing statistics for good programs of size 2
[   600.126][MainProcess][DEBUG] 	0: Counter({'summarise': 260000, 'cross_join': 40810, 'left_join': 1440, 'union': 1440, 'semi_join': 1440})
[   600.182][MainProcess][DEBUG] 	1: Counter({'cross_join': 69439, 'inner_join': 45361, 'mutate': 45130, 'natural_join': 43200, 'left_join': 43200, 'union': 43200, 'anti_join': 12000, 'semi_join': 3600})

No solution found
