[     1.541][MainProcess][INFO] Parsing specification...
[     1.544][MainProcess][WARNING] "attrs" field is deprecated. Please use "columns"
[     1.544][MainProcess][WARNING] "aggrs" field is deprecated. Please use "functions"
[     1.544][MainProcess][DEBUG] Reading input files...
[     1.551][MainProcess][INFO] Inferred data types for table tests-examples/scythe/top_rated_posts/tables/i016.csv: ['int64', 'int64', 'string']
[     1.555][MainProcess][INFO] Inferred data types for table tests-examples/scythe/top_rated_posts/tables/o016.csv: ['int64', 'string']
[     1.581][MainProcess][DEBUG] Generating DSL...
[     1.615][MainProcess][INFO] Creating 4 processes
[     1.632][MainProcess][DEBUG] Increasing generator loc to 2
[     1.668][cube-solver-0][DEBUG] Initialising process for 1 lines of code.
[     1.673][cube-solver-1][DEBUG] Initialising process for 1 lines of code.
[     1.673][cube-solver-2][DEBUG] Initialising process for 2 lines of code.
[     1.677][cube-solver-3][DEBUG] Initialising process for 2 lines of code.
[     1.990][cube-solver-0][DEBUG] Solving cube (l0 = summarise(),)
[     1.994][cube-solver-1][DEBUG] Solving cube (l0 = mutate(),)
[     2.343][cube-solver-2][DEBUG] Solving cube (l0 = natural_join(), l1 = summarise())
[     2.353][cube-solver-2][DEBUG] Solving cube (l0 = natural_join3(), l1 = summarise())
[     2.359][cube-solver-2][DEBUG] Solving cube (l0 = natural_join3(), l1 = mutate())
[     2.359][cube-solver-3][DEBUG] Solving cube (l0 = natural_join(), l1 = mutate())
[     2.361][cube-solver-2][DEBUG] Solving cube (l0 = natural_join4(), l1 = summarise())
[     2.363][cube-solver-2][DEBUG] Solving cube (l0 = natural_join4(), l1 = mutate())
[     2.366][cube-solver-2][DEBUG] Solving cube (l0 = summarise(), l1 = natural_join())
[     2.370][cube-solver-3][DEBUG] Solving cube (l0 = summarise(), l1 = natural_join3())
[     2.376][cube-solver-3][DEBUG] Solving cube (l0 = summarise(), l1 = natural_join4())
[     2.379][cube-solver-3][DEBUG] Solving cube (l0 = summarise(), l1 = summarise())
[     2.381][cube-solver-3][DEBUG] Solving cube (l0 = summarise(), l1 = anti_join())
[     2.530][cube-solver-0][DEBUG] Found solution with cube (l0 = summarise(),)
[     2.532][MainProcess][INFO] Statistics:
[     2.532][MainProcess][INFO] 	Generated cubes: 13
[     2.532][MainProcess][INFO] 	Attempted programs: 10
[     2.533][MainProcess][INFO] 		Rejected: 9
[     2.533][MainProcess][INFO] 		Failed: 0
[     2.533][MainProcess][INFO] 	Blacklist clauses: 0
[     2.533][MainProcess][DEBUG] Printing statistics for good programs of size 1
[     2.534][MainProcess][DEBUG] 	0: Counter({'mutate': 84, 'summarise': 77})
[     2.534][MainProcess][DEBUG] Printing statistics for good programs of size 2
[     2.534][MainProcess][DEBUG] 	0: Counter({'summarise': 25})
[     2.534][MainProcess][DEBUG] 	1: Counter({'natural_join': 14, 'anti_join': 11})
[     2.534][MainProcess][INFO] Solution found: summarise(@param0, concatEMPLOYEE = string_agg(EMPLOYEE, ', '), COMPANY_ID)

------------------------------------- R Solution ---------------------------------------

con <- DBI::dbConnect(RSQLite::SQLite(), ":memory:")
input1 <- read_csv("tests-examples/scythe/top_rated_posts/tables/i016.csv", col_types = cols(ID = col_integer(),COMPANY_ID = col_integer(),EMPLOYEE = col_character()))
input1 <- copy_to(con, input1)
expected_output <- read_csv("tests-examples/scythe/top_rated_posts/tables/o016.csv", col_types = cols(COMPANY_ID = col_integer(),concatEMPLOYEE = col_character()))

string_agg <- function(v,s) {Reduce(function(x, y) paste(x, y, sep = s), v)}

df2 <- input1 %>% group_by(COMPANY_ID) %>% summarise(concatEMPLOYEE = string_agg(EMPLOYEE, ', ')) %>% ungroup()
out <- df2 %>% select(COMPANY_ID, concatEMPLOYEE) %>% arrange(COMPANY_ID)


+++++++++++++++++++++++++++++++++++++ SQL Solution +++++++++++++++++++++++++++++++++++++

SELECT `COMPANY_ID`,
       `concatEMPLOYEE`
FROM
  (SELECT `COMPANY_ID`,
          string_agg(`EMPLOYEE`, ', ') AS concatEMPLOYEE
   FROM input1
   GROUP BY COMPANY_ID)
ORDER BY COMPANY_ID
