[     1.628][MainProcess][INFO] Parsing specification...
[     1.631][MainProcess][DEBUG] Reading input files...
[     1.644][MainProcess][INFO] Inferred data types for table tests-examples/scythe/top_rated_posts/tables/i026.csv: ['datetime64[ns]', 'string', 'float64']
[     1.651][MainProcess][INFO] Inferred data types for table tests-examples/scythe/top_rated_posts/tables/o026.csv: ['datetime64[ns]', 'float64', 'float64', 'float64']
[     1.686][MainProcess][DEBUG] Generating DSL...
[     1.699][MainProcess][INFO] Creating 4 processes
[     1.738][cube-solver-0][DEBUG] Initialising process for 1 lines of code.
[     1.742][cube-solver-1][DEBUG] Initialising process for 1 lines of code.
[     1.745][cube-solver-2][DEBUG] Initialising process for 1 lines of code.
[     1.747][cube-solver-3][DEBUG] Initialising process for 1 lines of code.
[     1.777][cube-solver-0][DEBUG] Solving cube (l0 = natural_join(),)
[     1.778][cube-solver-0][DEBUG] Solving cube (l0 = left_join(),)
[     1.781][cube-solver-1][DEBUG] Solving cube (l0 = natural_join3(),)
[     1.782][cube-solver-1][DEBUG] Solving cube (l0 = union(),)
[     1.782][cube-solver-2][DEBUG] Solving cube (l0 = natural_join4(),)
[     1.785][cube-solver-2][DEBUG] Solving cube (l0 = intersect(),)
[     1.787][cube-solver-3][DEBUG] Solving cube (l0 = anti_join(),)
[     1.788][cube-solver-3][DEBUG] Solving cube (l0 = semi_join(),)
[     1.789][cube-solver-1][DEBUG] Solving cube (l0 = cross_join(),)
[     1.791][cube-solver-0][DEBUG] Solving cube (l0 = inner_join(),)
[     1.799][MainProcess][DEBUG] Increasing generator loc to 2
[     1.800][cube-solver-1][DEBUG] Initialising process for 2 lines of code.
[     1.800][cube-solver-3][DEBUG] Initialising process for 2 lines of code.
[     1.846][cube-solver-2][DEBUG] Initialising process for 2 lines of code.
[     1.889][cube-solver-3][DEBUG] Solving cube (l0 = natural_join(), l1 = left_join())
[     1.890][cube-solver-1][DEBUG] Solving cube (l0 = natural_join(), l1 = anti_join())
[     1.890][cube-solver-3][DEBUG] Solving cube (l0 = natural_join(), l1 = intersect())
[     1.891][cube-solver-1][DEBUG] Solving cube (l0 = natural_join(), l1 = semi_join())
[     1.892][cube-solver-3][DEBUG] Solving cube (l0 = natural_join(), l1 = cross_join([1]))
[     1.892][cube-solver-1][DEBUG] Solving cube (l0 = natural_join(), l1 = inner_join())
[     1.893][cube-solver-1][DEBUG] Solving cube (l0 = natural_join(), l1 = natural_join())
[     1.893][cube-solver-3][DEBUG] Solving cube (l0 = natural_join(), l1 = natural_join3())
[     1.894][cube-solver-1][DEBUG] Solving cube (l0 = natural_join(), l1 = natural_join4())
[     1.895][cube-solver-3][DEBUG] Solving cube (l0 = natural_join3(), l1 = anti_join())
[     1.895][cube-solver-1][DEBUG] Solving cube (l0 = natural_join3(), l1 = left_join())
[     1.896][cube-solver-3][DEBUG] Solving cube (l0 = natural_join3(), l1 = union())
[     1.896][cube-solver-1][DEBUG] Solving cube (l0 = natural_join3(), l1 = intersect())
[     1.897][cube-solver-3][DEBUG] Solving cube (l0 = natural_join3(), l1 = semi_join())
[     1.897][cube-solver-1][DEBUG] Solving cube (l0 = natural_join3(), l1 = cross_join([1]))
[     1.898][cube-solver-3][DEBUG] Solving cube (l0 = natural_join3(), l1 = inner_join())
[     1.899][cube-solver-3][DEBUG] Solving cube (l0 = natural_join3(), l1 = natural_join())
[     1.899][cube-solver-1][DEBUG] Solving cube (l0 = natural_join3(), l1 = natural_join3())
[     1.900][cube-solver-3][DEBUG] Solving cube (l0 = natural_join3(), l1 = natural_join4())
[     1.900][cube-solver-1][DEBUG] Solving cube (l0 = natural_join4(), l1 = anti_join())
[     1.901][cube-solver-3][DEBUG] Solving cube (l0 = natural_join4(), l1 = left_join())
[     1.901][cube-solver-1][DEBUG] Solving cube (l0 = natural_join4(), l1 = union())
[     1.902][cube-solver-3][DEBUG] Solving cube (l0 = natural_join4(), l1 = intersect())
[     1.902][cube-solver-1][DEBUG] Solving cube (l0 = natural_join4(), l1 = semi_join())
[     1.903][cube-solver-3][DEBUG] Solving cube (l0 = natural_join4(), l1 = cross_join([1]))
[     1.903][cube-solver-1][DEBUG] Solving cube (l0 = natural_join4(), l1 = inner_join())
[     1.904][cube-solver-1][DEBUG] Solving cube (l0 = natural_join4(), l1 = natural_join())
[     1.904][cube-solver-3][DEBUG] Solving cube (l0 = natural_join4(), l1 = natural_join3())
[     1.905][cube-solver-1][DEBUG] Solving cube (l0 = natural_join4(), l1 = natural_join4())
[     1.905][cube-solver-3][DEBUG] Solving cube (l0 = anti_join(), l1 = natural_join())
[     1.906][cube-solver-1][DEBUG] Solving cube (l0 = anti_join(), l1 = natural_join3())
[     1.906][cube-solver-3][DEBUG] Solving cube (l0 = anti_join(), l1 = natural_join4())
[     1.907][cube-solver-1][DEBUG] Solving cube (l0 = anti_join(), l1 = anti_join())
[     1.907][cube-solver-3][DEBUG] Solving cube (l0 = anti_join(), l1 = left_join())
[     1.908][cube-solver-1][DEBUG] Solving cube (l0 = anti_join(), l1 = union())
[     1.908][cube-solver-3][DEBUG] Solving cube (l0 = anti_join(), l1 = intersect())
[     1.909][cube-solver-1][DEBUG] Solving cube (l0 = anti_join(), l1 = semi_join())
[     1.909][cube-solver-3][DEBUG] Solving cube (l0 = anti_join(), l1 = cross_join([1]))
[     1.910][cube-solver-1][DEBUG] Solving cube (l0 = anti_join(), l1 = inner_join())
[     1.911][cube-solver-3][DEBUG] Solving cube (l0 = left_join(), l1 = natural_join())
[     1.911][cube-solver-1][DEBUG] Solving cube (l0 = left_join(), l1 = natural_join3())
[     1.912][cube-solver-1][DEBUG] Solving cube (l0 = left_join(), l1 = natural_join4())
[     1.913][cube-solver-1][DEBUG] Solving cube (l0 = left_join(), l1 = anti_join())
[     1.934][cube-solver-3][DEBUG] Solving cube (l0 = left_join(), l1 = left_join())
[     1.945][cube-solver-2][DEBUG] Solving cube (l0 = natural_join(), l1 = union())
[     1.946][cube-solver-2][DEBUG] Solving cube (l0 = left_join(), l1 = union())
[     1.967][cube-solver-3][DEBUG] Solving cube (l0 = left_join(), l1 = intersect())
[     1.981][cube-solver-2][DEBUG] Solving cube (l0 = left_join(), l1 = semi_join())
[     2.015][cube-solver-2][DEBUG] Solving cube (l0 = left_join(), l1 = cross_join([1]))
[     2.040][cube-solver-2][DEBUG] Solving cube (l0 = left_join(), l1 = inner_join())
[     2.051][cube-solver-1][DEBUG] Solving cube (l0 = union(), l1 = natural_join())
[     2.069][cube-solver-1][DEBUG] Solving cube (l0 = union(), l1 = natural_join3())
[     2.071][cube-solver-1][DEBUG] Solving cube (l0 = union(), l1 = natural_join4())
[     2.072][cube-solver-1][DEBUG] Solving cube (l0 = union(), l1 = anti_join())
[     2.130][cube-solver-3][DEBUG] Solving cube (l0 = union(), l1 = left_join())
[     2.163][cube-solver-3][DEBUG] Solving cube (l0 = union(), l1 = union())
[     2.182][cube-solver-1][DEBUG] Solving cube (l0 = union(), l1 = intersect())
[     2.198][cube-solver-3][DEBUG] Solving cube (l0 = union(), l1 = semi_join())
[     2.227][cube-solver-3][DEBUG] Solving cube (l0 = union(), l1 = cross_join([1]))
[     2.252][cube-solver-3][DEBUG] Solving cube (l0 = union(), l1 = inner_join())
[     2.396][cube-solver-1][DEBUG] Solving cube (l0 = intersect(), l1 = natural_join())
[     2.471][cube-solver-1][DEBUG] Solving cube (l0 = intersect(), l1 = natural_join3())
[     2.472][cube-solver-1][DEBUG] Solving cube (l0 = intersect(), l1 = natural_join4())
[     2.473][cube-solver-1][DEBUG] Solving cube (l0 = intersect(), l1 = anti_join())
[     2.999][cube-solver-1][DEBUG] Solving cube (l0 = intersect(), l1 = left_join())
[     3.125][cube-solver-1][DEBUG] Solving cube (l0 = intersect(), l1 = union())
[     3.242][cube-solver-1][DEBUG] Solving cube (l0 = intersect(), l1 = intersect())
[     3.748][cube-solver-1][DEBUG] Solving cube (l0 = intersect(), l1 = semi_join())
[     3.881][cube-solver-1][DEBUG] Solving cube (l0 = intersect(), l1 = cross_join([1]))
[     3.987][cube-solver-1][DEBUG] Solving cube (l0 = intersect(), l1 = inner_join())
[     4.737][cube-solver-1][DEBUG] Solving cube (l0 = semi_join(), l1 = natural_join())
[     4.755][cube-solver-1][DEBUG] Solving cube (l0 = semi_join(), l1 = natural_join3())
[     4.756][cube-solver-1][DEBUG] Solving cube (l0 = semi_join(), l1 = natural_join4())
[     4.757][cube-solver-1][DEBUG] Solving cube (l0 = semi_join(), l1 = anti_join())
[     4.869][cube-solver-1][DEBUG] Solving cube (l0 = semi_join(), l1 = left_join())
[     4.897][cube-solver-1][DEBUG] Solving cube (l0 = semi_join(), l1 = union())
[     4.922][cube-solver-1][DEBUG] Solving cube (l0 = semi_join(), l1 = intersect())
[     5.038][cube-solver-1][DEBUG] Solving cube (l0 = semi_join(), l1 = semi_join())
[     5.064][cube-solver-1][DEBUG] Solving cube (l0 = semi_join(), l1 = cross_join([1]))
[     5.085][cube-solver-1][DEBUG] Solving cube (l0 = semi_join(), l1 = inner_join())
[     7.446][cube-solver-0][DEBUG] Initialising process for 2 lines of code.
[     7.573][cube-solver-0][DEBUG] Solving cube (l0 = cross_join([1]), l1 = natural_join())
[     7.578][cube-solver-0][DEBUG] Solving cube (l0 = cross_join([1]), l1 = natural_join3())
[     7.583][cube-solver-0][DEBUG] Solving cube (l0 = cross_join([1]), l1 = natural_join4())
[     7.587][cube-solver-0][DEBUG] Solving cube (l0 = cross_join([1]), l1 = anti_join())
[     7.589][cube-solver-0][DEBUG] Solving cube (l0 = cross_join([1]), l1 = left_join())
[     7.591][cube-solver-0][DEBUG] Solving cube (l0 = cross_join([1]), l1 = union())
[     7.593][cube-solver-0][DEBUG] Solving cube (l0 = cross_join([1]), l1 = intersect())
[     7.595][cube-solver-0][DEBUG] Solving cube (l0 = cross_join([1]), l1 = semi_join())
[     7.597][cube-solver-0][DEBUG] Solving cube (l0 = cross_join([1]), l1 = cross_join([1]))
[     7.599][cube-solver-0][DEBUG] Solving cube (l0 = cross_join([1]), l1 = inner_join())
[     7.601][cube-solver-0][DEBUG] Solving cube (l0 = inner_join(), l1 = natural_join())
[    18.395][cube-solver-2][DEBUG] Solving cube (l0 = inner_join(), l1 = natural_join3())
[    18.396][cube-solver-2][DEBUG] Solving cube (l0 = inner_join(), l1 = natural_join4())
[    18.397][cube-solver-2][DEBUG] Solving cube (l0 = inner_join(), l1 = anti_join())
[    18.519][cube-solver-0][DEBUG] Solving cube (l0 = inner_join(), l1 = left_join())
[    18.689][cube-solver-3][DEBUG] Solving cube (l0 = inner_join(), l1 = union())
[    21.376][cube-solver-1][DEBUG] Solving cube (l0 = inner_join(), l1 = intersect())
[    22.090][cube-solver-1][DEBUG] Solving cube (l0 = inner_join(), l1 = semi_join())
[    32.835][cube-solver-1][DEBUG] Solving cube (l0 = inner_join(), l1 = cross_join([1]))
[    32.949][cube-solver-1][DEBUG] Solving cube (l0 = inner_join(), l1 = inner_join())
[    35.174][MainProcess][DEBUG] Increasing generator loc to 3
[    35.176][cube-solver-3][DEBUG] Initialising process for 3 lines of code.
[    35.386][cube-solver-3][DEBUG] Solving cube (l0 = natural_join(), l1 = anti_join(), l2 = natural_join())
[    35.388][cube-solver-3][DEBUG] Solving cube (l0 = natural_join(), l1 = anti_join(), l2 = natural_join3())
[    35.389][cube-solver-3][DEBUG] Solving cube (l0 = natural_join(), l1 = anti_join(), l2 = natural_join4())
[    35.390][cube-solver-3][DEBUG] Solving cube (l0 = natural_join(), l1 = anti_join(), l2 = anti_join())
[    35.392][cube-solver-3][DEBUG] Solving cube (l0 = natural_join(), l1 = anti_join(), l2 = left_join())
[    35.393][cube-solver-3][DEBUG] Solving cube (l0 = natural_join(), l1 = anti_join(), l2 = union())
[    35.394][cube-solver-3][DEBUG] Solving cube (l0 = natural_join(), l1 = anti_join(), l2 = intersect())
[    35.395][cube-solver-3][DEBUG] Solving cube (l0 = natural_join(), l1 = anti_join(), l2 = semi_join())
[    35.397][cube-solver-3][DEBUG] Solving cube (l0 = natural_join(), l1 = anti_join(), l2 = cross_join([1]))
[    35.398][cube-solver-3][DEBUG] Solving cube (l0 = natural_join(), l1 = anti_join(), l2 = inner_join())
[    35.400][cube-solver-3][DEBUG] Solving cube (l0 = natural_join(), l1 = left_join(), l2 = natural_join())
[    35.401][cube-solver-3][DEBUG] Solving cube (l0 = natural_join(), l1 = left_join(), l2 = natural_join3())
[    35.402][cube-solver-3][DEBUG] Solving cube (l0 = natural_join(), l1 = left_join(), l2 = natural_join4())
[    35.403][cube-solver-3][DEBUG] Solving cube (l0 = natural_join(), l1 = left_join(), l2 = anti_join())
[    35.405][cube-solver-3][DEBUG] Solving cube (l0 = natural_join(), l1 = left_join(), l2 = left_join())
[    35.406][cube-solver-3][DEBUG] Solving cube (l0 = natural_join(), l1 = left_join(), l2 = union())
[    35.407][cube-solver-3][DEBUG] Solving cube (l0 = natural_join(), l1 = left_join(), l2 = intersect())
[    35.408][cube-solver-3][DEBUG] Solving cube (l0 = natural_join(), l1 = left_join(), l2 = semi_join())
[    35.409][cube-solver-3][DEBUG] Solving cube (l0 = natural_join(), l1 = left_join(), l2 = cross_join([1]))
[    35.411][cube-solver-3][DEBUG] Solving cube (l0 = natural_join(), l1 = left_join(), l2 = inner_join())
[    35.413][cube-solver-3][DEBUG] Solving cube (l0 = natural_join(), l1 = union(), l2 = natural_join())
[    35.414][cube-solver-3][DEBUG] Solving cube (l0 = natural_join(), l1 = union(), l2 = natural_join3())
[    35.415][cube-solver-3][DEBUG] Solving cube (l0 = natural_join(), l1 = union(), l2 = natural_join4())
[    35.416][cube-solver-3][DEBUG] Solving cube (l0 = natural_join(), l1 = union(), l2 = anti_join())
[    35.417][cube-solver-3][DEBUG] Solving cube (l0 = natural_join(), l1 = union(), l2 = left_join())
[    35.419][cube-solver-3][DEBUG] Solving cube (l0 = natural_join(), l1 = union(), l2 = union())
[    35.420][cube-solver-3][DEBUG] Solving cube (l0 = natural_join(), l1 = union(), l2 = intersect())
[    35.421][cube-solver-3][DEBUG] Solving cube (l0 = natural_join(), l1 = union(), l2 = semi_join())
[    35.422][cube-solver-3][DEBUG] Solving cube (l0 = natural_join(), l1 = union(), l2 = cross_join([1]))
[    35.424][cube-solver-3][DEBUG] Solving cube (l0 = natural_join(), l1 = union(), l2 = inner_join())
[    35.425][cube-solver-3][DEBUG] Solving cube (l0 = natural_join(), l1 = intersect(), l2 = natural_join())
[    35.427][cube-solver-3][DEBUG] Solving cube (l0 = natural_join(), l1 = intersect(), l2 = natural_join3())
[    35.428][cube-solver-3][DEBUG] Solving cube (l0 = natural_join(), l1 = intersect(), l2 = natural_join4())
[    35.429][cube-solver-3][DEBUG] Solving cube (l0 = natural_join(), l1 = intersect(), l2 = anti_join())
[    35.430][cube-solver-3][DEBUG] Solving cube (l0 = natural_join(), l1 = intersect(), l2 = left_join())
[    35.431][cube-solver-3][DEBUG] Solving cube (l0 = natural_join(), l1 = intersect(), l2 = union())
[    35.432][cube-solver-3][DEBUG] Solving cube (l0 = natural_join(), l1 = intersect(), l2 = intersect())
[    35.434][cube-solver-3][DEBUG] Solving cube (l0 = natural_join(), l1 = intersect(), l2 = semi_join())
[    35.435][cube-solver-3][DEBUG] Solving cube (l0 = natural_join(), l1 = intersect(), l2 = cross_join([1]))
[    35.437][cube-solver-3][DEBUG] Solving cube (l0 = natural_join(), l1 = intersect(), l2 = inner_join())
[    35.438][cube-solver-3][DEBUG] Solving cube (l0 = natural_join(), l1 = semi_join(), l2 = natural_join())
[    35.439][cube-solver-3][DEBUG] Solving cube (l0 = natural_join(), l1 = semi_join(), l2 = natural_join3())
[    35.441][cube-solver-3][DEBUG] Solving cube (l0 = natural_join(), l1 = semi_join(), l2 = natural_join4())
[    35.442][cube-solver-3][DEBUG] Solving cube (l0 = natural_join(), l1 = semi_join(), l2 = anti_join())
[    35.443][cube-solver-3][DEBUG] Solving cube (l0 = natural_join(), l1 = semi_join(), l2 = left_join())
[    35.444][cube-solver-3][DEBUG] Solving cube (l0 = natural_join(), l1 = semi_join(), l2 = union())
[    35.445][cube-solver-3][DEBUG] Solving cube (l0 = natural_join(), l1 = semi_join(), l2 = intersect())
[    35.446][cube-solver-3][DEBUG] Solving cube (l0 = natural_join(), l1 = semi_join(), l2 = semi_join())
[    35.448][cube-solver-3][DEBUG] Solving cube (l0 = natural_join(), l1 = semi_join(), l2 = cross_join([1]))
[    35.450][cube-solver-3][DEBUG] Solving cube (l0 = natural_join(), l1 = semi_join(), l2 = inner_join())
[    35.451][cube-solver-3][DEBUG] Solving cube (l0 = natural_join(), l1 = cross_join([1]), l2 = natural_join())
[    35.453][cube-solver-3][DEBUG] Solving cube (l0 = natural_join(), l1 = cross_join([1]), l2 = natural_join3())
[    35.455][cube-solver-3][DEBUG] Solving cube (l0 = natural_join(), l1 = cross_join([1]), l2 = natural_join4())
[    35.457][cube-solver-3][DEBUG] Solving cube (l0 = natural_join(), l1 = cross_join([1]), l2 = anti_join())
[    35.459][cube-solver-3][DEBUG] Solving cube (l0 = natural_join(), l1 = cross_join([1]), l2 = left_join())
[    35.461][cube-solver-3][DEBUG] Solving cube (l0 = natural_join(), l1 = cross_join([1]), l2 = union())
[    35.463][cube-solver-3][DEBUG] Solving cube (l0 = natural_join(), l1 = cross_join([1]), l2 = intersect())
[    35.465][cube-solver-3][DEBUG] Solving cube (l0 = natural_join(), l1 = cross_join([1]), l2 = semi_join())
[    35.466][cube-solver-3][DEBUG] Solving cube (l0 = natural_join(), l1 = cross_join([1]), l2 = cross_join([1]))
[    35.469][cube-solver-3][DEBUG] Solving cube (l0 = natural_join(), l1 = cross_join([1]), l2 = inner_join())
[    35.471][cube-solver-3][DEBUG] Solving cube (l0 = natural_join(), l1 = inner_join(), l2 = natural_join())
[    35.472][cube-solver-3][DEBUG] Solving cube (l0 = natural_join(), l1 = inner_join(), l2 = natural_join3())
[    35.473][cube-solver-3][DEBUG] Solving cube (l0 = natural_join(), l1 = inner_join(), l2 = natural_join4())
[    35.474][cube-solver-3][DEBUG] Solving cube (l0 = natural_join(), l1 = inner_join(), l2 = anti_join())
[    35.476][cube-solver-3][DEBUG] Solving cube (l0 = natural_join(), l1 = inner_join(), l2 = left_join())
[    35.477][cube-solver-3][DEBUG] Solving cube (l0 = natural_join(), l1 = inner_join(), l2 = union())
[    35.478][cube-solver-3][DEBUG] Solving cube (l0 = natural_join(), l1 = inner_join(), l2 = intersect())
[    35.479][cube-solver-3][DEBUG] Solving cube (l0 = natural_join(), l1 = inner_join(), l2 = semi_join())
[    35.480][cube-solver-3][DEBUG] Solving cube (l0 = natural_join(), l1 = inner_join(), l2 = cross_join([1]))
[    35.482][cube-solver-3][DEBUG] Solving cube (l0 = natural_join(), l1 = inner_join(), l2 = inner_join())
[    35.484][cube-solver-3][DEBUG] Solving cube (l0 = natural_join(), l1 = natural_join(), l2 = anti_join())
[    35.485][cube-solver-3][DEBUG] Solving cube (l0 = natural_join(), l1 = natural_join(), l2 = union())
[    35.484][cube-solver-0][DEBUG] Initialising process for 3 lines of code.
[    35.486][cube-solver-3][DEBUG] Solving cube (l0 = natural_join(), l1 = natural_join(), l2 = intersect())
[    35.487][cube-solver-3][DEBUG] Solving cube (l0 = natural_join(), l1 = natural_join(), l2 = semi_join())
[    35.489][cube-solver-3][DEBUG] Solving cube (l0 = natural_join(), l1 = natural_join(), l2 = cross_join([1]))
[    35.491][cube-solver-3][DEBUG] Solving cube (l0 = natural_join(), l1 = natural_join(), l2 = inner_join())
[    35.492][cube-solver-3][DEBUG] Solving cube (l0 = natural_join(), l1 = natural_join(), l2 = natural_join())
[    35.493][cube-solver-3][DEBUG] Solving cube (l0 = natural_join(), l1 = natural_join(), l2 = natural_join3())
[    35.494][cube-solver-3][DEBUG] Solving cube (l0 = natural_join(), l1 = natural_join(), l2 = natural_join4())
[    35.496][cube-solver-3][DEBUG] Solving cube (l0 = natural_join(), l1 = natural_join3(), l2 = anti_join())
[    35.497][cube-solver-3][DEBUG] Solving cube (l0 = natural_join(), l1 = natural_join3(), l2 = left_join())
[    35.498][cube-solver-3][DEBUG] Solving cube (l0 = natural_join(), l1 = natural_join3(), l2 = union())
[    35.499][cube-solver-3][DEBUG] Solving cube (l0 = natural_join(), l1 = natural_join3(), l2 = intersect())
[    35.501][cube-solver-3][DEBUG] Solving cube (l0 = natural_join(), l1 = natural_join3(), l2 = semi_join())
[    35.502][cube-solver-3][DEBUG] Solving cube (l0 = natural_join(), l1 = natural_join3(), l2 = cross_join([1]))
[    35.504][cube-solver-3][DEBUG] Solving cube (l0 = natural_join(), l1 = natural_join3(), l2 = inner_join())
[    35.505][cube-solver-3][DEBUG] Solving cube (l0 = natural_join(), l1 = natural_join3(), l2 = natural_join())
[    35.506][cube-solver-3][DEBUG] Solving cube (l0 = natural_join(), l1 = natural_join3(), l2 = natural_join3())
[    35.508][cube-solver-3][DEBUG] Solving cube (l0 = natural_join(), l1 = natural_join3(), l2 = natural_join4())
[    35.509][cube-solver-3][DEBUG] Solving cube (l0 = natural_join(), l1 = natural_join4(), l2 = anti_join())
[    35.510][cube-solver-3][DEBUG] Solving cube (l0 = natural_join(), l1 = natural_join4(), l2 = left_join())
[    35.512][cube-solver-3][DEBUG] Solving cube (l0 = natural_join(), l1 = natural_join4(), l2 = union())
[    35.513][cube-solver-3][DEBUG] Solving cube (l0 = natural_join(), l1 = natural_join4(), l2 = intersect())
[    35.514][cube-solver-3][DEBUG] Solving cube (l0 = natural_join(), l1 = natural_join4(), l2 = semi_join())
[    35.515][cube-solver-3][DEBUG] Solving cube (l0 = natural_join(), l1 = natural_join4(), l2 = cross_join([1]))
[    35.517][cube-solver-3][DEBUG] Solving cube (l0 = natural_join(), l1 = natural_join4(), l2 = inner_join())
[    35.519][cube-solver-3][DEBUG] Solving cube (l0 = natural_join(), l1 = natural_join4(), l2 = natural_join())
[    35.520][cube-solver-3][DEBUG] Solving cube (l0 = natural_join(), l1 = natural_join4(), l2 = natural_join3())
[    35.521][cube-solver-3][DEBUG] Solving cube (l0 = natural_join(), l1 = natural_join4(), l2 = natural_join4())
[    35.523][cube-solver-3][DEBUG] Solving cube (l0 = natural_join3(), l1 = anti_join(), l2 = natural_join())
[    35.524][cube-solver-3][DEBUG] Solving cube (l0 = natural_join3(), l1 = anti_join(), l2 = natural_join3())
[    35.525][cube-solver-3][DEBUG] Solving cube (l0 = natural_join3(), l1 = anti_join(), l2 = natural_join4())
[    35.526][cube-solver-3][DEBUG] Solving cube (l0 = natural_join3(), l1 = anti_join(), l2 = anti_join())
[    35.528][cube-solver-3][DEBUG] Solving cube (l0 = natural_join3(), l1 = anti_join(), l2 = left_join())
[    35.529][cube-solver-3][DEBUG] Solving cube (l0 = natural_join3(), l1 = anti_join(), l2 = union())
[    35.530][cube-solver-3][DEBUG] Solving cube (l0 = natural_join3(), l1 = anti_join(), l2 = intersect())
[    35.531][cube-solver-3][DEBUG] Solving cube (l0 = natural_join3(), l1 = anti_join(), l2 = semi_join())
[    35.533][cube-solver-3][DEBUG] Solving cube (l0 = natural_join3(), l1 = anti_join(), l2 = cross_join([1]))
[    35.535][cube-solver-3][DEBUG] Solving cube (l0 = natural_join3(), l1 = anti_join(), l2 = inner_join())
[    35.536][cube-solver-3][DEBUG] Solving cube (l0 = natural_join3(), l1 = left_join(), l2 = natural_join())
[    35.537][cube-solver-3][DEBUG] Solving cube (l0 = natural_join3(), l1 = left_join(), l2 = natural_join3())
[    35.538][cube-solver-3][DEBUG] Solving cube (l0 = natural_join3(), l1 = left_join(), l2 = natural_join4())
[    35.540][cube-solver-3][DEBUG] Solving cube (l0 = natural_join3(), l1 = left_join(), l2 = anti_join())
[    35.541][cube-solver-3][DEBUG] Solving cube (l0 = natural_join3(), l1 = left_join(), l2 = left_join())
[    35.542][cube-solver-3][DEBUG] Solving cube (l0 = natural_join3(), l1 = left_join(), l2 = union())
[    35.543][cube-solver-3][DEBUG] Solving cube (l0 = natural_join3(), l1 = left_join(), l2 = intersect())
[    35.544][cube-solver-3][DEBUG] Solving cube (l0 = natural_join3(), l1 = left_join(), l2 = semi_join())
[    35.546][cube-solver-3][DEBUG] Solving cube (l0 = natural_join3(), l1 = left_join(), l2 = cross_join([1]))
[    35.547][cube-solver-3][DEBUG] Solving cube (l0 = natural_join3(), l1 = left_join(), l2 = inner_join())
[    35.549][cube-solver-3][DEBUG] Solving cube (l0 = natural_join3(), l1 = union(), l2 = natural_join())
[    35.550][cube-solver-3][DEBUG] Solving cube (l0 = natural_join3(), l1 = union(), l2 = natural_join3())
[    35.551][cube-solver-3][DEBUG] Solving cube (l0 = natural_join3(), l1 = union(), l2 = natural_join4())
[    35.552][cube-solver-3][DEBUG] Solving cube (l0 = natural_join3(), l1 = union(), l2 = anti_join())
[    35.554][cube-solver-3][DEBUG] Solving cube (l0 = natural_join3(), l1 = union(), l2 = left_join())
[    35.555][cube-solver-3][DEBUG] Solving cube (l0 = natural_join3(), l1 = union(), l2 = union())
[    35.556][cube-solver-3][DEBUG] Solving cube (l0 = natural_join3(), l1 = union(), l2 = intersect())
[    35.557][cube-solver-3][DEBUG] Solving cube (l0 = natural_join3(), l1 = union(), l2 = semi_join())
[    35.558][cube-solver-3][DEBUG] Solving cube (l0 = natural_join3(), l1 = union(), l2 = cross_join([1]))
[    35.560][cube-solver-3][DEBUG] Solving cube (l0 = natural_join3(), l1 = union(), l2 = inner_join())
[    35.562][cube-solver-3][DEBUG] Solving cube (l0 = natural_join3(), l1 = intersect(), l2 = natural_join())
[    35.563][cube-solver-3][DEBUG] Solving cube (l0 = natural_join3(), l1 = intersect(), l2 = natural_join3())
[    35.564][cube-solver-3][DEBUG] Solving cube (l0 = natural_join3(), l1 = intersect(), l2 = natural_join4())
[    35.565][cube-solver-3][DEBUG] Solving cube (l0 = natural_join3(), l1 = intersect(), l2 = anti_join())
[    35.566][cube-solver-3][DEBUG] Solving cube (l0 = natural_join3(), l1 = intersect(), l2 = left_join())
[    35.568][cube-solver-3][DEBUG] Solving cube (l0 = natural_join3(), l1 = intersect(), l2 = union())
[    35.569][cube-solver-3][DEBUG] Solving cube (l0 = natural_join3(), l1 = intersect(), l2 = intersect())
[    35.570][cube-solver-3][DEBUG] Solving cube (l0 = natural_join3(), l1 = intersect(), l2 = semi_join())
[    35.571][cube-solver-3][DEBUG] Solving cube (l0 = natural_join3(), l1 = intersect(), l2 = cross_join([1]))
[    35.573][cube-solver-3][DEBUG] Solving cube (l0 = natural_join3(), l1 = intersect(), l2 = inner_join())
[    35.575][cube-solver-3][DEBUG] Solving cube (l0 = natural_join3(), l1 = semi_join(), l2 = natural_join())
[    35.576][cube-solver-3][DEBUG] Solving cube (l0 = natural_join3(), l1 = semi_join(), l2 = natural_join3())
[    35.577][cube-solver-3][DEBUG] Solving cube (l0 = natural_join3(), l1 = semi_join(), l2 = natural_join4())
[    35.578][cube-solver-3][DEBUG] Solving cube (l0 = natural_join3(), l1 = semi_join(), l2 = anti_join())
[    35.580][cube-solver-3][DEBUG] Solving cube (l0 = natural_join3(), l1 = semi_join(), l2 = left_join())
[    35.581][cube-solver-3][DEBUG] Solving cube (l0 = natural_join3(), l1 = semi_join(), l2 = union())
[    35.582][cube-solver-3][DEBUG] Solving cube (l0 = natural_join3(), l1 = semi_join(), l2 = intersect())
[    35.583][cube-solver-3][DEBUG] Solving cube (l0 = natural_join3(), l1 = semi_join(), l2 = semi_join())
[    35.584][cube-solver-3][DEBUG] Solving cube (l0 = natural_join3(), l1 = semi_join(), l2 = cross_join([1]))
[    35.586][cube-solver-3][DEBUG] Solving cube (l0 = natural_join3(), l1 = semi_join(), l2 = inner_join())
[    35.587][cube-solver-3][DEBUG] Solving cube (l0 = natural_join3(), l1 = cross_join([1]), l2 = natural_join())
[    35.589][cube-solver-3][DEBUG] Solving cube (l0 = natural_join3(), l1 = cross_join([1]), l2 = natural_join3())
[    35.591][cube-solver-3][DEBUG] Solving cube (l0 = natural_join3(), l1 = cross_join([1]), l2 = natural_join4())
[    35.593][cube-solver-3][DEBUG] Solving cube (l0 = natural_join3(), l1 = cross_join([1]), l2 = anti_join())
[    35.595][cube-solver-3][DEBUG] Solving cube (l0 = natural_join3(), l1 = cross_join([1]), l2 = left_join())
[    35.597][cube-solver-3][DEBUG] Solving cube (l0 = natural_join3(), l1 = cross_join([1]), l2 = union())
[    35.599][cube-solver-3][DEBUG] Solving cube (l0 = natural_join3(), l1 = cross_join([1]), l2 = intersect())
[    35.600][cube-solver-3][DEBUG] Solving cube (l0 = natural_join3(), l1 = cross_join([1]), l2 = semi_join())
[    35.602][cube-solver-3][DEBUG] Solving cube (l0 = natural_join3(), l1 = cross_join([1]), l2 = cross_join([1]))
[    35.604][cube-solver-3][DEBUG] Solving cube (l0 = natural_join3(), l1 = cross_join([1]), l2 = inner_join())
[    35.606][cube-solver-3][DEBUG] Solving cube (l0 = natural_join3(), l1 = inner_join(), l2 = natural_join())
[    35.607][cube-solver-3][DEBUG] Solving cube (l0 = natural_join3(), l1 = inner_join(), l2 = natural_join3())
[    35.608][cube-solver-3][DEBUG] Solving cube (l0 = natural_join3(), l1 = inner_join(), l2 = natural_join4())
[    35.610][cube-solver-3][DEBUG] Solving cube (l0 = natural_join3(), l1 = inner_join(), l2 = anti_join())
[    35.611][cube-solver-3][DEBUG] Solving cube (l0 = natural_join3(), l1 = inner_join(), l2 = left_join())
[    35.612][cube-solver-3][DEBUG] Solving cube (l0 = natural_join3(), l1 = inner_join(), l2 = union())
[    35.613][cube-solver-3][DEBUG] Solving cube (l0 = natural_join3(), l1 = inner_join(), l2 = intersect())
[    35.614][cube-solver-3][DEBUG] Solving cube (l0 = natural_join3(), l1 = inner_join(), l2 = semi_join())
[    35.615][cube-solver-3][DEBUG] Solving cube (l0 = natural_join3(), l1 = inner_join(), l2 = cross_join([1]))
[    35.617][cube-solver-3][DEBUG] Solving cube (l0 = natural_join3(), l1 = inner_join(), l2 = inner_join())
[    35.618][cube-solver-3][DEBUG] Solving cube (l0 = natural_join3(), l1 = natural_join(), l2 = anti_join())
[    35.619][cube-solver-3][DEBUG] Solving cube (l0 = natural_join3(), l1 = natural_join(), l2 = left_join())
[    35.620][cube-solver-3][DEBUG] Solving cube (l0 = natural_join3(), l1 = natural_join(), l2 = union())
[    35.622][cube-solver-3][DEBUG] Solving cube (l0 = natural_join3(), l1 = natural_join(), l2 = intersect())
[    35.623][cube-solver-3][DEBUG] Solving cube (l0 = natural_join3(), l1 = natural_join(), l2 = semi_join())
[    35.624][cube-solver-3][DEBUG] Solving cube (l0 = natural_join3(), l1 = natural_join(), l2 = cross_join([1]))
[    35.626][cube-solver-3][DEBUG] Solving cube (l0 = natural_join3(), l1 = natural_join(), l2 = inner_join())
[    35.627][cube-solver-3][DEBUG] Solving cube (l0 = natural_join3(), l1 = natural_join(), l2 = natural_join())
[    35.628][cube-solver-3][DEBUG] Solving cube (l0 = natural_join3(), l1 = natural_join(), l2 = natural_join3())
[    35.630][cube-solver-3][DEBUG] Solving cube (l0 = natural_join3(), l1 = natural_join(), l2 = natural_join4())
[    35.631][cube-solver-3][DEBUG] Solving cube (l0 = natural_join3(), l1 = natural_join3(), l2 = anti_join())
[    35.632][cube-solver-3][DEBUG] Solving cube (l0 = natural_join3(), l1 = natural_join3(), l2 = left_join())
[    35.633][cube-solver-3][DEBUG] Solving cube (l0 = natural_join3(), l1 = natural_join3(), l2 = union())
[    35.634][cube-solver-3][DEBUG] Solving cube (l0 = natural_join3(), l1 = natural_join3(), l2 = intersect())
[    35.636][cube-solver-3][DEBUG] Solving cube (l0 = natural_join3(), l1 = natural_join3(), l2 = semi_join())
[    35.637][cube-solver-3][DEBUG] Solving cube (l0 = natural_join3(), l1 = natural_join3(), l2 = cross_join([1]))
[    35.638][cube-solver-3][DEBUG] Solving cube (l0 = natural_join3(), l1 = natural_join3(), l2 = inner_join())
[    35.640][cube-solver-3][DEBUG] Solving cube (l0 = natural_join3(), l1 = natural_join3(), l2 = natural_join())
[    35.641][cube-solver-3][DEBUG] Solving cube (l0 = natural_join3(), l1 = natural_join3(), l2 = natural_join3())
[    35.642][cube-solver-3][DEBUG] Solving cube (l0 = natural_join3(), l1 = natural_join3(), l2 = natural_join4())
[    35.643][cube-solver-3][DEBUG] Solving cube (l0 = natural_join3(), l1 = natural_join4(), l2 = anti_join())
[    35.644][cube-solver-3][DEBUG] Solving cube (l0 = natural_join3(), l1 = natural_join4(), l2 = left_join())
[    35.645][cube-solver-3][DEBUG] Solving cube (l0 = natural_join3(), l1 = natural_join4(), l2 = union())
[    35.647][cube-solver-3][DEBUG] Solving cube (l0 = natural_join3(), l1 = natural_join4(), l2 = intersect())
[    35.648][cube-solver-3][DEBUG] Solving cube (l0 = natural_join3(), l1 = natural_join4(), l2 = semi_join())
[    35.649][cube-solver-3][DEBUG] Solving cube (l0 = natural_join3(), l1 = natural_join4(), l2 = cross_join([1]))
[    35.651][cube-solver-3][DEBUG] Solving cube (l0 = natural_join3(), l1 = natural_join4(), l2 = inner_join())
[    35.652][cube-solver-3][DEBUG] Solving cube (l0 = natural_join3(), l1 = natural_join4(), l2 = natural_join())
[    35.653][cube-solver-3][DEBUG] Solving cube (l0 = natural_join3(), l1 = natural_join4(), l2 = natural_join3())
[    35.654][cube-solver-3][DEBUG] Solving cube (l0 = natural_join3(), l1 = natural_join4(), l2 = natural_join4())
[    35.656][cube-solver-3][DEBUG] Solving cube (l0 = natural_join4(), l1 = anti_join(), l2 = natural_join())
[    35.657][cube-solver-3][DEBUG] Solving cube (l0 = natural_join4(), l1 = anti_join(), l2 = natural_join3())
[    35.658][cube-solver-3][DEBUG] Solving cube (l0 = natural_join4(), l1 = anti_join(), l2 = natural_join4())
[    35.660][cube-solver-3][DEBUG] Solving cube (l0 = natural_join4(), l1 = anti_join(), l2 = anti_join())
[    35.661][cube-solver-3][DEBUG] Solving cube (l0 = natural_join4(), l1 = anti_join(), l2 = left_join())
[    35.662][cube-solver-3][DEBUG] Solving cube (l0 = natural_join4(), l1 = anti_join(), l2 = union())
[    35.663][cube-solver-3][DEBUG] Solving cube (l0 = natural_join4(), l1 = anti_join(), l2 = intersect())
[    35.664][cube-solver-3][DEBUG] Solving cube (l0 = natural_join4(), l1 = anti_join(), l2 = semi_join())
[    35.665][cube-solver-3][DEBUG] Solving cube (l0 = natural_join4(), l1 = anti_join(), l2 = cross_join([1]))
[    35.667][cube-solver-3][DEBUG] Solving cube (l0 = natural_join4(), l1 = anti_join(), l2 = inner_join())
[    35.669][cube-solver-3][DEBUG] Solving cube (l0 = natural_join4(), l1 = left_join(), l2 = natural_join())
[    35.670][cube-solver-3][DEBUG] Solving cube (l0 = natural_join4(), l1 = left_join(), l2 = natural_join3())
[    35.671][cube-solver-3][DEBUG] Solving cube (l0 = natural_join4(), l1 = left_join(), l2 = natural_join4())
[    35.672][cube-solver-3][DEBUG] Solving cube (l0 = natural_join4(), l1 = left_join(), l2 = anti_join())
[    35.673][cube-solver-3][DEBUG] Solving cube (l0 = natural_join4(), l1 = left_join(), l2 = left_join())
[    35.674][cube-solver-3][DEBUG] Solving cube (l0 = natural_join4(), l1 = left_join(), l2 = union())
[    35.676][cube-solver-3][DEBUG] Solving cube (l0 = natural_join4(), l1 = left_join(), l2 = intersect())
[    35.677][cube-solver-3][DEBUG] Solving cube (l0 = natural_join4(), l1 = left_join(), l2 = semi_join())
[    35.678][cube-solver-3][DEBUG] Solving cube (l0 = natural_join4(), l1 = left_join(), l2 = cross_join([1]))
[    35.681][cube-solver-3][DEBUG] Solving cube (l0 = natural_join4(), l1 = left_join(), l2 = inner_join())
[    35.683][cube-solver-3][DEBUG] Solving cube (l0 = natural_join4(), l1 = union(), l2 = natural_join())
[    35.684][cube-solver-3][DEBUG] Solving cube (l0 = natural_join4(), l1 = union(), l2 = natural_join3())
[    35.685][cube-solver-3][DEBUG] Solving cube (l0 = natural_join4(), l1 = union(), l2 = natural_join4())
[    35.687][cube-solver-3][DEBUG] Solving cube (l0 = natural_join4(), l1 = union(), l2 = anti_join())
[    35.688][cube-solver-3][DEBUG] Solving cube (l0 = natural_join4(), l1 = union(), l2 = left_join())
[    35.689][cube-solver-3][DEBUG] Solving cube (l0 = natural_join4(), l1 = union(), l2 = union())
[    35.690][cube-solver-3][DEBUG] Solving cube (l0 = natural_join4(), l1 = union(), l2 = intersect())
[    35.691][cube-solver-3][DEBUG] Solving cube (l0 = natural_join4(), l1 = union(), l2 = semi_join())
[    35.693][cube-solver-3][DEBUG] Solving cube (l0 = natural_join4(), l1 = union(), l2 = cross_join([1]))
[    35.695][cube-solver-3][DEBUG] Solving cube (l0 = natural_join4(), l1 = union(), l2 = inner_join())
[    35.696][cube-solver-3][DEBUG] Solving cube (l0 = natural_join4(), l1 = intersect(), l2 = natural_join())
[    35.697][cube-solver-3][DEBUG] Solving cube (l0 = natural_join4(), l1 = intersect(), l2 = natural_join3())
[    35.698][cube-solver-3][DEBUG] Solving cube (l0 = natural_join4(), l1 = intersect(), l2 = natural_join4())
[    35.699][cube-solver-3][DEBUG] Solving cube (l0 = natural_join4(), l1 = intersect(), l2 = anti_join())
[    35.701][cube-solver-3][DEBUG] Solving cube (l0 = natural_join4(), l1 = intersect(), l2 = left_join())
[    35.702][cube-solver-3][DEBUG] Solving cube (l0 = natural_join4(), l1 = intersect(), l2 = union())
[    35.703][cube-solver-3][DEBUG] Solving cube (l0 = natural_join4(), l1 = intersect(), l2 = intersect())
[    35.704][cube-solver-3][DEBUG] Solving cube (l0 = natural_join4(), l1 = intersect(), l2 = semi_join())
[    35.706][cube-solver-3][DEBUG] Solving cube (l0 = natural_join4(), l1 = intersect(), l2 = cross_join([1]))
[    35.707][cube-solver-3][DEBUG] Solving cube (l0 = natural_join4(), l1 = intersect(), l2 = inner_join())
[    35.709][cube-solver-3][DEBUG] Solving cube (l0 = natural_join4(), l1 = semi_join(), l2 = natural_join())
[    35.710][cube-solver-3][DEBUG] Solving cube (l0 = natural_join4(), l1 = semi_join(), l2 = natural_join3())
[    35.711][cube-solver-3][DEBUG] Solving cube (l0 = natural_join4(), l1 = semi_join(), l2 = natural_join4())
[    35.712][cube-solver-3][DEBUG] Solving cube (l0 = natural_join4(), l1 = semi_join(), l2 = anti_join())
[    35.714][cube-solver-3][DEBUG] Solving cube (l0 = natural_join4(), l1 = semi_join(), l2 = left_join())
[    35.715][cube-solver-3][DEBUG] Solving cube (l0 = natural_join4(), l1 = semi_join(), l2 = union())
[    35.716][cube-solver-3][DEBUG] Solving cube (l0 = natural_join4(), l1 = semi_join(), l2 = intersect())
[    35.717][cube-solver-3][DEBUG] Solving cube (l0 = natural_join4(), l1 = semi_join(), l2 = semi_join())
[    35.718][cube-solver-0][DEBUG] Solving cube (l0 = natural_join(), l1 = natural_join(), l2 = left_join())
[    35.719][cube-solver-3][DEBUG] Solving cube (l0 = natural_join4(), l1 = semi_join(), l2 = cross_join([1]))
[    35.720][cube-solver-0][DEBUG] Solving cube (l0 = natural_join4(), l1 = semi_join(), l2 = inner_join())
[    35.721][cube-solver-3][DEBUG] Solving cube (l0 = natural_join4(), l1 = cross_join([1]), l2 = natural_join())
[    35.721][cube-solver-0][DEBUG] Solving cube (l0 = natural_join4(), l1 = cross_join([1]), l2 = natural_join3())
[    35.723][cube-solver-0][DEBUG] Solving cube (l0 = natural_join4(), l1 = cross_join([1]), l2 = natural_join4())
[    35.724][cube-solver-3][DEBUG] Solving cube (l0 = natural_join4(), l1 = cross_join([1]), l2 = anti_join())
[    35.725][cube-solver-0][DEBUG] Solving cube (l0 = natural_join4(), l1 = cross_join([1]), l2 = left_join())
[    35.727][cube-solver-3][DEBUG] Solving cube (l0 = natural_join4(), l1 = cross_join([1]), l2 = union())
[    35.727][cube-solver-0][DEBUG] Solving cube (l0 = natural_join4(), l1 = cross_join([1]), l2 = intersect())
[    35.729][cube-solver-0][DEBUG] Solving cube (l0 = natural_join4(), l1 = cross_join([1]), l2 = semi_join())
[    35.730][cube-solver-3][DEBUG] Solving cube (l0 = natural_join4(), l1 = cross_join([1]), l2 = cross_join([1]))
[    35.731][cube-solver-0][DEBUG] Solving cube (l0 = natural_join4(), l1 = cross_join([1]), l2 = inner_join())
[    35.733][cube-solver-0][DEBUG] Solving cube (l0 = natural_join4(), l1 = inner_join(), l2 = natural_join())
[    35.733][cube-solver-3][DEBUG] Solving cube (l0 = natural_join4(), l1 = inner_join(), l2 = natural_join3())
[    35.734][cube-solver-0][DEBUG] Solving cube (l0 = natural_join4(), l1 = inner_join(), l2 = natural_join4())
[    35.735][cube-solver-3][DEBUG] Solving cube (l0 = natural_join4(), l1 = inner_join(), l2 = anti_join())
[    35.735][cube-solver-0][DEBUG] Solving cube (l0 = natural_join4(), l1 = inner_join(), l2 = left_join())
[    35.737][cube-solver-0][DEBUG] Solving cube (l0 = natural_join4(), l1 = inner_join(), l2 = union())
[    35.737][cube-solver-3][DEBUG] Solving cube (l0 = natural_join4(), l1 = inner_join(), l2 = intersect())
[    35.738][cube-solver-0][DEBUG] Solving cube (l0 = natural_join4(), l1 = inner_join(), l2 = semi_join())
[    35.738][cube-solver-3][DEBUG] Solving cube (l0 = natural_join4(), l1 = inner_join(), l2 = cross_join([1]))
[    35.739][cube-solver-0][DEBUG] Solving cube (l0 = natural_join4(), l1 = inner_join(), l2 = inner_join())
[    35.740][cube-solver-3][DEBUG] Solving cube (l0 = natural_join4(), l1 = natural_join(), l2 = anti_join())
[    35.740][cube-solver-0][DEBUG] Solving cube (l0 = natural_join4(), l1 = natural_join(), l2 = left_join())
[    35.742][cube-solver-3][DEBUG] Solving cube (l0 = natural_join4(), l1 = natural_join(), l2 = union())
[    35.742][cube-solver-0][DEBUG] Solving cube (l0 = natural_join4(), l1 = natural_join(), l2 = intersect())
[    35.743][cube-solver-0][DEBUG] Solving cube (l0 = natural_join4(), l1 = natural_join(), l2 = semi_join())
[    35.743][cube-solver-3][DEBUG] Solving cube (l0 = natural_join4(), l1 = natural_join(), l2 = cross_join([1]))
[    35.744][cube-solver-0][DEBUG] Solving cube (l0 = natural_join4(), l1 = natural_join(), l2 = inner_join())
[    35.745][cube-solver-3][DEBUG] Solving cube (l0 = natural_join4(), l1 = natural_join(), l2 = natural_join())
[    35.745][cube-solver-0][DEBUG] Solving cube (l0 = natural_join4(), l1 = natural_join(), l2 = natural_join3())
[    35.746][cube-solver-3][DEBUG] Solving cube (l0 = natural_join4(), l1 = natural_join(), l2 = natural_join4())
[    35.746][cube-solver-0][DEBUG] Solving cube (l0 = natural_join4(), l1 = natural_join3(), l2 = anti_join())
[    35.748][cube-solver-3][DEBUG] Solving cube (l0 = natural_join4(), l1 = natural_join3(), l2 = left_join())
[    35.748][cube-solver-0][DEBUG] Solving cube (l0 = natural_join4(), l1 = natural_join3(), l2 = union())
[    35.749][cube-solver-0][DEBUG] Solving cube (l0 = natural_join4(), l1 = natural_join3(), l2 = intersect())
[    35.749][cube-solver-3][DEBUG] Solving cube (l0 = natural_join4(), l1 = natural_join3(), l2 = semi_join())
[    35.750][cube-solver-0][DEBUG] Solving cube (l0 = natural_join4(), l1 = natural_join3(), l2 = cross_join([1]))
[    35.750][cube-solver-3][DEBUG] Solving cube (l0 = natural_join4(), l1 = natural_join3(), l2 = inner_join())
[    35.752][cube-solver-3][DEBUG] Solving cube (l0 = natural_join4(), l1 = natural_join3(), l2 = natural_join())
[    35.752][cube-solver-0][DEBUG] Solving cube (l0 = natural_join4(), l1 = natural_join3(), l2 = natural_join3())
[    35.753][cube-solver-3][DEBUG] Solving cube (l0 = natural_join4(), l1 = natural_join3(), l2 = natural_join4())
[    35.754][cube-solver-0][DEBUG] Solving cube (l0 = natural_join4(), l1 = natural_join4(), l2 = anti_join())
[    35.755][cube-solver-3][DEBUG] Solving cube (l0 = natural_join4(), l1 = natural_join4(), l2 = left_join())
[    35.755][cube-solver-0][DEBUG] Solving cube (l0 = natural_join4(), l1 = natural_join4(), l2 = union())
[    35.756][cube-solver-3][DEBUG] Solving cube (l0 = natural_join4(), l1 = natural_join4(), l2 = intersect())
[    35.756][cube-solver-0][DEBUG] Solving cube (l0 = natural_join4(), l1 = natural_join4(), l2 = semi_join())
[    35.757][cube-solver-0][DEBUG] Solving cube (l0 = natural_join4(), l1 = natural_join4(), l2 = cross_join([1]))
[    35.758][cube-solver-3][DEBUG] Solving cube (l0 = natural_join4(), l1 = natural_join4(), l2 = inner_join())
[    35.759][cube-solver-3][DEBUG] Solving cube (l0 = natural_join4(), l1 = natural_join4(), l2 = natural_join())
[    35.759][cube-solver-0][DEBUG] Solving cube (l0 = natural_join4(), l1 = natural_join4(), l2 = natural_join3())
[    35.760][cube-solver-3][DEBUG] Solving cube (l0 = natural_join4(), l1 = natural_join4(), l2 = natural_join4())
[    35.761][cube-solver-0][DEBUG] Solving cube (l0 = anti_join(), l1 = natural_join(), l2 = anti_join())
[    35.762][cube-solver-3][DEBUG] Solving cube (l0 = anti_join(), l1 = natural_join(), l2 = left_join())
[    35.762][cube-solver-0][DEBUG] Solving cube (l0 = anti_join(), l1 = natural_join(), l2 = union())
[    35.763][cube-solver-3][DEBUG] Solving cube (l0 = anti_join(), l1 = natural_join(), l2 = intersect())
[    35.763][cube-solver-0][DEBUG] Solving cube (l0 = anti_join(), l1 = natural_join(), l2 = semi_join())
[    35.764][cube-solver-0][DEBUG] Solving cube (l0 = anti_join(), l1 = natural_join(), l2 = cross_join([1]))
[    35.765][cube-solver-3][DEBUG] Solving cube (l0 = anti_join(), l1 = natural_join(), l2 = inner_join())
[    35.766][cube-solver-3][DEBUG] Solving cube (l0 = anti_join(), l1 = natural_join(), l2 = natural_join())
[    35.766][cube-solver-0][DEBUG] Solving cube (l0 = anti_join(), l1 = natural_join(), l2 = natural_join3())
[    35.767][cube-solver-3][DEBUG] Solving cube (l0 = anti_join(), l1 = natural_join(), l2 = natural_join4())
[    35.768][cube-solver-0][DEBUG] Solving cube (l0 = anti_join(), l1 = natural_join3(), l2 = anti_join())
[    35.769][cube-solver-3][DEBUG] Solving cube (l0 = anti_join(), l1 = natural_join3(), l2 = left_join())
[    35.769][cube-solver-0][DEBUG] Solving cube (l0 = anti_join(), l1 = natural_join3(), l2 = union())
[    35.770][cube-solver-0][DEBUG] Solving cube (l0 = anti_join(), l1 = natural_join3(), l2 = intersect())
[    35.770][cube-solver-3][DEBUG] Solving cube (l0 = anti_join(), l1 = natural_join3(), l2 = semi_join())
[    35.771][cube-solver-0][DEBUG] Solving cube (l0 = anti_join(), l1 = natural_join3(), l2 = cross_join([1]))
[    35.772][cube-solver-3][DEBUG] Solving cube (l0 = anti_join(), l1 = natural_join3(), l2 = inner_join())
[    35.773][cube-solver-3][DEBUG] Solving cube (l0 = anti_join(), l1 = natural_join3(), l2 = natural_join())
[    35.773][cube-solver-0][DEBUG] Solving cube (l0 = anti_join(), l1 = natural_join3(), l2 = natural_join3())
[    35.774][cube-solver-3][DEBUG] Solving cube (l0 = anti_join(), l1 = natural_join3(), l2 = natural_join4())
[    35.775][cube-solver-0][DEBUG] Solving cube (l0 = anti_join(), l1 = natural_join4(), l2 = anti_join())
[    35.776][cube-solver-3][DEBUG] Solving cube (l0 = anti_join(), l1 = natural_join4(), l2 = left_join())
[    35.776][cube-solver-0][DEBUG] Solving cube (l0 = anti_join(), l1 = natural_join4(), l2 = union())
[    35.777][cube-solver-3][DEBUG] Solving cube (l0 = anti_join(), l1 = natural_join4(), l2 = intersect())
[    35.777][cube-solver-0][DEBUG] Solving cube (l0 = anti_join(), l1 = natural_join4(), l2 = semi_join())
[    35.778][cube-solver-3][DEBUG] Solving cube (l0 = anti_join(), l1 = natural_join4(), l2 = cross_join([1]))
[    35.778][cube-solver-0][DEBUG] Solving cube (l0 = anti_join(), l1 = natural_join4(), l2 = inner_join())
[    35.780][cube-solver-0][DEBUG] Solving cube (l0 = anti_join(), l1 = natural_join4(), l2 = natural_join())
[    35.780][cube-solver-3][DEBUG] Solving cube (l0 = anti_join(), l1 = natural_join4(), l2 = natural_join3())
[    35.781][cube-solver-0][DEBUG] Solving cube (l0 = anti_join(), l1 = natural_join4(), l2 = natural_join4())
[    35.782][cube-solver-3][DEBUG] Solving cube (l0 = anti_join(), l1 = anti_join(), l2 = natural_join())
[    35.782][cube-solver-0][DEBUG] Solving cube (l0 = anti_join(), l1 = anti_join(), l2 = natural_join3())
[    35.783][cube-solver-3][DEBUG] Solving cube (l0 = anti_join(), l1 = anti_join(), l2 = natural_join4())
[    35.783][cube-solver-0][DEBUG] Solving cube (l0 = anti_join(), l1 = anti_join(), l2 = anti_join())
[    35.784][cube-solver-3][DEBUG] Solving cube (l0 = anti_join(), l1 = anti_join(), l2 = left_join())
[    35.784][cube-solver-0][DEBUG] Solving cube (l0 = anti_join(), l1 = anti_join(), l2 = union())
[    35.786][cube-solver-3][DEBUG] Solving cube (l0 = anti_join(), l1 = anti_join(), l2 = intersect())
[    35.786][cube-solver-0][DEBUG] Solving cube (l0 = anti_join(), l1 = anti_join(), l2 = semi_join())
[    35.787][cube-solver-3][DEBUG] Solving cube (l0 = anti_join(), l1 = anti_join(), l2 = cross_join([1]))
[    35.787][cube-solver-0][DEBUG] Solving cube (l0 = anti_join(), l1 = anti_join(), l2 = inner_join())
[    35.788][cube-solver-0][DEBUG] Solving cube (l0 = anti_join(), l1 = left_join(), l2 = natural_join())
[    35.789][cube-solver-3][DEBUG] Solving cube (l0 = anti_join(), l1 = left_join(), l2 = natural_join3())
[    35.790][cube-solver-0][DEBUG] Solving cube (l0 = anti_join(), l1 = left_join(), l2 = natural_join4())
[    35.790][cube-solver-3][DEBUG] Solving cube (l0 = anti_join(), l1 = left_join(), l2 = anti_join())
[    35.791][cube-solver-0][DEBUG] Solving cube (l0 = anti_join(), l1 = left_join(), l2 = left_join())
[    35.792][cube-solver-3][DEBUG] Solving cube (l0 = anti_join(), l1 = left_join(), l2 = union())
[    35.792][cube-solver-0][DEBUG] Solving cube (l0 = anti_join(), l1 = left_join(), l2 = intersect())
[    35.793][cube-solver-3][DEBUG] Solving cube (l0 = anti_join(), l1 = left_join(), l2 = semi_join())
[    35.793][cube-solver-0][DEBUG] Solving cube (l0 = anti_join(), l1 = left_join(), l2 = cross_join([1]))
[    35.794][cube-solver-3][DEBUG] Solving cube (l0 = anti_join(), l1 = left_join(), l2 = inner_join())
[    35.795][cube-solver-0][DEBUG] Solving cube (l0 = anti_join(), l1 = union(), l2 = natural_join())
[    35.796][cube-solver-3][DEBUG] Solving cube (l0 = anti_join(), l1 = union(), l2 = natural_join3())
[    35.796][cube-solver-0][DEBUG] Solving cube (l0 = anti_join(), l1 = union(), l2 = natural_join4())
[    35.797][cube-solver-3][DEBUG] Solving cube (l0 = anti_join(), l1 = union(), l2 = anti_join())
[    35.798][cube-solver-0][DEBUG] Solving cube (l0 = anti_join(), l1 = union(), l2 = left_join())
[    35.798][cube-solver-3][DEBUG] Solving cube (l0 = anti_join(), l1 = union(), l2 = union())
[    35.799][cube-solver-0][DEBUG] Solving cube (l0 = anti_join(), l1 = union(), l2 = intersect())
[    35.800][cube-solver-3][DEBUG] Solving cube (l0 = anti_join(), l1 = union(), l2 = semi_join())
[    35.800][cube-solver-0][DEBUG] Solving cube (l0 = anti_join(), l1 = union(), l2 = cross_join([1]))
[    35.801][cube-solver-3][DEBUG] Solving cube (l0 = anti_join(), l1 = union(), l2 = inner_join())
[    35.802][cube-solver-0][DEBUG] Solving cube (l0 = anti_join(), l1 = intersect(), l2 = natural_join())
[    35.802][cube-solver-3][DEBUG] Solving cube (l0 = anti_join(), l1 = intersect(), l2 = natural_join3())
[    35.803][cube-solver-0][DEBUG] Solving cube (l0 = anti_join(), l1 = intersect(), l2 = natural_join4())
[    35.804][cube-solver-3][DEBUG] Solving cube (l0 = anti_join(), l1 = intersect(), l2 = anti_join())
[    35.804][cube-solver-0][DEBUG] Solving cube (l0 = anti_join(), l1 = intersect(), l2 = left_join())
[    35.805][cube-solver-3][DEBUG] Solving cube (l0 = anti_join(), l1 = intersect(), l2 = union())
[    35.805][cube-solver-0][DEBUG] Solving cube (l0 = anti_join(), l1 = intersect(), l2 = intersect())
[    35.806][cube-solver-3][DEBUG] Solving cube (l0 = anti_join(), l1 = intersect(), l2 = semi_join())
[    35.807][cube-solver-0][DEBUG] Solving cube (l0 = anti_join(), l1 = intersect(), l2 = cross_join([1]))
[    35.808][cube-solver-3][DEBUG] Solving cube (l0 = anti_join(), l1 = intersect(), l2 = inner_join())
[    35.808][cube-solver-0][DEBUG] Solving cube (l0 = anti_join(), l1 = semi_join(), l2 = natural_join())
[    35.809][cube-solver-3][DEBUG] Solving cube (l0 = anti_join(), l1 = semi_join(), l2 = natural_join3())
[    35.809][cube-solver-0][DEBUG] Solving cube (l0 = anti_join(), l1 = semi_join(), l2 = natural_join4())
[    35.810][cube-solver-3][DEBUG] Solving cube (l0 = anti_join(), l1 = semi_join(), l2 = anti_join())
[    35.811][cube-solver-0][DEBUG] Solving cube (l0 = anti_join(), l1 = semi_join(), l2 = left_join())
[    35.812][cube-solver-3][DEBUG] Solving cube (l0 = anti_join(), l1 = semi_join(), l2 = union())
[    35.812][cube-solver-0][DEBUG] Solving cube (l0 = anti_join(), l1 = semi_join(), l2 = intersect())
[    35.813][cube-solver-3][DEBUG] Solving cube (l0 = anti_join(), l1 = semi_join(), l2 = semi_join())
[    35.813][cube-solver-0][DEBUG] Solving cube (l0 = anti_join(), l1 = semi_join(), l2 = cross_join([1]))
[    35.815][cube-solver-3][DEBUG] Solving cube (l0 = anti_join(), l1 = semi_join(), l2 = inner_join())
[    35.815][cube-solver-0][DEBUG] Solving cube (l0 = anti_join(), l1 = cross_join([1]), l2 = natural_join())
[    35.816][cube-solver-3][DEBUG] Solving cube (l0 = anti_join(), l1 = cross_join([1]), l2 = natural_join3())
[    35.817][cube-solver-0][DEBUG] Solving cube (l0 = anti_join(), l1 = cross_join([1]), l2 = natural_join4())
[    35.818][cube-solver-3][DEBUG] Solving cube (l0 = anti_join(), l1 = cross_join([1]), l2 = anti_join())
[    35.819][cube-solver-0][DEBUG] Solving cube (l0 = anti_join(), l1 = cross_join([1]), l2 = left_join())
[    35.820][cube-solver-3][DEBUG] Solving cube (l0 = anti_join(), l1 = cross_join([1]), l2 = union())
[    35.820][cube-solver-0][DEBUG] Solving cube (l0 = anti_join(), l1 = cross_join([1]), l2 = intersect())
[    35.822][cube-solver-3][DEBUG] Solving cube (l0 = anti_join(), l1 = cross_join([1]), l2 = semi_join())
[    35.822][cube-solver-0][DEBUG] Solving cube (l0 = anti_join(), l1 = cross_join([1]), l2 = cross_join([1]))
[    35.824][cube-solver-3][DEBUG] Solving cube (l0 = anti_join(), l1 = cross_join([1]), l2 = inner_join())
[    35.824][cube-solver-0][DEBUG] Solving cube (l0 = anti_join(), l1 = inner_join(), l2 = natural_join())
[    35.825][cube-solver-0][DEBUG] Solving cube (l0 = anti_join(), l1 = inner_join(), l2 = natural_join3())
[    35.826][cube-solver-3][DEBUG] Solving cube (l0 = anti_join(), l1 = inner_join(), l2 = natural_join4())
[    35.827][cube-solver-0][DEBUG] Solving cube (l0 = anti_join(), l1 = inner_join(), l2 = anti_join())
[    35.827][cube-solver-3][DEBUG] Solving cube (l0 = anti_join(), l1 = inner_join(), l2 = left_join())
[    35.828][cube-solver-0][DEBUG] Solving cube (l0 = anti_join(), l1 = inner_join(), l2 = union())
[    35.828][cube-solver-3][DEBUG] Solving cube (l0 = anti_join(), l1 = inner_join(), l2 = intersect())
[    35.829][cube-solver-0][DEBUG] Solving cube (l0 = anti_join(), l1 = inner_join(), l2 = semi_join())
[    35.830][cube-solver-3][DEBUG] Solving cube (l0 = anti_join(), l1 = inner_join(), l2 = cross_join([1]))
[    35.830][cube-solver-0][DEBUG] Solving cube (l0 = anti_join(), l1 = inner_join(), l2 = inner_join())
[    35.832][cube-solver-0][DEBUG] Solving cube (l0 = left_join(), l1 = natural_join(), l2 = anti_join())
[    35.832][cube-solver-3][DEBUG] Solving cube (l0 = left_join(), l1 = natural_join(), l2 = left_join())
[    35.833][cube-solver-0][DEBUG] Solving cube (l0 = left_join(), l1 = natural_join(), l2 = union())
[    35.977][cube-solver-3][DEBUG] Solving cube (l0 = left_join(), l1 = natural_join(), l2 = intersect())
[    36.000][cube-solver-0][DEBUG] Solving cube (l0 = left_join(), l1 = natural_join(), l2 = semi_join())
[    36.151][cube-solver-0][DEBUG] Solving cube (l0 = left_join(), l1 = natural_join(), l2 = cross_join([1]))
[    36.288][cube-solver-0][DEBUG] Solving cube (l0 = left_join(), l1 = natural_join(), l2 = inner_join())
[    36.522][cube-solver-3][DEBUG] Solving cube (l0 = left_join(), l1 = natural_join(), l2 = natural_join())
[    36.645][cube-solver-3][DEBUG] Solving cube (l0 = left_join(), l1 = natural_join(), l2 = natural_join3())
[    36.647][cube-solver-3][DEBUG] Solving cube (l0 = left_join(), l1 = natural_join(), l2 = natural_join4())
[    36.649][cube-solver-3][DEBUG] Solving cube (l0 = left_join(), l1 = natural_join3(), l2 = anti_join())
[    36.651][cube-solver-3][DEBUG] Solving cube (l0 = left_join(), l1 = natural_join3(), l2 = left_join())
[    36.653][cube-solver-3][DEBUG] Solving cube (l0 = left_join(), l1 = natural_join3(), l2 = union())
[    36.655][cube-solver-3][DEBUG] Solving cube (l0 = left_join(), l1 = natural_join3(), l2 = intersect())
[    36.657][cube-solver-3][DEBUG] Solving cube (l0 = left_join(), l1 = natural_join3(), l2 = semi_join())
[    36.658][cube-solver-3][DEBUG] Solving cube (l0 = left_join(), l1 = natural_join3(), l2 = cross_join([1]))
[    36.660][cube-solver-3][DEBUG] Solving cube (l0 = left_join(), l1 = natural_join3(), l2 = inner_join())
[    36.661][cube-solver-3][DEBUG] Solving cube (l0 = left_join(), l1 = natural_join3(), l2 = natural_join())
[    36.662][cube-solver-3][DEBUG] Solving cube (l0 = left_join(), l1 = natural_join3(), l2 = natural_join3())
[    36.664][cube-solver-3][DEBUG] Solving cube (l0 = left_join(), l1 = natural_join3(), l2 = natural_join4())
[    36.665][cube-solver-3][DEBUG] Solving cube (l0 = left_join(), l1 = natural_join4(), l2 = anti_join())
[    36.666][cube-solver-3][DEBUG] Solving cube (l0 = left_join(), l1 = natural_join4(), l2 = left_join())
[    36.667][cube-solver-3][DEBUG] Solving cube (l0 = left_join(), l1 = natural_join4(), l2 = union())
[    36.669][cube-solver-3][DEBUG] Solving cube (l0 = left_join(), l1 = natural_join4(), l2 = intersect())
[    36.670][cube-solver-3][DEBUG] Solving cube (l0 = left_join(), l1 = natural_join4(), l2 = semi_join())
[    36.671][cube-solver-3][DEBUG] Solving cube (l0 = left_join(), l1 = natural_join4(), l2 = cross_join([1]))
[    36.673][cube-solver-3][DEBUG] Solving cube (l0 = left_join(), l1 = natural_join4(), l2 = inner_join())
[    36.675][cube-solver-3][DEBUG] Solving cube (l0 = left_join(), l1 = natural_join4(), l2 = natural_join())
[    36.676][cube-solver-3][DEBUG] Solving cube (l0 = left_join(), l1 = natural_join4(), l2 = natural_join3())
[    36.677][cube-solver-3][DEBUG] Solving cube (l0 = left_join(), l1 = natural_join4(), l2 = natural_join4())
[    36.678][cube-solver-3][DEBUG] Solving cube (l0 = left_join(), l1 = anti_join(), l2 = natural_join())
[    37.393][cube-solver-3][DEBUG] Solving cube (l0 = left_join(), l1 = anti_join(), l2 = natural_join3())
[    37.395][cube-solver-3][DEBUG] Solving cube (l0 = left_join(), l1 = anti_join(), l2 = natural_join4())
[    37.398][cube-solver-3][DEBUG] Solving cube (l0 = left_join(), l1 = anti_join(), l2 = anti_join())
[    37.400][cube-solver-3][DEBUG] Solving cube (l0 = left_join(), l1 = anti_join(), l2 = left_join())
[    38.331][cube-solver-3][DEBUG] Solving cube (l0 = left_join(), l1 = anti_join(), l2 = union())
[    39.197][cube-solver-3][DEBUG] Solving cube (l0 = left_join(), l1 = anti_join(), l2 = intersect())
[    43.232][cube-solver-3][DEBUG] Solving cube (l0 = left_join(), l1 = anti_join(), l2 = semi_join())
[    44.197][cube-solver-3][DEBUG] Solving cube (l0 = left_join(), l1 = anti_join(), l2 = cross_join([1]))
[    44.966][cube-solver-3][DEBUG] Solving cube (l0 = left_join(), l1 = anti_join(), l2 = inner_join())
[    56.421][cube-solver-2][DEBUG] Initialising process for 3 lines of code.
[    56.572][cube-solver-2][DEBUG] Solving cube (l0 = left_join(), l1 = left_join(), l2 = natural_join())
[    56.759][cube-solver-2][DEBUG] Solving cube (l0 = left_join(), l1 = left_join(), l2 = natural_join3())
[    57.111][cube-solver-2][DEBUG] Solving cube (l0 = left_join(), l1 = left_join(), l2 = natural_join4())
[    57.113][cube-solver-2][DEBUG] Solving cube (l0 = left_join(), l1 = left_join(), l2 = anti_join())
[    58.371][cube-solver-2][DEBUG] Solving cube (l0 = left_join(), l1 = left_join(), l2 = left_join())
[    58.607][cube-solver-2][DEBUG] Solving cube (l0 = left_join(), l1 = left_join(), l2 = union())
[    58.828][cube-solver-2][DEBUG] Solving cube (l0 = left_join(), l1 = left_join(), l2 = intersect())
[    59.718][cube-solver-2][DEBUG] Solving cube (l0 = left_join(), l1 = left_join(), l2 = semi_join())
[    59.950][cube-solver-2][DEBUG] Solving cube (l0 = left_join(), l1 = left_join(), l2 = cross_join([1]))
[    60.144][cube-solver-2][DEBUG] Solving cube (l0 = left_join(), l1 = left_join(), l2 = inner_join())
[    90.301][cube-solver-0][DEBUG] Solving cube (l0 = left_join(), l1 = union(), l2 = natural_join())
[    90.517][cube-solver-0][DEBUG] Solving cube (l0 = left_join(), l1 = union(), l2 = natural_join3())
[    90.885][cube-solver-0][DEBUG] Solving cube (l0 = left_join(), l1 = union(), l2 = natural_join4())
[    90.889][cube-solver-0][DEBUG] Solving cube (l0 = left_join(), l1 = union(), l2 = anti_join())
[    92.097][cube-solver-0][DEBUG] Solving cube (l0 = left_join(), l1 = union(), l2 = left_join())
[    92.369][cube-solver-0][DEBUG] Solving cube (l0 = left_join(), l1 = union(), l2 = union())
[    92.598][cube-solver-0][DEBUG] Solving cube (l0 = left_join(), l1 = union(), l2 = intersect())
[    93.720][cube-solver-0][DEBUG] Solving cube (l0 = left_join(), l1 = union(), l2 = semi_join())
[    93.940][cube-solver-0][DEBUG] Solving cube (l0 = left_join(), l1 = union(), l2 = cross_join([1]))
[    94.191][cube-solver-0][DEBUG] Solving cube (l0 = left_join(), l1 = union(), l2 = inner_join())
[   152.224][cube-solver-2][DEBUG] Solving cube (l0 = left_join(), l1 = intersect(), l2 = natural_join())
[   152.927][cube-solver-2][DEBUG] Solving cube (l0 = left_join(), l1 = intersect(), l2 = natural_join3())
[   154.237][cube-solver-2][DEBUG] Solving cube (l0 = left_join(), l1 = intersect(), l2 = natural_join4())
[   154.239][cube-solver-2][DEBUG] Solving cube (l0 = left_join(), l1 = intersect(), l2 = anti_join())
[   159.201][cube-solver-2][DEBUG] Solving cube (l0 = left_join(), l1 = intersect(), l2 = left_join())
[   160.114][cube-solver-2][DEBUG] Solving cube (l0 = left_join(), l1 = intersect(), l2 = union())
[   160.986][cube-solver-2][DEBUG] Solving cube (l0 = left_join(), l1 = intersect(), l2 = intersect())
[   164.554][cube-solver-2][DEBUG] Solving cube (l0 = left_join(), l1 = intersect(), l2 = semi_join())
[   165.468][cube-solver-2][DEBUG] Solving cube (l0 = left_join(), l1 = intersect(), l2 = cross_join([1]))
[   166.278][cube-solver-2][DEBUG] Solving cube (l0 = left_join(), l1 = intersect(), l2 = inner_join())
[   171.970][cube-solver-2][DEBUG] Solving cube (l0 = left_join(), l1 = semi_join(), l2 = natural_join())
[   172.154][cube-solver-2][DEBUG] Solving cube (l0 = left_join(), l1 = semi_join(), l2 = natural_join3())
[   172.500][cube-solver-2][DEBUG] Solving cube (l0 = left_join(), l1 = semi_join(), l2 = natural_join4())
[   172.501][cube-solver-2][DEBUG] Solving cube (l0 = left_join(), l1 = semi_join(), l2 = anti_join())
[   173.733][cube-solver-2][DEBUG] Solving cube (l0 = left_join(), l1 = semi_join(), l2 = left_join())
[   173.964][cube-solver-2][DEBUG] Solving cube (l0 = left_join(), l1 = semi_join(), l2 = union())
[   174.179][cube-solver-2][DEBUG] Solving cube (l0 = left_join(), l1 = semi_join(), l2 = intersect())
[   175.049][cube-solver-2][DEBUG] Solving cube (l0 = left_join(), l1 = semi_join(), l2 = semi_join())
[   175.275][cube-solver-2][DEBUG] Solving cube (l0 = left_join(), l1 = semi_join(), l2 = cross_join([1]))
[   175.466][cube-solver-2][DEBUG] Solving cube (l0 = left_join(), l1 = semi_join(), l2 = inner_join())
[   187.891][cube-solver-0][DEBUG] Solving cube (l0 = left_join(), l1 = cross_join([1]), l2 = natural_join())
[   188.054][cube-solver-0][DEBUG] Solving cube (l0 = left_join(), l1 = cross_join([1]), l2 = natural_join3())
[   188.255][cube-solver-0][DEBUG] Solving cube (l0 = left_join(), l1 = cross_join([1]), l2 = natural_join4())
[   188.258][cube-solver-0][DEBUG] Solving cube (l0 = left_join(), l1 = cross_join([1]), l2 = anti_join())
[   189.087][cube-solver-0][DEBUG] Solving cube (l0 = left_join(), l1 = cross_join([1]), l2 = left_join())
[   189.227][cube-solver-0][DEBUG] Solving cube (l0 = left_join(), l1 = cross_join([1]), l2 = union())
[   189.370][cube-solver-0][DEBUG] Solving cube (l0 = left_join(), l1 = cross_join([1]), l2 = intersect())
[   189.787][cube-solver-0][DEBUG] Solving cube (l0 = left_join(), l1 = cross_join([1]), l2 = semi_join())
[   189.949][cube-solver-0][DEBUG] Solving cube (l0 = left_join(), l1 = cross_join([1]), l2 = cross_join([1]))
[   190.100][cube-solver-0][DEBUG] Solving cube (l0 = left_join(), l1 = cross_join([1]), l2 = inner_join())
[   190.936][cube-solver-0][DEBUG] Solving cube (l0 = left_join(), l1 = inner_join(), l2 = natural_join())
[   267.202][cube-solver-2][DEBUG] Solving cube (l0 = left_join(), l1 = inner_join(), l2 = natural_join3())
[   268.565][cube-solver-0][DEBUG] Solving cube (l0 = left_join(), l1 = inner_join(), l2 = natural_join4())
[   268.570][cube-solver-0][DEBUG] Solving cube (l0 = left_join(), l1 = inner_join(), l2 = anti_join())
[   397.174][cube-solver-2][DEBUG] Solving cube (l0 = left_join(), l1 = inner_join(), l2 = left_join())
[   431.049][cube-solver-3][DEBUG] Solving cube (l0 = left_join(), l1 = inner_join(), l2 = union())
[   489.187][cube-solver-2][DEBUG] Solving cube (l0 = left_join(), l1 = inner_join(), l2 = intersect())
[   494.913][cube-solver-2][DEBUG] Solving cube (l0 = left_join(), l1 = inner_join(), l2 = semi_join())
[   524.140][cube-solver-3][DEBUG] Solving cube (l0 = left_join(), l1 = inner_join(), l2 = cross_join([1]))
[   525.373][cube-solver-3][DEBUG] Solving cube (l0 = left_join(), l1 = inner_join(), l2 = inner_join())
[   540.950][cube-solver-0][DEBUG] Solving cube (l0 = union(), l1 = natural_join(), l2 = anti_join())
[   540.953][cube-solver-0][DEBUG] Solving cube (l0 = union(), l1 = natural_join(), l2 = left_join())
[   541.116][cube-solver-0][DEBUG] Solving cube (l0 = union(), l1 = natural_join(), l2 = union())
[   541.253][cube-solver-0][DEBUG] Solving cube (l0 = union(), l1 = natural_join(), l2 = intersect())
[   541.825][cube-solver-0][DEBUG] Solving cube (l0 = union(), l1 = natural_join(), l2 = semi_join())
[   541.959][cube-solver-0][DEBUG] Solving cube (l0 = union(), l1 = natural_join(), l2 = cross_join([1]))
[   542.097][cube-solver-0][DEBUG] Solving cube (l0 = union(), l1 = natural_join(), l2 = inner_join())
[   550.112][cube-solver-2][DEBUG] Solving cube (l0 = union(), l1 = natural_join(), l2 = natural_join())
[   550.210][cube-solver-2][DEBUG] Solving cube (l0 = union(), l1 = natural_join(), l2 = natural_join3())
[   550.211][cube-solver-2][DEBUG] Solving cube (l0 = union(), l1 = natural_join(), l2 = natural_join4())
[   550.213][cube-solver-2][DEBUG] Solving cube (l0 = union(), l1 = natural_join3(), l2 = anti_join())
[   550.214][cube-solver-2][DEBUG] Solving cube (l0 = union(), l1 = natural_join3(), l2 = left_join())
[   550.215][cube-solver-2][DEBUG] Solving cube (l0 = union(), l1 = natural_join3(), l2 = union())
[   550.216][cube-solver-2][DEBUG] Solving cube (l0 = union(), l1 = natural_join3(), l2 = intersect())
[   550.217][cube-solver-2][DEBUG] Solving cube (l0 = union(), l1 = natural_join3(), l2 = semi_join())
[   550.219][cube-solver-2][DEBUG] Solving cube (l0 = union(), l1 = natural_join3(), l2 = cross_join([1]))
[   550.220][cube-solver-2][DEBUG] Solving cube (l0 = union(), l1 = natural_join3(), l2 = inner_join())
[   550.222][cube-solver-2][DEBUG] Solving cube (l0 = union(), l1 = natural_join3(), l2 = natural_join())
[   550.223][cube-solver-2][DEBUG] Solving cube (l0 = union(), l1 = natural_join3(), l2 = natural_join3())
[   550.224][cube-solver-2][DEBUG] Solving cube (l0 = union(), l1 = natural_join3(), l2 = natural_join4())
[   550.225][cube-solver-2][DEBUG] Solving cube (l0 = union(), l1 = natural_join4(), l2 = anti_join())
[   550.226][cube-solver-2][DEBUG] Solving cube (l0 = union(), l1 = natural_join4(), l2 = left_join())
[   550.228][cube-solver-2][DEBUG] Solving cube (l0 = union(), l1 = natural_join4(), l2 = union())
[   550.229][cube-solver-2][DEBUG] Solving cube (l0 = union(), l1 = natural_join4(), l2 = intersect())
[   550.230][cube-solver-2][DEBUG] Solving cube (l0 = union(), l1 = natural_join4(), l2 = semi_join())
[   550.231][cube-solver-2][DEBUG] Solving cube (l0 = union(), l1 = natural_join4(), l2 = cross_join([1]))
[   550.233][cube-solver-2][DEBUG] Solving cube (l0 = union(), l1 = natural_join4(), l2 = inner_join())
[   550.234][cube-solver-2][DEBUG] Solving cube (l0 = union(), l1 = natural_join4(), l2 = natural_join())
[   550.235][cube-solver-2][DEBUG] Solving cube (l0 = union(), l1 = natural_join4(), l2 = natural_join3())
[   550.237][cube-solver-2][DEBUG] Solving cube (l0 = union(), l1 = natural_join4(), l2 = natural_join4())
[   550.238][cube-solver-2][DEBUG] Solving cube (l0 = union(), l1 = anti_join(), l2 = natural_join())
[   550.863][cube-solver-2][DEBUG] Solving cube (l0 = union(), l1 = anti_join(), l2 = natural_join3())
[   550.865][cube-solver-2][DEBUG] Solving cube (l0 = union(), l1 = anti_join(), l2 = natural_join4())
[   550.866][cube-solver-2][DEBUG] Solving cube (l0 = union(), l1 = anti_join(), l2 = anti_join())
[   550.867][cube-solver-2][DEBUG] Solving cube (l0 = union(), l1 = anti_join(), l2 = left_join())
[   551.709][cube-solver-2][DEBUG] Solving cube (l0 = union(), l1 = anti_join(), l2 = union())
[   552.451][cube-solver-2][DEBUG] Solving cube (l0 = union(), l1 = anti_join(), l2 = intersect())
[   555.967][cube-solver-2][DEBUG] Solving cube (l0 = union(), l1 = anti_join(), l2 = semi_join())
[   556.759][cube-solver-2][DEBUG] Solving cube (l0 = union(), l1 = anti_join(), l2 = cross_join([1]))
[   557.401][cube-solver-2][DEBUG] Solving cube (l0 = union(), l1 = anti_join(), l2 = inner_join())
[   596.943][cube-solver-0][DEBUG] Solving cube (l0 = union(), l1 = left_join(), l2 = natural_join())
[   597.186][cube-solver-0][DEBUG] Solving cube (l0 = union(), l1 = left_join(), l2 = natural_join3())
[   597.501][cube-solver-0][DEBUG] Solving cube (l0 = union(), l1 = left_join(), l2 = natural_join4())
[   597.504][cube-solver-0][DEBUG] Solving cube (l0 = union(), l1 = left_join(), l2 = anti_join())
[   598.639][cube-solver-0][DEBUG] Solving cube (l0 = union(), l1 = left_join(), l2 = left_join())
[   598.848][cube-solver-0][DEBUG] Solving cube (l0 = union(), l1 = left_join(), l2 = union())
[   599.074][cube-solver-0][DEBUG] Solving cube (l0 = union(), l1 = left_join(), l2 = intersect())
[   600.007][MainProcess][INFO] Statistics:
[   600.008][MainProcess][INFO] 	Generated cubes: 657
[   600.008][MainProcess][INFO] 	Attempted programs: 6504
[   600.008][MainProcess][INFO] 		Rejected: 4772
[   600.009][MainProcess][INFO] 		Failed: 1732
[   600.009][MainProcess][INFO] 	Blacklist clauses: 1
[   600.009][MainProcess][DEBUG] Printing statistics for good programs of size 1
[   600.010][MainProcess][DEBUG] 	0: Counter({'inner_join': 864})
[   600.010][MainProcess][DEBUG] Printing statistics for good programs of size 2
[   600.087][MainProcess][DEBUG] 	0: Counter({'inner_join': 107410, 'left_join': 2592, 'union': 2592, 'semi_join': 2592})
[   600.114][MainProcess][DEBUG] 	1: Counter({'inner_join': 100498, 'anti_join': 6048, 'left_join': 2592, 'union': 2592, 'natural_join': 1728, 'semi_join': 1728})
[   600.114][MainProcess][DEBUG] Printing statistics for good programs of size 3
[   600.163][MainProcess][DEBUG] 	0: Counter({'left_join': 238340, 'union': 15372})
[   600.211][MainProcess][DEBUG] 	1: Counter({'inner_join': 125156, 'anti_join': 67212, 'natural_join': 17280, 'left_join': 14688, 'union': 14688, 'semi_join': 14688})
[   600.258][MainProcess][DEBUG] 	2: Counter({'inner_join': 140528, 'anti_join': 42336, 'natural_join3': 20736, 'left_join': 14688, 'union': 14688, 'natural_join': 12096, 'semi_join': 8640})

No solution found
