[     3.419][MainProcess][INFO] Parsing specification...
[     3.443][MainProcess][WARNING] "attrs" field is deprecated. Please use "columns"
[     3.443][MainProcess][WARNING] "const" field is deprecated. Please use "constants"
[     3.444][MainProcess][DEBUG] Reading input files...
[     3.456][MainProcess][INFO] Inferred data types for table tests-examples/scythe/top_rated_posts/tables/i033.csv: ['int64', 'string', 'string']
[     3.471][MainProcess][INFO] Inferred data types for table tests-examples/scythe/top_rated_posts/tables/o033.csv: ['int64', 'string', 'string', 'string', 'datetime64[ns]']
[     3.519][MainProcess][DEBUG] Generating DSL...
[     3.549][MainProcess][INFO] Creating 4 processes
[     3.570][MainProcess][DEBUG] Increasing generator loc to 2
[     3.598][cube-solver-1][DEBUG] Initialising process for 2 lines of code.
[     3.601][cube-solver-0][DEBUG] Initialising process for 1 lines of code.
[     3.604][cube-solver-2][DEBUG] Initialising process for 2 lines of code.
[     3.615][cube-solver-3][DEBUG] Initialising process for 2 lines of code.
[     3.730][cube-solver-0][WARNING] There is no solution for current loc (1).
[     3.730][cube-solver-0][DEBUG] Solving cube (l0 = filter(),)
[     3.731][cube-solver-0][DEBUG] Initialising process for 2 lines of code.
[     3.863][cube-solver-1][DEBUG] Solving cube (l0 = natural_join(), l1 = filter())
[     3.862][cube-solver-2][DEBUG] Solving cube (l0 = natural_join3(), l1 = filter())
[     3.864][cube-solver-1][DEBUG] Solving cube (l0 = filter(), l1 = natural_join3())
[     3.866][cube-solver-1][DEBUG] Solving cube (l0 = filter(), l1 = natural_join4())
[     3.867][cube-solver-1][DEBUG] Solving cube (l0 = filter(), l1 = anti_join())
[     3.867][cube-solver-2][DEBUG] Solving cube (l0 = filter(), l1 = filter())
[     3.868][cube-solver-1][DEBUG] Solving cube (l0 = filter(), l1 = left_join())
[     3.869][cube-solver-1][DEBUG] Solving cube (l0 = filter(), l1 = union())
[     3.870][cube-solver-1][DEBUG] Solving cube (l0 = filter(), l1 = intersect())
[     3.871][cube-solver-1][DEBUG] Solving cube (l0 = filter(), l1 = semi_join())
[     3.873][cube-solver-1][DEBUG] Solving cube (l0 = filter(), l1 = cross_join())
[     3.874][cube-solver-1][DEBUG] Solving cube (l0 = filter(), l1 = inner_join())
[     3.876][cube-solver-1][DEBUG] Solving cube (l0 = anti_join(), l1 = filter())
[     3.877][cube-solver-1][DEBUG] Solving cube (l0 = left_join(), l1 = filter())
[     3.878][cube-solver-1][DEBUG] Solving cube (l0 = union(), l1 = filter())
[     3.879][cube-solver-1][DEBUG] Solving cube (l0 = intersect(), l1 = filter())
[     3.880][cube-solver-1][DEBUG] Solving cube (l0 = semi_join(), l1 = filter())
[     3.881][cube-solver-1][DEBUG] Solving cube (l0 = cross_join(), l1 = filter())
[     3.882][cube-solver-1][DEBUG] Solving cube (l0 = inner_join(), l1 = filter())
[     3.883][MainProcess][DEBUG] Increasing generator loc to 3
[     3.884][cube-solver-1][DEBUG] Initialising process for 3 lines of code.
[     3.952][cube-solver-3][DEBUG] Solving cube (l0 = natural_join4(), l1 = filter())
[     3.956][cube-solver-3][DEBUG] Initialising process for 3 lines of code.
[     3.984][cube-solver-0][DEBUG] Solving cube (l0 = filter(), l1 = natural_join())
[     3.986][cube-solver-0][DEBUG] Initialising process for 3 lines of code.
[     4.298][cube-solver-1][DEBUG] Solving cube (l0 = natural_join(), l1 = filter(), l2 = natural_join())
[     4.300][cube-solver-1][DEBUG] Solving cube (l0 = natural_join(), l1 = filter(), l2 = filter())
[     4.301][cube-solver-1][DEBUG] Solving cube (l0 = natural_join(), l1 = filter(), l2 = anti_join())
[     4.302][cube-solver-1][DEBUG] Solving cube (l0 = natural_join(), l1 = filter(), l2 = left_join())
[     4.303][cube-solver-1][DEBUG] Solving cube (l0 = natural_join(), l1 = filter(), l2 = union())
[     4.304][cube-solver-1][DEBUG] Solving cube (l0 = natural_join(), l1 = filter(), l2 = intersect())
[     4.306][cube-solver-1][DEBUG] Solving cube (l0 = natural_join(), l1 = filter(), l2 = semi_join())
[     4.307][cube-solver-1][DEBUG] Solving cube (l0 = natural_join(), l1 = filter(), l2 = cross_join())
[     4.308][cube-solver-1][DEBUG] Solving cube (l0 = natural_join(), l1 = filter(), l2 = inner_join())
[     4.309][cube-solver-1][DEBUG] Solving cube (l0 = natural_join(), l1 = anti_join(), l2 = filter())
[     4.311][cube-solver-1][DEBUG] Solving cube (l0 = natural_join(), l1 = left_join(), l2 = filter())
[     4.312][cube-solver-1][DEBUG] Solving cube (l0 = natural_join(), l1 = union(), l2 = filter())
[     4.313][cube-solver-1][DEBUG] Solving cube (l0 = natural_join(), l1 = intersect(), l2 = filter())
[     4.314][cube-solver-1][DEBUG] Solving cube (l0 = natural_join(), l1 = semi_join(), l2 = filter())
[     4.315][cube-solver-1][DEBUG] Solving cube (l0 = natural_join(), l1 = cross_join(), l2 = filter())
[     4.317][cube-solver-1][DEBUG] Solving cube (l0 = natural_join(), l1 = inner_join(), l2 = filter())
[     4.318][cube-solver-1][DEBUG] Solving cube (l0 = natural_join(), l1 = natural_join(), l2 = filter())
[     4.319][cube-solver-1][DEBUG] Solving cube (l0 = natural_join(), l1 = natural_join3(), l2 = filter())
[     4.320][cube-solver-1][DEBUG] Solving cube (l0 = natural_join(), l1 = natural_join4(), l2 = filter())
[     4.322][cube-solver-1][DEBUG] Solving cube (l0 = natural_join3(), l1 = filter(), l2 = natural_join())
[     4.323][cube-solver-1][DEBUG] Solving cube (l0 = natural_join3(), l1 = filter(), l2 = natural_join3())
[     4.324][cube-solver-1][DEBUG] Solving cube (l0 = natural_join3(), l1 = filter(), l2 = natural_join4())
[     4.325][cube-solver-1][DEBUG] Solving cube (l0 = natural_join3(), l1 = filter(), l2 = filter())
[     4.326][cube-solver-1][DEBUG] Solving cube (l0 = natural_join3(), l1 = filter(), l2 = anti_join())
[     4.328][cube-solver-1][DEBUG] Solving cube (l0 = natural_join3(), l1 = filter(), l2 = left_join())
[     4.329][cube-solver-1][DEBUG] Solving cube (l0 = natural_join3(), l1 = filter(), l2 = union())
[     4.330][cube-solver-1][DEBUG] Solving cube (l0 = natural_join3(), l1 = filter(), l2 = intersect())
[     4.331][cube-solver-1][DEBUG] Solving cube (l0 = natural_join3(), l1 = filter(), l2 = semi_join())
[     4.332][cube-solver-1][DEBUG] Solving cube (l0 = natural_join3(), l1 = filter(), l2 = cross_join())
[     4.334][cube-solver-1][DEBUG] Solving cube (l0 = natural_join3(), l1 = filter(), l2 = inner_join())
[     4.335][cube-solver-1][DEBUG] Solving cube (l0 = natural_join3(), l1 = anti_join(), l2 = filter())
[     4.336][cube-solver-1][DEBUG] Solving cube (l0 = natural_join3(), l1 = left_join(), l2 = filter())
[     4.337][cube-solver-1][DEBUG] Solving cube (l0 = natural_join3(), l1 = union(), l2 = filter())
[     4.338][cube-solver-1][DEBUG] Solving cube (l0 = natural_join3(), l1 = intersect(), l2 = filter())
[     4.340][cube-solver-1][DEBUG] Solving cube (l0 = natural_join3(), l1 = semi_join(), l2 = filter())
[     4.341][cube-solver-1][DEBUG] Solving cube (l0 = natural_join3(), l1 = cross_join(), l2 = filter())
[     4.342][cube-solver-1][DEBUG] Solving cube (l0 = natural_join3(), l1 = inner_join(), l2 = filter())
[     4.343][cube-solver-1][DEBUG] Solving cube (l0 = natural_join3(), l1 = natural_join(), l2 = filter())
[     4.344][cube-solver-1][DEBUG] Solving cube (l0 = natural_join3(), l1 = natural_join3(), l2 = filter())
[     4.345][cube-solver-1][DEBUG] Solving cube (l0 = natural_join3(), l1 = natural_join4(), l2 = filter())
[     4.347][cube-solver-1][DEBUG] Solving cube (l0 = natural_join4(), l1 = filter(), l2 = natural_join())
[     4.348][cube-solver-1][DEBUG] Solving cube (l0 = natural_join4(), l1 = filter(), l2 = natural_join3())
[     4.349][cube-solver-1][DEBUG] Solving cube (l0 = natural_join4(), l1 = filter(), l2 = natural_join4())
[     4.350][cube-solver-1][DEBUG] Solving cube (l0 = natural_join4(), l1 = filter(), l2 = filter())
[     4.352][cube-solver-1][DEBUG] Solving cube (l0 = natural_join4(), l1 = filter(), l2 = anti_join())
[     4.353][cube-solver-1][DEBUG] Solving cube (l0 = natural_join4(), l1 = filter(), l2 = left_join())
[     4.354][cube-solver-1][DEBUG] Solving cube (l0 = natural_join4(), l1 = filter(), l2 = union())
[     4.355][cube-solver-1][DEBUG] Solving cube (l0 = natural_join4(), l1 = filter(), l2 = intersect())
[     4.356][cube-solver-1][DEBUG] Solving cube (l0 = natural_join4(), l1 = filter(), l2 = semi_join())
[     4.357][cube-solver-1][DEBUG] Solving cube (l0 = natural_join4(), l1 = filter(), l2 = cross_join())
[     4.359][cube-solver-1][DEBUG] Solving cube (l0 = natural_join4(), l1 = filter(), l2 = inner_join())
[     4.360][cube-solver-1][DEBUG] Solving cube (l0 = natural_join4(), l1 = anti_join(), l2 = filter())
[     4.361][cube-solver-1][DEBUG] Solving cube (l0 = natural_join4(), l1 = left_join(), l2 = filter())
[     4.362][cube-solver-1][DEBUG] Solving cube (l0 = natural_join4(), l1 = union(), l2 = filter())
[     4.363][cube-solver-1][DEBUG] Solving cube (l0 = natural_join4(), l1 = intersect(), l2 = filter())
[     4.365][cube-solver-1][DEBUG] Solving cube (l0 = natural_join4(), l1 = semi_join(), l2 = filter())
[     4.366][cube-solver-1][DEBUG] Solving cube (l0 = natural_join4(), l1 = cross_join(), l2 = filter())
[     4.368][cube-solver-1][DEBUG] Solving cube (l0 = natural_join4(), l1 = inner_join(), l2 = filter())
[     4.369][cube-solver-1][DEBUG] Solving cube (l0 = natural_join4(), l1 = natural_join(), l2 = filter())
[     4.370][cube-solver-1][DEBUG] Solving cube (l0 = natural_join4(), l1 = natural_join3(), l2 = filter())
[     4.371][cube-solver-1][DEBUG] Solving cube (l0 = natural_join4(), l1 = natural_join4(), l2 = filter())
[     4.373][cube-solver-1][DEBUG] Solving cube (l0 = filter(), l1 = natural_join(), l2 = filter())
[     4.422][cube-solver-3][DEBUG] Solving cube (l0 = natural_join(), l1 = filter(), l2 = natural_join3())
[     4.424][cube-solver-3][DEBUG] Solving cube (l0 = filter(), l1 = natural_join(), l2 = anti_join())
[     4.426][cube-solver-3][DEBUG] Solving cube (l0 = filter(), l1 = natural_join(), l2 = left_join())
[     4.427][cube-solver-3][DEBUG] Solving cube (l0 = filter(), l1 = natural_join(), l2 = union())
[     4.429][cube-solver-3][DEBUG] Solving cube (l0 = filter(), l1 = natural_join(), l2 = intersect())
[     4.430][cube-solver-3][DEBUG] Solving cube (l0 = filter(), l1 = natural_join(), l2 = semi_join())
[     4.432][cube-solver-3][DEBUG] Solving cube (l0 = filter(), l1 = natural_join(), l2 = cross_join())
[     4.434][cube-solver-3][DEBUG] Solving cube (l0 = filter(), l1 = natural_join(), l2 = inner_join())
[     4.436][cube-solver-3][DEBUG] Solving cube (l0 = filter(), l1 = natural_join(), l2 = natural_join())
[     4.437][cube-solver-3][DEBUG] Solving cube (l0 = filter(), l1 = natural_join(), l2 = natural_join3())
[     4.439][cube-solver-3][DEBUG] Solving cube (l0 = filter(), l1 = natural_join(), l2 = natural_join4())
[     4.440][cube-solver-0][DEBUG] Solving cube (l0 = natural_join(), l1 = filter(), l2 = natural_join4())
[     4.440][cube-solver-3][DEBUG] Solving cube (l0 = filter(), l1 = natural_join3(), l2 = filter())
[     4.442][cube-solver-3][DEBUG] Solving cube (l0 = filter(), l1 = natural_join3(), l2 = anti_join())
[     4.443][cube-solver-0][DEBUG] Solving cube (l0 = filter(), l1 = natural_join3(), l2 = left_join())
[     4.443][cube-solver-3][DEBUG] Solving cube (l0 = filter(), l1 = natural_join3(), l2 = union())
[     4.444][cube-solver-0][DEBUG] Solving cube (l0 = filter(), l1 = natural_join3(), l2 = intersect())
[     4.445][cube-solver-3][DEBUG] Solving cube (l0 = filter(), l1 = natural_join3(), l2 = semi_join())
[     4.446][cube-solver-0][DEBUG] Solving cube (l0 = filter(), l1 = natural_join3(), l2 = cross_join())
[     4.446][cube-solver-3][DEBUG] Solving cube (l0 = filter(), l1 = natural_join3(), l2 = inner_join())
[     4.447][cube-solver-3][DEBUG] Solving cube (l0 = filter(), l1 = natural_join3(), l2 = natural_join())
[     4.448][cube-solver-0][DEBUG] Solving cube (l0 = filter(), l1 = natural_join3(), l2 = natural_join3())
[     4.449][cube-solver-3][DEBUG] Solving cube (l0 = filter(), l1 = natural_join3(), l2 = natural_join4())
[     4.450][cube-solver-0][DEBUG] Solving cube (l0 = filter(), l1 = natural_join4(), l2 = filter())
[     4.450][cube-solver-3][DEBUG] Solving cube (l0 = filter(), l1 = natural_join4(), l2 = anti_join())
[     4.451][cube-solver-3][DEBUG] Solving cube (l0 = filter(), l1 = natural_join4(), l2 = left_join())
[     4.452][cube-solver-0][DEBUG] Solving cube (l0 = filter(), l1 = natural_join4(), l2 = union())
[     4.453][cube-solver-3][DEBUG] Solving cube (l0 = filter(), l1 = natural_join4(), l2 = intersect())
[     4.454][cube-solver-0][DEBUG] Solving cube (l0 = filter(), l1 = natural_join4(), l2 = semi_join())
[     4.454][cube-solver-3][DEBUG] Solving cube (l0 = filter(), l1 = natural_join4(), l2 = cross_join())
[     4.456][cube-solver-0][DEBUG] Solving cube (l0 = filter(), l1 = natural_join4(), l2 = inner_join())
[     4.456][cube-solver-3][DEBUG] Solving cube (l0 = filter(), l1 = natural_join4(), l2 = natural_join())
[     4.457][cube-solver-3][DEBUG] Solving cube (l0 = filter(), l1 = natural_join4(), l2 = natural_join3())
[     4.457][cube-solver-0][DEBUG] Solving cube (l0 = filter(), l1 = natural_join4(), l2 = natural_join4())
[     4.459][cube-solver-3][DEBUG] Solving cube (l0 = filter(), l1 = filter(), l2 = natural_join())
[     4.459][cube-solver-0][DEBUG] Solving cube (l0 = filter(), l1 = filter(), l2 = natural_join3())
[     6.872][cube-solver-2][DEBUG] Initialising process for 3 lines of code.
[     7.261][cube-solver-2][DEBUG] Solving cube (l0 = filter(), l1 = filter(), l2 = natural_join4())
[     7.267][cube-solver-2][DEBUG] Solving cube (l0 = filter(), l1 = filter(), l2 = filter())
[    12.986][cube-solver-1][DEBUG] Solving cube (l0 = filter(), l1 = filter(), l2 = anti_join())
[    30.780][cube-solver-3][DEBUG] Solving cube (l0 = filter(), l1 = filter(), l2 = left_join())
[    62.325][cube-solver-3][DEBUG] Solving cube (l0 = filter(), l1 = filter(), l2 = union())
[    62.470][cube-solver-0][DEBUG] Solving cube (l0 = filter(), l1 = filter(), l2 = intersect())
[    91.690][cube-solver-3][DEBUG] Solving cube (l0 = filter(), l1 = filter(), l2 = semi_join())
[   123.033][cube-solver-3][DEBUG] Solving cube (l0 = filter(), l1 = filter(), l2 = cross_join())
[   199.114][cube-solver-1][DEBUG] Solving cube (l0 = filter(), l1 = filter(), l2 = inner_join())
[   211.871][cube-solver-0][DEBUG] Solving cube (l0 = filter(), l1 = anti_join(), l2 = natural_join())
[   211.874][cube-solver-0][DEBUG] Solving cube (l0 = filter(), l1 = anti_join(), l2 = natural_join3())
[   211.876][cube-solver-0][DEBUG] Solving cube (l0 = filter(), l1 = anti_join(), l2 = natural_join4())
[   211.879][cube-solver-0][DEBUG] Solving cube (l0 = filter(), l1 = anti_join(), l2 = filter())
[   270.941][cube-solver-0][DEBUG] Solving cube (l0 = filter(), l1 = anti_join(), l2 = anti_join())
[   270.943][cube-solver-0][DEBUG] Solving cube (l0 = filter(), l1 = anti_join(), l2 = left_join())
[   270.945][cube-solver-0][DEBUG] Solving cube (l0 = filter(), l1 = anti_join(), l2 = union())
[   270.947][cube-solver-0][DEBUG] Solving cube (l0 = filter(), l1 = anti_join(), l2 = intersect())
[   270.948][cube-solver-0][DEBUG] Solving cube (l0 = filter(), l1 = anti_join(), l2 = semi_join())
[   270.950][cube-solver-0][DEBUG] Solving cube (l0 = filter(), l1 = anti_join(), l2 = cross_join())
[   270.953][cube-solver-0][DEBUG] Solving cube (l0 = filter(), l1 = anti_join(), l2 = inner_join())
[   270.955][cube-solver-0][DEBUG] Solving cube (l0 = filter(), l1 = left_join(), l2 = natural_join())
[   270.957][cube-solver-0][DEBUG] Solving cube (l0 = filter(), l1 = left_join(), l2 = natural_join3())
[   270.959][cube-solver-0][DEBUG] Solving cube (l0 = filter(), l1 = left_join(), l2 = natural_join4())
[   270.961][cube-solver-0][DEBUG] Solving cube (l0 = filter(), l1 = left_join(), l2 = filter())
[   284.424][cube-solver-0][DEBUG] Solving cube (l0 = filter(), l1 = left_join(), l2 = anti_join())
[   284.428][cube-solver-0][DEBUG] Solving cube (l0 = filter(), l1 = left_join(), l2 = left_join())
[   284.429][cube-solver-0][DEBUG] Solving cube (l0 = filter(), l1 = left_join(), l2 = union())
[   284.431][cube-solver-0][DEBUG] Solving cube (l0 = filter(), l1 = left_join(), l2 = intersect())
[   284.433][cube-solver-0][DEBUG] Solving cube (l0 = filter(), l1 = left_join(), l2 = semi_join())
[   284.435][cube-solver-0][DEBUG] Solving cube (l0 = filter(), l1 = left_join(), l2 = cross_join())
[   284.437][cube-solver-0][DEBUG] Solving cube (l0 = filter(), l1 = left_join(), l2 = inner_join())
[   284.439][cube-solver-0][DEBUG] Solving cube (l0 = filter(), l1 = union(), l2 = natural_join())
[   284.441][cube-solver-0][DEBUG] Solving cube (l0 = filter(), l1 = union(), l2 = natural_join3())
[   284.443][cube-solver-0][DEBUG] Solving cube (l0 = filter(), l1 = union(), l2 = natural_join4())
[   284.445][cube-solver-0][DEBUG] Solving cube (l0 = filter(), l1 = union(), l2 = filter())
[   296.724][cube-solver-0][DEBUG] Solving cube (l0 = filter(), l1 = union(), l2 = anti_join())
[   296.726][cube-solver-0][DEBUG] Solving cube (l0 = filter(), l1 = union(), l2 = left_join())
[   296.728][cube-solver-0][DEBUG] Solving cube (l0 = filter(), l1 = union(), l2 = union())
[   296.729][cube-solver-0][DEBUG] Solving cube (l0 = filter(), l1 = union(), l2 = intersect())
[   296.731][cube-solver-0][DEBUG] Solving cube (l0 = filter(), l1 = union(), l2 = semi_join())
[   296.733][cube-solver-0][DEBUG] Solving cube (l0 = filter(), l1 = union(), l2 = cross_join())
[   296.735][cube-solver-0][DEBUG] Solving cube (l0 = filter(), l1 = union(), l2 = inner_join())
[   296.737][cube-solver-0][DEBUG] Solving cube (l0 = filter(), l1 = intersect(), l2 = natural_join())
[   296.739][cube-solver-0][DEBUG] Solving cube (l0 = filter(), l1 = intersect(), l2 = natural_join3())
[   296.740][cube-solver-0][DEBUG] Solving cube (l0 = filter(), l1 = intersect(), l2 = natural_join4())
[   296.742][cube-solver-0][DEBUG] Solving cube (l0 = filter(), l1 = intersect(), l2 = filter())
[   357.298][cube-solver-0][DEBUG] Solving cube (l0 = filter(), l1 = intersect(), l2 = anti_join())
[   357.300][cube-solver-0][DEBUG] Solving cube (l0 = filter(), l1 = intersect(), l2 = left_join())
[   357.302][cube-solver-0][DEBUG] Solving cube (l0 = filter(), l1 = intersect(), l2 = union())
[   357.304][cube-solver-0][DEBUG] Solving cube (l0 = filter(), l1 = intersect(), l2 = intersect())
[   357.305][cube-solver-0][DEBUG] Solving cube (l0 = filter(), l1 = intersect(), l2 = semi_join())
[   357.307][cube-solver-0][DEBUG] Solving cube (l0 = filter(), l1 = intersect(), l2 = cross_join())
[   357.310][cube-solver-0][DEBUG] Solving cube (l0 = filter(), l1 = intersect(), l2 = inner_join())
[   357.312][cube-solver-0][DEBUG] Solving cube (l0 = filter(), l1 = semi_join(), l2 = natural_join())
[   357.314][cube-solver-0][DEBUG] Solving cube (l0 = filter(), l1 = semi_join(), l2 = natural_join3())
[   357.316][cube-solver-0][DEBUG] Solving cube (l0 = filter(), l1 = semi_join(), l2 = natural_join4())
[   357.318][cube-solver-0][DEBUG] Solving cube (l0 = filter(), l1 = semi_join(), l2 = filter())
[   370.821][cube-solver-0][DEBUG] Solving cube (l0 = filter(), l1 = semi_join(), l2 = anti_join())
[   370.823][cube-solver-0][DEBUG] Solving cube (l0 = filter(), l1 = semi_join(), l2 = left_join())
[   370.825][cube-solver-0][DEBUG] Solving cube (l0 = filter(), l1 = semi_join(), l2 = union())
[   370.827][cube-solver-0][DEBUG] Solving cube (l0 = filter(), l1 = semi_join(), l2 = intersect())
[   370.829][cube-solver-0][DEBUG] Solving cube (l0 = filter(), l1 = semi_join(), l2 = semi_join())
[   370.831][cube-solver-0][DEBUG] Solving cube (l0 = filter(), l1 = semi_join(), l2 = cross_join())
[   370.832][cube-solver-0][DEBUG] Solving cube (l0 = filter(), l1 = semi_join(), l2 = inner_join())
[   370.834][cube-solver-0][DEBUG] Solving cube (l0 = filter(), l1 = cross_join(), l2 = natural_join())
[   370.838][cube-solver-0][DEBUG] Solving cube (l0 = filter(), l1 = cross_join(), l2 = natural_join3())
[   370.840][cube-solver-0][DEBUG] Solving cube (l0 = filter(), l1 = cross_join(), l2 = natural_join4())
[   370.842][cube-solver-0][DEBUG] Solving cube (l0 = filter(), l1 = cross_join(), l2 = filter())
[   599.945][MainProcess][INFO] Statistics:
[   599.946][MainProcess][INFO] 	Generated cubes: 188
[   599.947][MainProcess][INFO] 	Attempted programs: 52608
[   599.947][MainProcess][INFO] 		Rejected: 45168
[   599.947][MainProcess][INFO] 		Failed: 7440
[   599.947][MainProcess][INFO] 	Blacklist clauses: 0
[   599.947][MainProcess][DEBUG] Printing statistics for good programs of size 3
[   600.012][MainProcess][DEBUG] 	0: Counter({'filter': 158191})
[   600.047][MainProcess][DEBUG] 	1: Counter({'filter': 125950, 'cross_join': 32241})
[   600.086][MainProcess][DEBUG] 	2: Counter({'cross_join': 69655, 'inner_join': 56295, 'filter': 32241})

No solution found
