[     3.307][MainProcess][INFO] Parsing specification...
[     3.312][MainProcess][WARNING] "attrs" field is deprecated. Please use "columns"
[     3.312][MainProcess][WARNING] "aggrs" field is deprecated. Please use "functions"
[     3.313][MainProcess][DEBUG] Reading input files...
[     3.328][MainProcess][INFO] Inferred data types for table tests-examples/scythe/top_rated_posts/tables/i036.csv: ['string', 'datetime64[ns]', 'float64']
[     3.336][MainProcess][INFO] Inferred data types for table tests-examples/scythe/top_rated_posts/tables/o036.csv: ['string', 'datetime64[ns]', 'float64']
[     3.376][MainProcess][DEBUG] Generating DSL...
[     3.553][MainProcess][INFO] Creating 4 processes
[     3.571][MainProcess][DEBUG] Increasing generator loc to 2
[     3.723][cube-solver-3][DEBUG] Initialising process for 2 lines of code.
[     3.743][cube-solver-0][DEBUG] Initialising process for 1 lines of code.
[     3.745][cube-solver-1][DEBUG] Initialising process for 1 lines of code.
[     3.752][cube-solver-2][DEBUG] Initialising process for 2 lines of code.
[     6.245][cube-solver-1][DEBUG] Solving cube (l0 = mutate(),)
[     6.258][cube-solver-0][DEBUG] Solving cube (l0 = summarise(),)
[     6.580][cube-solver-0][DEBUG] Initialising process for 2 lines of code.
[     6.647][cube-solver-1][DEBUG] Initialising process for 2 lines of code.
[     8.754][cube-solver-2][DEBUG] Solving cube (l0 = natural_join(), l1 = summarise())
[     8.793][cube-solver-2][DEBUG] Solving cube (l0 = natural_join4(), l1 = summarise())
[     8.812][cube-solver-2][DEBUG] Solving cube (l0 = natural_join4(), l1 = mutate())
[     8.832][cube-solver-2][DEBUG] Solving cube (l0 = summarise(), l1 = natural_join())
[     8.905][cube-solver-3][DEBUG] Solving cube (l0 = natural_join(), l1 = mutate())
[     8.931][cube-solver-3][DEBUG] Solving cube (l0 = summarise(), l1 = natural_join3())
[     8.949][cube-solver-3][DEBUG] Solving cube (l0 = summarise(), l1 = natural_join4())
[     8.962][cube-solver-3][DEBUG] Solving cube (l0 = summarise(), l1 = summarise())
[     8.976][cube-solver-3][DEBUG] Solving cube (l0 = summarise(), l1 = filter())
[    10.107][cube-solver-3][DEBUG] Solving cube (l0 = summarise(), l1 = anti_join())
[    11.653][cube-solver-1][DEBUG] Solving cube (l0 = natural_join3(), l1 = mutate())
[    11.701][cube-solver-1][DEBUG] Solving cube (l0 = summarise(), l1 = left_join())
[    11.753][cube-solver-0][DEBUG] Solving cube (l0 = natural_join3(), l1 = summarise())
[    11.781][cube-solver-0][DEBUG] Solving cube (l0 = summarise(), l1 = union())
[    12.474][cube-solver-2][DEBUG] Solving cube (l0 = summarise(), l1 = intersect())
[    13.400][cube-solver-3][DEBUG] Solving cube (l0 = summarise(), l1 = semi_join())
[    13.581][cube-solver-2][DEBUG] Solving cube (l0 = summarise(), l1 = cross_join())
[    14.552][cube-solver-3][DEBUG] Solving cube (l0 = summarise(), l1 = mutate())
[    14.782][cube-solver-3][DEBUG] Solving cube (l0 = summarise(), l1 = inner_join())
[    15.622][cube-solver-1][DEBUG] Solving cube (l0 = filter(), l1 = summarise())
[    15.635][cube-solver-1][DEBUG] Solving cube (l0 = filter(), l1 = mutate())
[    15.648][cube-solver-1][DEBUG] Solving cube (l0 = anti_join(), l1 = summarise())
[    15.661][cube-solver-1][DEBUG] Solving cube (l0 = anti_join(), l1 = mutate())
[    15.674][cube-solver-1][DEBUG] Solving cube (l0 = left_join(), l1 = summarise())
[    15.815][cube-solver-0][DEBUG] Solving cube (l0 = left_join(), l1 = mutate())
[    15.980][cube-solver-1][DEBUG] Solving cube (l0 = union(), l1 = summarise())
[    16.143][cube-solver-0][DEBUG] Solving cube (l0 = union(), l1 = mutate())
[    16.273][cube-solver-1][DEBUG] Solving cube (l0 = intersect(), l1 = summarise())
[    16.461][cube-solver-0][DEBUG] Solving cube (l0 = intersect(), l1 = mutate())
[    16.523][cube-solver-0][DEBUG] Solving cube (l0 = semi_join(), l1 = summarise())
[    16.552][cube-solver-1][DEBUG] Solving cube (l0 = semi_join(), l1 = mutate())
[    16.841][cube-solver-0][DEBUG] Solving cube (l0 = cross_join(), l1 = summarise())
[    16.851][cube-solver-1][DEBUG] Solving cube (l0 = cross_join(), l1 = mutate())
[    20.499][cube-solver-3][DEBUG] Found solution with cube (l0 = summarise(), l1 = inner_join())
[    20.500][MainProcess][INFO] Statistics:
[    20.501][MainProcess][INFO] 	Generated cubes: 35
[    20.501][MainProcess][INFO] 	Attempted programs: 311
[    20.501][MainProcess][INFO] 		Rejected: 169
[    20.501][MainProcess][INFO] 		Failed: 141
[    20.501][MainProcess][INFO] 	Blacklist clauses: 0
[    20.502][MainProcess][DEBUG] Printing statistics for good programs of size 1
[    20.502][MainProcess][DEBUG] 	0: Counter({'mutate': 48, 'summarise': 36})
[    20.503][MainProcess][DEBUG] Printing statistics for good programs of size 2
[    20.506][MainProcess][DEBUG] 	0: Counter({'summarise': 4466, 'cross_join': 420, 'left_join': 84, 'union': 84, 'semi_join': 84})
[    20.510][MainProcess][DEBUG] 	1: Counter({'cross_join': 1141, 'inner_join': 877, 'left_join': 612, 'union': 612, 'mutate': 588, 'natural_join': 576, 'anti_join': 360, 'semi_join': 144, 'filter': 120, 'summarise': 108})
[    20.510][MainProcess][INFO] Solution found: inner_join(@param0, summarise(@param0, maxdate = max(date), username), 'date' = 'maxdate')

------------------------------------- R Solution ---------------------------------------

con <- DBI::dbConnect(RSQLite::SQLite(), ":memory:")
input1 <- read_csv("tests-examples/scythe/top_rated_posts/tables/i036.csv", col_types = cols(username = col_character(),date = col_character(),value = col_double()))
input1$date <- ymd(input1$date)
input1 <- copy_to(con, input1)
expected_output <- read_csv("tests-examples/scythe/top_rated_posts/tables/o036.csv", col_types = cols(username = col_character(),date = col_character(),value = col_double()))
expected_output$date <- ymd(expected_output$date)

df2 <- input1 %>% group_by(username) %>% summarise(maxdate = max(date)) %>% ungroup()
df3 <- inner_join(input1, df2, by=c('date' = 'maxdate'), suffix = c('', '.other'))
out <- df3 %>% select(username, date, value) %>% arrange(username)


+++++++++++++++++++++++++++++++++++++ SQL Solution +++++++++++++++++++++++++++++++++++++

SELECT username, date, value
FROM
  (SELECT LHS.username AS username,
          LHS.date AS date,
          LHS.value AS value,
          RHS.username AS username.other
   FROM input1 AS LHS
   INNER JOIN
     (SELECT username,
             MAX(date) AS maxdate
      FROM input1
      GROUP BY username) AS RHS ON (LHS.date = RHS.maxdate))
ORDER BY username
