[     1.595][MainProcess][INFO] Parsing specification...
[     1.598][MainProcess][DEBUG] Reading input files...
[     1.606][MainProcess][INFO] Inferred data types for table tests-examples/scythe/top_rated_posts/tables/i042.csv: ['string', 'int64', 'int64', 'int64', 'int64']
[     1.611][MainProcess][INFO] Inferred data types for table tests-examples/scythe/top_rated_posts/tables/o042.csv: ['string', 'int64', 'int64', 'int64']
[     1.637][MainProcess][DEBUG] Generating DSL...
[     1.654][MainProcess][INFO] Creating 4 processes
[     1.692][cube-solver-0][DEBUG] Initialising process for 1 lines of code.
[     1.693][cube-solver-1][DEBUG] Initialising process for 1 lines of code.
[     1.695][cube-solver-2][DEBUG] Initialising process for 1 lines of code.
[     1.699][cube-solver-3][DEBUG] Initialising process for 1 lines of code.
[     1.803][cube-solver-2][DEBUG] Solving cube (l0 = natural_join4(),)
[     1.806][cube-solver-0][DEBUG] Solving cube (l0 = natural_join(),)
[     1.806][cube-solver-1][DEBUG] Solving cube (l0 = natural_join3(),)
[     1.807][cube-solver-0][DEBUG] Solving cube (l0 = union(),)
[     1.807][cube-solver-1][DEBUG] Solving cube (l0 = intersect(),)
[     1.807][cube-solver-2][DEBUG] Solving cube (l0 = left_join(),)
[     1.820][cube-solver-3][DEBUG] Solving cube (l0 = anti_join(),)
[     1.825][cube-solver-3][DEBUG] Solving cube (l0 = semi_join(),)
[     1.874][cube-solver-1][DEBUG] Solving cube (l0 = cross_join(),)
[     1.881][cube-solver-1][DEBUG] Solving cube (l0 = inner_join(),)
[     3.437][MainProcess][DEBUG] Increasing generator loc to 2
[     3.438][cube-solver-3][DEBUG] Initialising process for 2 lines of code.
[     3.498][cube-solver-2][DEBUG] Initialising process for 2 lines of code.
[     3.499][cube-solver-0][DEBUG] Initialising process for 2 lines of code.
[     3.679][cube-solver-3][DEBUG] Solving cube (l0 = natural_join(), l1 = anti_join())
[     3.682][cube-solver-3][DEBUG] Solving cube (l0 = natural_join(), l1 = intersect())
[     3.684][cube-solver-3][DEBUG] Solving cube (l0 = natural_join(), l1 = semi_join())
[     3.686][cube-solver-3][DEBUG] Solving cube (l0 = natural_join(), l1 = cross_join([1]))
[     3.688][cube-solver-3][DEBUG] Solving cube (l0 = natural_join(), l1 = inner_join())
[     3.694][cube-solver-3][DEBUG] Solving cube (l0 = natural_join(), l1 = natural_join())
[     3.696][cube-solver-3][DEBUG] Solving cube (l0 = natural_join(), l1 = natural_join3())
[     3.698][cube-solver-3][DEBUG] Solving cube (l0 = natural_join(), l1 = natural_join4())
[     3.699][cube-solver-3][DEBUG] Solving cube (l0 = natural_join3(), l1 = anti_join())
[     3.700][cube-solver-3][DEBUG] Solving cube (l0 = natural_join3(), l1 = left_join())
[     3.702][cube-solver-3][DEBUG] Solving cube (l0 = natural_join3(), l1 = union())
[     3.703][cube-solver-3][DEBUG] Solving cube (l0 = natural_join3(), l1 = intersect())
[     3.704][cube-solver-3][DEBUG] Solving cube (l0 = natural_join3(), l1 = semi_join())
[     3.706][cube-solver-3][DEBUG] Solving cube (l0 = natural_join3(), l1 = cross_join([1]))
[     3.708][cube-solver-3][DEBUG] Solving cube (l0 = natural_join3(), l1 = inner_join())
[     3.709][cube-solver-3][DEBUG] Solving cube (l0 = natural_join3(), l1 = natural_join())
[     3.710][cube-solver-3][DEBUG] Solving cube (l0 = natural_join3(), l1 = natural_join3())
[     3.712][cube-solver-3][DEBUG] Solving cube (l0 = natural_join3(), l1 = natural_join4())
[     3.713][cube-solver-3][DEBUG] Solving cube (l0 = natural_join4(), l1 = anti_join())
[     3.714][cube-solver-3][DEBUG] Solving cube (l0 = natural_join4(), l1 = left_join())
[     3.716][cube-solver-3][DEBUG] Solving cube (l0 = natural_join4(), l1 = union())
[     3.717][cube-solver-3][DEBUG] Solving cube (l0 = natural_join4(), l1 = intersect())
[     3.718][cube-solver-3][DEBUG] Solving cube (l0 = natural_join4(), l1 = semi_join())
[     3.719][cube-solver-3][DEBUG] Solving cube (l0 = natural_join4(), l1 = cross_join([1]))
[     3.721][cube-solver-3][DEBUG] Solving cube (l0 = natural_join4(), l1 = inner_join())
[     3.722][cube-solver-3][DEBUG] Solving cube (l0 = natural_join4(), l1 = natural_join())
[     3.724][cube-solver-3][DEBUG] Solving cube (l0 = natural_join4(), l1 = natural_join3())
[     3.725][cube-solver-3][DEBUG] Solving cube (l0 = natural_join4(), l1 = natural_join4())
[     3.726][cube-solver-3][DEBUG] Solving cube (l0 = anti_join(), l1 = natural_join())
[     3.728][cube-solver-3][DEBUG] Solving cube (l0 = anti_join(), l1 = natural_join3())
[     3.729][cube-solver-3][DEBUG] Solving cube (l0 = anti_join(), l1 = natural_join4())
[     3.730][cube-solver-3][DEBUG] Solving cube (l0 = anti_join(), l1 = anti_join())
[     3.732][cube-solver-3][DEBUG] Solving cube (l0 = anti_join(), l1 = left_join())
[     3.733][cube-solver-3][DEBUG] Solving cube (l0 = anti_join(), l1 = union())
[     3.734][cube-solver-3][DEBUG] Solving cube (l0 = anti_join(), l1 = intersect())
[     3.736][cube-solver-3][DEBUG] Solving cube (l0 = anti_join(), l1 = semi_join())
[     3.737][cube-solver-3][DEBUG] Solving cube (l0 = anti_join(), l1 = cross_join([1]))
[     3.739][cube-solver-3][DEBUG] Solving cube (l0 = anti_join(), l1 = inner_join())
[     3.740][cube-solver-3][DEBUG] Solving cube (l0 = left_join(), l1 = natural_join())
[     3.759][cube-solver-2][DEBUG] Solving cube (l0 = natural_join(), l1 = left_join())
[     3.762][cube-solver-2][DEBUG] Solving cube (l0 = left_join(), l1 = natural_join3())
[     3.764][cube-solver-2][DEBUG] Solving cube (l0 = left_join(), l1 = natural_join4())
[     3.765][cube-solver-2][DEBUG] Solving cube (l0 = left_join(), l1 = anti_join())
[     3.804][cube-solver-0][DEBUG] Solving cube (l0 = natural_join(), l1 = union())
[     3.806][cube-solver-0][DEBUG] Solving cube (l0 = left_join(), l1 = left_join())
[     7.046][cube-solver-3][DEBUG] Solving cube (l0 = left_join(), l1 = union())
[     8.278][cube-solver-0][DEBUG] Solving cube (l0 = left_join(), l1 = intersect())
[     8.476][cube-solver-0][DEBUG] Solving cube (l0 = left_join(), l1 = semi_join())
[    11.671][cube-solver-3][DEBUG] Solving cube (l0 = left_join(), l1 = cross_join([1]))
[    11.712][cube-solver-3][DEBUG] Solving cube (l0 = left_join(), l1 = inner_join())
[    12.910][cube-solver-0][DEBUG] Solving cube (l0 = union(), l1 = natural_join())
[    15.814][cube-solver-0][DEBUG] Solving cube (l0 = union(), l1 = natural_join3())
[    15.816][cube-solver-0][DEBUG] Solving cube (l0 = union(), l1 = natural_join4())
[    15.818][cube-solver-0][DEBUG] Solving cube (l0 = union(), l1 = anti_join())
[    52.639][cube-solver-2][DEBUG] Solving cube (l0 = union(), l1 = left_join())
[    57.234][cube-solver-2][DEBUG] Solving cube (l0 = union(), l1 = union())
[    61.858][cube-solver-2][DEBUG] Solving cube (l0 = union(), l1 = intersect())
[    61.865][cube-solver-0][DEBUG] Solving cube (l0 = union(), l1 = semi_join())
[    62.226][cube-solver-2][DEBUG] Solving cube (l0 = union(), l1 = cross_join([1]))
[    62.269][cube-solver-2][DEBUG] Solving cube (l0 = union(), l1 = inner_join())
[    66.328][cube-solver-0][DEBUG] Solving cube (l0 = intersect(), l1 = natural_join())
[    81.198][cube-solver-0][DEBUG] Solving cube (l0 = intersect(), l1 = natural_join3())
[    81.200][cube-solver-0][DEBUG] Solving cube (l0 = intersect(), l1 = natural_join4())
[    81.201][cube-solver-0][DEBUG] Solving cube (l0 = intersect(), l1 = anti_join())
[    97.915][cube-solver-0][DEBUG] Solving cube (l0 = intersect(), l1 = left_join())
[   112.925][cube-solver-0][DEBUG] Solving cube (l0 = intersect(), l1 = union())
[   127.906][cube-solver-0][DEBUG] Solving cube (l0 = intersect(), l1 = intersect())
[   129.310][cube-solver-0][DEBUG] Solving cube (l0 = intersect(), l1 = semi_join())
[   136.969][cube-solver-0][DEBUG] Solving cube (l0 = intersect(), l1 = cross_join([1]))
[   137.141][cube-solver-0][DEBUG] Solving cube (l0 = intersect(), l1 = inner_join())
[   294.155][cube-solver-0][DEBUG] Solving cube (l0 = semi_join(), l1 = natural_join())
[   297.064][cube-solver-0][DEBUG] Solving cube (l0 = semi_join(), l1 = natural_join3())
[   297.066][cube-solver-0][DEBUG] Solving cube (l0 = semi_join(), l1 = natural_join4())
[   297.067][cube-solver-0][DEBUG] Solving cube (l0 = semi_join(), l1 = anti_join())
[   342.647][cube-solver-0][DEBUG] Solving cube (l0 = semi_join(), l1 = left_join())
[   346.920][cube-solver-0][DEBUG] Solving cube (l0 = semi_join(), l1 = union())
[   351.189][cube-solver-0][DEBUG] Solving cube (l0 = semi_join(), l1 = intersect())
[   351.370][cube-solver-0][DEBUG] Solving cube (l0 = semi_join(), l1 = semi_join())
[   355.695][cube-solver-0][DEBUG] Solving cube (l0 = semi_join(), l1 = cross_join([1]))
[   355.716][cube-solver-0][DEBUG] Solving cube (l0 = semi_join(), l1 = inner_join())
[   599.997][MainProcess][INFO] Statistics:
[   599.998][MainProcess][INFO] 	Generated cubes: 90
[   599.999][MainProcess][INFO] 	Attempted programs: 2792
[   599.999][MainProcess][INFO] 		Rejected: 379
[   599.999][MainProcess][INFO] 		Failed: 2413
[   599.999][MainProcess][INFO] 	Blacklist clauses: 1
[   599.999][MainProcess][DEBUG] Printing statistics for good programs of size 1
[   600.096][MainProcess][DEBUG] 	0: Counter({'inner_join': 100511, 'union': 240, 'left_join': 240, 'semi_join': 240})
[   600.097][MainProcess][DEBUG] Printing statistics for good programs of size 2
[   600.158][MainProcess][DEBUG] 	0: Counter({'left_join': 102424, 'union': 94956, 'semi_join': 51902, 'intersect': 31632})
[   600.208][MainProcess][DEBUG] 	1: Counter({'inner_join': 239154, 'anti_join': 25440, 'left_join': 4560, 'union': 4560, 'natural_join': 3840, 'semi_join': 3360})

No solution found
