R[write to console]: 
Attaching package: ‘dplyr’


R[write to console]: The following objects are masked from ‘package:stats’:

    filter, lag


R[write to console]: The following objects are masked from ‘package:base’:

    intersect, setdiff, setequal, union


R[write to console]: 
Attaching package: ‘dbplyr’


R[write to console]: The following objects are masked from ‘package:dplyr’:

    ident, sql


# First, specify the types that will be used

enum Cols {
  "Id, Num", "Num, Id", "Id", "Num"
}

enum Col {
  "Id", "Num"
}

enum SelectCols{
  "ConsecutiveNums"
}

enum Distinct {
	"distinct", ""
}

enum FilterCondition{
"Num == leadNum", "Num > leadNum", "Num < leadNum", "Num >= leadNum", "Num <= leadNum", "lagNum == leadNum", "lagNum > leadNum", "lagNum < leadNum", "lagNum >= leadNum", "lagNum <= leadNum", "Num == lagNum", "Num > lagNum", "Num < lagNum", "Num >= lagNum", "Num <= lagNum", "leadNum == lagNum", "leadNum > lagNum", "leadNum < lagNum", "leadNum >= lagNum", "leadNum <= lagNum"
}

enum SummariseCondition{
"leadNum = lead(Num)", "lagNum = lag(Num)"
}

enum Op{
 "|", "&"
}

value Table {
  col: int;
  row: int;
}

value TableSelect {
  col: int;
  row: int;
}

value Empty;

# Next, specify the input/output of the synthesized program
program Squares(Table) -> TableSelect;

# Finally, specify the production rules
func empty: Empty -> Empty;

func inner_join: Table r -> Table a, Table b
{
  col(r) <= col(a) + col(b);
}

func inner_join3: Table r -> Table a, Table b, Table c
{
  col(r) < col(a) + col(b) + col(c);
}

func inner_join4: Table r -> Table a, Table b, Table c, Table d {
  col(r) < col(a) + col(b) + col(c) + col(d);
}

func anti_join: Table r ->  Table a, Table b, Col c {
  #col(r) <= col(a) + col(b);
  col(r) == 1;
  row(r) <= row(a);
}

func left_join: Table r ->  Table a, Table b{
  col(r) <= col(a) + col(b);
  row(r) == row(a);
}

func bind_rows: Table r ->  Table a, Table b{
  col(r) <= col(a) + col(b);
  row(r) == row(a) + row(b);
}

func intersect: Table r ->  Table a, Table b, Col c {
  #col(r) <= col(a) + col(b);
  col(r) == 1;
  row(r) <= row(a);
}

func select: TableSelect r -> Table a, SelectCols c, Distinct d{
	row(r) <= row(a);
	col(r) <= col(a);
}




func filter: Table r -> Table a, FilterCondition f {
 row(r) <= row(a);
 col(r) == col(a);
}
func filters: Table r -> Table a, FilterCondition f, FilterCondition g, Op o {
 row(r) <= row(a);
 col(r) == col(a);
}


func summariseGrouped: Table r -> Table a, SummariseCondition s, Cols b {
 row(r) <= row(a);
 col(r) <= 3;
}

predicate is_not_parent(inner_join4, summariseGrouped, 100);
predicate is_not_parent(summariseGrouped, summariseGrouped, 100);
predicate distinct_filters(filters, 1, 2);

predicate is_not_parent(filters, filter, 100);
predicate is_not_parent(filter, filters, 100);
predicate is_not_parent(filter, filter, 100);
predicate is_not_parent(filters, filters, 100);

predicate constant_occurs("leadNum = lead(Num)");
predicate constant_occurs("lagNum = lag(Num)");
predicate happens_before("Num == leadNum","leadNum = lead(Num)");
predicate happens_before("Num > leadNum","leadNum = lead(Num)");
predicate happens_before("Num < leadNum","leadNum = lead(Num)");
predicate happens_before("Num >= leadNum","leadNum = lead(Num)");
predicate happens_before("Num <= leadNum","leadNum = lead(Num)");
predicate happens_before("lagNum == leadNum","leadNum = lead(Num)");
predicate happens_before("lagNum > leadNum","leadNum = lead(Num)");
predicate happens_before("lagNum < leadNum","leadNum = lead(Num)");
predicate happens_before("lagNum >= leadNum","leadNum = lead(Num)");
predicate happens_before("lagNum <= leadNum","leadNum = lead(Num)");
predicate happens_before("Num == lagNum","lagNum = lag(Num)");
predicate happens_before("Num > lagNum","lagNum = lag(Num)");
predicate happens_before("Num < lagNum","lagNum = lag(Num)");
predicate happens_before("Num >= lagNum","lagNum = lag(Num)");
predicate happens_before("Num <= lagNum","lagNum = lag(Num)");
predicate happens_before("leadNum == lagNum","lagNum = lag(Num)");
predicate happens_before("leadNum > lagNum","lagNum = lag(Num)");
predicate happens_before("leadNum < lagNum","lagNum = lag(Num)");
predicate happens_before("leadNum >= lagNum","lagNum = lag(Num)");
predicate happens_before("leadNum <= lagNum","lagNum = lag(Num)");
predicate is_not_parent(inner_join, inner_join3, 100);
predicate is_not_parent(inner_join, inner_join4, 100);
#predicate is_not_parent(inner_join, anti_join, 100);
predicate is_not_parent(inner_join3, inner_join, 100);
predicate is_not_parent(inner_join3, inner_join3, 100);
predicate is_not_parent(inner_join3, inner_join4, 100);
predicate is_not_parent(inner_join3, anti_join, 100);
predicate is_not_parent(inner_join4, inner_join, 100);
predicate is_not_parent(inner_join4, inner_join3, 100);
predicate is_not_parent(inner_join4, inner_join4, 100);
#predicate is_not_parent(inner_join4, anti_join, 100);
predicate is_not_parent(anti_join, anti_join, 100);
predicate is_not_parent(anti_join, inner_join, 100);
predicate is_not_parent(anti_join, inner_join4, 100);
predicate distinct_inputs(inner_join4);
predicate distinct_inputs(inner_join3);
predicate distinct_inputs(inner_join);
predicate distinct_inputs(anti_join);

Adding missing grouping variables: `Id`
Joining, by = "Id"
Joining, by = "Id"
Joining, by = c("Num", "Id")
Joining, by = "Id"
Joining, by = c("Id", "Num")
Joining, by = "Id"
Joining, by = "Id"
Joining, by = "Id"
Joining, by = c("Num", "Id")
Joining, by = "Id"
Joining, by = c("Id", "Num")
Joining, by = "Id"
Joining, by = "Id"
Joining, by = c("Id", "Num")
Joining, by = c("Num", "Id")
Joining, by = c("Num", "Id")
Joining, by = c("Id", "Num")
Joining, by = c("Id", "Num")
Joining, by = "Id"
Joining, by = c("Id", "Num")
Joining, by = c("Num", "Id")
Joining, by = c("Num", "Id")
Joining, by = c("Id", "Num")
Joining, by = c("Id", "Num")
Joining, by = c("Num", "Id")
Joining, by = c("Num", "Id")
Joining, by = c("Id", "Num")
Joining, by = c("Id", "Num")
Joining, by = c("Id", "Num")
Joining, by = c("Id", "Num")
Joining, by = "Id"
Joining, by = c("Id", "Num")
Joining, by = "Id"
Joining, by = c("Id", "Num")
Joining, by = c("Num", "Id")
Joining, by = c("Num", "Id")
Joining, by = "Id"
Joining, by = c("Id", "Num")
Joining, by = "Id"
Joining, by = "Id"
Joining, by = c("Id", "Num")
Joining, by = c("Id", "Num")
Joining, by = c("Id", "Num")
Joining, by = c("Id", "Num")
Joining, by = c("Id", "Num")
Joining, by = "Id"
Joining, by = c("Id", "Num")
Joining, by = c("Id", "Num")
Joining, by = c("Id", "Num")
Joining, by = "Id"
Joining, by = c("Id", "Num")
Joining, by = "Id"
Joining, by = "Id"
Joining, by = "Id"
Joining, by = c("Id", "Num")
Joining, by = c("Id", "Num")
Joining, by = c("Id", "Num")
Joining, by = c("Id", "Num")
Joining, by = "Id"
Joining, by = c("Id", "Num")
Joining, by = "Id"
Joining, by = c("Id", "Num")
Joining, by = c("Id", "Num")
Joining, by = c("Id", "Num")
Joining, by = c("Id", "Num")
Joining, by = c("Id", "Num")
Joining, by = c("Id", "Num")
Joining, by = "Id"
Joining, by = c("Id", "Num")
Joining, by = c("Id", "Num")
Joining, by = "Id"
Joining, by = c("Id", "Num")
Joining, by = c("Id", "Num")
Joining, by = c("Id", "Num")
Joining, by = "Id"
Joining, by = c("Id", "Num")
Joining, by = c("Num", "Id")
Joining, by = c("Num", "Id")
Joining, by = c("Id", "Num")
Joining, by = c("Id", "Num")
Joining, by = "Id"
Joining, by = c("Id", "Num")
Joining, by = c("Num", "Id")
Joining, by = c("Num", "Id")
Joining, by = c("Id", "Num")
Joining, by = "Id"
Joining, by = c("Id", "Num")
Joining, by = "Id"
Joining, by = c("Id", "Num")
Joining, by = "Id"
Joining, by = c("Id", "Num")
Joining, by = "Id"
Joining, by = "Id"
Joining, by = "Id"
Joining, by = c("Num", "Id")
Joining, by = "Id"
Joining, by = "Id"
Joining, by = "Id"
Joining, by = c("Num", "Id")
Joining, by = "Id"
Joining, by = "Id"
Joining, by = "Id"
Joining, by = c("Id", "Num")
Joining, by = "Id"
Joining, by = "Id"
Joining, by = c("Id", "Num")
Joining, by = c("Id", "Num")
Joining, by = c("Id", "Num")
Joining, by = "Id"
Joining, by = c("Id", "Num")
Joining, by = c("Id", "Num")
Joining, by = c("Id", "Num")
Joining, by = "Id"
Joining, by = "Id"
Joining, by = "Id"
Joining, by = c("Id", "Num")
Joining, by = "Id"
Joining, by = c("Id", "Num")
Joining, by = c("Id", "Num")
Joining, by = "Id"
Joining, by = c("Id", "Num")
Joining, by = c("Id", "Num")
Joining, by = c("Id", "Num")
Joining, by = c("Id", "Num")
Joining, by = c("Id", "Num")
Joining, by = c("Id", "Num")
Joining, by = c("Id", "Num")
Joining, by = c("Id", "Num")
Joining, by = c("Id", "Num")
Joining, by = c("Id", "Num")
Joining, by = c("Id", "Num")
Joining, by = c("Id", "Num")
Joining, by = "Id"
Joining, by = c("Id", "Num")
Joining, by = c("Num", "Id")
Joining, by = c("Num", "Id")
Joining, by = "Id"
Joining, by = c("Id", "Num")
Joining, by = c("Num", "Id")
Joining, by = c("Num", "Id")
Joining, by = c("Id", "Num")
Joining, by = c("Id", "Num")
Joining, by = c("Id", "Num")
Joining, by = c("Id", "Num")
Joining, by = "Id"
Joining, by = "Id"
Joining, by = "Id"
Joining, by = c("Num", "Id")
Joining, by = "Id"
Joining, by = c("Id", "Num")
Joining, by = "Id"
Joining, by = c("Id", "Num")
Joining, by = c("Num", "Id")
Joining, by = c("Num", "Id")
Joining, by = c("Id", "Num")
Joining, by = c("Id", "Num")
Joining, by = c("Num", "Id")
Joining, by = c("Num", "Id")
Joining, by = c("Id", "Num")
Joining, by = c("Id", "Num")
Joining, by = "Id"
Joining, by = c("Id", "Num")
Joining, by = c("Num", "Id")
Joining, by = c("Num", "Id")
Joining, by = c("Id", "Num")
Joining, by = c("Id", "Num")
Joining, by = "Id"
Joining, by = c("Id", "Num")
Joining, by = "Id"
Joining, by = c("Id", "Num")
Joining, by = "Id"
Joining, by = "Id"
Joining, by = "Id"
Joining, by = c("Num", "Id")
Joining, by = c("Id", "Num")
Joining, by = c("Id", "Num")
Joining, by = "Id"
Joining, by = c("Id", "Num")
Joining, by = c("Num", "Id")
Joining, by = c("Num", "Id")
Joining, by = c("Id", "Num")
Joining, by = c("Id", "Num")
Joining, by = c("Id", "Num")
Joining, by = c("Id", "Num")
Joining, by = c("Id", "Num")
Joining, by = "Id"
Joining, by = c("Id", "Num")
Joining, by = c("Id", "Num")
Joining, by = c("Id", "Num")
Joining, by = c("Id", "Num")
Joining, by = "Id"
Joining, by = "Id"
Joining, by = "Id"
Joining, by = c("Id", "Num")
Joining, by = "Id"
Joining, by = c("Id", "Num")
Joining, by = c("Id", "Num")
Joining, by = "Id"
Joining, by = "Id"
Joining, by = "Id"
Joining, by = "Id"
Joining, by = c("Id", "Num")
Joining, by = "Id"
Joining, by = c("Id", "Num")
Joining, by = c("Id", "Num")
Joining, by = "Id"
Joining, by = c("Id", "Num")
Joining, by = c("Id", "Num")
Joining, by = c("Id", "Num")
Joining, by = c("Id", "Num")
Joining, by = c("Id", "Num")
Joining, by = "Id"
Joining, by = c("Id", "Num")
Joining, by = c("Id", "Num")
Joining, by = c("Id", "Num")
Joining, by = c("Id", "Num")
Joining, by = "Id"
Joining, by = c("Num", "Id")
Joining, by = c("Num", "Id")
Joining, by = c("Num", "Id")
Joining, by = c("Num", "Id")
Joining, by = c("Num", "Id")
Joining, by = c("Num", "Id")
Joining, by = c("Num", "Id")
Joining, by = c("Num", "Id")
Joining, by = "Id"
Joining, by = c("Num", "Id")
Joining, by = c("Num", "Id")
Joining, by = "Id"
Joining, by = "Id"
Joining, by = "Id"
Joining, by = c("Id", "Num")
Joining, by = "Id"
Joining, by = c("Id", "Num")
Joining, by = "Id"
Joining, by = "Id"
Joining, by = "Id"
Joining, by = c("Id", "Num")
Joining, by = "Id"
Joining, by = c("Id", "Num")
Joining, by = "Id"
Joining, by = c("Num", "Id")
Joining, by = c("Num", "Id")
Joining, by = c("Num", "Id")
Joining, by = c("Num", "Id")
Joining, by = c("Num", "Id")
Joining, by = "Id"
Joining, by = "Id"
Joining, by = "Id"
Joining, by = c("Id", "Num")
Joining, by = "Id"
Joining, by = c("Id", "Num")
Joining, by = c("Num", "Id")
Joining, by = "Id"
Joining, by = c("Num", "Id")
Joining, by = c("Num", "Id")
Joining, by = "Id"
Joining, by = c("Id", "Num")
Joining, by = c("Num", "Id")
Joining, by = c("Num", "Id")
Joining, by = "Id"
Joining, by = c("Id", "Num")
Joining, by = "Id"
Joining, by = "Id"
Joining, by = c("Id", "Num")
Joining, by = c("Id", "Num")
Joining, by = c("Id", "Num")
Joining, by = c("Id", "Num")
Joining, by = c("Id", "Num")
Joining, by = "Id"
Joining, by = c("Id", "Num")
Joining, by = "Id"
Joining, by = c("Id", "Num")
Joining, by = c("Id", "Num")
Joining, by = c("Id", "Num")
Joining, by = c("Id", "Num")
Joining, by = c("Id", "Num")
Joining, by = c("Id", "Num")
Joining, by = "Id"
Joining, by = c("Id", "Num")
Joining, by = c("Id", "Num")
Joining, by = c("Id", "Num")
Joining, by = c("Id", "Num")
Joining, by = c("Id", "Num")
Joining, by = "Id"
Joining, by = c("Id", "Num")
Joining, by = c("Id", "Num")
Joining, by = c("Id", "Num")
Joining, by = c("Id", "Num")
Joining, by = c("Id", "Num")
Joining, by = "Id"
Joining, by = c("Id", "Num")
Joining, by = "Id"
Joining, by = c("Id", "Num")
Joining, by = "Id"
Joining, by = "Id"
Joining, by = c("Num", "Id")
Joining, by = c("Num", "Id")
Joining, by = "Id"
Joining, by = c("Num", "Id")
Joining, by = c("Id", "Num")
Joining, by = c("Id", "Num")
Joining, by = c("Id", "Num")
Joining, by = "Id"
Joining, by = c("Id", "Num")
Joining, by = c("Id", "Num")
Joining, by = "Id"
Joining, by = "Id"
Joining, by = "Id"
Joining, by = "Id"
Joining, by = c("Num", "Id")
Joining, by = "Id"
Joining, by = "Id"
Joining, by = c("Id", "Num")
Joining, by = "Id"
Joining, by = c("Id", "Num")
Joining, by = "Id"
Joining, by = c("Id", "Num")
Joining, by = "Id"
Joining, by = c("Id", "Num")
Joining, by = c("Num", "Id")
Joining, by = c("Num", "Id")
Joining, by = c("Num", "Id")
Joining, by = c("Num", "Id")
Joining, by = c("Id", "Num")
Joining, by = c("Id", "Num")
Joining, by = c("Id", "Num")
Joining, by = c("Id", "Num")
Joining, by = c("Id", "Num")
Joining, by = "Id"
Joining, by = c("Id", "Num")
Joining, by = c("Id", "Num")
Joining, by = c("Id", "Num")
Joining, by = c("Id", "Num")
Joining, by = c("Id", "Num")
Joining, by = "Id"
Joining, by = c("Num", "Id")
Joining, by = c("Num", "Id")
Joining, by = c("Num", "Id")
Joining, by = c("Num", "Id")
Joining, by = "Id"
Joining, by = c("Num", "Id")
Joining, by = "Id"
Joining, by = c("Id", "Num")
Joining, by = "Id"
Joining, by = c("Id", "Num")
Joining, by = "Id"
Joining, by = "Id"
Joining, by = c("Num", "Id")
Joining, by = c("Num", "Id")
Joining, by = c("Id", "Num")
Joining, by = c("Id", "Num")
Joining, by = "Id"
Joining, by = c("Id", "Num")
Joining, by = c("Id", "Num")
Joining, by = c("Id", "Num")
Joining, by = c("Id", "Num")
Joining, by = c("Id", "Num")
Joining, by = "Id"
Joining, by = c("Id", "Num")
Joining, by = c("Num", "Id")
Joining, by = c("Num", "Id")
Joining, by = c("Id", "Num")
Joining, by = c("Id", "Num")
Joining, by = "Id"
Joining, by = c("Num", "Id")
Joining, by = "Id"
Joining, by = c("Id", "Num")
Joining, by = c("Id", "Num")
Joining, by = c("Id", "Num")
Joining, by = "Id"
Joining, by = c("Id", "Num")
Joining, by = c("Id", "Num")
Joining, by = c("Id", "Num")
Joining, by = c("Id", "Num")
Joining, by = "Id"
Joining, by = "Id"
Joining, by = "Id"
Joining, by = "Id"
Joining, by = c("Id", "Num")
Joining, by = "Id"
Joining, by = "Id"
Joining, by = "Id"
Joining, by = c("Id", "Num")
Joining, by = "Id"
Joining, by = c("Id", "Num")
Joining, by = c("Id", "Num")
Joining, by = c("Id", "Num")
Joining, by = c("Id", "Num")
Joining, by = "Id"
Joining, by = c("Id", "Num")
Joining, by = c("Id", "Num")
Joining, by = c("Num", "Id")
Joining, by = c("Num", "Id")
Joining, by = c("Id", "Num")
Joining, by = c("Id", "Num")
Joining, by = "Id"
Joining, by = c("Num", "Id")
Joining, by = "Id"
Joining, by = "Id"
Joining, by = c("Num", "Id")
Joining, by = c("Num", "Id")
Joining, by = "Id"
Joining, by = c("Id", "Num")
Joining, by = "Id"
Joining, by = c("Id", "Num")
Joining, by = "Id"
Joining, by = "Id"
Joining, by = c("Num", "Id")
Joining, by = c("Num", "Id")
Joining, by = c("Num", "Id")
Joining, by = "Id"
Joining, by = c("Num", "Id")
Joining, by = c("Num", "Id")
Joining, by = c("Num", "Id")
Joining, by = c("Num", "Id")
Joining, by = "Id"
Joining, by = c("Id", "Num")
Joining, by = "Id"
Joining, by = c("Id", "Num")
Joining, by = c("Id", "Num")
Joining, by = c("Id", "Num")
Joining, by = "Id"
Joining, by = c("Id", "Num")
Joining, by = c("Id", "Num")
Joining, by = c("Id", "Num")
Joining, by = c("Id", "Num")
Joining, by = c("Id", "Num")
Joining, by = c("Id", "Num")
Joining, by = "Id"
Joining, by = c("Id", "Num")
Joining, by = c("Id", "Num")
Adding missing grouping variables: `Id`
Joining, by = c("Id", "Num")
Joining, by = c("Id", "Num")
Joining, by = "Id"
Joining, by = c("Num", "Id")
Joining, by = "Id"
Joining, by = c("Num", "Id")
Joining, by = "Id"
Joining, by = "Id"
Joining, by = c("Num", "Id")
Joining, by = c("Num", "Id")
Joining, by = c("Id", "Num")
Joining, by = c("Id", "Num")
Joining, by = c("Num", "Id")
Joining, by = c("Num", "Id")
Joining, by = c("Num", "Id")
Joining, by = "Id"
Joining, by = "Id"
Joining, by = "Id"
Joining, by = c("Num", "Id")
Joining, by = c("Num", "Id")
Joining, by = c("Num", "Id")
Joining, by = "Id"
Joining, by = "Id"
Joining, by = "Id"
Joining, by = c("Num", "Id")
Joining, by = c("Num", "Id")
Joining, by = "Id"
Joining, by = "Id"
Joining, by = c("Id", "Num")
Joining, by = c("Id", "Num")
Joining, by = c("Id", "Num")
Joining, by = c("Id", "Num")
Joining, by = c("Id", "Num")
Joining, by = c("Id", "Num")
Joining, by = c("Id", "Num")
Joining, by = c("Id", "Num")
Joining, by = c("Id", "Num")
Joining, by = c("Id", "Num")
Joining, by = c("Id", "Num")
Joining, by = c("Id", "Num")
Joining, by = "Id"
Joining, by = c("Num", "Id")
Joining, by = "Id"
Joining, by = c("Num", "Id")
Joining, by = "Id"
Joining, by = c("Num", "Id")
Joining, by = "Id"
Joining, by = c("Num", "Id")
Joining, by = "Id"
Joining, by = "Num"
Joining, by = c("Num", "Id")
Adding missing grouping variables: `Num`
Joining, by = "Id"
Joining, by = "Id"
Joining, by = "Id"
Adding missing grouping variables: `Id`
Joining, by = "Num"
Adding missing grouping variables: `Id`
Adding missing grouping variables: `Id`
Joining, by = c("Id", "Num")
Adding missing grouping variables: `Num`
Adding missing grouping variables: `Num`
Joining, by = c("Num", "Id")
Adding missing grouping variables: `Num`
Joining, by = "Id"
Adding missing grouping variables: `Num`
Joining, by = "Id"
Joining, by = "Id"
Adding missing grouping variables: `Num`
Joining, by = "Id"
Joining, by = "Id"
Adding missing grouping variables: `Id`
Adding missing grouping variables: `Id`
Joining, by = "Num"
Adding missing grouping variables: `Id`
Joining, by = "Num"
Adding missing grouping variables: `Id`
Adding missing grouping variables: `Id`
Adding missing grouping variables: `Id`
Joining, by = "Num"
Adding missing grouping variables: `Id`
Adding missing grouping variables: `Id`
Adding missing grouping variables: `Id`
Joining, by = c("Id", "Num")
Adding missing grouping variables: `Id`
Joining, by = "Num"
Adding missing grouping variables: `Id`
Joining, by = "Num"
Adding missing grouping variables: `Id`
Adding missing grouping variables: `Id`
Joining, by = "Id"
Joining, by = "Id"
Adding missing grouping variables: `Num`
Joining, by = "Id"
Adding missing grouping variables: `Num`
Joining, by = "Id"
Adding missing grouping variables: `Num`
Joining, by = "Id"
Adding missing grouping variables: `Num`
Adding missing grouping variables: `Num`
Joining, by = c("Num", "Id")
Joining, by = "Id"
Joining, by = "Id"
Adding missing grouping variables: `Num`
Joining, by = "Id"
Joining, by = "Id"
Joining, by = c("Num", "Id")
Joining, by = "Id"
Joining, by = "Id"
Joining, by = "Id"
Adding missing grouping variables: `Num`
Adding missing grouping variables: `Num`
Adding missing grouping variables: `Num`
Adding missing grouping variables: `Id`
Joining, by = "Id"
Joining, by = c("Num", "Id")
Joining, by = c("Num", "Id")
Adding missing grouping variables: `Num`
Joining, by = c("Num", "Id")
Joining, by = c("Num", "Id")
Joining, by = c("Id", "Num")
Joining, by = c("Id", "Num")
Joining, by = c("Id", "Num")
Joining, by = "Id"
Adding missing grouping variables: `Num`
Joining, by = c("Num", "Id")
Joining, by = c("Num", "Id")
Joining, by = "Id"
Joining, by = "Id"
Joining, by = c("Id", "Num")
Joining, by = "Id"
Joining, by = c("Num", "Id")
Joining, by = c("Num", "Id")
Joining, by = c("Num", "Id")
Joining, by = c("Id", "Num")
Joining, by = "Id"
Joining, by = "Id"
Adding missing grouping variables: `Id`
Adding missing grouping variables: `Num`
Joining, by = "Id"
Joining, by = "Id"
Joining, by = "Id"
Joining, by = "Id"
Joining, by = "Id"
Joining, by = c("Id", "Num")
Joining, by = "Id"
Joining, by = "Id"
Adding missing grouping variables: `Num`
Joining, by = "Id"
Joining, by = "Id"
Joining, by = c("Num", "Id")
Joining, by = c("Id", "Num")
Joining, by = c("Num", "Id")
Adding missing grouping variables: `Id`
Joining, by = c("Id", "Num")
Joining, by = c("Id", "Num")
Adding missing grouping variables: `Num`
Joining, by = "Id"
Joining, by = "Id"
Adding missing grouping variables: `Num`
Adding missing grouping variables: `Num`
Joining, by = "Id"
Joining, by = "Id"
Joining, by = c("Num", "Id")
Joining, by = c("Num", "Id")
Joining, by = "Id"
Joining, by = "Id"
Joining, by = "Id"
Joining, by = "Id"
Joining, by = "Id"
Joining, by = c("Id", "Num")
Joining, by = c("Num", "Id")
Joining, by = "Id"
Adding missing grouping variables: `Num`
Adding missing grouping variables: `Id`
Adding missing grouping variables: `Num`
Joining, by = "Id"
Joining, by = "Id"
Joining, by = "Id"
Joining, by = "Id"
Joining, by = "Id"
Adding missing grouping variables: `Num`
Joining, by = c("Id", "Num")
Joining, by = c("Id", "Num")
Joining, by = c("Id", "Num")
Joining, by = c("Num", "Id")
Joining, by = c("Num", "Id")
Joining, by = "Id"
Joining, by = c("Num", "Id")
Adding missing grouping variables: `Id`
Adding missing grouping variables: `Id`
Joining, by = c("Id", "Num")
Joining, by = c("Id", "Num")
Joining, by = c("Id", "Num")
Joining, by = "Id"
Joining, by = "Id"
Joining, by = c("Id", "Num")
Joining, by = c("Id", "Num")
Joining, by = "Id"
Joining, by = "Id"
Joining, by = "Id"
Joining, by = c("Id", "Num")
Joining, by = "Id"
Joining, by = "Id"
Adding missing grouping variables: `Num`
Adding missing grouping variables: `Id`
Adding missing grouping variables: `Id`
Adding missing grouping variables: `Id`
Adding missing grouping variables: `Id`
Adding missing grouping variables: `Num`
Adding missing grouping variables: `Num`
Adding missing grouping variables: `Num`
Adding missing grouping variables: `Id`
Joining, by = "Id"
Joining, by = "Id"
Joining, by = c("Num", "Id")
Joining, by = c("Id", "Num")
Joining, by = "Id"
Joining, by = "Id"
Joining, by = "Id"
Joining, by = c("Id", "Num")
Joining, by = "Id"
Joining, by = c("Num", "Id")
Joining, by = "Id"
Joining, by = c("Id", "Num")
Joining, by = "Id"
Joining, by = c("Id", "Num")
Joining, by = "Id"
Joining, by = "Id"
Joining, by = "Id"
Joining, by = c("Id", "Num")
Joining, by = "Id"
Joining, by = c("Num", "Id")
Joining, by = "Id"
Joining, by = c("Num", "Id")
Joining, by = "Id"
Joining, by = "Id"
Joining, by = "Id"
Joining, by = c("Id", "Num")
Joining, by = c("Num", "Id")
Joining, by = c("Num", "Id")
Joining, by = "Id"
Joining, by = c("Num", "Id")
Joining, by = c("Id", "Num")
Joining, by = "Id"
Joining, by = c("Num", "Id")
Joining, by = c("Id", "Num")
Joining, by = "Id"
Joining, by = "Id"
Joining, by = "Id"
Joining, by = "Id"
Joining, by = "Id"
Joining, by = "Id"
Joining, by = "Id"
Joining, by = "Id"
Joining, by = c("Num", "Id")
Joining, by = "Id"
Joining, by = c("Id", "Num")
Joining, by = c("Num", "Id")
Joining, by = c("Id", "Num")
Joining, by = c("Id", "Num")
Joining, by = "Id"
Joining, by = c("Id", "Num")
Joining, by = "Id"
Joining, by = c("Num", "Id")
Joining, by = "Id"
Joining, by = c("Id", "Num")
Joining, by = "Id"
Joining, by = "Id"
Joining, by = c("Num", "Id")
Joining, by = "Id"
Joining, by = c("Num", "Id")
Joining, by = "Id"
Joining, by = "Id"
Joining, by = "Id"
Joining, by = "Id"
Joining, by = c("Num", "Id")
Adding missing grouping variables: `Id`
Adding missing grouping variables: `Id`
Adding missing grouping variables: `Num`
Adding missing grouping variables: `Num`
Adding missing grouping variables: `Num`
Joining, by = c("Num", "Id")
Joining, by = c("Num", "Id")
Adding missing grouping variables: `Num`
Joining, by = "Id"
Joining, by = "Id"
Joining, by = c("Id", "Num")
Joining, by = c("Id", "Num")
Adding missing grouping variables: `Num`
Adding missing grouping variables: `Id`
Adding missing grouping variables: `Num`
Joining, by = "Id"
Joining, by = "Id"
Adding missing grouping variables: `Id`
Joining, by = "Id"
Joining, by = "Id"
Joining, by = c("Num", "Id")
Joining, by = c("Num", "Id")
Adding missing grouping variables: `Num`
Joining, by = "Id"
Joining, by = "Id"
Adding missing grouping variables: `Id`
Joining, by = c("Id", "Num")
Joining, by = c("Id", "Num")
Adding missing grouping variables: `Id`
Adding missing grouping variables: `Num`
Adding missing grouping variables: `Num`
Adding missing grouping variables: `Num`
Joining, by = c("Id", "Num")
Joining, by = c("Id", "Num")
Adding missing grouping variables: `Num`
Adding missing grouping variables: `Num`
Adding missing grouping variables: `Id`
Adding missing grouping variables: `Num`
Adding missing grouping variables: `Num`
Adding missing grouping variables: `Id`
Adding missing grouping variables: `Num`
Adding missing grouping variables: `Id`
Adding missing grouping variables: `Id`
Adding missing grouping variables: `Num`
Adding missing grouping variables: `Id`
Adding missing grouping variables: `Id`
Adding missing grouping variables: `Num`
Adding missing grouping variables: `Num`
Adding missing grouping variables: `Num`
Adding missing grouping variables: `Num`
Adding missing grouping variables: `Id`
Adding missing grouping variables: `Num`
Adding missing grouping variables: `Id`
Adding missing grouping variables: `Id`
Adding missing grouping variables: `Num`
Adding missing grouping variables: `Id`
Adding missing grouping variables: `Id`
Joining, by = "Id"
Adding missing grouping variables: `Id`
Joining, by = "Num"
Joining, by = c("Id", "Num")
Joining, by = "Id"
Joining, by = "Id"
Joining, by = c("Id", "Num")
Joining, by = c("Id", "Num")
Joining, by = c("Id", "Num")
Joining, by = "Id"
Joining, by = "Id"
Joining, by = "Id"
Joining, by = "Id"
Joining, by = c("Id", "Num")
Joining, by = "Id"
Adding missing grouping variables: `Id`
Joining, by = c("Id", "Num")
Joining, by = c("Id", "Num")
Joining, by = "Id"
Joining, by = "Id"
Adding missing grouping variables: `Id`
Joining, by = c("Id", "Num")
Joining, by = c("Id", "Num")
Joining, by = "Id"
Adding missing grouping variables: `Id`
Joining, by = "Num"
Joining, by = "Id"
Joining, by = "Id"
Joining, by = "Id"
Joining, by = c("Id", "Num")
Adding missing grouping variables: `Num`
Joining, by = "Id"
Joining, by = "Num"
Joining, by = c("Id", "Num")
Joining, by = c("Id", "Num")
Joining, by = "Id"
Adding missing grouping variables: `Num`
Adding missing grouping variables: `Num`
Joining, by = "Id"
Joining, by = c("Id", "Num")
Joining, by = c("Id", "Num")
Joining, by = c("Id", "Num")
Joining, by = "Id"
Joining, by = c("Id", "Num")
Joining, by = "Id"
Adding missing grouping variables: `Num`
Joining, by = c("Id", "Num")
Joining, by = c("Id", "Num")
Adding missing grouping variables: `Id`
Adding missing grouping variables: `Num`
Joining, by = c("Id", "Num")
Joining, by = c("Id", "Num")
Joining, by = c("Id", "Num")
Joining, by = c("Id", "Num")
Joining, by = "Id"
Adding missing grouping variables: `Id`
Joining, by = "Id"
Joining, by = "Id"
Joining, by = c("Id", "Num")
Adding missing grouping variables: `Num`
Joining, by = c("Id", "Num")
Joining, by = c("Id", "Num")
Joining, by = "Id"
Joining, by = "Id"
Joining, by = c("Id", "Num")
Joining, by = c("Num", "Id")
Joining, by = c("Id", "Num")
Joining, by = c("Num", "Id")
Joining, by = c("Id", "Num")
Joining, by = c("Id", "Num")
Joining, by = c("Id", "Num")
Joining, by = c("Id", "Num")
Joining, by = c("Id", "Num")
Joining, by = c("Id", "Num")
Adding missing grouping variables: `Num`
Adding missing grouping variables: `Num`
Joining, by = c("Id", "Num")
Joining, by = c("Id", "Num")
Joining, by = c("Id", "Num")
Joining, by = c("Id", "Num")
Joining, by = c("Id", "Num")
Joining, by = c("Id", "Num")
Joining, by = c("Id", "Num")
Joining, by = "Id"
Adding missing grouping variables: `Id`
Joining, by = "Num"
Adding missing grouping variables: `Id`
Adding missing grouping variables: `Id`
Adding missing grouping variables: `Id`
Adding missing grouping variables: `Id`
Adding missing grouping variables: `Num`
Joining, by = "Id"
Adding missing grouping variables: `Num`
Adding missing grouping variables: `Num`
Adding missing grouping variables: `Num`
Adding missing grouping variables: `Num`
Adding missing grouping variables: `Id`
Adding missing grouping variables: `Num`
Adding missing grouping variables: `Id`
Adding missing grouping variables: `Id`
Adding missing grouping variables: `Num`
Adding missing grouping variables: `Num`
Adding missing grouping variables: `Num`
Adding missing grouping variables: `Id`
Adding missing grouping variables: `Id`
Adding missing grouping variables: `Id`
Adding missing grouping variables: `Num`
Adding missing grouping variables: `Num`
Adding missing grouping variables: `Num`
Adding missing grouping variables: `Id`
Joining, by = "Id"
Joining, by = "Id"
Joining, by = "Id"
Joining, by = "Id"
Joining, by = "Id"
Joining, by = "Id"
Joining, by = c("Id", "Num")
Joining, by = c("Id", "Num")
Joining, by = c("Id", "Num")
Joining, by = c("Id", "Num")
Joining, by = c("Id", "Num")
Joining, by = c("Id", "Num")
Joining, by = "Num"
Adding missing grouping variables: `Id`
Joining, by = c("Id", "Num")
Joining, by = c("Id", "Num")
Adding missing grouping variables: `Id`
Adding missing grouping variables: `Num`
Joining, by = c("Id", "Num")
Joining, by = c("Id", "Num")
Joining, by = c("Id", "Num")
Adding missing grouping variables: `Id`
Joining, by = c("Id", "Num")
Joining, by = c("Id", "Num")
Joining, by = c("Id", "Num")
Joining, by = c("Id", "Num")
Joining, by = c("Id", "Num")
Joining, by = c("Id", "Num")
Joining, by = c("Id", "Num")
Joining, by = c("Num", "Id")
Joining, by = c("Num", "Id")
Joining, by = c("Id", "Num")
Joining, by = c("Id", "Num")
Joining, by = c("Id", "Num")
Joining, by = c("Id", "Num")
Joining, by = c("Id", "Num")
Adding missing grouping variables: `Id`
Adding missing grouping variables: `Num`
Joining, by = "Id"
Adding missing grouping variables: `Num`
Joining, by = "Id"
Joining, by = "Id"
Adding missing grouping variables: `Id`
Joining, by = "Num"
Joining, by = "Num"
Adding missing grouping variables: `Num`
Adding missing grouping variables: `Id`
Adding missing grouping variables: `Num`
Adding missing grouping variables: `Num`
Adding missing grouping variables: `Id`
Joining, by = c("Id", "Num")
Joining, by = "Id"
Joining, by = "Id"
Joining, by = "Id"
Joining, by = "Id"
Joining, by = "Id"
Joining, by = c("Num", "Id")
Joining, by = c("Num", "Id")
Joining, by = c("Id", "Num")
Joining, by = c("Id", "Num")
Joining, by = c("Id", "Num")
Joining, by = c("Id", "Num")
Joining, by = c("Id", "Num")
Joining, by = c("Num", "Id")
Joining, by = c("Num", "Id")
Joining, by = c("Num", "Id")
Joining, by = "Id"
Joining, by = c("Id", "Num")
Joining, by = "Id"
Joining, by = "Id"
Joining, by = "Id"
Joining, by = c("Id", "Num")
Joining, by = "Id"
Joining, by = "Id"
Joining, by = c("Id", "Num")
Joining, by = c("Id", "Num")
Adding missing grouping variables: `Num`
Adding missing grouping variables: `Id`
Adding missing grouping variables: `Id`
Adding missing grouping variables: `Num`
Adding missing grouping variables: `Id`
Joining, by = "Id"
Joining, by = "Id"
Joining, by = "Id"
Joining, by = "Id"
Joining, by = "Id"
Adding missing grouping variables: `Num`
Adding missing grouping variables: `Id`
Adding missing grouping variables: `Id`
Adding missing grouping variables: `Num`
Joining, by = c("Id", "Num")
Joining, by = c("Num", "Id")
Joining, by = c("Num", "Id")
Adding missing grouping variables: `Num`
Adding missing grouping variables: `Id`
Adding missing grouping variables: `Id`
Adding missing grouping variables: `Id`
Adding missing grouping variables: `Num`
Adding missing grouping variables: `Id`
Adding missing grouping variables: `Num`
Joining, by = "Id"
Joining, by = c("Id", "Num")
Joining, by = c("Id", "Num")
Joining, by = c("Id", "Num")
Joining, by = c("Id", "Num")
Joining, by = c("Id", "Num")
Joining, by = "Id"
Joining, by = c("Id", "Num")
Joining, by = c("Id", "Num")
Joining, by = c("Id", "Num")
Joining, by = c("Id", "Num")
Joining, by = c("Id", "Num")
Joining, by = c("Id", "Num")
Joining, by = c("Id", "Num")
Joining, by = c("Id", "Num")
Joining, by = c("Id", "Num")
Joining, by = c("Id", "Num")
Joining, by = c("Id", "Num")
Joining, by = c("Id", "Num")
Joining, by = c("Id", "Num")
Joining, by = "Id"
Joining, by = c("Id", "Num")
Joining, by = c("Id", "Num")
Joining, by = c("Id", "Num")
Joining, by = c("Id", "Num")
Joining, by = c("Id", "Num")
Joining, by = "Id"
Joining, by = c("Id", "Num")
Joining, by = c("Id", "Num")
Joining, by = c("Id", "Num")
Joining, by = c("Id", "Num")
Joining, by = c("Id", "Num")
Joining, by = "Id"
Joining, by = "Id"
Adding missing grouping variables: `Num`
Adding missing grouping variables: `Num`
Adding missing grouping variables: `Num`
Adding missing grouping variables: `Num`
Adding missing grouping variables: `Num`
Joining, by = "Id"
Joining, by = "Id"
Adding missing grouping variables: `Num`
Joining, by = "Id"
Adding missing grouping variables: `Num`
Joining, by = "Id"
Joining, by = "Id"
Adding missing grouping variables: `Num`
Joining, by = "Id"
Adding missing grouping variables: `Num`
Adding missing grouping variables: `Num`
Adding missing grouping variables: `Num`
Adding missing grouping variables: `Num`
Adding missing grouping variables: `Num`
Adding missing grouping variables: `Num`
Joining, by = "Id"
Joining, by = "Id"
Joining, by = "Id"
Joining, by = "Id"
Joining, by = "Id"
Joining, by = "Id"
Joining, by = "Id"
Joining, by = "Id"
Joining, by = "Id"
Joining, by = "Id"
Joining, by = "Id"
Joining, by = "Id"
Adding missing grouping variables: `Num`
Adding missing grouping variables: `Num`
Adding missing grouping variables: `Num`
Adding missing grouping variables: `Num`
Joining, by = "Id"
Adding missing grouping variables: `Num`
Joining, by = "Id"
Adding missing grouping variables: `Num`
Joining, by = "Id"
Adding missing grouping variables: `Num`
Joining, by = "Id"
Adding missing grouping variables: `Num`
Joining, by = "Id"
Joining, by = "Id"
Joining, by = "Id"
Joining, by = "Id"
Joining, by = "Id"
Joining, by = "Id"
Adding missing grouping variables: `Num`
Joining, by = "Id"
Joining, by = "Id"
Joining, by = "Id"
Adding missing grouping variables: `Num`
Adding missing grouping variables: `Num`
Joining, by = "Id"
Joining, by = "Id"
Adding missing grouping variables: `Num`
Joining, by = "Id"
Adding missing grouping variables: `Num`
Adding missing grouping variables: `Num`
Joining, by = "Id"
Joining, by = "Id"
Joining, by = "Id"
Joining, by = "Id"
Adding missing grouping variables: `Num`
Joining, by = "Id"
Adding missing grouping variables: `Num`
Adding missing grouping variables: `Num`
Joining, by = "Id"
Joining, by = "Id"
Joining, by = "Id"
Joining, by = "Id"
Joining, by = "Id"
Adding missing grouping variables: `Num`
Adding missing grouping variables: `Num`
Adding missing grouping variables: `Num`
Adding missing grouping variables: `Num`
Joining, by = "Id"
Joining, by = "Id"
Joining, by = "Id"
Joining, by = "Id"
Joining, by = "Id"
Joining, by = "Id"
Adding missing grouping variables: `Num`
Joining, by = "Id"
Adding missing grouping variables: `Num`
Joining, by = "Id"
Adding missing grouping variables: `Num`
Joining, by = "Id"
Adding missing grouping variables: `Num`
Adding missing grouping variables: `Num`
Joining, by = "Id"
Adding missing grouping variables: `Num`
Joining, by = "Id"
Adding missing grouping variables: `Num`
Joining, by = "Id"
Joining, by = "Id"
Joining, by = "Id"
Joining, by = "Id"
Joining, by = "Id"
Joining, by = "Id"
Joining, by = "Id"
Adding missing grouping variables: `Num`
Joining, by = "Id"
Adding missing grouping variables: `Num`
Adding missing grouping variables: `Num`
Adding missing grouping variables: `Num`
Adding missing grouping variables: `Num`
Adding missing grouping variables: `Num`
Adding missing grouping variables: `Num`
Joining, by = "Id"
Joining, by = "Id"
Adding missing grouping variables: `Num`
Joining, by = "Id"
Joining, by = "Id"
Joining, by = "Id"
Joining, by = "Id"
Joining, by = "Id"
Adding missing grouping variables: `Num`
Adding missing grouping variables: `Num`
Joining, by = "Id"
Adding missing grouping variables: `Num`
Joining, by = "Id"
Adding missing grouping variables: `Num`
Adding missing grouping variables: `Num`
Joining, by = "Id"
Adding missing grouping variables: `Num`
Joining, by = "Id"
Adding missing grouping variables: `Num`
Adding missing grouping variables: `Num`
Joining, by = "Id"
Adding missing grouping variables: `Num`
Joining, by = "Id"
Joining, by = "Id"
Adding missing grouping variables: `Num`
Joining, by = "Id"
Joining, by = "Id"
Joining, by = "Id"
Adding missing grouping variables: `Num`
Joining, by = "Id"
Joining, by = "Id"
Joining, by = "Id"
Joining, by = "Id"
Joining, by = "Id"
Joining, by = "Id"
Joining, by = "Id"
Joining, by = "Id"
Adding missing grouping variables: `Num`
Joining, by = "Id"
Adding missing grouping variables: `Num`
Joining, by = "Id"
Joining, by = "Id"
Joining, by = "Id"
Joining, by = "Id"
Joining, by = "Id"
Joining, by = "Id"
Joining, by = "Id"
Joining, by = "Id"
Joining, by = "Id"
Joining, by = "Id"
Joining, by = "Id"
Joining, by = "Id"
Joining, by = "Id"
Joining, by = "Id"
Joining, by = "Id"
Joining, by = "Id"
Joining, by = "Id"
Joining, by = "Id"
Joining, by = "Id"
Joining, by = "Id"
Joining, by = "Id"
Joining, by = "Id"
Joining, by = "Id"
Joining, by = "Id"
Joining, by = "Id"
Joining, by = "Id"
Joining, by = "Id"
Joining, by = "Id"
Joining, by = "Id"
Joining, by = "Id"
Joining, by = "Id"
Joining, by = "Id"
Joining, by = "Id"
Joining, by = "Id"
Joining, by = "Id"
Joining, by = "Id"
Joining, by = "Id"
Joining, by = "Id"
Joining, by = "Id"
Joining, by = "Id"
Joining, by = "Id"
Joining, by = "Id"
Joining, by = "Id"
Joining, by = "Id"
Joining, by = "Id"
Joining, by = "Id"
Joining, by = "Id"
Joining, by = "Id"
Joining, by = "Id"
Joining, by = "Id"
Joining, by = "Id"
Joining, by = "Id"
Joining, by = "Id"
Joining, by = "Id"
Joining, by = "Id"
Joining, by = "Id"
Joining, by = "Id"
Joining, by = "Id"
Joining, by = "Id"
Joining, by = "Id"
Joining, by = "Id"
Joining, by = "Id"
Joining, by = "Id"
Joining, by = "Id"
Joining, by = "Id"
Adding missing grouping variables: `Num`
Joining, by = "Id"
Joining, by = "Id"
Joining, by = "Id"
Joining, by = "Id"
Adding missing grouping variables: `Num`
Joining, by = "Id"
Joining, by = "Id"
Joining, by = "Id"
Joining, by = "Id"
Adding missing grouping variables: `Num`
Joining, by = "Id"
Joining, by = "Id"
Joining, by = "Id"
Joining, by = "Id"
Adding missing grouping variables: `Num`
Joining, by = "Id"
Joining, by = "Id"
Joining, by = "Id"
Joining, by = "Id"
Adding missing grouping variables: `Num`
Adding missing grouping variables: `Num`
Joining, by = c("Num", "Id")
Adding missing grouping variables: `Num`
Joining, by = "Id"
Adding missing grouping variables: `Num`
Joining, by = "Id"
Joining, by = "Id"
Joining, by = "Id"
Joining, by = "Id"
Adding missing grouping variables: `Num`
Joining, by = "Id"
Joining, by = "Id"
Joining, by = "Id"
Joining, by = "Id"
Adding missing grouping variables: `Num`
Joining, by = "Id"
Joining, by = "Id"
Joining, by = "Id"
Joining, by = "Id"
Adding missing grouping variables: `Num`
Joining, by = "Id"
Joining, by = "Id"
Joining, by = "Id"
Joining, by = "Id"
Adding missing grouping variables: `Num`
Joining, by = "Id"
Joining, by = "Id"
Joining, by = "Id"
Joining, by = "Id"
Adding missing grouping variables: `Num`
Joining, by = "Id"
Joining, by = "Id"
Joining, by = "Id"
Joining, by = "Id"
Adding missing grouping variables: `Num`
Joining, by = "Id"
Joining, by = "Id"
Adding missing grouping variables: `Num`
Joining, by = "Id"
Joining, by = "Id"
Joining, by = "Id"
Joining, by = "Id"
Adding missing grouping variables: `Num`
Joining, by = "Id"
Joining, by = "Id"
Adding missing grouping variables: `Num`
Joining, by = "Id"
Joining, by = "Id"
Joining, by = "Id"
Joining, by = "Id"
Joining, by = "Id"
Joining, by = "Id"
Joining, by = "Id"
Joining, by = "Id"
Adding missing grouping variables: `Num`
Joining, by = "Id"
Joining, by = "Id"
Adding missing grouping variables: `Num`
Joining, by = "Id"
Joining, by = "Id"
Adding missing grouping variables: `Num`
Joining, by = "Id"
Joining, by = "Id"
Adding missing grouping variables: `Num`
Joining, by = "Id"
Joining, by = "Id"
Joining, by = "Id"
Joining, by = "Id"
Joining, by = "Id"
Joining, by = "Id"
Joining, by = "Id"
Joining, by = "Id"
Joining, by = "Id"
Joining, by = "Id"
Adding missing grouping variables: `Num`
Joining, by = "Id"
Joining, by = "Id"
Adding missing grouping variables: `Num`
Joining, by = "Id"
Joining, by = "Id"
Adding missing grouping variables: `Num`
Joining, by = "Id"
Joining, by = "Id"
Adding missing grouping variables: `Num`
Joining, by = "Id"
Joining, by = "Id"
Adding missing grouping variables: `Num`
Joining, by = "Id"
Joining, by = "Id"
Adding missing grouping variables: `Num`
Joining, by = "Id"
Joining, by = "Id"
Adding missing grouping variables: `Num`
Joining, by = "Id"
Joining, by = "Id"
Adding missing grouping variables: `Num`
Joining, by = "Id"
Joining, by = "Id"
Adding missing grouping variables: `Num`
Joining, by = "Id"
Adding missing grouping variables: `Num`
Adding missing grouping variables: `Num`
Joining, by = c("Num", "Id")
Adding missing grouping variables: `Num`
Joining, by = "Id"
Joining, by = "Id"
Adding missing grouping variables: `Num`
Joining, by = "Id"
Joining, by = "Id"
Adding missing grouping variables: `Num`
Joining, by = "Id"
Joining, by = "Id"
Joining, by = "Id"
Joining, by = "Id"
Joining, by = "Id"
Joining, by = "Id"
Joining, by = "Id"
Joining, by = "Id"
Joining, by = "Id"
Joining, by = "Id"
Adding missing grouping variables: `Num`
Joining, by = "Id"
Joining, by = "Id"
Adding missing grouping variables: `Num`
Joining, by = "Id"
Joining, by = "Id"
Joining, by = "Id"
Joining, by = "Id"
Joining, by = "Id"
Joining, by = "Id"
Adding missing grouping variables: `Num`
Joining, by = "Id"
Joining, by = "Id"
Adding missing grouping variables: `Num`
Joining, by = "Id"
Joining, by = "Id"
Joining, by = "Id"
Joining, by = "Id"
Joining, by = "Id"
Joining, by = "Id"
Joining, by = "Id"
Joining, by = "Id"
Joining, by = "Id"
Joining, by = "Id"
Adding missing grouping variables: `Num`
Joining, by = "Id"
Joining, by = "Id"
Adding missing grouping variables: `Num`
Joining, by = "Id"
Joining, by = "Id"
Adding missing grouping variables: `Num`
Joining, by = "Id"
Joining, by = "Id"
Adding missing grouping variables: `Num`
Joining, by = "Id"
Joining, by = "Id"
Joining, by = "Id"
Joining, by = "Id"
Joining, by = "Id"
Joining, by = "Id"
Joining, by = "Id"
Joining, by = "Id"
Adding missing grouping variables: `Num`
Joining, by = "Id"
Joining, by = "Id"
Joining, by = "Id"
Joining, by = "Id"
Adding missing grouping variables: `Num`
Joining, by = "Id"
Joining, by = "Id"
Adding missing grouping variables: `Num`
Joining, by = "Id"
Joining, by = "Id"
Joining, by = "Id"
Joining, by = "Id"
Joining, by = "Id"
Joining, by = "Id"
Adding missing grouping variables: `Num`
Adding missing grouping variables: `Num`
Adding missing grouping variables: `Num`
Joining, by = "Id"
Joining, by = "Id"
Adding missing grouping variables: `Num`
Joining, by = "Id"
Joining, by = "Id"
Adding missing grouping variables: `Num`
Joining, by = "Id"
Adding missing grouping variables: `Num`
Joining, by = "Id"
Joining, by = "Id"
Adding missing grouping variables: `Num`
Adding missing grouping variables: `Num`
Adding missing grouping variables: `Num`
Joining, by = "Id"
Adding missing grouping variables: `Num`
Joining, by = "Id"
Joining, by = "Id"
Joining, by = "Id"
Adding missing grouping variables: `Num`
Adding missing grouping variables: `Num`
Joining, by = "Id"
Adding missing grouping variables: `Num`
Adding missing grouping variables: `Num`
Adding missing grouping variables: `Num`
Adding missing grouping variables: `Num`
Adding missing grouping variables: `Num`
Adding missing grouping variables: `Num`
Joining, by = c("Num", "Id")
Joining, by = c("Id", "Num")
Joining, by = c("Id", "Num")
Joining, by = c("Num", "Id")
Adding missing grouping variables: `Num`
Adding missing grouping variables: `Num`
Joining, by = c("Num", "Id")
Adding missing grouping variables: `Num`
Adding missing grouping variables: `Num`
Joining, by = c("Num", "Id")
Joining, by = c("Num", "Id")
Joining, by = c("Id", "Num")
Joining, by = c("Id", "Num")
Joining, by = c("Id", "Num")
Joining, by = "Id"
Joining, by = c("Id", "Num")
Joining, by = c("Id", "Num")
Joining, by = c("Id", "Num")
Joining, by = "Num"
Joining, by = "Num"
Joining, by = c("Id", "Num")
Joining, by = c("Id", "Num")
Joining, by = c("Id", "Num")
Adding missing grouping variables: `Num`
Joining, by = c("Id", "Num")
Adding missing grouping variables: `Num`
Adding missing grouping variables: `Num`
Joining, by = c("Id", "Num")
Adding missing grouping variables: `Id`
Joining, by = c("Id", "Num")
Adding missing grouping variables: `Id`
Joining, by = c("Id", "Num")
Joining, by = c("Id", "Num")
Adding missing grouping variables: `Id`
Joining, by = c("Id", "Num")
Joining, by = c("Id", "Num")
Joining, by = c("Id", "Num")
Joining, by = c("Id", "Num")
Joining, by = "Id"
Joining, by = c("Id", "Num")
Joining, by = c("Id", "Num")
Joining, by = c("Id", "Num")
Joining, by = c("Id", "Num")
Joining, by = c("Id", "Num")
Joining, by = c("Id", "Num")
Joining, by = c("Id", "Num")
Joining, by = c("Id", "Num")
Joining, by = c("Id", "Num")
Joining, by = "Id"
Adding missing grouping variables: `Id`
Joining, by = "Num"
Joining, by = c("Id", "Num")
Adding missing grouping variables: `Id`
Joining, by = "Num"
Joining, by = "Id"
Joining, by = "Num"
Joining, by = "Id"
Joining, by = "Id"
Joining, by = "Num"
Joining, by = "Id"
Joining, by = c("Id", "Num")
Joining, by = "Num"
Joining, by = c("Num", "Id")
Adding missing grouping variables: `Id`
Joining, by = "Num"
Joining, by = c("Id", "Num")
Adding missing grouping variables: `Num`
Joining, by = "Id"
Joining, by = c("Id", "Num")
Joining, by = "Id"
Joining, by = c("Id", "Num")
Adding missing grouping variables: `Num`
Joining, by = "Id"
Joining, by = "Id"
Joining, by = c("Id", "Num")
Joining, by = "Id"
Joining, by = c("Id", "Num")
Joining, by = c("Id", "Num")
Joining, by = c("Id", "Num")
Joining, by = "Id"
Joining, by = c("Id", "Num")
Joining, by = c("Id", "Num")
Joining, by = c("Id", "Num")
Joining, by = c("Id", "Num")
Joining, by = c("Id", "Num")
Joining, by = c("Id", "Num")
Joining, by = c("Id", "Num")
Joining, by = "Id"
Joining, by = c("Id", "Num")
Joining, by = c("Id", "Num")
Joining, by = "Id"
Joining, by = "Id"
Joining, by = "Num"
Joining, by = "Id"
Joining, by = "Id"
Joining, by = "Id"
Joining, by = "Num"
Joining, by = c("Id", "Num")
Joining, by = c("Id", "Num")
Joining, by = "Num"
Joining, by = c("Id", "Num")
Joining, by = "Num"
Joining, by = c("Id", "Num")
Joining, by = c("Id", "Num")
Joining, by = c("Id", "Num")
Joining, by = c("Id", "Num")
Joining, by = c("Id", "Num")
Joining, by = "Id"
Joining, by = c("Id", "Num")
Joining, by = c("Id", "Num")
Joining, by = "Id"
Joining, by = c("Id", "Num")
Joining, by = c("Id", "Num")
Joining, by = "Id"
Adding missing grouping variables: `Num`
Joining, by = "Id"
Joining, by = "Num"
Joining, by = "Num"
Joining, by = c("Num", "Id")
Joining, by = "Id"
Joining, by = "Id"
Joining, by = "Id"
Joining, by = c("Id", "Num")
Joining, by = c("Id", "Num")
Adding missing grouping variables: `Id`
Joining, by = c("Id", "Num")
Adding missing grouping variables: `Id`
Joining, by = c("Id", "Num")
Joining, by = c("Id", "Num")
Joining, by = c("Id", "Num")
Joining, by = c("Id", "Num")
Joining, by = c("Id", "Num")
Joining, by = c("Id", "Num")
Joining, by = c("Id", "Num")
Joining, by = c("Id", "Num")
Joining, by = c("Id", "Num")
Adding missing grouping variables: `Num`
Joining, by = c("Id", "Num")
Joining, by = c("Id", "Num")
Adding missing grouping variables: `Num`
Joining, by = c("Id", "Num")
Joining, by = c("Id", "Num")
Joining, by = c("Id", "Num")
Joining, by = c("Id", "Num")
Joining, by = c("Id", "Num")
Joining, by = c("Id", "Num")
Joining, by = c("Id", "Num")
Joining, by = c("Id", "Num")
Joining, by = c("Id", "Num")
Joining, by = "Id"
Joining, by = c("Id", "Num")
Joining, by = "Id"
Joining, by = c("Id", "Num")
Joining, by = c("Id", "Num")
Joining, by = c("Id", "Num")
Joining, by = c("Id", "Num")
Joining, by = "Id"
Joining, by = c("Id", "Num")
Joining, by = "Id"
Joining, by = c("Id", "Num")
Joining, by = c("Id", "Num")
Joining, by = c("Id", "Num")
Joining, by = "Id"
Joining, by = c("Id", "Num")
Joining, by = c("Id", "Num")
Joining, by = c("Id", "Num")
Joining, by = c("Id", "Num")
Joining, by = "Id"
Joining, by = c("Id", "Num")
Joining, by = c("Id", "Num")
Joining, by = c("Id", "Num")
Joining, by = c("Id", "Num")
Joining, by = c("Id", "Num")
Joining, by = c("Id", "Num")
Joining, by = c("Id", "Num")
Joining, by = c("Id", "Num")
Joining, by = c("Id", "Num")
Joining, by = c("Id", "Num")
Adding missing grouping variables: `Id`
Adding missing grouping variables: `Num`
Joining, by = "Id"
Joining, by = "Id"
Joining, by = "Id"
Joining, by = "Num"
Joining, by = "Num"
Joining, by = "Id"
Joining, by = "Id"
Joining, by = "Id"
Joining, by = "Id"
Joining, by = c("Id", "Num")
Joining, by = "Id"
Joining, by = c("Id", "Num")
Joining, by = "Id"
Joining, by = "Id"
Joining, by = "Num"
Joining, by = c("Num", "Id")
Joining, by = "Num"
Joining, by = c("Num", "Id")
Joining, by = c("Id", "Num")
Joining, by = c("Id", "Num")
Joining, by = c("Id", "Num")
Joining, by = c("Id", "Num")
Joining, by = c("Id", "Num")
Joining, by = c("Id", "Num")
Joining, by = "Id"
Joining, by = c("Id", "Num")
Joining, by = "Id"
Joining, by = c("Id", "Num")
Joining, by = c("Id", "Num")
Joining, by = c("Id", "Num")
Joining, by = c("Id", "Num")
Joining, by = c("Id", "Num")
Joining, by = c("Id", "Num")
Joining, by = c("Id", "Num")
Joining, by = c("Id", "Num")
Joining, by = c("Id", "Num")
Joining, by = c("Id", "Num")
Joining, by = c("Id", "Num")
Joining, by = c("Id", "Num")
Joining, by = c("Id", "Num")
Joining, by = c("Id", "Num")
Joining, by = c("Id", "Num")
Joining, by = c("Id", "Num")
Joining, by = c("Id", "Num")
Joining, by = "Id"
Joining, by = c("Id", "Num")
Joining, by = "Id"
Joining, by = c("Id", "Num")
Joining, by = c("Id", "Num")
Joining, by = "Num"
Joining, by = c("Id", "Num")
Joining, by = "Id"
Joining, by = c("Id", "Num")
Joining, by = "Num"
Joining, by = c("Id", "Num")
Joining, by = "Id"
Joining, by = "Id"
Joining, by = "Num"
Joining, by = "Id"
Joining, by = "Id"
Joining, by = "Id"
Joining, by = "Num"
Joining, by = "Id"
Joining, by = "Id"
Joining, by = c("Id", "Num")
Joining, by = "Num"
Joining, by = c("Id", "Num")
Joining, by = "Num"
Joining, by = c("Id", "Num")
Joining, by = "Id"
Joining, by = c("Id", "Num")
Joining, by = "Id"
Adding missing grouping variables: `Id`
Joining, by = "Num"
Adding missing grouping variables: `Id`
Joining, by = "Num"
Joining, by = c("Num", "Id")
Joining, by = c("Num", "Id")
Joining, by = "Id"
Joining, by = c("Num", "Id")
Joining, by = c("Num", "Id")
Joining, by = "Id"
Adding missing grouping variables: `Num`
Adding missing grouping variables: `Num`
Joining, by = c("Num", "Id")
Joining, by = c("Num", "Id")
Joining, by = "Id"
Joining, by = c("Num", "Id")
Joining, by = c("Num", "Id")
Joining, by = c("Num", "Id")
Adding missing grouping variables: `Num`
Adding missing grouping variables: `Num`
Adding missing grouping variables: `Id`
Joining, by = c("Num", "Id")
Joining, by = c("Num", "Id")
Joining, by = c("Num", "Id")
Joining, by = c("Num", "Id")
Joining, by = c("Num", "Id")
Joining, by = "Id"
Joining, by = "Id"
Joining, by = c("Num", "Id")
Joining, by = "Id"
Joining, by = c("Num", "Id")
Joining, by = c("Num", "Id")
Joining, by = c("Num", "Id")
Adding missing grouping variables: `Id`
Adding missing grouping variables: `Id`
Adding missing grouping variables: `Num`
Adding missing grouping variables: `Num`
Adding missing grouping variables: `Num`
Adding missing grouping variables: `Num`
Joining, by = "Id"
Joining, by = "Id"
Joining, by = "Id"
Joining, by = "Id"
Joining, by = c("Num", "Id")
Joining, by = c("Num", "Id")
Joining, by = c("Num", "Id")
Joining, by = c("Num", "Id")
Joining, by = c("Num", "Id")
Joining, by = c("Num", "Id")
Joining, by = c("Num", "Id")
Joining, by = c("Num", "Id")
Joining, by = "Id"
Joining, by = c("Num", "Id")
Joining, by = c("Num", "Id")
Joining, by = c("Num", "Id")
Joining, by = c("Num", "Id")
Joining, by = c("Num", "Id")
Joining, by = "Id"
Joining, by = c("Num", "Id")
Joining, by = c("Num", "Id")
Joining, by = c("Num", "Id")
Joining, by = c("Num", "Id")
Joining, by = c("Num", "Id")
Joining, by = "Id"
Joining, by = c("Id", "Num")
Joining, by = c("Id", "Num")
Joining, by = c("Id", "Num")
Joining, by = c("Id", "Num")
Joining, by = c("Id", "Num")
Joining, by = "Id"
Joining, by = c("Id", "Num")
Joining, by = c("Id", "Num")
Joining, by = c("Id", "Num")
Joining, by = c("Id", "Num")
Joining, by = c("Id", "Num")
Joining, by = "Id"
Joining, by = c("Id", "Num")
Joining, by = c("Id", "Num")
Joining, by = c("Id", "Num")
Joining, by = c("Id", "Num")
Joining, by = c("Id", "Num")
Joining, by = "Id"
Joining, by = c("Id", "Num")
Joining, by = c("Id", "Num")
Joining, by = c("Id", "Num")
Joining, by = c("Id", "Num")
Joining, by = c("Id", "Num")
Adding missing grouping variables: `Num`
Adding missing grouping variables: `Id`
Adding missing grouping variables: `Num`
Adding missing grouping variables: `Num`
Adding missing grouping variables: `Id`
Adding missing grouping variables: `Num`
Joining, by = "Id"
Joining, by = "Id"
Joining, by = "Id"
Joining, by = "Id"
Joining, by = c("Num", "Id")
Joining, by = c("Id", "Num")
Joining, by = c("Num", "Id")
Joining, by = c("Id", "Num")
Joining, by = c("Num", "Id")
Joining, by = c("Id", "Num")
Joining, by = c("Num", "Id")
Joining, by = c("Id", "Num")
Joining, by = c("Id", "Num")
Joining, by = c("Id", "Num")
Joining, by = c("Id", "Num")
Joining, by = c("Id", "Num")
Joining, by = c("Id", "Num")
Joining, by = c("Id", "Num")
Joining, by = c("Id", "Num")
Joining, by = c("Id", "Num")
Joining, by = c("Id", "Num")
Joining, by = "Id"
Joining, by = c("Id", "Num")
Joining, by = "Id"
Joining, by = c("Num", "Id")
Joining, by = c("Num", "Id")
Joining, by = c("Id", "Num")
Joining, by = c("Id", "Num")
Joining, by = c("Num", "Id")
Joining, by = c("Num", "Id")
Joining, by = c("Id", "Num")
Joining, by = c("Id", "Num")
Joining, by = "Id"
Joining, by = c("Id", "Num")
Joining, by = "Id"
Joining, by = c("Id", "Num")
Adding missing grouping variables: `Id`
Adding missing grouping variables: `Num`
Adding missing grouping variables: `Num`
Joining, by = c("Num", "Id")
Joining, by = c("Num", "Id")
Joining, by = c("Id", "Num")
Joining, by = c("Id", "Num")
Joining, by = "Id"
Joining, by = "Id"
Adding missing grouping variables: `Num`
Adding missing grouping variables: `Num`
Adding missing grouping variables: `Id`
Joining, by = c("Num", "Id")
Joining, by = c("Id", "Num")
Joining, by = "Id"
Joining, by = c("Num", "Id")
Joining, by = c("Id", "Num")
Joining, by = "Id"
Joining, by = c("Id", "Num")
Joining, by = c("Id", "Num")
Joining, by = c("Id", "Num")
Joining, by = c("Id", "Num")
Joining, by = c("Id", "Num")
Joining, by = "Id"
Joining, by = c("Id", "Num")
Joining, by = c("Id", "Num")
Joining, by = c("Id", "Num")
Joining, by = c("Id", "Num")
Joining, by = c("Id", "Num")
Joining, by = "Id"
Joining, by = c("Num", "Id")
Joining, by = c("Num", "Id")
Joining, by = c("Id", "Num")
Joining, by = c("Id", "Num")
Joining, by = "Id"
Joining, by = c("Id", "Num")
Joining, by = c("Num", "Id")
Joining, by = c("Num", "Id")
Joining, by = c("Id", "Num")
Joining, by = c("Id", "Num")
Joining, by = "Id"
Joining, by = c("Id", "Num")
Joining, by = c("Num", "Id")
Joining, by = c("Num", "Id")
Joining, by = c("Num", "Id")
Joining, by = c("Num", "Id")
Joining, by = c("Num", "Id")
Joining, by = "Id"
Joining, by = c("Num", "Id")
Joining, by = c("Num", "Id")
Joining, by = c("Num", "Id")
Joining, by = c("Num", "Id")
Joining, by = c("Num", "Id")
Joining, by = "Id"
Joining, by = c("Num", "Id")
Joining, by = c("Num", "Id")
Joining, by = c("Num", "Id")
Joining, by = c("Num", "Id")
Joining, by = c("Num", "Id")
Joining, by = "Id"
Joining, by = c("Num", "Id")
Joining, by = c("Num", "Id")
Joining, by = c("Num", "Id")
Joining, by = c("Num", "Id")
Joining, by = c("Num", "Id")
Joining, by = "Id"
Joining, by = c("Num", "Id")
Joining, by = c("Num", "Id")
Joining, by = c("Id", "Num")
Joining, by = c("Id", "Num")
Joining, by = "Id"
Joining, by = c("Id", "Num")
Joining, by = c("Num", "Id")
Joining, by = c("Num", "Id")
Joining, by = c("Id", "Num")
Joining, by = c("Id", "Num")
Joining, by = "Id"
Joining, by = c("Id", "Num")
Joining, by = c("Num", "Id")
Joining, by = c("Num", "Id")
Joining, by = c("Id", "Num")
Joining, by = c("Id", "Num")
Joining, by = "Id"
Joining, by = c("Id", "Num")
Joining, by = c("Num", "Id")
Joining, by = c("Num", "Id")
Joining, by = c("Id", "Num")
Joining, by = c("Id", "Num")
Joining, by = "Id"
Joining, by = c("Id", "Num")
Joining, by = c("Id", "Num")
Joining, by = c("Id", "Num")
Joining, by = c("Id", "Num")
Joining, by = c("Id", "Num")
Joining, by = c("Id", "Num")
Joining, by = "Id"
Joining, by = c("Id", "Num")
Joining, by = c("Id", "Num")
Joining, by = c("Id", "Num")
Joining, by = c("Id", "Num")
Joining, by = "Num"
Joining, by = c("Id", "Num")
Joining, by = c("Id", "Num")
Joining, by = c("Id", "Num")
Joining, by = c("Id", "Num")
Joining, by = c("Num", "Id")
Joining, by = c("Num", "Id")
Joining, by = "Num"
Joining, by = c("Num", "Id")
Joining, by = c("Num", "Id")
Joining, by = c("Num", "Id")
Joining, by = c("Num", "Id")
Adding missing grouping variables: `Num`
Joining, by = "Id"
Joining, by = c("Num", "Id")
Joining, by = c("Num", "Id")
Adding missing grouping variables: `Num`
Joining, by = c("Num", "Id")
Joining, by = c("Num", "Id")
Joining, by = c("Num", "Id")
Joining, by = c("Num", "Id")
Joining, by = c("Id", "Num")
Joining, by = c("Num", "Id")
Joining, by = c("Num", "Id")
Joining, by = "Num"
Joining, by = c("Num", "Id")
Joining, by = c("Num", "Id")
Joining, by = c("Num", "Id")
Joining, by = c("Num", "Id")
Adding missing grouping variables: `Num`
Joining, by = "Id"
Joining, by = c("Num", "Id")
Joining, by = c("Num", "Id")
Adding missing grouping variables: `Num`
Joining, by = c("Num", "Id")
Joining, by = c("Num", "Id")
Joining, by = c("Num", "Id")
Joining, by = c("Num", "Id")
Joining, by = c("Id", "Num")
Joining, by = c("Num", "Id")
Joining, by = c("Num", "Id")
Adding missing grouping variables: `Num`
Joining, by = c("Num", "Id")
Joining, by = c("Num", "Id")
Joining, by = c("Num", "Id")
Joining, by = c("Num", "Id")
Adding missing grouping variables: `Num`
Joining, by = c("Num", "Id")
Joining, by = c("Num", "Id")
Joining, by = c("Num", "Id")
Joining, by = c("Num", "Id")
Joining, by = c("Id", "Num")
Joining, by = c("Num", "Id")
Joining, by = c("Num", "Id")
Joining, by = c("Id", "Num")
Joining, by = c("Num", "Id")
Joining, by = c("Num", "Id")
Joining, by = c("Num", "Id")
Joining, by = c("Num", "Id")
Joining, by = c("Id", "Num")
Joining, by = c("Id", "Num")
Joining, by = c("Id", "Num")
Joining, by = c("Id", "Num")
Joining, by = c("Id", "Num")
Joining, by = c("Id", "Num")
Joining, by = c("Id", "Num")
Joining, by = c("Id", "Num")
Joining, by = c("Id", "Num")
Joining, by = c("Id", "Num")
Joining, by = c("Id", "Num")
Joining, by = "Num"
Joining, by = c("Id", "Num")
Joining, by = c("Id", "Num")
Joining, by = c("Id", "Num")
Joining, by = c("Id", "Num")
Joining, by = "Id"
Joining, by = c("Id", "Num")
Joining, by = c("Id", "Num")
Joining, by = c("Id", "Num")
Joining, by = c("Id", "Num")
Joining, by = c("Id", "Num")
Joining, by = c("Id", "Num")
Joining, by = c("Id", "Num")
Joining, by = c("Id", "Num")
Joining, by = c("Id", "Num")
Joining, by = c("Id", "Num")
Joining, by = c("Id", "Num")
Joining, by = c("Id", "Num")
Joining, by = c("Id", "Num")
Joining, by = c("Id", "Num")
Joining, by = c("Id", "Num")
Joining, by = c("Id", "Num")
Joining, by = c("Id", "Num")
Joining, by = c("Id", "Num")
Joining, by = c("Id", "Num")
Joining, by = c("Id", "Num")
Joining, by = c("Id", "Num")
Joining, by = c("Id", "Num")
Joining, by = c("Id", "Num")
Joining, by = c("Id", "Num")
Joining, by = c("Id", "Num")
Joining, by = c("Id", "Num")
Joining, by = c("Id", "Num")
Joining, by = c("Id", "Num")
Joining, by = c("Id", "Num")
Joining, by = c("Id", "Num")
Joining, by = c("Id", "Num")
Joining, by = c("Id", "Num")
Joining, by = c("Id", "Num")
Joining, by = c("Id", "Num")
Joining, by = c("Id", "Num")
Joining, by = c("Id", "Num")
Joining, by = c("Id", "Num")
Joining, by = c("Id", "Num")
Joining, by = c("Id", "Num")
Joining, by = c("Id", "Num")
Joining, by = c("Id", "Num")
Joining, by = c("Id", "Num")
Joining, by = c("Num", "Id")
Joining, by = c("Num", "Id")
Adding missing grouping variables: `Num`
Joining, by = "Id"
Joining, by = c("Num", "Id")
Joining, by = c("Num", "Id")
Joining, by = "Num"
Joining, by = c("Num", "Id")
Joining, by = c("Num", "Id")
Adding missing grouping variables: `Num`
Joining, by = c("Num", "Id")
Joining, by = c("Num", "Id")
Joining, by = c("Num", "Id")
Joining, by = c("Num", "Id")
Joining, by = c("Id", "Num")
Joining, by = c("Id", "Num")
Joining, by = c("Id", "Num")
Joining, by = c("Id", "Num")
Joining, by = "Id"
Joining, by = c("Id", "Num")
Joining, by = c("Id", "Num")
Joining, by = c("Id", "Num")
Joining, by = c("Id", "Num")
Joining, by = c("Id", "Num")
Joining, by = c("Id", "Num")
Joining, by = "Id"
Joining, by = c("Id", "Num")
Joining, by = c("Id", "Num")
Joining, by = c("Id", "Num")
Joining, by = c("Id", "Num")
Joining, by = c("Id", "Num")
Joining, by = c("Id", "Num")
Joining, by = c("Id", "Num")
Joining, by = c("Id", "Num")
Joining, by = c("Id", "Num")
Joining, by = c("Id", "Num")
Joining, by = c("Id", "Num")
Joining, by = c("Id", "Num")
Joining, by = c("Id", "Num")
Joining, by = "Id"
Joining, by = c("Id", "Num")
Joining, by = "Num"
Joining, by = c("Num", "Id")
Joining, by = "Id"
Joining, by = "Id"
Joining, by = "Id"
Joining, by = "Id"
Joining, by = c("Id", "Num")
Adding missing grouping variables: `Id`
Joining, by = "Id"
Joining, by = "Id"
Joining, by = "Id"
Adding missing grouping variables: `Id`
Joining, by = "Num"
Joining, by = c("Id", "Num")
Joining, by = c("Id", "Num")
Joining, by = c("Id", "Num")
Joining, by = c("Id", "Num")
Joining, by = c("Id", "Num")
Joining, by = c("Id", "Num")
Joining, by = c("Id", "Num")
Joining, by = c("Id", "Num")
Joining, by = c("Id", "Num")
Joining, by = c("Id", "Num")
Joining, by = c("Id", "Num")
Joining, by = c("Id", "Num")
Joining, by = c("Id", "Num")
Joining, by = c("Id", "Num")
Joining, by = c("Id", "Num")
Joining, by = c("Id", "Num")
Joining, by = c("Id", "Num")
Joining, by = c("Id", "Num")
Joining, by = c("Id", "Num")
Joining, by = c("Id", "Num")
Joining, by = c("Id", "Num")
Joining, by = c("Id", "Num")
Joining, by = c("Id", "Num")
Joining, by = c("Id", "Num")
Joining, by = c("Id", "Num")
Joining, by = c("Id", "Num")
Joining, by = c("Id", "Num")
Joining, by = c("Id", "Num")
Joining, by = c("Id", "Num")
Joining, by = c("Id", "Num")
Joining, by = c("Id", "Num")
Joining, by = c("Id", "Num")
Joining, by = c("Id", "Num")
Joining, by = c("Id", "Num")
Joining, by = c("Id", "Num")
Joining, by = c("Id", "Num")
Joining, by = c("Id", "Num")
Joining, by = c("Id", "Num")
Joining, by = c("Id", "Num")
Joining, by = c("Id", "Num")
Joining, by = c("Id", "Num")
Joining, by = c("Id", "Num")
Joining, by = c("Id", "Num")
Joining, by = c("Id", "Num")
Joining, by = c("Id", "Num")
Joining, by = c("Id", "Num")
Joining, by = c("Id", "Num")
Joining, by = c("Id", "Num")
Joining, by = c("Id", "Num")
Joining, by = c("Id", "Num")
Joining, by = c("Id", "Num")
Joining, by = c("Id", "Num")
Joining, by = c("Id", "Num")
Joining, by = c("Id", "Num")
Joining, by = c("Id", "Num")
Joining, by = c("Id", "Num")
Joining, by = c("Id", "Num")
Joining, by = c("Id", "Num")
Joining, by = c("Id", "Num")
Joining, by = c("Id", "Num")
Joining, by = c("Id", "Num")
Joining, by = c("Id", "Num")
Joining, by = c("Id", "Num")
Joining, by = c("Id", "Num")
Joining, by = c("Id", "Num")
Joining, by = c("Id", "Num")
Joining, by = c("Id", "Num")
Joining, by = c("Id", "Num")
Joining, by = c("Id", "Num")
Joining, by = c("Id", "Num")
Joining, by = c("Id", "Num")
Joining, by = c("Id", "Num")
Joining, by = c("Id", "Num")
Joining, by = c("Id", "Num")
Joining, by = c("Id", "Num")
Joining, by = c("Id", "Num")
Joining, by = c("Id", "Num")
Joining, by = c("Id", "Num")
Joining, by = c("Id", "Num")
Joining, by = c("Id", "Num")
Joining, by = c("Id", "Num")
Joining, by = c("Id", "Num")
Joining, by = c("Id", "Num")
Joining, by = c("Id", "Num")
Joining, by = c("Id", "Num")
Joining, by = c("Id", "Num")
Joining, by = c("Id", "Num")
Joining, by = c("Id", "Num")
Joining, by = c("Id", "Num")
Joining, by = c("Id", "Num")
Joining, by = c("Id", "Num")
Joining, by = c("Id", "Num")
Joining, by = c("Id", "Num")
Joining, by = c("Id", "Num")
Joining, by = c("Id", "Num")
Joining, by = c("Id", "Num")
Joining, by = c("Id", "Num")
Joining, by = c("Id", "Num")
Joining, by = c("Id", "Num")
Joining, by = c("Id", "Num")
Joining, by = c("Id", "Num")
Joining, by = c("Id", "Num")
Joining, by = c("Id", "Num")
Joining, by = c("Id", "Num")
Joining, by = c("Id", "Num")
Joining, by = c("Id", "Num")
Joining, by = c("Id", "Num")
Joining, by = c("Id", "Num")
Joining, by = c("Id", "Num")
Joining, by = c("Id", "Num")
Joining, by = c("Id", "Num")
Joining, by = c("Id", "Num")
Joining, by = c("Id", "Num")
Joining, by = c("Id", "Num")
Joining, by = c("Id", "Num")
Joining, by = c("Id", "Num")
Joining, by = c("Id", "Num")
Joining, by = c("Id", "Num")
Joining, by = c("Id", "Num")
Joining, by = c("Id", "Num")
Joining, by = c("Id", "Num")
Joining, by = c("Id", "Num")
Joining, by = c("Id", "Num")
Joining, by = c("Id", "Num")
Joining, by = c("Id", "Num")
Joining, by = c("Id", "Num")
Joining, by = c("Id", "Num")
Joining, by = c("Id", "Num")
Joining, by = c("Id", "Num")
Joining, by = c("Id", "Num")
Joining, by = c("Id", "Num")
Joining, by = c("Id", "Num")
Joining, by = c("Id", "Num")
Joining, by = c("Id", "Num")
Joining, by = c("Id", "Num")
Joining, by = c("Id", "Num")
Joining, by = c("Id", "Num")
Joining, by = c("Id", "Num")
Joining, by = c("Id", "Num")
Joining, by = c("Id", "Num")
Joining, by = c("Id", "Num")
Joining, by = c("Num", "Id")
Joining, by = c("Num", "Id")
Joining, by = c("Id", "Num")
Adding missing grouping variables: `Num`
Adding missing grouping variables: `Num`
Adding missing grouping variables: `Num`
Adding missing grouping variables: `Num`
Adding missing grouping variables: `Num`
Adding missing grouping variables: `Num`
Adding missing grouping variables: `Num`
Adding missing grouping variables: `Num`
Adding missing grouping variables: `Num`
Adding missing grouping variables: `Num`
Adding missing grouping variables: `Num`
Adding missing grouping variables: `Num`
Adding missing grouping variables: `Num`
Adding missing grouping variables: `Num`
Adding missing grouping variables: `Num`
Adding missing grouping variables: `Num`
Adding missing grouping variables: `Num`
Adding missing grouping variables: `Num`
Adding missing grouping variables: `Num`
Adding missing grouping variables: `Num`
Adding missing grouping variables: `Num`
Adding missing grouping variables: `Num`
Adding missing grouping variables: `Num`
Adding missing grouping variables: `Num`
Adding missing grouping variables: `Num`
Adding missing grouping variables: `Num`
Adding missing grouping variables: `Num`
Adding missing grouping variables: `Num`
Adding missing grouping variables: `Num`
Adding missing grouping variables: `Num`
Adding missing grouping variables: `Num`
Adding missing grouping variables: `Num`
Adding missing grouping variables: `Num`
Adding missing grouping variables: `Num`
Adding missing grouping variables: `Num`
Adding missing grouping variables: `Num`
Adding missing grouping variables: `Num`
Adding missing grouping variables: `Num`
Adding missing grouping variables: `Num`
Adding missing grouping variables: `Num`
Adding missing grouping variables: `Num`
Adding missing grouping variables: `Num`
Adding missing grouping variables: `Num`
Adding missing grouping variables: `Num`
Adding missing grouping variables: `Num`
Adding missing grouping variables: `Num`
Adding missing grouping variables: `Num`
Adding missing grouping variables: `Num`
Adding missing grouping variables: `Num`
Adding missing grouping variables: `Num`
Adding missing grouping variables: `Num`
Adding missing grouping variables: `Num`
Adding missing grouping variables: `Num`
Adding missing grouping variables: `Num`
Adding missing grouping variables: `Num`
Adding missing grouping variables: `Num`
Adding missing grouping variables: `Num`
Adding missing grouping variables: `Num`
Adding missing grouping variables: `Num`
Adding missing grouping variables: `Num`
Adding missing grouping variables: `Num`
Adding missing grouping variables: `Num`
Adding missing grouping variables: `Num`
Adding missing grouping variables: `Num`
Adding missing grouping variables: `Num`
Adding missing grouping variables: `Num`
Adding missing grouping variables: `Num`
Adding missing grouping variables: `Num`
Adding missing grouping variables: `Num`
Adding missing grouping variables: `Num`
Joining, by = c("Id", "Num")
Joining, by = c("Id", "Num")
Joining, by = c("Id", "Num")
Joining, by = c("Id", "Num")
Joining, by = c("Id", "Num")
Joining, by = c("Id", "Num")
Joining, by = "Id"
Joining, by = "Id"
Joining, by = "Id"
Joining, by = "Id"
Joining, by = "Id"
Joining, by = "Id"
Joining, by = "Id"
Joining, by = "Id"
Joining, by = "Id"
Joining, by = "Id"
Joining, by = "Id"
Joining, by = "Id"
Joining, by = "Id"
Joining, by = "Id"
Joining, by = "Id"
Joining, by = "Id"
Joining, by = c("Num", "Id")
Joining, by = "Num"
Adding missing grouping variables: `Id`
Joining, by = "Num"
Joining, by = "Id"
Joining, by = c("Num", "Id")
Joining, by = "Id"
Joining, by = c("Id", "Num")
Joining, by = "Id"
Joining, by = "Id"
Joining, by = "Id"
Joining, by = c("Num", "Id")
Joining, by = c("Num", "Id")
Joining, by = c("Num", "Id")
Joining, by = c("Num", "Id")
Joining, by = c("Id", "Num")
Adding missing grouping variables: `Id`
Joining, by = "Id"
Joining, by = c("Id", "Num")
Joining, by = "Id"
Joining, by = "Id"
Adding missing grouping variables: `Id`
Joining, by = "Num"
Joining, by = c("Id", "Num")
Joining, by = c("Id", "Num")
Joining, by = c("Id", "Num")
Joining, by = c("Id", "Num")
Joining, by = c("Id", "Num")
Joining, by = c("Id", "Num")
Adding missing grouping variables: `Id`
Joining, by = c("Id", "Num")
Adding missing grouping variables: `Id`
Joining, by = c("Id", "Num")
Adding missing grouping variables: `Id`
Joining, by = c("Id", "Num")
Joining, by = c("Id", "Num")
Adding missing grouping variables: `Id`
Joining, by = c("Id", "Num")
Joining, by = c("Id", "Num")
Joining, by = c("Id", "Num")
Adding missing grouping variables: `Num`
Joining, by = c("Id", "Num")
Joining, by = c("Id", "Num")
Adding missing grouping variables: `Num`
Joining, by = c("Id", "Num")
Joining, by = c("Id", "Num")
Adding missing grouping variables: `Num`
Joining, by = c("Id", "Num")
Joining, by = c("Id", "Num")
Joining, by = c("Id", "Num")
Adding missing grouping variables: `Num`
Joining, by = c("Id", "Num")
Joining, by = c("Id", "Num")
Joining, by = c("Id", "Num")
Joining, by = c("Id", "Num")
Joining, by = c("Id", "Num")
Joining, by = c("Id", "Num")
Joining, by = c("Id", "Num")
Joining, by = c("Id", "Num")
Joining, by = c("Id", "Num")
Joining, by = c("Id", "Num")
Joining, by = c("Id", "Num")
Joining, by = c("Id", "Num")
Joining, by = c("Id", "Num")
Joining, by = c("Id", "Num")
Joining, by = c("Id", "Num")
Adding missing grouping variables: `Id`
Joining, by = c("Id", "Num")
Adding missing grouping variables: `Id`
Joining, by = c("Id", "Num")
Joining, by = c("Id", "Num")
Joining, by = c("Id", "Num")
Joining, by = c("Id", "Num")
Adding missing grouping variables: `Id`
Joining, by = c("Id", "Num")
Adding missing grouping variables: `Id`
Joining, by = c("Id", "Num")
Joining, by = c("Id", "Num")
Joining, by = c("Id", "Num")
Joining, by = c("Id", "Num")
Joining, by = c("Id", "Num")
Joining, by = c("Id", "Num")
Joining, by = c("Id", "Num")
Joining, by = c("Id", "Num")
Joining, by = c("Id", "Num")
Joining, by = c("Id", "Num")
Joining, by = c("Id", "Num")
Joining, by = c("Id", "Num")
Joining, by = c("Id", "Num")
Joining, by = c("Id", "Num")
Joining, by = c("Id", "Num")
Joining, by = c("Id", "Num")
Joining, by = c("Id", "Num")
Joining, by = c("Id", "Num")
Adding missing grouping variables: `Num`
Joining, by = c("Id", "Num")
Adding missing grouping variables: `Num`
Joining, by = c("Id", "Num")
Adding missing grouping variables: `Num`
Joining, by = c("Id", "Num")
Joining, by = c("Id", "Num")
Joining, by = c("Id", "Num")
Adding missing grouping variables: `Num`
Joining, by = c("Id", "Num")
Joining, by = c("Id", "Num")
Joining, by = c("Id", "Num")
Joining, by = c("Id", "Num")
Joining, by = c("Id", "Num")
Joining, by = c("Id", "Num")
Joining, by = c("Id", "Num")
Joining, by = c("Id", "Num")
Adding missing grouping variables: `Id`
Joining, by = "Num"
Joining, by = c("Id", "Num")
Joining, by = c("Id", "Num")
Joining, by = c("Id", "Num")
Joining, by = c("Id", "Num")
Joining, by = c("Id", "Num")
Joining, by = c("Id", "Num")
Joining, by = c("Id", "Num")
Joining, by = c("Id", "Num")
Joining, by = c("Id", "Num")
Joining, by = c("Id", "Num")
Joining, by = c("Id", "Num")
Joining, by = c("Id", "Num")
Joining, by = c("Id", "Num")
Joining, by = c("Id", "Num")
Joining, by = c("Id", "Num")
Joining, by = c("Id", "Num")
Joining, by = c("Id", "Num")
Joining, by = c("Id", "Num")
Joining, by = c("Id", "Num")
Joining, by = c("Id", "Num")
Joining, by = c("Id", "Num")
Joining, by = c("Id", "Num")
Joining, by = c("Id", "Num")
Joining, by = c("Id", "Num")
Joining, by = c("Id", "Num")
Joining, by = c("Id", "Num")
Joining, by = c("Id", "Num")
Joining, by = c("Id", "Num")
Joining, by = c("Id", "Num")
Joining, by = c("Id", "Num")
Joining, by = c("Id", "Num")
Joining, by = c("Id", "Num")
Joining, by = c("Id", "Num")
Joining, by = c("Id", "Num")
Joining, by = c("Id", "Num")
Joining, by = c("Id", "Num")
Joining, by = c("Id", "Num")
Joining, by = c("Id", "Num")
Joining, by = c("Id", "Num")
Joining, by = c("Id", "Num")
Joining, by = c("Id", "Num")
Joining, by = c("Id", "Num")
Joining, by = c("Id", "Num")
Joining, by = c("Id", "Num")
Joining, by = c("Id", "Num")
Joining, by = c("Id", "Num")
Joining, by = c("Id", "Num")
Joining, by = c("Id", "Num")
Joining, by = c("Id", "Num")
Joining, by = c("Id", "Num")
Joining, by = c("Id", "Num")
Joining, by = c("Id", "Num")
Joining, by = c("Id", "Num")
Joining, by = c("Id", "Num")
Joining, by = c("Id", "Num")
Joining, by = c("Id", "Num")
Joining, by = c("Id", "Num")
Joining, by = c("Id", "Num")
Joining, by = c("Id", "Num")
Joining, by = c("Id", "Num")
Joining, by = c("Id", "Num")
Adding missing grouping variables: `Id`
Joining, by = "Num"
Joining, by = c("Id", "Num")
Joining, by = "Id"
Joining, by = c("Id", "Num")
Joining, by = "Id"
Joining, by = c("Id", "Num")
Joining, by = c("Id", "Num")
Joining, by = c("Id", "Num")
Joining, by = "Num"
Joining, by = c("Id", "Num")
Joining, by = c("Id", "Num")
Joining, by = c("Id", "Num")
Joining, by = c("Id", "Num")
Joining, by = c("Id", "Num")
Joining, by = c("Id", "Num")
Joining, by = c("Id", "Num")
Joining, by = c("Id", "Num")
Joining, by = c("Id", "Num")
Joining, by = "Num"
Joining, by = c("Id", "Num")
Joining, by = c("Id", "Num")
Joining, by = c("Id", "Num")
Joining, by = c("Id", "Num")
Joining, by = c("Id", "Num")
Joining, by = "Num"
Joining, by = "Num"
Joining, by = c("Id", "Num")
Joining, by = c("Id", "Num")
Joining, by = c("Id", "Num")
Joining, by = c("Id", "Num")
Joining, by = c("Id", "Num")
Joining, by = c("Id", "Num")
Joining, by = c("Id", "Num")
Joining, by = c("Id", "Num")
Joining, by = c("Id", "Num")
Joining, by = c("Id", "Num")
Joining, by = c("Id", "Num")
Joining, by = c("Id", "Num")
Joining, by = c("Num", "Id")
Joining, by = c("Id", "Num")
Joining, by = c("Num", "Id")
Joining, by = c("Id", "Num")
Joining, by = c("Id", "Num")
Joining, by = c("Id", "Num")
Joining, by = c("Id", "Num")
Joining, by = c("Id", "Num")
Joining, by = c("Id", "Num")
Joining, by = c("Id", "Num")
Joining, by = c("Num", "Id")
Joining, by = c("Id", "Num")
Joining, by = c("Num", "Id")
Joining, by = c("Id", "Num")
Joining, by = c("Id", "Num")
Joining, by = c("Id", "Num")
Joining, by = c("Id", "Num")
Joining, by = c("Id", "Num")
Joining, by = c("Id", "Num")
Joining, by = c("Id", "Num")
Joining, by = c("Id", "Num")
Joining, by = c("Id", "Num")
Joining, by = c("Id", "Num")
Joining, by = c("Id", "Num")
Joining, by = c("Id", "Num")
Joining, by = c("Num", "Id")
Joining, by = c("Id", "Num")
Joining, by = c("Num", "Id")
Joining, by = c("Id", "Num")
Joining, by = c("Id", "Num")
Joining, by = c("Num", "Id")
Joining, by = c("Id", "Num")
Joining, by = c("Num", "Id")
Joining, by = c("Id", "Num")
Adding missing grouping variables: `Num`
Joining, by = "Id"
