[     1.577][MainProcess][INFO] Parsing specification...
[     1.581][MainProcess][DEBUG] Reading input files...
[     1.588][MainProcess][INFO] Inferred data types for table tests-examples/leetcode/tables/182.csv: ['int64', 'string']
[     1.593][MainProcess][INFO] Inferred data types for table tests-examples/leetcode/tables/182_o.csv: ['string']
[     1.620][MainProcess][DEBUG] Generating DSL...
[     1.637][MainProcess][INFO] Creating 16 processes
[     1.697][cube-solver-0][DEBUG] Initialising process for 2 lines of code.
[     1.697][cube-solver-2][DEBUG] Initialising process for 2 lines of code.
[     1.698][MainProcess][DEBUG] Increasing generator loc to 3
[     1.698][cube-solver-3][DEBUG] Initialising process for 2 lines of code.
[     1.697][cube-solver-1][DEBUG] Initialising process for 2 lines of code.
[     1.698][cube-solver-4][DEBUG] Initialising process for 3 lines of code.
[     1.699][cube-solver-5][DEBUG] Initialising process for 3 lines of code.
[     1.699][cube-solver-6][DEBUG] Initialising process for 3 lines of code.
[     1.699][cube-solver-7][DEBUG] Initialising process for 3 lines of code.
[     1.701][cube-solver-8][DEBUG] Initialising process for 3 lines of code.
[     1.706][cube-solver-9][DEBUG] Initialising process for 3 lines of code.
[     1.708][cube-solver-10][DEBUG] Initialising process for 3 lines of code.
[     1.723][cube-solver-12][DEBUG] Initialising process for 3 lines of code.
[     1.723][cube-solver-11][DEBUG] Initialising process for 3 lines of code.
[     1.725][cube-solver-14][DEBUG] Initialising process for 3 lines of code.
[     1.728][cube-solver-15][DEBUG] Initialising process for 3 lines of code.
[     1.729][cube-solver-13][DEBUG] Initialising process for 3 lines of code.
[     1.865][cube-solver-3][DEBUG] Solving cube (l0 = mutate(), l1 = filter())
[     1.868][cube-solver-2][DEBUG] Solving cube (l0 = filter(), l1 = mutate())
[     1.870][cube-solver-2][DEBUG] Initialising process for 3 lines of code.
[     1.992][cube-solver-8][DEBUG] Solving cube (l0 = natural_join3(), l1 = summarise(), l2 = filter())
[     1.994][cube-solver-0][DEBUG] Solving cube (l0 = summarise(), l1 = filter())
[     1.994][cube-solver-1][DEBUG] Solving cube (l0 = filter(), l1 = summarise())
[     1.995][cube-solver-8][DEBUG] Solving cube (l0 = summarise(), l1 = natural_join3(), l2 = filter())
[     1.996][cube-solver-1][DEBUG] Initialising process for 3 lines of code.
[     1.997][cube-solver-8][DEBUG] Solving cube (l0 = summarise(), l1 = summarise(), l2 = filter())
[     1.998][cube-solver-10][DEBUG] Solving cube (l0 = natural_join3(), l1 = filter(), l2 = mutate())
[     1.999][cube-solver-8][DEBUG] Solving cube (l0 = summarise(), l1 = filter(), l2 = natural_join())
[     2.001][cube-solver-10][DEBUG] Solving cube (l0 = summarise(), l1 = filter(), l2 = natural_join3())
[     2.012][cube-solver-5][DEBUG] Solving cube (l0 = natural_join(), l1 = filter(), l2 = summarise())
[     2.013][cube-solver-14][DEBUG] Solving cube (l0 = natural_join4(), l1 = filter(), l2 = mutate())
[     2.014][cube-solver-5][DEBUG] Solving cube (l0 = summarise(), l1 = filter(), l2 = natural_join4())
[     2.016][cube-solver-5][DEBUG] Solving cube (l0 = summarise(), l1 = filter(), l2 = summarise())
[     2.016][cube-solver-14][DEBUG] Solving cube (l0 = summarise(), l1 = filter(), l2 = filter())
[     2.025][cube-solver-15][DEBUG] Solving cube (l0 = natural_join4(), l1 = mutate(), l2 = filter([1]))
[     2.025][cube-solver-9][DEBUG] Solving cube (l0 = natural_join3(), l1 = filter([1]), l2 = summarise())
[     2.030][cube-solver-9][DEBUG] Solving cube (l0 = summarise(), l1 = filter([1]), l2 = left_join())
[     2.030][cube-solver-15][DEBUG] Solving cube (l0 = summarise(), l1 = filter([1]), l2 = anti_join())
[     2.186][cube-solver-3][DEBUG] Initialising process for 3 lines of code.
[     2.206][cube-solver-7][DEBUG] Solving cube (l0 = natural_join(), l1 = mutate(), l2 = filter([2]))
[     2.211][cube-solver-7][DEBUG] Solving cube (l0 = summarise(), l1 = filter([2]), l2 = intersect())
[     2.235][cube-solver-11][DEBUG] Solving cube (l0 = natural_join3(), l1 = mutate(), l2 = filter([2]))
[     2.240][cube-solver-11][DEBUG] Solving cube (l0 = summarise(), l1 = filter([2]), l2 = semi_join())
[     2.258][cube-solver-0][DEBUG] Found solution with cube (l0 = summarise(), l1 = filter())
[     2.260][MainProcess][INFO] Statistics:
[     2.260][MainProcess][INFO] 	Generated cubes: 30
[     2.260][MainProcess][INFO] 	Attempted programs: 9
[     2.260][MainProcess][INFO] 		Rejected: 8
[     2.260][MainProcess][INFO] 		Failed: 0
[     2.260][MainProcess][INFO] 	Blacklist clauses: 2
[     2.261][MainProcess][DEBUG] Priting statistics for good programs of size 2
[     2.261][MainProcess][DEBUG] 	0: Counter({'mutate': 30, 'summarise': 17})
[     2.261][MainProcess][DEBUG] 	1: Counter({'filter': 47})
[     2.261][MainProcess][DEBUG] Priting statistics for good programs of size 3
[     2.261][MainProcess][DEBUG] 	0: Counter({'summarise': 68})
[     2.262][MainProcess][DEBUG] 	1: Counter({'filter': 68})
[     2.262][MainProcess][DEBUG] 	2: Counter({'natural_join': 14, 'filter': 14, 'summarise': 12, 'natural_join3': 12, 'left_join': 12, 'anti_join': 4})
[     2.262][MainProcess][INFO] Solution found: filter(summarise(@param0, n = n(), Email), n > 1)
[     2.485][cube-solver-8][DEBUG] Found solution with cube (l0 = summarise(), l1 = filter(), l2 = natural_join())

------------------------------------- R Solution ---------------------------------------

con <- DBI::dbConnect(RSQLite::SQLite(), ":memory:")
input1 <- read_csv("tests-examples/leetcode/tables/182.csv", col_types = cols(Id = col_integer(),Email = col_character()))
input1 <- copy_to(con, input1)
expected_output <- read_csv("tests-examples/leetcode/tables/182_o.csv", col_types = cols(Email = col_character()))

df2 <- input1 %>% group_by(Email) %>% summarise(n = n()) %>% ungroup()
df3 <- df2 %>% filter(n > 1)
out <- df3 %>% select(Email) %>% arrange(Email)


+++++++++++++++++++++++++++++++++++++ SQL Solution +++++++++++++++++++++++++++++++++++++

SELECT Email
FROM
  (SELECT Email,
          COUNT() AS n
   FROM input1
   GROUP BY Email)
WHERE (n > 1.0)
ORDER BY Email
