[     1.644][MainProcess][INFO] Parsing specification...
[     1.656][MainProcess][WARNING] "const" field is deprecated. Please use "constants"
[     1.657][MainProcess][DEBUG] Reading input files...
[     1.672][MainProcess][INFO] Inferred data types for table tests-examples/leetcode/tables/262_1.csv: ['int64', 'int64', 'int64', 'int64', 'string', 'datetime64[ns]']
[     1.678][MainProcess][INFO] Inferred data types for table tests-examples/leetcode/tables/262_2.csv: ['int64', 'string', 'string']
[     1.684][MainProcess][INFO] Inferred data types for table tests-examples/leetcode/tables/262_o.csv: ['datetime64[ns]', 'float64']
[     1.725][MainProcess][DEBUG] Generating DSL...
[     1.756][MainProcess][INFO] Creating 16 processes
[     1.820][MainProcess][DEBUG] Increasing generator loc to 2
[     1.822][MainProcess][DEBUG] Increasing generator loc to 3
[     1.826][MainProcess][DEBUG] Increasing generator loc to 4
[     1.872][MainProcess][DEBUG] Increasing generator loc to 5
[     2.122][MainProcess][DEBUG] Increasing generator loc to 6
[     4.105][MainProcess][DEBUG] Increasing generator loc to 7
[    24.305][MainProcess][DEBUG] Increasing generator loc to 8
[   231.221][cube-solver-0][DEBUG] Initialising process for 8 lines of code.
Traceback (most recent call last):
  File "./cubes.py", line 95, in <module>
    main()
  File "./cubes.py", line 87, in main
    program = synthesizer.synthesize()
  File "/home/rmbb/CUBES/squares/parallel_synthesizer.py", line 248, in synthesize
    cube = next(generator)
  File "/home/rmbb/CUBES/squares/dsl/dc.py", line 131, in __next__
    while not self.line_stack[-1]:
IndexError: list index out of range
