[     1.597][MainProcess][INFO] Parsing specification...
[     1.600][MainProcess][WARNING] "attrs" field is deprecated. Please use "columns"
[     1.600][MainProcess][WARNING] "aggrs" field is deprecated. Please use "functions"
[     1.601][MainProcess][DEBUG] Reading input files...
[     1.610][MainProcess][INFO] Inferred data types for table tests-examples/scythe/top_rated_posts/tables/i012.csv: ['int64', 'int64', 'string', 'datetime64[ns]']
[     1.617][MainProcess][INFO] Inferred data types for table tests-examples/scythe/top_rated_posts/tables/o012.csv: ['int64', 'string', 'datetime64[ns]']
[     1.651][MainProcess][DEBUG] Generating DSL...
[     1.670][MainProcess][INFO] Creating 16 processes
[     1.747][MainProcess][DEBUG] Increasing generator loc to 2
[     1.747][cube-solver-0][DEBUG] Initialising process for 1 lines of code.
[     1.747][cube-solver-1][DEBUG] Initialising process for 1 lines of code.
[     1.748][cube-solver-2][DEBUG] Initialising process for 2 lines of code.
[     1.748][cube-solver-5][DEBUG] Initialising process for 2 lines of code.
[     1.748][cube-solver-3][DEBUG] Initialising process for 2 lines of code.
[     1.748][cube-solver-6][DEBUG] Initialising process for 2 lines of code.
[     1.748][cube-solver-4][DEBUG] Initialising process for 2 lines of code.
[     1.750][cube-solver-7][DEBUG] Initialising process for 2 lines of code.
[     1.751][cube-solver-8][DEBUG] Initialising process for 2 lines of code.
[     1.762][cube-solver-9][DEBUG] Initialising process for 2 lines of code.
[     1.762][cube-solver-10][DEBUG] Initialising process for 2 lines of code.
[     1.769][cube-solver-11][DEBUG] Initialising process for 2 lines of code.
[     1.778][cube-solver-13][DEBUG] Initialising process for 2 lines of code.
[     1.785][cube-solver-12][DEBUG] Initialising process for 2 lines of code.
[     1.788][cube-solver-15][DEBUG] Initialising process for 2 lines of code.
[     1.803][cube-solver-14][DEBUG] Initialising process for 2 lines of code.
[     1.900][cube-solver-1][DEBUG] Solving cube (l0 = mutate(),)
[     1.917][cube-solver-0][DEBUG] Solving cube (l0 = summarise(),)
[     1.980][cube-solver-8][DEBUG] Solving cube (l0 = summarise(), l1 = natural_join())
[     1.990][cube-solver-10][DEBUG] Solving cube (l0 = summarise(), l1 = natural_join4())
[     1.993][cube-solver-10][DEBUG] Solving cube (l0 = summarise(), l1 = intersect())
[     2.004][cube-solver-9][DEBUG] Solving cube (l0 = summarise(), l1 = natural_join3())
[     2.005][cube-solver-13][DEBUG] Solving cube (l0 = summarise(), l1 = anti_join())
[     2.008][cube-solver-9][DEBUG] Solving cube (l0 = summarise(), l1 = semi_join())
[     2.016][cube-solver-11][DEBUG] Solving cube (l0 = summarise(), l1 = summarise())
[     2.018][cube-solver-15][DEBUG] Solving cube (l0 = summarise(), l1 = union())
[     2.019][cube-solver-11][DEBUG] Solving cube (l0 = summarise(), l1 = cross_join())
[     2.023][cube-solver-6][DEBUG] Solving cube (l0 = natural_join4(), l1 = summarise())
[     2.025][cube-solver-6][DEBUG] Solving cube (l0 = summarise(), l1 = mutate())
[     2.041][cube-solver-7][DEBUG] Solving cube (l0 = natural_join4(), l1 = mutate())
[     2.044][cube-solver-7][DEBUG] Solving cube (l0 = summarise(), l1 = inner_join())
[     2.076][cube-solver-12][DEBUG] Solving cube (l0 = summarise(), l1 = filter())
[     2.097][cube-solver-14][DEBUG] Solving cube (l0 = summarise(), l1 = left_join())
[     2.164][cube-solver-2][DEBUG] Solving cube (l0 = natural_join(), l1 = summarise())
[     2.168][cube-solver-2][DEBUG] Solving cube (l0 = filter(), l1 = summarise())
[     2.171][cube-solver-2][DEBUG] Solving cube (l0 = filter(), l1 = mutate())
[     2.172][cube-solver-3][DEBUG] Solving cube (l0 = natural_join(), l1 = mutate())
[     2.172][cube-solver-4][DEBUG] Solving cube (l0 = natural_join3(), l1 = summarise())
[     2.173][cube-solver-5][DEBUG] Solving cube (l0 = natural_join3(), l1 = mutate())
[     2.174][cube-solver-2][DEBUG] Solving cube (l0 = anti_join(), l1 = summarise())
[     2.175][cube-solver-5][DEBUG] Solving cube (l0 = left_join(), l1 = summarise())
[     2.175][cube-solver-3][DEBUG] Solving cube (l0 = anti_join(), l1 = mutate())
[     2.176][cube-solver-2][DEBUG] Solving cube (l0 = left_join(), l1 = mutate())
[     2.177][cube-solver-4][DEBUG] Solving cube (l0 = union(), l1 = summarise())
[     2.178][cube-solver-3][DEBUG] Solving cube (l0 = union(), l1 = mutate())
[     2.480][cube-solver-11][DEBUG] Solving cube (l0 = intersect(), l1 = summarise())
[     2.486][cube-solver-6][DEBUG] Solving cube (l0 = intersect(), l1 = mutate())
[     2.574][cube-solver-6][DEBUG] Solving cube (l0 = semi_join(), l1 = summarise())
[     2.741][cube-solver-0][DEBUG] Initialising process for 2 lines of code.
[     2.924][cube-solver-5][DEBUG] Solving cube (l0 = cross_join(), l1 = summarise())
[     2.977][cube-solver-1][DEBUG] Initialising process for 2 lines of code.
[     3.000][cube-solver-4][DEBUG] Solving cube (l0 = mutate(), l1 = natural_join())
[     3.013][cube-solver-5][DEBUG] Solving cube (l0 = mutate(), l1 = natural_join3())
[     3.015][cube-solver-5][DEBUG] Solving cube (l0 = mutate(), l1 = natural_join4())
[     3.016][cube-solver-5][DEBUG] Solving cube (l0 = mutate(), l1 = summarise())
[     3.151][cube-solver-0][DEBUG] Solving cube (l0 = semi_join(), l1 = mutate())
[     3.160][cube-solver-2][DEBUG] Solving cube (l0 = mutate(), l1 = filter())
[     3.183][cube-solver-11][DEBUG] Solving cube (l0 = mutate(), l1 = anti_join())
[     3.282][cube-solver-3][DEBUG] Solving cube (l0 = mutate(), l1 = left_join())
[     3.309][cube-solver-1][DEBUG] Solving cube (l0 = cross_join([1]), l1 = mutate())
[     3.312][cube-solver-1][DEBUG] Solving cube (l0 = mutate(), l1 = union())
[     3.361][cube-solver-6][DEBUG] Solving cube (l0 = mutate(), l1 = intersect())
[     3.689][cube-solver-6][DEBUG] Solving cube (l0 = mutate(), l1 = semi_join())
[     3.702][cube-solver-5][DEBUG] Solving cube (l0 = mutate(), l1 = cross_join([1]))
[     3.756][cube-solver-5][DEBUG] Solving cube (l0 = mutate(), l1 = mutate())
[     4.161][cube-solver-12][DEBUG] Solving cube (l0 = mutate(), l1 = inner_join())
[     4.317][cube-solver-0][DEBUG] Solving cube (l0 = inner_join(), l1 = summarise())
[     4.641][cube-solver-10][DEBUG] Solving cube (l0 = inner_join(), l1 = mutate())
[     4.805][MainProcess][DEBUG] Increasing generator loc to 3
[     4.806][cube-solver-5][DEBUG] Initialising process for 3 lines of code.
[     4.862][cube-solver-4][DEBUG] Initialising process for 3 lines of code.
[     5.270][cube-solver-5][DEBUG] Solving cube (l0 = natural_join(), l1 = summarise(), l2 = natural_join())
[     5.273][cube-solver-5][DEBUG] Solving cube (l0 = natural_join(), l1 = summarise(), l2 = natural_join4())
[     5.274][cube-solver-5][DEBUG] Solving cube (l0 = natural_join(), l1 = summarise(), l2 = summarise())
[     5.276][cube-solver-5][DEBUG] Solving cube (l0 = natural_join(), l1 = summarise(), l2 = filter())
[     5.278][cube-solver-5][DEBUG] Solving cube (l0 = natural_join(), l1 = summarise(), l2 = anti_join())
[     5.279][cube-solver-5][DEBUG] Solving cube (l0 = natural_join(), l1 = summarise(), l2 = left_join())
[     5.280][cube-solver-5][DEBUG] Solving cube (l0 = natural_join(), l1 = summarise(), l2 = union())
[     5.282][cube-solver-5][DEBUG] Solving cube (l0 = natural_join(), l1 = summarise(), l2 = intersect())
[     5.283][cube-solver-5][DEBUG] Solving cube (l0 = natural_join(), l1 = summarise(), l2 = semi_join())
[     5.285][cube-solver-5][DEBUG] Solving cube (l0 = natural_join(), l1 = summarise(), l2 = cross_join([1]))
[     5.286][cube-solver-5][DEBUG] Solving cube (l0 = natural_join(), l1 = summarise(), l2 = mutate())
[     5.288][cube-solver-5][DEBUG] Solving cube (l0 = natural_join(), l1 = summarise(), l2 = inner_join())
[     5.289][cube-solver-5][DEBUG] Solving cube (l0 = natural_join(), l1 = filter(), l2 = summarise())
[     5.291][cube-solver-5][DEBUG] Solving cube (l0 = natural_join(), l1 = filter(), l2 = mutate())
[     5.292][cube-solver-5][DEBUG] Solving cube (l0 = natural_join(), l1 = anti_join(), l2 = summarise())
[     5.294][cube-solver-5][DEBUG] Solving cube (l0 = natural_join(), l1 = anti_join(), l2 = mutate())
[     5.295][cube-solver-5][DEBUG] Solving cube (l0 = natural_join(), l1 = left_join(), l2 = summarise())
[     5.296][cube-solver-5][DEBUG] Solving cube (l0 = natural_join(), l1 = left_join(), l2 = mutate())
[     5.298][cube-solver-5][DEBUG] Solving cube (l0 = natural_join(), l1 = union(), l2 = summarise())
[     5.299][cube-solver-5][DEBUG] Solving cube (l0 = natural_join(), l1 = union(), l2 = mutate())
[     5.301][cube-solver-5][DEBUG] Solving cube (l0 = natural_join(), l1 = intersect(), l2 = summarise())
[     5.302][cube-solver-5][DEBUG] Solving cube (l0 = natural_join(), l1 = intersect(), l2 = mutate())
[     5.303][cube-solver-5][DEBUG] Solving cube (l0 = natural_join(), l1 = semi_join(), l2 = summarise())
[     5.305][cube-solver-5][DEBUG] Solving cube (l0 = natural_join(), l1 = semi_join(), l2 = mutate())
[     5.306][cube-solver-4][DEBUG] Solving cube (l0 = natural_join(), l1 = summarise(), l2 = natural_join3())
[     5.306][cube-solver-5][DEBUG] Solving cube (l0 = natural_join(), l1 = cross_join([1]), l2 = summarise())
[     5.308][cube-solver-5][DEBUG] Solving cube (l0 = natural_join(), l1 = cross_join([1]), l2 = mutate())
[     5.309][cube-solver-5][DEBUG] Solving cube (l0 = natural_join(), l1 = mutate(), l2 = natural_join3())
[     5.310][cube-solver-4][DEBUG] Solving cube (l0 = natural_join(), l1 = mutate(), l2 = natural_join())
[     5.311][cube-solver-5][DEBUG] Solving cube (l0 = natural_join(), l1 = mutate(), l2 = natural_join4())
[     5.312][cube-solver-4][DEBUG] Solving cube (l0 = natural_join(), l1 = mutate(), l2 = summarise())
[     5.312][cube-solver-5][DEBUG] Solving cube (l0 = natural_join(), l1 = mutate(), l2 = filter())
[     5.314][cube-solver-5][DEBUG] Solving cube (l0 = natural_join(), l1 = mutate(), l2 = anti_join())
[     5.314][cube-solver-4][DEBUG] Solving cube (l0 = natural_join(), l1 = mutate(), l2 = left_join())
[     5.315][cube-solver-5][DEBUG] Solving cube (l0 = natural_join(), l1 = mutate(), l2 = union())
[     5.315][cube-solver-4][DEBUG] Solving cube (l0 = natural_join(), l1 = mutate(), l2 = intersect())
[     5.316][cube-solver-5][DEBUG] Solving cube (l0 = natural_join(), l1 = mutate(), l2 = semi_join())
[     5.317][cube-solver-4][DEBUG] Solving cube (l0 = natural_join(), l1 = mutate(), l2 = cross_join([1]))
[     5.318][cube-solver-5][DEBUG] Solving cube (l0 = natural_join(), l1 = mutate(), l2 = mutate())
[     5.319][cube-solver-4][DEBUG] Solving cube (l0 = natural_join(), l1 = mutate(), l2 = inner_join())
[     5.319][cube-solver-5][DEBUG] Solving cube (l0 = natural_join(), l1 = inner_join(), l2 = summarise())
[     5.320][cube-solver-4][DEBUG] Solving cube (l0 = natural_join(), l1 = inner_join(), l2 = mutate())
[     5.321][cube-solver-5][DEBUG] Solving cube (l0 = natural_join(), l1 = natural_join(), l2 = summarise())
[     5.321][cube-solver-4][DEBUG] Solving cube (l0 = natural_join(), l1 = natural_join(), l2 = mutate())
[     5.322][cube-solver-5][DEBUG] Solving cube (l0 = natural_join(), l1 = natural_join3(), l2 = summarise())
[     5.323][cube-solver-4][DEBUG] Solving cube (l0 = natural_join(), l1 = natural_join3(), l2 = mutate())
[     5.324][cube-solver-5][DEBUG] Solving cube (l0 = natural_join(), l1 = natural_join4(), l2 = summarise())
[     5.324][cube-solver-4][DEBUG] Solving cube (l0 = natural_join(), l1 = natural_join4(), l2 = mutate())
[     5.325][cube-solver-5][DEBUG] Solving cube (l0 = natural_join3(), l1 = summarise(), l2 = natural_join())
[     5.326][cube-solver-4][DEBUG] Solving cube (l0 = natural_join3(), l1 = summarise(), l2 = natural_join3())
[     5.326][cube-solver-5][DEBUG] Solving cube (l0 = natural_join3(), l1 = summarise(), l2 = natural_join4())
[     5.327][cube-solver-4][DEBUG] Solving cube (l0 = natural_join3(), l1 = summarise(), l2 = summarise())
[     5.328][cube-solver-5][DEBUG] Solving cube (l0 = natural_join3(), l1 = summarise(), l2 = filter())
[     5.328][cube-solver-4][DEBUG] Solving cube (l0 = natural_join3(), l1 = summarise(), l2 = anti_join())
[     5.329][cube-solver-5][DEBUG] Solving cube (l0 = natural_join3(), l1 = summarise(), l2 = left_join())
[     5.330][cube-solver-4][DEBUG] Solving cube (l0 = natural_join3(), l1 = summarise(), l2 = union())
[     5.331][cube-solver-5][DEBUG] Solving cube (l0 = natural_join3(), l1 = summarise(), l2 = intersect())
[     5.331][cube-solver-4][DEBUG] Solving cube (l0 = natural_join3(), l1 = summarise(), l2 = semi_join())
[     5.332][cube-solver-5][DEBUG] Solving cube (l0 = natural_join3(), l1 = summarise(), l2 = cross_join([1]))
[     5.333][cube-solver-4][DEBUG] Solving cube (l0 = natural_join3(), l1 = summarise(), l2 = mutate())
[     5.334][cube-solver-5][DEBUG] Solving cube (l0 = natural_join3(), l1 = summarise(), l2 = inner_join())
[     5.334][cube-solver-4][DEBUG] Solving cube (l0 = natural_join3(), l1 = filter(), l2 = summarise())
[     5.335][cube-solver-5][DEBUG] Solving cube (l0 = natural_join3(), l1 = filter(), l2 = mutate())
[     5.335][cube-solver-4][DEBUG] Solving cube (l0 = natural_join3(), l1 = anti_join(), l2 = summarise())
[     5.337][cube-solver-5][DEBUG] Solving cube (l0 = natural_join3(), l1 = anti_join(), l2 = mutate())
[     5.337][cube-solver-4][DEBUG] Solving cube (l0 = natural_join3(), l1 = left_join(), l2 = summarise())
[     5.338][cube-solver-5][DEBUG] Solving cube (l0 = natural_join3(), l1 = left_join(), l2 = mutate())
[     5.338][cube-solver-4][DEBUG] Solving cube (l0 = natural_join3(), l1 = union(), l2 = summarise())
[     5.339][cube-solver-5][DEBUG] Solving cube (l0 = natural_join3(), l1 = union(), l2 = mutate())
[     5.340][cube-solver-4][DEBUG] Solving cube (l0 = natural_join3(), l1 = intersect(), l2 = summarise())
[     5.341][cube-solver-5][DEBUG] Solving cube (l0 = natural_join3(), l1 = intersect(), l2 = mutate())
[     5.341][cube-solver-4][DEBUG] Solving cube (l0 = natural_join3(), l1 = semi_join(), l2 = summarise())
[     5.342][cube-solver-5][DEBUG] Solving cube (l0 = natural_join3(), l1 = semi_join(), l2 = mutate())
[     5.342][cube-solver-4][DEBUG] Solving cube (l0 = natural_join3(), l1 = cross_join([1]), l2 = summarise())
[     5.344][cube-solver-5][DEBUG] Solving cube (l0 = natural_join3(), l1 = cross_join([1]), l2 = mutate())
[     5.344][cube-solver-4][DEBUG] Solving cube (l0 = natural_join3(), l1 = mutate(), l2 = natural_join())
[     5.345][cube-solver-5][DEBUG] Solving cube (l0 = natural_join3(), l1 = mutate(), l2 = natural_join3())
[     5.346][cube-solver-4][DEBUG] Solving cube (l0 = natural_join3(), l1 = mutate(), l2 = natural_join4())
[     5.347][cube-solver-5][DEBUG] Solving cube (l0 = natural_join3(), l1 = mutate(), l2 = summarise())
[     5.347][cube-solver-4][DEBUG] Solving cube (l0 = natural_join3(), l1 = mutate(), l2 = filter())
[     5.348][cube-solver-5][DEBUG] Solving cube (l0 = natural_join3(), l1 = mutate(), l2 = anti_join())
[     5.348][cube-solver-4][DEBUG] Solving cube (l0 = natural_join3(), l1 = mutate(), l2 = left_join())
[     5.350][cube-solver-5][DEBUG] Solving cube (l0 = natural_join3(), l1 = mutate(), l2 = union())
[     5.350][cube-solver-4][DEBUG] Solving cube (l0 = natural_join3(), l1 = mutate(), l2 = intersect())
[     5.351][cube-solver-5][DEBUG] Solving cube (l0 = natural_join3(), l1 = mutate(), l2 = semi_join())
[     5.351][cube-solver-4][DEBUG] Solving cube (l0 = natural_join3(), l1 = mutate(), l2 = cross_join([1]))
[     5.353][cube-solver-5][DEBUG] Solving cube (l0 = natural_join3(), l1 = mutate(), l2 = mutate())
[     5.353][cube-solver-4][DEBUG] Solving cube (l0 = natural_join3(), l1 = mutate(), l2 = inner_join())
[     5.354][cube-solver-5][DEBUG] Solving cube (l0 = natural_join3(), l1 = inner_join(), l2 = summarise())
[     5.354][cube-solver-4][DEBUG] Solving cube (l0 = natural_join3(), l1 = inner_join(), l2 = mutate())
[     5.355][cube-solver-5][DEBUG] Solving cube (l0 = natural_join3(), l1 = natural_join(), l2 = summarise())
[     5.356][cube-solver-4][DEBUG] Solving cube (l0 = natural_join3(), l1 = natural_join(), l2 = mutate())
[     5.357][cube-solver-5][DEBUG] Solving cube (l0 = natural_join3(), l1 = natural_join3(), l2 = summarise())
[     5.357][cube-solver-4][DEBUG] Solving cube (l0 = natural_join3(), l1 = natural_join3(), l2 = mutate())
[     5.358][cube-solver-5][DEBUG] Solving cube (l0 = natural_join3(), l1 = natural_join4(), l2 = summarise())
[     5.358][cube-solver-4][DEBUG] Solving cube (l0 = natural_join3(), l1 = natural_join4(), l2 = mutate())
[     5.360][cube-solver-5][DEBUG] Solving cube (l0 = natural_join4(), l1 = summarise(), l2 = natural_join())
[     5.360][cube-solver-4][DEBUG] Solving cube (l0 = natural_join4(), l1 = summarise(), l2 = natural_join3())
[     5.361][cube-solver-5][DEBUG] Solving cube (l0 = natural_join4(), l1 = summarise(), l2 = natural_join4())
[     5.361][cube-solver-4][DEBUG] Solving cube (l0 = natural_join4(), l1 = summarise(), l2 = summarise())
[     5.362][cube-solver-5][DEBUG] Solving cube (l0 = natural_join4(), l1 = summarise(), l2 = filter())
[     5.363][cube-solver-4][DEBUG] Solving cube (l0 = natural_join4(), l1 = summarise(), l2 = anti_join())
[     5.364][cube-solver-5][DEBUG] Solving cube (l0 = natural_join4(), l1 = summarise(), l2 = left_join())
[     5.364][cube-solver-4][DEBUG] Solving cube (l0 = natural_join4(), l1 = summarise(), l2 = union())
[     5.365][cube-solver-5][DEBUG] Solving cube (l0 = natural_join4(), l1 = summarise(), l2 = intersect())
[     5.365][cube-solver-4][DEBUG] Solving cube (l0 = natural_join4(), l1 = summarise(), l2 = semi_join())
[     5.367][cube-solver-5][DEBUG] Solving cube (l0 = natural_join4(), l1 = summarise(), l2 = cross_join([1]))
[     5.367][cube-solver-4][DEBUG] Solving cube (l0 = natural_join4(), l1 = summarise(), l2 = mutate())
[     5.368][cube-solver-4][DEBUG] Solving cube (l0 = natural_join4(), l1 = summarise(), l2 = inner_join())
[     5.368][cube-solver-5][DEBUG] Solving cube (l0 = natural_join4(), l1 = filter(), l2 = summarise())
[     5.370][cube-solver-4][DEBUG] Solving cube (l0 = natural_join4(), l1 = filter(), l2 = mutate())
[     5.370][cube-solver-5][DEBUG] Solving cube (l0 = natural_join4(), l1 = anti_join(), l2 = summarise())
[     5.371][cube-solver-4][DEBUG] Solving cube (l0 = natural_join4(), l1 = anti_join(), l2 = mutate())
[     5.371][cube-solver-5][DEBUG] Solving cube (l0 = natural_join4(), l1 = left_join(), l2 = summarise())
[     5.372][cube-solver-4][DEBUG] Solving cube (l0 = natural_join4(), l1 = left_join(), l2 = mutate())
[     5.373][cube-solver-5][DEBUG] Solving cube (l0 = natural_join4(), l1 = union(), l2 = summarise())
[     5.374][cube-solver-4][DEBUG] Solving cube (l0 = natural_join4(), l1 = union(), l2 = mutate())
[     5.374][cube-solver-5][DEBUG] Solving cube (l0 = natural_join4(), l1 = intersect(), l2 = summarise())
[     5.375][cube-solver-4][DEBUG] Solving cube (l0 = natural_join4(), l1 = intersect(), l2 = mutate())
[     5.375][cube-solver-5][DEBUG] Solving cube (l0 = natural_join4(), l1 = semi_join(), l2 = summarise())
[     5.376][cube-solver-4][DEBUG] Solving cube (l0 = natural_join4(), l1 = semi_join(), l2 = mutate())
[     5.377][cube-solver-5][DEBUG] Solving cube (l0 = natural_join4(), l1 = cross_join([1]), l2 = summarise())
[     5.378][cube-solver-4][DEBUG] Solving cube (l0 = natural_join4(), l1 = cross_join([1]), l2 = mutate())
[     5.379][cube-solver-5][DEBUG] Solving cube (l0 = natural_join4(), l1 = mutate(), l2 = natural_join())
[     5.380][cube-solver-4][DEBUG] Solving cube (l0 = natural_join4(), l1 = mutate(), l2 = natural_join3())
[     5.380][cube-solver-5][DEBUG] Solving cube (l0 = natural_join4(), l1 = mutate(), l2 = natural_join4())
[     5.381][cube-solver-4][DEBUG] Solving cube (l0 = natural_join4(), l1 = mutate(), l2 = summarise())
[     5.381][cube-solver-5][DEBUG] Solving cube (l0 = natural_join4(), l1 = mutate(), l2 = filter())
[     5.382][cube-solver-4][DEBUG] Solving cube (l0 = natural_join4(), l1 = mutate(), l2 = anti_join())
[     5.383][cube-solver-5][DEBUG] Solving cube (l0 = natural_join4(), l1 = mutate(), l2 = left_join())
[     5.384][cube-solver-4][DEBUG] Solving cube (l0 = natural_join4(), l1 = mutate(), l2 = union())
[     5.384][cube-solver-5][DEBUG] Solving cube (l0 = natural_join4(), l1 = mutate(), l2 = intersect())
[     5.385][cube-solver-4][DEBUG] Solving cube (l0 = natural_join4(), l1 = mutate(), l2 = semi_join())
[     5.386][cube-solver-5][DEBUG] Solving cube (l0 = natural_join4(), l1 = mutate(), l2 = cross_join([1]))
[     5.386][cube-solver-4][DEBUG] Solving cube (l0 = natural_join4(), l1 = mutate(), l2 = mutate())
[     5.387][cube-solver-5][DEBUG] Solving cube (l0 = natural_join4(), l1 = mutate(), l2 = inner_join())
[     5.388][cube-solver-4][DEBUG] Solving cube (l0 = natural_join4(), l1 = inner_join(), l2 = summarise())
[     5.389][cube-solver-5][DEBUG] Solving cube (l0 = natural_join4(), l1 = inner_join(), l2 = mutate())
[     5.389][cube-solver-4][DEBUG] Solving cube (l0 = natural_join4(), l1 = natural_join(), l2 = summarise())
[     5.390][cube-solver-5][DEBUG] Solving cube (l0 = natural_join4(), l1 = natural_join(), l2 = mutate())
[     5.391][cube-solver-4][DEBUG] Solving cube (l0 = natural_join4(), l1 = natural_join3(), l2 = summarise())
[     5.392][cube-solver-5][DEBUG] Solving cube (l0 = natural_join4(), l1 = natural_join3(), l2 = mutate())
[     5.392][cube-solver-4][DEBUG] Solving cube (l0 = natural_join4(), l1 = natural_join4(), l2 = summarise())
[     5.393][cube-solver-5][DEBUG] Solving cube (l0 = natural_join4(), l1 = natural_join4(), l2 = mutate())
[     5.393][cube-solver-4][DEBUG] Solving cube (l0 = summarise(), l1 = natural_join(), l2 = summarise())
[     5.394][cube-solver-5][DEBUG] Solving cube (l0 = summarise(), l1 = natural_join(), l2 = filter())
[     6.136][cube-solver-6][DEBUG] Initialising process for 3 lines of code.
[     6.176][cube-solver-1][DEBUG] Initialising process for 3 lines of code.
[     6.302][cube-solver-3][DEBUG] Initialising process for 3 lines of code.
[     6.587][cube-solver-6][DEBUG] Solving cube (l0 = summarise(), l1 = natural_join(), l2 = anti_join())
[     6.592][cube-solver-6][DEBUG] Solving cube (l0 = summarise(), l1 = natural_join(), l2 = intersect())
[     6.620][cube-solver-1][DEBUG] Solving cube (l0 = summarise(), l1 = natural_join(), l2 = left_join())
[     6.722][cube-solver-3][DEBUG] Solving cube (l0 = summarise(), l1 = natural_join(), l2 = union())
[     7.372][cube-solver-9][DEBUG] Initialising process for 3 lines of code.
[     7.816][cube-solver-9][DEBUG] Solving cube (l0 = summarise(), l1 = natural_join(), l2 = semi_join())
[     7.908][cube-solver-2][DEBUG] Initialising process for 3 lines of code.
[     8.325][cube-solver-2][DEBUG] Solving cube (l0 = summarise(), l1 = natural_join(), l2 = cross_join([1]))
[    10.042][cube-solver-2][DEBUG] Solving cube (l0 = summarise(), l1 = natural_join(), l2 = mutate())
[    17.320][cube-solver-6][DEBUG] Solving cube (l0 = summarise(), l1 = natural_join(), l2 = inner_join())
[    18.271][cube-solver-0][DEBUG] Initialising process for 3 lines of code.
[    18.639][cube-solver-11][DEBUG] Initialising process for 3 lines of code.
[    18.715][cube-solver-0][DEBUG] Solving cube (l0 = summarise(), l1 = natural_join(), l2 = natural_join())
[    19.054][cube-solver-11][DEBUG] Solving cube (l0 = summarise(), l1 = natural_join(), l2 = natural_join3())
[    19.058][cube-solver-11][DEBUG] Solving cube (l0 = summarise(), l1 = natural_join(), l2 = natural_join4())
[    19.061][cube-solver-11][DEBUG] Solving cube (l0 = summarise(), l1 = natural_join3(), l2 = summarise())
[    19.065][cube-solver-11][DEBUG] Solving cube (l0 = summarise(), l1 = natural_join3(), l2 = filter())
[    19.067][cube-solver-11][DEBUG] Solving cube (l0 = summarise(), l1 = natural_join3(), l2 = anti_join())
[    19.070][cube-solver-11][DEBUG] Solving cube (l0 = summarise(), l1 = natural_join3(), l2 = left_join())
[    19.073][cube-solver-11][DEBUG] Solving cube (l0 = summarise(), l1 = natural_join3(), l2 = union())
[    19.076][cube-solver-11][DEBUG] Solving cube (l0 = summarise(), l1 = natural_join3(), l2 = intersect())
[    19.078][cube-solver-11][DEBUG] Solving cube (l0 = summarise(), l1 = natural_join3(), l2 = semi_join())
[    19.081][cube-solver-11][DEBUG] Solving cube (l0 = summarise(), l1 = natural_join3(), l2 = cross_join([1]))
[    19.085][cube-solver-11][DEBUG] Solving cube (l0 = summarise(), l1 = natural_join3(), l2 = mutate())
[    19.087][cube-solver-11][DEBUG] Solving cube (l0 = summarise(), l1 = natural_join3(), l2 = inner_join())
[    19.090][cube-solver-11][DEBUG] Solving cube (l0 = summarise(), l1 = natural_join3(), l2 = natural_join())
[    19.093][cube-solver-11][DEBUG] Solving cube (l0 = summarise(), l1 = natural_join3(), l2 = natural_join3())
[    19.095][cube-solver-11][DEBUG] Solving cube (l0 = summarise(), l1 = natural_join3(), l2 = natural_join4())
[    19.098][cube-solver-11][DEBUG] Solving cube (l0 = summarise(), l1 = natural_join4(), l2 = summarise())
[    19.101][cube-solver-11][DEBUG] Solving cube (l0 = summarise(), l1 = natural_join4(), l2 = filter())
[    19.103][cube-solver-11][DEBUG] Solving cube (l0 = summarise(), l1 = natural_join4(), l2 = anti_join())
[    19.106][cube-solver-11][DEBUG] Solving cube (l0 = summarise(), l1 = natural_join4(), l2 = left_join())
[    19.109][cube-solver-11][DEBUG] Solving cube (l0 = summarise(), l1 = natural_join4(), l2 = union())
[    19.111][cube-solver-11][DEBUG] Solving cube (l0 = summarise(), l1 = natural_join4(), l2 = intersect())
[    19.114][cube-solver-11][DEBUG] Solving cube (l0 = summarise(), l1 = natural_join4(), l2 = semi_join())
[    19.117][cube-solver-11][DEBUG] Solving cube (l0 = summarise(), l1 = natural_join4(), l2 = cross_join([1]))
[    19.120][cube-solver-11][DEBUG] Solving cube (l0 = summarise(), l1 = natural_join4(), l2 = mutate())
[    19.122][cube-solver-11][DEBUG] Solving cube (l0 = summarise(), l1 = natural_join4(), l2 = inner_join())
[    19.125][cube-solver-11][DEBUG] Solving cube (l0 = summarise(), l1 = natural_join4(), l2 = natural_join())
[    19.128][cube-solver-11][DEBUG] Solving cube (l0 = summarise(), l1 = natural_join4(), l2 = natural_join3())
[    19.130][cube-solver-11][DEBUG] Solving cube (l0 = summarise(), l1 = natural_join4(), l2 = natural_join4())
[    19.133][cube-solver-11][DEBUG] Solving cube (l0 = summarise(), l1 = summarise(), l2 = natural_join())
[    19.264][cube-solver-13][DEBUG] Initialising process for 3 lines of code.
[    19.621][cube-solver-11][DEBUG] Found solution with cube (l0 = summarise(), l1 = summarise(), l2 = natural_join())
[    19.622][MainProcess][INFO] Statistics:
[    19.623][MainProcess][INFO] 	Generated cubes: 235
[    19.623][MainProcess][INFO] 	Attempted programs: 1334
[    19.623][MainProcess][INFO] 		Rejected: 646
[    19.623][MainProcess][INFO] 		Failed: 687
[    19.623][MainProcess][INFO] 	Blacklist clauses: 1
[    19.623][MainProcess][DEBUG] Priting statistics for good programs of size 1
[    19.624][MainProcess][DEBUG] 	0: Counter({'mutate': 120, 'summarise': 72})
[    19.624][MainProcess][DEBUG] Priting statistics for good programs of size 2
[    19.635][MainProcess][DEBUG] 	0: Counter({'summarise': 11614, 'mutate': 5932, 'inner_join': 3474, 'union': 192, 'left_join': 192, 'semi_join': 192})
[    19.645][MainProcess][DEBUG] 	1: Counter({'inner_join': 4251, 'anti_join': 3672, 'left_join': 2598, 'union': 2591, 'natural_join': 2517, 'mutate': 2479, 'summarise': 1800, 'semi_join': 912, 'filter': 780})
[    19.645][MainProcess][DEBUG] Priting statistics for good programs of size 3
[    19.651][MainProcess][DEBUG] 	0: Counter({'summarise': 9736})
[    19.656][MainProcess][DEBUG] 	1: Counter({'natural_join': 9683, 'summarise': 53})
[    19.661][MainProcess][DEBUG] 	2: Counter({'filter': 1788, 'left_join': 1694, 'union': 1665, 'semi_join': 1512, 'summarise': 1395, 'mutate': 1238, 'inner_join': 302, 'natural_join': 143})
[    19.661][MainProcess][INFO] Solution found: natural_join(summarise(@param0, maxDateCreated = max(DateCreated), DateCreated, Status), summarise(@param0, maxDateCreated = max(DateCreated), DocumentID))

------------------------------------- R Solution ---------------------------------------

con <- DBI::dbConnect(RSQLite::SQLite(), ":memory:")
input1 <- read_csv("tests-examples/scythe/top_rated_posts/tables/i012.csv", col_types = cols(ID = col_integer(),DocumentID = col_integer(),Status = col_character(),DateCreated = col_character()))
input1$DateCreated <- mdy(input1$DateCreated)
input1 <- copy_to(con, input1)
expected_output <- read_csv("tests-examples/scythe/top_rated_posts/tables/o012.csv", col_types = cols(DocumentID = col_integer(),Status = col_character(),DateCreated = col_character()))
expected_output$DateCreated <- mdy(expected_output$DateCreated)

df2 <- input1 %>% group_by(DateCreated, Status) %>% summarise(maxDateCreated = max(DateCreated)) %>% ungroup()
df3 <- input1 %>% group_by(DocumentID) %>% summarise(maxDateCreated = max(DateCreated)) %>% ungroup()
df4 <- inner_join(df2, df3)
out <- df4 %>% select(DocumentID, Status, DateCreated) %>% arrange(DocumentID)


+++++++++++++++++++++++++++++++++++++ SQL Solution +++++++++++++++++++++++++++++++++++++

SELECT DocumentID,
       Status,
       DateCreated
FROM
  (SELECT LHS.DateCreated AS DateCreated,
          LHS.Status AS Status,
          LHS.maxDateCreated AS maxDateCreated,
          RHS.DocumentID AS DocumentID
   FROM
     (SELECT DateCreated,
             Status,
             MAX(DateCreated) AS maxDateCreated
      FROM input1
      GROUP BY DateCreated,
               Status) AS LHS
   INNER JOIN
     (SELECT DocumentID,
             MAX(DateCreated) AS maxDateCreated
      FROM input1
      GROUP BY DocumentID) AS RHS ON (LHS.maxDateCreated = RHS.maxDateCreated))
ORDER BY DocumentID
