[     1.590][MainProcess][INFO] Parsing specification...
[     1.593][MainProcess][WARNING] "attrs" field is deprecated. Please use "columns"
[     1.593][MainProcess][WARNING] "aggrs" field is deprecated. Please use "functions"
[     1.594][MainProcess][DEBUG] Reading input files...
[     1.602][MainProcess][INFO] Inferred data types for table tests-examples/scythe/top_rated_posts/tables/i034.csv: ['int64', 'string', 'timedelta64[ns]']
[     1.608][MainProcess][INFO] Inferred data types for table tests-examples/scythe/top_rated_posts/tables/o034.csv: ['int64', 'string', 'timedelta64[ns]']
[     1.633][MainProcess][DEBUG] Generating DSL...
[     1.649][MainProcess][INFO] Creating 16 processes
[     1.708][MainProcess][DEBUG] Increasing generator loc to 2
[     1.708][cube-solver-0][DEBUG] Initialising process for 1 lines of code.
[     1.709][cube-solver-1][DEBUG] Initialising process for 1 lines of code.
[     1.709][cube-solver-3][DEBUG] Initialising process for 2 lines of code.
[     1.709][cube-solver-4][DEBUG] Initialising process for 2 lines of code.
[     1.710][cube-solver-5][DEBUG] Initialising process for 2 lines of code.
[     1.710][cube-solver-2][DEBUG] Initialising process for 2 lines of code.
[     1.710][cube-solver-6][DEBUG] Initialising process for 2 lines of code.
[     1.710][cube-solver-7][DEBUG] Initialising process for 2 lines of code.
[     1.713][cube-solver-8][DEBUG] Initialising process for 2 lines of code.
[     1.719][cube-solver-9][DEBUG] Initialising process for 2 lines of code.
[     1.721][cube-solver-10][DEBUG] Initialising process for 2 lines of code.
[     1.732][cube-solver-12][DEBUG] Initialising process for 2 lines of code.
[     1.733][cube-solver-13][DEBUG] Initialising process for 2 lines of code.
[     1.736][cube-solver-11][DEBUG] Initialising process for 2 lines of code.
[     1.743][cube-solver-15][DEBUG] Initialising process for 2 lines of code.
[     1.745][cube-solver-14][DEBUG] Initialising process for 2 lines of code.
[     1.825][cube-solver-0][DEBUG] Solving cube (l0 = summarise(),)
[     1.827][cube-solver-1][DEBUG] Solving cube (l0 = mutate(),)
[     1.860][cube-solver-8][DEBUG] Solving cube (l0 = summarise(), l1 = natural_join())
[     1.867][cube-solver-10][DEBUG] Solving cube (l0 = summarise(), l1 = natural_join4())
[     1.869][cube-solver-10][DEBUG] Solving cube (l0 = summarise(), l1 = semi_join())
[     1.874][cube-solver-3][DEBUG] Solving cube (l0 = natural_join(), l1 = mutate())
[     1.876][cube-solver-3][DEBUG] Solving cube (l0 = summarise(), l1 = cross_join())
[     1.905][cube-solver-6][DEBUG] Solving cube (l0 = natural_join4(), l1 = summarise())
[     1.907][cube-solver-6][DEBUG] Solving cube (l0 = summarise(), l1 = mutate())
[     1.911][cube-solver-15][DEBUG] Solving cube (l0 = summarise(), l1 = intersect())
[     1.913][cube-solver-13][DEBUG] Solving cube (l0 = summarise(), l1 = left_join())
[     1.916][cube-solver-9][DEBUG] Solving cube (l0 = summarise(), l1 = natural_join3())
[     1.918][cube-solver-7][DEBUG] Solving cube (l0 = natural_join4(), l1 = mutate())
[     1.919][cube-solver-9][DEBUG] Solving cube (l0 = summarise(), l1 = inner_join())
[     1.921][cube-solver-7][DEBUG] Solving cube (l0 = anti_join(), l1 = summarise())
[     1.923][cube-solver-7][DEBUG] Solving cube (l0 = anti_join(), l1 = mutate())
[     1.925][cube-solver-7][DEBUG] Solving cube (l0 = left_join(), l1 = summarise())
[     1.959][cube-solver-4][DEBUG] Solving cube (l0 = natural_join3(), l1 = summarise())
[     1.962][cube-solver-4][DEBUG] Solving cube (l0 = left_join(), l1 = mutate())
[     2.000][cube-solver-5][DEBUG] Solving cube (l0 = natural_join3(), l1 = mutate())
[     2.000][cube-solver-2][DEBUG] Solving cube (l0 = natural_join(), l1 = summarise())
[     2.002][cube-solver-2][DEBUG] Solving cube (l0 = union(), l1 = summarise())
[     2.002][cube-solver-5][DEBUG] Solving cube (l0 = union(), l1 = mutate())
[     2.006][cube-solver-9][DEBUG] Found solution with cube (l0 = summarise(), l1 = inner_join())
[     2.008][MainProcess][INFO] Statistics:
[     2.008][MainProcess][INFO] 	Generated cubes: 26
[     2.008][MainProcess][INFO] 	Attempted programs: 2
[     2.008][MainProcess][INFO] 		Rejected: 0
[     2.009][MainProcess][INFO] 		Failed: 1
[     2.009][MainProcess][INFO] 	Blacklist clauses: 0
[     2.009][MainProcess][DEBUG] Priting statistics for good programs of size 1
[     2.009][MainProcess][DEBUG] 	0: Counter({'mutate': 10, 'summarise': 8})
[     2.009][MainProcess][DEBUG] Priting statistics for good programs of size 2
[     2.010][MainProcess][DEBUG] 	0: Counter({'summarise': 18, 'left_join': 4})
[     2.010][MainProcess][DEBUG] 	1: Counter({'natural_join': 8, 'semi_join': 5, 'mutate': 4, 'summarise': 4, 'inner_join': 1})
[     2.010][MainProcess][INFO] Solution found: inner_join(@param0, summarise(@param0, maxTime = max(Time), Train), 'Time' = 'maxTime','maxTime' = 'maxTime')

------------------------------------- R Solution ---------------------------------------

con <- DBI::dbConnect(RSQLite::SQLite(), ":memory:")
input1 <- read_csv("tests-examples/scythe/top_rated_posts/tables/i034.csv", col_types = cols(Train = col_integer(),Dest = col_character(),Time = col_time()))
input1 <- copy_to(con, input1)
expected_output <- read_csv("tests-examples/scythe/top_rated_posts/tables/o034.csv", col_types = cols(Train = col_integer(),Dest = col_character(),Time = col_time()))

df2 <- input1 %>% group_by(Train) %>% summarise(maxTime = max(Time)) %>% ungroup()
df3 <- inner_join(input1, df2, by=c('Time' = 'maxTime','maxTime' = 'maxTime'), suffix = c('', '.other'))
out <- df3 %>% select(Train, Dest, Time) %>% arrange(Train)


+++++++++++++++++++++++++++++++++++++ SQL Solution +++++++++++++++++++++++++++++++++++++

SELECT Train,
       Dest,
       TIME
FROM
  (SELECT LHS.Train AS Train,
          LHS.Dest AS Dest,
          LHS.Time AS TIME,
          RHS.Train AS Train.other
   FROM input1 AS LHS
   INNER JOIN
     (SELECT Train,
             MAX(TIME) AS maxTime
      FROM input1
      GROUP BY Train) AS RHS ON (LHS.Time = RHS.maxTime))
ORDER BY Train
