[     3.077][MainProcess][INFO] Parsing specification...
[     3.081][MainProcess][WARNING] "aggrs" field is deprecated. Please use "functions"
[     3.081][MainProcess][WARNING] "const" field is deprecated. Please use "constants"
[     3.082][MainProcess][DEBUG] Reading input files...
[     3.090][MainProcess][INFO] Inferred data types for table tests-examples/scythe/top_rated_posts/tables/i038.csv: ['int64', 'string', 'string']
[     3.095][MainProcess][INFO] Inferred data types for table tests-examples/scythe/top_rated_posts/tables/o038.csv: ['int64', 'string', 'string']
[     3.123][MainProcess][DEBUG] Generating DSL...
[     3.145][MainProcess][INFO] Creating 16 processes
[     3.224][cube-solver-0][DEBUG] Initialising process for 2 lines of code.
[     3.224][MainProcess][DEBUG] Increasing generator loc to 3
[     3.224][cube-solver-2][DEBUG] Initialising process for 2 lines of code.
[     3.224][cube-solver-1][DEBUG] Initialising process for 2 lines of code.
[     3.224][cube-solver-3][DEBUG] Initialising process for 2 lines of code.
[     3.225][cube-solver-4][DEBUG] Initialising process for 3 lines of code.
[     3.225][cube-solver-5][DEBUG] Initialising process for 3 lines of code.
[     3.226][cube-solver-7][DEBUG] Initialising process for 3 lines of code.
[     3.226][cube-solver-6][DEBUG] Initialising process for 3 lines of code.
[     3.226][cube-solver-8][DEBUG] Initialising process for 3 lines of code.
[     3.235][cube-solver-10][DEBUG] Initialising process for 3 lines of code.
[     3.235][cube-solver-9][DEBUG] Initialising process for 3 lines of code.
[     3.236][cube-solver-11][DEBUG] Initialising process for 3 lines of code.
[     3.247][cube-solver-13][DEBUG] Initialising process for 3 lines of code.
[     3.249][cube-solver-14][DEBUG] Initialising process for 3 lines of code.
[     3.257][cube-solver-12][DEBUG] Initialising process for 3 lines of code.
[     3.273][cube-solver-15][DEBUG] Initialising process for 3 lines of code.
[     3.478][cube-solver-3][DEBUG] Solving cube (l0 = mutate(), l1 = filter())
[     3.498][cube-solver-1][DEBUG] Solving cube (l0 = filter(), l1 = summarise())
[     3.500][cube-solver-1][DEBUG] Initialising process for 3 lines of code.
[     3.622][cube-solver-2][DEBUG] Solving cube (l0 = filter(), l1 = mutate())
[     3.625][cube-solver-2][DEBUG] Initialising process for 3 lines of code.
[     3.626][cube-solver-0][DEBUG] Solving cube (l0 = summarise(), l1 = filter())
[     3.629][cube-solver-5][DEBUG] Solving cube (l0 = natural_join(), l1 = filter(), l2 = summarise())
[     3.630][cube-solver-11][DEBUG] Solving cube (l0 = natural_join3(), l1 = mutate(), l2 = filter())
[     3.631][cube-solver-5][DEBUG] Solving cube (l0 = summarise(), l1 = natural_join4(), l2 = filter())
[     3.633][cube-solver-5][DEBUG] Solving cube (l0 = summarise(), l1 = summarise(), l2 = filter())
[     3.634][cube-solver-11][DEBUG] Solving cube (l0 = summarise(), l1 = filter(), l2 = natural_join())
[     3.635][cube-solver-5][DEBUG] Solving cube (l0 = summarise(), l1 = filter(), l2 = natural_join3())
[     3.640][cube-solver-8][DEBUG] Solving cube (l0 = natural_join3(), l1 = summarise(), l2 = filter())
[     3.643][cube-solver-13][DEBUG] Solving cube (l0 = natural_join4(), l1 = filter(), l2 = summarise())
[     3.643][cube-solver-8][DEBUG] Solving cube (l0 = summarise(), l1 = filter(), l2 = natural_join4())
[     3.647][cube-solver-8][DEBUG] Solving cube (l0 = summarise(), l1 = filter([1]), l2 = summarise())
[     3.647][cube-solver-13][DEBUG] Solving cube (l0 = summarise(), l1 = filter([1]), l2 = filter([1]))
[     3.647][cube-solver-10][DEBUG] Solving cube (l0 = natural_join3(), l1 = filter([1]), l2 = mutate())
[     3.650][cube-solver-10][DEBUG] Solving cube (l0 = summarise(), l1 = filter([1]), l2 = anti_join())
[     3.662][cube-solver-4][DEBUG] Solving cube (l0 = natural_join(), l1 = summarise(), l2 = filter([2]))
[     3.662][cube-solver-14][DEBUG] Solving cube (l0 = natural_join4(), l1 = filter([2]), l2 = mutate())
[     3.667][cube-solver-4][DEBUG] Solving cube (l0 = summarise(), l1 = filter([3]), l2 = left_join())
[     3.668][cube-solver-14][DEBUG] Solving cube (l0 = summarise(), l1 = filter([3]), l2 = union())
[     3.718][cube-solver-15][DEBUG] Solving cube (l0 = natural_join4(), l1 = mutate(), l2 = filter([4]))
[     3.725][cube-solver-15][DEBUG] Solving cube (l0 = summarise(), l1 = filter([4]), l2 = intersect())
[     3.766][cube-solver-9][DEBUG] Solving cube (l0 = natural_join3(), l1 = filter([4]), l2 = summarise())
[     3.772][cube-solver-9][DEBUG] Solving cube (l0 = summarise(), l1 = filter([4]), l2 = semi_join())
[     3.776][cube-solver-12][DEBUG] Solving cube (l0 = natural_join4(), l1 = summarise(), l2 = filter([4]))
[     3.785][cube-solver-12][DEBUG] Solving cube (l0 = summarise(), l1 = filter([4]), l2 = cross_join())
[     3.912][cube-solver-7][DEBUG] Solving cube (l0 = natural_join(), l1 = mutate(), l2 = filter([4]))
[     3.918][cube-solver-7][DEBUG] Solving cube (l0 = summarise(), l1 = filter([4]), l2 = mutate())
[     3.958][cube-solver-6][DEBUG] Solving cube (l0 = natural_join(), l1 = filter([4]), l2 = mutate())
[     3.964][cube-solver-6][DEBUG] Solving cube (l0 = summarise(), l1 = filter([5]), l2 = inner_join())
[     4.086][cube-solver-1][DEBUG] Solving cube (l0 = summarise(), l1 = natural_join(), l2 = filter([5]))
[     4.269][cube-solver-2][DEBUG] Solving cube (l0 = summarise(), l1 = natural_join3(), l2 = filter([5]))
[     4.277][cube-solver-2][DEBUG] Solving cube (l0 = summarise(), l1 = anti_join(), l2 = filter([5]))
[     4.774][cube-solver-10][DEBUG] Found solution with cube (l0 = summarise(), l1 = filter([1]), l2 = anti_join())
[     4.776][MainProcess][INFO] Statistics:
[     4.776][MainProcess][INFO] 	Generated cubes: 34
[     4.776][MainProcess][INFO] 	Attempted programs: 8
[     4.776][MainProcess][INFO] 		Rejected: 6
[     4.776][MainProcess][INFO] 		Failed: 1
[     4.777][MainProcess][INFO] 	Blacklist clauses: 5
[     4.777][MainProcess][DEBUG] Priting statistics for good programs of size 2
[     4.777][MainProcess][DEBUG] 	0: Counter({'mutate': 150, 'summarise': 72})
[     4.777][MainProcess][DEBUG] 	1: Counter({'filter': 222})
[     4.777][MainProcess][DEBUG] Priting statistics for good programs of size 3
[     4.778][MainProcess][DEBUG] 	0: Counter({'summarise': 790})
[     4.778][MainProcess][DEBUG] 	1: Counter({'filter': 711, 'natural_join': 49, 'anti_join': 30})
[     4.779][MainProcess][DEBUG] 	2: Counter({'filter': 180, 'natural_join3': 127, 'semi_join': 78, 'anti_join': 73, 'left_join': 68, 'union': 67, 'summarise': 52, 'mutate': 52, 'natural_join': 50, 'inner_join': 43})
[     4.779][MainProcess][INFO] Solution found: anti_join(@param0, filter(summarise(@param0, n = n(), city, name), n <= 1), )

------------------------------------- R Solution ---------------------------------------

con <- DBI::dbConnect(RSQLite::SQLite(), ":memory:")
input1 <- read_csv("tests-examples/scythe/top_rated_posts/tables/i038.csv", col_types = cols(id = col_integer(),name = col_character(),city = col_character()))
input1 <- copy_to(con, input1)
expected_output <- read_csv("tests-examples/scythe/top_rated_posts/tables/o038.csv", col_types = cols(id = col_integer(),name = col_character(),city = col_character()))

df2 <- input1 %>% group_by(city, name) %>% summarise(n = n()) %>% ungroup()
df3 <- df2 %>% filter(n <= 1)
df4 <- anti_join(input1, df3, by=c())
out <- df4 %>% select(id, name, city) %>% arrange(id)


+++++++++++++++++++++++++++++++++++++ SQL Solution +++++++++++++++++++++++++++++++++++++

SELECT id,
       name,
       city
FROM
  (SELECT *
   FROM input1 AS LHS
   WHERE NOT EXISTS
       (SELECT 1
        FROM
          (SELECT *
           FROM
             (SELECT city,
                     name,
                     COUNT() AS n
              FROM input1
              GROUP BY city,
                       name)
           WHERE (n <= 1.0)) AS RHS
        WHERE (LHS.name = RHS.name
               AND LHS.city = RHS.city) ))
ORDER BY id
