[     3.228][MainProcess][INFO] Parsing specification...
[     3.233][MainProcess][WARNING] "attrs" field is deprecated. Please use "columns"
[     3.233][MainProcess][WARNING] "aggrs" field is deprecated. Please use "functions"
[     3.233][MainProcess][WARNING] "const" field is deprecated. Please use "constants"
[     3.234][MainProcess][DEBUG] Reading input files...
[     3.245][MainProcess][INFO] Inferred data types for table tests-examples/scythe/recent_posts/tables/019.csv: ['int64', 'float64', 'datetime64[ns]']
[     3.252][MainProcess][INFO] Inferred data types for table tests-examples/scythe/recent_posts/tables/019_o.csv: ['int64', 'float64', 'datetime64[ns]']
[     3.292][MainProcess][DEBUG] Generating DSL...
[     3.931][MainProcess][INFO] Creating 16 processes
[     4.017][MainProcess][DEBUG] Increasing generator loc to 3
[     4.674][cube-solver-1][DEBUG] Initialising process for 2 lines of code.
[     4.688][cube-solver-4][DEBUG] Initialising process for 3 lines of code.
[     4.696][cube-solver-2][DEBUG] Initialising process for 2 lines of code.
[     4.702][cube-solver-6][DEBUG] Initialising process for 3 lines of code.
[     4.707][cube-solver-3][DEBUG] Initialising process for 2 lines of code.
[     4.708][cube-solver-7][DEBUG] Initialising process for 3 lines of code.
[     4.710][cube-solver-5][DEBUG] Initialising process for 3 lines of code.
[     4.713][cube-solver-10][DEBUG] Initialising process for 3 lines of code.
[     4.716][cube-solver-8][DEBUG] Initialising process for 3 lines of code.
[     4.723][cube-solver-12][DEBUG] Initialising process for 3 lines of code.
[     4.728][cube-solver-11][DEBUG] Initialising process for 3 lines of code.
[     4.728][cube-solver-9][DEBUG] Initialising process for 3 lines of code.
[     4.744][cube-solver-0][DEBUG] Initialising process for 2 lines of code.
[     4.785][cube-solver-14][DEBUG] Initialising process for 3 lines of code.
[     4.799][cube-solver-13][DEBUG] Initialising process for 3 lines of code.
[     4.826][cube-solver-15][DEBUG] Initialising process for 3 lines of code.
[    37.835][cube-solver-2][DEBUG] Solving cube (l0 = filter(), l1 = mutate())
[    38.050][cube-solver-1][DEBUG] Solving cube (l0 = filter(), l1 = summarise())
[    38.106][cube-solver-0][DEBUG] Solving cube (l0 = summarise(), l1 = filter())
[    38.153][cube-solver-3][DEBUG] Solving cube (l0 = mutate(), l1 = filter())
[    42.214][cube-solver-2][DEBUG] Initialising process for 3 lines of code.
[    43.886][cube-solver-1][DEBUG] Initialising process for 3 lines of code.
[    59.547][cube-solver-9][DEBUG] Solving cube (l0 = natural_join3(), l1 = filter(), l2 = summarise([3]))
[    59.683][cube-solver-11][DEBUG] Solving cube (l0 = natural_join3(), l1 = mutate(), l2 = filter())
[    59.718][cube-solver-9][DEBUG] Solving cube (l0 = summarise([3]), l1 = natural_join4(), l2 = filter())
[    59.753][cube-solver-6][DEBUG] Solving cube (l0 = natural_join(), l1 = filter(), l2 = mutate())
[    59.800][cube-solver-4][DEBUG] Solving cube (l0 = natural_join(), l1 = summarise([3]), l2 = filter())
[    59.808][cube-solver-9][DEBUG] Solving cube (l0 = summarise([3]), l1 = summarise([3]), l2 = filter())
[    59.823][cube-solver-15][DEBUG] Solving cube (l0 = natural_join4(), l1 = mutate(), l2 = filter())
[    59.871][cube-solver-11][DEBUG] Solving cube (l0 = summarise([3]), l1 = filter(), l2 = natural_join())
[    59.909][cube-solver-14][DEBUG] Solving cube (l0 = natural_join4(), l1 = filter(), l2 = mutate())
[    59.930][cube-solver-9][DEBUG] Solving cube (l0 = summarise([3]), l1 = filter(), l2 = natural_join3())
[    60.082][cube-solver-13][DEBUG] Solving cube (l0 = natural_join4(), l1 = filter(), l2 = summarise([3]))
[    60.088][cube-solver-6][DEBUG] Solving cube (l0 = summarise([3]), l1 = filter(), l2 = natural_join4())
[    60.095][cube-solver-15][DEBUG] Solving cube (l0 = summarise([3]), l1 = filter(), l2 = filter())
[    60.100][cube-solver-14][DEBUG] Solving cube (l0 = summarise([3]), l1 = filter(), l2 = anti_join())
[    60.100][cube-solver-8][DEBUG] Solving cube (l0 = natural_join3(), l1 = summarise([3]), l2 = filter())
[    60.100][cube-solver-12][DEBUG] Solving cube (l0 = natural_join4(), l1 = summarise([3]), l2 = filter())
[    60.107][cube-solver-10][DEBUG] Solving cube (l0 = natural_join3(), l1 = filter(), l2 = mutate())
[    60.118][cube-solver-4][DEBUG] Solving cube (l0 = summarise([3]), l1 = filter(), l2 = summarise([3]))
[    60.196][cube-solver-5][DEBUG] Solving cube (l0 = natural_join(), l1 = filter([1]), l2 = summarise([3]))
[    60.210][cube-solver-6][DEBUG] Solving cube (l0 = summarise([3]), l1 = filter(), l2 = left_join())
[    60.319][cube-solver-7][DEBUG] Solving cube (l0 = natural_join(), l1 = mutate(), l2 = filter([2]))
[    60.372][cube-solver-12][DEBUG] Solving cube (l0 = summarise([3]), l1 = filter([1]), l2 = union())
[    60.481][cube-solver-10][DEBUG] Solving cube (l0 = summarise([3]), l1 = filter([2]), l2 = semi_join())
[    60.490][cube-solver-13][DEBUG] Solving cube (l0 = summarise([3]), l1 = filter([2]), l2 = intersect())
[    60.513][cube-solver-7][DEBUG] Solving cube (l0 = summarise([3]), l1 = filter([2]), l2 = mutate())
[    60.513][cube-solver-8][DEBUG] Solving cube (l0 = summarise([3]), l1 = filter([2]), l2 = cross_join())
[    60.610][cube-solver-5][DEBUG] Solving cube (l0 = summarise([3]), l1 = filter([2]), l2 = inner_join())
[    95.387][cube-solver-1][DEBUG] Solving cube (l0 = summarise([3]), l1 = natural_join3(), l2 = filter([153]))
[    95.789][cube-solver-1][DEBUG] Solving cube (l0 = summarise([3]), l1 = anti_join(), l2 = filter([161]))
[    96.897][cube-solver-2][DEBUG] Solving cube (l0 = summarise([3]), l1 = natural_join(), l2 = filter([163]))
[   113.897][cube-solver-0][DEBUG] Initialising process for 3 lines of code.
[   127.975][cube-solver-3][DEBUG] Initialising process for 3 lines of code.
[   179.647][cube-solver-3][DEBUG] Solving cube (l0 = summarise([3]), l1 = union(), l2 = filter([189]))
[   198.531][cube-solver-0][DEBUG] Solving cube (l0 = summarise([3]), l1 = left_join(), l2 = filter([197]))
[   373.768][cube-solver-7][DEBUG] Solving cube (l0 = summarise([3]), l1 = intersect(), l2 = filter([198]))
[   599.986][MainProcess][INFO] Statistics:
[   599.986][MainProcess][INFO] 	Generated cubes: 37
[   599.986][MainProcess][INFO] 	Attempted programs: 5560
[   599.986][MainProcess][INFO] 		Rejected: 2240
[   599.986][MainProcess][INFO] 		Failed: 3320
[   599.986][MainProcess][INFO] 	Blacklist clauses: 201
[   599.986][MainProcess][DEBUG] Printing statistics for good programs of size 2
[   599.998][MainProcess][DEBUG] 	0: Counter({'mutate': 10380, 'summarise': 4680, 'filter': 960})
[   600.004][MainProcess][DEBUG] 	1: Counter({'filter': 15060, 'mutate': 540, 'summarise': 420})
[   600.005][MainProcess][DEBUG] Printing statistics for good programs of size 3
[   600.140][MainProcess][DEBUG] 	0: Counter({'summarise': 515503})
[   600.236][MainProcess][DEBUG] 	1: Counter({'filter': 345839, 'natural_join': 54259, 'union': 44174, 'left_join': 42242, 'anti_join': 28989})
[   600.333][MainProcess][DEBUG] 	2: Counter({'filter': 196484, 'natural_join3': 45408, 'natural_join': 43219, 'union': 41016, 'cross_join': 40919, 'inner_join': 40356, 'left_join': 39108, 'semi_join': 24629, 'mutate': 20700, 'anti_join': 18192, 'summarise': 5472})

No solution found
