[     3.277][MainProcess][INFO] Parsing specification...
[     3.289][MainProcess][WARNING] "attrs" field is deprecated. Please use "columns"
[     3.289][MainProcess][WARNING] "aggrs" field is deprecated. Please use "functions"
[     3.290][MainProcess][DEBUG] Reading input files...
[     3.313][MainProcess][INFO] Inferred data types for table tests-examples/scythe/recent_posts/tables/029_1.csv: ['string', 'string', 'string', 'float64', 'string']
[     3.322][MainProcess][INFO] Inferred data types for table tests-examples/scythe/recent_posts/tables/029_2.csv: ['string', 'string', 'string', 'float64', 'string']
[     3.356][MainProcess][INFO] Inferred data types for table tests-examples/scythe/recent_posts/tables/029_o.csv: ['string', 'string', 'string', 'float64', 'string']
[     3.391][MainProcess][DEBUG] Generating DSL...
[     3.454][MainProcess][INFO] Creating 16 processes
[     3.520][MainProcess][DEBUG] Increasing generator loc to 2
[     3.564][cube-solver-1][DEBUG] Initialising process for 1 lines of code.
[     3.564][cube-solver-5][DEBUG] Initialising process for 2 lines of code.
[     3.565][cube-solver-2][DEBUG] Initialising process for 2 lines of code.
[     3.565][cube-solver-3][DEBUG] Initialising process for 2 lines of code.
[     3.571][cube-solver-4][DEBUG] Initialising process for 2 lines of code.
[     3.579][cube-solver-6][DEBUG] Initialising process for 2 lines of code.
[     3.580][cube-solver-7][DEBUG] Initialising process for 2 lines of code.
[     3.584][cube-solver-8][DEBUG] Initialising process for 2 lines of code.
[     3.588][cube-solver-9][DEBUG] Initialising process for 2 lines of code.
[     3.591][cube-solver-0][DEBUG] Initialising process for 1 lines of code.
[     3.592][cube-solver-10][DEBUG] Initialising process for 2 lines of code.
[     3.596][cube-solver-11][DEBUG] Initialising process for 2 lines of code.
[     3.599][cube-solver-13][DEBUG] Initialising process for 2 lines of code.
[     3.600][cube-solver-12][DEBUG] Initialising process for 2 lines of code.
[     3.611][cube-solver-14][DEBUG] Initialising process for 2 lines of code.
[     3.664][cube-solver-15][DEBUG] Initialising process for 2 lines of code.
[     4.336][cube-solver-1][WARNING] There is no solution for current loc (1).
[     4.336][cube-solver-1][DEBUG] Solving cube (l0 = mutate(),)
[     4.338][cube-solver-1][DEBUG] Initialising process for 2 lines of code.
[     4.408][cube-solver-0][WARNING] There is no solution for current loc (1).
[     4.409][cube-solver-0][DEBUG] Solving cube (l0 = summarise(),)
[     4.410][cube-solver-0][DEBUG] Initialising process for 2 lines of code.
[     5.240][cube-solver-2][DEBUG] Solving cube (l0 = natural_join(), l1 = summarise())
[     5.242][cube-solver-3][DEBUG] Solving cube (l0 = natural_join(), l1 = mutate())
[     5.244][cube-solver-4][DEBUG] Solving cube (l0 = natural_join3(), l1 = summarise())
[     5.251][cube-solver-4][DEBUG] Solving cube (l0 = summarise(), l1 = unite())
[     5.256][cube-solver-4][DEBUG] Solving cube (l0 = summarise(), l1 = mutate())
[     5.259][cube-solver-6][DEBUG] Solving cube (l0 = natural_join4(), l1 = summarise())
[     5.260][cube-solver-10][DEBUG] Solving cube (l0 = summarise(), l1 = natural_join4())
[     5.260][cube-solver-9][DEBUG] Solving cube (l0 = summarise(), l1 = natural_join3())
[     5.260][cube-solver-4][DEBUG] Solving cube (l0 = summarise(), l1 = inner_join())
[     5.266][cube-solver-12][DEBUG] Solving cube (l0 = summarise(), l1 = anti_join())
[     5.270][cube-solver-10][DEBUG] Solving cube (l0 = anti_join(), l1 = summarise())
[     5.270][cube-solver-6][DEBUG] Solving cube (l0 = anti_join(), l1 = mutate())
[     5.273][cube-solver-11][DEBUG] Solving cube (l0 = summarise(), l1 = summarise())
[     5.282][cube-solver-11][DEBUG] Solving cube (l0 = left_join(), l1 = summarise())
[     5.284][cube-solver-7][DEBUG] Solving cube (l0 = natural_join4(), l1 = mutate())
[     5.285][cube-solver-14][DEBUG] Solving cube (l0 = summarise(), l1 = union())
[     5.294][cube-solver-7][DEBUG] Solving cube (l0 = left_join(), l1 = mutate())
[     5.300][cube-solver-13][DEBUG] Solving cube (l0 = summarise(), l1 = left_join())
[     5.323][cube-solver-5][DEBUG] Solving cube (l0 = natural_join3(), l1 = mutate())
[     5.325][cube-solver-8][DEBUG] Solving cube (l0 = summarise(), l1 = natural_join())
[     5.335][cube-solver-5][DEBUG] Solving cube (l0 = union(), l1 = summarise())
[     5.375][cube-solver-15][DEBUG] Solving cube (l0 = summarise(), l1 = intersect())
[     6.205][cube-solver-0][DEBUG] Solving cube (l0 = summarise(), l1 = cross_join())
[     6.245][cube-solver-1][DEBUG] Solving cube (l0 = summarise(), l1 = semi_join())
[     6.737][cube-solver-5][DEBUG] Solving cube (l0 = union(), l1 = mutate())
[     6.763][cube-solver-2][DEBUG] Solving cube (l0 = intersect(), l1 = summarise())
[     7.022][cube-solver-11][DEBUG] Solving cube (l0 = intersect([4]), l1 = mutate())
[     7.643][cube-solver-11][DEBUG] Solving cube (l0 = semi_join(), l1 = summarise())
[     9.017][cube-solver-11][DEBUG] Solving cube (l0 = semi_join(), l1 = mutate())
[    19.204][cube-solver-2][DEBUG] Solving cube (l0 = cross_join(), l1 = summarise())
[    22.267][cube-solver-3][DEBUG] Solving cube (l0 = cross_join([12]), l1 = mutate())
[    26.364][cube-solver-11][DEBUG] Solving cube (l0 = unite(), l1 = summarise())
[    26.377][cube-solver-11][DEBUG] Solving cube (l0 = unite(), l1 = mutate())
[    26.382][cube-solver-11][DEBUG] Solving cube (l0 = mutate(), l1 = natural_join())
[    27.439][cube-solver-10][DEBUG] Solving cube (l0 = mutate(), l1 = natural_join3())
[    30.941][cube-solver-15][DEBUG] Solving cube (l0 = mutate(), l1 = natural_join4())
[    30.990][cube-solver-15][DEBUG] Solving cube (l0 = mutate(), l1 = summarise())
[    31.003][cube-solver-15][DEBUG] Solving cube (l0 = mutate(), l1 = anti_join())
[   105.889][cube-solver-7][DEBUG] Solving cube (l0 = mutate(), l1 = left_join())
[   108.604][cube-solver-5][DEBUG] Solving cube (l0 = mutate(), l1 = union())
[   226.603][cube-solver-11][DEBUG] Solving cube (l0 = mutate(), l1 = intersect([10]))
[   228.574][cube-solver-11][DEBUG] Solving cube (l0 = mutate(), l1 = semi_join())
[   263.945][cube-solver-1][DEBUG] Solving cube (l0 = mutate(), l1 = cross_join([436]))
[   306.763][cube-solver-7][DEBUG] Solving cube (l0 = mutate(), l1 = unite())
[   306.770][cube-solver-7][DEBUG] Solving cube (l0 = mutate(), l1 = mutate())
[   306.781][cube-solver-7][DEBUG] Solving cube (l0 = mutate(), l1 = inner_join())
[   311.198][cube-solver-5][DEBUG] Solving cube (l0 = inner_join(), l1 = summarise())
[   346.203][cube-solver-11][DEBUG] Solving cube (l0 = inner_join(), l1 = mutate())
[   534.153][MainProcess][INFO] Hard problem!
[   534.261][MainProcess][DEBUG] Increasing alternate_generator loc to 3
[   534.330][cube-solver-5][DEBUG] Initialising process for 3 lines of code.
[   537.668][cube-solver-5][DEBUG] Solving cube (l0 = natural_join(), l1 = summarise(), l2 = natural_join())
[   599.978][MainProcess][INFO] Statistics:
[   599.978][MainProcess][INFO] 	Generated cubes: 51
[   599.978][MainProcess][INFO] 	Attempted programs: 23000
[   599.978][MainProcess][INFO] 		Rejected: 3696
[   599.978][MainProcess][INFO] 		Failed: 19304
[   599.979][MainProcess][INFO] 	Blacklist clauses: 526
[   599.979][MainProcess][DEBUG] Printing statistics for good programs of size 2
[   600.235][MainProcess][DEBUG] 	0: Counter({'summarise': 499988, 'mutate': 285739, 'anti_join': 67549, 'cross_join': 64892, 'inner_join': 29396, 'left_join': 11520, 'union': 11520, 'natural_join': 1920, 'semi_join': 1920})
[   600.422][MainProcess][DEBUG] 	1: Counter({'mutate': 188717, 'natural_join3': 133378, 'anti_join': 130289, 'cross_join': 106108, 'inner_join': 100989, 'union': 91132, 'left_join': 91090, 'natural_join': 90501, 'semi_join': 42240})
[   600.422][MainProcess][DEBUG] Printing statistics for good programs of size 3
[   600.426][MainProcess][DEBUG] 	0: Counter({'natural_join': 6910})
[   600.427][MainProcess][DEBUG] 	1: Counter({'summarise': 6910})
[   600.429][MainProcess][DEBUG] 	2: Counter({'natural_join': 6910})

No solution found
