[     1.580][MainProcess][INFO] Parsing specification...
[     1.583][MainProcess][WARNING] "attrs" field is deprecated. Please use "columns"
[     1.583][MainProcess][WARNING] "aggrs" field is deprecated. Please use "functions"
[     1.583][MainProcess][WARNING] "const" field is deprecated. Please use "constants"
[     1.584][MainProcess][DEBUG] Reading input files...
[     1.592][MainProcess][INFO] Inferred data types for table tests-examples/scythe/recent_posts/tables/050_1.csv: ['int64', 'string', 'string', 'int64']
[     1.598][MainProcess][INFO] Inferred data types for table tests-examples/scythe/recent_posts/tables/050_2.csv: ['int64', 'string', 'datetime64[ns]']
[     1.603][MainProcess][INFO] Inferred data types for table tests-examples/scythe/recent_posts/tables/050_3.csv: ['int64', 'string', 'int64']
[     1.610][MainProcess][INFO] Inferred data types for table tests-examples/scythe/recent_posts/tables/050_o.csv: ['int64', 'string', 'int64', 'string', 'datetime64[ns]']
[     1.646][MainProcess][DEBUG] Generating DSL...
[     1.687][MainProcess][INFO] Creating 16 processes
[     1.757][MainProcess][DEBUG] Increasing generator loc to 3
[     1.765][MainProcess][DEBUG] Increasing generator loc to 4
[     1.828][MainProcess][DEBUG] Increasing generator loc to 5
[     2.186][MainProcess][DEBUG] Increasing generator loc to 6
[     6.213][MainProcess][DEBUG] Increasing generator loc to 7
[    51.340][MainProcess][DEBUG] Increasing generator loc to 8
[   556.923][cube-solver-0][DEBUG] Initialising process for 8 lines of code.
Traceback (most recent call last):
  File "./cubes.py", line 95, in <module>
    main()
  File "./cubes.py", line 87, in main
    program = synthesizer.synthesize()
  File "/home/rmbb/CUBES/squares/parallel_synthesizer.py", line 248, in synthesize
    cube = next(generator)
  File "/home/rmbb/CUBES/squares/dsl/dc.py", line 131, in __next__
    while not self.line_stack[-1]:
IndexError: list index out of range
