[     1.567][MainProcess][INFO] Parsing specification...
[     1.570][MainProcess][WARNING] "attrs" field is deprecated. Please use "columns"
[     1.570][MainProcess][WARNING] "aggrs" field is deprecated. Please use "functions"
[     1.571][MainProcess][DEBUG] Reading input files...
[     1.578][MainProcess][INFO] Inferred data types for table tests-examples/leetcode/tables/184_1.csv: ['int64', 'string', 'int64', 'int64']
[     1.583][MainProcess][INFO] Inferred data types for table tests-examples/leetcode/tables/184_2.csv: ['int64', 'string']
[     1.588][MainProcess][INFO] Inferred data types for table tests-examples/leetcode/tables/184_o.csv: ['string', 'string', 'int64']
[     1.616][MainProcess][DEBUG] Generating DSL...
[     1.791][MainProcess][INFO] Creating 2 processes
[     1.957][cube-solver-1][DEBUG] Initialising process for 1 lines of code.
[     1.968][cube-solver-0][DEBUG] Initialising process for 1 lines of code.
[     4.527][cube-solver-1][WARNING] There is no solution for current loc (1).
[     4.528][cube-solver-1][DEBUG] Solving cube (l0 = mutate(),)
[     4.529][MainProcess][DEBUG] Increasing generator loc to 2
[     4.535][cube-solver-1][DEBUG] Initialising process for 2 lines of code.
[     4.580][cube-solver-0][WARNING] There is no solution for current loc (1).
[     4.581][cube-solver-0][DEBUG] Solving cube (l0 = summarise(),)
[     4.598][cube-solver-0][DEBUG] Initialising process for 2 lines of code.
[     9.738][cube-solver-1][DEBUG] Solving cube (l0 = natural_join(), l1 = summarise())
[     9.802][cube-solver-0][DEBUG] Solving cube (l0 = natural_join(), l1 = mutate())
[    11.514][cube-solver-1][DEBUG] Solving cube (l0 = natural_join3(), l1 = summarise())
[    11.531][cube-solver-1][DEBUG] Solving cube (l0 = natural_join3(), l1 = mutate())
[    11.543][cube-solver-1][DEBUG] Solving cube (l0 = natural_join4(), l1 = summarise())
[    11.557][cube-solver-1][DEBUG] Solving cube (l0 = natural_join4(), l1 = mutate())
[    11.569][cube-solver-1][DEBUG] Solving cube (l0 = summarise(), l1 = natural_join())
[    11.877][cube-solver-0][DEBUG] Solving cube (l0 = summarise([6]), l1 = natural_join3())
[    16.359][cube-solver-1][DEBUG] Solving cube (l0 = summarise([24]), l1 = natural_join4())
[    16.380][cube-solver-1][DEBUG] Solving cube (l0 = summarise([24]), l1 = summarise([24]))
[    16.408][cube-solver-1][DEBUG] Solving cube (l0 = summarise([24]), l1 = filter())
[    16.431][cube-solver-1][DEBUG] Solving cube (l0 = summarise([24]), l1 = anti_join())
[    21.735][cube-solver-1][DEBUG] Solving cube (l0 = summarise([24]), l1 = left_join())
[    25.995][cube-solver-1][DEBUG] Solving cube (l0 = summarise([24]), l1 = union())
[    33.136][cube-solver-1][DEBUG] Solving cube (l0 = summarise([24]), l1 = intersect())
[    35.336][cube-solver-1][DEBUG] Solving cube (l0 = summarise([24]), l1 = semi_join())
[    36.291][cube-solver-1][DEBUG] Solving cube (l0 = summarise([24]), l1 = cross_join())
[    58.629][cube-solver-0][DEBUG] Solving cube (l0 = summarise([24]), l1 = mutate())
[    58.654][cube-solver-0][DEBUG] Solving cube (l0 = summarise([24]), l1 = inner_join())
[   144.495][cube-solver-0][DEBUG] Solving cube (l0 = filter(), l1 = summarise([24]))
[   144.517][cube-solver-0][DEBUG] Solving cube (l0 = filter(), l1 = mutate())
[   144.530][cube-solver-0][DEBUG] Solving cube (l0 = anti_join(), l1 = summarise([24]))
[   151.432][cube-solver-0][DEBUG] Solving cube (l0 = anti_join([14]), l1 = mutate())
[   155.539][cube-solver-0][DEBUG] Solving cube (l0 = left_join(), l1 = summarise([24]))
[   157.180][cube-solver-0][DEBUG] Solving cube (l0 = left_join(), l1 = mutate())
[   159.060][cube-solver-0][DEBUG] Solving cube (l0 = union(), l1 = summarise([24]))
[   160.663][cube-solver-0][DEBUG] Solving cube (l0 = union(), l1 = mutate())
[   162.588][cube-solver-0][DEBUG] Solving cube (l0 = intersect(), l1 = summarise([24]))
[   165.246][cube-solver-0][DEBUG] Solving cube (l0 = intersect([8]), l1 = mutate())
[   165.280][cube-solver-0][DEBUG] Solving cube (l0 = semi_join(), l1 = summarise([24]))
[   166.349][cube-solver-0][DEBUG] Solving cube (l0 = semi_join(), l1 = mutate())
[   167.325][cube-solver-0][DEBUG] Solving cube (l0 = cross_join(), l1 = summarise([24]))
[   599.999][MainProcess][INFO] Statistics:
[   600.000][MainProcess][INFO] 	Generated cubes: 34
[   600.000][MainProcess][INFO] 	Attempted programs: 5272
[   600.001][MainProcess][INFO] 		Rejected: 700
[   600.001][MainProcess][INFO] 		Failed: 4572
[   600.001][MainProcess][INFO] 	Blacklist clauses: 46
[   600.001][MainProcess][DEBUG] Printing statistics for good programs of size 2
[   600.016][MainProcess][DEBUG] 	0: Counter({'summarise': 19044, 'anti_join': 1104, 'natural_join': 552, 'left_join': 552, 'union': 552, 'semi_join': 276})
[   600.022][MainProcess][DEBUG] 	1: Counter({'natural_join3': 8112, 'inner_join': 7908, 'mutate': 1848, 'union': 1248, 'summarise': 1188, 'natural_join': 720, 'left_join': 720, 'anti_join': 240, 'semi_join': 96})

No solution found
