[     2.686][MainProcess][INFO] Parsing specification...
[     2.690][MainProcess][WARNING] "attrs" field is deprecated. Please use "columns"
[     2.690][MainProcess][WARNING] "aggrs" field is deprecated. Please use "functions"
[     2.691][MainProcess][DEBUG] Reading input files...
[     2.704][MainProcess][INFO] Inferred data types for table tests-examples/textbook/tables/17-1.txt: ['string', 'string', 'int64']
[     2.709][MainProcess][INFO] Inferred data types for table tests-examples/textbook/tables/17-3.txt: ['string', 'string']
[     2.714][MainProcess][INFO] Inferred data types for table tests-examples/textbook/tables/17.out: ['string', 'string']
[     2.746][MainProcess][DEBUG] Generating DSL...
[     2.782][MainProcess][INFO] Creating 4 processes
[     2.801][MainProcess][DEBUG] Increasing generator loc to 2
[     2.836][cube-solver-0][DEBUG] Initialising process for 1 lines of code.
[     2.847][cube-solver-3][DEBUG] Initialising process for 2 lines of code.
[     2.851][cube-solver-1][DEBUG] Initialising process for 1 lines of code.
[     2.854][cube-solver-2][DEBUG] Initialising process for 2 lines of code.
[     3.151][cube-solver-0][WARNING] There is no solution for current loc (1).
[     3.152][cube-solver-0][DEBUG] Solving cube (l0 = summarise(),)
[     3.153][cube-solver-0][DEBUG] Initialising process for 2 lines of code.
[     3.191][cube-solver-1][WARNING] There is no solution for current loc (1).
[     3.192][cube-solver-1][DEBUG] Solving cube (l0 = mutate(),)
[     3.193][cube-solver-1][DEBUG] Initialising process for 2 lines of code.
[     3.488][cube-solver-2][DEBUG] Solving cube (l0 = natural_join(), l1 = summarise())
[     3.503][cube-solver-3][DEBUG] Solving cube (l0 = natural_join(), l1 = mutate())
[     3.804][cube-solver-0][DEBUG] Solving cube (l0 = natural_join3(), l1 = summarise())
[     3.808][cube-solver-0][DEBUG] Solving cube (l0 = natural_join4(), l1 = summarise())
[     3.810][cube-solver-0][DEBUG] Solving cube (l0 = natural_join4(), l1 = mutate())
[     3.812][cube-solver-0][DEBUG] Solving cube (l0 = summarise(), l1 = natural_join())
[     3.845][cube-solver-1][DEBUG] Solving cube (l0 = natural_join3(), l1 = mutate())
[     3.852][cube-solver-1][DEBUG] Solving cube (l0 = summarise([3]), l1 = natural_join3())
[     4.021][cube-solver-3][DEBUG] Solving cube (l0 = summarise([7]), l1 = natural_join4())
[     4.026][cube-solver-3][DEBUG] Solving cube (l0 = summarise([7]), l1 = summarise([7]))
[     4.035][cube-solver-3][DEBUG] Solving cube (l0 = summarise([7]), l1 = filter())
[     4.040][cube-solver-3][DEBUG] Solving cube (l0 = summarise([7]), l1 = anti_join())
[     4.787][cube-solver-2][DEBUG] Solving cube (l0 = summarise([14]), l1 = left_join())
[     4.911][cube-solver-0][DEBUG] Solving cube (l0 = summarise([14]), l1 = union())
[     5.666][cube-solver-2][DEBUG] Solving cube (l0 = summarise([14]), l1 = intersect())
[     6.578][cube-solver-2][DEBUG] Solving cube (l0 = summarise([14]), l1 = semi_join())
[     6.634][cube-solver-0][DEBUG] Solving cube (l0 = summarise([14]), l1 = cross_join())
[     6.856][cube-solver-3][DEBUG] Solving cube (l0 = summarise([14]), l1 = mutate())
[     6.872][cube-solver-3][DEBUG] Solving cube (l0 = summarise([14]), l1 = inner_join())
[     7.049][cube-solver-2][DEBUG] Solving cube (l0 = filter(), l1 = summarise([14]))
[     7.056][cube-solver-2][DEBUG] Solving cube (l0 = filter(), l1 = mutate())
[     7.058][cube-solver-2][DEBUG] Solving cube (l0 = anti_join(), l1 = summarise([14]))
[     9.228][cube-solver-2][DEBUG] Solving cube (l0 = anti_join([18]), l1 = mutate())
[     9.528][cube-solver-2][DEBUG] Solving cube (l0 = left_join(), l1 = summarise([14]))
[    10.656][cube-solver-2][DEBUG] Solving cube (l0 = left_join(), l1 = mutate())
[    11.113][cube-solver-2][DEBUG] Solving cube (l0 = union(), l1 = summarise([14]))
[    11.337][cube-solver-1][DEBUG] Solving cube (l0 = union(), l1 = mutate())
[    11.782][cube-solver-1][DEBUG] Solving cube (l0 = intersect(), l1 = summarise([14]))
[    12.260][cube-solver-2][DEBUG] Solving cube (l0 = intersect([8]), l1 = mutate())
[    12.266][cube-solver-2][DEBUG] Solving cube (l0 = semi_join(), l1 = summarise([14]))
[    12.691][cube-solver-2][DEBUG] Solving cube (l0 = semi_join(), l1 = mutate())
[    12.841][cube-solver-2][DEBUG] Solving cube (l0 = cross_join(), l1 = summarise([14]))
[    12.978][cube-solver-1][DEBUG] Solving cube (l0 = cross_join([1]), l1 = mutate())
[    20.207][cube-solver-3][DEBUG] Solving cube (l0 = mutate(), l1 = natural_join())
[    20.677][cube-solver-3][DEBUG] Solving cube (l0 = mutate([1]), l1 = natural_join3())
[    20.834][cube-solver-1][DEBUG] Solving cube (l0 = mutate([1]), l1 = natural_join4())
[    20.839][cube-solver-1][DEBUG] Solving cube (l0 = mutate([1]), l1 = summarise([14]))
[    20.862][cube-solver-1][DEBUG] Solving cube (l0 = mutate([1]), l1 = filter())
[    21.044][cube-solver-1][DEBUG] Solving cube (l0 = mutate([1]), l1 = anti_join([18]))
[    21.669][cube-solver-1][DEBUG] Solving cube (l0 = mutate([1]), l1 = left_join())
[    22.135][cube-solver-3][DEBUG] Solving cube (l0 = mutate([1]), l1 = union())
[    22.213][cube-solver-1][DEBUG] Solving cube (l0 = mutate([1]), l1 = intersect([8]))
[    22.365][cube-solver-1][DEBUG] Solving cube (l0 = mutate([1]), l1 = semi_join())
[    22.730][cube-solver-3][DEBUG] Solving cube (l0 = mutate([1]), l1 = mutate([1]))
[    22.733][cube-solver-3][DEBUG] Solving cube (l0 = mutate([1]), l1 = inner_join())
[    22.800][cube-solver-1][DEBUG] Solving cube (l0 = mutate([1]), l1 = cross_join([841]))
[    28.600][cube-solver-3][DEBUG] Solving cube (l0 = inner_join(), l1 = summarise([14]))
[    32.327][cube-solver-1][DEBUG] Solving cube (l0 = inner_join([60]), l1 = mutate([1]))
[    37.830][MainProcess][DEBUG] Increasing generator loc to 3
[    37.834][cube-solver-1][DEBUG] Initialising process for 3 lines of code.
[    38.913][cube-solver-1][DEBUG] Solving cube (l0 = natural_join(), l1 = summarise([14]), l2 = natural_join())
[    45.465][cube-solver-3][DEBUG] Initialising process for 3 lines of code.
[    46.632][cube-solver-3][DEBUG] Solving cube (l0 = natural_join(), l1 = summarise([14]), l2 = natural_join3())
[    63.381][cube-solver-1][DEBUG] Solving cube (l0 = natural_join(), l1 = summarise([14]), l2 = natural_join4())
[    63.401][cube-solver-1][DEBUG] Solving cube (l0 = natural_join(), l1 = summarise([14]), l2 = summarise([14]))
[    63.419][cube-solver-1][DEBUG] Solving cube (l0 = natural_join(), l1 = summarise([14]), l2 = filter())
[    65.437][cube-solver-0][DEBUG] Initialising process for 3 lines of code.
[    66.434][cube-solver-0][DEBUG] Solving cube (l0 = natural_join(), l1 = summarise([14]), l2 = anti_join([18]))
[    66.817][cube-solver-1][DEBUG] Solving cube (l0 = natural_join(), l1 = summarise([14]), l2 = left_join())
[    70.708][cube-solver-3][DEBUG] Solving cube (l0 = natural_join(), l1 = summarise([14]), l2 = union())
[    86.350][cube-solver-0][DEBUG] Solving cube (l0 = natural_join(), l1 = summarise([14]), l2 = intersect([8]))
[    92.449][cube-solver-1][DEBUG] Solving cube (l0 = natural_join(), l1 = summarise([14]), l2 = semi_join())
[    96.212][cube-solver-2][DEBUG] Initialising process for 3 lines of code.
[    97.491][cube-solver-2][DEBUG] Solving cube (l0 = natural_join(), l1 = summarise([14]), l2 = cross_join([914]))
[    98.726][cube-solver-3][DEBUG] Solving cube (l0 = natural_join(), l1 = summarise([14]), l2 = mutate([1]))
[    99.404][cube-solver-3][DEBUG] Solving cube (l0 = natural_join(), l1 = summarise([14]), l2 = inner_join([84]))
[    99.802][cube-solver-0][DEBUG] Solving cube (l0 = natural_join(), l1 = filter(), l2 = summarise([14]))
[    99.822][cube-solver-0][DEBUG] Solving cube (l0 = natural_join(), l1 = filter(), l2 = mutate([1]))
[    99.831][cube-solver-0][DEBUG] Solving cube (l0 = natural_join(), l1 = anti_join([18]), l2 = summarise([14]))
[    99.851][cube-solver-0][DEBUG] Solving cube (l0 = natural_join(), l1 = anti_join([18]), l2 = mutate([1]))
[    99.865][cube-solver-0][DEBUG] Solving cube (l0 = natural_join(), l1 = left_join(), l2 = summarise([14]))
[   104.735][cube-solver-1][DEBUG] Solving cube (l0 = natural_join(), l1 = left_join(), l2 = mutate([1]))
[   106.386][cube-solver-0][DEBUG] Solving cube (l0 = natural_join(), l1 = union(), l2 = summarise([14]))
[   107.115][cube-solver-1][DEBUG] Solving cube (l0 = natural_join(), l1 = union(), l2 = mutate([1]))
[   109.506][cube-solver-1][DEBUG] Solving cube (l0 = natural_join(), l1 = intersect([8]), l2 = summarise([14]))
[   112.468][cube-solver-0][DEBUG] Solving cube (l0 = natural_join(), l1 = intersect([8]), l2 = mutate([1]))
[   113.341][cube-solver-0][DEBUG] Solving cube (l0 = natural_join(), l1 = semi_join(), l2 = summarise([14]))
[   116.776][cube-solver-1][DEBUG] Solving cube (l0 = natural_join(), l1 = semi_join(), l2 = mutate([1]))
[   118.283][cube-solver-0][DEBUG] Solving cube (l0 = natural_join(), l1 = cross_join([914]), l2 = summarise([14]))
[   118.800][cube-solver-1][DEBUG] Solving cube (l0 = natural_join(), l1 = cross_join([914]), l2 = mutate([1]))
[   509.274][cube-solver-1][DEBUG] Solving cube (l0 = natural_join(), l1 = mutate([1]), l2 = natural_join())
[   512.978][cube-solver-1][DEBUG] Solving cube (l0 = natural_join(), l1 = mutate([1]), l2 = natural_join3())
[   515.959][cube-solver-1][DEBUG] Solving cube (l0 = natural_join(), l1 = mutate([1]), l2 = natural_join4())
[   515.973][cube-solver-1][DEBUG] Solving cube (l0 = natural_join(), l1 = mutate([1]), l2 = summarise([14]))
[   517.235][cube-solver-1][DEBUG] Solving cube (l0 = natural_join(), l1 = mutate([1]), l2 = filter())
[   519.611][cube-solver-1][DEBUG] Solving cube (l0 = natural_join(), l1 = mutate([1]), l2 = anti_join([18]))
[   526.496][cube-solver-1][DEBUG] Solving cube (l0 = natural_join(), l1 = mutate([1]), l2 = left_join())
[   530.624][cube-solver-1][DEBUG] Solving cube (l0 = natural_join(), l1 = mutate([1]), l2 = union())
[   534.904][cube-solver-1][DEBUG] Solving cube (l0 = natural_join(), l1 = mutate([1]), l2 = intersect([8]))
[   536.339][cube-solver-1][DEBUG] Solving cube (l0 = natural_join(), l1 = mutate([1]), l2 = semi_join())
[   539.737][cube-solver-1][DEBUG] Solving cube (l0 = natural_join(), l1 = mutate([1]), l2 = cross_join([914]))
[   547.848][cube-solver-3][DEBUG] Solving cube (l0 = natural_join(), l1 = mutate([1]), l2 = mutate([1]))
[   548.316][cube-solver-3][DEBUG] Solving cube (l0 = natural_join(), l1 = mutate([1]), l2 = inner_join([84]))
[   599.952][MainProcess][INFO] Statistics:
[   599.953][MainProcess][INFO] 	Generated cubes: 90
[   599.953][MainProcess][INFO] 	Attempted programs: 37435
[   599.953][MainProcess][INFO] 		Rejected: 3899
[   599.953][MainProcess][INFO] 		Failed: 33536
[   599.954][MainProcess][INFO] 	Blacklist clauses: 1039
[   599.954][MainProcess][DEBUG] Printing statistics for good programs of size 2
[   599.962][MainProcess][DEBUG] 	0: Counter({'summarise': 3064, 'inner_join': 2520, 'mutate': 1476, 'natural_join': 256, 'left_join': 256, 'union': 256, 'anti_join': 144, 'semi_join': 72})
[   599.966][MainProcess][DEBUG] 	1: Counter({'summarise': 2280, 'inner_join': 2120, 'natural_join3': 1440, 'mutate': 1224, 'union': 376, 'natural_join': 200, 'left_join': 200, 'anti_join': 136, 'semi_join': 68})
[   599.967][MainProcess][DEBUG] Printing statistics for good programs of size 3
[   600.072][MainProcess][DEBUG] 	0: Counter({'natural_join': 261593})
[   600.123][MainProcess][DEBUG] 	1: Counter({'summarise': 143800, 'cross_join': 90196, 'mutate': 24093, 'left_join': 1280, 'union': 1280, 'semi_join': 912, 'intersect': 32})
[   600.173][MainProcess][DEBUG] 	2: Counter({'cross_join': 77035, 'inner_join': 64834, 'mutate': 63088, 'summarise': 30948, 'union': 5552, 'left_join': 5040, 'natural_join': 4784, 'natural_join3': 4640, 'anti_join': 2584, 'semi_join': 2288, 'filter': 800})

No solution found
