[     1.576][MainProcess][INFO] Parsing specification...
[     1.580][MainProcess][DEBUG] Reading input files...
[     1.587][MainProcess][INFO] Inferred data types for table tests-examples/textbook/tables/23-1.txt: ['string', 'string', 'int64']
[     1.593][MainProcess][INFO] Inferred data types for table tests-examples/textbook/tables/23-2.txt: ['string', 'string', 'string']
[     1.597][MainProcess][INFO] Inferred data types for table tests-examples/textbook/tables/23-3.txt: ['string', 'string']
[     1.603][MainProcess][INFO] Inferred data types for table tests-examples/textbook/tables/23.out: ['string', 'string', 'int64']
[     1.632][MainProcess][DEBUG] Generating DSL...
[     1.828][MainProcess][INFO] Creating 4 processes
[     2.022][cube-solver-2][DEBUG] Initialising process for 2 lines of code.
[     2.026][cube-solver-1][DEBUG] Initialising process for 2 lines of code.
[     2.031][cube-solver-0][DEBUG] Initialising process for 2 lines of code.
[     2.058][cube-solver-3][DEBUG] Initialising process for 2 lines of code.
[    10.194][cube-solver-3][WARNING] There is no solution for current loc (2).
[    10.195][cube-solver-3][DEBUG] Solving cube (l0 = mutate(), l1 = filter())
[    10.197][MainProcess][DEBUG] Increasing generator loc to 3
[    10.207][cube-solver-3][DEBUG] Initialising process for 3 lines of code.
[    10.210][cube-solver-1][WARNING] There is no solution for current loc (2).
[    10.211][cube-solver-1][DEBUG] Solving cube (l0 = filter(), l1 = summarise())
[    10.224][cube-solver-1][DEBUG] Initialising process for 3 lines of code.
[    10.506][cube-solver-2][WARNING] There is no solution for current loc (2).
[    10.507][cube-solver-2][DEBUG] Solving cube (l0 = filter(), l1 = mutate())
[    10.532][cube-solver-2][DEBUG] Initialising process for 3 lines of code.
[    10.550][cube-solver-0][WARNING] There is no solution for current loc (2).
[    10.551][cube-solver-0][DEBUG] Solving cube (l0 = summarise(), l1 = filter())
[    10.577][cube-solver-0][DEBUG] Initialising process for 3 lines of code.
[    21.722][cube-solver-3][DEBUG] Solving cube (l0 = natural_join(), l1 = summarise(), l2 = filter())
[    21.779][cube-solver-3][DEBUG] Solving cube (l0 = natural_join3(), l1 = summarise(), l2 = filter())
[    21.893][cube-solver-1][DEBUG] Solving cube (l0 = natural_join(), l1 = filter(), l2 = summarise())
[    21.952][cube-solver-1][DEBUG] Solving cube (l0 = natural_join3([1]), l1 = filter(), l2 = summarise())
[    22.299][cube-solver-2][DEBUG] Solving cube (l0 = natural_join(), l1 = filter(), l2 = mutate())
[    22.355][cube-solver-0][DEBUG] Solving cube (l0 = natural_join(), l1 = mutate(), l2 = filter())
[    22.383][cube-solver-2][DEBUG] Solving cube (l0 = natural_join3([1]), l1 = filter(), l2 = mutate())
[    22.451][cube-solver-0][DEBUG] Solving cube (l0 = natural_join3([1]), l1 = mutate(), l2 = filter())
[    77.547][cube-solver-3][DEBUG] Solving cube (l0 = natural_join4(), l1 = summarise(), l2 = filter())
[    77.580][cube-solver-3][DEBUG] Solving cube (l0 = natural_join4(), l1 = filter(), l2 = summarise())
[    77.605][cube-solver-3][DEBUG] Solving cube (l0 = natural_join4(), l1 = filter(), l2 = mutate())
[    77.630][cube-solver-3][DEBUG] Solving cube (l0 = natural_join4(), l1 = mutate(), l2 = filter())
[    77.656][cube-solver-3][DEBUG] Solving cube (l0 = summarise(), l1 = natural_join(), l2 = filter())
[    77.696][cube-solver-3][DEBUG] Solving cube (l0 = summarise(), l1 = natural_join3([2]), l2 = filter())
[   110.828][cube-solver-1][DEBUG] Solving cube (l0 = summarise([117]), l1 = natural_join4(), l2 = filter())
[   110.903][cube-solver-1][DEBUG] Solving cube (l0 = summarise([117]), l1 = summarise([117]), l2 = filter())
[   111.006][cube-solver-1][DEBUG] Solving cube (l0 = summarise([117]), l1 = filter(), l2 = natural_join())
[   111.090][cube-solver-1][DEBUG] Solving cube (l0 = summarise([117]), l1 = filter(), l2 = natural_join3([2]))
[   146.611][cube-solver-0][DEBUG] Solving cube (l0 = summarise([117]), l1 = filter([4]), l2 = natural_join4())
[   147.530][cube-solver-2][DEBUG] Solving cube (l0 = summarise([117]), l1 = filter([6]), l2 = summarise([117]))
[   147.668][cube-solver-2][DEBUG] Solving cube (l0 = summarise([117]), l1 = filter([7]), l2 = filter([7]))
[   147.755][cube-solver-2][DEBUG] Solving cube (l0 = summarise([117]), l1 = filter([7]), l2 = anti_join())
[   147.837][cube-solver-2][DEBUG] Solving cube (l0 = summarise([117]), l1 = filter([7]), l2 = left_join())
[   147.915][cube-solver-2][DEBUG] Solving cube (l0 = summarise([117]), l1 = filter([7]), l2 = union())
[   147.986][cube-solver-2][DEBUG] Solving cube (l0 = summarise([117]), l1 = filter([7]), l2 = intersect())
[   148.063][cube-solver-2][DEBUG] Solving cube (l0 = summarise([117]), l1 = filter([7]), l2 = semi_join())
[   148.133][cube-solver-2][DEBUG] Solving cube (l0 = summarise([117]), l1 = filter([7]), l2 = cross_join())
[   148.229][cube-solver-2][DEBUG] Solving cube (l0 = summarise([117]), l1 = filter([7]), l2 = mutate())
[   148.298][cube-solver-2][DEBUG] Solving cube (l0 = summarise([117]), l1 = filter([7]), l2 = inner_join())
[   148.380][cube-solver-2][DEBUG] Solving cube (l0 = summarise([117]), l1 = anti_join(), l2 = filter([7]))
[   148.452][cube-solver-2][DEBUG] Solving cube (l0 = summarise([117]), l1 = left_join(), l2 = filter([7]))
[   148.520][cube-solver-2][DEBUG] Solving cube (l0 = summarise([117]), l1 = union(), l2 = filter([7]))
[   148.588][cube-solver-2][DEBUG] Solving cube (l0 = summarise([117]), l1 = intersect(), l2 = filter([7]))
[   148.657][cube-solver-2][DEBUG] Solving cube (l0 = summarise([117]), l1 = semi_join(), l2 = filter([7]))
[   148.725][cube-solver-2][DEBUG] Solving cube (l0 = summarise([117]), l1 = cross_join(), l2 = filter([7]))
[   148.795][cube-solver-2][DEBUG] Solving cube (l0 = summarise([117]), l1 = mutate(), l2 = filter([7]))
[   148.862][cube-solver-2][DEBUG] Solving cube (l0 = summarise([117]), l1 = inner_join(), l2 = filter([7]))
[   148.928][cube-solver-2][DEBUG] Solving cube (l0 = filter([7]), l1 = natural_join(), l2 = summarise([117]))
[   149.002][cube-solver-2][DEBUG] Solving cube (l0 = filter([7]), l1 = natural_join(), l2 = mutate())
[   149.036][cube-solver-2][DEBUG] Solving cube (l0 = filter([7]), l1 = natural_join3([2]), l2 = summarise([117]))
[   175.411][cube-solver-0][DEBUG] Solving cube (l0 = filter([15]), l1 = natural_join3([2]), l2 = mutate())
[   224.013][cube-solver-1][DEBUG] Solving cube (l0 = filter([16]), l1 = natural_join4(), l2 = summarise([117]))
[   256.795][cube-solver-3][DEBUG] Solving cube (l0 = filter([16]), l1 = natural_join4(), l2 = mutate())
[   276.545][cube-solver-2][DEBUG] Solving cube (l0 = filter([16]), l1 = summarise([117]), l2 = natural_join())
[   276.622][cube-solver-2][DEBUG] Solving cube (l0 = filter([16]), l1 = summarise([117]), l2 = natural_join3([2]))
[   303.278][cube-solver-0][DEBUG] Solving cube (l0 = filter([16]), l1 = summarise([117]), l2 = natural_join4())
[   303.351][cube-solver-0][DEBUG] Solving cube (l0 = filter([16]), l1 = summarise([117]), l2 = summarise([117]))
[   303.459][cube-solver-0][DEBUG] Solving cube (l0 = filter([16]), l1 = summarise([117]), l2 = filter([16]))
[   303.539][cube-solver-0][DEBUG] Solving cube (l0 = filter([16]), l1 = summarise([117]), l2 = anti_join())
[   303.617][cube-solver-0][DEBUG] Solving cube (l0 = filter([16]), l1 = summarise([117]), l2 = left_join())
[   303.690][cube-solver-0][DEBUG] Solving cube (l0 = filter([16]), l1 = summarise([117]), l2 = union())
[   303.763][cube-solver-0][DEBUG] Solving cube (l0 = filter([16]), l1 = summarise([117]), l2 = intersect())
[   303.837][cube-solver-0][DEBUG] Solving cube (l0 = filter([16]), l1 = summarise([117]), l2 = semi_join())
[   303.908][cube-solver-0][DEBUG] Solving cube (l0 = filter([16]), l1 = summarise([117]), l2 = cross_join())
[   303.986][cube-solver-0][DEBUG] Solving cube (l0 = filter([16]), l1 = summarise([117]), l2 = mutate())
[   304.058][cube-solver-0][DEBUG] Solving cube (l0 = filter([16]), l1 = summarise([117]), l2 = inner_join())
[   304.133][cube-solver-0][DEBUG] Solving cube (l0 = filter([16]), l1 = filter([16]), l2 = summarise([117]))
[   304.209][cube-solver-0][DEBUG] Solving cube (l0 = filter([16]), l1 = filter([16]), l2 = mutate())
[   304.248][cube-solver-0][DEBUG] Solving cube (l0 = filter([16]), l1 = anti_join(), l2 = summarise([117]))
[   304.337][cube-solver-0][DEBUG] Solving cube (l0 = filter([16]), l1 = anti_join(), l2 = mutate())
[   304.374][cube-solver-0][DEBUG] Solving cube (l0 = filter([16]), l1 = left_join(), l2 = summarise([117]))
[   304.445][cube-solver-0][DEBUG] Solving cube (l0 = filter([16]), l1 = left_join(), l2 = mutate())
[   304.480][cube-solver-0][DEBUG] Solving cube (l0 = filter([16]), l1 = union(), l2 = summarise([117]))
[   304.550][cube-solver-0][DEBUG] Solving cube (l0 = filter([16]), l1 = union(), l2 = mutate())
[   304.585][cube-solver-0][DEBUG] Solving cube (l0 = filter([16]), l1 = intersect(), l2 = summarise([117]))
[   304.656][cube-solver-0][DEBUG] Solving cube (l0 = filter([16]), l1 = intersect(), l2 = mutate())
[   304.690][cube-solver-0][DEBUG] Solving cube (l0 = filter([16]), l1 = semi_join(), l2 = summarise([117]))
[   304.761][cube-solver-0][DEBUG] Solving cube (l0 = filter([16]), l1 = semi_join(), l2 = mutate())
[   304.796][cube-solver-0][DEBUG] Solving cube (l0 = filter([16]), l1 = cross_join(), l2 = summarise([117]))
[   304.869][cube-solver-0][DEBUG] Solving cube (l0 = filter([16]), l1 = cross_join(), l2 = mutate())
[   304.903][cube-solver-0][DEBUG] Solving cube (l0 = filter([16]), l1 = mutate(), l2 = natural_join())
[   304.939][cube-solver-0][DEBUG] Solving cube (l0 = filter([16]), l1 = mutate(), l2 = natural_join3([2]))
[   407.216][cube-solver-2][DEBUG] Solving cube (l0 = filter([16]), l1 = mutate([2]), l2 = natural_join4())
[   435.517][cube-solver-0][DEBUG] Solving cube (l0 = filter([16]), l1 = mutate([4]), l2 = summarise([117]))
[   435.596][cube-solver-0][DEBUG] Solving cube (l0 = filter([16]), l1 = mutate([4]), l2 = filter([16]))
[   435.634][cube-solver-0][DEBUG] Solving cube (l0 = filter([16]), l1 = mutate([4]), l2 = anti_join())
[   435.669][cube-solver-0][DEBUG] Solving cube (l0 = filter([16]), l1 = mutate([4]), l2 = left_join())
[   435.703][cube-solver-0][DEBUG] Solving cube (l0 = filter([16]), l1 = mutate([4]), l2 = union())
[   435.737][cube-solver-0][DEBUG] Solving cube (l0 = filter([16]), l1 = mutate([4]), l2 = intersect())
[   435.772][cube-solver-0][DEBUG] Solving cube (l0 = filter([16]), l1 = mutate([4]), l2 = semi_join())
[   435.805][cube-solver-0][DEBUG] Solving cube (l0 = filter([16]), l1 = mutate([4]), l2 = cross_join())
[   435.840][cube-solver-0][DEBUG] Solving cube (l0 = filter([16]), l1 = mutate([4]), l2 = mutate([4]))
[   435.874][cube-solver-0][DEBUG] Solving cube (l0 = filter([16]), l1 = mutate([4]), l2 = inner_join())
[   435.911][cube-solver-0][DEBUG] Solving cube (l0 = filter([16]), l1 = inner_join(), l2 = summarise([117]))
[   435.981][cube-solver-0][DEBUG] Solving cube (l0 = filter([16]), l1 = inner_join(), l2 = mutate([4]))
[   436.016][cube-solver-0][DEBUG] Solving cube (l0 = anti_join(), l1 = summarise([117]), l2 = filter([16]))
[   436.093][cube-solver-0][DEBUG] Solving cube (l0 = anti_join(), l1 = filter([16]), l2 = summarise([117]))
[   436.169][cube-solver-0][DEBUG] Solving cube (l0 = anti_join(), l1 = filter([16]), l2 = mutate([4]))
[   436.204][cube-solver-0][DEBUG] Solving cube (l0 = anti_join(), l1 = mutate([4]), l2 = filter([16]))
[   436.241][cube-solver-0][DEBUG] Solving cube (l0 = left_join(), l1 = summarise([117]), l2 = filter([16]))
[   436.324][cube-solver-0][DEBUG] Solving cube (l0 = left_join(), l1 = filter([16]), l2 = summarise([117]))
[   436.398][cube-solver-0][DEBUG] Solving cube (l0 = left_join(), l1 = filter([16]), l2 = mutate([4]))
[   436.433][cube-solver-0][DEBUG] Solving cube (l0 = left_join(), l1 = mutate([4]), l2 = filter([16]))
[   436.468][cube-solver-0][DEBUG] Solving cube (l0 = union(), l1 = summarise([117]), l2 = filter([16]))
[   436.541][cube-solver-0][DEBUG] Solving cube (l0 = union(), l1 = filter([16]), l2 = summarise([117]))
[   436.612][cube-solver-0][DEBUG] Solving cube (l0 = union(), l1 = filter([16]), l2 = mutate([4]))
[   436.648][cube-solver-0][DEBUG] Solving cube (l0 = union(), l1 = mutate([4]), l2 = filter([16]))
[   436.682][cube-solver-0][DEBUG] Solving cube (l0 = intersect(), l1 = summarise([117]), l2 = filter([16]))
[   436.756][cube-solver-0][DEBUG] Solving cube (l0 = intersect(), l1 = filter([16]), l2 = summarise([117]))
[   436.828][cube-solver-0][DEBUG] Solving cube (l0 = intersect(), l1 = filter([16]), l2 = mutate([4]))
[   436.863][cube-solver-0][DEBUG] Solving cube (l0 = intersect(), l1 = mutate([4]), l2 = filter([16]))
[   436.897][cube-solver-0][DEBUG] Solving cube (l0 = semi_join(), l1 = summarise([117]), l2 = filter([16]))
[   436.975][cube-solver-0][DEBUG] Solving cube (l0 = semi_join(), l1 = filter([16]), l2 = summarise([117]))
[   437.051][cube-solver-0][DEBUG] Solving cube (l0 = semi_join(), l1 = filter([16]), l2 = mutate([4]))
[   437.088][cube-solver-0][DEBUG] Solving cube (l0 = semi_join(), l1 = mutate([4]), l2 = filter([16]))
[   437.127][cube-solver-0][DEBUG] Solving cube (l0 = cross_join(), l1 = summarise([117]), l2 = filter([16]))
[   437.268][cube-solver-0][DEBUG] Solving cube (l0 = cross_join(), l1 = filter([16]), l2 = summarise([117]))
[   437.344][cube-solver-0][DEBUG] Solving cube (l0 = cross_join(), l1 = filter([16]), l2 = mutate([4]))
[   437.379][cube-solver-0][DEBUG] Solving cube (l0 = cross_join(), l1 = mutate([4]), l2 = filter([16]))
[   437.415][cube-solver-0][DEBUG] Solving cube (l0 = mutate([4]), l1 = natural_join(), l2 = filter([16]))
[   437.456][cube-solver-0][DEBUG] Solving cube (l0 = mutate([4]), l1 = natural_join3([2]), l2 = filter([16]))
[   564.290][cube-solver-0][DEBUG] Solving cube (l0 = mutate([4]), l1 = natural_join4(), l2 = filter([16]))
[   580.180][cube-solver-1][DEBUG] Solving cube (l0 = mutate([4]), l1 = summarise([117]), l2 = filter([16]))
[   580.259][cube-solver-1][DEBUG] Solving cube (l0 = mutate([4]), l1 = filter([16]), l2 = natural_join())
[   580.294][cube-solver-1][DEBUG] Solving cube (l0 = mutate([4]), l1 = filter([16]), l2 = natural_join3([2]))
[   600.000][MainProcess][INFO] Statistics:
[   600.002][MainProcess][INFO] 	Generated cubes: 119
[   600.002][MainProcess][INFO] 	Attempted programs: 28216
[   600.002][MainProcess][INFO] 		Rejected: 7200
[   600.003][MainProcess][INFO] 		Failed: 21016
[   600.003][MainProcess][INFO] 	Blacklist clauses: 139
[   600.003][MainProcess][DEBUG] Printing statistics for good programs of size 3
[   600.132][MainProcess][DEBUG] 	0: Counter({'filter': 191673, 'natural_join3': 55296, 'summarise': 30720, 'mutate': 30234})
[   600.196][MainProcess][DEBUG] 	1: Counter({'natural_join4': 98633, 'mutate': 74025, 'natural_join3': 67200, 'filter': 49249, 'summarise': 18816})
[   600.254][MainProcess][DEBUG] 	2: Counter({'mutate': 101328, 'filter': 67001, 'natural_join3': 55009, 'summarise': 52800, 'natural_join4': 31785})

No solution found
