[     1.681][MainProcess][INFO] Parsing specification...
[     1.684][MainProcess][WARNING] "attrs" field is deprecated. Please use "columns"
[     1.685][MainProcess][WARNING] "const" field is deprecated. Please use "constants"
[     1.685][MainProcess][DEBUG] Reading input files...
[     1.692][MainProcess][INFO] Inferred data types for table tests-examples/textbook/tables/aircraft.txt: ['int64', 'string', 'int64']
[     1.703][MainProcess][INFO] Inferred data types for table tests-examples/textbook/tables/flights.txt: ['int64', 'string', 'string', 'int64', 'datetime64[ns]', 'datetime64[ns]', 'int64']
[     1.708][MainProcess][INFO] Inferred data types for table tests-examples/textbook/tables/certified.txt: ['int64', 'int64']
[     1.713][MainProcess][INFO] Inferred data types for table tests-examples/textbook/tables/employees.txt: ['int64', 'string', 'float64']
[     1.718][MainProcess][INFO] Inferred data types for table tests-examples/textbook/tables/30.out: ['object', 'object']
[     1.759][MainProcess][DEBUG] Generating DSL...
[     2.050][MainProcess][INFO] Creating 4 processes
[     2.068][MainProcess][DEBUG] Increasing generator loc to 2
[     2.377][cube-solver-1][DEBUG] Initialising process for 2 lines of code.
[     2.383][cube-solver-3][DEBUG] Initialising process for 2 lines of code.
[     2.448][cube-solver-0][DEBUG] Initialising process for 1 lines of code.
[     2.477][cube-solver-2][DEBUG] Initialising process for 2 lines of code.
[     7.520][cube-solver-0][WARNING] There is no solution for current loc (1).
[     7.521][cube-solver-0][DEBUG] Solving cube (l0 = filter(),)
[     7.548][cube-solver-0][DEBUG] Initialising process for 2 lines of code.
[    13.432][cube-solver-2][DEBUG] Solving cube (l0 = natural_join3(), l1 = filter())
[    13.538][cube-solver-3][DEBUG] Solving cube (l0 = natural_join4(), l1 = filter())
[    13.538][cube-solver-1][DEBUG] Solving cube (l0 = natural_join(), l1 = filter())
[    13.549][cube-solver-2][DEBUG] Solving cube (l0 = filter(), l1 = natural_join3())
[    13.596][cube-solver-1][DEBUG] Solving cube (l0 = filter(), l1 = natural_join4())
[    13.639][cube-solver-2][DEBUG] Solving cube (l0 = filter(), l1 = filter())
[    13.672][cube-solver-2][DEBUG] Solving cube (l0 = filter([2]), l1 = anti_join())
[    13.707][cube-solver-2][DEBUG] Solving cube (l0 = filter([4]), l1 = left_join())
[    13.745][cube-solver-2][DEBUG] Solving cube (l0 = filter([6]), l1 = union())
[    13.784][cube-solver-2][DEBUG] Solving cube (l0 = filter([9]), l1 = intersect())
[    13.824][cube-solver-2][DEBUG] Solving cube (l0 = filter([11]), l1 = semi_join())
[    13.868][cube-solver-2][DEBUG] Solving cube (l0 = filter([14]), l1 = cross_join())
[    13.917][cube-solver-2][DEBUG] Solving cube (l0 = filter([17]), l1 = inner_join())
[    13.961][cube-solver-2][DEBUG] Solving cube (l0 = anti_join(), l1 = filter([20]))
[    14.008][cube-solver-2][DEBUG] Solving cube (l0 = left_join(), l1 = filter([23]))
[    14.057][cube-solver-2][DEBUG] Solving cube (l0 = union(), l1 = filter([26]))
[    14.107][cube-solver-2][DEBUG] Solving cube (l0 = intersect(), l1 = filter([29]))
[    14.158][cube-solver-2][DEBUG] Solving cube (l0 = semi_join(), l1 = filter([32]))
[    14.211][cube-solver-2][DEBUG] Solving cube (l0 = cross_join(), l1 = filter([35]))
[    14.265][cube-solver-2][DEBUG] Solving cube (l0 = inner_join(), l1 = filter([38]))
[    14.289][MainProcess][DEBUG] Increasing generator loc to 3
[    14.317][cube-solver-2][DEBUG] Initialising process for 3 lines of code.
[    22.770][cube-solver-0][DEBUG] Solving cube (l0 = filter([229]), l1 = natural_join())
[    22.943][cube-solver-0][DEBUG] Initialising process for 3 lines of code.
[    33.919][cube-solver-2][DEBUG] Solving cube (l0 = natural_join(), l1 = filter([266]), l2 = natural_join())
[    34.484][cube-solver-2][DEBUG] Solving cube (l0 = natural_join(), l1 = filter([406]), l2 = natural_join4([23]))
[    39.622][cube-solver-0][DEBUG] Solving cube (l0 = natural_join([4]), l1 = filter([435]), l2 = natural_join3())
[   248.790][cube-solver-3][DEBUG] Initialising process for 3 lines of code.
[   266.223][cube-solver-3][DEBUG] Solving cube (l0 = natural_join([8]), l1 = filter([1371]), l2 = filter([1371]))
[   267.965][cube-solver-3][DEBUG] Solving cube (l0 = natural_join([8]), l1 = filter([1424]), l2 = anti_join())
[   269.301][cube-solver-3][DEBUG] Solving cube (l0 = natural_join([8]), l1 = filter([1496]), l2 = left_join())
[   270.704][cube-solver-3][DEBUG] Solving cube (l0 = natural_join([8]), l1 = filter([1546]), l2 = union())
[   271.889][cube-solver-3][DEBUG] Solving cube (l0 = natural_join([8]), l1 = filter([1553]), l2 = intersect())
[   273.164][cube-solver-3][DEBUG] Solving cube (l0 = natural_join([8]), l1 = filter([1575]), l2 = semi_join())
[   274.591][cube-solver-3][DEBUG] Solving cube (l0 = natural_join([8]), l1 = filter([1602]), l2 = cross_join())
[   276.156][cube-solver-3][DEBUG] Solving cube (l0 = natural_join([8]), l1 = filter([1632]), l2 = inner_join())
[   277.613][cube-solver-3][DEBUG] Solving cube (l0 = natural_join([8]), l1 = anti_join(), l2 = filter([1632]))
[   278.841][cube-solver-3][DEBUG] Solving cube (l0 = natural_join([8]), l1 = left_join(), l2 = filter([1635]))
[   280.199][cube-solver-3][DEBUG] Solving cube (l0 = natural_join([8]), l1 = union(), l2 = filter([1673]))
[   281.601][cube-solver-3][DEBUG] Solving cube (l0 = natural_join([8]), l1 = intersect(), l2 = filter([1704]))
[   282.898][cube-solver-3][DEBUG] Solving cube (l0 = natural_join([8]), l1 = semi_join(), l2 = filter([1704]))
[   284.374][cube-solver-3][DEBUG] Solving cube (l0 = natural_join([8]), l1 = cross_join(), l2 = filter([1741]))
[   285.969][cube-solver-3][DEBUG] Solving cube (l0 = natural_join([8]), l1 = inner_join(), l2 = filter([1802]))
[   287.418][cube-solver-3][DEBUG] Solving cube (l0 = natural_join([8]), l1 = natural_join([8]), l2 = filter([1812]))
[   288.944][cube-solver-3][DEBUG] Solving cube (l0 = natural_join([8]), l1 = natural_join3(), l2 = filter([1845]))
[   290.594][cube-solver-3][DEBUG] Solving cube (l0 = natural_join([8]), l1 = natural_join4([24]), l2 = filter([1848]))
[   292.078][cube-solver-3][DEBUG] Solving cube (l0 = natural_join3(), l1 = filter([1867]), l2 = natural_join([8]))
[   600.009][MainProcess][INFO] Statistics:
[   600.009][MainProcess][INFO] 	Generated cubes: 44
[   600.010][MainProcess][INFO] 	Attempted programs: 14760
[   600.010][MainProcess][INFO] 		Rejected: 0
[   600.010][MainProcess][INFO] 		Failed: 14760
[   600.010][MainProcess][INFO] 	Blacklist clauses: 1899

No solution found
