[     1.599][MainProcess][INFO] Parsing specification...
[     1.602][MainProcess][WARNING] "attrs" field is deprecated. Please use "columns"
[     1.602][MainProcess][WARNING] "const" field is deprecated. Please use "constants"
[     1.603][MainProcess][DEBUG] Reading input files...
[     1.611][MainProcess][INFO] Inferred data types for table tests-examples/textbook/tables/aircraft.txt: ['int64', 'string', 'int64']
[     1.615][MainProcess][INFO] Inferred data types for table tests-examples/textbook/tables/certified.txt: ['int64', 'int64']
[     1.620][MainProcess][INFO] Inferred data types for table tests-examples/textbook/tables/employees.txt: ['int64', 'string', 'float64']
[     1.624][MainProcess][INFO] Inferred data types for table tests-examples/textbook/tables/35.out: ['string']
[     1.654][MainProcess][DEBUG] Generating DSL...
[     1.674][MainProcess][INFO] Creating 4 processes
[     1.688][MainProcess][DEBUG] Increasing generator loc to 2
[     1.719][cube-solver-1][DEBUG] Initialising process for 2 lines of code.
[     1.723][cube-solver-2][DEBUG] Initialising process for 2 lines of code.
[     1.723][cube-solver-0][DEBUG] Initialising process for 1 lines of code.
[     1.724][cube-solver-3][DEBUG] Initialising process for 2 lines of code.
[     1.892][cube-solver-0][WARNING] There is no solution for current loc (1).
[     1.893][cube-solver-0][DEBUG] Solving cube (l0 = filter(),)
[     1.896][cube-solver-0][DEBUG] Initialising process for 2 lines of code.
[     2.048][cube-solver-2][DEBUG] Solving cube (l0 = natural_join3(), l1 = filter())
[     2.070][cube-solver-1][DEBUG] Solving cube (l0 = natural_join(), l1 = filter())
[     2.071][cube-solver-3][DEBUG] Solving cube (l0 = natural_join4(), l1 = filter())
[     2.073][cube-solver-1][DEBUG] Solving cube (l0 = filter(), l1 = natural_join3())
[     2.074][cube-solver-3][DEBUG] Solving cube (l0 = filter(), l1 = natural_join4())
[     2.214][cube-solver-0][DEBUG] Solving cube (l0 = filter([4]), l1 = natural_join())
[     2.219][cube-solver-0][DEBUG] Solving cube (l0 = filter([4]), l1 = filter([4]))
[     2.226][cube-solver-0][DEBUG] Solving cube (l0 = filter([4]), l1 = anti_join())
[     2.231][cube-solver-0][DEBUG] Solving cube (l0 = filter([4]), l1 = left_join())
[     2.234][cube-solver-0][DEBUG] Solving cube (l0 = filter([4]), l1 = union())
[     2.237][cube-solver-0][DEBUG] Solving cube (l0 = filter([4]), l1 = intersect())
[     2.240][cube-solver-0][DEBUG] Solving cube (l0 = filter([4]), l1 = semi_join())
[     2.243][cube-solver-0][DEBUG] Solving cube (l0 = filter([4]), l1 = cross_join())
[     2.246][cube-solver-0][DEBUG] Solving cube (l0 = filter([4]), l1 = inner_join())
[     2.249][cube-solver-0][DEBUG] Solving cube (l0 = anti_join(), l1 = filter([4]))
[     2.252][cube-solver-0][DEBUG] Solving cube (l0 = left_join(), l1 = filter([4]))
[     2.255][cube-solver-0][DEBUG] Solving cube (l0 = union(), l1 = filter([4]))
[     2.258][cube-solver-0][DEBUG] Solving cube (l0 = intersect(), l1 = filter([4]))
[     2.262][cube-solver-0][DEBUG] Solving cube (l0 = semi_join(), l1 = filter([4]))
[     2.265][cube-solver-0][DEBUG] Solving cube (l0 = cross_join(), l1 = filter([4]))
[     2.268][cube-solver-0][DEBUG] Solving cube (l0 = inner_join(), l1 = filter([4]))
[     2.270][MainProcess][DEBUG] Increasing generator loc to 3
[     2.271][cube-solver-0][DEBUG] Initialising process for 3 lines of code.
[     2.849][cube-solver-0][DEBUG] Solving cube (l0 = natural_join(), l1 = filter([10]), l2 = natural_join())
[     3.661][cube-solver-2][DEBUG] Initialising process for 3 lines of code.
[     4.056][cube-solver-1][DEBUG] Initialising process for 3 lines of code.
[     4.292][cube-solver-2][DEBUG] Solving cube (l0 = natural_join([2]), l1 = filter([10]), l2 = natural_join3([2]))
[     4.632][cube-solver-1][DEBUG] Solving cube (l0 = natural_join([2]), l1 = filter([10]), l2 = natural_join4())
[     6.233][cube-solver-0][DEBUG] Solving cube (l0 = natural_join([2]), l1 = filter([10]), l2 = filter([10]))
[     6.245][cube-solver-0][DEBUG] Solving cube (l0 = natural_join([2]), l1 = filter([10]), l2 = anti_join())
[     8.939][cube-solver-3][DEBUG] Initialising process for 3 lines of code.
[     9.582][cube-solver-3][DEBUG] Solving cube (l0 = natural_join([2]), l1 = filter([10]), l2 = left_join())
[    12.681][cube-solver-3][DEBUG] Solving cube (l0 = natural_join([2]), l1 = filter([10]), l2 = union())
[    12.927][cube-solver-2][DEBUG] Solving cube (l0 = natural_join([2]), l1 = filter([10]), l2 = intersect())
[    15.737][cube-solver-3][DEBUG] Solving cube (l0 = natural_join([2]), l1 = filter([10]), l2 = semi_join())
[    16.789][cube-solver-0][DEBUG] Solving cube (l0 = natural_join([2]), l1 = filter([10]), l2 = cross_join())
[    17.721][cube-solver-3][DEBUG] Solving cube (l0 = natural_join([2]), l1 = filter([10]), l2 = inner_join())
[    18.343][cube-solver-2][DEBUG] Solving cube (l0 = natural_join([2]), l1 = anti_join(), l2 = filter([10]))
[    18.348][cube-solver-2][DEBUG] Solving cube (l0 = natural_join([2]), l1 = left_join(), l2 = filter([10]))
[    21.167][cube-solver-2][DEBUG] Solving cube (l0 = natural_join([2]), l1 = union(), l2 = filter([10]))
[    21.698][cube-solver-1][DEBUG] Solving cube (l0 = natural_join([2]), l1 = intersect(), l2 = filter([10]))
[    23.920][cube-solver-2][DEBUG] Solving cube (l0 = natural_join([2]), l1 = semi_join(), l2 = filter([10]))
[    25.051][cube-solver-2][DEBUG] Solving cube (l0 = natural_join([2]), l1 = cross_join(), l2 = filter([10]))
[    25.678][cube-solver-1][DEBUG] Solving cube (l0 = natural_join([2]), l1 = inner_join(), l2 = filter([10]))
[    66.561][cube-solver-2][DEBUG] Solving cube (l0 = natural_join([2]), l1 = natural_join([2]), l2 = filter([10]))
[    69.364][cube-solver-2][DEBUG] Solving cube (l0 = natural_join([2]), l1 = natural_join3([2]), l2 = filter([10]))
[    69.370][cube-solver-2][DEBUG] Solving cube (l0 = natural_join([2]), l1 = natural_join4(), l2 = filter([10]))
[    69.375][cube-solver-2][DEBUG] Solving cube (l0 = natural_join3([2]), l1 = filter([10]), l2 = natural_join([2]))
[    77.832][cube-solver-0][DEBUG] Solving cube (l0 = natural_join3([2]), l1 = filter([10]), l2 = natural_join3([2]))
[    77.902][cube-solver-2][DEBUG] Solving cube (l0 = natural_join3([2]), l1 = filter([10]), l2 = natural_join4())
[   102.130][cube-solver-0][DEBUG] Solving cube (l0 = natural_join3([2]), l1 = filter([10]), l2 = filter([10]))
[   103.354][cube-solver-1][DEBUG] Solving cube (l0 = natural_join3([2]), l1 = filter([10]), l2 = anti_join())
[   108.752][cube-solver-2][DEBUG] Solving cube (l0 = natural_join3([2]), l1 = filter([10]), l2 = left_join())
[   109.413][cube-solver-0][DEBUG] Solving cube (l0 = natural_join3([2]), l1 = filter([10]), l2 = union())
[   119.228][cube-solver-3][DEBUG] Solving cube (l0 = natural_join3([2]), l1 = filter([10]), l2 = intersect())
[   125.017][cube-solver-2][DEBUG] Solving cube (l0 = natural_join3([2]), l1 = filter([10]), l2 = semi_join())
[   125.519][cube-solver-0][DEBUG] Solving cube (l0 = natural_join3([2]), l1 = filter([10]), l2 = cross_join())
[   138.708][cube-solver-2][DEBUG] Solving cube (l0 = natural_join3([2]), l1 = filter([10]), l2 = inner_join())
[   148.232][cube-solver-3][DEBUG] Solving cube (l0 = natural_join3([2]), l1 = anti_join(), l2 = filter([10]))
[   148.833][cube-solver-1][DEBUG] Found solution with cube (l0 = natural_join3([2]), l1 = filter([10]), l2 = anti_join())
[   148.835][MainProcess][INFO] Statistics:
[   148.836][MainProcess][INFO] 	Generated cubes: 55
[   148.837][MainProcess][INFO] 	Attempted programs: 26534
[   148.837][MainProcess][INFO] 		Rejected: 4225
[   148.837][MainProcess][INFO] 		Failed: 22308
[   148.837][MainProcess][INFO] 	Blacklist clauses: 14
[   148.837][MainProcess][DEBUG] Printing statistics for good programs of size 2
[   148.839][MainProcess][DEBUG] 	0: Counter({'filter': 1080, 'natural_join3': 240})
[   148.840][MainProcess][DEBUG] 	1: Counter({'natural_join4': 840, 'filter': 240, 'natural_join3': 240})
[   148.841][MainProcess][DEBUG] Printing statistics for good programs of size 3
[   148.861][MainProcess][DEBUG] 	0: Counter({'natural_join3': 29914, 'natural_join': 20100})
[   148.874][MainProcess][DEBUG] 	1: Counter({'filter': 41891, 'inner_join': 6460, 'left_join': 480, 'union': 480, 'natural_join': 480, 'semi_join': 140, 'anti_join': 84})
[   148.887][MainProcess][DEBUG] 	2: Counter({'filter': 9324, 'inner_join': 7953, 'natural_join4': 7200, 'anti_join': 5830, 'natural_join3': 5040, 'cross_join': 3869, 'left_join': 3120, 'union': 3120, 'semi_join': 2400, 'natural_join': 1920, 'intersect': 240})
[   148.888][MainProcess][INFO] Solution found: anti_join(natural_join3(@param1, @param0, @param2), filter(natural_join3(@param1, @param0, @param2), crusingrange < 1000), 'eid', 'ename')

------------------------------------- R Solution ---------------------------------------

con <- DBI::dbConnect(RSQLite::SQLite(), ":memory:")
input1 <- read_csv("tests-examples/textbook/tables/aircraft.txt", col_types = cols(aid = col_integer(),aname = col_character(),crusingrange = col_integer()))
input1 <- copy_to(con, input1)
input2 <- read_csv("tests-examples/textbook/tables/certified.txt", col_types = cols(eid = col_integer(),aid = col_integer()))
input2 <- copy_to(con, input2)
input3 <- read_csv("tests-examples/textbook/tables/employees.txt", col_types = cols(eid = col_integer(),ename = col_character(),salary = col_double()))
input3 <- copy_to(con, input3)
expected_output <- read_csv("tests-examples/textbook/tables/35.out", col_types = cols(ename = col_character()))

df4 <- inner_join(input2, input1) %>% inner_join(input3)
df5 <- df4 %>% filter(crusingrange < 1000)
df6 <- anti_join(df4, df5, by=c('eid', 'ename'))
out <- df6 %>% select(ename) %>% distinct() %>% arrange(ename)


+++++++++++++++++++++++++++++++++++++ SQL Solution +++++++++++++++++++++++++++++++++++++

SELECT DISTINCT ename
FROM
  (SELECT *
   FROM
     (SELECT LHS.eid AS eid,
             LHS.aid AS aid,
             LHS.aname AS aname,
             LHS.crusingrange AS crusingrange,
             RHS.ename AS ename,
             RHS.salary AS salary
      FROM
        (SELECT LHS.eid AS eid,
                LHS.aid AS aid,
                RHS.aname AS aname,
                RHS.crusingrange AS crusingrange
         FROM input2 AS LHS
         INNER JOIN input1 AS RHS ON (LHS.aid = RHS.aid)) AS LHS
      INNER JOIN input3 AS RHS ON (LHS.eid = RHS.eid)) AS LHS
   WHERE NOT EXISTS
       (SELECT 1
        FROM
          (SELECT *
           FROM
             (SELECT LHS.eid AS eid,
                     LHS.aid AS aid,
                     LHS.aname AS aname,
                     LHS.crusingrange AS crusingrange,
                     RHS.ename AS ename,
                     RHS.salary AS salary
              FROM
                (SELECT LHS.eid AS eid,
                        LHS.aid AS aid,
                        RHS.aname AS aname,
                        RHS.crusingrange AS crusingrange
                 FROM input2 AS LHS
                 INNER JOIN input1 AS RHS ON (LHS.aid = RHS.aid)) AS LHS
              INNER JOIN input3 AS RHS ON (LHS.eid = RHS.eid))
           WHERE (crusingrange < 1000.0)) AS RHS
        WHERE (LHS.eid = RHS.eid
               AND LHS.ename = RHS.ename) ))
ORDER BY ename
