[     1.562][MainProcess][INFO] Parsing specification...
[     1.565][MainProcess][WARNING] "attrs" field is deprecated. Please use "columns"
[     1.565][MainProcess][WARNING] "aggrs" field is deprecated. Please use "functions"
[     1.566][MainProcess][DEBUG] Reading input files...
[     1.573][MainProcess][INFO] Inferred data types for table tests-examples/textbook/tables/17-1.txt: ['string', 'string', 'int64']
[     1.578][MainProcess][INFO] Inferred data types for table tests-examples/textbook/tables/17-3.txt: ['string', 'string']
[     1.583][MainProcess][INFO] Inferred data types for table tests-examples/textbook/tables/17.out: ['string', 'string']
[     1.610][MainProcess][DEBUG] Generating DSL...
[     1.629][MainProcess][INFO] Creating 16 processes
[     1.690][MainProcess][DEBUG] Increasing generator loc to 2
[     1.690][cube-solver-0][DEBUG] Initialising process for 1 lines of code.
[     1.690][cube-solver-1][DEBUG] Initialising process for 1 lines of code.
[     1.691][cube-solver-2][DEBUG] Initialising process for 2 lines of code.
[     1.691][cube-solver-3][DEBUG] Initialising process for 2 lines of code.
[     1.691][cube-solver-5][DEBUG] Initialising process for 2 lines of code.
[     1.691][cube-solver-4][DEBUG] Initialising process for 2 lines of code.
[     1.691][cube-solver-6][DEBUG] Initialising process for 2 lines of code.
[     1.697][cube-solver-7][DEBUG] Initialising process for 2 lines of code.
[     1.698][cube-solver-8][DEBUG] Initialising process for 2 lines of code.
[     1.702][cube-solver-9][DEBUG] Initialising process for 2 lines of code.
[     1.705][cube-solver-10][DEBUG] Initialising process for 2 lines of code.
[     1.716][cube-solver-13][DEBUG] Initialising process for 2 lines of code.
[     1.722][cube-solver-12][DEBUG] Initialising process for 2 lines of code.
[     1.727][cube-solver-11][DEBUG] Initialising process for 2 lines of code.
[     1.735][cube-solver-14][DEBUG] Initialising process for 2 lines of code.
[     1.735][cube-solver-15][DEBUG] Initialising process for 2 lines of code.
[     1.873][cube-solver-0][WARNING] There is no solution for current loc (1).
[     1.874][cube-solver-0][DEBUG] Solving cube (l0 = summarise(),)
[     1.875][cube-solver-1][WARNING] There is no solution for current loc (1).
[     1.875][cube-solver-0][DEBUG] Initialising process for 2 lines of code.
[     1.876][cube-solver-1][DEBUG] Solving cube (l0 = mutate(),)
[     1.877][cube-solver-1][DEBUG] Initialising process for 2 lines of code.
[     1.908][cube-solver-8][DEBUG] Solving cube (l0 = summarise(), l1 = natural_join())
[     1.925][cube-solver-13][DEBUG] Solving cube (l0 = summarise(), l1 = anti_join())
[     1.930][cube-solver-6][DEBUG] Solving cube (l0 = natural_join4(), l1 = summarise())
[     1.932][cube-solver-6][DEBUG] Solving cube (l0 = summarise(), l1 = cross_join())
[     1.946][cube-solver-10][DEBUG] Solving cube (l0 = summarise(), l1 = natural_join4())
[     1.948][cube-solver-9][DEBUG] Solving cube (l0 = summarise([1]), l1 = natural_join3())
[     1.948][cube-solver-2][DEBUG] Solving cube (l0 = natural_join(), l1 = summarise([1]))
[     1.949][cube-solver-10][DEBUG] Solving cube (l0 = summarise([1]), l1 = mutate())
[     1.952][cube-solver-10][DEBUG] Solving cube (l0 = summarise([1]), l1 = inner_join())
[     1.982][cube-solver-5][DEBUG] Solving cube (l0 = natural_join3(), l1 = mutate())
[     1.985][cube-solver-5][DEBUG] Solving cube (l0 = filter(), l1 = summarise([5]))
[     1.988][cube-solver-5][DEBUG] Solving cube (l0 = filter(), l1 = mutate())
[     1.990][cube-solver-5][DEBUG] Solving cube (l0 = anti_join(), l1 = summarise([6]))
[     2.018][cube-solver-11][DEBUG] Solving cube (l0 = summarise([7]), l1 = summarise([7]))
[     2.031][cube-solver-11][DEBUG] Solving cube (l0 = anti_join([1]), l1 = mutate())
[     2.062][cube-solver-4][DEBUG] Solving cube (l0 = natural_join3(), l1 = summarise([7]))
[     2.068][cube-solver-4][DEBUG] Solving cube (l0 = left_join(), l1 = summarise([7]))
[     2.081][cube-solver-15][DEBUG] Solving cube (l0 = summarise([9]), l1 = union())
[     2.081][cube-solver-12][DEBUG] Solving cube (l0 = summarise([9]), l1 = filter())
[     2.092][cube-solver-12][DEBUG] Solving cube (l0 = left_join(), l1 = mutate())
[     2.118][cube-solver-3][DEBUG] Solving cube (l0 = natural_join(), l1 = mutate())
[     2.122][cube-solver-7][DEBUG] Solving cube (l0 = natural_join4(), l1 = mutate())
[     2.125][cube-solver-7][DEBUG] Solving cube (l0 = union(), l1 = summarise([9]))
[     2.163][cube-solver-14][DEBUG] Solving cube (l0 = summarise([10]), l1 = left_join())
[     2.276][cube-solver-0][DEBUG] Solving cube (l0 = summarise([12]), l1 = intersect())
[     2.324][cube-solver-1][DEBUG] Solving cube (l0 = summarise([13]), l1 = semi_join())
[     2.376][cube-solver-6][DEBUG] Solving cube (l0 = union(), l1 = mutate())
[     2.869][cube-solver-11][DEBUG] Solving cube (l0 = intersect(), l1 = summarise([14]))
[     2.935][cube-solver-12][DEBUG] Solving cube (l0 = intersect(), l1 = mutate())
[     2.995][cube-solver-6][DEBUG] Solving cube (l0 = semi_join(), l1 = summarise([14]))
[     3.057][cube-solver-1][DEBUG] Solving cube (l0 = semi_join(), l1 = mutate())
[     3.062][cube-solver-3][DEBUG] Solving cube (l0 = cross_join(), l1 = summarise([14]))
[     3.166][cube-solver-12][DEBUG] Solving cube (l0 = cross_join([2]), l1 = mutate())
[     3.169][cube-solver-12][DEBUG] Solving cube (l0 = mutate(), l1 = natural_join())
[     3.314][cube-solver-1][DEBUG] Solving cube (l0 = mutate(), l1 = natural_join3())
[     3.331][cube-solver-3][DEBUG] Solving cube (l0 = mutate(), l1 = natural_join4())
[     3.335][cube-solver-3][DEBUG] Solving cube (l0 = mutate(), l1 = summarise([14]))
[     3.348][cube-solver-3][DEBUG] Solving cube (l0 = mutate(), l1 = filter())
[     3.351][cube-solver-3][DEBUG] Solving cube (l0 = mutate(), l1 = anti_join([18]))
[     3.454][cube-solver-8][DEBUG] Solving cube (l0 = mutate(), l1 = left_join())
[     3.519][cube-solver-0][DEBUG] Solving cube (l0 = mutate([1]), l1 = union())
[     3.604][cube-solver-6][DEBUG] Solving cube (l0 = mutate([1]), l1 = intersect([8]))
[     3.682][cube-solver-14][DEBUG] Solving cube (l0 = mutate([1]), l1 = semi_join())
[     3.723][cube-solver-2][DEBUG] Solving cube (l0 = mutate([1]), l1 = cross_join([2]))
[     3.782][cube-solver-2][DEBUG] Solving cube (l0 = mutate([1]), l1 = mutate([1]))
[     3.786][cube-solver-2][DEBUG] Solving cube (l0 = mutate([1]), l1 = inner_join())
[     3.891][cube-solver-4][DEBUG] Solving cube (l0 = inner_join(), l1 = summarise([14]))
[     3.931][cube-solver-12][DEBUG] Solving cube (l0 = inner_join([1]), l1 = mutate([1]))
[     3.943][MainProcess][DEBUG] Increasing generator loc to 3
[     3.944][cube-solver-6][DEBUG] Initialising process for 3 lines of code.
[     4.045][cube-solver-14][DEBUG] Initialising process for 3 lines of code.
[     4.091][cube-solver-7][DEBUG] Initialising process for 3 lines of code.
[     4.138][cube-solver-8][DEBUG] Initialising process for 3 lines of code.
[     4.285][cube-solver-15][DEBUG] Initialising process for 3 lines of code.
[     4.329][cube-solver-3][DEBUG] Initialising process for 3 lines of code.
[     4.330][cube-solver-0][DEBUG] Initialising process for 3 lines of code.
[     4.413][cube-solver-6][DEBUG] Solving cube (l0 = natural_join(), l1 = summarise([14]), l2 = natural_join())
[     4.483][cube-solver-11][DEBUG] Initialising process for 3 lines of code.
[     4.493][cube-solver-14][DEBUG] Solving cube (l0 = natural_join(), l1 = summarise([14]), l2 = natural_join3())
[     4.600][cube-solver-7][DEBUG] Solving cube (l0 = natural_join(), l1 = summarise([14]), l2 = natural_join4())
[     4.615][cube-solver-7][DEBUG] Solving cube (l0 = natural_join(), l1 = summarise([14]), l2 = intersect([8]))
[     4.655][cube-solver-8][DEBUG] Solving cube (l0 = natural_join(), l1 = summarise([14]), l2 = summarise([14]))
[     4.679][cube-solver-8][DEBUG] Solving cube (l0 = natural_join(), l1 = summarise([14]), l2 = semi_join())
[     4.769][cube-solver-3][DEBUG] Solving cube (l0 = natural_join(), l1 = summarise([14]), l2 = anti_join([18]))
[     4.778][cube-solver-15][DEBUG] Solving cube (l0 = natural_join(), l1 = summarise([14]), l2 = filter())
[     4.910][cube-solver-0][DEBUG] Solving cube (l0 = natural_join(), l1 = summarise([14]), l2 = left_join())
[     5.029][cube-solver-11][DEBUG] Solving cube (l0 = natural_join(), l1 = summarise([14]), l2 = union())
[     5.226][cube-solver-5][DEBUG] Initialising process for 3 lines of code.
[     5.354][cube-solver-1][DEBUG] Initialising process for 3 lines of code.
[     5.803][cube-solver-5][DEBUG] Solving cube (l0 = natural_join(), l1 = summarise([14]), l2 = cross_join([2]))
[     5.812][cube-solver-1][DEBUG] Solving cube (l0 = natural_join(), l1 = summarise([14]), l2 = mutate([1]))
[     6.711][cube-solver-1][DEBUG] Solving cube (l0 = natural_join(), l1 = summarise([14]), l2 = inner_join([51]))
[     6.833][cube-solver-13][DEBUG] Initialising process for 3 lines of code.
[     7.313][cube-solver-13][DEBUG] Solving cube (l0 = natural_join(), l1 = filter(), l2 = summarise([14]))
[     7.323][cube-solver-13][DEBUG] Solving cube (l0 = natural_join(), l1 = filter(), l2 = mutate([1]))
[     7.327][cube-solver-13][DEBUG] Solving cube (l0 = natural_join(), l1 = anti_join([18]), l2 = summarise([14]))
[     7.342][cube-solver-13][DEBUG] Solving cube (l0 = natural_join(), l1 = anti_join([18]), l2 = mutate([1]))
[     7.352][cube-solver-13][DEBUG] Solving cube (l0 = natural_join(), l1 = left_join(), l2 = summarise([14]))
[     8.893][cube-solver-5][DEBUG] Solving cube (l0 = natural_join(), l1 = left_join(), l2 = mutate([1]))
[     9.113][cube-solver-15][DEBUG] Solving cube (l0 = natural_join(), l1 = union(), l2 = summarise([14]))
[    11.245][cube-solver-12][DEBUG] Initialising process for 3 lines of code.
[    11.688][cube-solver-12][DEBUG] Solving cube (l0 = natural_join(), l1 = union(), l2 = mutate([1]))
[    11.734][cube-solver-2][DEBUG] Initialising process for 3 lines of code.
[    12.062][cube-solver-5][DEBUG] Solving cube (l0 = natural_join(), l1 = intersect([8]), l2 = mutate([1]))
[    12.184][cube-solver-2][DEBUG] Solving cube (l0 = natural_join(), l1 = intersect([8]), l2 = summarise([14]))
[    12.285][cube-solver-9][DEBUG] Initialising process for 3 lines of code.
[    12.839][cube-solver-9][DEBUG] Solving cube (l0 = natural_join(), l1 = semi_join(), l2 = summarise([14]))
[    13.130][cube-solver-5][DEBUG] Solving cube (l0 = natural_join(), l1 = semi_join(), l2 = mutate([1]))
[    14.746][cube-solver-12][DEBUG] Solving cube (l0 = natural_join(), l1 = cross_join([2]), l2 = summarise([14]))
[    15.106][cube-solver-13][DEBUG] Solving cube (l0 = natural_join(), l1 = cross_join([2]), l2 = mutate([1]))
[    15.246][cube-solver-13][DEBUG] Solving cube (l0 = natural_join(), l1 = mutate([1]), l2 = natural_join())
[    15.261][cube-solver-5][DEBUG] Solving cube (l0 = natural_join(), l1 = mutate([1]), l2 = natural_join3())
[    16.139][cube-solver-12][DEBUG] Solving cube (l0 = natural_join(), l1 = mutate([1]), l2 = natural_join4())
[    16.144][cube-solver-12][DEBUG] Solving cube (l0 = natural_join(), l1 = mutate([1]), l2 = summarise([14]))
[    16.802][cube-solver-15][DEBUG] Solving cube (l0 = natural_join(), l1 = mutate([1]), l2 = filter())
[    17.711][cube-solver-12][DEBUG] Solving cube (l0 = natural_join(), l1 = mutate([1]), l2 = anti_join([18]))
[    18.898][cube-solver-9][DEBUG] Solving cube (l0 = natural_join(), l1 = mutate([1]), l2 = left_join())
[    19.112][cube-solver-5][DEBUG] Solving cube (l0 = natural_join(), l1 = mutate([1]), l2 = union())
[    19.665][cube-solver-15][DEBUG] Solving cube (l0 = natural_join(), l1 = mutate([1]), l2 = intersect([8]))
[    20.009][cube-solver-13][DEBUG] Solving cube (l0 = natural_join(), l1 = mutate([1]), l2 = semi_join())
[    20.820][cube-solver-7][DEBUG] Solving cube (l0 = natural_join(), l1 = mutate([1]), l2 = cross_join([2]))
[    20.918][cube-solver-8][DEBUG] Solving cube (l0 = natural_join(), l1 = mutate([1]), l2 = mutate([1]))
[    21.131][cube-solver-7][DEBUG] Solving cube (l0 = natural_join(), l1 = mutate([1]), l2 = inner_join([84]))
[    21.362][cube-solver-15][DEBUG] Solving cube (l0 = natural_join(), l1 = inner_join([84]), l2 = summarise([14]))
[    21.386][cube-solver-2][DEBUG] Solving cube (l0 = natural_join(), l1 = inner_join([84]), l2 = mutate([1]))
[    21.497][cube-solver-8][DEBUG] Solving cube (l0 = natural_join(), l1 = natural_join(), l2 = summarise([14]))
[    23.778][cube-solver-13][DEBUG] Solving cube (l0 = natural_join(), l1 = natural_join(), l2 = mutate([1]))
[    24.303][cube-solver-9][DEBUG] Solving cube (l0 = natural_join(), l1 = natural_join3(), l2 = summarise([14]))
[    24.318][cube-solver-9][DEBUG] Solving cube (l0 = natural_join(), l1 = natural_join3(), l2 = mutate([1]))
[    24.322][cube-solver-9][DEBUG] Solving cube (l0 = natural_join(), l1 = natural_join4(), l2 = summarise([14]))
[    24.335][cube-solver-9][DEBUG] Solving cube (l0 = natural_join(), l1 = natural_join4(), l2 = mutate([1]))
[    24.339][cube-solver-9][DEBUG] Solving cube (l0 = natural_join3(), l1 = summarise([14]), l2 = natural_join())
[    24.353][cube-solver-9][DEBUG] Solving cube (l0 = natural_join3(), l1 = summarise([14]), l2 = natural_join3())
[    24.367][cube-solver-9][DEBUG] Solving cube (l0 = natural_join3(), l1 = summarise([14]), l2 = natural_join4())
[    24.380][cube-solver-9][DEBUG] Solving cube (l0 = natural_join3(), l1 = summarise([14]), l2 = summarise([14]))
[    24.381][cube-solver-5][DEBUG] Solving cube (l0 = natural_join3(), l1 = summarise([14]), l2 = filter())
[    24.396][cube-solver-5][DEBUG] Solving cube (l0 = natural_join3(), l1 = summarise([14]), l2 = anti_join([18]))
[    24.404][cube-solver-9][DEBUG] Solving cube (l0 = natural_join3(), l1 = summarise([14]), l2 = left_join())
[    24.418][cube-solver-9][DEBUG] Solving cube (l0 = natural_join3(), l1 = summarise([14]), l2 = union())
[    24.422][cube-solver-5][DEBUG] Solving cube (l0 = natural_join3(), l1 = summarise([14]), l2 = intersect([8]))
[    24.432][cube-solver-9][DEBUG] Solving cube (l0 = natural_join3(), l1 = summarise([14]), l2 = semi_join())
[    24.441][cube-solver-5][DEBUG] Solving cube (l0 = natural_join3(), l1 = summarise([14]), l2 = cross_join([2]))
[    24.446][cube-solver-9][DEBUG] Solving cube (l0 = natural_join3(), l1 = summarise([14]), l2 = mutate([1]))
[    24.460][cube-solver-5][DEBUG] Solving cube (l0 = natural_join3(), l1 = summarise([14]), l2 = inner_join([84]))
[    24.460][cube-solver-9][DEBUG] Solving cube (l0 = natural_join3(), l1 = filter(), l2 = summarise([14]))
[    24.475][cube-solver-9][DEBUG] Solving cube (l0 = natural_join3(), l1 = filter(), l2 = mutate([1]))
[    24.480][cube-solver-9][DEBUG] Solving cube (l0 = natural_join3(), l1 = anti_join([18]), l2 = summarise([14]))
[    24.505][cube-solver-9][DEBUG] Solving cube (l0 = natural_join3(), l1 = anti_join([18]), l2 = mutate([1]))
[    24.522][cube-solver-9][DEBUG] Solving cube (l0 = natural_join3(), l1 = left_join(), l2 = summarise([14]))
[    24.535][cube-solver-9][DEBUG] Solving cube (l0 = natural_join3(), l1 = left_join(), l2 = mutate([1]))
[    24.536][cube-solver-5][DEBUG] Solving cube (l0 = natural_join3(), l1 = union(), l2 = summarise([14]))
[    24.539][cube-solver-9][DEBUG] Solving cube (l0 = natural_join3(), l1 = union(), l2 = mutate([1]))
[    24.543][cube-solver-9][DEBUG] Solving cube (l0 = natural_join3(), l1 = intersect([8]), l2 = summarise([14]))
[    24.550][cube-solver-5][DEBUG] Solving cube (l0 = natural_join3(), l1 = intersect([8]), l2 = mutate([1]))
[    24.560][cube-solver-5][DEBUG] Solving cube (l0 = natural_join3(), l1 = semi_join(), l2 = summarise([14]))
[    24.562][cube-solver-9][DEBUG] Solving cube (l0 = natural_join3(), l1 = semi_join(), l2 = mutate([1]))
[    24.566][cube-solver-9][DEBUG] Solving cube (l0 = natural_join3(), l1 = cross_join([2]), l2 = summarise([14]))
[    24.573][cube-solver-5][DEBUG] Solving cube (l0 = natural_join3(), l1 = cross_join([2]), l2 = mutate([1]))
[    24.578][cube-solver-5][DEBUG] Solving cube (l0 = natural_join3(), l1 = mutate([1]), l2 = natural_join())
[    24.580][cube-solver-9][DEBUG] Solving cube (l0 = natural_join3(), l1 = mutate([1]), l2 = natural_join3())
[    24.582][cube-solver-5][DEBUG] Solving cube (l0 = natural_join3(), l1 = mutate([1]), l2 = natural_join4())
[    24.584][cube-solver-9][DEBUG] Solving cube (l0 = natural_join3(), l1 = mutate([1]), l2 = summarise([14]))
[    24.586][cube-solver-5][DEBUG] Solving cube (l0 = natural_join3(), l1 = mutate([1]), l2 = filter())
[    24.590][cube-solver-5][DEBUG] Solving cube (l0 = natural_join3(), l1 = mutate([1]), l2 = anti_join([18]))
[    24.598][cube-solver-9][DEBUG] Solving cube (l0 = natural_join3(), l1 = mutate([1]), l2 = left_join())
[    24.600][cube-solver-5][DEBUG] Solving cube (l0 = natural_join3(), l1 = mutate([1]), l2 = union())
[    24.602][cube-solver-9][DEBUG] Solving cube (l0 = natural_join3(), l1 = mutate([1]), l2 = intersect([8]))
[    24.605][cube-solver-5][DEBUG] Solving cube (l0 = natural_join3(), l1 = mutate([1]), l2 = semi_join())
[    24.608][cube-solver-5][DEBUG] Solving cube (l0 = natural_join3(), l1 = mutate([1]), l2 = cross_join([2]))
[    24.611][cube-solver-9][DEBUG] Solving cube (l0 = natural_join3(), l1 = mutate([1]), l2 = mutate([1]))
[    24.616][cube-solver-5][DEBUG] Solving cube (l0 = natural_join3(), l1 = mutate([1]), l2 = inner_join([84]))
[    24.620][cube-solver-9][DEBUG] Solving cube (l0 = natural_join3(), l1 = inner_join([84]), l2 = summarise([14]))
[    24.685][cube-solver-5][DEBUG] Solving cube (l0 = natural_join3(), l1 = inner_join([84]), l2 = mutate([1]))
[    24.691][cube-solver-9][DEBUG] Solving cube (l0 = natural_join3(), l1 = natural_join(), l2 = summarise([14]))
[    24.704][cube-solver-9][DEBUG] Solving cube (l0 = natural_join3(), l1 = natural_join(), l2 = mutate([1]))
[    24.708][cube-solver-9][DEBUG] Solving cube (l0 = natural_join3(), l1 = natural_join3(), l2 = summarise([14]))
[    24.721][cube-solver-9][DEBUG] Solving cube (l0 = natural_join3(), l1 = natural_join3(), l2 = mutate([1]))
[    24.726][cube-solver-9][DEBUG] Solving cube (l0 = natural_join3(), l1 = natural_join4(), l2 = summarise([14]))
[    24.739][cube-solver-9][DEBUG] Solving cube (l0 = natural_join3(), l1 = natural_join4(), l2 = mutate([1]))
[    24.743][cube-solver-9][DEBUG] Solving cube (l0 = natural_join4(), l1 = summarise([14]), l2 = natural_join())
[    24.749][cube-solver-5][DEBUG] Solving cube (l0 = natural_join4(), l1 = summarise([14]), l2 = natural_join3())
[    24.756][cube-solver-9][DEBUG] Solving cube (l0 = natural_join4(), l1 = summarise([14]), l2 = natural_join4())
[    24.763][cube-solver-5][DEBUG] Solving cube (l0 = natural_join4(), l1 = summarise([14]), l2 = summarise([14]))
[    24.769][cube-solver-9][DEBUG] Solving cube (l0 = natural_join4(), l1 = summarise([14]), l2 = filter())
[    24.786][cube-solver-5][DEBUG] Solving cube (l0 = natural_join4(), l1 = summarise([14]), l2 = anti_join([18]))
[    24.788][cube-solver-9][DEBUG] Solving cube (l0 = natural_join4(), l1 = summarise([14]), l2 = left_join())
[    24.796][cube-solver-9][DEBUG] Solving cube (l0 = natural_join4(), l1 = summarise([14]), l2 = union())
[    24.809][cube-solver-5][DEBUG] Solving cube (l0 = natural_join4(), l1 = summarise([14]), l2 = intersect([8]))
[    24.810][cube-solver-9][DEBUG] Solving cube (l0 = natural_join4(), l1 = summarise([14]), l2 = semi_join())
[    24.821][cube-solver-5][DEBUG] Solving cube (l0 = natural_join4(), l1 = summarise([14]), l2 = cross_join([2]))
[    24.824][cube-solver-9][DEBUG] Solving cube (l0 = natural_join4(), l1 = summarise([14]), l2 = mutate([1]))
[    24.834][cube-solver-5][DEBUG] Solving cube (l0 = natural_join4(), l1 = summarise([14]), l2 = inner_join([84]))
[    24.838][cube-solver-9][DEBUG] Solving cube (l0 = natural_join4(), l1 = filter(), l2 = summarise([14]))
[    24.851][cube-solver-9][DEBUG] Solving cube (l0 = natural_join4(), l1 = filter(), l2 = mutate([1]))
[    24.855][cube-solver-9][DEBUG] Solving cube (l0 = natural_join4(), l1 = anti_join([18]), l2 = summarise([14]))
[    24.883][cube-solver-9][DEBUG] Solving cube (l0 = natural_join4(), l1 = anti_join([18]), l2 = mutate([1]))
[    24.884][cube-solver-5][DEBUG] Solving cube (l0 = natural_join4(), l1 = left_join(), l2 = summarise([14]))
[    24.898][cube-solver-5][DEBUG] Solving cube (l0 = natural_join4(), l1 = left_join(), l2 = mutate([1]))
[    24.899][cube-solver-9][DEBUG] Solving cube (l0 = natural_join4(), l1 = union(), l2 = summarise([14]))
[    24.902][cube-solver-5][DEBUG] Solving cube (l0 = natural_join4(), l1 = union(), l2 = mutate([1]))
[    24.906][cube-solver-5][DEBUG] Solving cube (l0 = natural_join4(), l1 = intersect([8]), l2 = summarise([14]))
[    24.912][cube-solver-9][DEBUG] Solving cube (l0 = natural_join4(), l1 = intersect([8]), l2 = mutate([1]))
[    24.923][cube-solver-9][DEBUG] Solving cube (l0 = natural_join4(), l1 = semi_join(), l2 = summarise([14]))
[    24.923][cube-solver-5][DEBUG] Solving cube (l0 = natural_join4(), l1 = semi_join(), l2 = mutate([1]))
[    24.925][cube-solver-5][DEBUG] Solving cube (l0 = natural_join4(), l1 = cross_join([2]), l2 = summarise([14]))
[    24.936][cube-solver-9][DEBUG] Solving cube (l0 = natural_join4(), l1 = cross_join([2]), l2 = mutate([1]))
[    24.940][cube-solver-5][DEBUG] Solving cube (l0 = natural_join4(), l1 = mutate([1]), l2 = natural_join())
[    24.941][cube-solver-9][DEBUG] Solving cube (l0 = natural_join4(), l1 = mutate([1]), l2 = natural_join3())
[    24.943][cube-solver-5][DEBUG] Solving cube (l0 = natural_join4(), l1 = mutate([1]), l2 = natural_join4())
[    24.945][cube-solver-9][DEBUG] Solving cube (l0 = natural_join4(), l1 = mutate([1]), l2 = summarise([14]))
[    24.947][cube-solver-5][DEBUG] Solving cube (l0 = natural_join4(), l1 = mutate([1]), l2 = filter())
[    24.950][cube-solver-5][DEBUG] Solving cube (l0 = natural_join4(), l1 = mutate([1]), l2 = anti_join([18]))
[    24.957][cube-solver-9][DEBUG] Solving cube (l0 = natural_join4(), l1 = mutate([1]), l2 = left_join())
[    24.959][cube-solver-9][DEBUG] Solving cube (l0 = natural_join4(), l1 = mutate([1]), l2 = union())
[    24.963][cube-solver-9][DEBUG] Solving cube (l0 = natural_join4(), l1 = mutate([1]), l2 = intersect([8]))
[    24.966][cube-solver-5][DEBUG] Solving cube (l0 = natural_join4(), l1 = mutate([1]), l2 = semi_join())
[    24.970][cube-solver-5][DEBUG] Solving cube (l0 = natural_join4(), l1 = mutate([1]), l2 = cross_join([2]))
[    24.973][cube-solver-9][DEBUG] Solving cube (l0 = natural_join4(), l1 = mutate([1]), l2 = mutate([1]))
[    24.978][cube-solver-5][DEBUG] Solving cube (l0 = natural_join4(), l1 = mutate([1]), l2 = inner_join([84]))
[    24.981][cube-solver-9][DEBUG] Solving cube (l0 = natural_join4(), l1 = inner_join([84]), l2 = summarise([14]))
[    25.024][cube-solver-5][DEBUG] Solving cube (l0 = natural_join4(), l1 = inner_join([84]), l2 = mutate([1]))
[    25.056][cube-solver-9][DEBUG] Solving cube (l0 = natural_join4(), l1 = natural_join(), l2 = summarise([14]))
[    25.069][cube-solver-9][DEBUG] Solving cube (l0 = natural_join4(), l1 = natural_join(), l2 = mutate([1]))
[    25.073][cube-solver-9][DEBUG] Solving cube (l0 = natural_join4(), l1 = natural_join3(), l2 = summarise([14]))
[    25.086][cube-solver-5][DEBUG] Solving cube (l0 = natural_join4(), l1 = natural_join3(), l2 = mutate([1]))
[    25.086][cube-solver-9][DEBUG] Solving cube (l0 = natural_join4(), l1 = natural_join4(), l2 = summarise([14]))
[    25.090][cube-solver-5][DEBUG] Solving cube (l0 = natural_join4(), l1 = natural_join4(), l2 = mutate([1]))
[    25.094][cube-solver-5][DEBUG] Solving cube (l0 = summarise([14]), l1 = natural_join(), l2 = summarise([14]))
[    25.100][cube-solver-9][DEBUG] Solving cube (l0 = summarise([14]), l1 = natural_join(), l2 = filter())
[    26.199][cube-solver-13][DEBUG] Solving cube (l0 = summarise([14]), l1 = natural_join(), l2 = anti_join([18]))
[    26.215][cube-solver-13][DEBUG] Solving cube (l0 = summarise([14]), l1 = natural_join(), l2 = left_join())
[    26.362][cube-solver-4][DEBUG] Initialising process for 3 lines of code.
[    26.603][cube-solver-12][DEBUG] Solving cube (l0 = summarise([14]), l1 = natural_join(), l2 = intersect([8]))
[    26.935][cube-solver-4][DEBUG] Solving cube (l0 = summarise([14]), l1 = natural_join(), l2 = union())
[    27.507][cube-solver-5][DEBUG] Solving cube (l0 = summarise([14]), l1 = natural_join(), l2 = semi_join())
[    27.653][cube-solver-9][DEBUG] Solving cube (l0 = summarise([14]), l1 = natural_join(), l2 = cross_join([2]))
[    27.848][cube-solver-8][DEBUG] Solving cube (l0 = summarise([14]), l1 = natural_join(), l2 = mutate([1]))
[    28.354][cube-solver-8][DEBUG] Solving cube (l0 = summarise([14]), l1 = natural_join(), l2 = inner_join([84]))
[    29.215][cube-solver-3][DEBUG] Solving cube (l0 = summarise([14]), l1 = natural_join(), l2 = natural_join())
[    29.716][cube-solver-9][DEBUG] Solving cube (l0 = summarise([14]), l1 = natural_join(), l2 = natural_join3())
[    29.730][cube-solver-9][DEBUG] Solving cube (l0 = summarise([14]), l1 = natural_join(), l2 = natural_join4())
[    29.743][cube-solver-9][DEBUG] Solving cube (l0 = summarise([14]), l1 = natural_join3(), l2 = summarise([14]))
[    32.695][cube-solver-10][DEBUG] Initialising process for 3 lines of code.
[    33.233][cube-solver-10][DEBUG] Solving cube (l0 = summarise([14]), l1 = natural_join3(), l2 = filter())
[    35.161][cube-solver-10][DEBUG] Found solution with cube (l0 = summarise([14]), l1 = natural_join3(), l2 = filter())
[    35.163][MainProcess][INFO] Statistics:
[    35.163][MainProcess][INFO] 	Generated cubes: 209
[    35.164][MainProcess][INFO] 	Attempted programs: 8493
[    35.164][MainProcess][INFO] 		Rejected: 1513
[    35.164][MainProcess][INFO] 		Failed: 6979
[    35.164][MainProcess][INFO] 	Blacklist clauses: 127
[    35.164][MainProcess][DEBUG] Priting statistics for good programs of size 2
[    35.170][MainProcess][DEBUG] 	0: Counter({'summarise': 3064, 'inner_join': 2520, 'mutate': 1476, 'natural_join': 256, 'left_join': 256, 'union': 256, 'anti_join': 144, 'semi_join': 72})
[    35.175][MainProcess][DEBUG] 	1: Counter({'summarise': 2280, 'inner_join': 2120, 'natural_join3': 1440, 'mutate': 1224, 'union': 376, 'natural_join': 200, 'left_join': 200, 'anti_join': 136, 'semi_join': 68})
[    35.175][MainProcess][DEBUG] Priting statistics for good programs of size 3
[    35.196][MainProcess][DEBUG] 	0: Counter({'natural_join': 36942, 'summarise': 5944})
[    35.217][MainProcess][DEBUG] 	1: Counter({'summarise': 22690, 'mutate': 6676, 'natural_join': 6135, 'inner_join': 3050, 'left_join': 1280, 'union': 1280, 'semi_join': 912, 'natural_join3': 835, 'intersect': 32})
[    35.237][MainProcess][DEBUG] 	2: Counter({'left_join': 5847, 'union': 5828, 'inner_join': 5478, 'natural_join': 5362, 'summarise': 5152, 'natural_join3': 4640, 'mutate': 3494, 'semi_join': 3219, 'anti_join': 2584, 'filter': 1287})
[    35.238][MainProcess][INFO] Solution found: filter(natural_join3(summarise(@param0, meancost = mean(cost), P_id), @param0, @param1), meancost < cost)

------------------------------------- R Solution ---------------------------------------

con <- DBI::dbConnect(RSQLite::SQLite(), ":memory:")
input1 <- read_csv("tests-examples/textbook/tables/17-1.txt", col_types = cols(S_key = col_character(),P_id = col_character(),cost = col_integer()))
input1 <- copy_to(con, input1)
input2 <- read_csv("tests-examples/textbook/tables/17-3.txt", col_types = cols(S_key = col_character(),S_name = col_character()))
input2 <- copy_to(con, input2)
expected_output <- read_csv("tests-examples/textbook/tables/17.out", col_types = cols(P_id = col_character(),S_name = col_character()))

df3 <- input1 %>% group_by(P_id) %>% summarise(meancost = mean(cost)) %>% ungroup()
df4 <- inner_join(df3, input1) %>% inner_join(input2)
df5 <- df4 %>% filter(meancost < cost)
out <- df5 %>% select(P_id, S_name) %>% arrange(P_id)


+++++++++++++++++++++++++++++++++++++ SQL Solution +++++++++++++++++++++++++++++++++++++

SELECT P_id,
       S_name
FROM
  (SELECT LHS.P_id AS P_id,
          LHS.meancost AS meancost,
          LHS.S_key AS S_key,
          LHS.cost AS cost,
          RHS.S_name AS S_name
   FROM
     (SELECT LHS.P_id AS P_id,
             LHS.meancost AS meancost,
             RHS.S_key AS S_key,
             RHS.cost AS cost
      FROM
        (SELECT P_id,
                AVG(cost) AS meancost
         FROM input1
         GROUP BY P_id) AS LHS
      INNER JOIN input1 AS RHS ON (LHS.P_id = RHS.P_id)) AS LHS
   INNER JOIN input2 AS RHS ON (LHS.S_key = RHS.S_key))
WHERE (meancost < cost)
ORDER BY P_id
