[     1.590][MainProcess][INFO] Parsing specification...
[     1.593][MainProcess][WARNING] "attrs" field is deprecated. Please use "columns"
[     1.593][MainProcess][WARNING] "aggrs" field is deprecated. Please use "functions"
[     1.593][MainProcess][DEBUG] Reading input files...
[     1.598][MainProcess][INFO] Inferred data types for table tests-examples/textbook/tables/certified.txt: ['int64', 'int64']
[     1.602][MainProcess][INFO] Inferred data types for table tests-examples/textbook/tables/employees.txt: ['int64', 'string', 'int64']
[     1.606][MainProcess][INFO] Inferred data types for table tests-examples/textbook/tables/33.out: ['float64']
[     1.633][MainProcess][DEBUG] Generating DSL...
[     1.651][MainProcess][INFO] Creating 16 processes
[     1.711][MainProcess][DEBUG] Increasing generator loc to 2
[     1.711][cube-solver-0][DEBUG] Initialising process for 1 lines of code.
[     1.711][cube-solver-1][DEBUG] Initialising process for 1 lines of code.
[     1.712][cube-solver-3][DEBUG] Initialising process for 2 lines of code.
[     1.712][cube-solver-2][DEBUG] Initialising process for 2 lines of code.
[     1.712][cube-solver-5][DEBUG] Initialising process for 2 lines of code.
[     1.712][cube-solver-4][DEBUG] Initialising process for 2 lines of code.
[     1.713][cube-solver-6][DEBUG] Initialising process for 2 lines of code.
[     1.717][cube-solver-7][DEBUG] Initialising process for 2 lines of code.
[     1.720][cube-solver-8][DEBUG] Initialising process for 2 lines of code.
[     1.725][cube-solver-9][DEBUG] Initialising process for 2 lines of code.
[     1.728][cube-solver-10][DEBUG] Initialising process for 2 lines of code.
[     1.729][cube-solver-12][DEBUG] Initialising process for 2 lines of code.
[     1.740][cube-solver-13][DEBUG] Initialising process for 2 lines of code.
[     1.745][cube-solver-11][DEBUG] Initialising process for 2 lines of code.
[     1.751][cube-solver-15][DEBUG] Initialising process for 2 lines of code.
[     1.754][cube-solver-14][DEBUG] Initialising process for 2 lines of code.
[     1.844][cube-solver-0][WARNING] There is no solution for current loc (1).
[     1.845][cube-solver-0][DEBUG] Solving cube (l0 = summarise(),)
[     1.846][cube-solver-0][DEBUG] Initialising process for 2 lines of code.
[     1.894][cube-solver-1][WARNING] There is no solution for current loc (1).
[     1.895][cube-solver-1][DEBUG] Solving cube (l0 = mutate(),)
[     1.896][cube-solver-1][DEBUG] Initialising process for 2 lines of code.
[     1.953][cube-solver-7][DEBUG] Solving cube (l0 = natural_join4(), l1 = mutate())
[     1.955][cube-solver-7][DEBUG] Solving cube (l0 = summarise(), l1 = cross_join())
[     1.957][cube-solver-8][DEBUG] Solving cube (l0 = summarise(), l1 = natural_join())
[     1.964][cube-solver-9][DEBUG] Solving cube (l0 = summarise(), l1 = natural_join3())
[     1.965][cube-solver-10][DEBUG] Solving cube (l0 = summarise(), l1 = natural_join4())
[     1.968][cube-solver-12][DEBUG] Solving cube (l0 = summarise(), l1 = filter())
[     1.968][cube-solver-10][DEBUG] Solving cube (l0 = summarise(), l1 = mutate())
[     1.970][cube-solver-12][DEBUG] Solving cube (l0 = summarise(), l1 = inner_join())
[     1.970][cube-solver-10][DEBUG] Solving cube (l0 = filter(), l1 = summarise())
[     1.972][cube-solver-10][DEBUG] Solving cube (l0 = filter(), l1 = mutate())
[     1.974][cube-solver-10][DEBUG] Solving cube (l0 = anti_join(), l1 = summarise())
[     1.976][cube-solver-6][DEBUG] Solving cube (l0 = natural_join4(), l1 = summarise())
[     1.978][cube-solver-13][DEBUG] Solving cube (l0 = summarise(), l1 = anti_join())
[     1.980][cube-solver-6][DEBUG] Solving cube (l0 = anti_join(), l1 = mutate())
[     1.999][cube-solver-15][DEBUG] Solving cube (l0 = summarise([2]), l1 = union())
[     2.031][cube-solver-11][DEBUG] Solving cube (l0 = summarise([4]), l1 = summarise([4]))
[     2.041][cube-solver-11][DEBUG] Solving cube (l0 = left_join(), l1 = summarise([6]))
[     2.134][cube-solver-5][DEBUG] Solving cube (l0 = natural_join3(), l1 = mutate())
[     2.135][cube-solver-4][DEBUG] Solving cube (l0 = natural_join3(), l1 = summarise([9]))
[     2.137][cube-solver-5][DEBUG] Solving cube (l0 = left_join(), l1 = mutate())
[     2.143][cube-solver-3][DEBUG] Solving cube (l0 = natural_join(), l1 = mutate())
[     2.144][cube-solver-2][DEBUG] Solving cube (l0 = natural_join(), l1 = summarise([9]))
[     2.144][cube-solver-4][DEBUG] Solving cube (l0 = union(), l1 = summarise([9]))
[     2.154][cube-solver-14][DEBUG] Solving cube (l0 = summarise([10]), l1 = left_join())
[     2.163][cube-solver-0][DEBUG] Solving cube (l0 = summarise([10]), l1 = intersect())
[     2.293][cube-solver-1][DEBUG] Solving cube (l0 = summarise([14]), l1 = semi_join())
[     2.412][cube-solver-5][DEBUG] Solving cube (l0 = union(), l1 = mutate())
[     2.414][cube-solver-3][DEBUG] Solving cube (l0 = intersect(), l1 = summarise([14]))
[     2.504][cube-solver-7][DEBUG] Solving cube (l0 = intersect(), l1 = mutate())
[     2.555][cube-solver-6][DEBUG] Solving cube (l0 = semi_join(), l1 = summarise([14]))
[     2.598][cube-solver-5][DEBUG] Solving cube (l0 = semi_join(), l1 = mutate())
[     2.676][cube-solver-1][DEBUG] Solving cube (l0 = cross_join(), l1 = summarise([14]))
[     2.676][cube-solver-5][DEBUG] Solving cube (l0 = cross_join(), l1 = mutate())
[     2.700][cube-solver-5][DEBUG] Solving cube (l0 = mutate(), l1 = natural_join())
[     2.735][cube-solver-14][DEBUG] Solving cube (l0 = mutate([1]), l1 = natural_join3())
[     2.770][cube-solver-7][DEBUG] Solving cube (l0 = mutate([1]), l1 = natural_join4())
[     2.773][cube-solver-7][DEBUG] Solving cube (l0 = mutate([1]), l1 = summarise([14]))
[     2.782][cube-solver-7][DEBUG] Solving cube (l0 = mutate([1]), l1 = filter())
[     2.786][cube-solver-7][DEBUG] Solving cube (l0 = mutate([1]), l1 = anti_join([18]))
[     2.805][cube-solver-8][DEBUG] Solving cube (l0 = mutate([1]), l1 = left_join())
[     2.883][cube-solver-1][DEBUG] Solving cube (l0 = mutate([1]), l1 = union())
[     2.930][cube-solver-5][DEBUG] Solving cube (l0 = mutate([1]), l1 = intersect([8]))
[     2.988][cube-solver-6][DEBUG] Solving cube (l0 = mutate([1]), l1 = semi_join())
[     3.034][cube-solver-15][DEBUG] Solving cube (l0 = mutate([1]), l1 = cross_join([2]))
[     3.051][cube-solver-8][DEBUG] Solving cube (l0 = mutate([1]), l1 = mutate([1]))
[     3.055][cube-solver-8][DEBUG] Solving cube (l0 = mutate([1]), l1 = inner_join())
[     3.071][cube-solver-15][DEBUG] Solving cube (l0 = inner_join(), l1 = summarise([14]))
[     3.098][cube-solver-6][DEBUG] Solving cube (l0 = inner_join(), l1 = mutate([1]))
[     3.114][MainProcess][DEBUG] Increasing generator loc to 3
[     3.114][cube-solver-1][DEBUG] Initialising process for 3 lines of code.
[     3.160][cube-solver-2][DEBUG] Initialising process for 3 lines of code.
[     3.162][cube-solver-4][DEBUG] Initialising process for 3 lines of code.
[     3.176][cube-solver-11][DEBUG] Initialising process for 3 lines of code.
[     3.278][cube-solver-5][DEBUG] Initialising process for 3 lines of code.
[     3.322][cube-solver-14][DEBUG] Initialising process for 3 lines of code.
[     3.345][cube-solver-7][DEBUG] Initialising process for 3 lines of code.
[     3.517][cube-solver-0][DEBUG] Initialising process for 3 lines of code.
[     3.655][cube-solver-11][DEBUG] Solving cube (l0 = natural_join(), l1 = summarise([14]), l2 = summarise([14]))
[     3.680][cube-solver-11][DEBUG] Solving cube (l0 = natural_join(), l1 = summarise([14]), l2 = intersect([8]))
[     3.731][cube-solver-2][DEBUG] Solving cube (l0 = natural_join(), l1 = summarise([14]), l2 = natural_join3())
[     3.825][cube-solver-4][DEBUG] Solving cube (l0 = natural_join(), l1 = summarise([14]), l2 = natural_join4())
[     3.836][cube-solver-4][DEBUG] Solving cube (l0 = natural_join(), l1 = summarise([14]), l2 = semi_join())
[     3.856][cube-solver-7][DEBUG] Solving cube (l0 = natural_join(), l1 = summarise([14]), l2 = left_join())
[     3.886][cube-solver-1][DEBUG] Solving cube (l0 = natural_join(), l1 = summarise([14]), l2 = natural_join())
[     3.953][cube-solver-5][DEBUG] Solving cube (l0 = natural_join(), l1 = summarise([14]), l2 = filter())
[     3.961][cube-solver-14][DEBUG] Solving cube (l0 = natural_join(), l1 = summarise([14]), l2 = anti_join([18]))
[     4.289][cube-solver-0][DEBUG] Solving cube (l0 = natural_join(), l1 = summarise([14]), l2 = union())
[     4.310][cube-solver-3][DEBUG] Initialising process for 3 lines of code.
[     4.581][cube-solver-10][DEBUG] Initialising process for 3 lines of code.
[     4.804][cube-solver-3][DEBUG] Solving cube (l0 = natural_join(), l1 = summarise([14]), l2 = cross_join([2]))
[     5.002][cube-solver-10][DEBUG] Solving cube (l0 = natural_join(), l1 = summarise([14]), l2 = mutate([1]))
[     5.433][cube-solver-9][DEBUG] Initialising process for 3 lines of code.
[     5.615][cube-solver-10][DEBUG] Solving cube (l0 = natural_join(), l1 = filter(), l2 = summarise([14]))
[     5.615][cube-solver-6][DEBUG] Initialising process for 3 lines of code.
[     5.630][cube-solver-10][DEBUG] Solving cube (l0 = natural_join(), l1 = anti_join([18]), l2 = summarise([14]))
[     5.656][cube-solver-10][DEBUG] Solving cube (l0 = natural_join(), l1 = anti_join([18]), l2 = mutate([1]))
[     5.672][cube-solver-10][DEBUG] Solving cube (l0 = natural_join(), l1 = left_join(), l2 = summarise([14]))
[     5.932][cube-solver-9][DEBUG] Solving cube (l0 = natural_join(), l1 = summarise([14]), l2 = inner_join([84]))
[     6.134][cube-solver-6][DEBUG] Solving cube (l0 = natural_join(), l1 = filter(), l2 = mutate([1]))
[     6.140][cube-solver-6][DEBUG] Solving cube (l0 = natural_join(), l1 = left_join(), l2 = mutate([1]))
[     6.238][cube-solver-8][DEBUG] Initialising process for 3 lines of code.
[     6.421][cube-solver-13][DEBUG] Initialising process for 3 lines of code.
[     6.684][cube-solver-8][DEBUG] Solving cube (l0 = natural_join(), l1 = union(), l2 = summarise([14]))
[     6.859][cube-solver-13][DEBUG] Solving cube (l0 = natural_join(), l1 = union(), l2 = mutate([1]))
[     7.021][cube-solver-6][DEBUG] Solving cube (l0 = natural_join(), l1 = intersect([8]), l2 = summarise([14]))
[     7.132][cube-solver-5][DEBUG] Solving cube (l0 = natural_join(), l1 = intersect([8]), l2 = mutate([1]))
[     7.575][cube-solver-3][DEBUG] Solving cube (l0 = natural_join(), l1 = semi_join(), l2 = summarise([14]))
[     7.656][cube-solver-13][DEBUG] Solving cube (l0 = natural_join(), l1 = semi_join(), l2 = mutate([1]))
[     8.189][cube-solver-5][DEBUG] Solving cube (l0 = natural_join(), l1 = cross_join([2]), l2 = summarise([14]))
[     8.263][cube-solver-13][DEBUG] Solving cube (l0 = natural_join(), l1 = cross_join([2]), l2 = mutate([1]))
[     8.396][cube-solver-13][DEBUG] Solving cube (l0 = natural_join(), l1 = mutate([1]), l2 = natural_join())
[     9.553][cube-solver-5][DEBUG] Solving cube (l0 = natural_join(), l1 = mutate([1]), l2 = natural_join3())
[     9.624][cube-solver-13][DEBUG] Solving cube (l0 = natural_join(), l1 = mutate([1]), l2 = natural_join4())
[     9.626][cube-solver-13][DEBUG] Solving cube (l0 = natural_join(), l1 = mutate([1]), l2 = summarise([14]))
[    10.531][cube-solver-5][DEBUG] Solving cube (l0 = natural_join(), l1 = mutate([1]), l2 = filter())
[    10.613][cube-solver-13][DEBUG] Solving cube (l0 = natural_join(), l1 = mutate([1]), l2 = anti_join([18]))
[    10.736][cube-solver-10][DEBUG] Solving cube (l0 = natural_join(), l1 = mutate([1]), l2 = left_join())
[    11.408][cube-solver-5][DEBUG] Solving cube (l0 = natural_join(), l1 = mutate([1]), l2 = union())
[    11.515][cube-solver-3][DEBUG] Solving cube (l0 = natural_join(), l1 = mutate([1]), l2 = intersect([8]))
[    11.702][cube-solver-8][DEBUG] Solving cube (l0 = natural_join(), l1 = mutate([1]), l2 = semi_join())
[    12.154][cube-solver-4][DEBUG] Solving cube (l0 = natural_join(), l1 = mutate([1]), l2 = cross_join([2]))
[    12.159][cube-solver-10][DEBUG] Solving cube (l0 = natural_join(), l1 = mutate([1]), l2 = mutate([1]))
[    12.326][cube-solver-10][DEBUG] Solving cube (l0 = natural_join(), l1 = mutate([1]), l2 = inner_join([84]))
[    12.528][cube-solver-4][DEBUG] Solving cube (l0 = natural_join(), l1 = inner_join([84]), l2 = summarise([14]))
[    12.741][cube-solver-2][DEBUG] Solving cube (l0 = natural_join(), l1 = inner_join([84]), l2 = mutate([1]))
[    12.911][cube-solver-5][DEBUG] Solving cube (l0 = natural_join(), l1 = natural_join(), l2 = summarise([14]))
[    12.936][cube-solver-8][DEBUG] Solving cube (l0 = natural_join(), l1 = natural_join(), l2 = mutate([1]))
[    13.561][cube-solver-8][DEBUG] Solving cube (l0 = natural_join(), l1 = natural_join3(), l2 = summarise([14]))
[    13.573][cube-solver-8][DEBUG] Solving cube (l0 = natural_join(), l1 = natural_join3(), l2 = mutate([1]))
[    13.575][cube-solver-8][DEBUG] Solving cube (l0 = natural_join(), l1 = natural_join4(), l2 = summarise([14]))
[    13.581][cube-solver-3][DEBUG] Solving cube (l0 = natural_join(), l1 = natural_join4(), l2 = mutate([1]))
[    13.583][cube-solver-8][DEBUG] Solving cube (l0 = natural_join3(), l1 = summarise([14]), l2 = natural_join())
[    13.586][cube-solver-3][DEBUG] Solving cube (l0 = natural_join3(), l1 = summarise([14]), l2 = natural_join3())
[    13.591][cube-solver-8][DEBUG] Solving cube (l0 = natural_join3(), l1 = summarise([14]), l2 = natural_join4())
[    13.599][cube-solver-8][DEBUG] Solving cube (l0 = natural_join3(), l1 = summarise([14]), l2 = summarise([14]))
[    13.600][cube-solver-3][DEBUG] Solving cube (l0 = natural_join3(), l1 = summarise([14]), l2 = filter())
[    13.612][cube-solver-8][DEBUG] Solving cube (l0 = natural_join3(), l1 = summarise([14]), l2 = anti_join([18]))
[    13.613][cube-solver-3][DEBUG] Solving cube (l0 = natural_join3(), l1 = summarise([14]), l2 = left_join())
[    13.627][cube-solver-3][DEBUG] Solving cube (l0 = natural_join3(), l1 = summarise([14]), l2 = union())
[    13.627][cube-solver-8][DEBUG] Solving cube (l0 = natural_join3(), l1 = summarise([14]), l2 = intersect([8]))
[    13.638][cube-solver-8][DEBUG] Solving cube (l0 = natural_join3(), l1 = summarise([14]), l2 = semi_join())
[    13.640][cube-solver-3][DEBUG] Solving cube (l0 = natural_join3(), l1 = summarise([14]), l2 = cross_join([2]))
[    13.646][cube-solver-8][DEBUG] Solving cube (l0 = natural_join3(), l1 = summarise([14]), l2 = mutate([1]))
[    13.657][cube-solver-8][DEBUG] Solving cube (l0 = natural_join3(), l1 = filter(), l2 = summarise([14]))
[    13.659][cube-solver-3][DEBUG] Solving cube (l0 = natural_join3(), l1 = summarise([14]), l2 = inner_join([84]))
[    13.665][cube-solver-8][DEBUG] Solving cube (l0 = natural_join3(), l1 = filter(), l2 = mutate([1]))
[    13.668][cube-solver-8][DEBUG] Solving cube (l0 = natural_join3(), l1 = anti_join([18]), l2 = summarise([14]))
[    13.683][cube-solver-8][DEBUG] Solving cube (l0 = natural_join3(), l1 = anti_join([18]), l2 = mutate([1]))
[    13.692][cube-solver-8][DEBUG] Solving cube (l0 = natural_join3(), l1 = left_join(), l2 = summarise([14]))
[    13.700][cube-solver-8][DEBUG] Solving cube (l0 = natural_join3(), l1 = left_join(), l2 = mutate([1]))
[    13.702][cube-solver-8][DEBUG] Solving cube (l0 = natural_join3(), l1 = union(), l2 = summarise([14]))
[    13.710][cube-solver-8][DEBUG] Solving cube (l0 = natural_join3(), l1 = union(), l2 = mutate([1]))
[    13.713][cube-solver-8][DEBUG] Solving cube (l0 = natural_join3(), l1 = intersect([8]), l2 = summarise([14]))
[    13.724][cube-solver-8][DEBUG] Solving cube (l0 = natural_join3(), l1 = intersect([8]), l2 = mutate([1]))
[    13.729][cube-solver-8][DEBUG] Solving cube (l0 = natural_join3(), l1 = semi_join(), l2 = summarise([14]))
[    13.730][cube-solver-3][DEBUG] Solving cube (l0 = natural_join3(), l1 = semi_join(), l2 = mutate([1]))
[    13.735][cube-solver-3][DEBUG] Solving cube (l0 = natural_join3(), l1 = cross_join([2]), l2 = summarise([14]))
[    13.737][cube-solver-8][DEBUG] Solving cube (l0 = natural_join3(), l1 = cross_join([2]), l2 = mutate([1]))
[    13.739][cube-solver-8][DEBUG] Solving cube (l0 = natural_join3(), l1 = mutate([1]), l2 = natural_join())
[    13.741][cube-solver-8][DEBUG] Solving cube (l0 = natural_join3(), l1 = mutate([1]), l2 = natural_join3())
[    13.743][cube-solver-8][DEBUG] Solving cube (l0 = natural_join3(), l1 = mutate([1]), l2 = natural_join4())
[    13.746][cube-solver-8][DEBUG] Solving cube (l0 = natural_join3(), l1 = mutate([1]), l2 = summarise([14]))
[    13.749][cube-solver-3][DEBUG] Solving cube (l0 = natural_join3(), l1 = mutate([1]), l2 = filter())
[    13.753][cube-solver-3][DEBUG] Solving cube (l0 = natural_join3(), l1 = mutate([1]), l2 = anti_join([18]))
[    13.753][cube-solver-8][DEBUG] Solving cube (l0 = natural_join3(), l1 = mutate([1]), l2 = left_join())
[    13.755][cube-solver-8][DEBUG] Solving cube (l0 = natural_join3(), l1 = mutate([1]), l2 = union())
[    13.757][cube-solver-8][DEBUG] Solving cube (l0 = natural_join3(), l1 = mutate([1]), l2 = intersect([8]))
[    13.762][cube-solver-8][DEBUG] Solving cube (l0 = natural_join3(), l1 = mutate([1]), l2 = semi_join())
[    13.765][cube-solver-8][DEBUG] Solving cube (l0 = natural_join3(), l1 = mutate([1]), l2 = cross_join([2]))
[    13.767][cube-solver-8][DEBUG] Solving cube (l0 = natural_join3(), l1 = mutate([1]), l2 = mutate([1]))
[    13.772][cube-solver-3][DEBUG] Solving cube (l0 = natural_join3(), l1 = mutate([1]), l2 = inner_join([84]))
[    13.773][cube-solver-8][DEBUG] Solving cube (l0 = natural_join3(), l1 = inner_join([84]), l2 = summarise([14]))
[    13.818][cube-solver-8][DEBUG] Solving cube (l0 = natural_join3(), l1 = inner_join([84]), l2 = mutate([1]))
[    13.836][cube-solver-1][DEBUG] Solving cube (l0 = natural_join3(), l1 = natural_join(), l2 = summarise([14]))
[    13.841][cube-solver-3][DEBUG] Solving cube (l0 = natural_join3(), l1 = natural_join(), l2 = mutate([1]))
[    13.846][cube-solver-3][DEBUG] Solving cube (l0 = natural_join3(), l1 = natural_join3(), l2 = summarise([14]))
[    13.850][cube-solver-1][DEBUG] Solving cube (l0 = natural_join3(), l1 = natural_join3(), l2 = mutate([1]))
[    13.854][cube-solver-8][DEBUG] Solving cube (l0 = natural_join3(), l1 = natural_join4(), l2 = summarise([14]))
[    13.853][cube-solver-1][DEBUG] Solving cube (l0 = natural_join3(), l1 = natural_join4(), l2 = mutate([1]))
[    13.857][cube-solver-1][DEBUG] Solving cube (l0 = natural_join4(), l1 = summarise([14]), l2 = natural_join())
[    13.859][cube-solver-3][DEBUG] Solving cube (l0 = natural_join4(), l1 = summarise([14]), l2 = natural_join3())
[    13.861][cube-solver-8][DEBUG] Solving cube (l0 = natural_join4(), l1 = summarise([14]), l2 = natural_join4())
[    13.869][cube-solver-8][DEBUG] Solving cube (l0 = natural_join4(), l1 = summarise([14]), l2 = summarise([14]))
[    13.871][cube-solver-3][DEBUG] Solving cube (l0 = natural_join4(), l1 = summarise([14]), l2 = filter())
[    13.872][cube-solver-1][DEBUG] Solving cube (l0 = natural_join4(), l1 = summarise([14]), l2 = anti_join([18]))
[    13.882][cube-solver-8][DEBUG] Solving cube (l0 = natural_join4(), l1 = summarise([14]), l2 = left_join())
[    13.885][cube-solver-3][DEBUG] Solving cube (l0 = natural_join4(), l1 = summarise([14]), l2 = union())
[    13.890][cube-solver-8][DEBUG] Solving cube (l0 = natural_join4(), l1 = summarise([14]), l2 = intersect([8]))
[    13.897][cube-solver-1][DEBUG] Solving cube (l0 = natural_join4(), l1 = summarise([14]), l2 = semi_join())
[    13.897][cube-solver-3][DEBUG] Solving cube (l0 = natural_join4(), l1 = summarise([14]), l2 = cross_join([2]))
[    13.900][cube-solver-8][DEBUG] Solving cube (l0 = natural_join4(), l1 = summarise([14]), l2 = mutate([1]))
[    13.911][cube-solver-1][DEBUG] Solving cube (l0 = natural_join4(), l1 = filter(), l2 = summarise([14]))
[    13.911][cube-solver-3][DEBUG] Solving cube (l0 = natural_join4(), l1 = filter(), l2 = mutate([1]))
[    13.912][cube-solver-8][DEBUG] Solving cube (l0 = natural_join4(), l1 = summarise([14]), l2 = inner_join([84]))
[    13.916][cube-solver-3][DEBUG] Solving cube (l0 = natural_join4(), l1 = anti_join([18]), l2 = summarise([14]))
[    13.925][cube-solver-1][DEBUG] Solving cube (l0 = natural_join4(), l1 = anti_join([18]), l2 = mutate([1]))
[    13.941][cube-solver-3][DEBUG] Solving cube (l0 = natural_join4(), l1 = left_join(), l2 = mutate([1]))
[    13.941][cube-solver-1][DEBUG] Solving cube (l0 = natural_join4(), l1 = left_join(), l2 = summarise([14]))
[    13.945][cube-solver-3][DEBUG] Solving cube (l0 = natural_join4(), l1 = union(), l2 = summarise([14]))
[    13.951][cube-solver-8][DEBUG] Solving cube (l0 = natural_join4(), l1 = union(), l2 = mutate([1]))
[    13.955][cube-solver-8][DEBUG] Solving cube (l0 = natural_join4(), l1 = intersect([8]), l2 = summarise([14]))
[    13.955][cube-solver-1][DEBUG] Solving cube (l0 = natural_join4(), l1 = intersect([8]), l2 = mutate([1]))
[    13.958][cube-solver-3][DEBUG] Solving cube (l0 = natural_join4(), l1 = semi_join(), l2 = summarise([14]))
[    13.965][cube-solver-1][DEBUG] Solving cube (l0 = natural_join4(), l1 = semi_join(), l2 = mutate([1]))
[    13.965][cube-solver-8][DEBUG] Solving cube (l0 = natural_join4(), l1 = cross_join([2]), l2 = summarise([14]))
[    13.968][cube-solver-1][DEBUG] Solving cube (l0 = natural_join4(), l1 = cross_join([2]), l2 = mutate([1]))
[    13.971][cube-solver-3][DEBUG] Solving cube (l0 = natural_join4(), l1 = mutate([1]), l2 = natural_join())
[    13.973][cube-solver-1][DEBUG] Solving cube (l0 = natural_join4(), l1 = mutate([1]), l2 = natural_join3())
[    13.973][cube-solver-8][DEBUG] Solving cube (l0 = natural_join4(), l1 = mutate([1]), l2 = natural_join4())
[    13.974][cube-solver-3][DEBUG] Solving cube (l0 = natural_join4(), l1 = mutate([1]), l2 = summarise([14]))
[    13.975][cube-solver-8][DEBUG] Solving cube (l0 = natural_join4(), l1 = mutate([1]), l2 = filter())
[    13.976][cube-solver-1][DEBUG] Solving cube (l0 = natural_join4(), l1 = mutate([1]), l2 = anti_join([18]))
[    13.977][cube-solver-8][DEBUG] Solving cube (l0 = natural_join4(), l1 = mutate([1]), l2 = left_join())
[    13.979][cube-solver-8][DEBUG] Solving cube (l0 = natural_join4(), l1 = mutate([1]), l2 = union())
[    13.981][cube-solver-8][DEBUG] Solving cube (l0 = natural_join4(), l1 = mutate([1]), l2 = intersect([8]))
[    13.986][cube-solver-8][DEBUG] Solving cube (l0 = natural_join4(), l1 = mutate([1]), l2 = semi_join())
[    13.987][cube-solver-3][DEBUG] Solving cube (l0 = natural_join4(), l1 = mutate([1]), l2 = cross_join([2]))
[    13.988][cube-solver-8][DEBUG] Solving cube (l0 = natural_join4(), l1 = mutate([1]), l2 = mutate([1]))
[    13.993][cube-solver-8][DEBUG] Solving cube (l0 = natural_join4(), l1 = mutate([1]), l2 = inner_join([84]))
[    13.997][cube-solver-3][DEBUG] Solving cube (l0 = natural_join4(), l1 = inner_join([84]), l2 = summarise([14]))
[    13.999][cube-solver-1][DEBUG] Solving cube (l0 = natural_join4(), l1 = inner_join([84]), l2 = mutate([1]))
[    14.029][cube-solver-8][DEBUG] Solving cube (l0 = natural_join4(), l1 = natural_join(), l2 = summarise([14]))
[    14.037][cube-solver-8][DEBUG] Solving cube (l0 = natural_join4(), l1 = natural_join(), l2 = mutate([1]))
[    14.040][cube-solver-8][DEBUG] Solving cube (l0 = natural_join4(), l1 = natural_join3(), l2 = summarise([14]))
[    14.047][cube-solver-3][DEBUG] Solving cube (l0 = natural_join4(), l1 = natural_join3(), l2 = mutate([1]))
[    14.047][cube-solver-8][DEBUG] Solving cube (l0 = natural_join4(), l1 = natural_join4(), l2 = summarise([14]))
[    14.050][cube-solver-3][DEBUG] Solving cube (l0 = natural_join4(), l1 = natural_join4(), l2 = mutate([1]))
[    14.054][cube-solver-3][DEBUG] Solving cube (l0 = summarise([14]), l1 = natural_join(), l2 = summarise([14]))
[    14.054][cube-solver-8][DEBUG] Solving cube (l0 = summarise([14]), l1 = natural_join(), l2 = filter())
[    14.063][cube-solver-1][DEBUG] Solving cube (l0 = summarise([14]), l1 = natural_join(), l2 = anti_join([18]))
[    14.085][cube-solver-1][DEBUG] Solving cube (l0 = summarise([14]), l1 = natural_join(), l2 = left_join())
[    14.222][cube-solver-13][DEBUG] Solving cube (l0 = summarise([14]), l1 = natural_join(), l2 = union())
[    14.484][cube-solver-7][DEBUG] Solving cube (l0 = summarise([14]), l1 = natural_join(), l2 = intersect([8]))
[    15.391][cube-solver-8][DEBUG] Solving cube (l0 = summarise([14]), l1 = natural_join(), l2 = semi_join())
[    16.182][cube-solver-6][DEBUG] Solving cube (l0 = summarise([14]), l1 = natural_join(), l2 = cross_join([2]))
[    16.190][cube-solver-0][DEBUG] Solving cube (l0 = summarise([14]), l1 = natural_join(), l2 = mutate([1]))
[    16.304][cube-solver-3][DEBUG] Solving cube (l0 = summarise([14]), l1 = natural_join(), l2 = inner_join([84]))
[    16.466][cube-solver-0][DEBUG] Solving cube (l0 = summarise([14]), l1 = natural_join(), l2 = natural_join())
[    16.864][cube-solver-5][DEBUG] Solving cube (l0 = summarise([14]), l1 = natural_join(), l2 = natural_join3())
[    16.879][cube-solver-5][DEBUG] Solving cube (l0 = summarise([14]), l1 = natural_join(), l2 = natural_join4())
[    16.893][cube-solver-5][DEBUG] Solving cube (l0 = summarise([14]), l1 = natural_join3(), l2 = summarise([14]))
[    18.291][cube-solver-6][DEBUG] Solving cube (l0 = summarise([14]), l1 = natural_join3(), l2 = filter())
[    18.401][cube-solver-15][DEBUG] Initialising process for 3 lines of code.
[    18.947][cube-solver-15][DEBUG] Solving cube (l0 = summarise([14]), l1 = natural_join3(), l2 = anti_join([18]))
[    20.960][cube-solver-8][DEBUG] Solving cube (l0 = summarise([14]), l1 = natural_join3(), l2 = left_join())
[    21.378][cube-solver-1][DEBUG] Solving cube (l0 = summarise([14]), l1 = natural_join3(), l2 = union())
[    21.402][cube-solver-13][DEBUG] Solving cube (l0 = summarise([14]), l1 = natural_join3(), l2 = intersect([8]))
[    21.464][cube-solver-11][DEBUG] Solving cube (l0 = summarise([14]), l1 = natural_join3(), l2 = semi_join())
[    23.414][cube-solver-0][DEBUG] Solving cube (l0 = summarise([14]), l1 = natural_join3(), l2 = cross_join([2]))
[    23.424][cube-solver-14][DEBUG] Solving cube (l0 = summarise([14]), l1 = natural_join3(), l2 = mutate([1]))
[    25.903][cube-solver-14][DEBUG] Solving cube (l0 = summarise([14]), l1 = natural_join3(), l2 = inner_join([84]))
[    26.193][cube-solver-7][DEBUG] Solving cube (l0 = summarise([14]), l1 = natural_join3(), l2 = natural_join())
[    26.215][cube-solver-7][DEBUG] Solving cube (l0 = summarise([14]), l1 = natural_join3(), l2 = natural_join3())
[    26.224][cube-solver-7][DEBUG] Solving cube (l0 = summarise([14]), l1 = natural_join3(), l2 = natural_join4())
[    26.238][cube-solver-7][DEBUG] Solving cube (l0 = summarise([14]), l1 = natural_join4(), l2 = summarise([14]))
[    26.263][cube-solver-7][DEBUG] Solving cube (l0 = summarise([14]), l1 = natural_join4(), l2 = filter())
[    26.277][cube-solver-7][DEBUG] Solving cube (l0 = summarise([14]), l1 = natural_join4(), l2 = anti_join([18]))
[    26.304][cube-solver-7][DEBUG] Solving cube (l0 = summarise([14]), l1 = natural_join4(), l2 = left_join())
[    26.319][cube-solver-7][DEBUG] Solving cube (l0 = summarise([14]), l1 = natural_join4(), l2 = union())
[    26.334][cube-solver-7][DEBUG] Solving cube (l0 = summarise([14]), l1 = natural_join4(), l2 = intersect([8]))
[    26.353][cube-solver-7][DEBUG] Solving cube (l0 = summarise([14]), l1 = natural_join4(), l2 = semi_join())
[    26.367][cube-solver-7][DEBUG] Solving cube (l0 = summarise([14]), l1 = natural_join4(), l2 = cross_join([2]))
[    26.382][cube-solver-7][DEBUG] Solving cube (l0 = summarise([14]), l1 = natural_join4(), l2 = mutate([1]))
[    26.401][cube-solver-7][DEBUG] Solving cube (l0 = summarise([14]), l1 = natural_join4(), l2 = inner_join([84]))
[    26.477][cube-solver-7][DEBUG] Solving cube (l0 = summarise([14]), l1 = natural_join4(), l2 = natural_join())
[    26.486][cube-solver-7][DEBUG] Solving cube (l0 = summarise([14]), l1 = natural_join4(), l2 = natural_join3())
[    26.494][cube-solver-7][DEBUG] Solving cube (l0 = summarise([14]), l1 = natural_join4(), l2 = natural_join4())
[    26.508][cube-solver-7][DEBUG] Solving cube (l0 = summarise([14]), l1 = summarise([14]), l2 = natural_join())
[    26.534][cube-solver-7][DEBUG] Solving cube (l0 = summarise([14]), l1 = summarise([14]), l2 = natural_join3())
[    26.793][cube-solver-12][DEBUG] Initialising process for 3 lines of code.
[    27.226][cube-solver-12][DEBUG] Solving cube (l0 = summarise([14]), l1 = summarise([14]), l2 = natural_join4())
[    27.239][cube-solver-12][DEBUG] Solving cube (l0 = summarise([14]), l1 = summarise([14]), l2 = summarise([14]))
[    27.257][cube-solver-12][DEBUG] Solving cube (l0 = summarise([14]), l1 = summarise([14]), l2 = filter())
[    27.270][cube-solver-12][DEBUG] Solving cube (l0 = summarise([14]), l1 = summarise([14]), l2 = anti_join([18]))
[    27.291][cube-solver-12][DEBUG] Solving cube (l0 = summarise([14]), l1 = summarise([14]), l2 = left_join())
[    27.304][cube-solver-12][DEBUG] Solving cube (l0 = summarise([14]), l1 = summarise([14]), l2 = union())
[    27.317][cube-solver-12][DEBUG] Solving cube (l0 = summarise([14]), l1 = summarise([14]), l2 = intersect([8]))
[    27.333][cube-solver-12][DEBUG] Solving cube (l0 = summarise([14]), l1 = summarise([14]), l2 = semi_join())
[    27.346][cube-solver-12][DEBUG] Solving cube (l0 = summarise([14]), l1 = summarise([14]), l2 = cross_join([2]))
[    27.359][cube-solver-12][DEBUG] Solving cube (l0 = summarise([14]), l1 = summarise([14]), l2 = mutate([1]))
[    27.375][cube-solver-12][DEBUG] Solving cube (l0 = summarise([14]), l1 = summarise([14]), l2 = inner_join([84]))
[    27.420][cube-solver-12][DEBUG] Solving cube (l0 = summarise([14]), l1 = filter(), l2 = natural_join())
[    27.832][cube-solver-0][DEBUG] Solving cube (l0 = summarise([14]), l1 = filter([5]), l2 = natural_join3())
[    29.348][cube-solver-12][DEBUG] Solving cube (l0 = summarise([14]), l1 = filter([7]), l2 = natural_join4())
[    29.359][cube-solver-12][DEBUG] Solving cube (l0 = summarise([14]), l1 = filter([7]), l2 = summarise([14]))
[    29.375][cube-solver-12][DEBUG] Solving cube (l0 = summarise([14]), l1 = filter([7]), l2 = filter([7]))
[    29.387][cube-solver-12][DEBUG] Solving cube (l0 = summarise([14]), l1 = filter([7]), l2 = anti_join([18]))
[    30.486][cube-solver-6][DEBUG] Solving cube (l0 = summarise([14]), l1 = filter([10]), l2 = left_join())
[    31.890][cube-solver-6][DEBUG] Solving cube (l0 = summarise([14]), l1 = filter([10]), l2 = union())
[    32.928][cube-solver-5][DEBUG] Solving cube (l0 = summarise([14]), l1 = filter([10]), l2 = intersect([8]))
[    34.350][cube-solver-6][DEBUG] Solving cube (l0 = summarise([14]), l1 = filter([10]), l2 = semi_join())
[    35.465][cube-solver-6][DEBUG] Solving cube (l0 = summarise([14]), l1 = filter([10]), l2 = cross_join([2]))
[    36.278][cube-solver-6][DEBUG] Solving cube (l0 = summarise([14]), l1 = filter([10]), l2 = mutate([1]))
[    36.302][cube-solver-6][DEBUG] Solving cube (l0 = summarise([14]), l1 = filter([10]), l2 = inner_join([84]))
[    36.502][cube-solver-11][DEBUG] Solving cube (l0 = summarise([14]), l1 = anti_join([18]), l2 = natural_join())
[    37.006][cube-solver-5][DEBUG] Solving cube (l0 = summarise([14]), l1 = anti_join([18]), l2 = natural_join3())
[    37.033][cube-solver-5][DEBUG] Solving cube (l0 = summarise([14]), l1 = anti_join([18]), l2 = natural_join4())
[    37.060][cube-solver-5][DEBUG] Solving cube (l0 = summarise([14]), l1 = anti_join([18]), l2 = summarise([14]))
[    37.185][cube-solver-7][DEBUG] Solving cube (l0 = summarise([14]), l1 = anti_join([18]), l2 = filter([10]))
[    38.686][cube-solver-8][DEBUG] Solving cube (l0 = summarise([14]), l1 = anti_join([18]), l2 = anti_join([18]))
[    38.707][cube-solver-8][DEBUG] Solving cube (l0 = summarise([14]), l1 = anti_join([18]), l2 = left_join())
[    38.845][cube-solver-1][DEBUG] Solving cube (l0 = summarise([14]), l1 = anti_join([18]), l2 = union())
[    38.980][cube-solver-12][DEBUG] Solving cube (l0 = summarise([14]), l1 = anti_join([18]), l2 = intersect([8]))
[    41.379][cube-solver-0][DEBUG] Solving cube (l0 = summarise([14]), l1 = anti_join([18]), l2 = semi_join())
[    45.258][cube-solver-2][DEBUG] Solving cube (l0 = summarise([14]), l1 = anti_join([18]), l2 = cross_join([2]))
[    47.494][cube-solver-7][DEBUG] Solving cube (l0 = summarise([14]), l1 = anti_join([18]), l2 = mutate([1]))
[    48.139][cube-solver-13][DEBUG] Solving cube (l0 = summarise([14]), l1 = anti_join([18]), l2 = inner_join([84]))
[    49.364][cube-solver-7][DEBUG] Solving cube (l0 = summarise([14]), l1 = left_join(), l2 = natural_join())
[    55.613][cube-solver-5][DEBUG] Solving cube (l0 = summarise([14]), l1 = left_join(), l2 = natural_join3())
[    57.177][cube-solver-7][DEBUG] Solving cube (l0 = summarise([14]), l1 = left_join(), l2 = natural_join4())
[    57.187][cube-solver-7][DEBUG] Solving cube (l0 = summarise([14]), l1 = left_join(), l2 = summarise([14]))
[    59.401][cube-solver-7][DEBUG] Solving cube (l0 = summarise([14]), l1 = left_join(), l2 = filter([10]))
[    60.040][cube-solver-11][DEBUG] Solving cube (l0 = summarise([14]), l1 = left_join(), l2 = anti_join([18]))
[    60.740][cube-solver-7][DEBUG] Solving cube (l0 = summarise([14]), l1 = left_join(), l2 = left_join())
[    62.504][cube-solver-2][DEBUG] Solving cube (l0 = summarise([14]), l1 = left_join(), l2 = union())
[    63.943][cube-solver-8][DEBUG] Solving cube (l0 = summarise([14]), l1 = left_join(), l2 = intersect([8]))
[    64.515][cube-solver-0][DEBUG] Solving cube (l0 = summarise([14]), l1 = left_join(), l2 = semi_join())
[    66.121][cube-solver-1][DEBUG] Solving cube (l0 = summarise([14]), l1 = left_join(), l2 = cross_join([2]))
[    68.488][cube-solver-1][DEBUG] Solving cube (l0 = summarise([14]), l1 = left_join(), l2 = mutate([1]))
[    68.828][cube-solver-1][DEBUG] Solving cube (l0 = summarise([14]), l1 = left_join(), l2 = inner_join([84]))
[    69.134][cube-solver-7][DEBUG] Solving cube (l0 = summarise([14]), l1 = union(), l2 = natural_join())
[    70.991][cube-solver-0][DEBUG] Solving cube (l0 = summarise([14]), l1 = union(), l2 = natural_join3())
[    71.174][cube-solver-2][DEBUG] Solving cube (l0 = summarise([14]), l1 = union(), l2 = natural_join4())
[    71.183][cube-solver-2][DEBUG] Solving cube (l0 = summarise([14]), l1 = union(), l2 = summarise([14]))
[    74.345][cube-solver-2][DEBUG] Solving cube (l0 = summarise([14]), l1 = union(), l2 = filter([10]))
[    76.705][cube-solver-2][DEBUG] Solving cube (l0 = summarise([14]), l1 = union(), l2 = anti_join([18]))
[    77.754][cube-solver-8][DEBUG] Solving cube (l0 = summarise([14]), l1 = union(), l2 = left_join())
[    78.669][cube-solver-7][DEBUG] Solving cube (l0 = summarise([14]), l1 = union(), l2 = union())
[    88.139][cube-solver-8][DEBUG] Solving cube (l0 = summarise([14]), l1 = union(), l2 = intersect([8]))
[    88.322][cube-solver-10][DEBUG] Solving cube (l0 = summarise([14]), l1 = union(), l2 = semi_join())
[    89.705][cube-solver-7][DEBUG] Solving cube (l0 = summarise([14]), l1 = union(), l2 = cross_join([2]))
[    91.923][cube-solver-7][DEBUG] Solving cube (l0 = summarise([14]), l1 = union(), l2 = mutate([1]))
[    92.414][cube-solver-7][DEBUG] Solving cube (l0 = summarise([14]), l1 = union(), l2 = inner_join([84]))
[    95.741][cube-solver-6][DEBUG] Solving cube (l0 = summarise([14]), l1 = intersect([8]), l2 = natural_join())
[    95.853][cube-solver-11][DEBUG] Solving cube (l0 = summarise([14]), l1 = intersect([8]), l2 = natural_join3())
[    96.478][cube-solver-10][DEBUG] Solving cube (l0 = summarise([14]), l1 = intersect([9]), l2 = natural_join4())
[    96.491][cube-solver-10][DEBUG] Solving cube (l0 = summarise([14]), l1 = intersect([9]), l2 = summarise([14]))
[    97.505][cube-solver-5][DEBUG] Solving cube (l0 = summarise([14]), l1 = intersect([9]), l2 = filter([10]))
[   100.900][cube-solver-15][DEBUG] Solving cube (l0 = summarise([14]), l1 = intersect([10]), l2 = anti_join([18]))
[   102.567][cube-solver-5][DEBUG] Solving cube (l0 = summarise([14]), l1 = intersect([10]), l2 = left_join())
[   103.016][cube-solver-8][DEBUG] Solving cube (l0 = summarise([14]), l1 = intersect([10]), l2 = union())
[   106.471][cube-solver-10][DEBUG] Solving cube (l0 = summarise([14]), l1 = intersect([11]), l2 = intersect([11]))
[   106.513][cube-solver-6][DEBUG] Solving cube (l0 = summarise([14]), l1 = intersect([11]), l2 = semi_join())
[   113.997][cube-solver-5][DEBUG] Solving cube (l0 = summarise([14]), l1 = intersect([11]), l2 = cross_join([2]))
[   115.761][cube-solver-8][DEBUG] Solving cube (l0 = summarise([14]), l1 = intersect([11]), l2 = mutate([1]))
[   116.755][cube-solver-8][DEBUG] Solving cube (l0 = summarise([14]), l1 = intersect([11]), l2 = inner_join([84]))
[   117.293][cube-solver-2][DEBUG] Solving cube (l0 = summarise([14]), l1 = semi_join(), l2 = natural_join())
[   117.674][MainProcess][INFO] Hard problem!
[   117.674][MainProcess][DEBUG] Increasing alternate_generator loc to 4
[   117.682][cube-solver-12][DEBUG] Initialising process for 4 lines of code.
[   117.721][cube-solver-0][DEBUG] Initialising process for 4 lines of code.
[   117.941][cube-solver-6][DEBUG] Initialising process for 4 lines of code.
[   118.349][cube-solver-12][DEBUG] Solving cube (l0 = natural_join(), l1 = summarise([14]), l2 = natural_join(), l3 = summarise([14]))
[   118.375][cube-solver-0][DEBUG] Solving cube (l0 = natural_join(), l1 = summarise([14]), l2 = natural_join(), l3 = filter([10]))
[   118.610][cube-solver-6][DEBUG] Solving cube (l0 = natural_join(), l1 = summarise([14]), l2 = natural_join(), l3 = anti_join([18]))
[   118.638][cube-solver-6][DEBUG] Solving cube (l0 = natural_join(), l1 = summarise([14]), l2 = natural_join(), l3 = left_join())
[   123.263][cube-solver-2][DEBUG] Initialising process for 4 lines of code.
[   123.957][cube-solver-2][DEBUG] Solving cube (l0 = natural_join(), l1 = summarise([14]), l2 = natural_join(), l3 = union())
[   124.721][cube-solver-5][DEBUG] Initialising process for 4 lines of code.
[   125.378][cube-solver-5][DEBUG] Solving cube (l0 = natural_join(), l1 = summarise([14]), l2 = natural_join(), l3 = intersect([11]))
[   150.657][cube-solver-10][DEBUG] Solving cube (l0 = summarise([14]), l1 = semi_join(), l2 = natural_join3())
[   155.598][cube-solver-11][DEBUG] Solving cube (l0 = summarise([14]), l1 = semi_join(), l2 = natural_join4())
[   155.607][cube-solver-11][DEBUG] Solving cube (l0 = summarise([14]), l1 = semi_join(), l2 = summarise([14]))
[   157.676][cube-solver-11][DEBUG] Solving cube (l0 = summarise([14]), l1 = semi_join(), l2 = filter([10]))
[   158.728][cube-solver-11][DEBUG] Solving cube (l0 = summarise([14]), l1 = semi_join(), l2 = anti_join([18]))
[   164.556][cube-solver-0][DEBUG] Solving cube (l0 = natural_join(), l1 = summarise([14]), l2 = natural_join(), l3 = semi_join())
[   179.713][cube-solver-12][DEBUG] Solving cube (l0 = natural_join(), l1 = summarise([14]), l2 = natural_join(), l3 = cross_join([2]))
[   188.526][cube-solver-10][DEBUG] Solving cube (l0 = summarise([14]), l1 = semi_join(), l2 = left_join())
[   190.485][cube-solver-11][DEBUG] Solving cube (l0 = summarise([14]), l1 = semi_join(), l2 = union())
[   191.713][cube-solver-4][DEBUG] Solving cube (l0 = summarise([14]), l1 = semi_join(), l2 = intersect([11]))
[   194.933][cube-solver-10][DEBUG] Solving cube (l0 = summarise([14]), l1 = semi_join(), l2 = semi_join())
[   198.332][cube-solver-11][DEBUG] Solving cube (l0 = summarise([14]), l1 = semi_join(), l2 = cross_join([2]))
[   200.192][cube-solver-10][DEBUG] Solving cube (l0 = summarise([14]), l1 = semi_join(), l2 = mutate([1]))
[   200.408][cube-solver-10][DEBUG] Solving cube (l0 = summarise([14]), l1 = semi_join(), l2 = inner_join([84]))
[   200.648][cube-solver-11][DEBUG] Solving cube (l0 = summarise([14]), l1 = cross_join([2]), l2 = natural_join())
[   202.282][cube-solver-11][DEBUG] Solving cube (l0 = summarise([14]), l1 = cross_join([3]), l2 = natural_join3())
[   205.348][cube-solver-4][DEBUG] Solving cube (l0 = summarise([14]), l1 = cross_join([4]), l2 = natural_join4())
[   205.368][cube-solver-4][DEBUG] Solving cube (l0 = summarise([14]), l1 = cross_join([4]), l2 = summarise([14]))
[   206.995][cube-solver-4][DEBUG] Solving cube (l0 = summarise([14]), l1 = cross_join([4]), l2 = filter([10]))
[   207.850][cube-solver-4][DEBUG] Solving cube (l0 = summarise([14]), l1 = cross_join([4]), l2 = anti_join([18]))
[   208.829][cube-solver-11][DEBUG] Solving cube (l0 = summarise([14]), l1 = cross_join([4]), l2 = left_join())
[   210.601][cube-solver-11][DEBUG] Solving cube (l0 = summarise([14]), l1 = cross_join([4]), l2 = union())
[   210.740][cube-solver-15][DEBUG] Solving cube (l0 = summarise([14]), l1 = cross_join([4]), l2 = intersect([11]))
[   212.263][cube-solver-11][DEBUG] Solving cube (l0 = summarise([14]), l1 = cross_join([4]), l2 = semi_join())
[   213.897][cube-solver-11][DEBUG] Solving cube (l0 = summarise([14]), l1 = cross_join([4]), l2 = cross_join([4]))
[   215.540][cube-solver-11][DEBUG] Solving cube (l0 = summarise([14]), l1 = cross_join([4]), l2 = mutate([1]))
[   215.753][cube-solver-11][DEBUG] Solving cube (l0 = summarise([14]), l1 = cross_join([4]), l2 = inner_join([84]))
[   217.039][cube-solver-15][DEBUG] Solving cube (l0 = summarise([14]), l1 = mutate([1]), l2 = natural_join())
[   217.309][cube-solver-15][DEBUG] Solving cube (l0 = summarise([14]), l1 = mutate([1]), l2 = natural_join3())
[   217.976][cube-solver-12][DEBUG] Solving cube (l0 = natural_join(), l1 = summarise([14]), l2 = natural_join(), l3 = mutate([1]))
[   222.162][cube-solver-15][DEBUG] Solving cube (l0 = summarise([14]), l1 = mutate([1]), l2 = natural_join4())
[   222.171][cube-solver-15][DEBUG] Solving cube (l0 = summarise([14]), l1 = mutate([1]), l2 = summarise([14]))
[   222.194][cube-solver-15][DEBUG] Solving cube (l0 = summarise([14]), l1 = mutate([1]), l2 = filter([10]))
[   222.213][cube-solver-15][DEBUG] Solving cube (l0 = summarise([14]), l1 = mutate([1]), l2 = anti_join([18]))
[   223.789][cube-solver-4][DEBUG] Solving cube (l0 = summarise([14]), l1 = mutate([1]), l2 = left_join())
[   224.061][cube-solver-4][DEBUG] Solving cube (l0 = summarise([14]), l1 = mutate([1]), l2 = union())
[   224.125][cube-solver-15][DEBUG] Solving cube (l0 = summarise([14]), l1 = mutate([1]), l2 = intersect([11]))
[   224.555][cube-solver-4][DEBUG] Solving cube (l0 = summarise([14]), l1 = mutate([1]), l2 = semi_join())
[   224.789][cube-solver-4][DEBUG] Solving cube (l0 = summarise([14]), l1 = mutate([1]), l2 = cross_join([4]))
[   225.023][cube-solver-15][DEBUG] Solving cube (l0 = summarise([14]), l1 = mutate([1]), l2 = mutate([1]))
[   225.036][cube-solver-15][DEBUG] Solving cube (l0 = summarise([14]), l1 = mutate([1]), l2 = inner_join([84]))
[   225.075][cube-solver-4][DEBUG] Solving cube (l0 = summarise([14]), l1 = inner_join([84]), l2 = natural_join())
[   227.469][cube-solver-12][DEBUG] Solving cube (l0 = natural_join(), l1 = summarise([14]), l2 = natural_join(), l3 = inner_join([88]))
[   232.108][cube-solver-3][DEBUG] Solving cube (l0 = summarise([14]), l1 = inner_join([93]), l2 = natural_join3())
[   236.940][cube-solver-15][DEBUG] Solving cube (l0 = summarise([14]), l1 = inner_join([108]), l2 = natural_join4())
[   237.039][cube-solver-15][DEBUG] Solving cube (l0 = summarise([14]), l1 = inner_join([108]), l2 = summarise([14]))
[   252.250][cube-solver-6][DEBUG] Solving cube (l0 = natural_join(), l1 = summarise([14]), l2 = natural_join(), l3 = natural_join())
[   255.065][cube-solver-2][DEBUG] Solving cube (l0 = natural_join(), l1 = summarise([14]), l2 = natural_join(), l3 = natural_join3())
[   255.077][cube-solver-2][DEBUG] Solving cube (l0 = natural_join(), l1 = summarise([14]), l2 = natural_join(), l3 = natural_join4())
[   255.086][cube-solver-2][DEBUG] Solving cube (l0 = natural_join(), l1 = summarise([14]), l2 = natural_join3(), l3 = summarise([14]))
[   270.599][cube-solver-9][DEBUG] Solving cube (l0 = summarise([14]), l1 = inner_join([148]), l2 = filter([10]))
[   275.423][cube-solver-0][DEBUG] Solving cube (l0 = natural_join(), l1 = summarise([14]), l2 = natural_join3(), l3 = filter([10]))
[   315.596][cube-solver-2][DEBUG] Solving cube (l0 = natural_join(), l1 = summarise([14]), l2 = natural_join3(), l3 = anti_join([18]))
[   315.599][cube-solver-11][DEBUG] Solving cube (l0 = summarise([14]), l1 = inner_join([168]), l2 = anti_join([18]))
[   318.422][cube-solver-1][DEBUG] Solving cube (l0 = summarise([14]), l1 = inner_join([169]), l2 = left_join())
[   321.244][cube-solver-0][DEBUG] Solving cube (l0 = natural_join(), l1 = summarise([14]), l2 = natural_join3(), l3 = left_join())
[   334.944][cube-solver-9][DEBUG] Solving cube (l0 = summarise([14]), l1 = inner_join([180]), l2 = union())
[   345.969][cube-solver-15][DEBUG] Solving cube (l0 = summarise([14]), l1 = inner_join([181]), l2 = intersect([11]))
[   353.562][cube-solver-5][DEBUG] Solving cube (l0 = natural_join(), l1 = summarise([14]), l2 = natural_join3(), l3 = union())
[   375.269][cube-solver-6][DEBUG] Solving cube (l0 = natural_join(), l1 = summarise([14]), l2 = natural_join3(), l3 = intersect([11]))
[   398.830][cube-solver-4][DEBUG] Solving cube (l0 = summarise([14]), l1 = inner_join([185]), l2 = semi_join())
[   401.153][cube-solver-10][DEBUG] Solving cube (l0 = summarise([14]), l1 = inner_join([186]), l2 = cross_join([4]))
[   404.774][cube-solver-7][DEBUG] Solving cube (l0 = summarise([14]), l1 = inner_join([186]), l2 = mutate([1]))
[   416.302][cube-solver-7][DEBUG] Solving cube (l0 = summarise([14]), l1 = inner_join([186]), l2 = inner_join([186]))
[   417.134][cube-solver-0][DEBUG] Solving cube (l0 = natural_join(), l1 = summarise([14]), l2 = natural_join3(), l3 = semi_join())
[   448.960][cube-solver-5][DEBUG] Solving cube (l0 = natural_join(), l1 = summarise([14]), l2 = natural_join3(), l3 = cross_join([4]))
[   477.930][cube-solver-5][DEBUG] Solving cube (l0 = natural_join(), l1 = summarise([14]), l2 = natural_join3(), l3 = mutate([1]))
[   487.390][cube-solver-5][DEBUG] Solving cube (l0 = natural_join(), l1 = summarise([14]), l2 = natural_join3(), l3 = inner_join([186]))
[   498.582][cube-solver-1][DEBUG] Solving cube (l0 = filter([10]), l1 = natural_join(), l2 = summarise([14]))
[   498.593][cube-solver-1][DEBUG] Solving cube (l0 = filter([10]), l1 = natural_join(), l2 = mutate([1]))
[   498.612][cube-solver-1][DEBUG] Solving cube (l0 = filter([10]), l1 = natural_join3(), l2 = summarise([14]))
[   498.631][cube-solver-1][DEBUG] Solving cube (l0 = filter([10]), l1 = natural_join3(), l2 = mutate([1]))
[   498.640][cube-solver-1][DEBUG] Solving cube (l0 = filter([10]), l1 = natural_join4(), l2 = summarise([14]))
[   498.659][cube-solver-1][DEBUG] Solving cube (l0 = filter([10]), l1 = natural_join4(), l2 = mutate([1]))
[   498.668][cube-solver-1][DEBUG] Solving cube (l0 = filter([10]), l1 = summarise([14]), l2 = natural_join())
[   498.687][cube-solver-1][DEBUG] Solving cube (l0 = filter([10]), l1 = summarise([14]), l2 = natural_join3())
[   498.706][cube-solver-1][DEBUG] Solving cube (l0 = filter([10]), l1 = summarise([14]), l2 = natural_join4())
[   498.724][cube-solver-1][DEBUG] Solving cube (l0 = filter([10]), l1 = summarise([14]), l2 = summarise([14]))
[   498.752][cube-solver-1][DEBUG] Solving cube (l0 = filter([10]), l1 = summarise([14]), l2 = filter([10]))
[   498.776][cube-solver-1][DEBUG] Solving cube (l0 = filter([10]), l1 = summarise([14]), l2 = anti_join([18]))
[   498.807][cube-solver-1][DEBUG] Solving cube (l0 = filter([10]), l1 = summarise([14]), l2 = left_join())
[   498.826][cube-solver-1][DEBUG] Solving cube (l0 = filter([10]), l1 = summarise([14]), l2 = union())
[   498.844][cube-solver-1][DEBUG] Solving cube (l0 = filter([10]), l1 = summarise([14]), l2 = intersect([11]))
[   498.870][cube-solver-1][DEBUG] Solving cube (l0 = filter([10]), l1 = summarise([14]), l2 = semi_join())
[   498.888][cube-solver-1][DEBUG] Solving cube (l0 = filter([10]), l1 = summarise([14]), l2 = cross_join([4]))
[   498.909][cube-solver-1][DEBUG] Solving cube (l0 = filter([10]), l1 = summarise([14]), l2 = mutate([1]))
[   498.937][cube-solver-1][DEBUG] Solving cube (l0 = filter([10]), l1 = summarise([14]), l2 = inner_join([186]))
[   499.075][cube-solver-1][DEBUG] Solving cube (l0 = filter([10]), l1 = filter([10]), l2 = summarise([14]))
[   499.099][cube-solver-1][DEBUG] Solving cube (l0 = filter([10]), l1 = filter([10]), l2 = mutate([1]))
[   499.114][cube-solver-1][DEBUG] Solving cube (l0 = filter([10]), l1 = anti_join([18]), l2 = summarise([14]))
[   499.132][cube-solver-1][DEBUG] Solving cube (l0 = filter([10]), l1 = anti_join([18]), l2 = mutate([1]))
[   499.144][cube-solver-1][DEBUG] Solving cube (l0 = filter([10]), l1 = left_join(), l2 = summarise([14]))
[   499.155][cube-solver-1][DEBUG] Solving cube (l0 = filter([10]), l1 = left_join(), l2 = mutate([1]))
[   499.161][cube-solver-1][DEBUG] Solving cube (l0 = filter([10]), l1 = union(), l2 = summarise([14]))
[   499.171][cube-solver-1][DEBUG] Solving cube (l0 = filter([10]), l1 = union(), l2 = mutate([1]))
[   499.178][cube-solver-1][DEBUG] Solving cube (l0 = filter([10]), l1 = intersect([11]), l2 = summarise([14]))
[   499.193][cube-solver-1][DEBUG] Solving cube (l0 = filter([10]), l1 = intersect([11]), l2 = mutate([1]))
[   499.203][cube-solver-1][DEBUG] Solving cube (l0 = filter([10]), l1 = semi_join(), l2 = summarise([14]))
[   499.213][cube-solver-1][DEBUG] Solving cube (l0 = filter([10]), l1 = semi_join(), l2 = mutate([1]))
[   499.219][cube-solver-1][DEBUG] Solving cube (l0 = filter([10]), l1 = cross_join([4]), l2 = summarise([14]))
[   499.231][cube-solver-1][DEBUG] Solving cube (l0 = filter([10]), l1 = cross_join([4]), l2 = mutate([1]))
[   499.237][cube-solver-1][DEBUG] Solving cube (l0 = filter([10]), l1 = mutate([1]), l2 = natural_join())
[   499.243][cube-solver-1][DEBUG] Solving cube (l0 = filter([10]), l1 = mutate([1]), l2 = natural_join3())
[   499.248][cube-solver-1][DEBUG] Solving cube (l0 = filter([10]), l1 = mutate([1]), l2 = natural_join4())
[   499.253][cube-solver-1][DEBUG] Solving cube (l0 = filter([10]), l1 = mutate([1]), l2 = summarise([14]))
[   499.264][cube-solver-1][DEBUG] Solving cube (l0 = filter([10]), l1 = mutate([1]), l2 = filter([10]))
[   499.272][cube-solver-1][DEBUG] Solving cube (l0 = filter([10]), l1 = mutate([1]), l2 = anti_join([18]))
[   499.284][cube-solver-1][DEBUG] Solving cube (l0 = filter([10]), l1 = mutate([1]), l2 = left_join())
[   499.290][cube-solver-1][DEBUG] Solving cube (l0 = filter([10]), l1 = mutate([1]), l2 = union())
[   499.295][cube-solver-1][DEBUG] Solving cube (l0 = filter([10]), l1 = mutate([1]), l2 = intersect([11]))
[   499.305][cube-solver-1][DEBUG] Solving cube (l0 = filter([10]), l1 = mutate([1]), l2 = semi_join())
[   499.310][cube-solver-1][DEBUG] Solving cube (l0 = filter([10]), l1 = mutate([1]), l2 = cross_join([4]))
[   499.317][cube-solver-1][DEBUG] Solving cube (l0 = filter([10]), l1 = mutate([1]), l2 = mutate([1]))
[   499.329][cube-solver-1][DEBUG] Solving cube (l0 = filter([10]), l1 = mutate([1]), l2 = inner_join([186]))
[   499.414][cube-solver-1][DEBUG] Solving cube (l0 = filter([10]), l1 = inner_join([186]), l2 = summarise([14]))
[   499.527][cube-solver-1][DEBUG] Solving cube (l0 = filter([10]), l1 = inner_join([186]), l2 = mutate([1]))
[   499.646][cube-solver-1][DEBUG] Solving cube (l0 = anti_join([18]), l1 = natural_join(), l2 = summarise([14]))
[   500.482][cube-solver-0][DEBUG] Solving cube (l0 = natural_join(), l1 = summarise([14]), l2 = natural_join3(), l3 = natural_join())
[   500.490][cube-solver-0][DEBUG] Solving cube (l0 = natural_join(), l1 = summarise([14]), l2 = natural_join3(), l3 = natural_join3())
[   500.498][cube-solver-0][DEBUG] Solving cube (l0 = natural_join(), l1 = summarise([14]), l2 = natural_join3(), l3 = natural_join4())
[   500.505][cube-solver-0][DEBUG] Solving cube (l0 = natural_join(), l1 = summarise([14]), l2 = natural_join4(), l3 = summarise([14]))
[   500.519][cube-solver-0][DEBUG] Solving cube (l0 = natural_join(), l1 = summarise([14]), l2 = natural_join4(), l3 = filter([10]))
[   500.529][cube-solver-0][DEBUG] Solving cube (l0 = natural_join(), l1 = summarise([14]), l2 = natural_join4(), l3 = anti_join([18]))
[   500.544][cube-solver-0][DEBUG] Solving cube (l0 = natural_join(), l1 = summarise([14]), l2 = natural_join4(), l3 = left_join())
[   500.552][cube-solver-0][DEBUG] Solving cube (l0 = natural_join(), l1 = summarise([14]), l2 = natural_join4(), l3 = union())
[   500.560][cube-solver-0][DEBUG] Solving cube (l0 = natural_join(), l1 = summarise([14]), l2 = natural_join4(), l3 = intersect([11]))
[   500.572][cube-solver-0][DEBUG] Solving cube (l0 = natural_join(), l1 = summarise([14]), l2 = natural_join4(), l3 = semi_join())
[   500.580][cube-solver-0][DEBUG] Solving cube (l0 = natural_join(), l1 = summarise([14]), l2 = natural_join4(), l3 = cross_join([4]))
[   500.589][cube-solver-0][DEBUG] Solving cube (l0 = natural_join(), l1 = summarise([14]), l2 = natural_join4(), l3 = mutate([1]))
[   500.604][cube-solver-0][DEBUG] Solving cube (l0 = natural_join(), l1 = summarise([14]), l2 = natural_join4(), l3 = inner_join([186]))
[   500.683][cube-solver-0][DEBUG] Solving cube (l0 = natural_join(), l1 = summarise([14]), l2 = natural_join4(), l3 = natural_join())
[   500.692][cube-solver-0][DEBUG] Solving cube (l0 = natural_join(), l1 = summarise([14]), l2 = natural_join4(), l3 = natural_join3())
[   500.700][cube-solver-0][DEBUG] Solving cube (l0 = natural_join(), l1 = summarise([14]), l2 = natural_join4(), l3 = natural_join4())
[   500.708][cube-solver-0][DEBUG] Solving cube (l0 = natural_join(), l1 = summarise([14]), l2 = summarise([14]), l3 = natural_join())
[   505.813][cube-solver-1][DEBUG] Solving cube (l0 = anti_join([18]), l1 = natural_join(), l2 = mutate([1]))
[   506.827][cube-solver-1][DEBUG] Solving cube (l0 = anti_join([18]), l1 = natural_join3(), l2 = summarise([14]))
[   506.854][cube-solver-1][DEBUG] Solving cube (l0 = anti_join([18]), l1 = natural_join3(), l2 = mutate([1]))
[   506.870][cube-solver-1][DEBUG] Solving cube (l0 = anti_join([18]), l1 = natural_join4(), l2 = summarise([14]))
[   506.897][cube-solver-1][DEBUG] Solving cube (l0 = anti_join([18]), l1 = natural_join4(), l2 = mutate([1]))
[   506.908][cube-solver-1][DEBUG] Solving cube (l0 = anti_join([18]), l1 = summarise([14]), l2 = natural_join())
[   515.878][cube-solver-1][DEBUG] Solving cube (l0 = anti_join([18]), l1 = summarise([14]), l2 = natural_join3())
[   520.693][cube-solver-10][DEBUG] Solving cube (l0 = anti_join([18]), l1 = summarise([14]), l2 = natural_join4())
[   520.709][cube-solver-10][DEBUG] Solving cube (l0 = anti_join([18]), l1 = summarise([14]), l2 = summarise([14]))
[   520.729][cube-solver-10][DEBUG] Solving cube (l0 = anti_join([18]), l1 = summarise([14]), l2 = filter([10]))
[   522.470][cube-solver-9][DEBUG] Solving cube (l0 = anti_join([18]), l1 = summarise([14]), l2 = anti_join([18]))
[   523.020][cube-solver-1][DEBUG] Solving cube (l0 = anti_join([18]), l1 = summarise([14]), l2 = left_join())
[   524.379][cube-solver-10][DEBUG] Solving cube (l0 = anti_join([18]), l1 = summarise([14]), l2 = union())
[   532.988][cube-solver-1][DEBUG] Solving cube (l0 = anti_join([18]), l1 = summarise([14]), l2 = intersect([11]))
[   535.602][cube-solver-10][DEBUG] Solving cube (l0 = anti_join([18]), l1 = summarise([14]), l2 = semi_join())
[   543.904][cube-solver-10][DEBUG] Solving cube (l0 = anti_join([18]), l1 = summarise([14]), l2 = cross_join([4]))
[   545.285][cube-solver-6][DEBUG] Solving cube (l0 = natural_join(), l1 = summarise([14]), l2 = summarise([14]), l3 = natural_join3())
[   548.385][cube-solver-10][DEBUG] Solving cube (l0 = anti_join([18]), l1 = summarise([14]), l2 = mutate([1]))
[   549.111][cube-solver-10][DEBUG] Solving cube (l0 = anti_join([18]), l1 = summarise([14]), l2 = inner_join([186]))
[   549.523][cube-solver-9][DEBUG] Solving cube (l0 = anti_join([18]), l1 = filter([10]), l2 = summarise([14]))
[   549.541][cube-solver-9][DEBUG] Solving cube (l0 = anti_join([18]), l1 = filter([10]), l2 = mutate([1]))
[   549.553][cube-solver-9][DEBUG] Solving cube (l0 = anti_join([18]), l1 = anti_join([18]), l2 = summarise([14]))
[   549.575][cube-solver-9][DEBUG] Solving cube (l0 = anti_join([18]), l1 = anti_join([18]), l2 = mutate([1]))
[   549.592][cube-solver-9][DEBUG] Solving cube (l0 = anti_join([18]), l1 = left_join(), l2 = summarise([14]))
[   556.540][cube-solver-9][DEBUG] Solving cube (l0 = anti_join([18]), l1 = left_join(), l2 = mutate([1]))
[   556.640][cube-solver-1][DEBUG] Solving cube (l0 = anti_join([18]), l1 = union(), l2 = summarise([14]))
[   557.661][cube-solver-9][DEBUG] Solving cube (l0 = anti_join([18]), l1 = union(), l2 = mutate([1]))
[   558.737][cube-solver-0][DEBUG] Solving cube (l0 = natural_join(), l1 = summarise([14]), l2 = summarise([14]), l3 = natural_join4())
[   558.751][cube-solver-0][DEBUG] Solving cube (l0 = natural_join(), l1 = summarise([14]), l2 = summarise([14]), l3 = summarise([14]))
[   558.758][cube-solver-9][DEBUG] Solving cube (l0 = anti_join([18]), l1 = intersect([11]), l2 = summarise([14]))
[   558.769][cube-solver-0][DEBUG] Solving cube (l0 = natural_join(), l1 = summarise([14]), l2 = summarise([14]), l3 = filter([10]))
[   558.786][cube-solver-0][DEBUG] Solving cube (l0 = natural_join(), l1 = summarise([14]), l2 = summarise([14]), l3 = anti_join([18]))
[   559.086][cube-solver-4][DEBUG] Solving cube (l0 = anti_join([18]), l1 = intersect([11]), l2 = mutate([1]))
[   560.889][cube-solver-4][DEBUG] Solving cube (l0 = anti_join([18]), l1 = semi_join(), l2 = summarise([14]))
[   563.364][cube-solver-1][DEBUG] Solving cube (l0 = anti_join([18]), l1 = semi_join(), l2 = mutate([1]))
[   564.164][cube-solver-1][DEBUG] Solving cube (l0 = anti_join([18]), l1 = cross_join([4]), l2 = summarise([14]))
[   565.965][cube-solver-4][DEBUG] Solving cube (l0 = anti_join([18]), l1 = cross_join([4]), l2 = mutate([1]))
[   566.290][cube-solver-4][DEBUG] Solving cube (l0 = anti_join([18]), l1 = mutate([1]), l2 = natural_join())
[   566.704][cube-solver-1][DEBUG] Solving cube (l0 = anti_join([18]), l1 = mutate([1]), l2 = natural_join3())
[   567.852][cube-solver-1][DEBUG] Solving cube (l0 = anti_join([18]), l1 = mutate([1]), l2 = natural_join4())
[   568.028][cube-solver-4][DEBUG] Solving cube (l0 = anti_join([18]), l1 = mutate([1]), l2 = summarise([14]))
[   569.089][cube-solver-4][DEBUG] Solving cube (l0 = anti_join([18]), l1 = mutate([1]), l2 = filter([10]))
[   569.957][cube-solver-4][DEBUG] Solving cube (l0 = anti_join([18]), l1 = mutate([1]), l2 = anti_join([18]))
[   573.859][cube-solver-4][DEBUG] Solving cube (l0 = anti_join([18]), l1 = mutate([1]), l2 = left_join())
[   575.648][cube-solver-4][DEBUG] Solving cube (l0 = anti_join([18]), l1 = mutate([1]), l2 = union())
[   576.748][cube-solver-9][DEBUG] Solving cube (l0 = anti_join([18]), l1 = mutate([1]), l2 = intersect([11]))
[   577.461][cube-solver-4][DEBUG] Solving cube (l0 = anti_join([18]), l1 = mutate([1]), l2 = semi_join())
[   579.032][cube-solver-4][DEBUG] Solving cube (l0 = anti_join([18]), l1 = mutate([1]), l2 = cross_join([4]))
[   579.645][cube-solver-4][DEBUG] Solving cube (l0 = anti_join([18]), l1 = mutate([1]), l2 = mutate([1]))
[   579.827][cube-solver-9][DEBUG] Solving cube (l0 = anti_join([18]), l1 = inner_join([186]), l2 = summarise([14]))
[   579.828][cube-solver-4][DEBUG] Solving cube (l0 = anti_join([18]), l1 = mutate([1]), l2 = inner_join([186]))
[   580.343][cube-solver-1][DEBUG] Solving cube (l0 = anti_join([18]), l1 = inner_join([186]), l2 = mutate([1]))
[   600.055][MainProcess][INFO] Statistics:
[   600.055][MainProcess][INFO] 	Generated cubes: 504
[   600.055][MainProcess][INFO] 	Attempted programs: 212080
[   600.056][MainProcess][INFO] 		Rejected: 43505
[   600.056][MainProcess][INFO] 		Failed: 168575
[   600.056][MainProcess][INFO] 	Blacklist clauses: 244
[   600.056][MainProcess][DEBUG] Priting statistics for good programs of size 2
[   600.058][MainProcess][DEBUG] 	0: Counter({'summarise': 1032, 'inner_join': 870, 'mutate': 400, 'left_join': 124, 'natural_join': 124, 'union': 124, 'anti_join': 76, 'semi_join': 38})
[   600.059][MainProcess][DEBUG] 	1: Counter({'summarise': 1110, 'inner_join': 708, 'natural_join3': 360, 'mutate': 246, 'union': 116, 'anti_join': 80, 'left_join': 64, 'natural_join': 64, 'semi_join': 40})
[   600.059][MainProcess][DEBUG] Priting statistics for good programs of size 3
[   600.166][MainProcess][DEBUG] 	0: Counter({'summarise': 254992, 'natural_join': 52472, 'anti_join': 13933})
[   600.235][MainProcess][DEBUG] 	1: Counter({'inner_join': 89063, 'natural_join3': 71993, 'union': 40300, 'summarise': 26974, 'left_join': 26004, 'natural_join': 17976, 'mutate': 16051, 'semi_join': 15306, 'anti_join': 11346, 'intersect': 3374, 'filter': 3010})
[   600.304][MainProcess][DEBUG] 	2: Counter({'inner_join': 154378, 'natural_join3': 42521, 'summarise': 21980, 'union': 21768, 'left_join': 18968, 'anti_join': 18962, 'natural_join': 15936, 'semi_join': 13254, 'mutate': 6680, 'filter': 4590, 'natural_join4': 1440, 'intersect': 920})
[   600.304][MainProcess][DEBUG] Priting statistics for good programs of size 4
[   600.352][MainProcess][DEBUG] 	0: Counter({'natural_join': 187396})
[   600.393][MainProcess][DEBUG] 	1: Counter({'summarise': 187396})
[   600.433][MainProcess][DEBUG] 	2: Counter({'natural_join': 98865, 'natural_join3': 75246, 'summarise': 13285})
[   600.476][MainProcess][DEBUG] 	3: Counter({'inner_join': 41521, 'left_join': 25520, 'union': 25520, 'anti_join': 21468, 'semi_join': 20216, 'natural_join': 20016, 'summarise': 10320, 'filter': 10280, 'natural_join3': 5715, 'intersect': 4764, 'mutate': 2056})

No solution found
