[     3.626][MainProcess][INFO] Parsing specification...
[     3.632][MainProcess][WARNING] "attrs" field is deprecated. Please use "columns"
[     3.632][MainProcess][WARNING] "aggrs" field is deprecated. Please use "functions"
[     3.632][MainProcess][WARNING] "const" field is deprecated. Please use "constants"
[     3.633][MainProcess][DEBUG] Reading input files...
[     3.643][MainProcess][INFO] Inferred data types for table tests-examples/textbook/tables/aircraft.txt: ['int64', 'string', 'int64']
[     3.648][MainProcess][INFO] Inferred data types for table tests-examples/textbook/tables/certified.txt: ['int64', 'int64']
[     3.655][MainProcess][INFO] Inferred data types for table tests-examples/textbook/tables/employees.txt: ['int64', 'string', 'int64']
[     3.660][MainProcess][INFO] Inferred data types for table tests-examples/textbook/tables/36.out: ['string']
[     3.704][MainProcess][DEBUG] Generating DSL...
[     3.856][MainProcess][INFO] Creating 16 processes
[     3.929][MainProcess][DEBUG] Increasing generator loc to 3
[     4.094][cube-solver-2][DEBUG] Initialising process for 2 lines of code.
[     4.107][cube-solver-4][DEBUG] Initialising process for 3 lines of code.
[     4.112][cube-solver-1][DEBUG] Initialising process for 2 lines of code.
[     4.113][cube-solver-6][DEBUG] Initialising process for 3 lines of code.
[     4.113][cube-solver-3][DEBUG] Initialising process for 2 lines of code.
[     4.115][cube-solver-5][DEBUG] Initialising process for 3 lines of code.
[     4.115][cube-solver-7][DEBUG] Initialising process for 3 lines of code.
[     4.119][cube-solver-13][DEBUG] Initialising process for 3 lines of code.
[     4.121][cube-solver-8][DEBUG] Initialising process for 3 lines of code.
[     4.122][cube-solver-9][DEBUG] Initialising process for 3 lines of code.
[     4.124][cube-solver-10][DEBUG] Initialising process for 3 lines of code.
[     4.124][cube-solver-11][DEBUG] Initialising process for 3 lines of code.
[     4.129][cube-solver-12][DEBUG] Initialising process for 3 lines of code.
[     4.166][cube-solver-14][DEBUG] Initialising process for 3 lines of code.
[     4.193][cube-solver-0][DEBUG] Initialising process for 2 lines of code.
[     4.237][cube-solver-15][DEBUG] Initialising process for 3 lines of code.
[     7.840][cube-solver-3][WARNING] There is no solution for current loc (2).
[     7.843][cube-solver-3][DEBUG] Solving cube (l0 = mutate(), l1 = filter())
[     7.848][cube-solver-3][DEBUG] Initialising process for 3 lines of code.
[     7.851][cube-solver-1][WARNING] There is no solution for current loc (2).
[     7.853][cube-solver-1][DEBUG] Solving cube (l0 = filter(), l1 = summarise())
[     7.858][cube-solver-1][DEBUG] Initialising process for 3 lines of code.
[     7.864][cube-solver-2][WARNING] There is no solution for current loc (2).
[     7.866][cube-solver-2][DEBUG] Solving cube (l0 = filter(), l1 = mutate())
[     7.871][cube-solver-2][DEBUG] Initialising process for 3 lines of code.
[     7.935][cube-solver-0][WARNING] There is no solution for current loc (2).
[     7.936][cube-solver-0][DEBUG] Solving cube (l0 = summarise(), l1 = filter())
[     7.939][cube-solver-0][DEBUG] Initialising process for 3 lines of code.
[    10.294][cube-solver-13][DEBUG] Solving cube (l0 = natural_join4(), l1 = filter(), l2 = summarise())
[    10.303][cube-solver-6][DEBUG] Solving cube (l0 = natural_join(), l1 = filter(), l2 = mutate())
[    10.309][cube-solver-13][DEBUG] Solving cube (l0 = summarise(), l1 = filter(), l2 = natural_join())
[    10.315][cube-solver-9][DEBUG] Solving cube (l0 = natural_join3(), l1 = filter(), l2 = summarise())
[    10.316][cube-solver-6][DEBUG] Solving cube (l0 = summarise(), l1 = filter(), l2 = natural_join3())
[    10.318][cube-solver-13][DEBUG] Solving cube (l0 = summarise(), l1 = filter(), l2 = natural_join4())
[    10.342][cube-solver-5][DEBUG] Solving cube (l0 = natural_join(), l1 = filter(), l2 = summarise([2]))
[    10.342][cube-solver-10][DEBUG] Solving cube (l0 = natural_join3(), l1 = filter(), l2 = mutate())
[    10.339][cube-solver-14][DEBUG] Solving cube (l0 = natural_join4(), l1 = filter(), l2 = mutate())
[    10.344][cube-solver-7][DEBUG] Solving cube (l0 = natural_join(), l1 = mutate(), l2 = filter())
[    10.345][cube-solver-8][DEBUG] Solving cube (l0 = natural_join3(), l1 = summarise([2]), l2 = filter())
[    10.352][cube-solver-11][DEBUG] Solving cube (l0 = natural_join3(), l1 = mutate(), l2 = filter())
[    10.360][cube-solver-5][DEBUG] Solving cube (l0 = summarise([2]), l1 = filter([1]), l2 = summarise([2]))
[    10.367][cube-solver-7][DEBUG] Solving cube (l0 = summarise([3]), l1 = filter([1]), l2 = filter([1]))
[    10.376][cube-solver-5][DEBUG] Solving cube (l0 = summarise([3]), l1 = filter([1]), l2 = anti_join())
[    10.386][cube-solver-7][DEBUG] Solving cube (l0 = summarise([4]), l1 = filter([1]), l2 = left_join())
[    10.393][cube-solver-14][DEBUG] Solving cube (l0 = summarise([4]), l1 = filter([1]), l2 = union())
[    10.394][cube-solver-5][DEBUG] Solving cube (l0 = summarise([4]), l1 = filter([1]), l2 = intersect())
[    10.407][cube-solver-7][DEBUG] Solving cube (l0 = summarise([4]), l1 = filter([2]), l2 = semi_join())
[    10.409][cube-solver-5][DEBUG] Solving cube (l0 = summarise([4]), l1 = filter([2]), l2 = cross_join())
[    10.411][cube-solver-12][DEBUG] Solving cube (l0 = natural_join4(), l1 = summarise([4]), l2 = filter([2]))
[    10.413][cube-solver-14][DEBUG] Solving cube (l0 = summarise([4]), l1 = filter([2]), l2 = mutate())
[    10.425][cube-solver-5][DEBUG] Solving cube (l0 = summarise([4]), l1 = anti_join(), l2 = filter([3]))
[    10.426][cube-solver-7][DEBUG] Solving cube (l0 = summarise([4]), l1 = filter([3]), l2 = inner_join())
[    10.429][cube-solver-14][DEBUG] Solving cube (l0 = summarise([4]), l1 = left_join(), l2 = filter([3]))
[    10.430][cube-solver-12][DEBUG] Solving cube (l0 = summarise([4]), l1 = union(), l2 = filter([3]))
[    10.443][cube-solver-5][DEBUG] Solving cube (l0 = summarise([4]), l1 = intersect(), l2 = filter([4]))
[    10.444][cube-solver-12][DEBUG] Solving cube (l0 = summarise([4]), l1 = cross_join(), l2 = filter([4]))
[    10.446][cube-solver-7][DEBUG] Solving cube (l0 = summarise([4]), l1 = semi_join(), l2 = filter([4]))
[    10.456][cube-solver-12][DEBUG] Solving cube (l0 = summarise([4]), l1 = mutate(), l2 = filter([4]))
[    10.458][cube-solver-14][DEBUG] Solving cube (l0 = summarise([4]), l1 = inner_join(), l2 = filter([5]))
[    10.461][cube-solver-5][DEBUG] Solving cube (l0 = filter([5]), l1 = natural_join(), l2 = summarise([4]))
[    10.467][cube-solver-4][DEBUG] Solving cube (l0 = natural_join(), l1 = summarise([4]), l2 = filter([5]))
[    10.467][cube-solver-7][DEBUG] Solving cube (l0 = filter([5]), l1 = natural_join(), l2 = mutate())
[    10.469][cube-solver-12][DEBUG] Solving cube (l0 = filter([5]), l1 = natural_join3([1]), l2 = summarise([4]))
[    10.480][cube-solver-7][DEBUG] Solving cube (l0 = filter([5]), l1 = natural_join4(), l2 = summarise([4]))
[    10.482][cube-solver-14][DEBUG] Solving cube (l0 = filter([5]), l1 = natural_join3([1]), l2 = mutate())
[    10.484][cube-solver-5][DEBUG] Solving cube (l0 = filter([5]), l1 = natural_join4(), l2 = mutate())
[    10.493][cube-solver-15][DEBUG] Solving cube (l0 = natural_join4(), l1 = mutate(), l2 = filter([5]))
[    10.498][cube-solver-4][DEBUG] Solving cube (l0 = filter([5]), l1 = summarise([4]), l2 = natural_join())
[    10.512][cube-solver-15][DEBUG] Solving cube (l0 = filter([7]), l1 = summarise([4]), l2 = natural_join3([1]))
[    10.533][cube-solver-4][DEBUG] Solving cube (l0 = filter([9]), l1 = summarise([4]), l2 = natural_join4())
[    10.556][cube-solver-4][DEBUG] Solving cube (l0 = filter([11]), l1 = summarise([5]), l2 = summarise([5]))
[    10.585][cube-solver-4][DEBUG] Solving cube (l0 = filter([14]), l1 = summarise([5]), l2 = filter([14]))
[    10.624][cube-solver-4][DEBUG] Solving cube (l0 = filter([17]), l1 = summarise([7]), l2 = anti_join())
[    10.659][cube-solver-4][DEBUG] Solving cube (l0 = filter([19]), l1 = summarise([8]), l2 = left_join())
[    10.694][cube-solver-4][DEBUG] Solving cube (l0 = filter([19]), l1 = summarise([12]), l2 = union())
[    10.731][cube-solver-4][DEBUG] Solving cube (l0 = filter([21]), l1 = summarise([12]), l2 = intersect())
[    10.769][cube-solver-4][DEBUG] Solving cube (l0 = filter([23]), l1 = summarise([13]), l2 = semi_join())
[    10.852][cube-solver-4][DEBUG] Solving cube (l0 = filter([27]), l1 = summarise([18]), l2 = cross_join())
[    10.882][cube-solver-4][DEBUG] Solving cube (l0 = filter([29]), l1 = summarise([20]), l2 = mutate())
[    10.916][cube-solver-4][DEBUG] Solving cube (l0 = filter([30]), l1 = summarise([20]), l2 = inner_join())
[    10.950][cube-solver-4][DEBUG] Solving cube (l0 = filter([31]), l1 = filter([31]), l2 = summarise([22]))
[    10.998][cube-solver-4][DEBUG] Solving cube (l0 = filter([36]), l1 = filter([36]), l2 = mutate())
[    11.037][cube-solver-4][DEBUG] Solving cube (l0 = filter([39]), l1 = anti_join(), l2 = summarise([25]))
[    11.079][cube-solver-4][DEBUG] Solving cube (l0 = filter([41]), l1 = anti_join(), l2 = mutate())
[    11.115][cube-solver-4][DEBUG] Solving cube (l0 = filter([43]), l1 = left_join(), l2 = summarise([26]))
[    11.180][cube-solver-4][DEBUG] Solving cube (l0 = filter([43]), l1 = left_join(), l2 = mutate())
[    11.212][cube-solver-4][DEBUG] Solving cube (l0 = filter([43]), l1 = union(), l2 = summarise([26]))
[    11.257][cube-solver-4][DEBUG] Solving cube (l0 = filter([47]), l1 = union(), l2 = mutate())
[    11.297][cube-solver-4][DEBUG] Solving cube (l0 = filter([52]), l1 = intersect(), l2 = summarise([26]))
[    11.352][cube-solver-4][DEBUG] Solving cube (l0 = filter([59]), l1 = intersect(), l2 = mutate())
[    11.419][cube-solver-4][DEBUG] Solving cube (l0 = filter([64]), l1 = semi_join(), l2 = summarise([27]))
[    11.480][cube-solver-4][DEBUG] Solving cube (l0 = filter([69]), l1 = semi_join(), l2 = mutate())
[    11.533][cube-solver-4][DEBUG] Solving cube (l0 = filter([70]), l1 = cross_join(), l2 = summarise([30]))
[    11.599][cube-solver-4][DEBUG] Solving cube (l0 = filter([74]), l1 = cross_join(), l2 = mutate())
[    11.650][cube-solver-4][DEBUG] Solving cube (l0 = filter([78]), l1 = mutate(), l2 = natural_join())
[    11.725][cube-solver-4][DEBUG] Solving cube (l0 = filter([82]), l1 = mutate(), l2 = natural_join3([1]))
[    14.860][cube-solver-1][DEBUG] Solving cube (l0 = summarise([48]), l1 = natural_join3([2]), l2 = filter([111]))
[    14.885][cube-solver-3][DEBUG] Solving cube (l0 = summarise([48]), l1 = natural_join(), l2 = filter([111]))
[    14.899][cube-solver-0][DEBUG] Solving cube (l0 = summarise([48]), l1 = summarise([48]), l2 = filter([111]))
[    15.006][cube-solver-2][DEBUG] Solving cube (l0 = summarise([48]), l1 = natural_join4(), l2 = filter([112]))
[    15.031][cube-solver-3][DEBUG] Solving cube (l0 = filter([112]), l1 = mutate(), l2 = natural_join4())
[    15.053][cube-solver-0][DEBUG] Solving cube (l0 = filter([112]), l1 = mutate(), l2 = summarise([48]))
[    15.105][cube-solver-2][DEBUG] Solving cube (l0 = filter([113]), l1 = mutate(), l2 = filter([113]))
[    15.181][cube-solver-0][DEBUG] Solving cube (l0 = filter([114]), l1 = mutate(), l2 = anti_join())
[    15.221][cube-solver-2][DEBUG] Solving cube (l0 = filter([114]), l1 = mutate(), l2 = left_join())
[    15.266][cube-solver-0][DEBUG] Solving cube (l0 = filter([114]), l1 = mutate(), l2 = union())
[    15.301][cube-solver-2][DEBUG] Solving cube (l0 = filter([114]), l1 = mutate(), l2 = intersect())
[    15.341][cube-solver-0][DEBUG] Solving cube (l0 = filter([114]), l1 = mutate(), l2 = semi_join())
[    15.410][cube-solver-2][DEBUG] Solving cube (l0 = filter([115]), l1 = mutate(), l2 = cross_join())
[    15.426][cube-solver-0][DEBUG] Solving cube (l0 = filter([115]), l1 = mutate(), l2 = mutate())
[    15.489][cube-solver-2][DEBUG] Solving cube (l0 = filter([115]), l1 = mutate(), l2 = inner_join())
[    15.521][cube-solver-0][DEBUG] Solving cube (l0 = filter([115]), l1 = inner_join(), l2 = summarise([48]))
[    15.600][cube-solver-2][DEBUG] Solving cube (l0 = filter([115]), l1 = inner_join(), l2 = mutate())
[    15.622][cube-solver-0][DEBUG] Solving cube (l0 = anti_join(), l1 = summarise([48]), l2 = filter([115]))
[    15.679][cube-solver-2][DEBUG] Solving cube (l0 = anti_join(), l1 = filter([115]), l2 = summarise([48]))
[    15.713][cube-solver-0][DEBUG] Solving cube (l0 = anti_join(), l1 = filter([115]), l2 = mutate())
[    15.774][cube-solver-2][DEBUG] Solving cube (l0 = anti_join(), l1 = mutate(), l2 = filter([115]))
[    15.798][cube-solver-0][DEBUG] Solving cube (l0 = left_join(), l1 = summarise([48]), l2 = filter([115]))
[    15.854][cube-solver-2][DEBUG] Solving cube (l0 = left_join(), l1 = filter([115]), l2 = summarise([48]))
[    15.889][cube-solver-0][DEBUG] Solving cube (l0 = left_join(), l1 = filter([115]), l2 = mutate())
[    15.950][cube-solver-2][DEBUG] Solving cube (l0 = left_join(), l1 = mutate(), l2 = filter([116]))
[    15.961][cube-solver-0][DEBUG] Solving cube (l0 = union(), l1 = summarise([48]), l2 = filter([116]))
[    16.062][cube-solver-0][DEBUG] Solving cube (l0 = union(), l1 = filter([116]), l2 = summarise([48]))
[    16.081][cube-solver-2][DEBUG] Solving cube (l0 = union(), l1 = filter([116]), l2 = mutate())
[    16.188][cube-solver-2][DEBUG] Solving cube (l0 = union(), l1 = mutate(), l2 = filter([116]))
[    16.214][cube-solver-0][DEBUG] Solving cube (l0 = intersect(), l1 = summarise([48]), l2 = filter([116]))
[    16.266][cube-solver-2][DEBUG] Solving cube (l0 = intersect(), l1 = filter([116]), l2 = summarise([48]))
[    16.305][cube-solver-0][DEBUG] Solving cube (l0 = intersect(), l1 = filter([116]), l2 = mutate())
[    16.363][cube-solver-2][DEBUG] Solving cube (l0 = intersect(), l1 = mutate(), l2 = filter([116]))
[    16.390][cube-solver-0][DEBUG] Solving cube (l0 = semi_join(), l1 = summarise([48]), l2 = filter([116]))
[    16.439][cube-solver-2][DEBUG] Solving cube (l0 = semi_join(), l1 = filter([116]), l2 = summarise([48]))
[    16.477][cube-solver-0][DEBUG] Solving cube (l0 = semi_join(), l1 = filter([116]), l2 = mutate())
[    16.555][cube-solver-0][DEBUG] Solving cube (l0 = semi_join(), l1 = mutate(), l2 = filter([116]))
[    16.581][cube-solver-2][DEBUG] Solving cube (l0 = cross_join(), l1 = summarise([48]), l2 = filter([116]))
[    16.630][cube-solver-0][DEBUG] Solving cube (l0 = cross_join(), l1 = filter([116]), l2 = summarise([48]))
[    16.676][cube-solver-2][DEBUG] Solving cube (l0 = cross_join(), l1 = filter([116]), l2 = mutate())
[    16.724][cube-solver-0][DEBUG] Solving cube (l0 = cross_join(), l1 = mutate(), l2 = filter([116]))
[    16.751][cube-solver-2][DEBUG] Solving cube (l0 = mutate(), l1 = natural_join(), l2 = filter([116]))
[    16.799][cube-solver-0][DEBUG] Solving cube (l0 = mutate(), l1 = natural_join3([2]), l2 = filter([117]))
[    16.833][cube-solver-2][DEBUG] Solving cube (l0 = mutate(), l1 = natural_join4(), l2 = filter([117]))
[    33.892][cube-solver-10][DEBUG] Solving cube (l0 = mutate(), l1 = summarise([48]), l2 = filter([134]))
[    34.151][cube-solver-10][DEBUG] Solving cube (l0 = mutate(), l1 = filter([134]), l2 = natural_join())
[    34.250][cube-solver-10][DEBUG] Solving cube (l0 = mutate(), l1 = filter([134]), l2 = natural_join3([2]))
[    40.886][cube-solver-14][DEBUG] Solving cube (l0 = mutate(), l1 = filter([149]), l2 = natural_join4())
[    86.412][cube-solver-4][DEBUG] Solving cube (l0 = mutate(), l1 = filter([259]), l2 = summarise([48]))
[    86.915][cube-solver-4][DEBUG] Solving cube (l0 = mutate(), l1 = filter([266]), l2 = filter([266]))
[    87.800][cube-solver-4][DEBUG] Solving cube (l0 = mutate(), l1 = filter([349]), l2 = anti_join())
[    88.100][cube-solver-4][DEBUG] Solving cube (l0 = mutate(), l1 = filter([349]), l2 = left_join())
[    88.976][cube-solver-4][DEBUG] Solving cube (l0 = mutate(), l1 = filter([372]), l2 = union())
[    89.514][cube-solver-4][DEBUG] Solving cube (l0 = mutate(), l1 = filter([391]), l2 = intersect())
[    90.189][cube-solver-4][DEBUG] Solving cube (l0 = mutate(), l1 = filter([399]), l2 = semi_join())
[    90.531][cube-solver-4][DEBUG] Solving cube (l0 = mutate(), l1 = filter([399]), l2 = cross_join())
[    90.851][cube-solver-4][DEBUG] Solving cube (l0 = mutate(), l1 = filter([399]), l2 = mutate())
[    91.436][cube-solver-4][DEBUG] Solving cube (l0 = mutate(), l1 = filter([403]), l2 = inner_join())
[    91.714][cube-solver-4][DEBUG] Solving cube (l0 = mutate(), l1 = anti_join(), l2 = filter([403]))
[    91.993][cube-solver-4][DEBUG] Solving cube (l0 = mutate(), l1 = left_join(), l2 = filter([405]))
[    92.424][cube-solver-4][DEBUG] Solving cube (l0 = mutate(), l1 = union(), l2 = filter([409]))
[    92.883][cube-solver-4][DEBUG] Solving cube (l0 = mutate(), l1 = intersect(), l2 = filter([409]))
[    93.585][cube-solver-4][DEBUG] Solving cube (l0 = mutate(), l1 = semi_join(), l2 = filter([419]))
[    93.942][cube-solver-4][DEBUG] Solving cube (l0 = mutate(), l1 = cross_join(), l2 = filter([420]))
[    94.429][cube-solver-4][DEBUG] Solving cube (l0 = mutate(), l1 = mutate(), l2 = filter([423]))
[    95.044][cube-solver-4][DEBUG] Solving cube (l0 = mutate(), l1 = inner_join(), l2 = filter([428]))
[    97.274][cube-solver-4][DEBUG] Solving cube (l0 = inner_join(), l1 = summarise([48]), l2 = filter([475]))
[    97.651][cube-solver-4][DEBUG] Solving cube (l0 = inner_join(), l1 = filter([475]), l2 = summarise([48]))
[    97.980][cube-solver-4][DEBUG] Solving cube (l0 = inner_join(), l1 = filter([475]), l2 = mutate())
[    98.348][cube-solver-4][DEBUG] Solving cube (l0 = inner_join(), l1 = mutate(), l2 = filter([475]))
[    98.599][MainProcess][DEBUG] Increasing generator loc to 4
[    98.599][cube-solver-4][DEBUG] Initialising process for 4 lines of code.
[   102.210][cube-solver-11][DEBUG] Initialising process for 4 lines of code.
[   108.994][cube-solver-4][DEBUG] Solving cube (l0 = natural_join(), l1 = summarise([48]), l2 = natural_join(), l3 = filter([498]))
[   112.172][cube-solver-11][DEBUG] Solving cube (l0 = natural_join([2]), l1 = summarise([48]), l2 = natural_join3([2]), l3 = filter([506]))
[   121.523][cube-solver-5][DEBUG] Initialising process for 4 lines of code.
[   131.881][cube-solver-5][DEBUG] Solving cube (l0 = natural_join([2]), l1 = summarise([48]), l2 = natural_join4(), l3 = filter([523]))
[   132.565][cube-solver-5][DEBUG] Solving cube (l0 = natural_join([2]), l1 = summarise([48]), l2 = summarise([48]), l3 = filter([523]))
[   133.026][cube-solver-5][DEBUG] Solving cube (l0 = natural_join([2]), l1 = summarise([48]), l2 = filter([524]), l3 = natural_join([2]))
[   260.909][MainProcess][INFO] Hard problem!
[   261.977][MainProcess][DEBUG] Increasing alternate_generator loc to 5
[   261.978][cube-solver-9][DEBUG] Initialising process for 5 lines of code.
[   276.539][cube-solver-9][DEBUG] Solving cube (l0 = natural_join([2]), l1 = summarise([48]), l2 = natural_join([2]), l3 = summarise([48]), l4 = filter([545]))
[   291.144][cube-solver-0][DEBUG] Initialising process for 5 lines of code.
[   306.086][cube-solver-10][DEBUG] Initialising process for 5 lines of code.
[   306.272][cube-solver-0][DEBUG] Solving cube (l0 = natural_join([2]), l1 = summarise([48]), l2 = natural_join([2]), l3 = filter([545]), l4 = natural_join([2]))
[   320.533][cube-solver-10][DEBUG] Solving cube (l0 = natural_join([2]), l1 = summarise([48]), l2 = natural_join([2]), l3 = filter([547]), l4 = natural_join3([2]))
[   413.974][cube-solver-12][DEBUG] Initialising process for 5 lines of code.
[   428.507][cube-solver-12][DEBUG] Solving cube (l0 = natural_join([2]), l1 = summarise([48]), l2 = natural_join([2]), l3 = filter([548]), l4 = natural_join4())
[   599.988][MainProcess][INFO] Statistics:
[   599.989][MainProcess][INFO] 	Generated cubes: 151
[   599.989][MainProcess][INFO] 	Attempted programs: 45306
[   599.989][MainProcess][INFO] 		Rejected: 14900
[   599.989][MainProcess][INFO] 		Failed: 30406
[   599.989][MainProcess][INFO] 	Blacklist clauses: 600
[   599.989][MainProcess][DEBUG] Priting statistics for good programs of size 3
[   600.149][MainProcess][DEBUG] 	0: Counter({'mutate': 169404, 'filter': 152470, 'summarise': 75492, 'natural_join3': 72654})
[   600.251][MainProcess][DEBUG] 	1: Counter({'filter': 119242, 'natural_join4': 110082, 'natural_join3': 105546, 'mutate': 86996, 'summarise': 48154})
[   600.352][MainProcess][DEBUG] 	2: Counter({'filter': 198308, 'natural_join4': 130828, 'summarise': 74574, 'natural_join3': 50910, 'mutate': 15400})
[   600.352][MainProcess][DEBUG] Priting statistics for good programs of size 4
[   600.384][MainProcess][DEBUG] 	0: Counter({'natural_join': 74933})
[   600.409][MainProcess][DEBUG] 	1: Counter({'summarise': 74933})
[   600.433][MainProcess][DEBUG] 	2: Counter({'natural_join3': 27228, 'natural_join': 25892, 'filter': 21813})
[   600.458][MainProcess][DEBUG] 	3: Counter({'filter': 53120, 'natural_join': 21813})
[   600.458][MainProcess][DEBUG] Priting statistics for good programs of size 5
[   600.474][MainProcess][DEBUG] 	0: Counter({'natural_join': 50550})
[   600.490][MainProcess][DEBUG] 	1: Counter({'summarise': 50550})
[   600.504][MainProcess][DEBUG] 	2: Counter({'natural_join': 50550})
[   600.519][MainProcess][DEBUG] 	3: Counter({'filter': 46760, 'summarise': 3790})
[   600.534][MainProcess][DEBUG] 	4: Counter({'natural_join': 18618, 'natural_join3': 14940, 'natural_join4': 13202, 'filter': 3790})

No solution found
