[     1.565][MainProcess][INFO] Parsing specification...
[     1.568][MainProcess][WARNING] "attrs" field is deprecated. Please use "columns"
[     1.568][MainProcess][WARNING] "aggrs" field is deprecated. Please use "functions"
[     1.569][MainProcess][DEBUG] Reading input files...
[     1.576][MainProcess][INFO] Inferred data types for table tests-examples/leetcode/tables/184_1.csv: ['int64', 'string', 'int64', 'int64']
[     1.581][MainProcess][INFO] Inferred data types for table tests-examples/leetcode/tables/184_2.csv: ['int64', 'string']
[     1.587][MainProcess][INFO] Inferred data types for table tests-examples/leetcode/tables/184_o.csv: ['string', 'string', 'int64']
[     1.614][MainProcess][DEBUG] Generating DSL...
[     1.786][MainProcess][INFO] Creating 4 processes
[     1.800][MainProcess][DEBUG] Increasing generator loc to 2
[     1.960][cube-solver-1][DEBUG] Initialising process for 1 lines of code.
[     1.975][cube-solver-3][DEBUG] Initialising process for 2 lines of code.
[     1.985][cube-solver-2][DEBUG] Initialising process for 2 lines of code.
[     1.993][cube-solver-0][DEBUG] Initialising process for 1 lines of code.
[     4.572][cube-solver-1][WARNING] There is no solution for current loc (1).
[     4.572][cube-solver-1][DEBUG] Solving cube (l0 = mutate(),)
[     4.580][cube-solver-1][DEBUG] Initialising process for 2 lines of code.
[     4.635][cube-solver-0][WARNING] There is no solution for current loc (1).
[     4.636][cube-solver-0][DEBUG] Solving cube (l0 = summarise(),)
[     4.644][cube-solver-0][DEBUG] Initialising process for 2 lines of code.
[     7.377][cube-solver-2][DEBUG] Solving cube (l0 = natural_join(), l1 = summarise())
[     7.397][cube-solver-3][DEBUG] Solving cube (l0 = natural_join(), l1 = mutate())
[     9.370][cube-solver-2][DEBUG] Solving cube (l0 = natural_join4(), l1 = summarise())
[     9.388][cube-solver-2][DEBUG] Solving cube (l0 = natural_join4(), l1 = mutate())
[     9.402][cube-solver-2][DEBUG] Solving cube (l0 = summarise(), l1 = natural_join())
[     9.544][cube-solver-3][DEBUG] Solving cube (l0 = summarise([2]), l1 = natural_join3())
[     9.976][cube-solver-1][DEBUG] Solving cube (l0 = natural_join3(), l1 = summarise([4]))
[    10.008][cube-solver-1][DEBUG] Solving cube (l0 = summarise([4]), l1 = natural_join4())
[    10.023][cube-solver-1][DEBUG] Solving cube (l0 = summarise([4]), l1 = summarise([4]))
[    10.039][cube-solver-1][DEBUG] Solving cube (l0 = summarise([4]), l1 = filter())
[    10.058][cube-solver-1][DEBUG] Solving cube (l0 = summarise([4]), l1 = anti_join())
[    10.085][cube-solver-0][DEBUG] Solving cube (l0 = natural_join3(), l1 = mutate())
[    10.118][cube-solver-0][DEBUG] Solving cube (l0 = summarise([5]), l1 = left_join())
[    14.714][cube-solver-2][DEBUG] Solving cube (l0 = summarise([24]), l1 = union())
[    15.350][cube-solver-0][DEBUG] Solving cube (l0 = summarise([24]), l1 = intersect())
[    17.925][cube-solver-0][DEBUG] Solving cube (l0 = summarise([24]), l1 = semi_join())
[    18.974][cube-solver-0][DEBUG] Solving cube (l0 = summarise([24]), l1 = cross_join())
[    19.788][cube-solver-1][DEBUG] Solving cube (l0 = summarise([24]), l1 = mutate())
[    19.811][cube-solver-1][DEBUG] Solving cube (l0 = summarise([24]), l1 = inner_join())
[    22.370][cube-solver-2][DEBUG] Solving cube (l0 = filter(), l1 = summarise([24]))
[    22.392][cube-solver-2][DEBUG] Solving cube (l0 = filter(), l1 = mutate())
[    22.405][cube-solver-2][DEBUG] Solving cube (l0 = anti_join(), l1 = summarise([24]))
[    29.943][cube-solver-2][DEBUG] Solving cube (l0 = anti_join([14]), l1 = mutate())
[    34.118][cube-solver-2][DEBUG] Solving cube (l0 = left_join(), l1 = summarise([24]))
[    35.940][cube-solver-2][DEBUG] Solving cube (l0 = left_join(), l1 = mutate())
[    37.973][cube-solver-2][DEBUG] Solving cube (l0 = union(), l1 = summarise([24]))
[    39.692][cube-solver-2][DEBUG] Solving cube (l0 = union(), l1 = mutate())
[    41.688][cube-solver-2][DEBUG] Solving cube (l0 = intersect(), l1 = summarise([24]))
[    44.677][cube-solver-2][DEBUG] Solving cube (l0 = intersect([8]), l1 = mutate())
[    44.712][cube-solver-2][DEBUG] Solving cube (l0 = semi_join(), l1 = summarise([24]))
[    45.866][cube-solver-2][DEBUG] Solving cube (l0 = semi_join(), l1 = mutate())
[    46.924][cube-solver-2][DEBUG] Solving cube (l0 = cross_join(), l1 = summarise([24]))
[    59.096][cube-solver-3][DEBUG] Solving cube (l0 = cross_join([1]), l1 = mutate())
[   110.397][cube-solver-1][DEBUG] Solving cube (l0 = mutate(), l1 = natural_join())
[   115.816][cube-solver-1][DEBUG] Solving cube (l0 = mutate([2]), l1 = natural_join3())
[   122.347][cube-solver-1][DEBUG] Solving cube (l0 = mutate([2]), l1 = natural_join4())
[   122.397][cube-solver-1][DEBUG] Solving cube (l0 = mutate([2]), l1 = summarise([24]))
[   122.427][cube-solver-1][DEBUG] Solving cube (l0 = mutate([2]), l1 = filter())
[   122.443][cube-solver-1][DEBUG] Solving cube (l0 = mutate([2]), l1 = anti_join([14]))
[   126.757][cube-solver-1][DEBUG] Solving cube (l0 = mutate([2]), l1 = left_join())
[   129.250][cube-solver-1][DEBUG] Solving cube (l0 = mutate([2]), l1 = union())
[   131.227][cube-solver-1][DEBUG] Solving cube (l0 = mutate([2]), l1 = intersect([8]))
[   131.713][cube-solver-1][DEBUG] Solving cube (l0 = mutate([2]), l1 = semi_join())
[   139.998][cube-solver-1][DEBUG] Solving cube (l0 = mutate([2]), l1 = cross_join([2763]))
[   326.343][cube-solver-3][DEBUG] Solving cube (l0 = mutate([2]), l1 = mutate([2]))
[   326.364][cube-solver-3][DEBUG] Solving cube (l0 = mutate([2]), l1 = inner_join())
[   395.949][cube-solver-3][DEBUG] Solving cube (l0 = inner_join(), l1 = summarise([24]))
[   423.308][cube-solver-1][DEBUG] Solving cube (l0 = inner_join(), l1 = mutate([2]))
[   437.109][MainProcess][DEBUG] Increasing generator loc to 3
[   437.111][cube-solver-3][DEBUG] Initialising process for 3 lines of code.
[   446.201][cube-solver-3][DEBUG] Solving cube (l0 = natural_join(), l1 = summarise([24]), l2 = natural_join())
[   462.489][cube-solver-1][DEBUG] Initialising process for 3 lines of code.
[   470.729][cube-solver-1][DEBUG] Solving cube (l0 = natural_join(), l1 = summarise([24]), l2 = natural_join3())
[   565.482][cube-solver-3][DEBUG] Solving cube (l0 = natural_join(), l1 = summarise([24]), l2 = natural_join4())
[   566.034][cube-solver-3][DEBUG] Solving cube (l0 = natural_join(), l1 = summarise([24]), l2 = summarise([24]))
[   566.115][cube-solver-3][DEBUG] Solving cube (l0 = natural_join(), l1 = summarise([24]), l2 = filter())
[   571.674][cube-solver-1][DEBUG] Solving cube (l0 = natural_join(), l1 = summarise([24]), l2 = anti_join([14]))
[   572.797][cube-solver-3][DEBUG] Solving cube (l0 = natural_join(), l1 = summarise([24]), l2 = left_join())
[   599.995][MainProcess][INFO] Statistics:
[   599.996][MainProcess][INFO] 	Generated cubes: 57
[   599.997][MainProcess][INFO] 	Attempted programs: 47262
[   599.997][MainProcess][INFO] 		Rejected: 1653
[   599.997][MainProcess][INFO] 		Failed: 45609
[   599.997][MainProcess][INFO] 	Blacklist clauses: 4661
[   599.997][MainProcess][DEBUG] Printing statistics for good programs of size 2
[   600.030][MainProcess][DEBUG] 	0: Counter({'summarise': 19044, 'mutate': 13728, 'inner_join': 7908, 'anti_join': 1104, 'natural_join': 552, 'left_join': 552, 'union': 552, 'semi_join': 276})
[   600.044][MainProcess][DEBUG] 	1: Counter({'inner_join': 18780, 'natural_join3': 9120, 'mutate': 7896, 'summarise': 3048, 'union': 1584, 'natural_join': 1056, 'left_join': 1056, 'anti_join': 912, 'semi_join': 264})
[   600.044][MainProcess][DEBUG] Printing statistics for good programs of size 3
[   600.064][MainProcess][DEBUG] 	0: Counter({'natural_join': 43759})
[   600.077][MainProcess][DEBUG] 	1: Counter({'summarise': 43759})
[   600.090][MainProcess][DEBUG] 	2: Counter({'natural_join': 19296, 'natural_join3': 16224, 'left_join': 4384, 'anti_join': 3135, 'filter': 720})

No solution found
