[     1.660][MainProcess][INFO] Parsing specification...
[     1.663][MainProcess][WARNING] "aggrs" field is deprecated. Please use "functions"
[     1.663][MainProcess][WARNING] "const" field is deprecated. Please use "constants"
[     1.664][MainProcess][DEBUG] Reading input files...
[     1.670][MainProcess][INFO] Inferred data types for table tests-examples/leetcode/tables/596.csv: ['string', 'string']
[     1.674][MainProcess][INFO] Inferred data types for table tests-examples/leetcode/tables/596_o.csv: ['string']
[     1.700][MainProcess][DEBUG] Generating DSL...
[     1.718][MainProcess][INFO] Creating 4 processes
[     1.756][cube-solver-0][DEBUG] Initialising process for 2 lines of code.
[     1.762][cube-solver-1][DEBUG] Initialising process for 2 lines of code.
[     1.762][cube-solver-2][DEBUG] Initialising process for 2 lines of code.
[     1.767][cube-solver-3][DEBUG] Initialising process for 2 lines of code.
[     1.960][cube-solver-2][DEBUG] Solving cube (l0 = filter(), l1 = mutate())
[     1.964][MainProcess][DEBUG] Increasing generator loc to 3
[     1.965][cube-solver-2][DEBUG] Initialising process for 3 lines of code.
[     1.972][cube-solver-1][DEBUG] Solving cube (l0 = filter(), l1 = summarise())
[     1.974][cube-solver-1][DEBUG] Initialising process for 3 lines of code.
[     1.976][cube-solver-3][DEBUG] Solving cube (l0 = mutate(), l1 = filter())
[     1.976][cube-solver-0][DEBUG] Solving cube (l0 = summarise(), l1 = filter())
[     2.218][cube-solver-3][DEBUG] Initialising process for 3 lines of code.
[     2.352][cube-solver-0][DEBUG] Found solution with cube (l0 = summarise(), l1 = filter())
[     2.352][cube-solver-2][DEBUG] Solving cube (l0 = natural_join(), l1 = summarise(), l2 = filter())
[     2.354][MainProcess][INFO] Statistics:
[     2.354][MainProcess][INFO] 	Generated cubes: 7
[     2.354][MainProcess][INFO] 	Attempted programs: 15
[     2.355][MainProcess][INFO] 		Rejected: 14
[     2.355][MainProcess][INFO] 		Failed: 0
[     2.355][MainProcess][INFO] 	Blacklist clauses: 0
[     2.355][MainProcess][DEBUG] Printing statistics for good programs of size 2
[     2.355][MainProcess][DEBUG] 	0: Counter({'summarise': 45, 'mutate': 30})
[     2.356][MainProcess][DEBUG] 	1: Counter({'filter': 75})
[     2.356][MainProcess][INFO] Solution found: filter(summarise(@param0, n = n(), class), n >= 5)

------------------------------------- R Solution ---------------------------------------

con <- DBI::dbConnect(RSQLite::SQLite(), ":memory:")
input1 <- read_csv("tests-examples/leetcode/tables/596.csv", col_types = cols(student = col_character(),class = col_character()))
input1 <- copy_to(con, input1)
expected_output <- read_csv("tests-examples/leetcode/tables/596_o.csv", col_types = cols(class = col_character()))

df2 <- input1 %>% group_by(class) %>% summarise(n = n()) %>% ungroup()
df3 <- df2 %>% filter(n >= 5)
out <- df3 %>% select(class) %>% arrange(class)


+++++++++++++++++++++++++++++++++++++ SQL Solution +++++++++++++++++++++++++++++++++++++

SELECT CLASS
FROM
  (SELECT CLASS,
          COUNT() AS n
   FROM input1
   GROUP BY CLASS)
WHERE (n >= 5.0)
ORDER BY CLASS
