[     3.319][MainProcess][INFO] Parsing specification...
[     3.324][MainProcess][WARNING] "attrs" field is deprecated. Please use "columns"
[     3.324][MainProcess][WARNING] "aggrs" field is deprecated. Please use "functions"
[     3.324][MainProcess][WARNING] "const" field is deprecated. Please use "constants"
[     3.325][MainProcess][DEBUG] Reading input files...
[     3.333][MainProcess][INFO] Inferred data types for table tests-examples/scythe/recent_posts/tables/004.csv: ['int64', 'int64', 'int64']
[     3.337][MainProcess][INFO] Inferred data types for table tests-examples/scythe/recent_posts/tables/004_o.csv: ['int64', 'int64']
[     3.367][MainProcess][DEBUG] Generating DSL...
[     6.770][MainProcess][INFO] Creating 4 processes
[    10.180][cube-solver-1][DEBUG] Initialising process for 2 lines of code.
[    10.195][cube-solver-2][DEBUG] Initialising process for 2 lines of code.
[    10.215][cube-solver-3][DEBUG] Initialising process for 2 lines of code.
[    10.236][cube-solver-0][DEBUG] Initialising process for 2 lines of code.
[   468.890][cube-solver-1][DEBUG] Solving cube (l0 = filter(), l1 = summarise())
[   472.969][cube-solver-0][DEBUG] Solving cube (l0 = summarise(), l1 = filter())
[   476.460][cube-solver-2][DEBUG] Solving cube (l0 = filter(), l1 = mutate())
[   481.147][cube-solver-3][DEBUG] Solving cube (l0 = mutate(), l1 = filter())
[   595.943][MainProcess][DEBUG] Increasing generator loc to 3
[   596.443][cube-solver-2][DEBUG] Initialising process for 3 lines of code.
[   599.932][MainProcess][INFO] Statistics:
[   599.932][MainProcess][INFO] 	Generated cubes: 5
[   599.933][MainProcess][INFO] 	Attempted programs: 640
[   599.933][MainProcess][INFO] 		Rejected: 640
[   599.933][MainProcess][INFO] 		Failed: 0
[   599.933][MainProcess][INFO] 	Blacklist clauses: 6
[   599.933][MainProcess][DEBUG] Printing statistics for good programs of size 2
[   599.953][MainProcess][DEBUG] 	0: Counter({'filter': 18376, 'mutate': 11367, 'summarise': 3895})
[   599.962][MainProcess][DEBUG] 	1: Counter({'filter': 15262, 'mutate': 11520, 'summarise': 6856})

No solution found
