[     2.891][MainProcess][INFO] Parsing specification...
[     2.896][MainProcess][WARNING] "attrs" field is deprecated. Please use "columns"
[     2.896][MainProcess][WARNING] "aggrs" field is deprecated. Please use "functions"
[     2.896][MainProcess][WARNING] "const" field is deprecated. Please use "constants"
[     2.897][MainProcess][DEBUG] Reading input files...
[     2.907][MainProcess][INFO] Inferred data types for table tests-examples/scythe/recent_posts/tables/019.csv: ['int64', 'float64', 'datetime64[ns]']
[     2.914][MainProcess][INFO] Inferred data types for table tests-examples/scythe/recent_posts/tables/019_o.csv: ['int64', 'float64', 'datetime64[ns]']
[     2.951][MainProcess][DEBUG] Generating DSL...
[     3.564][MainProcess][INFO] Creating 4 processes
[     4.171][cube-solver-1][DEBUG] Initialising process for 2 lines of code.
[     4.179][cube-solver-2][DEBUG] Initialising process for 2 lines of code.
[     4.211][cube-solver-3][DEBUG] Initialising process for 2 lines of code.
[     4.225][cube-solver-0][DEBUG] Initialising process for 2 lines of code.
[    30.738][cube-solver-3][DEBUG] Solving cube (l0 = mutate(), l1 = filter())
[    30.998][cube-solver-1][DEBUG] Solving cube (l0 = filter(), l1 = summarise())
[    31.394][cube-solver-2][DEBUG] Solving cube (l0 = filter(), l1 = mutate())
[    31.452][cube-solver-0][DEBUG] Solving cube (l0 = summarise(), l1 = filter())
[    35.411][MainProcess][DEBUG] Increasing generator loc to 3
[    35.492][cube-solver-2][DEBUG] Initialising process for 3 lines of code.
[    36.188][cube-solver-1][DEBUG] Initialising process for 3 lines of code.
[    77.432][cube-solver-1][DEBUG] Solving cube (l0 = natural_join(), l1 = filter(), l2 = summarise([3]))
[    77.593][cube-solver-1][DEBUG] Solving cube (l0 = natural_join(), l1 = filter(), l2 = mutate())
[    77.660][cube-solver-1][DEBUG] Solving cube (l0 = natural_join(), l1 = mutate(), l2 = filter())
[    77.727][cube-solver-1][DEBUG] Solving cube (l0 = natural_join3(), l1 = summarise([3]), l2 = filter())
[    77.798][cube-solver-1][DEBUG] Solving cube (l0 = natural_join3(), l1 = filter(), l2 = summarise([3]))
[    77.867][cube-solver-1][DEBUG] Solving cube (l0 = natural_join3(), l1 = filter(), l2 = mutate())
[    77.935][cube-solver-1][DEBUG] Solving cube (l0 = natural_join3(), l1 = mutate(), l2 = filter())
[    78.001][cube-solver-1][DEBUG] Solving cube (l0 = natural_join4(), l1 = summarise([3]), l2 = filter())
[    78.072][cube-solver-1][DEBUG] Solving cube (l0 = natural_join4(), l1 = filter(), l2 = summarise([3]))
[    78.142][cube-solver-1][DEBUG] Solving cube (l0 = natural_join4(), l1 = filter(), l2 = mutate())
[    78.208][cube-solver-1][DEBUG] Solving cube (l0 = natural_join4(), l1 = mutate(), l2 = filter())
[    78.275][cube-solver-1][DEBUG] Solving cube (l0 = summarise([3]), l1 = natural_join(), l2 = filter())
[    79.794][cube-solver-2][DEBUG] Solving cube (l0 = natural_join(), l1 = summarise([3]), l2 = filter())
[    80.035][cube-solver-2][DEBUG] Solving cube (l0 = summarise([3]), l1 = natural_join3(), l2 = filter())
[    80.162][cube-solver-2][DEBUG] Solving cube (l0 = summarise([3]), l1 = natural_join4(), l2 = filter())
[    80.260][cube-solver-2][DEBUG] Solving cube (l0 = summarise([3]), l1 = summarise([3]), l2 = filter())
[    80.374][cube-solver-2][DEBUG] Solving cube (l0 = summarise([3]), l1 = filter(), l2 = natural_join())
[    91.398][cube-solver-0][DEBUG] Initialising process for 3 lines of code.
[    97.447][cube-solver-3][DEBUG] Initialising process for 3 lines of code.
[   138.469][cube-solver-3][DEBUG] Solving cube (l0 = summarise([3]), l1 = filter([46]), l2 = natural_join4())
[   138.680][cube-solver-3][DEBUG] Solving cube (l0 = summarise([3]), l1 = filter([59]), l2 = summarise([3]))
[   159.895][cube-solver-0][DEBUG] Solving cube (l0 = summarise([3]), l1 = filter([66]), l2 = natural_join3())
[   599.955][MainProcess][INFO] Statistics:
[   599.956][MainProcess][INFO] 	Generated cubes: 24
[   599.956][MainProcess][INFO] 	Attempted programs: 1645
[   599.956][MainProcess][INFO] 		Rejected: 885
[   599.957][MainProcess][INFO] 		Failed: 760
[   599.957][MainProcess][INFO] 	Blacklist clauses: 69
[   599.957][MainProcess][DEBUG] Printing statistics for good programs of size 2
[   599.972][MainProcess][DEBUG] 	0: Counter({'mutate': 10380, 'summarise': 4680, 'filter': 960})
[   599.976][MainProcess][DEBUG] 	1: Counter({'filter': 15060, 'mutate': 540, 'summarise': 420})
[   599.976][MainProcess][DEBUG] Printing statistics for good programs of size 3
[   600.061][MainProcess][DEBUG] 	0: Counter({'summarise': 185130})
[   600.104][MainProcess][DEBUG] 	1: Counter({'filter': 109618, 'natural_join': 75512})
[   600.139][MainProcess][DEBUG] 	2: Counter({'filter': 75512, 'natural_join': 53715, 'natural_join3': 50983, 'summarise': 4920})

No solution found
