[     3.069][MainProcess][INFO] Parsing specification...
[     3.075][MainProcess][DEBUG] Reading input files...
[     3.085][MainProcess][INFO] Inferred data types for table tests-examples/scythe/recent_posts/tables/023.csv: ['string', 'string', 'string']
[     3.095][MainProcess][INFO] Inferred data types for table tests-examples/scythe/recent_posts/tables/023_o.csv: ['string', 'string', 'string', 'string', 'timedelta64[ns]', 'string', 'float64', 'string']
[     3.131][MainProcess][DEBUG] Generating DSL...
[     3.164][MainProcess][INFO] Creating 4 processes
[     3.222][cube-solver-2][DEBUG] Initialising process for 1 lines of code.
[     3.226][cube-solver-0][DEBUG] Initialising process for 1 lines of code.
[     3.227][cube-solver-1][DEBUG] Initialising process for 1 lines of code.
[     3.236][cube-solver-3][DEBUG] Initialising process for 1 lines of code.
[     3.521][cube-solver-2][DEBUG] Solving cube (l0 = natural_join4(),)
[     3.528][cube-solver-2][DEBUG] Solving cube (l0 = left_join(),)
[     3.543][cube-solver-1][DEBUG] Solving cube (l0 = natural_join3(),)
[     3.545][cube-solver-1][DEBUG] Solving cube (l0 = union(),)
[     3.546][cube-solver-2][DEBUG] Solving cube (l0 = intersect(),)
[     3.553][cube-solver-1][DEBUG] Solving cube (l0 = semi_join(),)
[     3.557][cube-solver-3][DEBUG] Solving cube (l0 = anti_join(),)
[     3.558][cube-solver-0][DEBUG] Solving cube (l0 = natural_join(),)
[     3.559][cube-solver-3][DEBUG] Solving cube (l0 = cross_join(),)
[     3.563][MainProcess][DEBUG] Increasing generator loc to 2
[     3.564][cube-solver-1][DEBUG] Initialising process for 2 lines of code.
[     3.564][cube-solver-0][DEBUG] Solving cube (l0 = inner_join(),)
[     3.592][cube-solver-2][DEBUG] Initialising process for 2 lines of code.
[     3.858][cube-solver-0][DEBUG] Initialising process for 2 lines of code.
[     4.206][cube-solver-2][DEBUG] Solving cube (l0 = natural_join(), l1 = left_join())
[     4.211][cube-solver-2][DEBUG] Solving cube (l0 = natural_join(), l1 = intersect())
[     4.215][cube-solver-2][DEBUG] Solving cube (l0 = natural_join(), l1 = semi_join())
[     4.219][cube-solver-2][DEBUG] Solving cube (l0 = natural_join(), l1 = cross_join())
[     4.222][cube-solver-2][DEBUG] Solving cube (l0 = natural_join(), l1 = inner_join())
[     4.225][cube-solver-2][DEBUG] Solving cube (l0 = natural_join(), l1 = natural_join())
[     4.227][cube-solver-2][DEBUG] Solving cube (l0 = natural_join(), l1 = natural_join3())
[     4.230][cube-solver-2][DEBUG] Solving cube (l0 = natural_join(), l1 = natural_join4())
[     4.232][cube-solver-2][DEBUG] Solving cube (l0 = natural_join3(), l1 = anti_join())
[     4.234][cube-solver-2][DEBUG] Solving cube (l0 = natural_join3(), l1 = left_join())
[     4.237][cube-solver-2][DEBUG] Solving cube (l0 = natural_join3(), l1 = union())
[     4.237][cube-solver-1][DEBUG] Solving cube (l0 = natural_join(), l1 = anti_join())
[     4.239][cube-solver-2][DEBUG] Solving cube (l0 = natural_join3(), l1 = intersect())
[     4.241][cube-solver-1][DEBUG] Solving cube (l0 = natural_join3(), l1 = semi_join())
[     4.241][cube-solver-2][DEBUG] Solving cube (l0 = natural_join3(), l1 = cross_join())
[     4.243][cube-solver-1][DEBUG] Solving cube (l0 = natural_join3(), l1 = inner_join())
[     4.244][cube-solver-2][DEBUG] Solving cube (l0 = natural_join3(), l1 = natural_join())
[     4.245][cube-solver-1][DEBUG] Solving cube (l0 = natural_join3(), l1 = natural_join3())
[     4.246][cube-solver-2][DEBUG] Solving cube (l0 = natural_join3(), l1 = natural_join4())
[     4.247][cube-solver-1][DEBUG] Solving cube (l0 = natural_join4(), l1 = anti_join())
[     4.249][cube-solver-2][DEBUG] Solving cube (l0 = natural_join4(), l1 = left_join())
[     4.249][cube-solver-1][DEBUG] Solving cube (l0 = natural_join4(), l1 = union())
[     4.251][cube-solver-1][DEBUG] Solving cube (l0 = natural_join4(), l1 = semi_join())
[     4.252][cube-solver-2][DEBUG] Solving cube (l0 = natural_join4(), l1 = intersect())
[     4.253][cube-solver-1][DEBUG] Solving cube (l0 = natural_join4(), l1 = cross_join())
[     4.254][cube-solver-2][DEBUG] Solving cube (l0 = natural_join4(), l1 = inner_join())
[     4.255][cube-solver-1][DEBUG] Solving cube (l0 = natural_join4(), l1 = natural_join())
[     4.257][cube-solver-2][DEBUG] Solving cube (l0 = natural_join4(), l1 = natural_join3())
[     4.257][cube-solver-1][DEBUG] Solving cube (l0 = natural_join4(), l1 = natural_join4())
[     4.259][cube-solver-2][DEBUG] Solving cube (l0 = anti_join(), l1 = natural_join())
[     4.259][cube-solver-1][DEBUG] Solving cube (l0 = anti_join(), l1 = natural_join3())
[     4.261][cube-solver-1][DEBUG] Solving cube (l0 = anti_join(), l1 = natural_join4())
[     4.262][cube-solver-2][DEBUG] Solving cube (l0 = anti_join(), l1 = anti_join())
[     4.263][cube-solver-1][DEBUG] Solving cube (l0 = anti_join(), l1 = left_join())
[     4.265][cube-solver-2][DEBUG] Solving cube (l0 = anti_join(), l1 = union())
[     4.265][cube-solver-1][DEBUG] Solving cube (l0 = anti_join(), l1 = intersect())
[     4.267][cube-solver-1][DEBUG] Solving cube (l0 = anti_join(), l1 = semi_join())
[     4.267][cube-solver-2][DEBUG] Solving cube (l0 = anti_join(), l1 = cross_join())
[     4.269][cube-solver-1][DEBUG] Solving cube (l0 = anti_join(), l1 = inner_join())
[     4.270][cube-solver-2][DEBUG] Solving cube (l0 = left_join(), l1 = natural_join())
[     4.270][cube-solver-1][DEBUG] Solving cube (l0 = left_join(), l1 = natural_join3())
[     4.273][cube-solver-1][DEBUG] Solving cube (l0 = left_join(), l1 = natural_join4())
[     4.276][cube-solver-1][DEBUG] Solving cube (l0 = left_join(), l1 = anti_join())
[     4.304][cube-solver-2][DEBUG] Solving cube (l0 = left_join(), l1 = left_join())
[     4.337][cube-solver-2][DEBUG] Solving cube (l0 = left_join(), l1 = union())
[     4.367][cube-solver-2][DEBUG] Solving cube (l0 = left_join(), l1 = intersect())
[     4.406][cube-solver-1][DEBUG] Solving cube (l0 = left_join(), l1 = semi_join())
[     4.439][cube-solver-1][DEBUG] Solving cube (l0 = left_join(), l1 = cross_join())
[     4.468][cube-solver-0][DEBUG] Solving cube (l0 = natural_join(), l1 = union())
[     4.474][cube-solver-0][DEBUG] Solving cube (l0 = left_join(), l1 = inner_join())
[     4.516][cube-solver-2][DEBUG] Solving cube (l0 = union(), l1 = natural_join())
[     4.534][cube-solver-2][DEBUG] Solving cube (l0 = union(), l1 = natural_join3())
[     4.536][cube-solver-2][DEBUG] Solving cube (l0 = union(), l1 = natural_join4())
[     4.538][cube-solver-2][DEBUG] Solving cube (l0 = union(), l1 = anti_join())
[     4.644][cube-solver-2][DEBUG] Solving cube (l0 = union(), l1 = left_join())
[     4.672][cube-solver-2][DEBUG] Solving cube (l0 = union(), l1 = union())
[     4.697][cube-solver-2][DEBUG] Solving cube (l0 = union(), l1 = intersect())
[     4.945][cube-solver-2][DEBUG] Solving cube (l0 = union(), l1 = semi_join())
[     4.972][cube-solver-2][DEBUG] Solving cube (l0 = union(), l1 = cross_join())
[     5.940][cube-solver-0][DEBUG] Solving cube (l0 = union(), l1 = inner_join())
[     7.027][cube-solver-0][DEBUG] Solving cube (l0 = intersect(), l1 = natural_join())
[     7.115][cube-solver-0][DEBUG] Solving cube (l0 = intersect(), l1 = natural_join3())
[     7.117][cube-solver-0][DEBUG] Solving cube (l0 = intersect(), l1 = natural_join4())
[     7.119][cube-solver-0][DEBUG] Solving cube (l0 = intersect(), l1 = anti_join())
[     7.639][cube-solver-0][DEBUG] Solving cube (l0 = intersect(), l1 = left_join())
[     7.770][cube-solver-0][DEBUG] Solving cube (l0 = intersect(), l1 = union())
[     7.878][cube-solver-3][DEBUG] Initialising process for 2 lines of code.
[     7.892][cube-solver-0][DEBUG] Solving cube (l0 = intersect(), l1 = semi_join())
[     8.021][cube-solver-0][DEBUG] Solving cube (l0 = intersect(), l1 = cross_join([1]))
[     8.473][cube-solver-3][DEBUG] Solving cube (l0 = intersect(), l1 = intersect())
[     9.037][cube-solver-3][DEBUG] Solving cube (l0 = intersect(), l1 = inner_join())
[    14.792][cube-solver-3][DEBUG] Solving cube (l0 = semi_join(), l1 = natural_join())
[    14.812][cube-solver-3][DEBUG] Solving cube (l0 = semi_join(), l1 = natural_join3())
[    14.814][cube-solver-3][DEBUG] Solving cube (l0 = semi_join(), l1 = natural_join4())
[    14.817][cube-solver-3][DEBUG] Solving cube (l0 = semi_join(), l1 = anti_join())
[    14.936][cube-solver-3][DEBUG] Solving cube (l0 = semi_join(), l1 = left_join())
[    14.966][cube-solver-3][DEBUG] Solving cube (l0 = semi_join(), l1 = union())
[    14.993][cube-solver-3][DEBUG] Solving cube (l0 = semi_join(), l1 = intersect())
[    15.111][cube-solver-3][DEBUG] Solving cube (l0 = semi_join(), l1 = semi_join())
[    15.141][cube-solver-3][DEBUG] Solving cube (l0 = semi_join(), l1 = cross_join([1]))
[    23.364][cube-solver-2][DEBUG] Solving cube (l0 = semi_join(), l1 = inner_join())
[    24.210][cube-solver-1][DEBUG] Solving cube (l0 = cross_join([1]), l1 = natural_join())
[    24.596][cube-solver-2][DEBUG] Solving cube (l0 = cross_join([1]), l1 = natural_join3())
[    24.599][cube-solver-2][DEBUG] Solving cube (l0 = cross_join([1]), l1 = natural_join4())
[    24.602][cube-solver-2][DEBUG] Solving cube (l0 = cross_join([1]), l1 = anti_join())
[    34.432][cube-solver-3][DEBUG] Solving cube (l0 = cross_join([1]), l1 = left_join())
[    36.691][cube-solver-1][DEBUG] Solving cube (l0 = cross_join([1]), l1 = union())
[    55.619][cube-solver-3][DEBUG] Solving cube (l0 = cross_join([1]), l1 = intersect())
[    56.189][cube-solver-1][DEBUG] Solving cube (l0 = cross_join([1]), l1 = semi_join())
[    77.141][cube-solver-1][DEBUG] Solving cube (l0 = cross_join([1]), l1 = cross_join([1]))
[    85.168][cube-solver-0][DEBUG] Solving cube (l0 = cross_join([1]), l1 = inner_join())
[   113.398][cube-solver-2][DEBUG] Solving cube (l0 = inner_join(), l1 = natural_join())
[   114.215][cube-solver-2][DEBUG] Solving cube (l0 = inner_join(), l1 = natural_join3())
[   114.218][cube-solver-2][DEBUG] Solving cube (l0 = inner_join(), l1 = natural_join4())
[   114.220][cube-solver-2][DEBUG] Solving cube (l0 = inner_join(), l1 = anti_join())
[   119.690][cube-solver-2][DEBUG] Solving cube (l0 = inner_join(), l1 = left_join())
[   121.014][cube-solver-2][DEBUG] Solving cube (l0 = inner_join(), l1 = union())
[   122.192][cube-solver-2][DEBUG] Solving cube (l0 = inner_join(), l1 = intersect())
[   128.434][cube-solver-2][DEBUG] Solving cube (l0 = inner_join(), l1 = semi_join())
[   129.696][cube-solver-2][DEBUG] Solving cube (l0 = inner_join(), l1 = cross_join([1]))
[   152.162][cube-solver-3][DEBUG] Solving cube (l0 = inner_join(), l1 = inner_join())
[   599.955][MainProcess][INFO] Statistics:
[   599.957][MainProcess][INFO] 	Generated cubes: 110
[   599.957][MainProcess][INFO] 	Attempted programs: 31234
[   599.957][MainProcess][INFO] 		Rejected: 23629
[   599.957][MainProcess][INFO] 		Failed: 7605
[   599.958][MainProcess][INFO] 	Blacklist clauses: 1
[   599.958][MainProcess][DEBUG] Printing statistics for good programs of size 2
[   600.056][MainProcess][DEBUG] 	0: Counter({'cross_join': 131375, 'inner_join': 115810})
[   600.111][MainProcess][DEBUG] 	1: Counter({'cross_join': 124653, 'inner_join': 122532})

No solution found
