[     3.276][MainProcess][INFO] Parsing specification...
[     3.282][MainProcess][DEBUG] Reading input files...
[     3.292][MainProcess][INFO] Inferred data types for table tests-examples/scythe/recent_posts/tables/024.csv: ['int64', 'string', 'string']
[     3.298][MainProcess][INFO] Inferred data types for table tests-examples/scythe/recent_posts/tables/024_o.csv: ['string', 'float64']
[     3.329][MainProcess][DEBUG] Generating DSL...
[     3.344][MainProcess][INFO] Creating 4 processes
[     3.363][MainProcess][DEBUG] Increasing generator loc to 2
[     3.364][MainProcess][DEBUG] Increasing generator loc to 3
[     3.366][MainProcess][DEBUG] Increasing generator loc to 4
[     3.389][MainProcess][DEBUG] Increasing generator loc to 5
[     3.585][MainProcess][DEBUG] Increasing generator loc to 6
[     5.605][MainProcess][DEBUG] Increasing generator loc to 7
[    26.245][MainProcess][DEBUG] Increasing generator loc to 8
[   236.757][cube-solver-0][DEBUG] Initialising process for 8 lines of code.
Traceback (most recent call last):
  File "./cubes.py", line 95, in <module>
    main()
  File "./cubes.py", line 87, in main
    program = synthesizer.synthesize()
  File "/home/rmbb/CUBES/squares/parallel_synthesizer.py", line 250, in synthesize
    cube = next(generator)
  File "/home/rmbb/CUBES/squares/dsl/dc.py", line 131, in __next__
    while not self.line_stack[-1]:
IndexError: list index out of range
