[     3.252][MainProcess][INFO] Parsing specification...
[     3.256][MainProcess][DEBUG] Reading input files...
[     3.263][MainProcess][INFO] Inferred data types for table tests-examples/scythe/recent_posts/tables/028.csv: ['int64', 'string']
[     3.268][MainProcess][INFO] Inferred data types for table tests-examples/scythe/recent_posts/tables/028_o.csv: ['int64', 'int64']
[     3.297][MainProcess][DEBUG] Generating DSL...
[     3.492][MainProcess][INFO] Creating 4 processes
[     3.676][cube-solver-2][DEBUG] Initialising process for 2 lines of code.
[     3.687][cube-solver-3][DEBUG] Initialising process for 2 lines of code.
[     3.711][cube-solver-0][DEBUG] Initialising process for 2 lines of code.
[     3.728][cube-solver-1][DEBUG] Initialising process for 2 lines of code.
[     9.745][cube-solver-3][DEBUG] Solving cube (l0 = mutate(), l1 = filter())
[     9.791][cube-solver-2][DEBUG] Solving cube (l0 = filter(), l1 = mutate())
[     9.811][cube-solver-0][DEBUG] Solving cube (l0 = summarise(), l1 = filter())
[     9.911][cube-solver-1][DEBUG] Solving cube (l0 = filter(), l1 = summarise())
[    10.294][MainProcess][DEBUG] Increasing generator loc to 3
[    10.310][cube-solver-2][DEBUG] Initialising process for 3 lines of code.
[    10.748][cube-solver-1][DEBUG] Initialising process for 3 lines of code.
[    20.361][cube-solver-2][DEBUG] Solving cube (l0 = natural_join(), l1 = summarise(), l2 = filter())
[    20.494][cube-solver-2][DEBUG] Solving cube (l0 = natural_join(), l1 = filter(), l2 = mutate())
[    20.530][cube-solver-2][DEBUG] Solving cube (l0 = natural_join(), l1 = mutate(), l2 = filter())
[    20.555][cube-solver-2][DEBUG] Solving cube (l0 = natural_join3(), l1 = summarise(), l2 = filter())
[    20.580][cube-solver-2][DEBUG] Solving cube (l0 = natural_join3(), l1 = filter(), l2 = summarise())
[    20.604][cube-solver-2][DEBUG] Solving cube (l0 = natural_join3(), l1 = filter(), l2 = mutate())
[    20.628][cube-solver-2][DEBUG] Solving cube (l0 = natural_join3(), l1 = mutate(), l2 = filter())
[    20.652][cube-solver-2][DEBUG] Solving cube (l0 = natural_join4(), l1 = summarise(), l2 = filter())
[    20.673][cube-solver-2][DEBUG] Solving cube (l0 = natural_join4(), l1 = filter(), l2 = summarise())
[    20.693][cube-solver-2][DEBUG] Solving cube (l0 = natural_join4(), l1 = filter(), l2 = mutate())
[    20.714][cube-solver-2][DEBUG] Solving cube (l0 = natural_join4(), l1 = mutate(), l2 = filter())
[    20.734][cube-solver-2][DEBUG] Solving cube (l0 = summarise(), l1 = natural_join(), l2 = filter())
[    21.669][cube-solver-1][DEBUG] Solving cube (l0 = natural_join(), l1 = filter(), l2 = summarise())
[    21.826][cube-solver-1][DEBUG] Solving cube (l0 = summarise(), l1 = natural_join3(), l2 = filter())
[    21.865][cube-solver-1][DEBUG] Solving cube (l0 = summarise(), l1 = natural_join4(), l2 = filter())
[    21.892][cube-solver-1][DEBUG] Solving cube (l0 = summarise(), l1 = summarise(), l2 = filter())
[    21.937][cube-solver-1][DEBUG] Solving cube (l0 = summarise(), l1 = filter(), l2 = natural_join())
[    21.941][cube-solver-3][DEBUG] Initialising process for 3 lines of code.
[    28.881][cube-solver-0][DEBUG] Initialising process for 3 lines of code.
[    32.765][cube-solver-3][DEBUG] Solving cube (l0 = summarise(), l1 = filter([21]), l2 = natural_join3())
[    39.140][cube-solver-0][DEBUG] Solving cube (l0 = summarise(), l1 = filter([72]), l2 = natural_join4())
[    39.209][cube-solver-0][DEBUG] Solving cube (l0 = summarise(), l1 = filter([72]), l2 = summarise())
[    83.652][cube-solver-0][DEBUG] Solving cube (l0 = summarise(), l1 = filter([144]), l2 = filter([144]))
[   100.304][cube-solver-2][DEBUG] Solving cube (l0 = summarise(), l1 = filter([153]), l2 = anti_join())
[   142.818][cube-solver-1][DEBUG] Solving cube (l0 = summarise(), l1 = filter([155]), l2 = left_join())
[   248.626][cube-solver-3][DEBUG] Solving cube (l0 = summarise(), l1 = filter([155]), l2 = union())
[   273.992][cube-solver-1][DEBUG] Solving cube (l0 = summarise(), l1 = filter([155]), l2 = intersect())
[   374.528][cube-solver-3][DEBUG] Solving cube (l0 = summarise(), l1 = filter([155]), l2 = semi_join())
[   386.690][cube-solver-1][DEBUG] Solving cube (l0 = summarise(), l1 = filter([155]), l2 = cross_join())
[   421.044][cube-solver-2][DEBUG] Solving cube (l0 = summarise(), l1 = filter([155]), l2 = mutate())
[   443.542][cube-solver-2][DEBUG] Solving cube (l0 = summarise(), l1 = filter([155]), l2 = inner_join())
[   478.952][cube-solver-3][DEBUG] Solving cube (l0 = summarise(), l1 = anti_join(), l2 = filter([155]))
[   599.968][MainProcess][INFO] Statistics:
[   599.968][MainProcess][INFO] 	Generated cubes: 34
[   599.969][MainProcess][INFO] 	Attempted programs: 31800
[   599.969][MainProcess][INFO] 		Rejected: 15841
[   599.969][MainProcess][INFO] 		Failed: 15959
[   599.969][MainProcess][INFO] 	Blacklist clauses: 155
[   599.969][MainProcess][DEBUG] Printing statistics for good programs of size 2
[   599.971][MainProcess][DEBUG] 	0: Counter({'summarise': 2580, 'mutate': 1920, 'filter': 160})
[   599.972][MainProcess][DEBUG] 	1: Counter({'filter': 4500, 'summarise': 100, 'mutate': 60})
[   599.972][MainProcess][DEBUG] Printing statistics for good programs of size 3
[   600.063][MainProcess][DEBUG] 	0: Counter({'summarise': 258908})
[   600.116][MainProcess][DEBUG] 	1: Counter({'filter': 234552, 'anti_join': 12836, 'natural_join': 11520})
[   600.165][MainProcess][DEBUG] 	2: Counter({'filter': 86716, 'cross_join': 31752, 'anti_join': 31360, 'natural_join3': 24480, 'inner_join': 21260, 'left_join': 15900, 'union': 15900, 'natural_join': 13320, 'semi_join': 11780, 'summarise': 3860, 'mutate': 2580})

No solution found
