[     3.269][MainProcess][INFO] Parsing specification...
[     3.273][MainProcess][WARNING] "attrs" field is deprecated. Please use "columns"
[     3.273][MainProcess][WARNING] "aggrs" field is deprecated. Please use "functions"
[     3.274][MainProcess][DEBUG] Reading input files...
[     3.284][MainProcess][INFO] Inferred data types for table tests-examples/scythe/recent_posts/tables/045_1.csv: ['int64', 'string']
[     3.289][MainProcess][INFO] Inferred data types for table tests-examples/scythe/recent_posts/tables/045_2.csv: ['int64', 'int64', 'int64']
[     3.295][MainProcess][INFO] Inferred data types for table tests-examples/scythe/recent_posts/tables/045_o.csv: ['string', 'float64']
[     3.336][MainProcess][DEBUG] Generating DSL...
[     3.521][MainProcess][INFO] Creating 4 processes
[     3.538][MainProcess][DEBUG] Increasing generator loc to 2
[     3.697][cube-solver-0][DEBUG] Initialising process for 1 lines of code.
[     3.737][cube-solver-3][DEBUG] Initialising process for 2 lines of code.
[     3.755][cube-solver-2][DEBUG] Initialising process for 2 lines of code.
[     3.766][cube-solver-1][DEBUG] Initialising process for 1 lines of code.
[     6.329][cube-solver-0][WARNING] There is no solution for current loc (1).
[     6.330][cube-solver-0][DEBUG] Solving cube (l0 = summarise(),)
[     6.346][cube-solver-0][DEBUG] Initialising process for 2 lines of code.
[     6.368][cube-solver-1][WARNING] There is no solution for current loc (1).
[     6.369][cube-solver-1][DEBUG] Solving cube (l0 = mutate(),)
[     6.385][cube-solver-1][DEBUG] Initialising process for 2 lines of code.
[     9.127][cube-solver-3][DEBUG] Solving cube (l0 = natural_join(), l1 = mutate())
[     9.211][cube-solver-2][DEBUG] Solving cube (l0 = natural_join(), l1 = summarise())
[     9.648][cube-solver-3][DEBUG] Solving cube (l0 = natural_join4(), l1 = summarise())
[     9.661][cube-solver-3][DEBUG] Solving cube (l0 = natural_join4(), l1 = mutate())
[     9.673][cube-solver-3][DEBUG] Solving cube (l0 = summarise(), l1 = natural_join())
[    10.506][cube-solver-2][DEBUG] Solving cube (l0 = summarise([7]), l1 = natural_join3())
[    10.803][cube-solver-3][DEBUG] Solving cube (l0 = summarise([14]), l1 = natural_join4())
[    10.822][cube-solver-3][DEBUG] Solving cube (l0 = summarise([14]), l1 = summarise([14]))
[    10.844][cube-solver-3][DEBUG] Solving cube (l0 = summarise([14]), l1 = filter())
[    10.865][cube-solver-3][DEBUG] Solving cube (l0 = summarise([14]), l1 = anti_join())
[    11.763][cube-solver-0][DEBUG] Solving cube (l0 = natural_join3(), l1 = summarise([14]))
[    11.785][cube-solver-1][DEBUG] Solving cube (l0 = natural_join3(), l1 = mutate())
[    11.838][cube-solver-1][DEBUG] Solving cube (l0 = summarise([14]), l1 = left_join())
[    11.888][cube-solver-0][DEBUG] Solving cube (l0 = summarise([14]), l1 = union())
[    12.156][cube-solver-1][DEBUG] Found solution with cube (l0 = summarise([14]), l1 = left_join())
[    12.158][MainProcess][INFO] Statistics:
[    12.158][MainProcess][INFO] 	Generated cubes: 16
[    12.158][MainProcess][INFO] 	Attempted programs: 64
[    12.159][MainProcess][INFO] 		Rejected: 29
[    12.159][MainProcess][INFO] 		Failed: 34
[    12.159][MainProcess][INFO] 	Blacklist clauses: 14
[    12.159][MainProcess][DEBUG] Printing statistics for good programs of size 2
[    12.160][MainProcess][DEBUG] 	0: Counter({'summarise': 513, 'natural_join': 256})
[    12.161][MainProcess][DEBUG] 	1: Counter({'natural_join3': 264, 'summarise': 176, 'natural_join': 120, 'mutate': 80, 'anti_join': 68, 'left_join': 31, 'union': 30})
[    12.161][MainProcess][INFO] Solution found: left_join(@param0, summarise(@param1, sumQuantity = sum(Quantity), Menu_id))

------------------------------------- R Solution ---------------------------------------

con <- DBI::dbConnect(RSQLite::SQLite(), ":memory:")
input1 <- read_csv("tests-examples/scythe/recent_posts/tables/045_1.csv", col_types = cols(Menu_id = col_integer(),Name = col_character()))
input1 <- copy_to(con, input1)
input2 <- read_csv("tests-examples/scythe/recent_posts/tables/045_2.csv", col_types = cols(ID = col_integer(),Quantity = col_integer(),Menu_id = col_integer()))
input2 <- copy_to(con, input2)
expected_output <- read_csv("tests-examples/scythe/recent_posts/tables/045_o.csv", col_types = cols(MenuName = col_character(),Quantity = col_double()))

df3 <- input2 %>% group_by(Menu_id) %>% summarise(sumQuantity = sum(Quantity)) %>% ungroup()
df4 <- left_join(input1, df3)
out <- df4 %>% select(MenuName = Name, Quantity = sumQuantity) %>% arrange(MenuName)


+++++++++++++++++++++++++++++++++++++ SQL Solution +++++++++++++++++++++++++++++++++++++

SELECT Name AS MenuName,
       sumQuantity AS Quantity
FROM
  (SELECT LHS.Menu_id AS Menu_id,
          LHS.Name AS Name,
          RHS.sumQuantity AS sumQuantity
   FROM input1 AS LHS
   LEFT JOIN
     (SELECT Menu_id,
             SUM(Quantity) AS sumQuantity
      FROM input2
      GROUP BY Menu_id) AS RHS ON (LHS.Menu_id = RHS.Menu_id))
ORDER BY MenuName
