[     3.310][MainProcess][INFO] Parsing specification...
[     3.316][MainProcess][DEBUG] Reading input files...
[     3.325][MainProcess][INFO] Inferred data types for table tests-examples/scythe/recent_posts/tables/001.csv: ['int64', 'int64', 'string', 'string']
[     3.330][MainProcess][INFO] Inferred data types for table tests-examples/scythe/recent_posts/tables/001_o.csv: ['string', 'int64']
[     3.359][MainProcess][DEBUG] Generating DSL...
[     3.406][MainProcess][INFO] Creating 8 processes
[     3.433][MainProcess][DEBUG] Increasing generator loc to 2
[     3.468][cube-solver-0][DEBUG] Initialising process for 1 lines of code.
[     3.468][cube-solver-1][DEBUG] Initialising process for 2 lines of code.
[     3.474][cube-solver-2][DEBUG] Initialising process for 2 lines of code.
[     3.476][cube-solver-3][DEBUG] Initialising process for 2 lines of code.
[     3.480][cube-solver-4][DEBUG] Initialising process for 2 lines of code.
[     3.481][cube-solver-5][DEBUG] Initialising process for 2 lines of code.
[     3.484][cube-solver-6][DEBUG] Initialising process for 2 lines of code.
[     3.487][cube-solver-7][DEBUG] Initialising process for 2 lines of code.
[     3.874][cube-solver-0][DEBUG] Solving cube (l0 = filter(),)
[     4.168][cube-solver-2][DEBUG] Solving cube (l0 = natural_join3(), l1 = filter())
[     4.175][cube-solver-2][DEBUG] Solving cube (l0 = filter(), l1 = anti_join())
[     4.179][cube-solver-6][DEBUG] Solving cube (l0 = filter(), l1 = natural_join4())
[     4.178][cube-solver-4][DEBUG] Solving cube (l0 = filter(), l1 = natural_join())
[     4.185][cube-solver-1][DEBUG] Solving cube (l0 = natural_join(), l1 = filter())
[     4.189][cube-solver-6][DEBUG] Solving cube (l0 = filter(), l1 = left_join())
[     4.190][cube-solver-1][DEBUG] Solving cube (l0 = filter(), l1 = union())
[     4.199][cube-solver-5][DEBUG] Solving cube (l0 = filter(), l1 = natural_join3())
[     4.204][cube-solver-3][DEBUG] Solving cube (l0 = natural_join4(), l1 = filter())
[     4.205][cube-solver-5][DEBUG] Solving cube (l0 = filter(), l1 = intersect())
[     4.206][cube-solver-7][DEBUG] Solving cube (l0 = filter(), l1 = filter())
[     4.209][cube-solver-3][DEBUG] Solving cube (l0 = filter(), l1 = semi_join())
[     5.853][cube-solver-0][DEBUG] Initialising process for 2 lines of code.
[     6.652][cube-solver-0][DEBUG] Solving cube (l0 = filter(), l1 = cross_join())
[     6.879][cube-solver-5][DEBUG] Solving cube (l0 = filter(), l1 = inner_join())
[     8.396][cube-solver-4][DEBUG] Solving cube (l0 = anti_join(), l1 = filter())
[     8.399][cube-solver-4][DEBUG] Solving cube (l0 = left_join(), l1 = filter())
[     9.823][cube-solver-3][DEBUG] Solving cube (l0 = union(), l1 = filter())
[     9.988][cube-solver-6][DEBUG] Solving cube (l0 = intersect(), l1 = filter())
[    10.057][cube-solver-1][DEBUG] Solving cube (l0 = semi_join(), l1 = filter())
[    10.345][cube-solver-4][DEBUG] Solving cube (l0 = cross_join(), l1 = filter())
[    10.589][cube-solver-6][DEBUG] Solving cube (l0 = inner_join(), l1 = filter())
[    11.577][MainProcess][DEBUG] Increasing generator loc to 3
[    11.578][cube-solver-3][DEBUG] Initialising process for 3 lines of code.
[    11.958][cube-solver-1][DEBUG] Initialising process for 3 lines of code.
[    12.641][cube-solver-3][DEBUG] Solving cube (l0 = natural_join(), l1 = filter(), l2 = natural_join())
[    12.647][cube-solver-3][DEBUG] Solving cube (l0 = natural_join(), l1 = filter(), l2 = natural_join4())
[    12.651][cube-solver-3][DEBUG] Solving cube (l0 = natural_join(), l1 = filter(), l2 = filter())
[    12.655][cube-solver-3][DEBUG] Solving cube (l0 = natural_join(), l1 = filter(), l2 = anti_join())
[    12.658][cube-solver-3][DEBUG] Solving cube (l0 = natural_join(), l1 = filter(), l2 = left_join())
[    12.662][cube-solver-3][DEBUG] Solving cube (l0 = natural_join(), l1 = filter(), l2 = union())
[    12.665][cube-solver-3][DEBUG] Solving cube (l0 = natural_join(), l1 = filter(), l2 = intersect())
[    12.668][cube-solver-3][DEBUG] Solving cube (l0 = natural_join(), l1 = filter(), l2 = semi_join())
[    12.672][cube-solver-3][DEBUG] Solving cube (l0 = natural_join(), l1 = filter(), l2 = cross_join())
[    12.675][cube-solver-3][DEBUG] Solving cube (l0 = natural_join(), l1 = filter(), l2 = inner_join())
[    12.679][cube-solver-3][DEBUG] Solving cube (l0 = natural_join(), l1 = anti_join(), l2 = filter())
[    12.682][cube-solver-3][DEBUG] Solving cube (l0 = natural_join(), l1 = left_join(), l2 = filter())
[    12.686][cube-solver-3][DEBUG] Solving cube (l0 = natural_join(), l1 = union(), l2 = filter())
[    12.689][cube-solver-3][DEBUG] Solving cube (l0 = natural_join(), l1 = intersect(), l2 = filter())
[    12.693][cube-solver-3][DEBUG] Solving cube (l0 = natural_join(), l1 = semi_join(), l2 = filter())
[    12.696][cube-solver-3][DEBUG] Solving cube (l0 = natural_join(), l1 = cross_join(), l2 = filter())
[    12.700][cube-solver-3][DEBUG] Solving cube (l0 = natural_join(), l1 = inner_join(), l2 = filter())
[    12.703][cube-solver-3][DEBUG] Solving cube (l0 = natural_join(), l1 = natural_join(), l2 = filter())
[    12.707][cube-solver-3][DEBUG] Solving cube (l0 = natural_join(), l1 = natural_join3(), l2 = filter())
[    12.710][cube-solver-3][DEBUG] Solving cube (l0 = natural_join(), l1 = natural_join4(), l2 = filter())
[    12.714][cube-solver-3][DEBUG] Solving cube (l0 = natural_join3(), l1 = filter(), l2 = natural_join())
[    12.717][cube-solver-3][DEBUG] Solving cube (l0 = natural_join3(), l1 = filter(), l2 = natural_join3())
[    12.720][cube-solver-3][DEBUG] Solving cube (l0 = natural_join3(), l1 = filter(), l2 = natural_join4())
[    12.724][cube-solver-3][DEBUG] Solving cube (l0 = natural_join3(), l1 = filter(), l2 = filter())
[    12.727][cube-solver-3][DEBUG] Solving cube (l0 = natural_join3(), l1 = filter(), l2 = anti_join())
[    12.731][cube-solver-3][DEBUG] Solving cube (l0 = natural_join3(), l1 = filter(), l2 = left_join())
[    12.734][cube-solver-3][DEBUG] Solving cube (l0 = natural_join3(), l1 = filter(), l2 = union())
[    12.738][cube-solver-3][DEBUG] Solving cube (l0 = natural_join3(), l1 = filter(), l2 = intersect())
[    12.741][cube-solver-3][DEBUG] Solving cube (l0 = natural_join3(), l1 = filter(), l2 = semi_join())
[    12.745][cube-solver-3][DEBUG] Solving cube (l0 = natural_join3(), l1 = filter(), l2 = cross_join())
[    12.748][cube-solver-3][DEBUG] Solving cube (l0 = natural_join3(), l1 = filter(), l2 = inner_join())
[    12.752][cube-solver-3][DEBUG] Solving cube (l0 = natural_join3(), l1 = anti_join(), l2 = filter())
[    12.755][cube-solver-3][DEBUG] Solving cube (l0 = natural_join3(), l1 = left_join(), l2 = filter())
[    12.759][cube-solver-3][DEBUG] Solving cube (l0 = natural_join3(), l1 = union(), l2 = filter())
[    12.762][cube-solver-3][DEBUG] Solving cube (l0 = natural_join3(), l1 = intersect(), l2 = filter())
[    12.766][cube-solver-3][DEBUG] Solving cube (l0 = natural_join3(), l1 = semi_join(), l2 = filter())
[    12.769][cube-solver-3][DEBUG] Solving cube (l0 = natural_join3(), l1 = cross_join(), l2 = filter())
[    12.772][cube-solver-3][DEBUG] Solving cube (l0 = natural_join3(), l1 = inner_join(), l2 = filter())
[    12.776][cube-solver-3][DEBUG] Solving cube (l0 = natural_join3(), l1 = natural_join(), l2 = filter())
[    12.780][cube-solver-3][DEBUG] Solving cube (l0 = natural_join3(), l1 = natural_join3(), l2 = filter())
[    12.783][cube-solver-3][DEBUG] Solving cube (l0 = natural_join3(), l1 = natural_join4(), l2 = filter())
[    12.786][cube-solver-3][DEBUG] Solving cube (l0 = natural_join4(), l1 = filter(), l2 = natural_join())
[    12.790][cube-solver-3][DEBUG] Solving cube (l0 = natural_join4(), l1 = filter(), l2 = natural_join3())
[    12.793][cube-solver-3][DEBUG] Solving cube (l0 = natural_join4(), l1 = filter(), l2 = natural_join4())
[    12.796][cube-solver-3][DEBUG] Solving cube (l0 = natural_join4(), l1 = filter(), l2 = filter())
[    12.799][cube-solver-3][DEBUG] Solving cube (l0 = natural_join4(), l1 = filter(), l2 = anti_join())
[    12.802][cube-solver-3][DEBUG] Solving cube (l0 = natural_join4(), l1 = filter(), l2 = left_join())
[    12.805][cube-solver-3][DEBUG] Solving cube (l0 = natural_join4(), l1 = filter(), l2 = union())
[    12.809][cube-solver-3][DEBUG] Solving cube (l0 = natural_join4(), l1 = filter(), l2 = intersect())
[    12.812][cube-solver-3][DEBUG] Solving cube (l0 = natural_join4(), l1 = filter(), l2 = semi_join())
[    12.815][cube-solver-3][DEBUG] Solving cube (l0 = natural_join4(), l1 = filter(), l2 = cross_join())
[    12.818][cube-solver-3][DEBUG] Solving cube (l0 = natural_join4(), l1 = filter(), l2 = inner_join())
[    12.821][cube-solver-3][DEBUG] Solving cube (l0 = natural_join4(), l1 = anti_join(), l2 = filter())
[    12.824][cube-solver-3][DEBUG] Solving cube (l0 = natural_join4(), l1 = left_join(), l2 = filter())
[    12.828][cube-solver-3][DEBUG] Solving cube (l0 = natural_join4(), l1 = union(), l2 = filter())
[    12.831][cube-solver-3][DEBUG] Solving cube (l0 = natural_join4(), l1 = intersect(), l2 = filter())
[    12.834][cube-solver-3][DEBUG] Solving cube (l0 = natural_join4(), l1 = semi_join(), l2 = filter())
[    12.837][cube-solver-3][DEBUG] Solving cube (l0 = natural_join4(), l1 = cross_join(), l2 = filter())
[    12.840][cube-solver-3][DEBUG] Solving cube (l0 = natural_join4(), l1 = inner_join(), l2 = filter())
[    12.843][cube-solver-3][DEBUG] Solving cube (l0 = natural_join4(), l1 = natural_join(), l2 = filter())
[    12.846][cube-solver-3][DEBUG] Solving cube (l0 = natural_join4(), l1 = natural_join3(), l2 = filter())
[    12.849][cube-solver-3][DEBUG] Solving cube (l0 = natural_join4(), l1 = natural_join4(), l2 = filter())
[    12.853][cube-solver-3][DEBUG] Solving cube (l0 = filter(), l1 = natural_join(), l2 = filter())
[    13.439][cube-solver-1][DEBUG] Solving cube (l0 = natural_join(), l1 = filter(), l2 = natural_join3())
[    13.451][cube-solver-1][DEBUG] Solving cube (l0 = filter(), l1 = natural_join(), l2 = anti_join())
[    13.457][cube-solver-1][DEBUG] Solving cube (l0 = filter(), l1 = natural_join(), l2 = left_join())
[    27.544][cube-solver-7][DEBUG] Initialising process for 3 lines of code.
[    29.004][cube-solver-7][DEBUG] Solving cube (l0 = filter(), l1 = natural_join(), l2 = union())
[    33.618][cube-solver-1][DEBUG] Solving cube (l0 = filter(), l1 = natural_join(), l2 = intersect())
[    44.032][cube-solver-2][DEBUG] Initialising process for 3 lines of code.
[    44.515][cube-solver-1][DEBUG] Solving cube (l0 = filter(), l1 = natural_join(), l2 = cross_join())
[    45.455][cube-solver-2][DEBUG] Solving cube (l0 = filter(), l1 = natural_join(), l2 = semi_join())
[    48.522][cube-solver-7][DEBUG] Solving cube (l0 = filter(), l1 = natural_join(), l2 = inner_join())
[    57.757][cube-solver-3][DEBUG] Solving cube (l0 = filter(), l1 = natural_join(), l2 = natural_join())
[    64.777][cube-solver-2][DEBUG] Solving cube (l0 = filter(), l1 = natural_join(), l2 = natural_join3())
[    64.781][cube-solver-2][DEBUG] Solving cube (l0 = filter(), l1 = natural_join(), l2 = natural_join4())
[    64.785][cube-solver-2][DEBUG] Solving cube (l0 = filter(), l1 = natural_join3(), l2 = filter())
[    64.789][cube-solver-2][DEBUG] Solving cube (l0 = filter(), l1 = natural_join3(), l2 = anti_join())
[    64.793][cube-solver-2][DEBUG] Solving cube (l0 = filter(), l1 = natural_join3(), l2 = left_join())
[    64.796][cube-solver-2][DEBUG] Solving cube (l0 = filter(), l1 = natural_join3(), l2 = union())
[    64.800][cube-solver-2][DEBUG] Solving cube (l0 = filter(), l1 = natural_join3(), l2 = intersect())
[    64.803][cube-solver-2][DEBUG] Solving cube (l0 = filter(), l1 = natural_join3(), l2 = semi_join())
[    64.807][cube-solver-2][DEBUG] Solving cube (l0 = filter(), l1 = natural_join3(), l2 = cross_join())
[    64.811][cube-solver-2][DEBUG] Solving cube (l0 = filter(), l1 = natural_join3(), l2 = inner_join())
[    64.814][cube-solver-2][DEBUG] Solving cube (l0 = filter(), l1 = natural_join3(), l2 = natural_join())
[    64.818][cube-solver-2][DEBUG] Solving cube (l0 = filter(), l1 = natural_join3(), l2 = natural_join3())
[    64.821][cube-solver-2][DEBUG] Solving cube (l0 = filter(), l1 = natural_join3(), l2 = natural_join4())
[    64.825][cube-solver-2][DEBUG] Solving cube (l0 = filter(), l1 = natural_join4(), l2 = filter())
[    64.829][cube-solver-2][DEBUG] Solving cube (l0 = filter(), l1 = natural_join4(), l2 = anti_join())
[    64.832][cube-solver-2][DEBUG] Solving cube (l0 = filter(), l1 = natural_join4(), l2 = left_join())
[    64.836][cube-solver-2][DEBUG] Solving cube (l0 = filter(), l1 = natural_join4(), l2 = union())
[    64.839][cube-solver-2][DEBUG] Solving cube (l0 = filter(), l1 = natural_join4(), l2 = intersect())
[    64.843][cube-solver-2][DEBUG] Solving cube (l0 = filter(), l1 = natural_join4(), l2 = semi_join())
[    64.847][cube-solver-2][DEBUG] Solving cube (l0 = filter(), l1 = natural_join4(), l2 = cross_join())
[    64.850][cube-solver-2][DEBUG] Solving cube (l0 = filter(), l1 = natural_join4(), l2 = inner_join())
[    64.854][cube-solver-2][DEBUG] Solving cube (l0 = filter(), l1 = natural_join4(), l2 = natural_join())
[    64.857][cube-solver-2][DEBUG] Solving cube (l0 = filter(), l1 = natural_join4(), l2 = natural_join3())
[    64.861][cube-solver-2][DEBUG] Solving cube (l0 = filter(), l1 = natural_join4(), l2 = natural_join4())
[    64.864][cube-solver-2][DEBUG] Solving cube (l0 = filter(), l1 = filter(), l2 = natural_join())
[    73.067][cube-solver-3][DEBUG] Solving cube (l0 = filter(), l1 = filter(), l2 = natural_join3())
[   196.907][cube-solver-6][DEBUG] Initialising process for 3 lines of code.
[   198.330][cube-solver-6][DEBUG] Solving cube (l0 = filter(), l1 = filter(), l2 = natural_join4())
[   198.337][cube-solver-6][DEBUG] Solving cube (l0 = filter(), l1 = filter(), l2 = filter())
[   203.705][cube-solver-2][DEBUG] Solving cube (l0 = filter(), l1 = filter(), l2 = anti_join())
[   351.988][cube-solver-3][DEBUG] Solving cube (l0 = filter(), l1 = filter(), l2 = left_join())
[   483.196][cube-solver-6][DEBUG] Solving cube (l0 = filter(), l1 = filter(), l2 = union())
[   513.204][cube-solver-3][DEBUG] Solving cube (l0 = filter(), l1 = filter(), l2 = intersect())
[   550.409][cube-solver-5][DEBUG] Initialising process for 3 lines of code.
[   551.513][cube-solver-5][DEBUG] Solving cube (l0 = filter(), l1 = filter(), l2 = semi_join())
[   599.952][MainProcess][INFO] Statistics:
[   599.952][MainProcess][INFO] 	Generated cubes: 127
[   599.953][MainProcess][INFO] 	Attempted programs: 9060
[   599.953][MainProcess][INFO] 		Rejected: 8764
[   599.953][MainProcess][INFO] 		Failed: 296
[   599.953][MainProcess][INFO] 	Blacklist clauses: 0
[   599.953][MainProcess][DEBUG] Printing statistics for good programs of size 1
[   599.954][MainProcess][DEBUG] 	0: Counter({'filter': 288})
[   599.954][MainProcess][DEBUG] Printing statistics for good programs of size 2
[   600.122][MainProcess][DEBUG] 	0: Counter({'filter': 197516, 'cross_join': 95745, 'inner_join': 29376, 'left_join': 288, 'union': 288, 'semi_join': 288})
[   600.203][MainProcess][DEBUG] 	1: Counter({'filter': 129441, 'cross_join': 96428, 'inner_join': 88128, 'anti_join': 6336, 'union': 864, 'left_join': 864, 'semi_join': 864, 'natural_join': 576})
[   600.203][MainProcess][DEBUG] Printing statistics for good programs of size 3
[   600.282][MainProcess][DEBUG] 	0: Counter({'filter': 405602})
[   600.356][MainProcess][DEBUG] 	1: Counter({'filter': 211019, 'natural_join': 194583})
[   600.438][MainProcess][DEBUG] 	2: Counter({'cross_join': 89395, 'inner_join': 87332, 'anti_join': 58633, 'filter': 48384, 'natural_join3': 41472, 'left_join': 27072, 'natural_join': 23040, 'union': 20073, 'semi_join': 10201})

No solution found
