[     3.602][MainProcess][INFO] Parsing specification...
[     3.608][MainProcess][WARNING] "attrs" field is deprecated. Please use "columns"
[     3.608][MainProcess][WARNING] "aggrs" field is deprecated. Please use "functions"
[     3.608][MainProcess][WARNING] "const" field is deprecated. Please use "constants"
[     3.609][MainProcess][DEBUG] Reading input files...
[     3.617][MainProcess][INFO] Inferred data types for table tests-examples/scythe/recent_posts/tables/004.csv: ['int64', 'int64', 'int64']
[     3.623][MainProcess][INFO] Inferred data types for table tests-examples/scythe/recent_posts/tables/004_o.csv: ['int64', 'int64']
[     3.661][MainProcess][DEBUG] Generating DSL...
[     7.149][MainProcess][INFO] Creating 8 processes
[     7.192][MainProcess][DEBUG] Increasing generator loc to 3
[    10.756][cube-solver-4][DEBUG] Initialising process for 3 lines of code.
[    10.786][cube-solver-6][DEBUG] Initialising process for 3 lines of code.
[    10.824][cube-solver-7][DEBUG] Initialising process for 3 lines of code.
[    10.836][cube-solver-5][DEBUG] Initialising process for 3 lines of code.
[    10.872][cube-solver-1][DEBUG] Initialising process for 2 lines of code.
[    10.881][cube-solver-3][DEBUG] Initialising process for 2 lines of code.
[    10.892][cube-solver-0][DEBUG] Initialising process for 2 lines of code.
[    10.892][cube-solver-2][DEBUG] Initialising process for 2 lines of code.
[   532.263][cube-solver-0][DEBUG] Solving cube (l0 = summarise(), l1 = filter())
[   533.775][cube-solver-2][DEBUG] Solving cube (l0 = filter(), l1 = mutate())
[   540.674][cube-solver-1][DEBUG] Solving cube (l0 = filter(), l1 = summarise([3]))
[   540.929][cube-solver-3][DEBUG] Solving cube (l0 = mutate(), l1 = filter())
[   599.928][MainProcess][INFO] Statistics:
[   599.929][MainProcess][INFO] 	Generated cubes: 8
[   599.929][MainProcess][INFO] 	Attempted programs: 0
[   599.930][MainProcess][INFO] 		Rejected: 0
[   599.930][MainProcess][INFO] 		Failed: 0
[   599.930][MainProcess][INFO] 	Blacklist clauses: 3
[   599.930][MainProcess][DEBUG] Printing statistics for good programs of size 2
[   599.942][MainProcess][DEBUG] 	0: Counter({'filter': 8030, 'mutate': 4967, 'summarise': 1429})
[   599.946][MainProcess][DEBUG] 	1: Counter({'filter': 6396, 'mutate': 5430, 'summarise': 2600})

No solution found
