[     3.491][MainProcess][INFO] Parsing specification...
[     3.497][MainProcess][DEBUG] Reading input files...
[     3.509][MainProcess][INFO] Inferred data types for table tests-examples/scythe/recent_posts/tables/006.csv: ['int64', 'int64', 'int64', 'string', 'string', 'string']
[     3.517][MainProcess][INFO] Inferred data types for table tests-examples/scythe/recent_posts/tables/006_o.csv: ['int64', 'int64', 'string', 'string']
[     3.549][MainProcess][DEBUG] Generating DSL...
[     3.609][MainProcess][INFO] Creating 8 processes
[     3.641][MainProcess][DEBUG] Increasing generator loc to 3
[     3.695][cube-solver-0][DEBUG] Initialising process for 2 lines of code.
[     3.697][cube-solver-2][DEBUG] Initialising process for 2 lines of code.
[     3.699][cube-solver-1][DEBUG] Initialising process for 2 lines of code.
[     3.703][cube-solver-4][DEBUG] Initialising process for 3 lines of code.
[     3.715][cube-solver-3][DEBUG] Initialising process for 2 lines of code.
[     3.720][cube-solver-5][DEBUG] Initialising process for 3 lines of code.
[     3.727][cube-solver-6][DEBUG] Initialising process for 3 lines of code.
[     3.730][cube-solver-7][DEBUG] Initialising process for 3 lines of code.
[     5.078][cube-solver-2][DEBUG] Solving cube (l0 = filter(), l1 = mutate())
[     5.078][cube-solver-0][DEBUG] Solving cube (l0 = summarise(), l1 = filter())
[     5.078][cube-solver-1][DEBUG] Solving cube (l0 = filter(), l1 = summarise())
[     5.087][cube-solver-3][DEBUG] Solving cube (l0 = mutate(), l1 = filter())
[     5.943][cube-solver-1][DEBUG] Initialising process for 3 lines of code.
[     6.396][cube-solver-5][DEBUG] Solving cube (l0 = natural_join(), l1 = filter(), l2 = summarise())
[     6.404][cube-solver-5][DEBUG] Solving cube (l0 = natural_join3(), l1 = filter(), l2 = summarise())
[     6.408][cube-solver-5][DEBUG] Solving cube (l0 = natural_join3(), l1 = filter(), l2 = mutate())
[     6.412][cube-solver-5][DEBUG] Solving cube (l0 = natural_join3(), l1 = mutate(), l2 = filter())
[     6.415][cube-solver-5][DEBUG] Solving cube (l0 = natural_join4(), l1 = summarise(), l2 = filter())
[     6.419][cube-solver-5][DEBUG] Solving cube (l0 = natural_join4(), l1 = filter(), l2 = summarise())
[     6.423][cube-solver-5][DEBUG] Solving cube (l0 = natural_join4(), l1 = filter(), l2 = mutate())
[     6.426][cube-solver-5][DEBUG] Solving cube (l0 = natural_join4(), l1 = mutate(), l2 = filter())
[     6.430][cube-solver-5][DEBUG] Solving cube (l0 = summarise(), l1 = natural_join(), l2 = filter())
[     6.451][cube-solver-4][DEBUG] Solving cube (l0 = natural_join(), l1 = summarise(), l2 = filter())
[     6.469][cube-solver-4][DEBUG] Solving cube (l0 = summarise(), l1 = natural_join3(), l2 = filter())
[     6.475][cube-solver-4][DEBUG] Solving cube (l0 = summarise(), l1 = natural_join4(), l2 = filter())
[     6.481][cube-solver-4][DEBUG] Solving cube (l0 = summarise(), l1 = summarise(), l2 = filter())
[     6.481][cube-solver-6][DEBUG] Solving cube (l0 = natural_join(), l1 = filter(), l2 = mutate())
[     6.488][cube-solver-4][DEBUG] Solving cube (l0 = summarise(), l1 = filter(), l2 = natural_join())
[     6.497][cube-solver-7][DEBUG] Solving cube (l0 = natural_join(), l1 = mutate(), l2 = filter())
[     6.498][cube-solver-6][DEBUG] Solving cube (l0 = summarise(), l1 = filter(), l2 = natural_join3())
[     6.514][cube-solver-7][DEBUG] Solving cube (l0 = summarise(), l1 = filter(), l2 = natural_join4())
[     6.521][cube-solver-7][DEBUG] Solving cube (l0 = summarise(), l1 = filter(), l2 = summarise())
[     6.527][cube-solver-0][DEBUG] Initialising process for 3 lines of code.
[     8.603][cube-solver-1][DEBUG] Solving cube (l0 = natural_join3(), l1 = summarise(), l2 = filter([1]))
[     8.612][cube-solver-1][DEBUG] Solving cube (l0 = summarise(), l1 = filter([1]), l2 = anti_join())
[     9.203][cube-solver-0][DEBUG] Solving cube (l0 = summarise(), l1 = filter([1]), l2 = filter([1]))
[    14.239][cube-solver-0][DEBUG] Solving cube (l0 = summarise(), l1 = filter([1]), l2 = left_join())
[    25.138][cube-solver-2][DEBUG] Initialising process for 3 lines of code.
[    27.848][cube-solver-2][DEBUG] Solving cube (l0 = summarise(), l1 = filter([2]), l2 = union())
[    89.328][cube-solver-3][DEBUG] Initialising process for 3 lines of code.
[    92.159][cube-solver-3][DEBUG] Solving cube (l0 = summarise(), l1 = filter([3]), l2 = intersect())
[   169.109][cube-solver-7][DEBUG] Solving cube (l0 = summarise(), l1 = filter([3]), l2 = semi_join())
[   187.103][cube-solver-3][DEBUG] Solving cube (l0 = summarise(), l1 = filter([3]), l2 = cross_join())
[   599.951][MainProcess][INFO] Statistics:
[   599.952][MainProcess][INFO] 	Generated cubes: 31
[   599.953][MainProcess][INFO] 	Attempted programs: 18407
[   599.953][MainProcess][INFO] 		Rejected: 692
[   599.953][MainProcess][INFO] 		Failed: 17715
[   599.953][MainProcess][INFO] 	Blacklist clauses: 3
[   599.953][MainProcess][DEBUG] Printing statistics for good programs of size 2
[   599.977][MainProcess][DEBUG] 	0: Counter({'mutate': 11760, 'filter': 2880})
[   599.983][MainProcess][DEBUG] 	1: Counter({'filter': 11760, 'mutate': 2880})
[   599.983][MainProcess][DEBUG] Printing statistics for good programs of size 3
[   600.200][MainProcess][DEBUG] 	0: Counter({'summarise': 605413})
[   600.308][MainProcess][DEBUG] 	1: Counter({'filter': 521836, 'natural_join': 83577})
[   600.421][MainProcess][DEBUG] 	2: Counter({'filter': 83577, 'natural_join': 83509, 'natural_join3': 83304, 'union': 81385, 'left_join': 80939, 'anti_join': 78639, 'semi_join': 58255, 'cross_join': 55805})

No solution found
