[     2.909][MainProcess][INFO] Parsing specification...
[     2.915][MainProcess][DEBUG] Reading input files...
[     2.926][MainProcess][INFO] Inferred data types for table tests-examples/scythe/recent_posts/tables/023.csv: ['string', 'string', 'string']
[     2.936][MainProcess][INFO] Inferred data types for table tests-examples/scythe/recent_posts/tables/023_o.csv: ['string', 'string', 'string', 'string', 'timedelta64[ns]', 'string', 'float64', 'string']
[     2.972][MainProcess][DEBUG] Generating DSL...
[     3.004][MainProcess][INFO] Creating 8 processes
[     3.060][cube-solver-0][DEBUG] Initialising process for 1 lines of code.
[     3.062][cube-solver-2][DEBUG] Initialising process for 1 lines of code.
[     3.064][cube-solver-1][DEBUG] Initialising process for 1 lines of code.
[     3.069][cube-solver-4][DEBUG] Initialising process for 1 lines of code.
[     3.074][cube-solver-3][DEBUG] Initialising process for 1 lines of code.
[     3.076][cube-solver-6][DEBUG] Initialising process for 1 lines of code.
[     3.081][cube-solver-5][DEBUG] Initialising process for 1 lines of code.
[     3.089][cube-solver-7][DEBUG] Initialising process for 1 lines of code.
[     3.383][cube-solver-2][DEBUG] Solving cube (l0 = natural_join4(),)
[     3.389][cube-solver-4][DEBUG] Solving cube (l0 = left_join(),)
[     3.389][cube-solver-2][DEBUG] Solving cube (l0 = cross_join(),)
[     3.394][cube-solver-6][DEBUG] Solving cube (l0 = intersect(),)
[     3.397][cube-solver-1][DEBUG] Solving cube (l0 = natural_join3(),)
[     3.400][cube-solver-1][DEBUG] Solving cube (l0 = inner_join(),)
[     3.403][cube-solver-0][DEBUG] Solving cube (l0 = natural_join(),)
[     3.406][MainProcess][DEBUG] Increasing generator loc to 2
[     3.407][cube-solver-0][DEBUG] Initialising process for 2 lines of code.
[     3.409][cube-solver-4][DEBUG] Initialising process for 2 lines of code.
[     3.419][cube-solver-3][DEBUG] Solving cube (l0 = anti_join(),)
[     3.421][cube-solver-3][DEBUG] Initialising process for 2 lines of code.
[     3.438][cube-solver-5][DEBUG] Solving cube (l0 = union(),)
[     3.447][cube-solver-5][DEBUG] Initialising process for 2 lines of code.
[     3.461][cube-solver-6][DEBUG] Initialising process for 2 lines of code.
[     3.466][cube-solver-7][DEBUG] Solving cube (l0 = semi_join(),)
[     3.491][cube-solver-7][DEBUG] Initialising process for 2 lines of code.
[     3.701][cube-solver-1][DEBUG] Initialising process for 2 lines of code.
[     4.116][cube-solver-6][DEBUG] Solving cube (l0 = natural_join(), l1 = semi_join())
[     4.121][cube-solver-6][DEBUG] Solving cube (l0 = natural_join(), l1 = natural_join())
[     4.123][cube-solver-6][DEBUG] Solving cube (l0 = natural_join(), l1 = natural_join3())
[     4.126][cube-solver-3][DEBUG] Solving cube (l0 = natural_join(), l1 = union())
[     4.126][cube-solver-6][DEBUG] Solving cube (l0 = natural_join(), l1 = natural_join4())
[     4.130][cube-solver-6][DEBUG] Solving cube (l0 = natural_join3(), l1 = anti_join())
[     4.130][cube-solver-3][DEBUG] Solving cube (l0 = natural_join3(), l1 = left_join())
[     4.133][cube-solver-3][DEBUG] Solving cube (l0 = natural_join3(), l1 = intersect())
[     4.133][cube-solver-6][DEBUG] Solving cube (l0 = natural_join3(), l1 = union())
[     4.133][cube-solver-4][DEBUG] Solving cube (l0 = natural_join(), l1 = left_join())
[     4.135][cube-solver-3][DEBUG] Solving cube (l0 = natural_join3(), l1 = semi_join())
[     4.136][cube-solver-6][DEBUG] Solving cube (l0 = natural_join3(), l1 = cross_join())
[     4.138][cube-solver-4][DEBUG] Solving cube (l0 = natural_join3(), l1 = inner_join())
[     4.138][cube-solver-3][DEBUG] Solving cube (l0 = natural_join3(), l1 = natural_join())
[     4.140][cube-solver-6][DEBUG] Solving cube (l0 = natural_join3(), l1 = natural_join3())
[     4.140][cube-solver-3][DEBUG] Solving cube (l0 = natural_join3(), l1 = natural_join4())
[     4.140][cube-solver-4][DEBUG] Solving cube (l0 = natural_join4(), l1 = anti_join())
[     4.143][cube-solver-6][DEBUG] Solving cube (l0 = natural_join4(), l1 = left_join())
[     4.143][cube-solver-3][DEBUG] Solving cube (l0 = natural_join4(), l1 = union())
[     4.143][cube-solver-4][DEBUG] Solving cube (l0 = natural_join4(), l1 = intersect())
[     4.145][cube-solver-6][DEBUG] Solving cube (l0 = natural_join4(), l1 = semi_join())
[     4.145][cube-solver-3][DEBUG] Solving cube (l0 = natural_join4(), l1 = cross_join())
[     4.145][cube-solver-4][DEBUG] Solving cube (l0 = natural_join4(), l1 = inner_join())
[     4.148][cube-solver-6][DEBUG] Solving cube (l0 = natural_join4(), l1 = natural_join3())
[     4.148][cube-solver-3][DEBUG] Solving cube (l0 = natural_join4(), l1 = natural_join())
[     4.148][cube-solver-4][DEBUG] Solving cube (l0 = natural_join4(), l1 = natural_join4())
[     4.150][cube-solver-6][DEBUG] Solving cube (l0 = anti_join(), l1 = natural_join())
[     4.150][cube-solver-3][DEBUG] Solving cube (l0 = anti_join(), l1 = natural_join3())
[     4.151][cube-solver-4][DEBUG] Solving cube (l0 = anti_join(), l1 = natural_join4())
[     4.153][cube-solver-3][DEBUG] Solving cube (l0 = anti_join(), l1 = anti_join())
[     4.153][cube-solver-6][DEBUG] Solving cube (l0 = anti_join(), l1 = left_join())
[     4.153][cube-solver-4][DEBUG] Solving cube (l0 = anti_join(), l1 = union())
[     4.155][cube-solver-3][DEBUG] Solving cube (l0 = anti_join(), l1 = intersect())
[     4.155][cube-solver-6][DEBUG] Solving cube (l0 = anti_join(), l1 = semi_join())
[     4.156][cube-solver-4][DEBUG] Solving cube (l0 = anti_join(), l1 = cross_join())
[     4.158][cube-solver-3][DEBUG] Solving cube (l0 = anti_join(), l1 = inner_join())
[     4.158][cube-solver-6][DEBUG] Solving cube (l0 = left_join(), l1 = natural_join())
[     4.158][cube-solver-4][DEBUG] Solving cube (l0 = left_join(), l1 = natural_join3())
[     4.160][cube-solver-3][DEBUG] Solving cube (l0 = left_join(), l1 = natural_join4())
[     4.161][cube-solver-4][DEBUG] Solving cube (l0 = left_join(), l1 = anti_join())
[     4.163][cube-solver-3][DEBUG] Solving cube (l0 = left_join(), l1 = left_join())
[     4.181][cube-solver-5][DEBUG] Solving cube (l0 = natural_join(), l1 = intersect())
[     4.188][cube-solver-5][DEBUG] Solving cube (l0 = left_join(), l1 = union())
[     4.190][cube-solver-6][DEBUG] Solving cube (l0 = left_join(), l1 = intersect())
[     4.191][cube-solver-0][DEBUG] Solving cube (l0 = natural_join(), l1 = anti_join())
[     4.196][cube-solver-0][DEBUG] Solving cube (l0 = left_join(), l1 = semi_join())
[     4.210][cube-solver-3][DEBUG] Solving cube (l0 = left_join(), l1 = cross_join())
[     4.233][cube-solver-5][DEBUG] Solving cube (l0 = left_join(), l1 = inner_join())
[     4.234][cube-solver-7][DEBUG] Solving cube (l0 = natural_join(), l1 = cross_join())
[     4.238][cube-solver-7][DEBUG] Solving cube (l0 = union(), l1 = natural_join())
[     4.242][cube-solver-0][DEBUG] Solving cube (l0 = union(), l1 = natural_join3())
[     4.245][cube-solver-0][DEBUG] Solving cube (l0 = union(), l1 = natural_join4())
[     4.247][cube-solver-0][DEBUG] Solving cube (l0 = union(), l1 = anti_join())
[     4.265][cube-solver-7][DEBUG] Solving cube (l0 = union(), l1 = left_join())
[     4.302][cube-solver-7][DEBUG] Solving cube (l0 = union(), l1 = union())
[     4.332][cube-solver-4][DEBUG] Solving cube (l0 = union(), l1 = intersect())
[     4.333][cube-solver-7][DEBUG] Solving cube (l0 = union(), l1 = semi_join())
[     4.367][cube-solver-7][DEBUG] Solving cube (l0 = union(), l1 = cross_join())
[     4.372][cube-solver-6][DEBUG] Solving cube (l0 = union(), l1 = inner_join())
[     4.392][cube-solver-0][DEBUG] Solving cube (l0 = intersect(), l1 = natural_join())
[     4.410][cube-solver-1][DEBUG] Solving cube (l0 = natural_join(), l1 = inner_join())
[     4.416][cube-solver-1][DEBUG] Solving cube (l0 = intersect(), l1 = natural_join3())
[     4.419][cube-solver-1][DEBUG] Solving cube (l0 = intersect(), l1 = natural_join4())
[     4.424][cube-solver-1][DEBUG] Solving cube (l0 = intersect(), l1 = anti_join())
[     4.523][cube-solver-0][DEBUG] Solving cube (l0 = intersect(), l1 = left_join())
[     4.614][cube-solver-4][DEBUG] Solving cube (l0 = intersect(), l1 = union())
[     4.695][cube-solver-0][DEBUG] Solving cube (l0 = intersect(), l1 = intersect())
[     4.768][cube-solver-4][DEBUG] Solving cube (l0 = intersect(), l1 = semi_join())
[     4.921][cube-solver-4][DEBUG] Solving cube (l0 = intersect(), l1 = cross_join())
[     5.231][cube-solver-1][DEBUG] Solving cube (l0 = intersect(), l1 = inner_join())
[     5.500][cube-solver-0][DEBUG] Solving cube (l0 = semi_join(), l1 = natural_join())
[     5.524][cube-solver-0][DEBUG] Solving cube (l0 = semi_join(), l1 = natural_join3())
[     5.527][cube-solver-0][DEBUG] Solving cube (l0 = semi_join(), l1 = natural_join4())
[     5.529][cube-solver-0][DEBUG] Solving cube (l0 = semi_join(), l1 = anti_join())
[     5.668][cube-solver-0][DEBUG] Solving cube (l0 = semi_join(), l1 = left_join())
[     5.703][cube-solver-0][DEBUG] Solving cube (l0 = semi_join(), l1 = union())
[     5.731][cube-solver-6][DEBUG] Solving cube (l0 = semi_join(), l1 = intersect())
[     5.734][cube-solver-0][DEBUG] Solving cube (l0 = semi_join(), l1 = semi_join())
[     5.770][cube-solver-0][DEBUG] Solving cube (l0 = semi_join(), l1 = cross_join([1]))
[     5.803][cube-solver-5][DEBUG] Solving cube (l0 = semi_join(), l1 = inner_join())
[     5.864][cube-solver-6][DEBUG] Solving cube (l0 = cross_join([1]), l1 = natural_join())
[     7.184][cube-solver-5][DEBUG] Solving cube (l0 = cross_join([1]), l1 = natural_join3())
[     7.188][cube-solver-5][DEBUG] Solving cube (l0 = cross_join([1]), l1 = natural_join4())
[     7.191][cube-solver-5][DEBUG] Solving cube (l0 = cross_join([1]), l1 = anti_join())
[     8.560][cube-solver-2][DEBUG] Initialising process for 2 lines of code.
[     9.254][cube-solver-2][DEBUG] Solving cube (l0 = cross_join([1]), l1 = left_join())
[    11.848][cube-solver-1][DEBUG] Solving cube (l0 = cross_join([1]), l1 = union())
[    20.515][cube-solver-6][DEBUG] Solving cube (l0 = cross_join([1]), l1 = intersect())
[    24.897][cube-solver-7][DEBUG] Solving cube (l0 = cross_join([1]), l1 = semi_join())
[    26.777][cube-solver-3][DEBUG] Solving cube (l0 = cross_join([1]), l1 = cross_join([1]))
[    28.272][cube-solver-0][DEBUG] Solving cube (l0 = cross_join([1]), l1 = inner_join())
[    34.800][cube-solver-2][DEBUG] Solving cube (l0 = inner_join(), l1 = natural_join())
[    34.913][cube-solver-1][DEBUG] Solving cube (l0 = inner_join(), l1 = natural_join3())
[    34.916][cube-solver-1][DEBUG] Solving cube (l0 = inner_join(), l1 = natural_join4())
[    34.918][cube-solver-1][DEBUG] Solving cube (l0 = inner_join(), l1 = anti_join())
[    35.741][cube-solver-2][DEBUG] Solving cube (l0 = inner_join(), l1 = left_join())
[    37.316][cube-solver-2][DEBUG] Solving cube (l0 = inner_join(), l1 = union())
[    38.646][cube-solver-2][DEBUG] Solving cube (l0 = inner_join(), l1 = intersect())
[    41.072][cube-solver-1][DEBUG] Solving cube (l0 = inner_join(), l1 = semi_join())
[    42.498][cube-solver-1][DEBUG] Solving cube (l0 = inner_join(), l1 = cross_join([1]))
[    45.522][cube-solver-2][DEBUG] Solving cube (l0 = inner_join(), l1 = inner_join())
[    49.319][MainProcess][DEBUG] Increasing generator loc to 3
[    49.324][cube-solver-7][DEBUG] Initialising process for 3 lines of code.
[    50.399][cube-solver-7][DEBUG] Solving cube (l0 = natural_join(), l1 = anti_join(), l2 = natural_join())
[    50.405][cube-solver-7][DEBUG] Solving cube (l0 = natural_join(), l1 = anti_join(), l2 = natural_join3())
[    50.408][cube-solver-7][DEBUG] Solving cube (l0 = natural_join(), l1 = anti_join(), l2 = natural_join4())
[    50.411][cube-solver-7][DEBUG] Solving cube (l0 = natural_join(), l1 = anti_join(), l2 = anti_join())
[    50.415][cube-solver-7][DEBUG] Solving cube (l0 = natural_join(), l1 = anti_join(), l2 = left_join())
[    50.418][cube-solver-7][DEBUG] Solving cube (l0 = natural_join(), l1 = anti_join(), l2 = union())
[    50.421][cube-solver-7][DEBUG] Solving cube (l0 = natural_join(), l1 = anti_join(), l2 = intersect())
[    50.424][cube-solver-7][DEBUG] Solving cube (l0 = natural_join(), l1 = anti_join(), l2 = semi_join())
[    50.427][cube-solver-7][DEBUG] Solving cube (l0 = natural_join(), l1 = anti_join(), l2 = cross_join([1]))
[    50.431][cube-solver-7][DEBUG] Solving cube (l0 = natural_join(), l1 = anti_join(), l2 = inner_join())
[    50.435][cube-solver-7][DEBUG] Solving cube (l0 = natural_join(), l1 = left_join(), l2 = natural_join())
[    50.438][cube-solver-7][DEBUG] Solving cube (l0 = natural_join(), l1 = left_join(), l2 = natural_join3())
[    50.441][cube-solver-7][DEBUG] Solving cube (l0 = natural_join(), l1 = left_join(), l2 = natural_join4())
[    50.444][cube-solver-7][DEBUG] Solving cube (l0 = natural_join(), l1 = left_join(), l2 = anti_join())
[    50.447][cube-solver-7][DEBUG] Solving cube (l0 = natural_join(), l1 = left_join(), l2 = left_join())
[    50.450][cube-solver-7][DEBUG] Solving cube (l0 = natural_join(), l1 = left_join(), l2 = union())
[    50.453][cube-solver-7][DEBUG] Solving cube (l0 = natural_join(), l1 = left_join(), l2 = intersect())
[    50.456][cube-solver-7][DEBUG] Solving cube (l0 = natural_join(), l1 = left_join(), l2 = semi_join())
[    50.460][cube-solver-7][DEBUG] Solving cube (l0 = natural_join(), l1 = left_join(), l2 = cross_join([1]))
[    50.464][cube-solver-7][DEBUG] Solving cube (l0 = natural_join(), l1 = left_join(), l2 = inner_join())
[    50.467][cube-solver-7][DEBUG] Solving cube (l0 = natural_join(), l1 = union(), l2 = natural_join())
[    50.470][cube-solver-7][DEBUG] Solving cube (l0 = natural_join(), l1 = union(), l2 = natural_join3())
[    50.473][cube-solver-7][DEBUG] Solving cube (l0 = natural_join(), l1 = union(), l2 = natural_join4())
[    50.476][cube-solver-7][DEBUG] Solving cube (l0 = natural_join(), l1 = union(), l2 = anti_join())
[    50.479][cube-solver-7][DEBUG] Solving cube (l0 = natural_join(), l1 = union(), l2 = left_join())
[    50.482][cube-solver-7][DEBUG] Solving cube (l0 = natural_join(), l1 = union(), l2 = union())
[    50.485][cube-solver-7][DEBUG] Solving cube (l0 = natural_join(), l1 = union(), l2 = intersect())
[    50.488][cube-solver-7][DEBUG] Solving cube (l0 = natural_join(), l1 = union(), l2 = semi_join())
[    50.491][cube-solver-7][DEBUG] Solving cube (l0 = natural_join(), l1 = union(), l2 = cross_join([1]))
[    50.495][cube-solver-7][DEBUG] Solving cube (l0 = natural_join(), l1 = union(), l2 = inner_join())
[    50.498][cube-solver-7][DEBUG] Solving cube (l0 = natural_join(), l1 = intersect(), l2 = natural_join())
[    50.501][cube-solver-7][DEBUG] Solving cube (l0 = natural_join(), l1 = intersect(), l2 = natural_join3())
[    50.504][cube-solver-7][DEBUG] Solving cube (l0 = natural_join(), l1 = intersect(), l2 = natural_join4())
[    50.507][cube-solver-7][DEBUG] Solving cube (l0 = natural_join(), l1 = intersect(), l2 = anti_join())
[    50.511][cube-solver-7][DEBUG] Solving cube (l0 = natural_join(), l1 = intersect(), l2 = left_join())
[    50.514][cube-solver-7][DEBUG] Solving cube (l0 = natural_join(), l1 = intersect(), l2 = union())
[    50.517][cube-solver-7][DEBUG] Solving cube (l0 = natural_join(), l1 = intersect(), l2 = intersect())
[    50.520][cube-solver-7][DEBUG] Solving cube (l0 = natural_join(), l1 = intersect(), l2 = semi_join())
[    50.523][cube-solver-7][DEBUG] Solving cube (l0 = natural_join(), l1 = intersect(), l2 = cross_join([1]))
[    50.527][cube-solver-7][DEBUG] Solving cube (l0 = natural_join(), l1 = intersect(), l2 = inner_join())
[    50.530][cube-solver-7][DEBUG] Solving cube (l0 = natural_join(), l1 = semi_join(), l2 = natural_join())
[    50.533][cube-solver-7][DEBUG] Solving cube (l0 = natural_join(), l1 = semi_join(), l2 = natural_join3())
[    50.536][cube-solver-7][DEBUG] Solving cube (l0 = natural_join(), l1 = semi_join(), l2 = natural_join4())
[    50.539][cube-solver-7][DEBUG] Solving cube (l0 = natural_join(), l1 = semi_join(), l2 = anti_join())
[    50.542][cube-solver-7][DEBUG] Solving cube (l0 = natural_join(), l1 = semi_join(), l2 = left_join())
[    50.545][cube-solver-7][DEBUG] Solving cube (l0 = natural_join(), l1 = semi_join(), l2 = union())
[    50.548][cube-solver-7][DEBUG] Solving cube (l0 = natural_join(), l1 = semi_join(), l2 = intersect())
[    50.552][cube-solver-7][DEBUG] Solving cube (l0 = natural_join(), l1 = semi_join(), l2 = semi_join())
[    50.555][cube-solver-7][DEBUG] Solving cube (l0 = natural_join(), l1 = semi_join(), l2 = cross_join([1]))
[    50.559][cube-solver-7][DEBUG] Solving cube (l0 = natural_join(), l1 = semi_join(), l2 = inner_join())
[    50.562][cube-solver-7][DEBUG] Solving cube (l0 = natural_join(), l1 = cross_join([1]), l2 = natural_join())
[    50.566][cube-solver-7][DEBUG] Solving cube (l0 = natural_join(), l1 = cross_join([1]), l2 = natural_join3())
[    50.570][cube-solver-7][DEBUG] Solving cube (l0 = natural_join(), l1 = cross_join([1]), l2 = natural_join4())
[    50.574][cube-solver-7][DEBUG] Solving cube (l0 = natural_join(), l1 = cross_join([1]), l2 = anti_join())
[    50.578][cube-solver-7][DEBUG] Solving cube (l0 = natural_join(), l1 = cross_join([1]), l2 = left_join())
[    50.583][cube-solver-7][DEBUG] Solving cube (l0 = natural_join(), l1 = cross_join([1]), l2 = union())
[    50.587][cube-solver-7][DEBUG] Solving cube (l0 = natural_join(), l1 = cross_join([1]), l2 = intersect())
[    50.591][cube-solver-7][DEBUG] Solving cube (l0 = natural_join(), l1 = cross_join([1]), l2 = semi_join())
[    50.595][cube-solver-7][DEBUG] Solving cube (l0 = natural_join(), l1 = cross_join([1]), l2 = cross_join([1]))
[    50.600][cube-solver-7][DEBUG] Solving cube (l0 = natural_join(), l1 = cross_join([1]), l2 = inner_join())
[    50.604][cube-solver-7][DEBUG] Solving cube (l0 = natural_join(), l1 = inner_join(), l2 = natural_join())
[    50.607][cube-solver-7][DEBUG] Solving cube (l0 = natural_join(), l1 = inner_join(), l2 = natural_join3())
[    50.610][cube-solver-7][DEBUG] Solving cube (l0 = natural_join(), l1 = inner_join(), l2 = natural_join4())
[    50.613][cube-solver-7][DEBUG] Solving cube (l0 = natural_join(), l1 = inner_join(), l2 = anti_join())
[    50.616][cube-solver-7][DEBUG] Solving cube (l0 = natural_join(), l1 = inner_join(), l2 = left_join())
[    50.619][cube-solver-7][DEBUG] Solving cube (l0 = natural_join(), l1 = inner_join(), l2 = union())
[    50.622][cube-solver-7][DEBUG] Solving cube (l0 = natural_join(), l1 = inner_join(), l2 = intersect())
[    50.625][cube-solver-7][DEBUG] Solving cube (l0 = natural_join(), l1 = inner_join(), l2 = semi_join())
[    50.628][cube-solver-7][DEBUG] Solving cube (l0 = natural_join(), l1 = inner_join(), l2 = cross_join([1]))
[    50.632][cube-solver-7][DEBUG] Solving cube (l0 = natural_join(), l1 = inner_join(), l2 = inner_join())
[    50.635][cube-solver-7][DEBUG] Solving cube (l0 = natural_join(), l1 = natural_join(), l2 = anti_join())
[    50.639][cube-solver-7][DEBUG] Solving cube (l0 = natural_join(), l1 = natural_join(), l2 = left_join())
[    50.642][cube-solver-7][DEBUG] Solving cube (l0 = natural_join(), l1 = natural_join(), l2 = union())
[    50.645][cube-solver-7][DEBUG] Solving cube (l0 = natural_join(), l1 = natural_join(), l2 = intersect())
[    50.648][cube-solver-7][DEBUG] Solving cube (l0 = natural_join(), l1 = natural_join(), l2 = semi_join())
[    50.651][cube-solver-7][DEBUG] Solving cube (l0 = natural_join(), l1 = natural_join(), l2 = cross_join([1]))
[    50.655][cube-solver-7][DEBUG] Solving cube (l0 = natural_join(), l1 = natural_join(), l2 = inner_join())
[    50.658][cube-solver-7][DEBUG] Solving cube (l0 = natural_join(), l1 = natural_join(), l2 = natural_join())
[    50.661][cube-solver-7][DEBUG] Solving cube (l0 = natural_join(), l1 = natural_join(), l2 = natural_join3())
[    50.664][cube-solver-7][DEBUG] Solving cube (l0 = natural_join(), l1 = natural_join(), l2 = natural_join4())
[    50.668][cube-solver-7][DEBUG] Solving cube (l0 = natural_join(), l1 = natural_join3(), l2 = anti_join())
[    50.671][cube-solver-7][DEBUG] Solving cube (l0 = natural_join(), l1 = natural_join3(), l2 = left_join())
[    50.674][cube-solver-7][DEBUG] Solving cube (l0 = natural_join(), l1 = natural_join3(), l2 = union())
[    50.677][cube-solver-7][DEBUG] Solving cube (l0 = natural_join(), l1 = natural_join3(), l2 = intersect())
[    50.680][cube-solver-7][DEBUG] Solving cube (l0 = natural_join(), l1 = natural_join3(), l2 = semi_join())
[    50.683][cube-solver-7][DEBUG] Solving cube (l0 = natural_join(), l1 = natural_join3(), l2 = cross_join([1]))
[    50.687][cube-solver-7][DEBUG] Solving cube (l0 = natural_join(), l1 = natural_join3(), l2 = inner_join())
[    50.690][cube-solver-7][DEBUG] Solving cube (l0 = natural_join(), l1 = natural_join3(), l2 = natural_join())
[    50.693][cube-solver-7][DEBUG] Solving cube (l0 = natural_join(), l1 = natural_join3(), l2 = natural_join3())
[    50.696][cube-solver-7][DEBUG] Solving cube (l0 = natural_join(), l1 = natural_join3(), l2 = natural_join4())
[    50.699][cube-solver-7][DEBUG] Solving cube (l0 = natural_join(), l1 = natural_join4(), l2 = anti_join())
[    50.702][cube-solver-7][DEBUG] Solving cube (l0 = natural_join(), l1 = natural_join4(), l2 = left_join())
[    50.706][cube-solver-7][DEBUG] Solving cube (l0 = natural_join(), l1 = natural_join4(), l2 = union())
[    50.709][cube-solver-7][DEBUG] Solving cube (l0 = natural_join(), l1 = natural_join4(), l2 = intersect())
[    50.712][cube-solver-7][DEBUG] Solving cube (l0 = natural_join(), l1 = natural_join4(), l2 = semi_join())
[    50.715][cube-solver-7][DEBUG] Solving cube (l0 = natural_join(), l1 = natural_join4(), l2 = cross_join([1]))
[    50.719][cube-solver-7][DEBUG] Solving cube (l0 = natural_join(), l1 = natural_join4(), l2 = inner_join())
[    50.722][cube-solver-7][DEBUG] Solving cube (l0 = natural_join(), l1 = natural_join4(), l2 = natural_join())
[    50.725][cube-solver-7][DEBUG] Solving cube (l0 = natural_join(), l1 = natural_join4(), l2 = natural_join3())
[    50.728][cube-solver-7][DEBUG] Solving cube (l0 = natural_join(), l1 = natural_join4(), l2 = natural_join4())
[    50.731][cube-solver-7][DEBUG] Solving cube (l0 = natural_join3(), l1 = anti_join(), l2 = natural_join())
[    50.735][cube-solver-7][DEBUG] Solving cube (l0 = natural_join3(), l1 = anti_join(), l2 = natural_join3())
[    50.738][cube-solver-7][DEBUG] Solving cube (l0 = natural_join3(), l1 = anti_join(), l2 = natural_join4())
[    50.741][cube-solver-7][DEBUG] Solving cube (l0 = natural_join3(), l1 = anti_join(), l2 = anti_join())
[    50.744][cube-solver-7][DEBUG] Solving cube (l0 = natural_join3(), l1 = anti_join(), l2 = left_join())
[    50.748][cube-solver-7][DEBUG] Solving cube (l0 = natural_join3(), l1 = anti_join(), l2 = union())
[    50.751][cube-solver-7][DEBUG] Solving cube (l0 = natural_join3(), l1 = anti_join(), l2 = intersect())
[    50.754][cube-solver-7][DEBUG] Solving cube (l0 = natural_join3(), l1 = anti_join(), l2 = semi_join())
[    50.758][cube-solver-7][DEBUG] Solving cube (l0 = natural_join3(), l1 = anti_join(), l2 = cross_join([1]))
[    50.762][cube-solver-7][DEBUG] Solving cube (l0 = natural_join3(), l1 = anti_join(), l2 = inner_join())
[    50.765][cube-solver-7][DEBUG] Solving cube (l0 = natural_join3(), l1 = left_join(), l2 = natural_join())
[    50.768][cube-solver-7][DEBUG] Solving cube (l0 = natural_join3(), l1 = left_join(), l2 = natural_join3())
[    50.772][cube-solver-7][DEBUG] Solving cube (l0 = natural_join3(), l1 = left_join(), l2 = natural_join4())
[    50.775][cube-solver-7][DEBUG] Solving cube (l0 = natural_join3(), l1 = left_join(), l2 = anti_join())
[    50.779][cube-solver-7][DEBUG] Solving cube (l0 = natural_join3(), l1 = left_join(), l2 = left_join())
[    50.782][cube-solver-7][DEBUG] Solving cube (l0 = natural_join3(), l1 = left_join(), l2 = union())
[    50.785][cube-solver-7][DEBUG] Solving cube (l0 = natural_join3(), l1 = left_join(), l2 = intersect())
[    50.788][cube-solver-7][DEBUG] Solving cube (l0 = natural_join3(), l1 = left_join(), l2 = semi_join())
[    50.792][cube-solver-7][DEBUG] Solving cube (l0 = natural_join3(), l1 = left_join(), l2 = cross_join([1]))
[    50.796][cube-solver-7][DEBUG] Solving cube (l0 = natural_join3(), l1 = left_join(), l2 = inner_join())
[    50.799][cube-solver-7][DEBUG] Solving cube (l0 = natural_join3(), l1 = union(), l2 = natural_join())
[    50.803][cube-solver-7][DEBUG] Solving cube (l0 = natural_join3(), l1 = union(), l2 = natural_join3())
[    50.806][cube-solver-7][DEBUG] Solving cube (l0 = natural_join3(), l1 = union(), l2 = natural_join4())
[    50.809][cube-solver-7][DEBUG] Solving cube (l0 = natural_join3(), l1 = union(), l2 = anti_join())
[    50.812][cube-solver-7][DEBUG] Solving cube (l0 = natural_join3(), l1 = union(), l2 = left_join())
[    50.816][cube-solver-7][DEBUG] Solving cube (l0 = natural_join3(), l1 = union(), l2 = union())
[    50.819][cube-solver-7][DEBUG] Solving cube (l0 = natural_join3(), l1 = union(), l2 = intersect())
[    50.822][cube-solver-7][DEBUG] Solving cube (l0 = natural_join3(), l1 = union(), l2 = semi_join())
[    50.826][cube-solver-7][DEBUG] Solving cube (l0 = natural_join3(), l1 = union(), l2 = cross_join([1]))
[    50.830][cube-solver-7][DEBUG] Solving cube (l0 = natural_join3(), l1 = union(), l2 = inner_join())
[    50.833][cube-solver-7][DEBUG] Solving cube (l0 = natural_join3(), l1 = intersect(), l2 = natural_join())
[    50.837][cube-solver-7][DEBUG] Solving cube (l0 = natural_join3(), l1 = intersect(), l2 = natural_join3())
[    50.840][cube-solver-7][DEBUG] Solving cube (l0 = natural_join3(), l1 = intersect(), l2 = natural_join4())
[    50.843][cube-solver-7][DEBUG] Solving cube (l0 = natural_join3(), l1 = intersect(), l2 = anti_join())
[    50.847][cube-solver-7][DEBUG] Solving cube (l0 = natural_join3(), l1 = intersect(), l2 = left_join())
[    50.850][cube-solver-7][DEBUG] Solving cube (l0 = natural_join3(), l1 = intersect(), l2 = union())
[    50.853][cube-solver-7][DEBUG] Solving cube (l0 = natural_join3(), l1 = intersect(), l2 = intersect())
[    50.856][cube-solver-7][DEBUG] Solving cube (l0 = natural_join3(), l1 = intersect(), l2 = semi_join())
[    50.860][cube-solver-7][DEBUG] Solving cube (l0 = natural_join3(), l1 = intersect(), l2 = cross_join([1]))
[    50.864][cube-solver-7][DEBUG] Solving cube (l0 = natural_join3(), l1 = intersect(), l2 = inner_join())
[    50.867][cube-solver-7][DEBUG] Solving cube (l0 = natural_join3(), l1 = semi_join(), l2 = natural_join())
[    50.871][cube-solver-7][DEBUG] Solving cube (l0 = natural_join3(), l1 = semi_join(), l2 = natural_join3())
[    50.874][cube-solver-7][DEBUG] Solving cube (l0 = natural_join3(), l1 = semi_join(), l2 = natural_join4())
[    50.877][cube-solver-7][DEBUG] Solving cube (l0 = natural_join3(), l1 = semi_join(), l2 = anti_join())
[    50.881][cube-solver-7][DEBUG] Solving cube (l0 = natural_join3(), l1 = semi_join(), l2 = left_join())
[    50.884][cube-solver-7][DEBUG] Solving cube (l0 = natural_join3(), l1 = semi_join(), l2 = union())
[    50.887][cube-solver-7][DEBUG] Solving cube (l0 = natural_join3(), l1 = semi_join(), l2 = intersect())
[    50.890][cube-solver-7][DEBUG] Solving cube (l0 = natural_join3(), l1 = semi_join(), l2 = semi_join())
[    50.894][cube-solver-7][DEBUG] Solving cube (l0 = natural_join3(), l1 = semi_join(), l2 = cross_join([1]))
[    50.898][cube-solver-7][DEBUG] Solving cube (l0 = natural_join3(), l1 = semi_join(), l2 = inner_join())
[    50.901][cube-solver-7][DEBUG] Solving cube (l0 = natural_join3(), l1 = cross_join([1]), l2 = natural_join())
[    50.906][cube-solver-7][DEBUG] Solving cube (l0 = natural_join3(), l1 = cross_join([1]), l2 = natural_join3())
[    50.910][cube-solver-7][DEBUG] Solving cube (l0 = natural_join3(), l1 = cross_join([1]), l2 = natural_join4())
[    50.914][cube-solver-7][DEBUG] Solving cube (l0 = natural_join3(), l1 = cross_join([1]), l2 = anti_join())
[    50.918][cube-solver-7][DEBUG] Solving cube (l0 = natural_join3(), l1 = cross_join([1]), l2 = left_join())
[    50.923][cube-solver-7][DEBUG] Solving cube (l0 = natural_join3(), l1 = cross_join([1]), l2 = union())
[    50.928][cube-solver-7][DEBUG] Solving cube (l0 = natural_join3(), l1 = cross_join([1]), l2 = intersect())
[    50.932][cube-solver-7][DEBUG] Solving cube (l0 = natural_join3(), l1 = cross_join([1]), l2 = semi_join())
[    50.936][cube-solver-7][DEBUG] Solving cube (l0 = natural_join3(), l1 = cross_join([1]), l2 = cross_join([1]))
[    50.942][cube-solver-7][DEBUG] Solving cube (l0 = natural_join3(), l1 = cross_join([1]), l2 = inner_join())
[    50.946][cube-solver-7][DEBUG] Solving cube (l0 = natural_join3(), l1 = inner_join(), l2 = natural_join())
[    50.949][cube-solver-7][DEBUG] Solving cube (l0 = natural_join3(), l1 = inner_join(), l2 = natural_join3())
[    50.953][cube-solver-7][DEBUG] Solving cube (l0 = natural_join3(), l1 = inner_join(), l2 = natural_join4())
[    50.956][cube-solver-7][DEBUG] Solving cube (l0 = natural_join3(), l1 = inner_join(), l2 = anti_join())
[    50.959][cube-solver-7][DEBUG] Solving cube (l0 = natural_join3(), l1 = inner_join(), l2 = left_join())
[    50.963][cube-solver-7][DEBUG] Solving cube (l0 = natural_join3(), l1 = inner_join(), l2 = union())
[    50.966][cube-solver-7][DEBUG] Solving cube (l0 = natural_join3(), l1 = inner_join(), l2 = intersect())
[    50.969][cube-solver-7][DEBUG] Solving cube (l0 = natural_join3(), l1 = inner_join(), l2 = semi_join())
[    50.973][cube-solver-7][DEBUG] Solving cube (l0 = natural_join3(), l1 = inner_join(), l2 = cross_join([1]))
[    50.977][cube-solver-7][DEBUG] Solving cube (l0 = natural_join3(), l1 = inner_join(), l2 = inner_join())
[    50.980][cube-solver-7][DEBUG] Solving cube (l0 = natural_join3(), l1 = natural_join(), l2 = anti_join())
[    50.983][cube-solver-7][DEBUG] Solving cube (l0 = natural_join3(), l1 = natural_join(), l2 = left_join())
[    50.987][cube-solver-7][DEBUG] Solving cube (l0 = natural_join3(), l1 = natural_join(), l2 = union())
[    50.990][cube-solver-7][DEBUG] Solving cube (l0 = natural_join3(), l1 = natural_join(), l2 = intersect())
[    50.993][cube-solver-7][DEBUG] Solving cube (l0 = natural_join3(), l1 = natural_join(), l2 = semi_join())
[    50.997][cube-solver-7][DEBUG] Solving cube (l0 = natural_join3(), l1 = natural_join(), l2 = cross_join([1]))
[    51.001][cube-solver-7][DEBUG] Solving cube (l0 = natural_join3(), l1 = natural_join(), l2 = inner_join())
[    51.004][cube-solver-7][DEBUG] Solving cube (l0 = natural_join3(), l1 = natural_join(), l2 = natural_join())
[    51.008][cube-solver-7][DEBUG] Solving cube (l0 = natural_join3(), l1 = natural_join(), l2 = natural_join3())
[    51.011][cube-solver-7][DEBUG] Solving cube (l0 = natural_join3(), l1 = natural_join(), l2 = natural_join4())
[    51.014][cube-solver-7][DEBUG] Solving cube (l0 = natural_join3(), l1 = natural_join3(), l2 = anti_join())
[    51.017][cube-solver-7][DEBUG] Solving cube (l0 = natural_join3(), l1 = natural_join3(), l2 = left_join())
[    51.021][cube-solver-7][DEBUG] Solving cube (l0 = natural_join3(), l1 = natural_join3(), l2 = union())
[    51.024][cube-solver-7][DEBUG] Solving cube (l0 = natural_join3(), l1 = natural_join3(), l2 = intersect())
[    51.027][cube-solver-7][DEBUG] Solving cube (l0 = natural_join3(), l1 = natural_join3(), l2 = semi_join())
[    51.031][cube-solver-7][DEBUG] Solving cube (l0 = natural_join3(), l1 = natural_join3(), l2 = cross_join([1]))
[    51.035][cube-solver-7][DEBUG] Solving cube (l0 = natural_join3(), l1 = natural_join3(), l2 = inner_join())
[    51.038][cube-solver-7][DEBUG] Solving cube (l0 = natural_join3(), l1 = natural_join3(), l2 = natural_join())
[    51.042][cube-solver-7][DEBUG] Solving cube (l0 = natural_join3(), l1 = natural_join3(), l2 = natural_join3())
[    51.045][cube-solver-7][DEBUG] Solving cube (l0 = natural_join3(), l1 = natural_join3(), l2 = natural_join4())
[    51.048][cube-solver-7][DEBUG] Solving cube (l0 = natural_join3(), l1 = natural_join4(), l2 = anti_join())
[    51.052][cube-solver-7][DEBUG] Solving cube (l0 = natural_join3(), l1 = natural_join4(), l2 = left_join())
[    51.055][cube-solver-7][DEBUG] Solving cube (l0 = natural_join3(), l1 = natural_join4(), l2 = union())
[    51.058][cube-solver-7][DEBUG] Solving cube (l0 = natural_join3(), l1 = natural_join4(), l2 = intersect())
[    51.061][cube-solver-7][DEBUG] Solving cube (l0 = natural_join3(), l1 = natural_join4(), l2 = semi_join())
[    51.065][cube-solver-7][DEBUG] Solving cube (l0 = natural_join3(), l1 = natural_join4(), l2 = cross_join([1]))
[    51.069][cube-solver-7][DEBUG] Solving cube (l0 = natural_join3(), l1 = natural_join4(), l2 = inner_join())
[    51.072][cube-solver-7][DEBUG] Solving cube (l0 = natural_join3(), l1 = natural_join4(), l2 = natural_join())
[    51.076][cube-solver-7][DEBUG] Solving cube (l0 = natural_join3(), l1 = natural_join4(), l2 = natural_join3())
[    51.079][cube-solver-7][DEBUG] Solving cube (l0 = natural_join3(), l1 = natural_join4(), l2 = natural_join4())
[    51.082][cube-solver-7][DEBUG] Solving cube (l0 = natural_join4(), l1 = anti_join(), l2 = natural_join())
[    51.085][cube-solver-7][DEBUG] Solving cube (l0 = natural_join4(), l1 = anti_join(), l2 = natural_join3())
[    51.088][cube-solver-7][DEBUG] Solving cube (l0 = natural_join4(), l1 = anti_join(), l2 = natural_join4())
[    51.091][cube-solver-7][DEBUG] Solving cube (l0 = natural_join4(), l1 = anti_join(), l2 = anti_join())
[    51.095][cube-solver-7][DEBUG] Solving cube (l0 = natural_join4(), l1 = anti_join(), l2 = left_join())
[    51.098][cube-solver-7][DEBUG] Solving cube (l0 = natural_join4(), l1 = anti_join(), l2 = union())
[    51.101][cube-solver-7][DEBUG] Solving cube (l0 = natural_join4(), l1 = anti_join(), l2 = intersect())
[    51.104][cube-solver-7][DEBUG] Solving cube (l0 = natural_join4(), l1 = anti_join(), l2 = semi_join())
[    51.107][cube-solver-7][DEBUG] Solving cube (l0 = natural_join4(), l1 = anti_join(), l2 = cross_join([1]))
[    51.111][cube-solver-7][DEBUG] Solving cube (l0 = natural_join4(), l1 = anti_join(), l2 = inner_join())
[    51.114][cube-solver-7][DEBUG] Solving cube (l0 = natural_join4(), l1 = left_join(), l2 = natural_join())
[    51.117][cube-solver-7][DEBUG] Solving cube (l0 = natural_join4(), l1 = left_join(), l2 = natural_join3())
[    51.120][cube-solver-7][DEBUG] Solving cube (l0 = natural_join4(), l1 = left_join(), l2 = natural_join4())
[    51.123][cube-solver-7][DEBUG] Solving cube (l0 = natural_join4(), l1 = left_join(), l2 = anti_join())
[    51.126][cube-solver-7][DEBUG] Solving cube (l0 = natural_join4(), l1 = left_join(), l2 = left_join())
[    51.129][cube-solver-7][DEBUG] Solving cube (l0 = natural_join4(), l1 = left_join(), l2 = union())
[    51.132][cube-solver-7][DEBUG] Solving cube (l0 = natural_join4(), l1 = left_join(), l2 = intersect())
[    51.136][cube-solver-7][DEBUG] Solving cube (l0 = natural_join4(), l1 = left_join(), l2 = semi_join())
[    51.139][cube-solver-7][DEBUG] Solving cube (l0 = natural_join4(), l1 = left_join(), l2 = cross_join([1]))
[    51.143][cube-solver-7][DEBUG] Solving cube (l0 = natural_join4(), l1 = left_join(), l2 = inner_join())
[    51.146][cube-solver-7][DEBUG] Solving cube (l0 = natural_join4(), l1 = union(), l2 = natural_join())
[    51.149][cube-solver-7][DEBUG] Solving cube (l0 = natural_join4(), l1 = union(), l2 = natural_join3())
[    51.152][cube-solver-7][DEBUG] Solving cube (l0 = natural_join4(), l1 = union(), l2 = natural_join4())
[    51.155][cube-solver-7][DEBUG] Solving cube (l0 = natural_join4(), l1 = union(), l2 = anti_join())
[    51.158][cube-solver-7][DEBUG] Solving cube (l0 = natural_join4(), l1 = union(), l2 = left_join())
[    51.161][cube-solver-7][DEBUG] Solving cube (l0 = natural_join4(), l1 = union(), l2 = union())
[    51.164][cube-solver-7][DEBUG] Solving cube (l0 = natural_join4(), l1 = union(), l2 = intersect())
[    51.168][cube-solver-7][DEBUG] Solving cube (l0 = natural_join4(), l1 = union(), l2 = semi_join())
[    51.171][cube-solver-7][DEBUG] Solving cube (l0 = natural_join4(), l1 = union(), l2 = cross_join([1]))
[    51.175][cube-solver-7][DEBUG] Solving cube (l0 = natural_join4(), l1 = union(), l2 = inner_join())
[    51.178][cube-solver-7][DEBUG] Solving cube (l0 = natural_join4(), l1 = intersect(), l2 = natural_join())
[    51.181][cube-solver-7][DEBUG] Solving cube (l0 = natural_join4(), l1 = intersect(), l2 = natural_join3())
[    51.184][cube-solver-7][DEBUG] Solving cube (l0 = natural_join4(), l1 = intersect(), l2 = natural_join4())
[    51.187][cube-solver-7][DEBUG] Solving cube (l0 = natural_join4(), l1 = intersect(), l2 = anti_join())
[    51.190][cube-solver-7][DEBUG] Solving cube (l0 = natural_join4(), l1 = intersect(), l2 = left_join())
[    51.193][cube-solver-7][DEBUG] Solving cube (l0 = natural_join4(), l1 = intersect(), l2 = union())
[    51.196][cube-solver-7][DEBUG] Solving cube (l0 = natural_join4(), l1 = intersect(), l2 = intersect())
[    51.199][cube-solver-7][DEBUG] Solving cube (l0 = natural_join4(), l1 = intersect(), l2 = semi_join())
[    51.203][cube-solver-7][DEBUG] Solving cube (l0 = natural_join4(), l1 = intersect(), l2 = cross_join([1]))
[    51.207][cube-solver-7][DEBUG] Solving cube (l0 = natural_join4(), l1 = intersect(), l2 = inner_join())
[    51.210][cube-solver-7][DEBUG] Solving cube (l0 = natural_join4(), l1 = semi_join(), l2 = natural_join())
[    51.213][cube-solver-7][DEBUG] Solving cube (l0 = natural_join4(), l1 = semi_join(), l2 = natural_join3())
[    51.216][cube-solver-7][DEBUG] Solving cube (l0 = natural_join4(), l1 = semi_join(), l2 = natural_join4())
[    51.219][cube-solver-7][DEBUG] Solving cube (l0 = natural_join4(), l1 = semi_join(), l2 = anti_join())
[    51.222][cube-solver-7][DEBUG] Solving cube (l0 = natural_join4(), l1 = semi_join(), l2 = left_join())
[    51.225][cube-solver-7][DEBUG] Solving cube (l0 = natural_join4(), l1 = semi_join(), l2 = union())
[    51.229][cube-solver-7][DEBUG] Solving cube (l0 = natural_join4(), l1 = semi_join(), l2 = intersect())
[    51.232][cube-solver-7][DEBUG] Solving cube (l0 = natural_join4(), l1 = semi_join(), l2 = semi_join())
[    51.235][cube-solver-7][DEBUG] Solving cube (l0 = natural_join4(), l1 = semi_join(), l2 = cross_join([1]))
[    51.239][cube-solver-7][DEBUG] Solving cube (l0 = natural_join4(), l1 = semi_join(), l2 = inner_join())
[    51.242][cube-solver-7][DEBUG] Solving cube (l0 = natural_join4(), l1 = cross_join([1]), l2 = natural_join())
[    51.246][cube-solver-7][DEBUG] Solving cube (l0 = natural_join4(), l1 = cross_join([1]), l2 = natural_join3())
[    51.250][cube-solver-7][DEBUG] Solving cube (l0 = natural_join4(), l1 = cross_join([1]), l2 = natural_join4())
[    51.255][cube-solver-7][DEBUG] Solving cube (l0 = natural_join4(), l1 = cross_join([1]), l2 = anti_join())
[    51.259][cube-solver-7][DEBUG] Solving cube (l0 = natural_join4(), l1 = cross_join([1]), l2 = left_join())
[    51.263][cube-solver-7][DEBUG] Solving cube (l0 = natural_join4(), l1 = cross_join([1]), l2 = union())
[    51.267][cube-solver-7][DEBUG] Solving cube (l0 = natural_join4(), l1 = cross_join([1]), l2 = intersect())
[    51.271][cube-solver-7][DEBUG] Solving cube (l0 = natural_join4(), l1 = cross_join([1]), l2 = semi_join())
[    51.276][cube-solver-7][DEBUG] Solving cube (l0 = natural_join4(), l1 = cross_join([1]), l2 = cross_join([1]))
[    51.280][cube-solver-7][DEBUG] Solving cube (l0 = natural_join4(), l1 = cross_join([1]), l2 = inner_join())
[    51.284][cube-solver-7][DEBUG] Solving cube (l0 = natural_join4(), l1 = inner_join(), l2 = natural_join())
[    51.287][cube-solver-7][DEBUG] Solving cube (l0 = natural_join4(), l1 = inner_join(), l2 = natural_join3())
[    51.291][cube-solver-7][DEBUG] Solving cube (l0 = natural_join4(), l1 = inner_join(), l2 = natural_join4())
[    51.294][cube-solver-7][DEBUG] Solving cube (l0 = natural_join4(), l1 = inner_join(), l2 = anti_join())
[    51.297][cube-solver-7][DEBUG] Solving cube (l0 = natural_join4(), l1 = inner_join(), l2 = left_join())
[    51.300][cube-solver-7][DEBUG] Solving cube (l0 = natural_join4(), l1 = inner_join(), l2 = union())
[    51.303][cube-solver-7][DEBUG] Solving cube (l0 = natural_join4(), l1 = inner_join(), l2 = intersect())
[    51.306][cube-solver-7][DEBUG] Solving cube (l0 = natural_join4(), l1 = inner_join(), l2 = semi_join())
[    51.309][cube-solver-7][DEBUG] Solving cube (l0 = natural_join4(), l1 = inner_join(), l2 = cross_join([1]))
[    51.313][cube-solver-7][DEBUG] Solving cube (l0 = natural_join4(), l1 = inner_join(), l2 = inner_join())
[    51.316][cube-solver-7][DEBUG] Solving cube (l0 = natural_join4(), l1 = natural_join(), l2 = anti_join())
[    51.319][cube-solver-7][DEBUG] Solving cube (l0 = natural_join4(), l1 = natural_join(), l2 = left_join())
[    51.322][cube-solver-7][DEBUG] Solving cube (l0 = natural_join4(), l1 = natural_join(), l2 = union())
[    51.325][cube-solver-7][DEBUG] Solving cube (l0 = natural_join4(), l1 = natural_join(), l2 = intersect())
[    51.328][cube-solver-7][DEBUG] Solving cube (l0 = natural_join4(), l1 = natural_join(), l2 = semi_join())
[    51.332][cube-solver-7][DEBUG] Solving cube (l0 = natural_join4(), l1 = natural_join(), l2 = cross_join([1]))
[    51.336][cube-solver-7][DEBUG] Solving cube (l0 = natural_join4(), l1 = natural_join(), l2 = inner_join())
[    51.339][cube-solver-7][DEBUG] Solving cube (l0 = natural_join4(), l1 = natural_join(), l2 = natural_join())
[    51.342][cube-solver-7][DEBUG] Solving cube (l0 = natural_join4(), l1 = natural_join(), l2 = natural_join3())
[    51.345][cube-solver-7][DEBUG] Solving cube (l0 = natural_join4(), l1 = natural_join(), l2 = natural_join4())
[    51.348][cube-solver-7][DEBUG] Solving cube (l0 = natural_join4(), l1 = natural_join3(), l2 = anti_join())
[    51.351][cube-solver-7][DEBUG] Solving cube (l0 = natural_join4(), l1 = natural_join3(), l2 = left_join())
[    51.354][cube-solver-7][DEBUG] Solving cube (l0 = natural_join4(), l1 = natural_join3(), l2 = union())
[    51.357][cube-solver-7][DEBUG] Solving cube (l0 = natural_join4(), l1 = natural_join3(), l2 = intersect())
[    51.361][cube-solver-7][DEBUG] Solving cube (l0 = natural_join4(), l1 = natural_join3(), l2 = semi_join())
[    51.364][cube-solver-7][DEBUG] Solving cube (l0 = natural_join4(), l1 = natural_join3(), l2 = cross_join([1]))
[    51.368][cube-solver-7][DEBUG] Solving cube (l0 = natural_join4(), l1 = natural_join3(), l2 = inner_join())
[    51.371][cube-solver-7][DEBUG] Solving cube (l0 = natural_join4(), l1 = natural_join3(), l2 = natural_join())
[    51.374][cube-solver-7][DEBUG] Solving cube (l0 = natural_join4(), l1 = natural_join3(), l2 = natural_join3())
[    51.377][cube-solver-7][DEBUG] Solving cube (l0 = natural_join4(), l1 = natural_join3(), l2 = natural_join4())
[    51.380][cube-solver-7][DEBUG] Solving cube (l0 = natural_join4(), l1 = natural_join4(), l2 = anti_join())
[    51.383][cube-solver-7][DEBUG] Solving cube (l0 = natural_join4(), l1 = natural_join4(), l2 = left_join())
[    51.386][cube-solver-7][DEBUG] Solving cube (l0 = natural_join4(), l1 = natural_join4(), l2 = union())
[    51.389][cube-solver-7][DEBUG] Solving cube (l0 = natural_join4(), l1 = natural_join4(), l2 = intersect())
[    51.392][cube-solver-7][DEBUG] Solving cube (l0 = natural_join4(), l1 = natural_join4(), l2 = semi_join())
[    51.396][cube-solver-7][DEBUG] Solving cube (l0 = natural_join4(), l1 = natural_join4(), l2 = cross_join([1]))
[    51.400][cube-solver-7][DEBUG] Solving cube (l0 = natural_join4(), l1 = natural_join4(), l2 = inner_join())
[    51.403][cube-solver-7][DEBUG] Solving cube (l0 = natural_join4(), l1 = natural_join4(), l2 = natural_join())
[    51.406][cube-solver-7][DEBUG] Solving cube (l0 = natural_join4(), l1 = natural_join4(), l2 = natural_join3())
[    51.409][cube-solver-7][DEBUG] Solving cube (l0 = natural_join4(), l1 = natural_join4(), l2 = natural_join4())
[    51.412][cube-solver-7][DEBUG] Solving cube (l0 = anti_join(), l1 = natural_join(), l2 = anti_join())
[    51.415][cube-solver-7][DEBUG] Solving cube (l0 = anti_join(), l1 = natural_join(), l2 = left_join())
[    51.418][cube-solver-7][DEBUG] Solving cube (l0 = anti_join(), l1 = natural_join(), l2 = union())
[    51.422][cube-solver-7][DEBUG] Solving cube (l0 = anti_join(), l1 = natural_join(), l2 = intersect())
[    51.425][cube-solver-7][DEBUG] Solving cube (l0 = anti_join(), l1 = natural_join(), l2 = semi_join())
[    51.428][cube-solver-7][DEBUG] Solving cube (l0 = anti_join(), l1 = natural_join(), l2 = cross_join([1]))
[    51.433][cube-solver-7][DEBUG] Solving cube (l0 = anti_join(), l1 = natural_join(), l2 = inner_join())
[    51.436][cube-solver-7][DEBUG] Solving cube (l0 = anti_join(), l1 = natural_join(), l2 = natural_join())
[    51.439][cube-solver-7][DEBUG] Solving cube (l0 = anti_join(), l1 = natural_join(), l2 = natural_join3())
[    51.443][cube-solver-7][DEBUG] Solving cube (l0 = anti_join(), l1 = natural_join(), l2 = natural_join4())
[    51.446][cube-solver-7][DEBUG] Solving cube (l0 = anti_join(), l1 = natural_join3(), l2 = anti_join())
[    51.449][cube-solver-7][DEBUG] Solving cube (l0 = anti_join(), l1 = natural_join3(), l2 = left_join())
[    51.452][cube-solver-7][DEBUG] Solving cube (l0 = anti_join(), l1 = natural_join3(), l2 = union())
[    51.455][cube-solver-7][DEBUG] Solving cube (l0 = anti_join(), l1 = natural_join3(), l2 = intersect())
[    51.459][cube-solver-7][DEBUG] Solving cube (l0 = anti_join(), l1 = natural_join3(), l2 = semi_join())
[    51.462][cube-solver-7][DEBUG] Solving cube (l0 = anti_join(), l1 = natural_join3(), l2 = cross_join([1]))
[    51.466][cube-solver-7][DEBUG] Solving cube (l0 = anti_join(), l1 = natural_join3(), l2 = inner_join())
[    51.469][cube-solver-7][DEBUG] Solving cube (l0 = anti_join(), l1 = natural_join3(), l2 = natural_join())
[    51.473][cube-solver-7][DEBUG] Solving cube (l0 = anti_join(), l1 = natural_join3(), l2 = natural_join3())
[    51.476][cube-solver-7][DEBUG] Solving cube (l0 = anti_join(), l1 = natural_join3(), l2 = natural_join4())
[    51.479][cube-solver-7][DEBUG] Solving cube (l0 = anti_join(), l1 = natural_join4(), l2 = anti_join())
[    51.482][cube-solver-7][DEBUG] Solving cube (l0 = anti_join(), l1 = natural_join4(), l2 = left_join())
[    51.486][cube-solver-7][DEBUG] Solving cube (l0 = anti_join(), l1 = natural_join4(), l2 = union())
[    51.489][cube-solver-7][DEBUG] Solving cube (l0 = anti_join(), l1 = natural_join4(), l2 = intersect())
[    51.492][cube-solver-7][DEBUG] Solving cube (l0 = anti_join(), l1 = natural_join4(), l2 = semi_join())
[    51.495][cube-solver-7][DEBUG] Solving cube (l0 = anti_join(), l1 = natural_join4(), l2 = cross_join([1]))
[    51.499][cube-solver-7][DEBUG] Solving cube (l0 = anti_join(), l1 = natural_join4(), l2 = inner_join())
[    51.503][cube-solver-7][DEBUG] Solving cube (l0 = anti_join(), l1 = natural_join4(), l2 = natural_join())
[    51.506][cube-solver-7][DEBUG] Solving cube (l0 = anti_join(), l1 = natural_join4(), l2 = natural_join3())
[    51.509][cube-solver-7][DEBUG] Solving cube (l0 = anti_join(), l1 = natural_join4(), l2 = natural_join4())
[    51.512][cube-solver-7][DEBUG] Solving cube (l0 = anti_join(), l1 = anti_join(), l2 = natural_join())
[    51.516][cube-solver-7][DEBUG] Solving cube (l0 = anti_join(), l1 = anti_join(), l2 = natural_join3())
[    51.519][cube-solver-7][DEBUG] Solving cube (l0 = anti_join(), l1 = anti_join(), l2 = natural_join4())
[    51.522][cube-solver-7][DEBUG] Solving cube (l0 = anti_join(), l1 = anti_join(), l2 = anti_join())
[    51.525][cube-solver-7][DEBUG] Solving cube (l0 = anti_join(), l1 = anti_join(), l2 = left_join())
[    51.529][cube-solver-7][DEBUG] Solving cube (l0 = anti_join(), l1 = anti_join(), l2 = union())
[    51.532][cube-solver-7][DEBUG] Solving cube (l0 = anti_join(), l1 = anti_join(), l2 = intersect())
[    51.535][cube-solver-7][DEBUG] Solving cube (l0 = anti_join(), l1 = anti_join(), l2 = semi_join())
[    51.539][cube-solver-7][DEBUG] Solving cube (l0 = anti_join(), l1 = anti_join(), l2 = cross_join([1]))
[    51.543][cube-solver-7][DEBUG] Solving cube (l0 = anti_join(), l1 = anti_join(), l2 = inner_join())
[    51.546][cube-solver-7][DEBUG] Solving cube (l0 = anti_join(), l1 = left_join(), l2 = natural_join())
[    51.549][cube-solver-7][DEBUG] Solving cube (l0 = anti_join(), l1 = left_join(), l2 = natural_join3())
[    51.552][cube-solver-7][DEBUG] Solving cube (l0 = anti_join(), l1 = left_join(), l2 = natural_join4())
[    51.556][cube-solver-7][DEBUG] Solving cube (l0 = anti_join(), l1 = left_join(), l2 = anti_join())
[    51.559][cube-solver-7][DEBUG] Solving cube (l0 = anti_join(), l1 = left_join(), l2 = left_join())
[    51.562][cube-solver-7][DEBUG] Solving cube (l0 = anti_join(), l1 = left_join(), l2 = union())
[    51.566][cube-solver-7][DEBUG] Solving cube (l0 = anti_join(), l1 = left_join(), l2 = intersect())
[    51.569][cube-solver-7][DEBUG] Solving cube (l0 = anti_join(), l1 = left_join(), l2 = semi_join())
[    51.572][cube-solver-7][DEBUG] Solving cube (l0 = anti_join(), l1 = left_join(), l2 = cross_join([1]))
[    51.576][cube-solver-7][DEBUG] Solving cube (l0 = anti_join(), l1 = left_join(), l2 = inner_join())
[    51.579][cube-solver-7][DEBUG] Solving cube (l0 = anti_join(), l1 = union(), l2 = natural_join())
[    51.583][cube-solver-7][DEBUG] Solving cube (l0 = anti_join(), l1 = union(), l2 = natural_join3())
[    51.586][cube-solver-7][DEBUG] Solving cube (l0 = anti_join(), l1 = union(), l2 = natural_join4())
[    51.589][cube-solver-7][DEBUG] Solving cube (l0 = anti_join(), l1 = union(), l2 = anti_join())
[    51.593][cube-solver-7][DEBUG] Solving cube (l0 = anti_join(), l1 = union(), l2 = left_join())
[    51.596][cube-solver-7][DEBUG] Solving cube (l0 = anti_join(), l1 = union(), l2 = union())
[    51.599][cube-solver-7][DEBUG] Solving cube (l0 = anti_join(), l1 = union(), l2 = intersect())
[    51.602][cube-solver-7][DEBUG] Solving cube (l0 = anti_join(), l1 = union(), l2 = semi_join())
[    51.606][cube-solver-7][DEBUG] Solving cube (l0 = anti_join(), l1 = union(), l2 = cross_join([1]))
[    51.610][cube-solver-7][DEBUG] Solving cube (l0 = anti_join(), l1 = union(), l2 = inner_join())
[    51.613][cube-solver-7][DEBUG] Solving cube (l0 = anti_join(), l1 = intersect(), l2 = natural_join())
[    51.616][cube-solver-7][DEBUG] Solving cube (l0 = anti_join(), l1 = intersect(), l2 = natural_join3())
[    51.620][cube-solver-7][DEBUG] Solving cube (l0 = anti_join(), l1 = intersect(), l2 = natural_join4())
[    51.623][cube-solver-7][DEBUG] Solving cube (l0 = anti_join(), l1 = intersect(), l2 = anti_join())
[    51.626][cube-solver-7][DEBUG] Solving cube (l0 = anti_join(), l1 = intersect(), l2 = left_join())
[    51.629][cube-solver-7][DEBUG] Solving cube (l0 = anti_join(), l1 = intersect(), l2 = union())
[    51.633][cube-solver-7][DEBUG] Solving cube (l0 = anti_join(), l1 = intersect(), l2 = intersect())
[    51.636][cube-solver-7][DEBUG] Solving cube (l0 = anti_join(), l1 = intersect(), l2 = semi_join())
[    51.639][cube-solver-7][DEBUG] Solving cube (l0 = anti_join(), l1 = intersect(), l2 = cross_join([1]))
[    51.643][cube-solver-7][DEBUG] Solving cube (l0 = anti_join(), l1 = intersect(), l2 = inner_join())
[    51.647][cube-solver-7][DEBUG] Solving cube (l0 = anti_join(), l1 = semi_join(), l2 = natural_join())
[    51.650][cube-solver-7][DEBUG] Solving cube (l0 = anti_join(), l1 = semi_join(), l2 = natural_join3())
[    51.654][cube-solver-7][DEBUG] Solving cube (l0 = anti_join(), l1 = semi_join(), l2 = natural_join4())
[    51.657][cube-solver-7][DEBUG] Solving cube (l0 = anti_join(), l1 = semi_join(), l2 = anti_join())
[    51.660][cube-solver-7][DEBUG] Solving cube (l0 = anti_join(), l1 = semi_join(), l2 = left_join())
[    51.663][cube-solver-7][DEBUG] Solving cube (l0 = anti_join(), l1 = semi_join(), l2 = union())
[    51.667][cube-solver-7][DEBUG] Solving cube (l0 = anti_join(), l1 = semi_join(), l2 = intersect())
[    51.670][cube-solver-7][DEBUG] Solving cube (l0 = anti_join(), l1 = semi_join(), l2 = semi_join())
[    51.673][cube-solver-7][DEBUG] Solving cube (l0 = anti_join(), l1 = semi_join(), l2 = cross_join([1]))
[    51.677][cube-solver-7][DEBUG] Solving cube (l0 = anti_join(), l1 = semi_join(), l2 = inner_join())
[    51.681][cube-solver-7][DEBUG] Solving cube (l0 = anti_join(), l1 = cross_join([1]), l2 = natural_join())
[    51.685][cube-solver-7][DEBUG] Solving cube (l0 = anti_join(), l1 = cross_join([1]), l2 = natural_join3())
[    51.689][cube-solver-7][DEBUG] Solving cube (l0 = anti_join(), l1 = cross_join([1]), l2 = natural_join4())
[    51.693][cube-solver-7][DEBUG] Solving cube (l0 = anti_join(), l1 = cross_join([1]), l2 = anti_join())
[    51.698][cube-solver-7][DEBUG] Solving cube (l0 = anti_join(), l1 = cross_join([1]), l2 = left_join())
[    51.702][cube-solver-7][DEBUG] Solving cube (l0 = anti_join(), l1 = cross_join([1]), l2 = union())
[    51.706][cube-solver-7][DEBUG] Solving cube (l0 = anti_join(), l1 = cross_join([1]), l2 = intersect())
[    51.710][cube-solver-7][DEBUG] Solving cube (l0 = anti_join(), l1 = cross_join([1]), l2 = semi_join())
[    51.715][cube-solver-7][DEBUG] Solving cube (l0 = anti_join(), l1 = cross_join([1]), l2 = cross_join([1]))
[    51.719][cube-solver-7][DEBUG] Solving cube (l0 = anti_join(), l1 = cross_join([1]), l2 = inner_join())
[    51.724][cube-solver-7][DEBUG] Solving cube (l0 = anti_join(), l1 = inner_join(), l2 = natural_join())
[    51.727][cube-solver-7][DEBUG] Solving cube (l0 = anti_join(), l1 = inner_join(), l2 = natural_join3())
[    51.730][cube-solver-7][DEBUG] Solving cube (l0 = anti_join(), l1 = inner_join(), l2 = natural_join4())
[    51.734][cube-solver-7][DEBUG] Solving cube (l0 = anti_join(), l1 = inner_join(), l2 = anti_join())
[    51.737][cube-solver-7][DEBUG] Solving cube (l0 = anti_join(), l1 = inner_join(), l2 = left_join())
[    51.740][cube-solver-7][DEBUG] Solving cube (l0 = anti_join(), l1 = inner_join(), l2 = union())
[    51.743][cube-solver-7][DEBUG] Solving cube (l0 = anti_join(), l1 = inner_join(), l2 = intersect())
[    51.747][cube-solver-7][DEBUG] Solving cube (l0 = anti_join(), l1 = inner_join(), l2 = semi_join())
[    51.750][cube-solver-7][DEBUG] Solving cube (l0 = anti_join(), l1 = inner_join(), l2 = cross_join([1]))
[    51.754][cube-solver-7][DEBUG] Solving cube (l0 = anti_join(), l1 = inner_join(), l2 = inner_join())
[    51.757][cube-solver-7][DEBUG] Solving cube (l0 = left_join(), l1 = natural_join(), l2 = anti_join())
[    51.761][cube-solver-7][DEBUG] Solving cube (l0 = left_join(), l1 = natural_join(), l2 = left_join())
[    51.931][cube-solver-7][DEBUG] Solving cube (l0 = left_join(), l1 = natural_join(), l2 = union())
[    52.090][cube-solver-7][DEBUG] Solving cube (l0 = left_join(), l1 = natural_join(), l2 = intersect())
[    52.720][cube-solver-7][DEBUG] Solving cube (l0 = left_join(), l1 = natural_join(), l2 = semi_join())
[    52.884][cube-solver-7][DEBUG] Solving cube (l0 = left_join(), l1 = natural_join(), l2 = cross_join([1]))
[    92.915][cube-solver-4][DEBUG] Initialising process for 3 lines of code.
[    93.991][cube-solver-4][DEBUG] Solving cube (l0 = left_join(), l1 = natural_join(), l2 = inner_join())
[   101.207][cube-solver-4][DEBUG] Solving cube (l0 = left_join(), l1 = natural_join(), l2 = natural_join())
[   101.334][cube-solver-4][DEBUG] Solving cube (l0 = left_join(), l1 = natural_join(), l2 = natural_join3())
[   101.337][cube-solver-4][DEBUG] Solving cube (l0 = left_join(), l1 = natural_join(), l2 = natural_join4())
[   101.340][cube-solver-4][DEBUG] Solving cube (l0 = left_join(), l1 = natural_join3(), l2 = anti_join())
[   101.345][cube-solver-4][DEBUG] Solving cube (l0 = left_join(), l1 = natural_join3(), l2 = left_join())
[   101.349][cube-solver-4][DEBUG] Solving cube (l0 = left_join(), l1 = natural_join3(), l2 = union())
[   101.353][cube-solver-4][DEBUG] Solving cube (l0 = left_join(), l1 = natural_join3(), l2 = intersect())
[   101.356][cube-solver-4][DEBUG] Solving cube (l0 = left_join(), l1 = natural_join3(), l2 = semi_join())
[   101.360][cube-solver-4][DEBUG] Solving cube (l0 = left_join(), l1 = natural_join3(), l2 = cross_join([1]))
[   101.364][cube-solver-4][DEBUG] Solving cube (l0 = left_join(), l1 = natural_join3(), l2 = inner_join())
[   101.368][cube-solver-4][DEBUG] Solving cube (l0 = left_join(), l1 = natural_join3(), l2 = natural_join())
[   101.372][cube-solver-4][DEBUG] Solving cube (l0 = left_join(), l1 = natural_join3(), l2 = natural_join3())
[   101.375][cube-solver-4][DEBUG] Solving cube (l0 = left_join(), l1 = natural_join3(), l2 = natural_join4())
[   101.378][cube-solver-4][DEBUG] Solving cube (l0 = left_join(), l1 = natural_join4(), l2 = anti_join())
[   101.381][cube-solver-4][DEBUG] Solving cube (l0 = left_join(), l1 = natural_join4(), l2 = left_join())
[   101.386][cube-solver-4][DEBUG] Solving cube (l0 = left_join(), l1 = natural_join4(), l2 = union())
[   101.389][cube-solver-4][DEBUG] Solving cube (l0 = left_join(), l1 = natural_join4(), l2 = intersect())
[   101.392][cube-solver-4][DEBUG] Solving cube (l0 = left_join(), l1 = natural_join4(), l2 = semi_join())
[   101.396][cube-solver-4][DEBUG] Solving cube (l0 = left_join(), l1 = natural_join4(), l2 = cross_join([1]))
[   101.400][cube-solver-4][DEBUG] Solving cube (l0 = left_join(), l1 = natural_join4(), l2 = inner_join())
[   101.404][cube-solver-4][DEBUG] Solving cube (l0 = left_join(), l1 = natural_join4(), l2 = natural_join())
[   101.407][cube-solver-4][DEBUG] Solving cube (l0 = left_join(), l1 = natural_join4(), l2 = natural_join3())
[   101.410][cube-solver-4][DEBUG] Solving cube (l0 = left_join(), l1 = natural_join4(), l2 = natural_join4())
[   101.413][cube-solver-4][DEBUG] Solving cube (l0 = left_join(), l1 = anti_join(), l2 = natural_join())
[   102.266][cube-solver-4][DEBUG] Solving cube (l0 = left_join(), l1 = anti_join(), l2 = natural_join3())
[   102.269][cube-solver-4][DEBUG] Solving cube (l0 = left_join(), l1 = anti_join(), l2 = natural_join4())
[   102.272][cube-solver-4][DEBUG] Solving cube (l0 = left_join(), l1 = anti_join(), l2 = anti_join())
[   102.276][cube-solver-4][DEBUG] Solving cube (l0 = left_join(), l1 = anti_join(), l2 = left_join())
[   103.386][cube-solver-4][DEBUG] Solving cube (l0 = left_join(), l1 = anti_join(), l2 = union())
[   104.425][cube-solver-4][DEBUG] Solving cube (l0 = left_join(), l1 = anti_join(), l2 = intersect())
[   107.705][cube-solver-5][DEBUG] Initialising process for 3 lines of code.
[   108.779][cube-solver-5][DEBUG] Solving cube (l0 = left_join(), l1 = anti_join(), l2 = semi_join())
[   109.004][cube-solver-4][DEBUG] Solving cube (l0 = left_join(), l1 = anti_join(), l2 = cross_join([1]))
[   109.908][cube-solver-5][DEBUG] Solving cube (l0 = left_join(), l1 = anti_join(), l2 = inner_join())
[   132.155][cube-solver-6][DEBUG] Initialising process for 3 lines of code.
[   133.284][cube-solver-6][DEBUG] Solving cube (l0 = left_join(), l1 = left_join(), l2 = natural_join())
[   133.529][cube-solver-6][DEBUG] Solving cube (l0 = left_join(), l1 = left_join(), l2 = natural_join3())
[   133.978][cube-solver-6][DEBUG] Solving cube (l0 = left_join(), l1 = left_join(), l2 = natural_join4())
[   133.981][cube-solver-6][DEBUG] Solving cube (l0 = left_join(), l1 = left_join(), l2 = anti_join())
[   135.594][cube-solver-6][DEBUG] Solving cube (l0 = left_join(), l1 = left_join(), l2 = left_join())
[   135.894][cube-solver-6][DEBUG] Solving cube (l0 = left_join(), l1 = left_join(), l2 = union())
[   136.174][cube-solver-6][DEBUG] Solving cube (l0 = left_join(), l1 = left_join(), l2 = intersect())
[   137.306][cube-solver-6][DEBUG] Solving cube (l0 = left_join(), l1 = left_join(), l2 = semi_join())
[   137.598][cube-solver-6][DEBUG] Solving cube (l0 = left_join(), l1 = left_join(), l2 = cross_join([1]))
[   160.300][cube-solver-5][DEBUG] Solving cube (l0 = left_join(), l1 = left_join(), l2 = inner_join())
[   161.204][cube-solver-7][DEBUG] Solving cube (l0 = left_join(), l1 = union(), l2 = natural_join())
[   161.421][cube-solver-7][DEBUG] Solving cube (l0 = left_join(), l1 = union(), l2 = natural_join3())
[   161.841][cube-solver-7][DEBUG] Solving cube (l0 = left_join(), l1 = union(), l2 = natural_join4())
[   161.846][cube-solver-7][DEBUG] Solving cube (l0 = left_join(), l1 = union(), l2 = anti_join())
[   163.320][cube-solver-7][DEBUG] Solving cube (l0 = left_join(), l1 = union(), l2 = left_join())
[   163.590][cube-solver-7][DEBUG] Solving cube (l0 = left_join(), l1 = union(), l2 = union())
[   163.851][cube-solver-7][DEBUG] Solving cube (l0 = left_join(), l1 = union(), l2 = intersect())
[   165.174][cube-solver-7][DEBUG] Solving cube (l0 = left_join(), l1 = union(), l2 = semi_join())
[   165.446][cube-solver-7][DEBUG] Solving cube (l0 = left_join(), l1 = union(), l2 = cross_join([1]))
[   173.285][cube-solver-5][DEBUG] Solving cube (l0 = left_join(), l1 = union(), l2 = inner_join())
[   185.414][cube-solver-5][DEBUG] Solving cube (l0 = left_join(), l1 = intersect(), l2 = natural_join())
[   186.311][cube-solver-5][DEBUG] Solving cube (l0 = left_join(), l1 = intersect(), l2 = natural_join3())
[   187.951][cube-solver-5][DEBUG] Solving cube (l0 = left_join(), l1 = intersect(), l2 = natural_join4())
[   187.956][cube-solver-5][DEBUG] Solving cube (l0 = left_join(), l1 = intersect(), l2 = anti_join())
[   194.170][cube-solver-5][DEBUG] Solving cube (l0 = left_join(), l1 = intersect(), l2 = left_join())
[   195.342][cube-solver-5][DEBUG] Solving cube (l0 = left_join(), l1 = intersect(), l2 = union())
[   196.448][cube-solver-5][DEBUG] Solving cube (l0 = left_join(), l1 = intersect(), l2 = intersect())
[   201.043][cube-solver-5][DEBUG] Solving cube (l0 = left_join(), l1 = intersect(), l2 = semi_join())
[   202.161][cube-solver-5][DEBUG] Solving cube (l0 = left_join(), l1 = intersect(), l2 = cross_join([1]))
[   339.811][cube-solver-6][DEBUG] Solving cube (l0 = left_join(), l1 = intersect(), l2 = inner_join())
[   350.940][cube-solver-7][DEBUG] Solving cube (l0 = left_join(), l1 = semi_join(), l2 = natural_join())
[   351.167][cube-solver-7][DEBUG] Solving cube (l0 = left_join(), l1 = semi_join(), l2 = natural_join3())
[   351.608][cube-solver-7][DEBUG] Solving cube (l0 = left_join(), l1 = semi_join(), l2 = natural_join4())
[   351.612][cube-solver-7][DEBUG] Solving cube (l0 = left_join(), l1 = semi_join(), l2 = anti_join())
[   353.174][cube-solver-7][DEBUG] Solving cube (l0 = left_join(), l1 = semi_join(), l2 = left_join())
[   353.473][cube-solver-7][DEBUG] Solving cube (l0 = left_join(), l1 = semi_join(), l2 = union())
[   353.742][cube-solver-7][DEBUG] Solving cube (l0 = left_join(), l1 = semi_join(), l2 = intersect())
[   354.851][cube-solver-7][DEBUG] Solving cube (l0 = left_join(), l1 = semi_join(), l2 = semi_join())
[   355.132][cube-solver-7][DEBUG] Solving cube (l0 = left_join(), l1 = semi_join(), l2 = cross_join([1]))
[   393.882][cube-solver-6][DEBUG] Solving cube (l0 = left_join(), l1 = semi_join(), l2 = inner_join())
[   407.318][cube-solver-6][DEBUG] Solving cube (l0 = left_join(), l1 = cross_join([1]), l2 = natural_join())
[   552.079][cube-solver-7][DEBUG] Solving cube (l0 = left_join(), l1 = cross_join([1]), l2 = natural_join3())
[   570.978][cube-solver-6][DEBUG] Solving cube (l0 = left_join(), l1 = cross_join([1]), l2 = natural_join4())
[   570.983][cube-solver-6][DEBUG] Solving cube (l0 = left_join(), l1 = cross_join([1]), l2 = anti_join())
[   599.965][MainProcess][INFO] Statistics:
[   599.966][MainProcess][INFO] 	Generated cubes: 594
[   599.967][MainProcess][INFO] 	Attempted programs: 81969
[   599.967][MainProcess][INFO] 		Rejected: 71877
[   599.967][MainProcess][INFO] 		Failed: 10092
[   599.967][MainProcess][INFO] 	Blacklist clauses: 1
[   599.967][MainProcess][DEBUG] Printing statistics for good programs of size 2
[   600.056][MainProcess][DEBUG] 	0: Counter({'cross_join': 128473, 'inner_join': 125400})
[   600.115][MainProcess][DEBUG] 	1: Counter({'cross_join': 128505, 'inner_join': 125368})

No solution found
