[     3.363][MainProcess][INFO] Parsing specification...
[     3.369][MainProcess][WARNING] "attrs" field is deprecated. Please use "columns"
[     3.369][MainProcess][WARNING] "aggrs" field is deprecated. Please use "functions"
[     3.370][MainProcess][DEBUG] Reading input files...
[     3.380][MainProcess][INFO] Inferred data types for table tests-examples/scythe/recent_posts/tables/029_1.csv: ['string', 'string', 'string', 'float64', 'string']
[     3.387][MainProcess][INFO] Inferred data types for table tests-examples/scythe/recent_posts/tables/029_2.csv: ['string', 'string', 'string', 'float64', 'string']
[     3.394][MainProcess][INFO] Inferred data types for table tests-examples/scythe/recent_posts/tables/029_o.csv: ['string', 'string', 'string', 'float64', 'string']
[     3.427][MainProcess][DEBUG] Generating DSL...
[     3.491][MainProcess][INFO] Creating 8 processes
[     3.521][MainProcess][DEBUG] Increasing generator loc to 2
[     3.593][cube-solver-6][DEBUG] Initialising process for 2 lines of code.
[     3.594][cube-solver-0][DEBUG] Initialising process for 1 lines of code.
[     3.597][cube-solver-1][DEBUG] Initialising process for 1 lines of code.
[     3.601][cube-solver-2][DEBUG] Initialising process for 2 lines of code.
[     3.604][cube-solver-3][DEBUG] Initialising process for 2 lines of code.
[     3.608][cube-solver-4][DEBUG] Initialising process for 2 lines of code.
[     3.611][cube-solver-5][DEBUG] Initialising process for 2 lines of code.
[     3.616][cube-solver-7][DEBUG] Initialising process for 2 lines of code.
[     4.267][cube-solver-0][WARNING] There is no solution for current loc (1).
[     4.268][cube-solver-0][DEBUG] Solving cube (l0 = summarise(),)
[     4.269][cube-solver-0][DEBUG] Initialising process for 2 lines of code.
[     4.269][cube-solver-1][WARNING] There is no solution for current loc (1).
[     4.270][cube-solver-1][DEBUG] Solving cube (l0 = mutate(),)
[     4.272][cube-solver-1][DEBUG] Initialising process for 2 lines of code.
[     5.083][cube-solver-6][DEBUG] Solving cube (l0 = natural_join4(), l1 = summarise())
[     5.089][cube-solver-6][DEBUG] Solving cube (l0 = summarise(), l1 = natural_join4())
[     5.089][cube-solver-2][DEBUG] Solving cube (l0 = natural_join(), l1 = summarise())
[     5.091][cube-solver-5][DEBUG] Solving cube (l0 = natural_join3(), l1 = mutate())
[     5.091][cube-solver-3][DEBUG] Solving cube (l0 = natural_join(), l1 = mutate())
[     5.092][cube-solver-6][DEBUG] Solving cube (l0 = summarise(), l1 = summarise())
[     5.095][cube-solver-6][DEBUG] Solving cube (l0 = summarise(), l1 = anti_join())
[     5.098][cube-solver-5][DEBUG] Solving cube (l0 = summarise(), l1 = left_join())
[     5.105][cube-solver-4][DEBUG] Solving cube (l0 = natural_join3(), l1 = summarise())
[     5.112][cube-solver-4][DEBUG] Solving cube (l0 = summarise(), l1 = union())
[     5.171][cube-solver-7][DEBUG] Solving cube (l0 = natural_join4(), l1 = mutate())
[     5.187][cube-solver-7][DEBUG] Solving cube (l0 = summarise(), l1 = intersect())
[     5.714][cube-solver-0][DEBUG] Solving cube (l0 = summarise(), l1 = natural_join())
[     5.715][cube-solver-1][DEBUG] Solving cube (l0 = summarise(), l1 = natural_join3())
[     6.441][cube-solver-2][DEBUG] Solving cube (l0 = summarise(), l1 = semi_join())
[    20.540][cube-solver-3][DEBUG] Solving cube (l0 = summarise(), l1 = cross_join())
[    27.516][cube-solver-7][DEBUG] Solving cube (l0 = summarise(), l1 = unite())
[    27.520][cube-solver-7][DEBUG] Solving cube (l0 = summarise(), l1 = mutate())
[    27.523][cube-solver-7][DEBUG] Solving cube (l0 = summarise(), l1 = inner_join())
[   234.384][cube-solver-2][DEBUG] Solving cube (l0 = anti_join(), l1 = summarise())
[   253.525][cube-solver-2][DEBUG] Solving cube (l0 = anti_join(), l1 = mutate())
[   599.959][MainProcess][INFO] Statistics:
[   599.960][MainProcess][INFO] 	Generated cubes: 23
[   599.960][MainProcess][INFO] 	Attempted programs: 3488
[   599.960][MainProcess][INFO] 		Rejected: 1448
[   599.960][MainProcess][INFO] 		Failed: 2040
[   599.960][MainProcess][INFO] 	Blacklist clauses: 0
[   599.960][MainProcess][DEBUG] Printing statistics for good programs of size 2
[   600.140][MainProcess][DEBUG] 	0: Counter({'summarise': 556021, 'anti_join': 45066, 'natural_join': 1920})
[   600.253][MainProcess][DEBUG] 	1: Counter({'union': 77305, 'natural_join': 76186, 'natural_join3': 76124, 'left_join': 75993, 'cross_join': 75117, 'inner_join': 74103, 'anti_join': 72393, 'mutate': 46986, 'semi_join': 28800})

No solution found
