[     3.212][MainProcess][INFO] Parsing specification...
[     3.219][MainProcess][DEBUG] Reading input files...
[     3.234][MainProcess][INFO] Inferred data types for table tests-examples/scythe/recent_posts/tables/037.csv: ['string', 'int64', 'datetime64[ns]', 'datetime64[ns]']
[     3.244][MainProcess][INFO] Inferred data types for table tests-examples/scythe/recent_posts/tables/037_o.csv: ['string', 'int64', 'datetime64[ns]', 'datetime64[ns]']
[     3.301][MainProcess][DEBUG] Generating DSL...
[     3.323][MainProcess][INFO] Creating 8 processes
[     3.382][cube-solver-0][DEBUG] Initialising process for 1 lines of code.
[     3.384][cube-solver-1][DEBUG] Initialising process for 1 lines of code.
[     3.388][cube-solver-3][DEBUG] Initialising process for 1 lines of code.
[     3.390][cube-solver-2][DEBUG] Initialising process for 1 lines of code.
[     3.396][cube-solver-4][DEBUG] Initialising process for 1 lines of code.
[     3.400][cube-solver-5][DEBUG] Initialising process for 1 lines of code.
[     3.404][cube-solver-6][DEBUG] Initialising process for 1 lines of code.
[     3.409][cube-solver-7][DEBUG] Initialising process for 1 lines of code.
[     3.451][cube-solver-1][DEBUG] Solving cube (l0 = natural_join3(),)
[     3.451][cube-solver-0][DEBUG] Solving cube (l0 = natural_join(),)
[     3.453][cube-solver-1][DEBUG] Solving cube (l0 = cross_join(),)
[     3.453][cube-solver-0][DEBUG] Solving cube (l0 = inner_join(),)
[     3.455][cube-solver-3][DEBUG] Solving cube (l0 = anti_join(),)
[     3.456][MainProcess][DEBUG] Increasing generator loc to 2
[     3.461][cube-solver-3][DEBUG] Initialising process for 2 lines of code.
[     3.462][cube-solver-1][DEBUG] Initialising process for 2 lines of code.
[     3.462][cube-solver-2][DEBUG] Solving cube (l0 = natural_join4(),)
[     3.464][cube-solver-5][DEBUG] Solving cube (l0 = union(),)
[     3.464][cube-solver-4][DEBUG] Solving cube (l0 = left_join(),)
[     3.466][cube-solver-2][DEBUG] Initialising process for 2 lines of code.
[     3.470][cube-solver-6][DEBUG] Solving cube (l0 = intersect(),)
[     3.472][cube-solver-7][DEBUG] Solving cube (l0 = semi_join(),)
[     3.558][cube-solver-6][DEBUG] Initialising process for 2 lines of code.
[     3.584][cube-solver-3][DEBUG] Solving cube (l0 = natural_join(), l1 = anti_join())
[     3.585][cube-solver-1][DEBUG] Solving cube (l0 = natural_join(), l1 = left_join())
[     3.586][cube-solver-3][DEBUG] Solving cube (l0 = natural_join(), l1 = semi_join())
[     3.587][cube-solver-3][DEBUG] Solving cube (l0 = natural_join(), l1 = cross_join([1]))
[     3.587][cube-solver-1][DEBUG] Solving cube (l0 = natural_join(), l1 = inner_join())
[     3.588][cube-solver-1][DEBUG] Solving cube (l0 = natural_join(), l1 = natural_join())
[     3.588][cube-solver-3][DEBUG] Solving cube (l0 = natural_join(), l1 = natural_join3())
[     3.589][cube-solver-1][DEBUG] Solving cube (l0 = natural_join(), l1 = natural_join4())
[     3.590][cube-solver-3][DEBUG] Solving cube (l0 = natural_join3(), l1 = anti_join())
[     3.590][cube-solver-1][DEBUG] Solving cube (l0 = natural_join3(), l1 = left_join())
[     3.591][cube-solver-3][DEBUG] Solving cube (l0 = natural_join3(), l1 = union())
[     3.591][cube-solver-1][DEBUG] Solving cube (l0 = natural_join3(), l1 = intersect())
[     3.592][cube-solver-3][DEBUG] Solving cube (l0 = natural_join3(), l1 = semi_join())
[     3.592][cube-solver-1][DEBUG] Solving cube (l0 = natural_join3(), l1 = cross_join([1]))
[     3.593][cube-solver-3][DEBUG] Solving cube (l0 = natural_join3(), l1 = inner_join())
[     3.594][cube-solver-3][DEBUG] Solving cube (l0 = natural_join3(), l1 = natural_join())
[     3.594][cube-solver-1][DEBUG] Solving cube (l0 = natural_join3(), l1 = natural_join3())
[     3.595][cube-solver-3][DEBUG] Solving cube (l0 = natural_join3(), l1 = natural_join4())
[     3.595][cube-solver-1][DEBUG] Solving cube (l0 = natural_join4(), l1 = anti_join())
[     3.596][cube-solver-3][DEBUG] Solving cube (l0 = natural_join4(), l1 = left_join())
[     3.596][cube-solver-1][DEBUG] Solving cube (l0 = natural_join4(), l1 = union())
[     3.597][cube-solver-3][DEBUG] Solving cube (l0 = natural_join4(), l1 = intersect())
[     3.597][cube-solver-1][DEBUG] Solving cube (l0 = natural_join4(), l1 = semi_join())
[     3.598][cube-solver-3][DEBUG] Solving cube (l0 = natural_join4(), l1 = cross_join([1]))
[     3.598][cube-solver-1][DEBUG] Solving cube (l0 = natural_join4(), l1 = inner_join())
[     3.599][cube-solver-1][DEBUG] Solving cube (l0 = natural_join4(), l1 = natural_join())
[     3.600][cube-solver-3][DEBUG] Solving cube (l0 = natural_join4(), l1 = natural_join3())
[     3.600][cube-solver-1][DEBUG] Solving cube (l0 = natural_join4(), l1 = natural_join4())
[     3.601][cube-solver-3][DEBUG] Solving cube (l0 = anti_join(), l1 = natural_join())
[     3.601][cube-solver-1][DEBUG] Solving cube (l0 = anti_join(), l1 = natural_join3())
[     3.602][cube-solver-3][DEBUG] Solving cube (l0 = anti_join(), l1 = natural_join4())
[     3.602][cube-solver-1][DEBUG] Solving cube (l0 = anti_join(), l1 = anti_join())
[     3.603][cube-solver-3][DEBUG] Solving cube (l0 = anti_join(), l1 = left_join())
[     3.603][cube-solver-1][DEBUG] Solving cube (l0 = anti_join(), l1 = union())
[     3.604][cube-solver-2][DEBUG] Solving cube (l0 = natural_join(), l1 = union())
[     3.604][cube-solver-3][DEBUG] Solving cube (l0 = anti_join(), l1 = intersect())
[     3.604][cube-solver-1][DEBUG] Solving cube (l0 = anti_join(), l1 = semi_join())
[     3.605][cube-solver-3][DEBUG] Solving cube (l0 = anti_join(), l1 = cross_join([1]))
[     3.605][cube-solver-2][DEBUG] Solving cube (l0 = anti_join(), l1 = inner_join())
[     3.606][cube-solver-1][DEBUG] Solving cube (l0 = left_join(), l1 = natural_join())
[     3.606][cube-solver-2][DEBUG] Solving cube (l0 = left_join(), l1 = natural_join3())
[     3.607][cube-solver-3][DEBUG] Solving cube (l0 = left_join(), l1 = natural_join4())
[     3.608][cube-solver-2][DEBUG] Solving cube (l0 = left_join(), l1 = anti_join())
[     3.608][cube-solver-3][DEBUG] Solving cube (l0 = left_join(), l1 = left_join())
[     3.690][cube-solver-6][DEBUG] Solving cube (l0 = natural_join(), l1 = intersect())
[     3.692][cube-solver-6][DEBUG] Solving cube (l0 = left_join(), l1 = union())
[     3.871][cube-solver-4][DEBUG] Initialising process for 2 lines of code.
[     3.912][cube-solver-7][DEBUG] Initialising process for 2 lines of code.
[     3.946][cube-solver-5][DEBUG] Initialising process for 2 lines of code.
[     4.015][cube-solver-4][DEBUG] Solving cube (l0 = left_join(), l1 = intersect())
[     4.040][cube-solver-7][DEBUG] Solving cube (l0 = left_join(), l1 = semi_join())
[     4.067][cube-solver-5][DEBUG] Solving cube (l0 = left_join(), l1 = cross_join([1]))
[     4.098][cube-solver-5][DEBUG] Solving cube (l0 = left_join(), l1 = inner_join())
[     4.230][cube-solver-4][DEBUG] Solving cube (l0 = union(), l1 = natural_join())
[     4.447][cube-solver-1][DEBUG] Solving cube (l0 = union(), l1 = natural_join3())
[     4.449][cube-solver-1][DEBUG] Solving cube (l0 = union(), l1 = natural_join4())
[     4.451][cube-solver-1][DEBUG] Solving cube (l0 = union(), l1 = anti_join())
[     4.789][cube-solver-3][DEBUG] Solving cube (l0 = union(), l1 = left_join())
[     4.910][cube-solver-6][DEBUG] Solving cube (l0 = union(), l1 = union())
[     5.039][cube-solver-4][DEBUG] Solving cube (l0 = union(), l1 = intersect())
[     5.241][cube-solver-7][DEBUG] Solving cube (l0 = union(), l1 = semi_join())
[     5.373][cube-solver-4][DEBUG] Solving cube (l0 = union(), l1 = cross_join([1]))
[     5.413][cube-solver-4][DEBUG] Solving cube (l0 = union(), l1 = inner_join())
[     5.878][cube-solver-3][DEBUG] Solving cube (l0 = intersect(), l1 = natural_join())
[     6.083][cube-solver-6][DEBUG] Solving cube (l0 = intersect(), l1 = natural_join3())
[     6.086][cube-solver-6][DEBUG] Solving cube (l0 = intersect(), l1 = natural_join4())
[     6.089][cube-solver-6][DEBUG] Solving cube (l0 = intersect(), l1 = anti_join())
[     6.334][cube-solver-7][DEBUG] Solving cube (l0 = intersect(), l1 = left_join())
[     9.088][cube-solver-3][DEBUG] Solving cube (l0 = intersect(), l1 = union())
[     9.339][cube-solver-7][DEBUG] Solving cube (l0 = intersect(), l1 = intersect())
[    10.389][cube-solver-6][DEBUG] Solving cube (l0 = intersect(), l1 = semi_join())
[    10.418][cube-solver-7][DEBUG] Solving cube (l0 = intersect(), l1 = cross_join([1]))
[    10.582][cube-solver-7][DEBUG] Solving cube (l0 = intersect(), l1 = inner_join())
[    11.876][cube-solver-2][DEBUG] Solving cube (l0 = semi_join(), l1 = natural_join())
[    12.224][cube-solver-6][DEBUG] Solving cube (l0 = semi_join(), l1 = natural_join3())
[    12.229][cube-solver-6][DEBUG] Solving cube (l0 = semi_join(), l1 = natural_join4())
[    12.232][cube-solver-6][DEBUG] Solving cube (l0 = semi_join(), l1 = anti_join())
[    12.273][cube-solver-3][DEBUG] Solving cube (l0 = semi_join(), l1 = left_join())
[    12.467][cube-solver-1][DEBUG] Solving cube (l0 = semi_join(), l1 = union())
[    12.674][cube-solver-2][DEBUG] Solving cube (l0 = semi_join(), l1 = intersect())
[    12.839][cube-solver-2][DEBUG] Solving cube (l0 = semi_join(), l1 = semi_join())
[    13.394][cube-solver-3][DEBUG] Solving cube (l0 = semi_join(), l1 = cross_join([1]))
[    13.430][cube-solver-3][DEBUG] Solving cube (l0 = semi_join(), l1 = inner_join())
[    13.450][cube-solver-1][DEBUG] Solving cube (l0 = cross_join([1]), l1 = natural_join())
[    13.452][cube-solver-1][DEBUG] Solving cube (l0 = cross_join([1]), l1 = natural_join3())
[    13.454][cube-solver-1][DEBUG] Solving cube (l0 = cross_join([1]), l1 = natural_join4())
[    13.455][cube-solver-1][DEBUG] Solving cube (l0 = cross_join([1]), l1 = anti_join())
[    13.457][cube-solver-1][DEBUG] Solving cube (l0 = cross_join([1]), l1 = left_join())
[    13.458][cube-solver-1][DEBUG] Solving cube (l0 = cross_join([1]), l1 = union())
[    13.460][cube-solver-1][DEBUG] Solving cube (l0 = cross_join([1]), l1 = intersect())
[    13.462][cube-solver-1][DEBUG] Solving cube (l0 = cross_join([1]), l1 = semi_join())
[    13.463][cube-solver-1][DEBUG] Solving cube (l0 = cross_join([1]), l1 = cross_join([1]))
[    13.465][cube-solver-1][DEBUG] Solving cube (l0 = cross_join([1]), l1 = inner_join())
[    13.467][cube-solver-1][DEBUG] Solving cube (l0 = inner_join(), l1 = natural_join())
[    13.850][cube-solver-2][DEBUG] Solving cube (l0 = inner_join(), l1 = natural_join3())
[    13.851][cube-solver-2][DEBUG] Solving cube (l0 = inner_join(), l1 = natural_join4())
[    13.852][cube-solver-2][DEBUG] Solving cube (l0 = inner_join(), l1 = anti_join())
[    19.647][cube-solver-7][DEBUG] Solving cube (l0 = inner_join(), l1 = left_join())
[    20.630][cube-solver-6][DEBUG] Solving cube (l0 = inner_join(), l1 = union())
[   169.151][cube-solver-0][DEBUG] Initialising process for 2 lines of code.
[   169.300][cube-solver-0][DEBUG] Solving cube (l0 = inner_join(), l1 = intersect())
[   173.792][cube-solver-0][DEBUG] Solving cube (l0 = inner_join(), l1 = semi_join())
[   347.099][cube-solver-1][DEBUG] Solving cube (l0 = inner_join(), l1 = cross_join([1]))
[   347.583][cube-solver-1][DEBUG] Solving cube (l0 = inner_join(), l1 = inner_join())
[   484.716][MainProcess][DEBUG] Increasing generator loc to 3
[   484.719][cube-solver-5][DEBUG] Initialising process for 3 lines of code.
[   484.917][cube-solver-5][DEBUG] Solving cube (l0 = natural_join(), l1 = anti_join(), l2 = natural_join())
[   484.918][cube-solver-5][DEBUG] Solving cube (l0 = natural_join(), l1 = anti_join(), l2 = natural_join3())
[   484.920][cube-solver-5][DEBUG] Solving cube (l0 = natural_join(), l1 = anti_join(), l2 = natural_join4())
[   484.921][cube-solver-5][DEBUG] Solving cube (l0 = natural_join(), l1 = anti_join(), l2 = anti_join())
[   484.923][cube-solver-5][DEBUG] Solving cube (l0 = natural_join(), l1 = anti_join(), l2 = left_join())
[   484.924][cube-solver-5][DEBUG] Solving cube (l0 = natural_join(), l1 = anti_join(), l2 = union())
[   484.925][cube-solver-5][DEBUG] Solving cube (l0 = natural_join(), l1 = anti_join(), l2 = intersect())
[   484.927][cube-solver-5][DEBUG] Solving cube (l0 = natural_join(), l1 = anti_join(), l2 = semi_join())
[   484.928][cube-solver-5][DEBUG] Solving cube (l0 = natural_join(), l1 = anti_join(), l2 = cross_join([1]))
[   484.930][cube-solver-5][DEBUG] Solving cube (l0 = natural_join(), l1 = anti_join(), l2 = inner_join())
[   484.932][cube-solver-5][DEBUG] Solving cube (l0 = natural_join(), l1 = left_join(), l2 = natural_join())
[   484.933][cube-solver-5][DEBUG] Solving cube (l0 = natural_join(), l1 = left_join(), l2 = natural_join3())
[   484.934][cube-solver-5][DEBUG] Solving cube (l0 = natural_join(), l1 = left_join(), l2 = natural_join4())
[   484.936][cube-solver-5][DEBUG] Solving cube (l0 = natural_join(), l1 = left_join(), l2 = anti_join())
[   484.937][cube-solver-5][DEBUG] Solving cube (l0 = natural_join(), l1 = left_join(), l2 = left_join())
[   484.938][cube-solver-5][DEBUG] Solving cube (l0 = natural_join(), l1 = left_join(), l2 = union())
[   484.940][cube-solver-5][DEBUG] Solving cube (l0 = natural_join(), l1 = left_join(), l2 = intersect())
[   484.941][cube-solver-5][DEBUG] Solving cube (l0 = natural_join(), l1 = left_join(), l2 = semi_join())
[   484.942][cube-solver-5][DEBUG] Solving cube (l0 = natural_join(), l1 = left_join(), l2 = cross_join([1]))
[   484.944][cube-solver-5][DEBUG] Solving cube (l0 = natural_join(), l1 = left_join(), l2 = inner_join())
[   484.945][cube-solver-5][DEBUG] Solving cube (l0 = natural_join(), l1 = union(), l2 = natural_join())
[   484.947][cube-solver-5][DEBUG] Solving cube (l0 = natural_join(), l1 = union(), l2 = natural_join3())
[   484.948][cube-solver-5][DEBUG] Solving cube (l0 = natural_join(), l1 = union(), l2 = natural_join4())
[   484.949][cube-solver-5][DEBUG] Solving cube (l0 = natural_join(), l1 = union(), l2 = anti_join())
[   484.951][cube-solver-5][DEBUG] Solving cube (l0 = natural_join(), l1 = union(), l2 = left_join())
[   484.952][cube-solver-5][DEBUG] Solving cube (l0 = natural_join(), l1 = union(), l2 = union())
[   484.953][cube-solver-5][DEBUG] Solving cube (l0 = natural_join(), l1 = union(), l2 = intersect())
[   484.955][cube-solver-5][DEBUG] Solving cube (l0 = natural_join(), l1 = union(), l2 = semi_join())
[   484.956][cube-solver-5][DEBUG] Solving cube (l0 = natural_join(), l1 = union(), l2 = cross_join([1]))
[   484.958][cube-solver-5][DEBUG] Solving cube (l0 = natural_join(), l1 = union(), l2 = inner_join())
[   484.959][cube-solver-5][DEBUG] Solving cube (l0 = natural_join(), l1 = intersect(), l2 = natural_join())
[   484.961][cube-solver-5][DEBUG] Solving cube (l0 = natural_join(), l1 = intersect(), l2 = natural_join3())
[   484.962][cube-solver-5][DEBUG] Solving cube (l0 = natural_join(), l1 = intersect(), l2 = natural_join4())
[   484.963][cube-solver-5][DEBUG] Solving cube (l0 = natural_join(), l1 = intersect(), l2 = anti_join())
[   484.965][cube-solver-5][DEBUG] Solving cube (l0 = natural_join(), l1 = intersect(), l2 = left_join())
[   484.966][cube-solver-5][DEBUG] Solving cube (l0 = natural_join(), l1 = intersect(), l2 = union())
[   484.967][cube-solver-5][DEBUG] Solving cube (l0 = natural_join(), l1 = intersect(), l2 = intersect())
[   484.969][cube-solver-5][DEBUG] Solving cube (l0 = natural_join(), l1 = intersect(), l2 = semi_join())
[   484.970][cube-solver-5][DEBUG] Solving cube (l0 = natural_join(), l1 = intersect(), l2 = cross_join([1]))
[   484.972][cube-solver-5][DEBUG] Solving cube (l0 = natural_join(), l1 = intersect(), l2 = inner_join())
[   484.973][cube-solver-5][DEBUG] Solving cube (l0 = natural_join(), l1 = semi_join(), l2 = natural_join())
[   484.975][cube-solver-5][DEBUG] Solving cube (l0 = natural_join(), l1 = semi_join(), l2 = natural_join3())
[   484.976][cube-solver-5][DEBUG] Solving cube (l0 = natural_join(), l1 = semi_join(), l2 = natural_join4())
[   484.977][cube-solver-5][DEBUG] Solving cube (l0 = natural_join(), l1 = semi_join(), l2 = anti_join())
[   484.979][cube-solver-5][DEBUG] Solving cube (l0 = natural_join(), l1 = semi_join(), l2 = left_join())
[   484.980][cube-solver-5][DEBUG] Solving cube (l0 = natural_join(), l1 = semi_join(), l2 = union())
[   484.981][cube-solver-5][DEBUG] Solving cube (l0 = natural_join(), l1 = semi_join(), l2 = intersect())
[   484.983][cube-solver-5][DEBUG] Solving cube (l0 = natural_join(), l1 = semi_join(), l2 = semi_join())
[   484.984][cube-solver-5][DEBUG] Solving cube (l0 = natural_join(), l1 = semi_join(), l2 = cross_join([1]))
[   484.986][cube-solver-5][DEBUG] Solving cube (l0 = natural_join(), l1 = semi_join(), l2 = inner_join())
[   484.987][cube-solver-5][DEBUG] Solving cube (l0 = natural_join(), l1 = cross_join([1]), l2 = natural_join())
[   484.990][cube-solver-5][DEBUG] Solving cube (l0 = natural_join(), l1 = cross_join([1]), l2 = natural_join3())
[   484.992][cube-solver-5][DEBUG] Solving cube (l0 = natural_join(), l1 = cross_join([1]), l2 = natural_join4())
[   484.994][cube-solver-5][DEBUG] Solving cube (l0 = natural_join(), l1 = cross_join([1]), l2 = anti_join())
[   484.996][cube-solver-5][DEBUG] Solving cube (l0 = natural_join(), l1 = cross_join([1]), l2 = left_join())
[   484.998][cube-solver-5][DEBUG] Solving cube (l0 = natural_join(), l1 = cross_join([1]), l2 = union())
[   485.000][cube-solver-5][DEBUG] Solving cube (l0 = natural_join(), l1 = cross_join([1]), l2 = intersect())
[   485.002][cube-solver-5][DEBUG] Solving cube (l0 = natural_join(), l1 = cross_join([1]), l2 = semi_join())
[   485.004][cube-solver-5][DEBUG] Solving cube (l0 = natural_join(), l1 = cross_join([1]), l2 = cross_join([1]))
[   485.006][cube-solver-5][DEBUG] Solving cube (l0 = natural_join(), l1 = cross_join([1]), l2 = inner_join())
[   485.008][cube-solver-5][DEBUG] Solving cube (l0 = natural_join(), l1 = inner_join(), l2 = natural_join())
[   485.010][cube-solver-5][DEBUG] Solving cube (l0 = natural_join(), l1 = inner_join(), l2 = natural_join3())
[   485.011][cube-solver-5][DEBUG] Solving cube (l0 = natural_join(), l1 = inner_join(), l2 = natural_join4())
[   485.012][cube-solver-5][DEBUG] Solving cube (l0 = natural_join(), l1 = inner_join(), l2 = anti_join())
[   485.013][cube-solver-5][DEBUG] Solving cube (l0 = natural_join(), l1 = inner_join(), l2 = left_join())
[   485.015][cube-solver-5][DEBUG] Solving cube (l0 = natural_join(), l1 = inner_join(), l2 = union())
[   485.016][cube-solver-5][DEBUG] Solving cube (l0 = natural_join(), l1 = inner_join(), l2 = intersect())
[   485.017][cube-solver-5][DEBUG] Solving cube (l0 = natural_join(), l1 = inner_join(), l2 = semi_join())
[   485.019][cube-solver-5][DEBUG] Solving cube (l0 = natural_join(), l1 = inner_join(), l2 = cross_join([1]))
[   485.020][cube-solver-5][DEBUG] Solving cube (l0 = natural_join(), l1 = inner_join(), l2 = inner_join())
[   485.022][cube-solver-5][DEBUG] Solving cube (l0 = natural_join(), l1 = natural_join(), l2 = anti_join())
[   485.023][cube-solver-5][DEBUG] Solving cube (l0 = natural_join(), l1 = natural_join(), l2 = left_join())
[   485.024][cube-solver-5][DEBUG] Solving cube (l0 = natural_join(), l1 = natural_join(), l2 = union())
[   485.026][cube-solver-5][DEBUG] Solving cube (l0 = natural_join(), l1 = natural_join(), l2 = intersect())
[   485.027][cube-solver-5][DEBUG] Solving cube (l0 = natural_join(), l1 = natural_join(), l2 = semi_join())
[   485.028][cube-solver-5][DEBUG] Solving cube (l0 = natural_join(), l1 = natural_join(), l2 = cross_join([1]))
[   485.030][cube-solver-5][DEBUG] Solving cube (l0 = natural_join(), l1 = natural_join(), l2 = inner_join())
[   485.032][cube-solver-5][DEBUG] Solving cube (l0 = natural_join(), l1 = natural_join(), l2 = natural_join())
[   485.033][cube-solver-5][DEBUG] Solving cube (l0 = natural_join(), l1 = natural_join(), l2 = natural_join3())
[   485.034][cube-solver-5][DEBUG] Solving cube (l0 = natural_join(), l1 = natural_join(), l2 = natural_join4())
[   485.036][cube-solver-5][DEBUG] Solving cube (l0 = natural_join(), l1 = natural_join3(), l2 = anti_join())
[   485.037][cube-solver-5][DEBUG] Solving cube (l0 = natural_join(), l1 = natural_join3(), l2 = left_join())
[   485.038][cube-solver-5][DEBUG] Solving cube (l0 = natural_join(), l1 = natural_join3(), l2 = union())
[   485.040][cube-solver-5][DEBUG] Solving cube (l0 = natural_join(), l1 = natural_join3(), l2 = intersect())
[   485.041][cube-solver-5][DEBUG] Solving cube (l0 = natural_join(), l1 = natural_join3(), l2 = semi_join())
[   485.042][cube-solver-5][DEBUG] Solving cube (l0 = natural_join(), l1 = natural_join3(), l2 = cross_join([1]))
[   485.044][cube-solver-5][DEBUG] Solving cube (l0 = natural_join(), l1 = natural_join3(), l2 = inner_join())
[   485.045][cube-solver-5][DEBUG] Solving cube (l0 = natural_join(), l1 = natural_join3(), l2 = natural_join())
[   485.047][cube-solver-5][DEBUG] Solving cube (l0 = natural_join(), l1 = natural_join3(), l2 = natural_join3())
[   485.048][cube-solver-5][DEBUG] Solving cube (l0 = natural_join(), l1 = natural_join3(), l2 = natural_join4())
[   485.049][cube-solver-5][DEBUG] Solving cube (l0 = natural_join(), l1 = natural_join4(), l2 = anti_join())
[   485.051][cube-solver-5][DEBUG] Solving cube (l0 = natural_join(), l1 = natural_join4(), l2 = left_join())
[   485.052][cube-solver-5][DEBUG] Solving cube (l0 = natural_join(), l1 = natural_join4(), l2 = union())
[   485.053][cube-solver-5][DEBUG] Solving cube (l0 = natural_join(), l1 = natural_join4(), l2 = intersect())
[   485.055][cube-solver-5][DEBUG] Solving cube (l0 = natural_join(), l1 = natural_join4(), l2 = semi_join())
[   485.056][cube-solver-5][DEBUG] Solving cube (l0 = natural_join(), l1 = natural_join4(), l2 = cross_join([1]))
[   485.058][cube-solver-5][DEBUG] Solving cube (l0 = natural_join(), l1 = natural_join4(), l2 = inner_join())
[   485.059][cube-solver-5][DEBUG] Solving cube (l0 = natural_join(), l1 = natural_join4(), l2 = natural_join())
[   485.061][cube-solver-5][DEBUG] Solving cube (l0 = natural_join(), l1 = natural_join4(), l2 = natural_join3())
[   485.062][cube-solver-5][DEBUG] Solving cube (l0 = natural_join(), l1 = natural_join4(), l2 = natural_join4())
[   485.063][cube-solver-5][DEBUG] Solving cube (l0 = natural_join3(), l1 = anti_join(), l2 = natural_join())
[   485.065][cube-solver-5][DEBUG] Solving cube (l0 = natural_join3(), l1 = anti_join(), l2 = natural_join3())
[   485.066][cube-solver-5][DEBUG] Solving cube (l0 = natural_join3(), l1 = anti_join(), l2 = natural_join4())
[   485.067][cube-solver-5][DEBUG] Solving cube (l0 = natural_join3(), l1 = anti_join(), l2 = anti_join())
[   485.069][cube-solver-5][DEBUG] Solving cube (l0 = natural_join3(), l1 = anti_join(), l2 = left_join())
[   485.070][cube-solver-5][DEBUG] Solving cube (l0 = natural_join3(), l1 = anti_join(), l2 = union())
[   485.071][cube-solver-5][DEBUG] Solving cube (l0 = natural_join3(), l1 = anti_join(), l2 = intersect())
[   485.072][cube-solver-5][DEBUG] Solving cube (l0 = natural_join3(), l1 = anti_join(), l2 = semi_join())
[   485.074][cube-solver-5][DEBUG] Solving cube (l0 = natural_join3(), l1 = anti_join(), l2 = cross_join([1]))
[   485.076][cube-solver-5][DEBUG] Solving cube (l0 = natural_join3(), l1 = anti_join(), l2 = inner_join())
[   485.077][cube-solver-5][DEBUG] Solving cube (l0 = natural_join3(), l1 = left_join(), l2 = natural_join())
[   485.079][cube-solver-5][DEBUG] Solving cube (l0 = natural_join3(), l1 = left_join(), l2 = natural_join3())
[   485.080][cube-solver-5][DEBUG] Solving cube (l0 = natural_join3(), l1 = left_join(), l2 = natural_join4())
[   485.081][cube-solver-5][DEBUG] Solving cube (l0 = natural_join3(), l1 = left_join(), l2 = anti_join())
[   485.083][cube-solver-5][DEBUG] Solving cube (l0 = natural_join3(), l1 = left_join(), l2 = left_join())
[   485.084][cube-solver-5][DEBUG] Solving cube (l0 = natural_join3(), l1 = left_join(), l2 = union())
[   485.085][cube-solver-5][DEBUG] Solving cube (l0 = natural_join3(), l1 = left_join(), l2 = intersect())
[   485.086][cube-solver-5][DEBUG] Solving cube (l0 = natural_join3(), l1 = left_join(), l2 = semi_join())
[   485.088][cube-solver-5][DEBUG] Solving cube (l0 = natural_join3(), l1 = left_join(), l2 = cross_join([1]))
[   485.090][cube-solver-5][DEBUG] Solving cube (l0 = natural_join3(), l1 = left_join(), l2 = inner_join())
[   485.091][cube-solver-5][DEBUG] Solving cube (l0 = natural_join3(), l1 = union(), l2 = natural_join())
[   485.093][cube-solver-5][DEBUG] Solving cube (l0 = natural_join3(), l1 = union(), l2 = natural_join3())
[   485.094][cube-solver-5][DEBUG] Solving cube (l0 = natural_join3(), l1 = union(), l2 = natural_join4())
[   485.095][cube-solver-5][DEBUG] Solving cube (l0 = natural_join3(), l1 = union(), l2 = anti_join())
[   485.097][cube-solver-5][DEBUG] Solving cube (l0 = natural_join3(), l1 = union(), l2 = left_join())
[   485.098][cube-solver-5][DEBUG] Solving cube (l0 = natural_join3(), l1 = union(), l2 = union())
[   485.099][cube-solver-5][DEBUG] Solving cube (l0 = natural_join3(), l1 = union(), l2 = intersect())
[   485.101][cube-solver-5][DEBUG] Solving cube (l0 = natural_join3(), l1 = union(), l2 = semi_join())
[   485.102][cube-solver-5][DEBUG] Solving cube (l0 = natural_join3(), l1 = union(), l2 = cross_join([1]))
[   485.104][cube-solver-5][DEBUG] Solving cube (l0 = natural_join3(), l1 = union(), l2 = inner_join())
[   485.105][cube-solver-5][DEBUG] Solving cube (l0 = natural_join3(), l1 = intersect(), l2 = natural_join())
[   485.107][cube-solver-5][DEBUG] Solving cube (l0 = natural_join3(), l1 = intersect(), l2 = natural_join3())
[   485.108][cube-solver-5][DEBUG] Solving cube (l0 = natural_join3(), l1 = intersect(), l2 = natural_join4())
[   485.109][cube-solver-5][DEBUG] Solving cube (l0 = natural_join3(), l1 = intersect(), l2 = anti_join())
[   485.111][cube-solver-5][DEBUG] Solving cube (l0 = natural_join3(), l1 = intersect(), l2 = left_join())
[   485.112][cube-solver-5][DEBUG] Solving cube (l0 = natural_join3(), l1 = intersect(), l2 = union())
[   485.113][cube-solver-5][DEBUG] Solving cube (l0 = natural_join3(), l1 = intersect(), l2 = intersect())
[   485.114][cube-solver-5][DEBUG] Solving cube (l0 = natural_join3(), l1 = intersect(), l2 = semi_join())
[   485.116][cube-solver-5][DEBUG] Solving cube (l0 = natural_join3(), l1 = intersect(), l2 = cross_join([1]))
[   485.118][cube-solver-5][DEBUG] Solving cube (l0 = natural_join3(), l1 = intersect(), l2 = inner_join())
[   485.119][cube-solver-5][DEBUG] Solving cube (l0 = natural_join3(), l1 = semi_join(), l2 = natural_join())
[   485.121][cube-solver-5][DEBUG] Solving cube (l0 = natural_join3(), l1 = semi_join(), l2 = natural_join3())
[   485.122][cube-solver-5][DEBUG] Solving cube (l0 = natural_join3(), l1 = semi_join(), l2 = natural_join4())
[   485.123][cube-solver-5][DEBUG] Solving cube (l0 = natural_join3(), l1 = semi_join(), l2 = anti_join())
[   485.125][cube-solver-5][DEBUG] Solving cube (l0 = natural_join3(), l1 = semi_join(), l2 = left_join())
[   485.126][cube-solver-5][DEBUG] Solving cube (l0 = natural_join3(), l1 = semi_join(), l2 = union())
[   485.127][cube-solver-5][DEBUG] Solving cube (l0 = natural_join3(), l1 = semi_join(), l2 = intersect())
[   485.129][cube-solver-5][DEBUG] Solving cube (l0 = natural_join3(), l1 = semi_join(), l2 = semi_join())
[   485.130][cube-solver-5][DEBUG] Solving cube (l0 = natural_join3(), l1 = semi_join(), l2 = cross_join([1]))
[   485.132][cube-solver-5][DEBUG] Solving cube (l0 = natural_join3(), l1 = semi_join(), l2 = inner_join())
[   485.134][cube-solver-5][DEBUG] Solving cube (l0 = natural_join3(), l1 = cross_join([1]), l2 = natural_join())
[   485.136][cube-solver-5][DEBUG] Solving cube (l0 = natural_join3(), l1 = cross_join([1]), l2 = natural_join3())
[   485.138][cube-solver-5][DEBUG] Solving cube (l0 = natural_join3(), l1 = cross_join([1]), l2 = natural_join4())
[   485.140][cube-solver-5][DEBUG] Solving cube (l0 = natural_join3(), l1 = cross_join([1]), l2 = anti_join())
[   485.142][cube-solver-5][DEBUG] Solving cube (l0 = natural_join3(), l1 = cross_join([1]), l2 = left_join())
[   485.144][cube-solver-5][DEBUG] Solving cube (l0 = natural_join3(), l1 = cross_join([1]), l2 = union())
[   485.146][cube-solver-5][DEBUG] Solving cube (l0 = natural_join3(), l1 = cross_join([1]), l2 = intersect())
[   485.148][cube-solver-5][DEBUG] Solving cube (l0 = natural_join3(), l1 = cross_join([1]), l2 = semi_join())
[   485.150][cube-solver-5][DEBUG] Solving cube (l0 = natural_join3(), l1 = cross_join([1]), l2 = cross_join([1]))
[   485.152][cube-solver-5][DEBUG] Solving cube (l0 = natural_join3(), l1 = cross_join([1]), l2 = inner_join())
[   485.154][cube-solver-5][DEBUG] Solving cube (l0 = natural_join3(), l1 = inner_join(), l2 = natural_join())
[   485.156][cube-solver-5][DEBUG] Solving cube (l0 = natural_join3(), l1 = inner_join(), l2 = natural_join3())
[   485.157][cube-solver-5][DEBUG] Solving cube (l0 = natural_join3(), l1 = inner_join(), l2 = natural_join4())
[   485.159][cube-solver-5][DEBUG] Solving cube (l0 = natural_join3(), l1 = inner_join(), l2 = anti_join())
[   485.160][cube-solver-5][DEBUG] Solving cube (l0 = natural_join3(), l1 = inner_join(), l2 = left_join())
[   485.161][cube-solver-5][DEBUG] Solving cube (l0 = natural_join3(), l1 = inner_join(), l2 = union())
[   485.162][cube-solver-5][DEBUG] Solving cube (l0 = natural_join3(), l1 = inner_join(), l2 = intersect())
[   485.164][cube-solver-5][DEBUG] Solving cube (l0 = natural_join3(), l1 = inner_join(), l2 = semi_join())
[   485.165][cube-solver-5][DEBUG] Solving cube (l0 = natural_join3(), l1 = inner_join(), l2 = cross_join([1]))
[   485.167][cube-solver-5][DEBUG] Solving cube (l0 = natural_join3(), l1 = inner_join(), l2 = inner_join())
[   485.169][cube-solver-5][DEBUG] Solving cube (l0 = natural_join3(), l1 = natural_join(), l2 = anti_join())
[   485.170][cube-solver-5][DEBUG] Solving cube (l0 = natural_join3(), l1 = natural_join(), l2 = left_join())
[   485.171][cube-solver-5][DEBUG] Solving cube (l0 = natural_join3(), l1 = natural_join(), l2 = union())
[   485.172][cube-solver-5][DEBUG] Solving cube (l0 = natural_join3(), l1 = natural_join(), l2 = intersect())
[   485.174][cube-solver-5][DEBUG] Solving cube (l0 = natural_join3(), l1 = natural_join(), l2 = semi_join())
[   485.175][cube-solver-5][DEBUG] Solving cube (l0 = natural_join3(), l1 = natural_join(), l2 = cross_join([1]))
[   485.177][cube-solver-5][DEBUG] Solving cube (l0 = natural_join3(), l1 = natural_join(), l2 = inner_join())
[   485.178][cube-solver-5][DEBUG] Solving cube (l0 = natural_join3(), l1 = natural_join(), l2 = natural_join())
[   485.179][cube-solver-5][DEBUG] Solving cube (l0 = natural_join3(), l1 = natural_join(), l2 = natural_join3())
[   485.181][cube-solver-5][DEBUG] Solving cube (l0 = natural_join3(), l1 = natural_join(), l2 = natural_join4())
[   485.182][cube-solver-5][DEBUG] Solving cube (l0 = natural_join3(), l1 = natural_join3(), l2 = anti_join())
[   485.183][cube-solver-5][DEBUG] Solving cube (l0 = natural_join3(), l1 = natural_join3(), l2 = left_join())
[   485.185][cube-solver-5][DEBUG] Solving cube (l0 = natural_join3(), l1 = natural_join3(), l2 = union())
[   485.186][cube-solver-5][DEBUG] Solving cube (l0 = natural_join3(), l1 = natural_join3(), l2 = intersect())
[   485.187][cube-solver-5][DEBUG] Solving cube (l0 = natural_join3(), l1 = natural_join3(), l2 = semi_join())
[   485.189][cube-solver-5][DEBUG] Solving cube (l0 = natural_join3(), l1 = natural_join3(), l2 = cross_join([1]))
[   485.191][cube-solver-5][DEBUG] Solving cube (l0 = natural_join3(), l1 = natural_join3(), l2 = inner_join())
[   485.192][cube-solver-5][DEBUG] Solving cube (l0 = natural_join3(), l1 = natural_join3(), l2 = natural_join())
[   485.193][cube-solver-5][DEBUG] Solving cube (l0 = natural_join3(), l1 = natural_join3(), l2 = natural_join3())
[   485.195][cube-solver-5][DEBUG] Solving cube (l0 = natural_join3(), l1 = natural_join3(), l2 = natural_join4())
[   485.196][cube-solver-5][DEBUG] Solving cube (l0 = natural_join3(), l1 = natural_join4(), l2 = anti_join())
[   485.197][cube-solver-5][DEBUG] Solving cube (l0 = natural_join3(), l1 = natural_join4(), l2 = left_join())
[   485.199][cube-solver-5][DEBUG] Solving cube (l0 = natural_join3(), l1 = natural_join4(), l2 = union())
[   485.200][cube-solver-5][DEBUG] Solving cube (l0 = natural_join3(), l1 = natural_join4(), l2 = intersect())
[   485.201][cube-solver-5][DEBUG] Solving cube (l0 = natural_join3(), l1 = natural_join4(), l2 = semi_join())
[   485.203][cube-solver-5][DEBUG] Solving cube (l0 = natural_join3(), l1 = natural_join4(), l2 = cross_join([1]))
[   485.205][cube-solver-5][DEBUG] Solving cube (l0 = natural_join3(), l1 = natural_join4(), l2 = inner_join())
[   485.206][cube-solver-5][DEBUG] Solving cube (l0 = natural_join3(), l1 = natural_join4(), l2 = natural_join())
[   485.207][cube-solver-5][DEBUG] Solving cube (l0 = natural_join3(), l1 = natural_join4(), l2 = natural_join3())
[   485.209][cube-solver-5][DEBUG] Solving cube (l0 = natural_join3(), l1 = natural_join4(), l2 = natural_join4())
[   485.210][cube-solver-5][DEBUG] Solving cube (l0 = natural_join4(), l1 = anti_join(), l2 = natural_join())
[   485.211][cube-solver-5][DEBUG] Solving cube (l0 = natural_join4(), l1 = anti_join(), l2 = natural_join3())
[   485.213][cube-solver-5][DEBUG] Solving cube (l0 = natural_join4(), l1 = anti_join(), l2 = natural_join4())
[   485.214][cube-solver-5][DEBUG] Solving cube (l0 = natural_join4(), l1 = anti_join(), l2 = anti_join())
[   485.215][cube-solver-5][DEBUG] Solving cube (l0 = natural_join4(), l1 = anti_join(), l2 = left_join())
[   485.216][cube-solver-5][DEBUG] Solving cube (l0 = natural_join4(), l1 = anti_join(), l2 = union())
[   485.218][cube-solver-5][DEBUG] Solving cube (l0 = natural_join4(), l1 = anti_join(), l2 = intersect())
[   485.219][cube-solver-5][DEBUG] Solving cube (l0 = natural_join4(), l1 = anti_join(), l2 = semi_join())
[   485.220][cube-solver-5][DEBUG] Solving cube (l0 = natural_join4(), l1 = anti_join(), l2 = cross_join([1]))
[   485.222][cube-solver-5][DEBUG] Solving cube (l0 = natural_join4(), l1 = anti_join(), l2 = inner_join())
[   485.224][cube-solver-5][DEBUG] Solving cube (l0 = natural_join4(), l1 = left_join(), l2 = natural_join())
[   485.225][cube-solver-5][DEBUG] Solving cube (l0 = natural_join4(), l1 = left_join(), l2 = natural_join3())
[   485.227][cube-solver-5][DEBUG] Solving cube (l0 = natural_join4(), l1 = left_join(), l2 = natural_join4())
[   485.228][cube-solver-5][DEBUG] Solving cube (l0 = natural_join4(), l1 = left_join(), l2 = anti_join())
[   485.229][cube-solver-5][DEBUG] Solving cube (l0 = natural_join4(), l1 = left_join(), l2 = left_join())
[   485.231][cube-solver-5][DEBUG] Solving cube (l0 = natural_join4(), l1 = left_join(), l2 = union())
[   485.232][cube-solver-5][DEBUG] Solving cube (l0 = natural_join4(), l1 = left_join(), l2 = intersect())
[   485.233][cube-solver-5][DEBUG] Solving cube (l0 = natural_join4(), l1 = left_join(), l2 = semi_join())
[   485.235][cube-solver-5][DEBUG] Solving cube (l0 = natural_join4(), l1 = left_join(), l2 = cross_join([1]))
[   485.237][cube-solver-5][DEBUG] Solving cube (l0 = natural_join4(), l1 = left_join(), l2 = inner_join())
[   485.238][cube-solver-5][DEBUG] Solving cube (l0 = natural_join4(), l1 = union(), l2 = natural_join())
[   485.239][cube-solver-5][DEBUG] Solving cube (l0 = natural_join4(), l1 = union(), l2 = natural_join3())
[   485.241][cube-solver-5][DEBUG] Solving cube (l0 = natural_join4(), l1 = union(), l2 = natural_join4())
[   485.242][cube-solver-5][DEBUG] Solving cube (l0 = natural_join4(), l1 = union(), l2 = anti_join())
[   485.243][cube-solver-5][DEBUG] Solving cube (l0 = natural_join4(), l1 = union(), l2 = left_join())
[   485.245][cube-solver-5][DEBUG] Solving cube (l0 = natural_join4(), l1 = union(), l2 = union())
[   485.246][cube-solver-5][DEBUG] Solving cube (l0 = natural_join4(), l1 = union(), l2 = intersect())
[   485.247][cube-solver-5][DEBUG] Solving cube (l0 = natural_join4(), l1 = union(), l2 = semi_join())
[   485.249][cube-solver-5][DEBUG] Solving cube (l0 = natural_join4(), l1 = union(), l2 = cross_join([1]))
[   485.251][cube-solver-5][DEBUG] Solving cube (l0 = natural_join4(), l1 = union(), l2 = inner_join())
[   485.252][cube-solver-5][DEBUG] Solving cube (l0 = natural_join4(), l1 = intersect(), l2 = natural_join())
[   485.254][cube-solver-5][DEBUG] Solving cube (l0 = natural_join4(), l1 = intersect(), l2 = natural_join3())
[   485.255][cube-solver-5][DEBUG] Solving cube (l0 = natural_join4(), l1 = intersect(), l2 = natural_join4())
[   485.256][cube-solver-5][DEBUG] Solving cube (l0 = natural_join4(), l1 = intersect(), l2 = anti_join())
[   485.257][cube-solver-5][DEBUG] Solving cube (l0 = natural_join4(), l1 = intersect(), l2 = left_join())
[   485.259][cube-solver-5][DEBUG] Solving cube (l0 = natural_join4(), l1 = intersect(), l2 = union())
[   485.260][cube-solver-5][DEBUG] Solving cube (l0 = natural_join4(), l1 = intersect(), l2 = intersect())
[   485.261][cube-solver-5][DEBUG] Solving cube (l0 = natural_join4(), l1 = intersect(), l2 = semi_join())
[   485.263][cube-solver-5][DEBUG] Solving cube (l0 = natural_join4(), l1 = intersect(), l2 = cross_join([1]))
[   485.265][cube-solver-5][DEBUG] Solving cube (l0 = natural_join4(), l1 = intersect(), l2 = inner_join())
[   485.266][cube-solver-5][DEBUG] Solving cube (l0 = natural_join4(), l1 = semi_join(), l2 = natural_join())
[   485.267][cube-solver-5][DEBUG] Solving cube (l0 = natural_join4(), l1 = semi_join(), l2 = natural_join3())
[   485.269][cube-solver-5][DEBUG] Solving cube (l0 = natural_join4(), l1 = semi_join(), l2 = natural_join4())
[   485.270][cube-solver-5][DEBUG] Solving cube (l0 = natural_join4(), l1 = semi_join(), l2 = anti_join())
[   485.271][cube-solver-5][DEBUG] Solving cube (l0 = natural_join4(), l1 = semi_join(), l2 = left_join())
[   485.272][cube-solver-5][DEBUG] Solving cube (l0 = natural_join4(), l1 = semi_join(), l2 = union())
[   485.274][cube-solver-5][DEBUG] Solving cube (l0 = natural_join4(), l1 = semi_join(), l2 = intersect())
[   485.275][cube-solver-5][DEBUG] Solving cube (l0 = natural_join4(), l1 = semi_join(), l2 = semi_join())
[   485.276][cube-solver-5][DEBUG] Solving cube (l0 = natural_join4(), l1 = semi_join(), l2 = cross_join([1]))
[   485.278][cube-solver-5][DEBUG] Solving cube (l0 = natural_join4(), l1 = semi_join(), l2 = inner_join())
[   485.280][cube-solver-5][DEBUG] Solving cube (l0 = natural_join4(), l1 = cross_join([1]), l2 = natural_join())
[   485.282][cube-solver-5][DEBUG] Solving cube (l0 = natural_join4(), l1 = cross_join([1]), l2 = natural_join3())
[   485.284][cube-solver-5][DEBUG] Solving cube (l0 = natural_join4(), l1 = cross_join([1]), l2 = natural_join4())
[   485.286][cube-solver-5][DEBUG] Solving cube (l0 = natural_join4(), l1 = cross_join([1]), l2 = anti_join())
[   485.292][cube-solver-5][DEBUG] Solving cube (l0 = natural_join4(), l1 = cross_join([1]), l2 = left_join())
[   485.294][cube-solver-5][DEBUG] Solving cube (l0 = natural_join4(), l1 = cross_join([1]), l2 = union())
[   485.296][cube-solver-5][DEBUG] Solving cube (l0 = natural_join4(), l1 = cross_join([1]), l2 = intersect())
[   485.299][cube-solver-5][DEBUG] Solving cube (l0 = natural_join4(), l1 = cross_join([1]), l2 = semi_join())
[   485.301][cube-solver-5][DEBUG] Solving cube (l0 = natural_join4(), l1 = cross_join([1]), l2 = cross_join([1]))
[   485.304][cube-solver-5][DEBUG] Solving cube (l0 = natural_join4(), l1 = cross_join([1]), l2 = inner_join())
[   485.307][cube-solver-5][DEBUG] Solving cube (l0 = natural_join4(), l1 = inner_join(), l2 = natural_join())
[   485.308][cube-solver-5][DEBUG] Solving cube (l0 = natural_join4(), l1 = inner_join(), l2 = natural_join3())
[   485.309][cube-solver-5][DEBUG] Solving cube (l0 = natural_join4(), l1 = inner_join(), l2 = natural_join4())
[   485.311][cube-solver-5][DEBUG] Solving cube (l0 = natural_join4(), l1 = inner_join(), l2 = anti_join())
[   485.312][cube-solver-5][DEBUG] Solving cube (l0 = natural_join4(), l1 = inner_join(), l2 = left_join())
[   485.313][cube-solver-5][DEBUG] Solving cube (l0 = natural_join4(), l1 = inner_join(), l2 = union())
[   485.314][cube-solver-5][DEBUG] Solving cube (l0 = natural_join4(), l1 = inner_join(), l2 = intersect())
[   485.316][cube-solver-5][DEBUG] Solving cube (l0 = natural_join4(), l1 = inner_join(), l2 = semi_join())
[   485.317][cube-solver-5][DEBUG] Solving cube (l0 = natural_join4(), l1 = inner_join(), l2 = cross_join([1]))
[   485.319][cube-solver-5][DEBUG] Solving cube (l0 = natural_join4(), l1 = inner_join(), l2 = inner_join())
[   485.321][cube-solver-5][DEBUG] Solving cube (l0 = natural_join4(), l1 = natural_join(), l2 = anti_join())
[   485.322][cube-solver-5][DEBUG] Solving cube (l0 = natural_join4(), l1 = natural_join(), l2 = left_join())
[   485.323][cube-solver-5][DEBUG] Solving cube (l0 = natural_join4(), l1 = natural_join(), l2 = union())
[   485.325][cube-solver-5][DEBUG] Solving cube (l0 = natural_join4(), l1 = natural_join(), l2 = intersect())
[   485.326][cube-solver-5][DEBUG] Solving cube (l0 = natural_join4(), l1 = natural_join(), l2 = semi_join())
[   485.327][cube-solver-5][DEBUG] Solving cube (l0 = natural_join4(), l1 = natural_join(), l2 = cross_join([1]))
[   485.329][cube-solver-5][DEBUG] Solving cube (l0 = natural_join4(), l1 = natural_join(), l2 = inner_join())
[   485.331][cube-solver-5][DEBUG] Solving cube (l0 = natural_join4(), l1 = natural_join(), l2 = natural_join())
[   485.332][cube-solver-5][DEBUG] Solving cube (l0 = natural_join4(), l1 = natural_join(), l2 = natural_join3())
[   485.333][cube-solver-5][DEBUG] Solving cube (l0 = natural_join4(), l1 = natural_join(), l2 = natural_join4())
[   485.335][cube-solver-5][DEBUG] Solving cube (l0 = natural_join4(), l1 = natural_join3(), l2 = anti_join())
[   485.336][cube-solver-5][DEBUG] Solving cube (l0 = natural_join4(), l1 = natural_join3(), l2 = left_join())
[   485.337][cube-solver-5][DEBUG] Solving cube (l0 = natural_join4(), l1 = natural_join3(), l2 = union())
[   485.339][cube-solver-5][DEBUG] Solving cube (l0 = natural_join4(), l1 = natural_join3(), l2 = intersect())
[   485.340][cube-solver-5][DEBUG] Solving cube (l0 = natural_join4(), l1 = natural_join3(), l2 = semi_join())
[   485.341][cube-solver-5][DEBUG] Solving cube (l0 = natural_join4(), l1 = natural_join3(), l2 = cross_join([1]))
[   485.343][cube-solver-5][DEBUG] Solving cube (l0 = natural_join4(), l1 = natural_join3(), l2 = inner_join())
[   485.345][cube-solver-5][DEBUG] Solving cube (l0 = natural_join4(), l1 = natural_join3(), l2 = natural_join())
[   485.346][cube-solver-5][DEBUG] Solving cube (l0 = natural_join4(), l1 = natural_join3(), l2 = natural_join3())
[   485.347][cube-solver-5][DEBUG] Solving cube (l0 = natural_join4(), l1 = natural_join3(), l2 = natural_join4())
[   485.349][cube-solver-5][DEBUG] Solving cube (l0 = natural_join4(), l1 = natural_join4(), l2 = anti_join())
[   485.350][cube-solver-5][DEBUG] Solving cube (l0 = natural_join4(), l1 = natural_join4(), l2 = left_join())
[   485.351][cube-solver-5][DEBUG] Solving cube (l0 = natural_join4(), l1 = natural_join4(), l2 = union())
[   485.353][cube-solver-5][DEBUG] Solving cube (l0 = natural_join4(), l1 = natural_join4(), l2 = intersect())
[   485.354][cube-solver-5][DEBUG] Solving cube (l0 = natural_join4(), l1 = natural_join4(), l2 = semi_join())
[   485.355][cube-solver-5][DEBUG] Solving cube (l0 = natural_join4(), l1 = natural_join4(), l2 = cross_join([1]))
[   485.357][cube-solver-5][DEBUG] Solving cube (l0 = natural_join4(), l1 = natural_join4(), l2 = inner_join())
[   485.359][cube-solver-5][DEBUG] Solving cube (l0 = natural_join4(), l1 = natural_join4(), l2 = natural_join())
[   485.360][cube-solver-5][DEBUG] Solving cube (l0 = natural_join4(), l1 = natural_join4(), l2 = natural_join3())
[   485.361][cube-solver-5][DEBUG] Solving cube (l0 = natural_join4(), l1 = natural_join4(), l2 = natural_join4())
[   485.363][cube-solver-5][DEBUG] Solving cube (l0 = anti_join(), l1 = natural_join(), l2 = anti_join())
[   485.364][cube-solver-5][DEBUG] Solving cube (l0 = anti_join(), l1 = natural_join(), l2 = left_join())
[   485.365][cube-solver-5][DEBUG] Solving cube (l0 = anti_join(), l1 = natural_join(), l2 = union())
[   485.367][cube-solver-5][DEBUG] Solving cube (l0 = anti_join(), l1 = natural_join(), l2 = intersect())
[   485.368][cube-solver-5][DEBUG] Solving cube (l0 = anti_join(), l1 = natural_join(), l2 = semi_join())
[   485.369][cube-solver-5][DEBUG] Solving cube (l0 = anti_join(), l1 = natural_join(), l2 = cross_join([1]))
[   485.371][cube-solver-5][DEBUG] Solving cube (l0 = anti_join(), l1 = natural_join(), l2 = inner_join())
[   485.372][cube-solver-5][DEBUG] Solving cube (l0 = anti_join(), l1 = natural_join(), l2 = natural_join())
[   485.374][cube-solver-5][DEBUG] Solving cube (l0 = anti_join(), l1 = natural_join(), l2 = natural_join3())
[   485.375][cube-solver-5][DEBUG] Solving cube (l0 = anti_join(), l1 = natural_join(), l2 = natural_join4())
[   485.376][cube-solver-5][DEBUG] Solving cube (l0 = anti_join(), l1 = natural_join3(), l2 = anti_join())
[   485.378][cube-solver-5][DEBUG] Solving cube (l0 = anti_join(), l1 = natural_join3(), l2 = left_join())
[   485.379][cube-solver-5][DEBUG] Solving cube (l0 = anti_join(), l1 = natural_join3(), l2 = union())
[   485.380][cube-solver-5][DEBUG] Solving cube (l0 = anti_join(), l1 = natural_join3(), l2 = intersect())
[   485.382][cube-solver-5][DEBUG] Solving cube (l0 = anti_join(), l1 = natural_join3(), l2 = semi_join())
[   485.383][cube-solver-5][DEBUG] Solving cube (l0 = anti_join(), l1 = natural_join3(), l2 = cross_join([1]))
[   485.385][cube-solver-5][DEBUG] Solving cube (l0 = anti_join(), l1 = natural_join3(), l2 = inner_join())
[   485.386][cube-solver-5][DEBUG] Solving cube (l0 = anti_join(), l1 = natural_join3(), l2 = natural_join())
[   485.387][cube-solver-5][DEBUG] Solving cube (l0 = anti_join(), l1 = natural_join3(), l2 = natural_join3())
[   485.389][cube-solver-5][DEBUG] Solving cube (l0 = anti_join(), l1 = natural_join3(), l2 = natural_join4())
[   485.390][cube-solver-5][DEBUG] Solving cube (l0 = anti_join(), l1 = natural_join4(), l2 = anti_join())
[   485.391][cube-solver-5][DEBUG] Solving cube (l0 = anti_join(), l1 = natural_join4(), l2 = left_join())
[   485.393][cube-solver-5][DEBUG] Solving cube (l0 = anti_join(), l1 = natural_join4(), l2 = union())
[   485.394][cube-solver-5][DEBUG] Solving cube (l0 = anti_join(), l1 = natural_join4(), l2 = intersect())
[   485.395][cube-solver-5][DEBUG] Solving cube (l0 = anti_join(), l1 = natural_join4(), l2 = semi_join())
[   485.397][cube-solver-5][DEBUG] Solving cube (l0 = anti_join(), l1 = natural_join4(), l2 = cross_join([1]))
[   485.399][cube-solver-5][DEBUG] Solving cube (l0 = anti_join(), l1 = natural_join4(), l2 = inner_join())
[   485.400][cube-solver-5][DEBUG] Solving cube (l0 = anti_join(), l1 = natural_join4(), l2 = natural_join())
[   485.401][cube-solver-5][DEBUG] Solving cube (l0 = anti_join(), l1 = natural_join4(), l2 = natural_join3())
[   485.403][cube-solver-5][DEBUG] Solving cube (l0 = anti_join(), l1 = natural_join4(), l2 = natural_join4())
[   485.404][cube-solver-5][DEBUG] Solving cube (l0 = anti_join(), l1 = anti_join(), l2 = natural_join())
[   485.405][cube-solver-5][DEBUG] Solving cube (l0 = anti_join(), l1 = anti_join(), l2 = natural_join3())
[   485.406][cube-solver-5][DEBUG] Solving cube (l0 = anti_join(), l1 = anti_join(), l2 = natural_join4())
[   485.408][cube-solver-5][DEBUG] Solving cube (l0 = anti_join(), l1 = anti_join(), l2 = anti_join())
[   485.409][cube-solver-5][DEBUG] Solving cube (l0 = anti_join(), l1 = anti_join(), l2 = left_join())
[   485.410][cube-solver-5][DEBUG] Solving cube (l0 = anti_join(), l1 = anti_join(), l2 = union())
[   485.412][cube-solver-5][DEBUG] Solving cube (l0 = anti_join(), l1 = anti_join(), l2 = intersect())
[   485.413][cube-solver-5][DEBUG] Solving cube (l0 = anti_join(), l1 = anti_join(), l2 = semi_join())
[   485.414][cube-solver-5][DEBUG] Solving cube (l0 = anti_join(), l1 = anti_join(), l2 = cross_join([1]))
[   485.416][cube-solver-5][DEBUG] Solving cube (l0 = anti_join(), l1 = anti_join(), l2 = inner_join())
[   485.417][cube-solver-5][DEBUG] Solving cube (l0 = anti_join(), l1 = left_join(), l2 = natural_join())
[   485.419][cube-solver-5][DEBUG] Solving cube (l0 = anti_join(), l1 = left_join(), l2 = natural_join3())
[   485.420][cube-solver-5][DEBUG] Solving cube (l0 = anti_join(), l1 = left_join(), l2 = natural_join4())
[   485.421][cube-solver-5][DEBUG] Solving cube (l0 = anti_join(), l1 = left_join(), l2 = anti_join())
[   485.423][cube-solver-5][DEBUG] Solving cube (l0 = anti_join(), l1 = left_join(), l2 = left_join())
[   485.424][cube-solver-5][DEBUG] Solving cube (l0 = anti_join(), l1 = left_join(), l2 = union())
[   485.425][cube-solver-5][DEBUG] Solving cube (l0 = anti_join(), l1 = left_join(), l2 = intersect())
[   485.427][cube-solver-5][DEBUG] Solving cube (l0 = anti_join(), l1 = left_join(), l2 = semi_join())
[   485.428][cube-solver-5][DEBUG] Solving cube (l0 = anti_join(), l1 = left_join(), l2 = cross_join([1]))
[   485.430][cube-solver-5][DEBUG] Solving cube (l0 = anti_join(), l1 = left_join(), l2 = inner_join())
[   485.431][cube-solver-5][DEBUG] Solving cube (l0 = anti_join(), l1 = union(), l2 = natural_join())
[   485.433][cube-solver-5][DEBUG] Solving cube (l0 = anti_join(), l1 = union(), l2 = natural_join3())
[   485.434][cube-solver-5][DEBUG] Solving cube (l0 = anti_join(), l1 = union(), l2 = natural_join4())
[   485.435][cube-solver-5][DEBUG] Solving cube (l0 = anti_join(), l1 = union(), l2 = anti_join())
[   485.436][cube-solver-5][DEBUG] Solving cube (l0 = anti_join(), l1 = union(), l2 = left_join())
[   485.438][cube-solver-5][DEBUG] Solving cube (l0 = anti_join(), l1 = union(), l2 = union())
[   485.439][cube-solver-5][DEBUG] Solving cube (l0 = anti_join(), l1 = union(), l2 = intersect())
[   485.440][cube-solver-5][DEBUG] Solving cube (l0 = anti_join(), l1 = union(), l2 = semi_join())
[   485.442][cube-solver-5][DEBUG] Solving cube (l0 = anti_join(), l1 = union(), l2 = cross_join([1]))
[   485.444][cube-solver-5][DEBUG] Solving cube (l0 = anti_join(), l1 = union(), l2 = inner_join())
[   485.445][cube-solver-5][DEBUG] Solving cube (l0 = anti_join(), l1 = intersect(), l2 = natural_join())
[   485.447][cube-solver-5][DEBUG] Solving cube (l0 = anti_join(), l1 = intersect(), l2 = natural_join3())
[   485.448][cube-solver-5][DEBUG] Solving cube (l0 = anti_join(), l1 = intersect(), l2 = natural_join4())
[   485.449][cube-solver-5][DEBUG] Solving cube (l0 = anti_join(), l1 = intersect(), l2 = anti_join())
[   485.450][cube-solver-5][DEBUG] Solving cube (l0 = anti_join(), l1 = intersect(), l2 = left_join())
[   485.452][cube-solver-5][DEBUG] Solving cube (l0 = anti_join(), l1 = intersect(), l2 = union())
[   485.453][cube-solver-5][DEBUG] Solving cube (l0 = anti_join(), l1 = intersect(), l2 = intersect())
[   485.454][cube-solver-5][DEBUG] Solving cube (l0 = anti_join(), l1 = intersect(), l2 = semi_join())
[   485.456][cube-solver-5][DEBUG] Solving cube (l0 = anti_join(), l1 = intersect(), l2 = cross_join([1]))
[   485.458][cube-solver-5][DEBUG] Solving cube (l0 = anti_join(), l1 = intersect(), l2 = inner_join())
[   485.459][cube-solver-5][DEBUG] Solving cube (l0 = anti_join(), l1 = semi_join(), l2 = natural_join())
[   485.460][cube-solver-5][DEBUG] Solving cube (l0 = anti_join(), l1 = semi_join(), l2 = natural_join3())
[   485.462][cube-solver-5][DEBUG] Solving cube (l0 = anti_join(), l1 = semi_join(), l2 = natural_join4())
[   485.463][cube-solver-5][DEBUG] Solving cube (l0 = anti_join(), l1 = semi_join(), l2 = anti_join())
[   485.464][cube-solver-5][DEBUG] Solving cube (l0 = anti_join(), l1 = semi_join(), l2 = left_join())
[   485.466][cube-solver-5][DEBUG] Solving cube (l0 = anti_join(), l1 = semi_join(), l2 = union())
[   485.467][cube-solver-5][DEBUG] Solving cube (l0 = anti_join(), l1 = semi_join(), l2 = intersect())
[   485.468][cube-solver-5][DEBUG] Solving cube (l0 = anti_join(), l1 = semi_join(), l2 = semi_join())
[   485.469][cube-solver-5][DEBUG] Solving cube (l0 = anti_join(), l1 = semi_join(), l2 = cross_join([1]))
[   485.472][cube-solver-5][DEBUG] Solving cube (l0 = anti_join(), l1 = semi_join(), l2 = inner_join())
[   485.473][cube-solver-5][DEBUG] Solving cube (l0 = anti_join(), l1 = cross_join([1]), l2 = natural_join())
[   485.475][cube-solver-5][DEBUG] Solving cube (l0 = anti_join(), l1 = cross_join([1]), l2 = natural_join3())
[   485.477][cube-solver-5][DEBUG] Solving cube (l0 = anti_join(), l1 = cross_join([1]), l2 = natural_join4())
[   485.479][cube-solver-5][DEBUG] Solving cube (l0 = anti_join(), l1 = cross_join([1]), l2 = anti_join())
[   485.481][cube-solver-5][DEBUG] Solving cube (l0 = anti_join(), l1 = cross_join([1]), l2 = left_join())
[   485.483][cube-solver-5][DEBUG] Solving cube (l0 = anti_join(), l1 = cross_join([1]), l2 = union())
[   485.485][cube-solver-5][DEBUG] Solving cube (l0 = anti_join(), l1 = cross_join([1]), l2 = intersect())
[   485.487][cube-solver-5][DEBUG] Solving cube (l0 = anti_join(), l1 = cross_join([1]), l2 = semi_join())
[   485.489][cube-solver-5][DEBUG] Solving cube (l0 = anti_join(), l1 = cross_join([1]), l2 = cross_join([1]))
[   485.491][cube-solver-5][DEBUG] Solving cube (l0 = anti_join(), l1 = cross_join([1]), l2 = inner_join())
[   485.494][cube-solver-5][DEBUG] Solving cube (l0 = anti_join(), l1 = inner_join(), l2 = natural_join())
[   485.495][cube-solver-5][DEBUG] Solving cube (l0 = anti_join(), l1 = inner_join(), l2 = natural_join3())
[   485.496][cube-solver-5][DEBUG] Solving cube (l0 = anti_join(), l1 = inner_join(), l2 = natural_join4())
[   485.497][cube-solver-5][DEBUG] Solving cube (l0 = anti_join(), l1 = inner_join(), l2 = anti_join())
[   485.499][cube-solver-5][DEBUG] Solving cube (l0 = anti_join(), l1 = inner_join(), l2 = left_join())
[   485.500][cube-solver-5][DEBUG] Solving cube (l0 = anti_join(), l1 = inner_join(), l2 = union())
[   485.501][cube-solver-5][DEBUG] Solving cube (l0 = anti_join(), l1 = inner_join(), l2 = intersect())
[   485.503][cube-solver-5][DEBUG] Solving cube (l0 = anti_join(), l1 = inner_join(), l2 = semi_join())
[   485.504][cube-solver-5][DEBUG] Solving cube (l0 = anti_join(), l1 = inner_join(), l2 = cross_join([1]))
[   485.506][cube-solver-5][DEBUG] Solving cube (l0 = anti_join(), l1 = inner_join(), l2 = inner_join())
[   485.507][cube-solver-5][DEBUG] Solving cube (l0 = left_join(), l1 = natural_join(), l2 = anti_join())
[   485.509][cube-solver-5][DEBUG] Solving cube (l0 = left_join(), l1 = natural_join(), l2 = left_join())
[   489.114][cube-solver-5][DEBUG] Solving cube (l0 = left_join(), l1 = natural_join(), l2 = union())
[   492.654][cube-solver-5][DEBUG] Solving cube (l0 = left_join(), l1 = natural_join(), l2 = intersect())
[   493.438][cube-solver-5][DEBUG] Solving cube (l0 = left_join(), l1 = natural_join(), l2 = semi_join())
[   497.016][cube-solver-5][DEBUG] Solving cube (l0 = left_join(), l1 = natural_join(), l2 = cross_join([1]))
[   497.146][cube-solver-5][DEBUG] Solving cube (l0 = left_join(), l1 = natural_join(), l2 = inner_join())
[   502.406][cube-solver-7][DEBUG] Initialising process for 3 lines of code.
[   502.608][cube-solver-7][DEBUG] Solving cube (l0 = left_join(), l1 = natural_join(), l2 = natural_join())
[   503.326][cube-solver-4][DEBUG] Initialising process for 3 lines of code.
[   503.574][cube-solver-4][DEBUG] Solving cube (l0 = left_join(), l1 = natural_join(), l2 = natural_join3())
[   503.576][cube-solver-4][DEBUG] Solving cube (l0 = left_join(), l1 = natural_join(), l2 = natural_join4())
[   503.578][cube-solver-4][DEBUG] Solving cube (l0 = left_join(), l1 = natural_join3(), l2 = anti_join())
[   503.580][cube-solver-4][DEBUG] Solving cube (l0 = left_join(), l1 = natural_join3(), l2 = left_join())
[   503.582][cube-solver-4][DEBUG] Solving cube (l0 = left_join(), l1 = natural_join3(), l2 = union())
[   503.583][cube-solver-4][DEBUG] Solving cube (l0 = left_join(), l1 = natural_join3(), l2 = intersect())
[   503.584][cube-solver-4][DEBUG] Solving cube (l0 = left_join(), l1 = natural_join3(), l2 = semi_join())
[   503.586][cube-solver-4][DEBUG] Solving cube (l0 = left_join(), l1 = natural_join3(), l2 = cross_join([1]))
[   503.588][cube-solver-4][DEBUG] Solving cube (l0 = left_join(), l1 = natural_join3(), l2 = inner_join())
[   503.589][cube-solver-4][DEBUG] Solving cube (l0 = left_join(), l1 = natural_join3(), l2 = natural_join())
[   503.591][cube-solver-4][DEBUG] Solving cube (l0 = left_join(), l1 = natural_join3(), l2 = natural_join3())
[   503.592][cube-solver-4][DEBUG] Solving cube (l0 = left_join(), l1 = natural_join3(), l2 = natural_join4())
[   503.593][cube-solver-4][DEBUG] Solving cube (l0 = left_join(), l1 = natural_join4(), l2 = anti_join())
[   503.595][cube-solver-4][DEBUG] Solving cube (l0 = left_join(), l1 = natural_join4(), l2 = left_join())
[   503.596][cube-solver-4][DEBUG] Solving cube (l0 = left_join(), l1 = natural_join4(), l2 = union())
[   503.598][cube-solver-4][DEBUG] Solving cube (l0 = left_join(), l1 = natural_join4(), l2 = intersect())
[   503.599][cube-solver-4][DEBUG] Solving cube (l0 = left_join(), l1 = natural_join4(), l2 = semi_join())
[   503.600][cube-solver-4][DEBUG] Solving cube (l0 = left_join(), l1 = natural_join4(), l2 = cross_join([1]))
[   503.602][cube-solver-4][DEBUG] Solving cube (l0 = left_join(), l1 = natural_join4(), l2 = inner_join())
[   503.604][cube-solver-4][DEBUG] Solving cube (l0 = left_join(), l1 = natural_join4(), l2 = natural_join())
[   503.605][cube-solver-4][DEBUG] Solving cube (l0 = left_join(), l1 = natural_join4(), l2 = natural_join3())
[   503.606][cube-solver-4][DEBUG] Solving cube (l0 = left_join(), l1 = natural_join4(), l2 = natural_join4())
[   503.608][cube-solver-4][DEBUG] Solving cube (l0 = left_join(), l1 = anti_join(), l2 = natural_join())
[   505.533][cube-solver-7][DEBUG] Solving cube (l0 = left_join(), l1 = anti_join(), l2 = natural_join3())
[   505.535][cube-solver-7][DEBUG] Solving cube (l0 = left_join(), l1 = anti_join(), l2 = natural_join4())
[   505.537][cube-solver-7][DEBUG] Solving cube (l0 = left_join(), l1 = anti_join(), l2 = anti_join())
[   505.538][cube-solver-7][DEBUG] Solving cube (l0 = left_join(), l1 = anti_join(), l2 = left_join())
[   509.151][cube-solver-3][DEBUG] Initialising process for 3 lines of code.
[   509.403][cube-solver-3][DEBUG] Solving cube (l0 = left_join(), l1 = anti_join(), l2 = union())
[   516.228][cube-solver-0][DEBUG] Initialising process for 3 lines of code.
[   516.462][cube-solver-0][DEBUG] Solving cube (l0 = left_join(), l1 = anti_join(), l2 = intersect())
[   517.293][cube-solver-6][DEBUG] Initialising process for 3 lines of code.
[   517.529][cube-solver-6][DEBUG] Solving cube (l0 = left_join(), l1 = anti_join(), l2 = semi_join())
[   526.155][cube-solver-0][DEBUG] Solving cube (l0 = left_join(), l1 = anti_join(), l2 = cross_join([1]))
[   527.579][cube-solver-0][DEBUG] Solving cube (l0 = left_join(), l1 = anti_join(), l2 = inner_join())
[   535.649][cube-solver-4][DEBUG] Solving cube (l0 = left_join(), l1 = left_join(), l2 = natural_join())
[   540.844][cube-solver-4][DEBUG] Solving cube (l0 = left_join(), l1 = left_join(), l2 = natural_join3())
[   545.987][cube-solver-7][DEBUG] Solving cube (l0 = left_join(), l1 = left_join(), l2 = natural_join4())
[   545.989][cube-solver-7][DEBUG] Solving cube (l0 = left_join(), l1 = left_join(), l2 = anti_join())
[   549.464][cube-solver-3][DEBUG] Solving cube (l0 = left_join(), l1 = left_join(), l2 = left_join())
[   549.568][cube-solver-4][DEBUG] Solving cube (l0 = left_join(), l1 = left_join(), l2 = union())
[   555.771][cube-solver-4][DEBUG] Solving cube (l0 = left_join(), l1 = left_join(), l2 = intersect())
[   555.808][cube-solver-3][DEBUG] Solving cube (l0 = left_join(), l1 = left_join(), l2 = semi_join())
[   557.213][cube-solver-4][DEBUG] Solving cube (l0 = left_join(), l1 = left_join(), l2 = cross_join([1]))
[   557.443][cube-solver-4][DEBUG] Solving cube (l0 = left_join(), l1 = left_join(), l2 = inner_join())
[   558.103][cube-solver-6][DEBUG] Solving cube (l0 = left_join(), l1 = union(), l2 = natural_join())
[   562.121][cube-solver-3][DEBUG] Solving cube (l0 = left_join(), l1 = union(), l2 = natural_join3())
[   563.295][cube-solver-6][DEBUG] Solving cube (l0 = left_join(), l1 = union(), l2 = natural_join4())
[   563.297][cube-solver-6][DEBUG] Solving cube (l0 = left_join(), l1 = union(), l2 = anti_join())
[   571.025][cube-solver-3][DEBUG] Solving cube (l0 = left_join(), l1 = union(), l2 = left_join())
[   577.364][cube-solver-3][DEBUG] Solving cube (l0 = left_join(), l1 = union(), l2 = union())
[   583.686][cube-solver-3][DEBUG] Solving cube (l0 = left_join(), l1 = union(), l2 = intersect())
[   585.452][cube-solver-3][DEBUG] Solving cube (l0 = left_join(), l1 = union(), l2 = semi_join())
[   591.923][cube-solver-3][DEBUG] Solving cube (l0 = left_join(), l1 = union(), l2 = cross_join([1]))
[   592.140][cube-solver-3][DEBUG] Solving cube (l0 = left_join(), l1 = union(), l2 = inner_join())
[   599.967][MainProcess][INFO] Statistics:
[   599.968][MainProcess][INFO] 	Generated cubes: 570
[   599.968][MainProcess][INFO] 	Attempted programs: 2756
[   599.969][MainProcess][INFO] 		Rejected: 1812
[   599.969][MainProcess][INFO] 		Failed: 944
[   599.969][MainProcess][INFO] 	Blacklist clauses: 1
[   599.969][MainProcess][DEBUG] Printing statistics for good programs of size 1
[   599.989][MainProcess][DEBUG] 	0: Counter({'inner_join': 22800, 'union': 48, 'semi_join': 48, 'left_join': 48})
[   599.989][MainProcess][DEBUG] Printing statistics for good programs of size 2
[   600.128][MainProcess][DEBUG] 	0: Counter({'inner_join': 346582, 'left_join': 69984, 'union': 69984, 'semi_join': 69984, 'intersect': 2496})
[   600.239][MainProcess][DEBUG] 	1: Counter({'inner_join': 241159, 'anti_join': 85935, 'left_join': 69216, 'union': 69216, 'semi_join': 47232, 'natural_join': 46272})
[   600.239][MainProcess][DEBUG] Printing statistics for good programs of size 3
[   600.254][MainProcess][DEBUG] 	0: Counter({'left_join': 73504})
[   600.269][MainProcess][DEBUG] 	1: Counter({'anti_join': 29944, 'left_join': 17195, 'natural_join': 16269, 'union': 10096})
[   600.283][MainProcess][DEBUG] 	2: Counter({'inner_join': 31206, 'anti_join': 11866, 'left_join': 7392, 'union': 7392, 'semi_join': 7392, 'natural_join': 5952, 'natural_join3': 2304})

No solution found
