[     1.554][MainProcess][INFO] Parsing specification...
[     1.557][MainProcess][WARNING] "attrs" field is deprecated. Please use "columns"
[     1.557][MainProcess][WARNING] "aggrs" field is deprecated. Please use "functions"
[     1.558][MainProcess][DEBUG] Reading input files...
[     1.565][MainProcess][INFO] Inferred data types for table tests-examples/textbook/tables/17-1.txt: ['string', 'string', 'int64']
[     1.570][MainProcess][INFO] Inferred data types for table tests-examples/textbook/tables/17-3.txt: ['string', 'string']
[     1.575][MainProcess][INFO] Inferred data types for table tests-examples/textbook/tables/17.out: ['string', 'string']
[     1.602][MainProcess][DEBUG] Generating DSL...
[     1.620][MainProcess][INFO] Creating 16 processes
[     1.677][MainProcess][DEBUG] Increasing generator loc to 2
[     1.677][cube-solver-0][DEBUG] Initialising process for 1 lines of code.
[     1.677][cube-solver-1][DEBUG] Initialising process for 1 lines of code.
[     1.678][cube-solver-2][DEBUG] Initialising process for 2 lines of code.
[     1.678][cube-solver-5][DEBUG] Initialising process for 2 lines of code.
[     1.678][cube-solver-3][DEBUG] Initialising process for 2 lines of code.
[     1.678][cube-solver-4][DEBUG] Initialising process for 2 lines of code.
[     1.681][cube-solver-6][DEBUG] Initialising process for 2 lines of code.
[     1.685][cube-solver-8][DEBUG] Initialising process for 2 lines of code.
[     1.690][cube-solver-7][DEBUG] Initialising process for 2 lines of code.
[     1.692][cube-solver-9][DEBUG] Initialising process for 2 lines of code.
[     1.693][cube-solver-10][DEBUG] Initialising process for 2 lines of code.
[     1.697][cube-solver-11][DEBUG] Initialising process for 2 lines of code.
[     1.708][cube-solver-12][DEBUG] Initialising process for 2 lines of code.
[     1.710][cube-solver-14][DEBUG] Initialising process for 2 lines of code.
[     1.713][cube-solver-13][DEBUG] Initialising process for 2 lines of code.
[     1.715][cube-solver-15][DEBUG] Initialising process for 2 lines of code.
[     1.815][cube-solver-0][WARNING] There is no solution for current loc (1).
[     1.816][cube-solver-0][DEBUG] Solving cube (l0 = summarise(),)
[     1.817][cube-solver-0][DEBUG] Initialising process for 2 lines of code.
[     1.860][cube-solver-1][WARNING] There is no solution for current loc (1).
[     1.860][cube-solver-1][DEBUG] Solving cube (l0 = mutate(),)
[     1.861][cube-solver-1][DEBUG] Initialising process for 2 lines of code.
[     1.916][cube-solver-3][DEBUG] Solving cube (l0 = natural_join(), l1 = mutate())
[     1.918][cube-solver-6][DEBUG] Solving cube (l0 = natural_join4(), l1 = summarise())
[     1.921][cube-solver-6][DEBUG] Solving cube (l0 = summarise(), l1 = cross_join())
[     1.922][cube-solver-8][DEBUG] Solving cube (l0 = summarise(), l1 = natural_join())
[     1.929][cube-solver-9][DEBUG] Solving cube (l0 = summarise(), l1 = natural_join3())
[     1.944][cube-solver-14][DEBUG] Solving cube (l0 = summarise(), l1 = left_join())
[     1.947][cube-solver-11][DEBUG] Solving cube (l0 = summarise(), l1 = summarise())
[     1.950][cube-solver-11][DEBUG] Solving cube (l0 = summarise(), l1 = mutate())
[     1.952][cube-solver-11][DEBUG] Solving cube (l0 = summarise(), l1 = inner_join())
[     1.953][cube-solver-10][DEBUG] Solving cube (l0 = summarise(), l1 = natural_join4())
[     1.957][cube-solver-10][DEBUG] Solving cube (l0 = filter(), l1 = summarise())
[     1.958][cube-solver-4][DEBUG] Solving cube (l0 = natural_join3(), l1 = summarise())
[     1.959][cube-solver-10][DEBUG] Solving cube (l0 = filter(), l1 = mutate())
[     1.961][cube-solver-4][DEBUG] Solving cube (l0 = anti_join(), l1 = summarise([1]))
[     1.961][cube-solver-10][DEBUG] Solving cube (l0 = anti_join(), l1 = mutate())
[     1.963][cube-solver-15][DEBUG] Solving cube (l0 = summarise([2]), l1 = union())
[     1.980][cube-solver-7][DEBUG] Solving cube (l0 = natural_join4(), l1 = mutate())
[     1.984][cube-solver-7][DEBUG] Solving cube (l0 = left_join(), l1 = summarise([4]))
[     1.990][cube-solver-12][DEBUG] Solving cube (l0 = summarise([4]), l1 = filter())
[     1.996][cube-solver-12][DEBUG] Solving cube (l0 = left_join(), l1 = mutate())
[     2.050][cube-solver-13][DEBUG] Solving cube (l0 = summarise([5]), l1 = anti_join([5]))
[     2.096][cube-solver-5][DEBUG] Solving cube (l0 = natural_join3(), l1 = mutate())
[     2.101][cube-solver-5][DEBUG] Solving cube (l0 = union(), l1 = summarise([6]))
[     2.108][cube-solver-2][DEBUG] Solving cube (l0 = natural_join(), l1 = summarise([6]))
[     2.158][cube-solver-0][DEBUG] Solving cube (l0 = summarise([9]), l1 = intersect())
[     2.276][cube-solver-1][DEBUG] Solving cube (l0 = summarise([11]), l1 = semi_join())
[     2.544][cube-solver-6][DEBUG] Solving cube (l0 = union(), l1 = mutate())
[     2.599][cube-solver-3][DEBUG] Solving cube (l0 = intersect(), l1 = summarise([14]))
[     2.646][cube-solver-10][DEBUG] Solving cube (l0 = intersect(), l1 = mutate())
[     2.672][cube-solver-12][DEBUG] Solving cube (l0 = semi_join(), l1 = summarise([14]))
[     2.845][cube-solver-1][DEBUG] Solving cube (l0 = semi_join(), l1 = mutate())
[     2.893][cube-solver-10][DEBUG] Solving cube (l0 = cross_join(), l1 = summarise([14]))
[     3.044][cube-solver-1][DEBUG] Solving cube (l0 = cross_join([2]), l1 = mutate())
[     3.047][cube-solver-1][DEBUG] Solving cube (l0 = mutate(), l1 = natural_join())
[     3.070][cube-solver-10][DEBUG] Solving cube (l0 = mutate(), l1 = natural_join3())
[     3.307][cube-solver-6][DEBUG] Solving cube (l0 = mutate([1]), l1 = natural_join4())
[     3.309][cube-solver-14][DEBUG] Solving cube (l0 = mutate([1]), l1 = summarise([14]))
[     3.311][cube-solver-6][DEBUG] Solving cube (l0 = mutate([1]), l1 = filter())
[     3.314][cube-solver-6][DEBUG] Solving cube (l0 = mutate([1]), l1 = anti_join([18]))
[     3.324][cube-solver-14][DEBUG] Solving cube (l0 = mutate([1]), l1 = left_join())
[     3.464][cube-solver-8][DEBUG] Solving cube (l0 = mutate([1]), l1 = union())
[     3.602][cube-solver-0][DEBUG] Solving cube (l0 = mutate([1]), l1 = intersect([8]))
[     3.644][cube-solver-12][DEBUG] Solving cube (l0 = mutate([1]), l1 = semi_join())
[     3.660][cube-solver-5][DEBUG] Solving cube (l0 = mutate([1]), l1 = cross_join([2]))
[     3.698][cube-solver-5][DEBUG] Solving cube (l0 = mutate([1]), l1 = mutate([1]))
[     3.701][cube-solver-5][DEBUG] Solving cube (l0 = mutate([1]), l1 = inner_join())
[     3.703][cube-solver-7][DEBUG] Solving cube (l0 = inner_join(), l1 = summarise([14]))
[     3.704][cube-solver-2][DEBUG] Solving cube (l0 = inner_join(), l1 = mutate([1]))
[     3.721][MainProcess][DEBUG] Increasing generator loc to 3
[     3.722][cube-solver-1][DEBUG] Initialising process for 3 lines of code.
[     3.862][cube-solver-0][DEBUG] Initialising process for 3 lines of code.
[     4.021][cube-solver-12][DEBUG] Initialising process for 3 lines of code.
[     4.061][cube-solver-6][DEBUG] Initialising process for 3 lines of code.
[     4.078][cube-solver-14][DEBUG] Initialising process for 3 lines of code.
[     4.140][cube-solver-8][DEBUG] Initialising process for 3 lines of code.
[     4.276][cube-solver-1][DEBUG] Solving cube (l0 = natural_join(), l1 = summarise([14]), l2 = natural_join())
[     4.283][cube-solver-0][DEBUG] Solving cube (l0 = natural_join(), l1 = summarise([14]), l2 = natural_join3())
[     4.470][cube-solver-12][DEBUG] Solving cube (l0 = natural_join(), l1 = summarise([14]), l2 = natural_join4())
[     4.482][cube-solver-12][DEBUG] Solving cube (l0 = natural_join(), l1 = summarise([14]), l2 = left_join())
[     4.528][cube-solver-3][DEBUG] Initialising process for 3 lines of code.
[     4.577][cube-solver-15][DEBUG] Initialising process for 3 lines of code.
[     4.577][cube-solver-8][DEBUG] Solving cube (l0 = natural_join(), l1 = summarise([14]), l2 = anti_join([18]))
[     4.605][cube-solver-6][DEBUG] Solving cube (l0 = natural_join(), l1 = summarise([14]), l2 = summarise([14]))
[     4.620][cube-solver-14][DEBUG] Solving cube (l0 = natural_join(), l1 = summarise([14]), l2 = filter())
[     4.629][cube-solver-6][DEBUG] Solving cube (l0 = natural_join(), l1 = summarise([14]), l2 = semi_join())
[     4.995][cube-solver-10][DEBUG] Initialising process for 3 lines of code.
[     5.028][cube-solver-4][DEBUG] Initialising process for 3 lines of code.
[     5.029][cube-solver-3][DEBUG] Solving cube (l0 = natural_join(), l1 = summarise([14]), l2 = union())
[     5.069][cube-solver-15][DEBUG] Solving cube (l0 = natural_join(), l1 = summarise([14]), l2 = intersect([8]))
[     5.443][cube-solver-10][DEBUG] Solving cube (l0 = natural_join(), l1 = summarise([14]), l2 = cross_join([2]))
[     5.533][cube-solver-4][DEBUG] Solving cube (l0 = natural_join(), l1 = summarise([14]), l2 = mutate([1]))
[     5.999][cube-solver-13][DEBUG] Initialising process for 3 lines of code.
[     6.421][cube-solver-4][DEBUG] Solving cube (l0 = natural_join(), l1 = filter(), l2 = summarise([14]))
[     6.435][cube-solver-4][DEBUG] Solving cube (l0 = natural_join(), l1 = filter(), l2 = mutate([1]))
[     6.440][cube-solver-4][DEBUG] Solving cube (l0 = natural_join(), l1 = anti_join([18]), l2 = summarise([14]))
[     6.451][cube-solver-13][DEBUG] Solving cube (l0 = natural_join(), l1 = summarise([14]), l2 = inner_join([36]))
[     6.459][cube-solver-4][DEBUG] Solving cube (l0 = natural_join(), l1 = anti_join([18]), l2 = mutate([1]))
[     6.476][cube-solver-4][DEBUG] Solving cube (l0 = natural_join(), l1 = left_join(), l2 = summarise([14]))
[     8.375][cube-solver-10][DEBUG] Solving cube (l0 = natural_join(), l1 = left_join(), l2 = mutate([1]))
[     8.874][cube-solver-14][DEBUG] Solving cube (l0 = natural_join(), l1 = union(), l2 = summarise([14]))
[    11.156][cube-solver-2][DEBUG] Initialising process for 3 lines of code.
[    11.398][cube-solver-10][DEBUG] Solving cube (l0 = natural_join(), l1 = intersect([8]), l2 = summarise([14]))
[    11.638][cube-solver-2][DEBUG] Solving cube (l0 = natural_join(), l1 = union(), l2 = mutate([1]))
[    11.736][cube-solver-9][DEBUG] Initialising process for 3 lines of code.
[    12.105][cube-solver-5][DEBUG] Initialising process for 3 lines of code.
[    12.338][cube-solver-9][DEBUG] Solving cube (l0 = natural_join(), l1 = intersect([8]), l2 = mutate([1]))
[    12.637][cube-solver-5][DEBUG] Solving cube (l0 = natural_join(), l1 = semi_join(), l2 = summarise([14]))
[    13.463][cube-solver-9][DEBUG] Solving cube (l0 = natural_join(), l1 = semi_join(), l2 = mutate([1]))
[    14.226][cube-solver-4][DEBUG] Solving cube (l0 = natural_join(), l1 = cross_join([2]), l2 = summarise([14]))
[    14.568][cube-solver-2][DEBUG] Solving cube (l0 = natural_join(), l1 = cross_join([2]), l2 = mutate([1]))
[    14.775][cube-solver-2][DEBUG] Solving cube (l0 = natural_join(), l1 = mutate([1]), l2 = natural_join())
[    15.772][cube-solver-4][DEBUG] Solving cube (l0 = natural_join(), l1 = mutate([1]), l2 = natural_join3())
[    15.773][cube-solver-9][DEBUG] Solving cube (l0 = natural_join(), l1 = mutate([1]), l2 = natural_join4())
[    15.781][cube-solver-9][DEBUG] Solving cube (l0 = natural_join(), l1 = mutate([1]), l2 = summarise([14]))
[    16.676][cube-solver-14][DEBUG] Solving cube (l0 = natural_join(), l1 = mutate([1]), l2 = filter())
[    17.443][cube-solver-9][DEBUG] Solving cube (l0 = natural_join(), l1 = mutate([1]), l2 = anti_join([18]))
[    18.745][cube-solver-5][DEBUG] Solving cube (l0 = natural_join(), l1 = mutate([1]), l2 = left_join())
[    19.441][cube-solver-4][DEBUG] Solving cube (l0 = natural_join(), l1 = mutate([1]), l2 = union())
[    19.549][cube-solver-14][DEBUG] Solving cube (l0 = natural_join(), l1 = mutate([1]), l2 = intersect([8]))
[    19.801][cube-solver-2][DEBUG] Solving cube (l0 = natural_join(), l1 = mutate([1]), l2 = semi_join())
[    20.210][cube-solver-6][DEBUG] Solving cube (l0 = natural_join(), l1 = mutate([1]), l2 = cross_join([2]))
[    20.500][cube-solver-6][DEBUG] Solving cube (l0 = natural_join(), l1 = mutate([1]), l2 = mutate([1]))
[    20.674][cube-solver-10][DEBUG] Solving cube (l0 = natural_join(), l1 = mutate([1]), l2 = inner_join([84]))
[    21.114][cube-solver-6][DEBUG] Solving cube (l0 = natural_join(), l1 = inner_join([84]), l2 = summarise([14]))
[    21.342][cube-solver-15][DEBUG] Solving cube (l0 = natural_join(), l1 = inner_join([84]), l2 = mutate([1]))
[    21.355][cube-solver-14][DEBUG] Solving cube (l0 = natural_join(), l1 = natural_join(), l2 = summarise([14]))
[    24.065][cube-solver-2][DEBUG] Solving cube (l0 = natural_join(), l1 = natural_join(), l2 = mutate([1]))
[    24.231][cube-solver-5][DEBUG] Solving cube (l0 = natural_join(), l1 = natural_join3(), l2 = summarise([14]))
[    24.240][cube-solver-5][DEBUG] Solving cube (l0 = natural_join(), l1 = natural_join3(), l2 = mutate([1]))
[    24.243][cube-solver-5][DEBUG] Solving cube (l0 = natural_join(), l1 = natural_join4(), l2 = summarise([14]))
[    24.251][cube-solver-5][DEBUG] Solving cube (l0 = natural_join(), l1 = natural_join4(), l2 = mutate([1]))
[    24.253][cube-solver-5][DEBUG] Solving cube (l0 = natural_join3(), l1 = summarise([14]), l2 = natural_join())
[    24.262][cube-solver-5][DEBUG] Solving cube (l0 = natural_join3(), l1 = summarise([14]), l2 = natural_join3())
[    24.270][cube-solver-5][DEBUG] Solving cube (l0 = natural_join3(), l1 = summarise([14]), l2 = natural_join4())
[    24.278][cube-solver-5][DEBUG] Solving cube (l0 = natural_join3(), l1 = summarise([14]), l2 = summarise([14]))
[    24.291][cube-solver-5][DEBUG] Solving cube (l0 = natural_join3(), l1 = summarise([14]), l2 = filter())
[    24.299][cube-solver-5][DEBUG] Solving cube (l0 = natural_join3(), l1 = summarise([14]), l2 = anti_join([18]))
[    24.314][cube-solver-5][DEBUG] Solving cube (l0 = natural_join3(), l1 = summarise([14]), l2 = left_join())
[    24.322][cube-solver-5][DEBUG] Solving cube (l0 = natural_join3(), l1 = summarise([14]), l2 = union())
[    24.331][cube-solver-5][DEBUG] Solving cube (l0 = natural_join3(), l1 = summarise([14]), l2 = intersect([8]))
[    24.342][cube-solver-5][DEBUG] Solving cube (l0 = natural_join3(), l1 = summarise([14]), l2 = semi_join())
[    24.350][cube-solver-5][DEBUG] Solving cube (l0 = natural_join3(), l1 = summarise([14]), l2 = cross_join([2]))
[    24.359][cube-solver-5][DEBUG] Solving cube (l0 = natural_join3(), l1 = summarise([14]), l2 = mutate([1]))
[    24.371][cube-solver-5][DEBUG] Solving cube (l0 = natural_join3(), l1 = summarise([14]), l2 = inner_join([84]))
[    24.412][cube-solver-5][DEBUG] Solving cube (l0 = natural_join3(), l1 = filter(), l2 = summarise([14]))
[    24.419][cube-solver-5][DEBUG] Solving cube (l0 = natural_join3(), l1 = filter(), l2 = mutate([1]))
[    24.422][cube-solver-5][DEBUG] Solving cube (l0 = natural_join3(), l1 = anti_join([18]), l2 = summarise([14]))
[    24.437][cube-solver-5][DEBUG] Solving cube (l0 = natural_join3(), l1 = anti_join([18]), l2 = mutate([1]))
[    24.446][cube-solver-5][DEBUG] Solving cube (l0 = natural_join3(), l1 = left_join(), l2 = summarise([14]))
[    24.454][cube-solver-5][DEBUG] Solving cube (l0 = natural_join3(), l1 = left_join(), l2 = mutate([1]))
[    24.456][cube-solver-5][DEBUG] Solving cube (l0 = natural_join3(), l1 = union(), l2 = summarise([14]))
[    24.463][cube-solver-5][DEBUG] Solving cube (l0 = natural_join3(), l1 = union(), l2 = mutate([1]))
[    24.466][cube-solver-5][DEBUG] Solving cube (l0 = natural_join3(), l1 = intersect([8]), l2 = summarise([14]))
[    24.477][cube-solver-5][DEBUG] Solving cube (l0 = natural_join3(), l1 = intersect([8]), l2 = mutate([1]))
[    24.483][cube-solver-5][DEBUG] Solving cube (l0 = natural_join3(), l1 = semi_join(), l2 = summarise([14]))
[    24.490][cube-solver-5][DEBUG] Solving cube (l0 = natural_join3(), l1 = semi_join(), l2 = mutate([1]))
[    24.492][cube-solver-5][DEBUG] Solving cube (l0 = natural_join3(), l1 = cross_join([2]), l2 = summarise([14]))
[    24.500][cube-solver-5][DEBUG] Solving cube (l0 = natural_join3(), l1 = cross_join([2]), l2 = mutate([1]))
[    24.503][cube-solver-5][DEBUG] Solving cube (l0 = natural_join3(), l1 = mutate([1]), l2 = natural_join())
[    24.505][cube-solver-5][DEBUG] Solving cube (l0 = natural_join3(), l1 = mutate([1]), l2 = natural_join3())
[    24.507][cube-solver-5][DEBUG] Solving cube (l0 = natural_join3(), l1 = mutate([1]), l2 = natural_join4())
[    24.509][cube-solver-5][DEBUG] Solving cube (l0 = natural_join3(), l1 = mutate([1]), l2 = summarise([14]))
[    24.517][cube-solver-5][DEBUG] Solving cube (l0 = natural_join3(), l1 = mutate([1]), l2 = filter())
[    24.519][cube-solver-5][DEBUG] Solving cube (l0 = natural_join3(), l1 = mutate([1]), l2 = anti_join([18]))
[    24.528][cube-solver-5][DEBUG] Solving cube (l0 = natural_join3(), l1 = mutate([1]), l2 = left_join())
[    24.530][cube-solver-5][DEBUG] Solving cube (l0 = natural_join3(), l1 = mutate([1]), l2 = union())
[    24.532][cube-solver-5][DEBUG] Solving cube (l0 = natural_join3(), l1 = mutate([1]), l2 = intersect([8]))
[    24.537][cube-solver-5][DEBUG] Solving cube (l0 = natural_join3(), l1 = mutate([1]), l2 = semi_join())
[    24.539][cube-solver-5][DEBUG] Solving cube (l0 = natural_join3(), l1 = mutate([1]), l2 = cross_join([2]))
[    24.542][cube-solver-5][DEBUG] Solving cube (l0 = natural_join3(), l1 = mutate([1]), l2 = mutate([1]))
[    24.547][cube-solver-5][DEBUG] Solving cube (l0 = natural_join3(), l1 = mutate([1]), l2 = inner_join([84]))
[    24.587][cube-solver-5][DEBUG] Solving cube (l0 = natural_join3(), l1 = inner_join([84]), l2 = summarise([14]))
[    24.661][cube-solver-5][DEBUG] Solving cube (l0 = natural_join3(), l1 = inner_join([84]), l2 = mutate([1]))
[    24.701][cube-solver-5][DEBUG] Solving cube (l0 = natural_join3(), l1 = natural_join(), l2 = summarise([14]))
[    24.709][cube-solver-5][DEBUG] Solving cube (l0 = natural_join3(), l1 = natural_join(), l2 = mutate([1]))
[    24.711][cube-solver-5][DEBUG] Solving cube (l0 = natural_join3(), l1 = natural_join3(), l2 = summarise([14]))
[    24.718][cube-solver-5][DEBUG] Solving cube (l0 = natural_join3(), l1 = natural_join3(), l2 = mutate([1]))
[    24.721][cube-solver-5][DEBUG] Solving cube (l0 = natural_join3(), l1 = natural_join4(), l2 = summarise([14]))
[    24.728][cube-solver-5][DEBUG] Solving cube (l0 = natural_join3(), l1 = natural_join4(), l2 = mutate([1]))
[    24.731][cube-solver-5][DEBUG] Solving cube (l0 = natural_join4(), l1 = summarise([14]), l2 = natural_join())
[    24.736][cube-solver-4][DEBUG] Solving cube (l0 = natural_join4(), l1 = summarise([14]), l2 = natural_join3())
[    24.738][cube-solver-5][DEBUG] Solving cube (l0 = natural_join4(), l1 = summarise([14]), l2 = natural_join4())
[    24.744][cube-solver-4][DEBUG] Solving cube (l0 = natural_join4(), l1 = summarise([14]), l2 = summarise([14]))
[    24.745][cube-solver-5][DEBUG] Solving cube (l0 = natural_join4(), l1 = summarise([14]), l2 = filter())
[    24.754][cube-solver-5][DEBUG] Solving cube (l0 = natural_join4(), l1 = summarise([14]), l2 = anti_join([18]))
[    24.768][cube-solver-4][DEBUG] Solving cube (l0 = natural_join4(), l1 = summarise([14]), l2 = left_join())
[    24.768][cube-solver-5][DEBUG] Solving cube (l0 = natural_join4(), l1 = summarise([14]), l2 = union())
[    24.776][cube-solver-5][DEBUG] Solving cube (l0 = natural_join4(), l1 = summarise([14]), l2 = intersect([8]))
[    24.782][cube-solver-4][DEBUG] Solving cube (l0 = natural_join4(), l1 = summarise([14]), l2 = semi_join())
[    24.787][cube-solver-5][DEBUG] Solving cube (l0 = natural_join4(), l1 = summarise([14]), l2 = cross_join([2]))
[    24.795][cube-solver-4][DEBUG] Solving cube (l0 = natural_join4(), l1 = summarise([14]), l2 = mutate([1]))
[    24.798][cube-solver-5][DEBUG] Solving cube (l0 = natural_join4(), l1 = summarise([14]), l2 = inner_join([84]))
[    24.809][cube-solver-4][DEBUG] Solving cube (l0 = natural_join4(), l1 = filter(), l2 = summarise([14]))
[    24.823][cube-solver-4][DEBUG] Solving cube (l0 = natural_join4(), l1 = filter(), l2 = mutate([1]))
[    24.827][cube-solver-4][DEBUG] Solving cube (l0 = natural_join4(), l1 = anti_join([18]), l2 = summarise([14]))
[    24.839][cube-solver-5][DEBUG] Solving cube (l0 = natural_join4(), l1 = anti_join([18]), l2 = mutate([1]))
[    24.849][cube-solver-5][DEBUG] Solving cube (l0 = natural_join4(), l1 = left_join(), l2 = summarise([14]))
[    24.853][cube-solver-4][DEBUG] Solving cube (l0 = natural_join4(), l1 = left_join(), l2 = mutate([1]))
[    24.857][cube-solver-5][DEBUG] Solving cube (l0 = natural_join4(), l1 = union(), l2 = summarise([14]))
[    24.857][cube-solver-4][DEBUG] Solving cube (l0 = natural_join4(), l1 = union(), l2 = mutate([1]))
[    24.861][cube-solver-4][DEBUG] Solving cube (l0 = natural_join4(), l1 = intersect([8]), l2 = summarise([14]))
[    24.864][cube-solver-5][DEBUG] Solving cube (l0 = natural_join4(), l1 = intersect([8]), l2 = mutate([1]))
[    24.870][cube-solver-5][DEBUG] Solving cube (l0 = natural_join4(), l1 = semi_join(), l2 = summarise([14]))
[    24.872][cube-solver-4][DEBUG] Solving cube (l0 = natural_join4(), l1 = semi_join(), l2 = mutate([1]))
[    24.874][cube-solver-4][DEBUG] Solving cube (l0 = natural_join4(), l1 = cross_join([2]), l2 = summarise([14]))
[    24.877][cube-solver-5][DEBUG] Solving cube (l0 = natural_join4(), l1 = cross_join([2]), l2 = mutate([1]))
[    24.880][cube-solver-5][DEBUG] Solving cube (l0 = natural_join4(), l1 = mutate([1]), l2 = natural_join())
[    24.882][cube-solver-5][DEBUG] Solving cube (l0 = natural_join4(), l1 = mutate([1]), l2 = natural_join3())
[    24.883][cube-solver-4][DEBUG] Solving cube (l0 = natural_join4(), l1 = mutate([1]), l2 = natural_join4())
[    24.884][cube-solver-5][DEBUG] Solving cube (l0 = natural_join4(), l1 = mutate([1]), l2 = summarise([14]))
[    24.885][cube-solver-4][DEBUG] Solving cube (l0 = natural_join4(), l1 = mutate([1]), l2 = filter())
[    24.888][cube-solver-4][DEBUG] Solving cube (l0 = natural_join4(), l1 = mutate([1]), l2 = anti_join([18]))
[    24.892][cube-solver-5][DEBUG] Solving cube (l0 = natural_join4(), l1 = mutate([1]), l2 = left_join())
[    24.894][cube-solver-5][DEBUG] Solving cube (l0 = natural_join4(), l1 = mutate([1]), l2 = union())
[    24.896][cube-solver-5][DEBUG] Solving cube (l0 = natural_join4(), l1 = mutate([1]), l2 = intersect([8]))
[    24.897][cube-solver-4][DEBUG] Solving cube (l0 = natural_join4(), l1 = mutate([1]), l2 = semi_join())
[    24.900][cube-solver-4][DEBUG] Solving cube (l0 = natural_join4(), l1 = mutate([1]), l2 = cross_join([2]))
[    24.901][cube-solver-5][DEBUG] Solving cube (l0 = natural_join4(), l1 = mutate([1]), l2 = mutate([1]))
[    24.906][cube-solver-4][DEBUG] Solving cube (l0 = natural_join4(), l1 = mutate([1]), l2 = inner_join([84]))
[    24.908][cube-solver-5][DEBUG] Solving cube (l0 = natural_join4(), l1 = inner_join([84]), l2 = summarise([14]))
[    24.945][cube-solver-4][DEBUG] Solving cube (l0 = natural_join4(), l1 = inner_join([84]), l2 = mutate([1]))
[    24.949][cube-solver-5][DEBUG] Solving cube (l0 = natural_join4(), l1 = natural_join(), l2 = summarise([14]))
[    24.957][cube-solver-5][DEBUG] Solving cube (l0 = natural_join4(), l1 = natural_join(), l2 = mutate([1]))
[    24.959][cube-solver-5][DEBUG] Solving cube (l0 = natural_join4(), l1 = natural_join3(), l2 = summarise([14]))
[    24.967][cube-solver-5][DEBUG] Solving cube (l0 = natural_join4(), l1 = natural_join3(), l2 = mutate([1]))
[    24.969][cube-solver-5][DEBUG] Solving cube (l0 = natural_join4(), l1 = natural_join4(), l2 = summarise([14]))
[    24.977][cube-solver-5][DEBUG] Solving cube (l0 = natural_join4(), l1 = natural_join4(), l2 = mutate([1]))
[    24.979][cube-solver-5][DEBUG] Solving cube (l0 = summarise([14]), l1 = natural_join(), l2 = summarise([14]))
[    24.982][cube-solver-4][DEBUG] Solving cube (l0 = summarise([14]), l1 = natural_join(), l2 = filter())
[    26.315][cube-solver-9][DEBUG] Solving cube (l0 = summarise([14]), l1 = natural_join(), l2 = anti_join([18]))
[    26.336][cube-solver-9][DEBUG] Solving cube (l0 = summarise([14]), l1 = natural_join(), l2 = left_join())
[    26.470][cube-solver-2][DEBUG] Solving cube (l0 = summarise([14]), l1 = natural_join(), l2 = union())
[    26.967][cube-solver-7][DEBUG] Initialising process for 3 lines of code.
[    27.358][cube-solver-5][DEBUG] Solving cube (l0 = summarise([14]), l1 = natural_join(), l2 = semi_join())
[    27.436][cube-solver-7][DEBUG] Solving cube (l0 = summarise([14]), l1 = natural_join(), l2 = intersect([8]))
[    27.493][cube-solver-4][DEBUG] Solving cube (l0 = summarise([14]), l1 = natural_join(), l2 = cross_join([2]))
[    27.810][cube-solver-14][DEBUG] Solving cube (l0 = summarise([14]), l1 = natural_join(), l2 = mutate([1]))
[    28.588][cube-solver-14][DEBUG] Solving cube (l0 = summarise([14]), l1 = natural_join(), l2 = inner_join([84]))
[    29.258][cube-solver-8][DEBUG] Solving cube (l0 = summarise([14]), l1 = natural_join(), l2 = natural_join())
[    29.549][cube-solver-4][DEBUG] Solving cube (l0 = summarise([14]), l1 = natural_join(), l2 = natural_join3())
[    29.564][cube-solver-4][DEBUG] Solving cube (l0 = summarise([14]), l1 = natural_join(), l2 = natural_join4())
[    29.578][cube-solver-4][DEBUG] Solving cube (l0 = summarise([14]), l1 = natural_join3(), l2 = summarise([14]))
[    33.816][cube-solver-11][DEBUG] Initialising process for 3 lines of code.
[    34.264][cube-solver-11][DEBUG] Solving cube (l0 = summarise([14]), l1 = natural_join3(), l2 = filter())
[    35.894][cube-solver-0][DEBUG] Solving cube (l0 = summarise([14]), l1 = natural_join3(), l2 = anti_join([18]))
[    36.314][cube-solver-1][DEBUG] Solving cube (l0 = summarise([14]), l1 = natural_join3(), l2 = left_join())
[    37.841][cube-solver-12][DEBUG] Solving cube (l0 = summarise([14]), l1 = natural_join3(), l2 = union())
[    38.335][cube-solver-11][DEBUG] Found solution with cube (l0 = summarise([14]), l1 = natural_join3(), l2 = filter())
[    38.336][MainProcess][INFO] Statistics:
[    38.337][MainProcess][INFO] 	Generated cubes: 212
[    38.337][MainProcess][INFO] 	Attempted programs: 8986
[    38.337][MainProcess][INFO] 		Rejected: 1900
[    38.337][MainProcess][INFO] 		Failed: 7085
[    38.338][MainProcess][INFO] 	Blacklist clauses: 127
[    38.338][MainProcess][DEBUG] Priting statistics for good programs of size 2
[    38.343][MainProcess][DEBUG] 	0: Counter({'summarise': 3064, 'inner_join': 2520, 'mutate': 1476, 'natural_join': 256, 'left_join': 256, 'union': 256, 'anti_join': 144, 'semi_join': 72})
[    38.349][MainProcess][DEBUG] 	1: Counter({'summarise': 2280, 'inner_join': 2120, 'natural_join3': 1440, 'mutate': 1224, 'union': 376, 'natural_join': 200, 'left_join': 200, 'anti_join': 136, 'semi_join': 68})
[    38.349][MainProcess][DEBUG] Priting statistics for good programs of size 3
[    38.372][MainProcess][DEBUG] 	0: Counter({'natural_join': 39495, 'summarise': 8993})
[    38.396][MainProcess][DEBUG] 	1: Counter({'summarise': 23833, 'natural_join': 7958, 'mutate': 7217, 'inner_join': 3920, 'natural_join3': 2064, 'left_join': 1280, 'union': 1280, 'semi_join': 912, 'intersect': 32})
[    38.419][MainProcess][DEBUG] 	2: Counter({'left_join': 6768, 'inner_join': 6754, 'union': 6597, 'summarise': 5986, 'natural_join': 5920, 'natural_join3': 4640, 'mutate': 3896, 'semi_join': 3538, 'anti_join': 2823, 'filter': 1579})
[    38.419][MainProcess][INFO] Solution found: filter(natural_join3(@param1, @param0, summarise(@param0, meancost = mean(cost), P_id)), meancost < cost)

------------------------------------- R Solution ---------------------------------------

con <- DBI::dbConnect(RSQLite::SQLite(), ":memory:")
input1 <- read_csv("tests-examples/textbook/tables/17-1.txt", col_types = cols(S_key = col_character(),P_id = col_character(),cost = col_integer()))
input1 <- copy_to(con, input1)
input2 <- read_csv("tests-examples/textbook/tables/17-3.txt", col_types = cols(S_key = col_character(),S_name = col_character()))
input2 <- copy_to(con, input2)
expected_output <- read_csv("tests-examples/textbook/tables/17.out", col_types = cols(P_id = col_character(),S_name = col_character()))

df3 <- input1 %>% group_by(P_id) %>% summarise(meancost = mean(cost)) %>% ungroup()
df4 <- inner_join(input2, input1) %>% inner_join(df3)
df5 <- df4 %>% filter(meancost < cost)
out <- df5 %>% select(P_id, S_name) %>% arrange(P_id)


+++++++++++++++++++++++++++++++++++++ SQL Solution +++++++++++++++++++++++++++++++++++++

SELECT P_id,
       S_name
FROM
  (SELECT LHS.S_key AS S_key,
          LHS.S_name AS S_name,
          LHS.P_id AS P_id,
          LHS.cost AS cost,
          RHS.meancost AS meancost
   FROM
     (SELECT LHS.S_key AS S_key,
             LHS.S_name AS S_name,
             RHS.P_id AS P_id,
             RHS.cost AS cost
      FROM input2 AS LHS
      INNER JOIN input1 AS RHS ON (LHS.S_key = RHS.S_key)) AS LHS
   INNER JOIN
     (SELECT P_id,
             AVG(cost) AS meancost
      FROM input1
      GROUP BY P_id) AS RHS ON (LHS.P_id = RHS.P_id))
WHERE (meancost < cost)
ORDER BY P_id
