[     1.653][MainProcess][INFO] Parsing specification...
[     1.657][MainProcess][WARNING] "attrs" field is deprecated. Please use "columns"
[     1.657][MainProcess][WARNING] "aggrs" field is deprecated. Please use "functions"
[     1.657][MainProcess][WARNING] "const" field is deprecated. Please use "constants"
[     1.658][MainProcess][DEBUG] Reading input files...
[     1.663][MainProcess][INFO] Inferred data types for table tests-examples/textbook/tables/employees.txt: ['int64', 'string', 'int64']
[     1.667][MainProcess][INFO] Inferred data types for table tests-examples/textbook/tables/aircraft.txt: ['int64', 'string', 'int64']
[     1.670][MainProcess][INFO] Inferred data types for table tests-examples/textbook/tables/certified.txt: ['int64', 'int64']
[     1.675][MainProcess][INFO] Inferred data types for table tests-examples/textbook/tables/27.out: ['string', 'float64']
[     1.705][MainProcess][DEBUG] Generating DSL...
[     2.177][MainProcess][INFO] Creating 16 processes
[     2.249][MainProcess][DEBUG] Increasing generator loc to 3
[     2.803][cube-solver-2][DEBUG] Initialising process for 2 lines of code.
[     2.815][cube-solver-4][DEBUG] Initialising process for 3 lines of code.
[     2.826][cube-solver-7][DEBUG] Initialising process for 3 lines of code.
[     2.830][cube-solver-8][DEBUG] Initialising process for 3 lines of code.
[     2.846][cube-solver-13][DEBUG] Initialising process for 3 lines of code.
[     2.849][cube-solver-1][DEBUG] Initialising process for 2 lines of code.
[     2.857][cube-solver-0][DEBUG] Initialising process for 2 lines of code.
[     2.865][cube-solver-5][DEBUG] Initialising process for 3 lines of code.
[     2.867][cube-solver-14][DEBUG] Initialising process for 3 lines of code.
[     2.868][cube-solver-9][DEBUG] Initialising process for 3 lines of code.
[     2.869][cube-solver-11][DEBUG] Initialising process for 3 lines of code.
[     2.872][cube-solver-10][DEBUG] Initialising process for 3 lines of code.
[     2.874][cube-solver-6][DEBUG] Initialising process for 3 lines of code.
[     2.875][cube-solver-15][DEBUG] Initialising process for 3 lines of code.
[     2.893][cube-solver-12][DEBUG] Initialising process for 3 lines of code.
[     2.894][cube-solver-3][DEBUG] Initialising process for 2 lines of code.
[    13.733][cube-solver-2][WARNING] There is no solution for current loc (2).
[    13.734][cube-solver-2][DEBUG] Solving cube (l0 = filter(), l1 = mutate())
[    13.750][cube-solver-2][DEBUG] Initialising process for 3 lines of code.
[    13.822][cube-solver-3][WARNING] There is no solution for current loc (2).
[    13.823][cube-solver-3][DEBUG] Solving cube (l0 = mutate(), l1 = filter())
[    13.828][cube-solver-1][WARNING] There is no solution for current loc (2).
[    13.829][cube-solver-1][DEBUG] Solving cube (l0 = filter(), l1 = summarise())
[    13.831][cube-solver-3][DEBUG] Initialising process for 3 lines of code.
[    13.840][cube-solver-1][DEBUG] Initialising process for 3 lines of code.
[    13.857][cube-solver-0][WARNING] There is no solution for current loc (2).
[    13.858][cube-solver-0][DEBUG] Solving cube (l0 = summarise(), l1 = filter())
[    13.870][cube-solver-0][DEBUG] Initialising process for 3 lines of code.
[    22.430][cube-solver-8][DEBUG] Solving cube (l0 = natural_join3(), l1 = summarise(), l2 = filter())
[    22.438][cube-solver-7][DEBUG] Solving cube (l0 = natural_join(), l1 = mutate(), l2 = filter())
[    22.472][cube-solver-5][DEBUG] Solving cube (l0 = natural_join(), l1 = filter(), l2 = summarise())
[    22.513][cube-solver-4][DEBUG] Solving cube (l0 = natural_join(), l1 = summarise(), l2 = filter())
[    22.530][cube-solver-5][DEBUG] Solving cube (l0 = summarise(), l1 = filter(), l2 = natural_join())
[    22.535][cube-solver-13][DEBUG] Solving cube (l0 = natural_join4(), l1 = filter(), l2 = summarise())
[    22.540][cube-solver-11][DEBUG] Solving cube (l0 = natural_join3(), l1 = mutate(), l2 = filter())
[    22.556][cube-solver-5][DEBUG] Solving cube (l0 = summarise(), l1 = filter(), l2 = natural_join4())
[    22.558][cube-solver-7][DEBUG] Solving cube (l0 = summarise(), l1 = filter(), l2 = natural_join3())
[    22.604][cube-solver-13][DEBUG] Solving cube (l0 = summarise(), l1 = filter(), l2 = summarise())
[    22.628][cube-solver-14][DEBUG] Solving cube (l0 = natural_join4(), l1 = filter(), l2 = mutate())
[    22.634][cube-solver-10][DEBUG] Solving cube (l0 = natural_join3(), l1 = filter(), l2 = mutate())
[    22.652][cube-solver-13][DEBUG] Solving cube (l0 = summarise([3]), l1 = filter(), l2 = filter())
[    22.656][cube-solver-9][DEBUG] Solving cube (l0 = natural_join3(), l1 = filter(), l2 = summarise([3]))
[    22.672][cube-solver-14][DEBUG] Solving cube (l0 = summarise([3]), l1 = filter(), l2 = anti_join())
[    22.684][cube-solver-4][DEBUG] Solving cube (l0 = summarise([3]), l1 = filter(), l2 = left_join())
[    22.690][cube-solver-6][DEBUG] Solving cube (l0 = natural_join(), l1 = filter(), l2 = mutate())
[    22.705][cube-solver-13][DEBUG] Solving cube (l0 = summarise([4]), l1 = filter(), l2 = union())
[    22.710][cube-solver-4][DEBUG] Solving cube (l0 = summarise([5]), l1 = filter(), l2 = intersect())
[    22.721][cube-solver-12][DEBUG] Solving cube (l0 = natural_join4(), l1 = summarise([6]), l2 = filter())
[    22.725][cube-solver-4][DEBUG] Solving cube (l0 = summarise([6]), l1 = filter(), l2 = cross_join())
[    22.728][cube-solver-14][DEBUG] Solving cube (l0 = summarise([6]), l1 = filter(), l2 = semi_join())
[    22.744][cube-solver-4][DEBUG] Solving cube (l0 = summarise([6]), l1 = filter(), l2 = mutate())
[    22.755][cube-solver-14][DEBUG] Solving cube (l0 = summarise([6]), l1 = filter(), l2 = inner_join())
[    22.762][cube-solver-4][DEBUG] Solving cube (l0 = summarise([7]), l1 = anti_join(), l2 = filter())
[    22.775][cube-solver-12][DEBUG] Solving cube (l0 = summarise([7]), l1 = left_join(), l2 = filter())
[    22.778][cube-solver-14][DEBUG] Solving cube (l0 = summarise([7]), l1 = union(), l2 = filter())
[    22.789][cube-solver-13][DEBUG] Solving cube (l0 = summarise([7]), l1 = intersect(), l2 = filter())
[    22.793][cube-solver-4][DEBUG] Solving cube (l0 = summarise([8]), l1 = semi_join(), l2 = filter())
[    22.810][cube-solver-14][DEBUG] Solving cube (l0 = summarise([8]), l1 = cross_join(), l2 = filter())
[    22.817][cube-solver-4][DEBUG] Solving cube (l0 = summarise([8]), l1 = mutate(), l2 = filter())
[    22.817][cube-solver-13][DEBUG] Solving cube (l0 = summarise([8]), l1 = inner_join(), l2 = filter())
[    22.834][cube-solver-14][DEBUG] Solving cube (l0 = filter(), l1 = natural_join(), l2 = summarise([9]))
[    22.837][cube-solver-12][DEBUG] Solving cube (l0 = filter(), l1 = natural_join(), l2 = mutate())
[    22.842][cube-solver-4][DEBUG] Solving cube (l0 = filter(), l1 = natural_join3([2]), l2 = summarise([9]))
[    22.844][cube-solver-13][DEBUG] Solving cube (l0 = filter(), l1 = natural_join3([2]), l2 = mutate())
[    22.861][cube-solver-12][DEBUG] Solving cube (l0 = filter(), l1 = natural_join4(), l2 = summarise([9]))
[    22.875][cube-solver-14][DEBUG] Solving cube (l0 = filter([1]), l1 = natural_join4(), l2 = mutate())
[    22.879][cube-solver-6][DEBUG] Solving cube (l0 = filter([1]), l1 = summarise([9]), l2 = natural_join())
[    22.884][cube-solver-15][DEBUG] Solving cube (l0 = natural_join4(), l1 = mutate(), l2 = filter([3]))
[    22.946][cube-solver-6][DEBUG] Solving cube (l0 = filter([12]), l1 = summarise([9]), l2 = natural_join3([2]))
[    23.012][cube-solver-15][DEBUG] Solving cube (l0 = filter([19]), l1 = summarise([9]), l2 = natural_join4())
[    23.086][cube-solver-15][DEBUG] Solving cube (l0 = filter([22]), l1 = summarise([9]), l2 = summarise([9]))
[    23.211][cube-solver-15][DEBUG] Solving cube (l0 = filter([53]), l1 = summarise([14]), l2 = filter([53]))
[    23.437][cube-solver-15][DEBUG] Solving cube (l0 = filter([74]), l1 = summarise([23]), l2 = anti_join())
[    23.686][cube-solver-15][DEBUG] Solving cube (l0 = filter([98]), l1 = summarise([28]), l2 = left_join())
[    23.967][cube-solver-15][DEBUG] Solving cube (l0 = filter([118]), l1 = summarise([34]), l2 = union())
[    24.402][cube-solver-15][DEBUG] Solving cube (l0 = filter([149]), l1 = summarise([44]), l2 = intersect())
[    24.870][cube-solver-15][DEBUG] Solving cube (l0 = filter([178]), l1 = summarise([51]), l2 = semi_join())
[    25.391][cube-solver-15][DEBUG] Solving cube (l0 = filter([197]), l1 = summarise([60]), l2 = cross_join())
[    25.848][cube-solver-15][DEBUG] Solving cube (l0 = filter([203]), l1 = summarise([60]), l2 = mutate())
[    26.351][cube-solver-15][DEBUG] Solving cube (l0 = filter([219]), l1 = summarise([66]), l2 = inner_join())
[    26.859][cube-solver-15][DEBUG] Solving cube (l0 = filter([222]), l1 = filter([222]), l2 = summarise([67]))
[    27.950][cube-solver-15][DEBUG] Solving cube (l0 = filter([277]), l1 = filter([277]), l2 = mutate())
[    28.615][cube-solver-15][DEBUG] Solving cube (l0 = filter([277]), l1 = anti_join(), l2 = summarise([76]))
[    29.316][cube-solver-15][DEBUG] Solving cube (l0 = filter([298]), l1 = anti_join(), l2 = mutate())
[    30.239][cube-solver-15][DEBUG] Solving cube (l0 = filter([328]), l1 = left_join(), l2 = summarise([92]))
[    30.969][cube-solver-15][DEBUG] Solving cube (l0 = filter([328]), l1 = left_join(), l2 = mutate())
[    31.946][cube-solver-15][DEBUG] Solving cube (l0 = filter([346]), l1 = union(), l2 = summarise([101]))
[    32.956][cube-solver-15][DEBUG] Solving cube (l0 = filter([353]), l1 = union(), l2 = mutate())
[    33.805][cube-solver-15][DEBUG] Solving cube (l0 = filter([355]), l1 = intersect(), l2 = summarise([103]))
[    34.669][cube-solver-15][DEBUG] Solving cube (l0 = filter([355]), l1 = intersect(), l2 = mutate())
[    35.501][cube-solver-1][DEBUG] Solving cube (l0 = summarise([106]), l1 = natural_join4(), l2 = filter([360]))
[    36.108][cube-solver-15][DEBUG] Solving cube (l0 = filter([371]), l1 = semi_join(), l2 = summarise([111]))
[    36.562][cube-solver-2][DEBUG] Solving cube (l0 = summarise([112]), l1 = natural_join(), l2 = filter([372]))
[    37.081][cube-solver-3][DEBUG] Solving cube (l0 = summarise([112]), l1 = natural_join3([2]), l2 = filter([377]))
[    37.561][cube-solver-15][DEBUG] Solving cube (l0 = filter([382]), l1 = semi_join(), l2 = mutate())
[    38.020][cube-solver-2][DEBUG] Solving cube (l0 = filter([383]), l1 = cross_join(), l2 = summarise([112]))
[    38.492][cube-solver-1][DEBUG] Solving cube (l0 = filter([385]), l1 = cross_join(), l2 = mutate())
[    39.005][cube-solver-0][DEBUG] Solving cube (l0 = summarise([112]), l1 = summarise([112]), l2 = filter([386]))
[    39.489][cube-solver-15][DEBUG] Solving cube (l0 = filter([386]), l1 = mutate(), l2 = natural_join())
[    39.976][cube-solver-2][DEBUG] Solving cube (l0 = filter([391]), l1 = mutate(), l2 = natural_join3([2]))
[    40.541][cube-solver-1][DEBUG] Solving cube (l0 = filter([393]), l1 = mutate(), l2 = natural_join4())
[    41.152][cube-solver-15][DEBUG] Solving cube (l0 = filter([399]), l1 = mutate([2]), l2 = summarise([114]))
[    41.752][cube-solver-0][DEBUG] Solving cube (l0 = filter([409]), l1 = mutate([4]), l2 = filter([409]))
[    42.368][cube-solver-15][DEBUG] Solving cube (l0 = filter([409]), l1 = mutate([4]), l2 = anti_join())
[    42.992][cube-solver-0][DEBUG] Solving cube (l0 = filter([412]), l1 = mutate([4]), l2 = left_join())
[    43.537][cube-solver-15][DEBUG] Solving cube (l0 = filter([412]), l1 = mutate([4]), l2 = union())
[    44.098][cube-solver-0][DEBUG] Solving cube (l0 = filter([413]), l1 = mutate([4]), l2 = intersect())
[    44.754][cube-solver-15][DEBUG] Solving cube (l0 = filter([413]), l1 = mutate([4]), l2 = semi_join())
[    45.274][cube-solver-0][DEBUG] Solving cube (l0 = filter([417]), l1 = mutate([4]), l2 = cross_join())
[    45.818][cube-solver-15][DEBUG] Solving cube (l0 = filter([417]), l1 = mutate([4]), l2 = mutate([4]))
[    46.520][cube-solver-0][DEBUG] Solving cube (l0 = filter([426]), l1 = mutate([4]), l2 = inner_join())
[    47.051][cube-solver-15][DEBUG] Solving cube (l0 = filter([428]), l1 = inner_join(), l2 = summarise([114]))
[    47.607][cube-solver-0][DEBUG] Solving cube (l0 = filter([428]), l1 = inner_join(), l2 = mutate([4]))
[    48.196][cube-solver-15][DEBUG] Solving cube (l0 = anti_join(), l1 = summarise([114]), l2 = filter([433]))
[    48.822][cube-solver-0][DEBUG] Solving cube (l0 = anti_join(), l1 = filter([433]), l2 = summarise([114]))
[    49.291][cube-solver-15][DEBUG] Solving cube (l0 = anti_join(), l1 = filter([433]), l2 = mutate([4]))
[    49.909][cube-solver-0][DEBUG] Solving cube (l0 = anti_join(), l1 = mutate([4]), l2 = filter([436]))
[    50.423][cube-solver-15][DEBUG] Solving cube (l0 = left_join(), l1 = summarise([114]), l2 = filter([436]))
[    50.888][cube-solver-0][DEBUG] Solving cube (l0 = left_join(), l1 = filter([436]), l2 = summarise([114]))
[    51.476][cube-solver-15][DEBUG] Solving cube (l0 = left_join(), l1 = filter([438]), l2 = mutate([4]))
[    52.019][cube-solver-0][DEBUG] Solving cube (l0 = left_join(), l1 = mutate([4]), l2 = filter([438]))
[    52.657][cube-solver-15][DEBUG] Solving cube (l0 = union(), l1 = summarise([114]), l2 = filter([443]))
[    53.279][cube-solver-0][DEBUG] Solving cube (l0 = union(), l1 = filter([444]), l2 = summarise([114]))
[    54.190][cube-solver-15][DEBUG] Solving cube (l0 = union(), l1 = filter([450]), l2 = mutate([4]))
[    54.799][cube-solver-0][DEBUG] Solving cube (l0 = union(), l1 = mutate([4]), l2 = filter([450]))
[    55.620][cube-solver-15][DEBUG] Solving cube (l0 = intersect(), l1 = summarise([114]), l2 = filter([458]))
[    56.112][cube-solver-0][DEBUG] Solving cube (l0 = intersect(), l1 = filter([461]), l2 = summarise([114]))
[    56.808][cube-solver-15][DEBUG] Solving cube (l0 = intersect(), l1 = filter([469]), l2 = mutate([4]))
[    57.437][cube-solver-0][DEBUG] Solving cube (l0 = intersect(), l1 = mutate([4]), l2 = filter([470]))
[    58.060][cube-solver-15][DEBUG] Solving cube (l0 = semi_join(), l1 = summarise([114]), l2 = filter([470]))
[    58.602][cube-solver-0][DEBUG] Solving cube (l0 = semi_join(), l1 = filter([470]), l2 = summarise([114]))
[    59.128][cube-solver-15][DEBUG] Solving cube (l0 = semi_join(), l1 = filter([470]), l2 = mutate([4]))
[    59.738][cube-solver-0][DEBUG] Solving cube (l0 = semi_join(), l1 = mutate([4]), l2 = filter([477]))
[    60.346][cube-solver-15][DEBUG] Solving cube (l0 = cross_join(), l1 = summarise([114]), l2 = filter([478]))
[    60.865][cube-solver-0][DEBUG] Solving cube (l0 = cross_join(), l1 = filter([481]), l2 = summarise([114]))
[    61.462][cube-solver-15][DEBUG] Solving cube (l0 = cross_join(), l1 = filter([483]), l2 = mutate([4]))
[    62.077][cube-solver-0][DEBUG] Solving cube (l0 = cross_join(), l1 = mutate([4]), l2 = filter([484]))
[    62.601][cube-solver-15][DEBUG] Solving cube (l0 = mutate([4]), l1 = natural_join(), l2 = filter([484]))
[    63.318][cube-solver-0][DEBUG] Solving cube (l0 = mutate([4]), l1 = natural_join3([2]), l2 = filter([485]))
[    63.931][cube-solver-15][DEBUG] Solving cube (l0 = mutate([4]), l1 = natural_join4(), l2 = filter([489]))
[   161.073][MainProcess][INFO] Hard problem!
[   161.197][MainProcess][DEBUG] Increasing alternate_generator loc to 4
[   161.263][cube-solver-2][DEBUG] Initialising process for 4 lines of code.
[   167.833][cube-solver-13][DEBUG] Initialising process for 4 lines of code.
[   194.477][cube-solver-2][DEBUG] Solving cube (l0 = natural_join(), l1 = summarise([114]), l2 = natural_join(), l3 = filter([492]))
[   205.147][cube-solver-13][DEBUG] Solving cube (l0 = natural_join(), l1 = summarise([114]), l2 = natural_join3([2]), l3 = filter([492]))
[   583.631][cube-solver-14][DEBUG] Initialising process for 4 lines of code.
[   618.433][cube-solver-14][DEBUG] Solving cube (l0 = natural_join(), l1 = summarise([114]), l2 = natural_join4(), l3 = filter([500]))
[   619.667][cube-solver-14][DEBUG] Solving cube (l0 = natural_join(), l1 = summarise([114]), l2 = summarise([114]), l3 = filter([500]))
[   620.924][cube-solver-14][DEBUG] Solving cube (l0 = natural_join(), l1 = summarise([114]), l2 = filter([501]), l3 = natural_join())
[   874.627][cube-solver-10][DEBUG] Initialising process for 4 lines of code.
[   907.880][cube-solver-10][DEBUG] Solving cube (l0 = natural_join(), l1 = summarise([114]), l2 = filter([515]), l3 = natural_join3([2]))
[  1165.072][cube-solver-1][DEBUG] Solving cube (l0 = mutate([4]), l1 = summarise([114]), l2 = filter([528]))
[  1166.646][cube-solver-1][DEBUG] Solving cube (l0 = mutate([4]), l1 = filter([538]), l2 = natural_join())
[  1168.357][cube-solver-1][DEBUG] Solving cube (l0 = mutate([4]), l1 = filter([548]), l2 = natural_join3([2]))
[  2423.397][cube-solver-1][DEBUG] Solving cube (l0 = mutate([4]), l1 = filter([556]), l2 = natural_join4())
[  2694.804][cube-solver-4][DEBUG] Solving cube (l0 = mutate([4]), l1 = filter([561]), l2 = summarise([114]))
[  2696.878][cube-solver-4][DEBUG] Solving cube (l0 = mutate([4]), l1 = filter([570]), l2 = filter([570]))
[  2699.139][cube-solver-4][DEBUG] Solving cube (l0 = mutate([4]), l1 = filter([573]), l2 = anti_join())
[  2700.578][cube-solver-4][DEBUG] Solving cube (l0 = mutate([4]), l1 = filter([575]), l2 = left_join())
[  2702.072][cube-solver-4][DEBUG] Solving cube (l0 = mutate([4]), l1 = filter([576]), l2 = union())
[  2703.327][cube-solver-4][DEBUG] Solving cube (l0 = mutate([4]), l1 = filter([579]), l2 = intersect())
[  2704.765][cube-solver-4][DEBUG] Solving cube (l0 = mutate([4]), l1 = filter([581]), l2 = semi_join())
[  2706.188][cube-solver-4][DEBUG] Solving cube (l0 = mutate([4]), l1 = filter([585]), l2 = cross_join())
[  2707.554][cube-solver-4][DEBUG] Solving cube (l0 = mutate([4]), l1 = filter([586]), l2 = mutate([4]))
[  2708.790][cube-solver-4][DEBUG] Solving cube (l0 = mutate([4]), l1 = filter([586]), l2 = inner_join())
[  2709.963][cube-solver-4][DEBUG] Solving cube (l0 = mutate([4]), l1 = anti_join(), l2 = filter([586]))
[  2711.458][cube-solver-4][DEBUG] Solving cube (l0 = mutate([4]), l1 = left_join(), l2 = filter([588]))
[  2712.738][cube-solver-4][DEBUG] Solving cube (l0 = mutate([4]), l1 = union(), l2 = filter([588]))
[  2714.063][cube-solver-4][DEBUG] Solving cube (l0 = mutate([4]), l1 = intersect(), l2 = filter([596]))
[  2715.365][cube-solver-4][DEBUG] Solving cube (l0 = mutate([4]), l1 = semi_join(), l2 = filter([602]))
[  2716.836][cube-solver-4][DEBUG] Solving cube (l0 = mutate([4]), l1 = cross_join(), l2 = filter([612]))
[  2718.439][cube-solver-4][DEBUG] Solving cube (l0 = mutate([4]), l1 = mutate([4]), l2 = filter([635]))
[  2720.801][cube-solver-4][DEBUG] Solving cube (l0 = mutate([4]), l1 = inner_join(), l2 = filter([645]))
[  2722.370][cube-solver-4][DEBUG] Solving cube (l0 = inner_join(), l1 = summarise([114]), l2 = filter([645]))
[  2724.507][cube-solver-4][DEBUG] Solving cube (l0 = inner_join(), l1 = filter([645]), l2 = summarise([114]))
[  2726.056][cube-solver-4][DEBUG] Solving cube (l0 = inner_join(), l1 = filter([645]), l2 = mutate([4]))
[  2727.526][cube-solver-4][DEBUG] Solving cube (l0 = inner_join(), l1 = mutate([4]), l2 = filter([645]))
[  2727.904][MainProcess][DEBUG] Increasing generator loc to 4
[  2727.905][cube-solver-4][DEBUG] Initialising process for 4 lines of code.
[  2764.554][cube-solver-4][DEBUG] Solving cube (l0 = natural_join([2]), l1 = summarise([114]), l2 = filter([662]), l3 = natural_join4())
[  3084.665][cube-solver-9][DEBUG] Initialising process for 4 lines of code.
[  3121.476][cube-solver-9][DEBUG] Solving cube (l0 = natural_join([2]), l1 = summarise([114]), l2 = filter([662]), l3 = summarise([114]))
[  3123.673][cube-solver-9][DEBUG] Solving cube (l0 = natural_join([2]), l1 = summarise([114]), l2 = filter([663]), l3 = filter([663]))
[  3125.936][cube-solver-9][DEBUG] Solving cube (l0 = natural_join([2]), l1 = summarise([114]), l2 = filter([664]), l3 = anti_join())
[  3331.024][cube-solver-11][DEBUG] Initialising process for 4 lines of code.
[  3375.009][cube-solver-11][DEBUG] Solving cube (l0 = natural_join([2]), l1 = summarise([114]), l2 = filter([686]), l3 = left_join())
[  3378.937][cube-solver-0][DEBUG] Initialising process for 4 lines of code.
[  3414.014][cube-solver-0][DEBUG] Solving cube (l0 = natural_join([2]), l1 = summarise([114]), l2 = filter([690]), l3 = union())
[  3600.062][MainProcess][INFO] Statistics:
[  3600.063][MainProcess][INFO] 	Generated cubes: 154
[  3600.063][MainProcess][INFO] 	Attempted programs: 268662
[  3600.063][MainProcess][INFO] 		Rejected: 42140
[  3600.063][MainProcess][INFO] 		Failed: 226522
[  3600.063][MainProcess][INFO] 	Blacklist clauses: 812
[  3600.063][MainProcess][DEBUG] Priting statistics for good programs of size 3
[  3600.696][MainProcess][DEBUG] 	0: Counter({'mutate': 1060565, 'natural_join3': 895592, 'summarise': 399144, 'filter': 142120})
[  3601.171][MainProcess][DEBUG] 	1: Counter({'natural_join3': 756660, 'filter': 662185, 'mutate': 478800, 'natural_join4': 478204, 'summarise': 121572})
[  3601.667][MainProcess][DEBUG] 	2: Counter({'filter': 1693116, 'summarise': 299580, 'natural_join4': 225325, 'natural_join3': 141640, 'mutate': 137760})
[  3601.667][MainProcess][DEBUG] Priting statistics for good programs of size 4
[  3601.825][MainProcess][DEBUG] 	0: Counter({'natural_join': 468984})
