[     2.910][MainProcess][INFO] Parsing specification...
[     2.915][MainProcess][WARNING] "attrs" field is deprecated. Please use "columns"
[     2.915][MainProcess][WARNING] "aggrs" field is deprecated. Please use "functions"
[     2.915][MainProcess][WARNING] "const" field is deprecated. Please use "constants"
[     2.916][MainProcess][DEBUG] Reading input files...
[     2.925][MainProcess][INFO] Inferred data types for table tests-examples/textbook/tables/aircraft.txt: ['int64', 'string', 'int64']
[     2.930][MainProcess][INFO] Inferred data types for table tests-examples/textbook/tables/certified.txt: ['int64', 'int64']
[     2.934][MainProcess][INFO] Inferred data types for table tests-examples/textbook/tables/employees.txt: ['int64', 'string', 'int64']
[     2.938][MainProcess][INFO] Inferred data types for table tests-examples/textbook/tables/36.out: ['string']
[     2.971][MainProcess][DEBUG] Generating DSL...
[     3.093][MainProcess][INFO] Creating 16 processes
[     3.168][MainProcess][DEBUG] Increasing generator loc to 3
[     3.385][cube-solver-10][DEBUG] Initialising process for 3 lines of code.
[     3.385][cube-solver-12][DEBUG] Initialising process for 3 lines of code.
[     3.386][cube-solver-8][DEBUG] Initialising process for 3 lines of code.
[     3.387][cube-solver-2][DEBUG] Initialising process for 2 lines of code.
[     3.393][cube-solver-4][DEBUG] Initialising process for 3 lines of code.
[     3.395][cube-solver-13][DEBUG] Initialising process for 3 lines of code.
[     3.395][cube-solver-5][DEBUG] Initialising process for 3 lines of code.
[     3.395][cube-solver-11][DEBUG] Initialising process for 3 lines of code.
[     3.397][cube-solver-6][DEBUG] Initialising process for 3 lines of code.
[     3.397][cube-solver-9][DEBUG] Initialising process for 3 lines of code.
[     3.397][cube-solver-1][DEBUG] Initialising process for 2 lines of code.
[     3.397][cube-solver-7][DEBUG] Initialising process for 3 lines of code.
[     3.399][cube-solver-14][DEBUG] Initialising process for 3 lines of code.
[     3.403][cube-solver-15][DEBUG] Initialising process for 3 lines of code.
[     3.506][cube-solver-3][DEBUG] Initialising process for 2 lines of code.
[     3.509][cube-solver-0][DEBUG] Initialising process for 2 lines of code.
[     7.108][cube-solver-2][WARNING] There is no solution for current loc (2).
[     7.109][cube-solver-2][DEBUG] Solving cube (l0 = filter(), l1 = mutate())
[     7.114][cube-solver-2][DEBUG] Initialising process for 3 lines of code.
[     7.126][cube-solver-1][WARNING] There is no solution for current loc (2).
[     7.127][cube-solver-1][DEBUG] Solving cube (l0 = filter(), l1 = summarise())
[     7.130][cube-solver-1][DEBUG] Initialising process for 3 lines of code.
[     7.310][cube-solver-0][WARNING] There is no solution for current loc (2).
[     7.312][cube-solver-0][DEBUG] Solving cube (l0 = summarise(), l1 = filter())
[     7.317][cube-solver-0][DEBUG] Initialising process for 3 lines of code.
[     7.356][cube-solver-3][WARNING] There is no solution for current loc (2).
[     7.356][cube-solver-3][DEBUG] Solving cube (l0 = mutate(), l1 = filter())
[     7.359][cube-solver-3][DEBUG] Initialising process for 3 lines of code.
[     9.586][cube-solver-12][DEBUG] Solving cube (l0 = natural_join4(), l1 = summarise(), l2 = filter())
[     9.594][cube-solver-9][DEBUG] Solving cube (l0 = natural_join3(), l1 = filter(), l2 = summarise())
[     9.600][cube-solver-5][DEBUG] Solving cube (l0 = natural_join(), l1 = filter(), l2 = summarise())
[     9.602][cube-solver-14][DEBUG] Solving cube (l0 = natural_join4(), l1 = filter(), l2 = mutate())
[     9.606][cube-solver-6][DEBUG] Solving cube (l0 = natural_join(), l1 = filter(), l2 = mutate())
[     9.613][cube-solver-5][DEBUG] Solving cube (l0 = summarise(), l1 = filter(), l2 = natural_join3())
[     9.614][cube-solver-12][DEBUG] Solving cube (l0 = summarise(), l1 = filter(), l2 = natural_join())
[     9.631][cube-solver-10][DEBUG] Solving cube (l0 = natural_join3(), l1 = filter(), l2 = mutate())
[     9.633][cube-solver-6][DEBUG] Solving cube (l0 = summarise(), l1 = filter(), l2 = natural_join4())
[     9.633][cube-solver-14][DEBUG] Solving cube (l0 = summarise(), l1 = filter(), l2 = summarise())
[     9.633][cube-solver-4][DEBUG] Solving cube (l0 = natural_join(), l1 = summarise(), l2 = filter())
[     9.648][cube-solver-14][DEBUG] Solving cube (l0 = summarise([1]), l1 = filter(), l2 = filter())
[     9.649][cube-solver-8][DEBUG] Solving cube (l0 = natural_join3(), l1 = summarise([1]), l2 = filter())
[     9.650][cube-solver-12][DEBUG] Solving cube (l0 = summarise([1]), l1 = filter(), l2 = anti_join())
[     9.650][cube-solver-7][DEBUG] Solving cube (l0 = natural_join(), l1 = mutate(), l2 = filter())
[     9.662][cube-solver-4][DEBUG] Solving cube (l0 = summarise([1]), l1 = filter(), l2 = left_join())
[     9.664][cube-solver-7][DEBUG] Solving cube (l0 = summarise([1]), l1 = filter(), l2 = semi_join())
[     9.666][cube-solver-12][DEBUG] Solving cube (l0 = summarise([1]), l1 = filter(), l2 = union())
[     9.666][cube-solver-14][DEBUG] Solving cube (l0 = summarise([1]), l1 = filter(), l2 = intersect())
[     9.676][cube-solver-15][DEBUG] Solving cube (l0 = natural_join4(), l1 = mutate(), l2 = filter())
[     9.679][cube-solver-7][DEBUG] Solving cube (l0 = summarise([1]), l1 = filter(), l2 = mutate())
[     9.681][cube-solver-12][DEBUG] Solving cube (l0 = summarise([1]), l1 = filter(), l2 = cross_join())
[     9.685][cube-solver-14][DEBUG] Solving cube (l0 = summarise([1]), l1 = filter(), l2 = inner_join())
[     9.688][cube-solver-7][DEBUG] Solving cube (l0 = summarise([1]), l1 = left_join(), l2 = filter())
[     9.688][cube-solver-4][DEBUG] Solving cube (l0 = summarise([1]), l1 = anti_join(), l2 = filter())
[     9.697][cube-solver-12][DEBUG] Solving cube (l0 = summarise([1]), l1 = union(), l2 = filter())
[     9.698][cube-solver-7][DEBUG] Solving cube (l0 = summarise([1]), l1 = semi_join(), l2 = filter())
[     9.700][cube-solver-14][DEBUG] Solving cube (l0 = summarise([1]), l1 = intersect(), l2 = filter())
[     9.704][cube-solver-4][DEBUG] Solving cube (l0 = summarise([2]), l1 = cross_join(), l2 = filter())
[     9.705][cube-solver-15][DEBUG] Solving cube (l0 = summarise([3]), l1 = mutate(), l2 = filter())
[     9.707][cube-solver-7][DEBUG] Solving cube (l0 = summarise([3]), l1 = inner_join(), l2 = filter())
[     9.713][cube-solver-12][DEBUG] Solving cube (l0 = filter(), l1 = natural_join(), l2 = summarise([3]))
[     9.717][cube-solver-7][DEBUG] Solving cube (l0 = filter(), l1 = natural_join3([1]), l2 = summarise([3]))
[     9.719][cube-solver-14][DEBUG] Solving cube (l0 = filter(), l1 = natural_join(), l2 = mutate())
[     9.720][cube-solver-15][DEBUG] Solving cube (l0 = filter(), l1 = natural_join3([1]), l2 = mutate())
[     9.721][cube-solver-4][DEBUG] Solving cube (l0 = filter(), l1 = natural_join4(), l2 = summarise([3]))
[     9.739][cube-solver-12][DEBUG] Solving cube (l0 = filter(), l1 = natural_join4(), l2 = mutate())
[     9.740][cube-solver-14][DEBUG] Solving cube (l0 = filter(), l1 = summarise([4]), l2 = natural_join())
[     9.744][cube-solver-13][DEBUG] Solving cube (l0 = natural_join4(), l1 = filter([2]), l2 = summarise([5]))
[     9.759][cube-solver-14][DEBUG] Solving cube (l0 = filter([3]), l1 = summarise([5]), l2 = natural_join3([1]))
[     9.773][cube-solver-13][DEBUG] Solving cube (l0 = filter([3]), l1 = summarise([6]), l2 = natural_join4())
[     9.789][cube-solver-13][DEBUG] Solving cube (l0 = filter([5]), l1 = summarise([8]), l2 = summarise([8]))
[     9.815][cube-solver-13][DEBUG] Solving cube (l0 = filter([6]), l1 = summarise([9]), l2 = filter([6]))
[     9.824][cube-solver-11][DEBUG] Solving cube (l0 = natural_join3([1]), l1 = mutate(), l2 = filter([6]))
[     9.844][cube-solver-13][DEBUG] Solving cube (l0 = filter([7]), l1 = summarise([9]), l2 = anti_join())
[     9.871][cube-solver-13][DEBUG] Solving cube (l0 = filter([7]), l1 = summarise([10]), l2 = left_join())
[     9.896][cube-solver-13][DEBUG] Solving cube (l0 = filter([7]), l1 = summarise([11]), l2 = union())
[     9.920][cube-solver-13][DEBUG] Solving cube (l0 = filter([7]), l1 = summarise([11]), l2 = intersect())
[     9.935][cube-solver-13][DEBUG] Solving cube (l0 = filter([7]), l1 = summarise([11]), l2 = semi_join())
[     9.950][cube-solver-13][DEBUG] Solving cube (l0 = filter([7]), l1 = summarise([11]), l2 = cross_join())
[     9.965][cube-solver-13][DEBUG] Solving cube (l0 = filter([8]), l1 = summarise([11]), l2 = mutate())
[     9.981][cube-solver-13][DEBUG] Solving cube (l0 = filter([10]), l1 = summarise([12]), l2 = inner_join())
[     9.999][cube-solver-13][DEBUG] Solving cube (l0 = filter([11]), l1 = filter([11]), l2 = summarise([13]))
[    10.022][cube-solver-13][DEBUG] Solving cube (l0 = filter([13]), l1 = filter([13]), l2 = mutate())
[    10.042][cube-solver-13][DEBUG] Solving cube (l0 = filter([17]), l1 = anti_join(), l2 = summarise([15]))
[    10.066][cube-solver-13][DEBUG] Solving cube (l0 = filter([18]), l1 = anti_join(), l2 = mutate())
[    10.082][cube-solver-13][DEBUG] Solving cube (l0 = filter([19]), l1 = left_join(), l2 = summarise([17]))
[    10.107][cube-solver-13][DEBUG] Solving cube (l0 = filter([22]), l1 = left_join(), l2 = mutate())
[    10.125][cube-solver-13][DEBUG] Solving cube (l0 = filter([24]), l1 = union(), l2 = summarise([20]))
[    10.151][cube-solver-13][DEBUG] Solving cube (l0 = filter([25]), l1 = union(), l2 = mutate())
[    10.171][cube-solver-13][DEBUG] Solving cube (l0 = filter([26]), l1 = intersect(), l2 = summarise([22]))
[    10.264][cube-solver-13][DEBUG] Solving cube (l0 = filter([31]), l1 = intersect(), l2 = mutate())
[    10.300][cube-solver-13][DEBUG] Solving cube (l0 = filter([35]), l1 = semi_join(), l2 = summarise([24]))
[    10.368][cube-solver-13][DEBUG] Solving cube (l0 = filter([42]), l1 = semi_join(), l2 = mutate())
[    10.417][cube-solver-13][DEBUG] Solving cube (l0 = filter([44]), l1 = cross_join(), l2 = summarise([26]))
[    10.485][cube-solver-13][DEBUG] Solving cube (l0 = filter([49]), l1 = cross_join(), l2 = mutate())
[    10.538][cube-solver-13][DEBUG] Solving cube (l0 = filter([50]), l1 = mutate(), l2 = natural_join())
[    10.586][cube-solver-13][DEBUG] Solving cube (l0 = filter([54]), l1 = mutate(), l2 = natural_join3([1]))
[    14.299][cube-solver-2][DEBUG] Solving cube (l0 = summarise([45]), l1 = natural_join(), l2 = filter([127]))
[    14.331][cube-solver-1][DEBUG] Solving cube (l0 = summarise([45]), l1 = natural_join3([2]), l2 = filter([127]))
[    14.359][cube-solver-0][DEBUG] Solving cube (l0 = summarise([45]), l1 = natural_join4(), l2 = filter([127]))
[    14.428][cube-solver-2][DEBUG] Solving cube (l0 = filter([127]), l1 = mutate(), l2 = natural_join4())
[    14.481][cube-solver-0][DEBUG] Solving cube (l0 = filter([127]), l1 = mutate(), l2 = summarise([45]))
[    14.564][cube-solver-3][DEBUG] Solving cube (l0 = summarise([45]), l1 = summarise([45]), l2 = filter([131]))
[    14.626][cube-solver-0][DEBUG] Solving cube (l0 = filter([133]), l1 = mutate(), l2 = filter([133]))
[    14.701][cube-solver-3][DEBUG] Solving cube (l0 = filter([134]), l1 = mutate(), l2 = anti_join())
[    14.811][cube-solver-3][DEBUG] Solving cube (l0 = filter([135]), l1 = mutate(), l2 = left_join())
[    14.843][cube-solver-0][DEBUG] Solving cube (l0 = filter([135]), l1 = mutate(), l2 = union())
[    14.912][cube-solver-3][DEBUG] Solving cube (l0 = filter([135]), l1 = mutate(), l2 = intersect())
[    14.950][cube-solver-0][DEBUG] Solving cube (l0 = filter([136]), l1 = mutate(), l2 = semi_join())
[    15.010][cube-solver-3][DEBUG] Solving cube (l0 = filter([136]), l1 = mutate(), l2 = cross_join())
[    15.071][cube-solver-0][DEBUG] Solving cube (l0 = filter([136]), l1 = mutate(), l2 = mutate())
[    15.107][cube-solver-3][DEBUG] Solving cube (l0 = filter([136]), l1 = mutate(), l2 = inner_join())
[    15.214][cube-solver-3][DEBUG] Solving cube (l0 = filter([139]), l1 = inner_join(), l2 = summarise([45]))
[    15.235][cube-solver-0][DEBUG] Solving cube (l0 = filter([139]), l1 = inner_join(), l2 = mutate())
[    15.396][cube-solver-3][DEBUG] Solving cube (l0 = anti_join(), l1 = summarise([45]), l2 = filter([139]))
[    15.410][cube-solver-0][DEBUG] Solving cube (l0 = anti_join(), l1 = filter([139]), l2 = summarise([45]))
[    15.531][cube-solver-3][DEBUG] Solving cube (l0 = anti_join(), l1 = filter([139]), l2 = mutate())
[    15.567][cube-solver-0][DEBUG] Solving cube (l0 = anti_join(), l1 = mutate(), l2 = filter([139]))
[    15.641][cube-solver-3][DEBUG] Solving cube (l0 = left_join(), l1 = summarise([45]), l2 = filter([140]))
[    15.676][cube-solver-0][DEBUG] Solving cube (l0 = left_join(), l1 = filter([140]), l2 = summarise([45]))
[    15.778][cube-solver-3][DEBUG] Solving cube (l0 = left_join(), l1 = filter([140]), l2 = mutate())
[    15.815][cube-solver-0][DEBUG] Solving cube (l0 = left_join(), l1 = mutate(), l2 = filter([140]))
[    15.921][cube-solver-3][DEBUG] Solving cube (l0 = union(), l1 = summarise([45]), l2 = filter([140]))
[    15.945][cube-solver-0][DEBUG] Solving cube (l0 = union(), l1 = filter([140]), l2 = summarise([46]))
[    16.044][cube-solver-3][DEBUG] Solving cube (l0 = union(), l1 = filter([140]), l2 = mutate())
[    16.066][cube-solver-0][DEBUG] Solving cube (l0 = union(), l1 = mutate(), l2 = filter([140]))
[    16.158][cube-solver-0][DEBUG] Solving cube (l0 = intersect(), l1 = summarise([47]), l2 = filter([140]))
[    16.187][cube-solver-3][DEBUG] Solving cube (l0 = intersect(), l1 = filter([140]), l2 = summarise([47]))
[    16.265][cube-solver-0][DEBUG] Solving cube (l0 = intersect(), l1 = filter([140]), l2 = mutate())
[    16.348][cube-solver-3][DEBUG] Solving cube (l0 = intersect(), l1 = mutate(), l2 = filter([140]))
[    16.364][cube-solver-0][DEBUG] Solving cube (l0 = semi_join(), l1 = summarise([47]), l2 = filter([140]))
[    16.467][cube-solver-3][DEBUG] Solving cube (l0 = semi_join(), l1 = filter([140]), l2 = summarise([47]))
[    16.481][cube-solver-0][DEBUG] Solving cube (l0 = semi_join(), l1 = filter([140]), l2 = mutate())
[    16.578][cube-solver-0][DEBUG] Solving cube (l0 = semi_join(), l1 = mutate(), l2 = filter([140]))
[    16.605][cube-solver-3][DEBUG] Solving cube (l0 = cross_join(), l1 = summarise([47]), l2 = filter([140]))
[    16.672][cube-solver-0][DEBUG] Solving cube (l0 = cross_join(), l1 = filter([140]), l2 = summarise([47]))
[    16.754][cube-solver-3][DEBUG] Solving cube (l0 = cross_join(), l1 = filter([140]), l2 = mutate())
[    16.840][cube-solver-0][DEBUG] Solving cube (l0 = cross_join(), l1 = mutate(), l2 = filter([140]))
[    16.921][cube-solver-3][DEBUG] Solving cube (l0 = mutate(), l1 = natural_join(), l2 = filter([140]))
[    16.931][cube-solver-0][DEBUG] Solving cube (l0 = mutate(), l1 = natural_join3([2]), l2 = filter([140]))
[    17.015][cube-solver-3][DEBUG] Solving cube (l0 = mutate(), l1 = natural_join4(), l2 = filter([140]))
[    33.883][cube-solver-10][DEBUG] Solving cube (l0 = mutate(), l1 = summarise([47]), l2 = filter([146]))
[    34.254][cube-solver-10][DEBUG] Solving cube (l0 = mutate(), l1 = filter([146]), l2 = natural_join())
[    34.639][cube-solver-10][DEBUG] Solving cube (l0 = mutate(), l1 = filter([147]), l2 = natural_join3([2]))
[    40.841][cube-solver-15][DEBUG] Solving cube (l0 = mutate(), l1 = filter([156]), l2 = natural_join4())
[    95.513][cube-solver-13][DEBUG] Solving cube (l0 = mutate(), l1 = filter([185]), l2 = summarise([48]))
[    95.861][cube-solver-13][DEBUG] Solving cube (l0 = mutate(), l1 = filter([201]), l2 = filter([201]))
[    96.205][cube-solver-13][DEBUG] Solving cube (l0 = mutate(), l1 = filter([211]), l2 = anti_join())
[    96.465][cube-solver-13][DEBUG] Solving cube (l0 = mutate(), l1 = filter([219]), l2 = left_join())
[    96.719][cube-solver-13][DEBUG] Solving cube (l0 = mutate(), l1 = filter([234]), l2 = union())
[    97.064][cube-solver-13][DEBUG] Solving cube (l0 = mutate(), l1 = filter([288]), l2 = intersect())
[    97.744][cube-solver-13][DEBUG] Solving cube (l0 = mutate(), l1 = filter([327]), l2 = semi_join())
[    99.244][cube-solver-13][DEBUG] Solving cube (l0 = mutate(), l1 = filter([442]), l2 = cross_join())
[    99.653][cube-solver-13][DEBUG] Solving cube (l0 = mutate(), l1 = filter([442]), l2 = mutate())
[    99.993][cube-solver-11][DEBUG] Solving cube (l0 = mutate(), l1 = filter([444]), l2 = inner_join())
[   100.285][cube-solver-13][DEBUG] Solving cube (l0 = mutate(), l1 = anti_join(), l2 = filter([447]))
[   100.448][cube-solver-11][DEBUG] Solving cube (l0 = mutate(), l1 = left_join(), l2 = filter([447]))
[   100.757][cube-solver-13][DEBUG] Solving cube (l0 = mutate(), l1 = union(), l2 = filter([454]))
[   100.891][cube-solver-11][DEBUG] Solving cube (l0 = mutate(), l1 = intersect(), l2 = filter([455]))
[   101.230][cube-solver-13][DEBUG] Solving cube (l0 = mutate(), l1 = semi_join(), l2 = filter([456]))
[   101.337][cube-solver-11][DEBUG] Solving cube (l0 = mutate(), l1 = cross_join(), l2 = filter([456]))
[   101.790][cube-solver-13][DEBUG] Solving cube (l0 = mutate(), l1 = mutate(), l2 = filter([481]))
[   102.113][cube-solver-11][DEBUG] Solving cube (l0 = mutate(), l1 = inner_join(), l2 = filter([486]))
[   102.214][cube-solver-13][DEBUG] Solving cube (l0 = inner_join(), l1 = summarise([48]), l2 = filter([486]))
[   102.559][cube-solver-11][DEBUG] Solving cube (l0 = inner_join(), l1 = filter([488]), l2 = summarise([48]))
[   102.798][cube-solver-13][DEBUG] Solving cube (l0 = inner_join(), l1 = filter([489]), l2 = mutate())
[   103.186][cube-solver-11][DEBUG] Solving cube (l0 = inner_join(), l1 = mutate(), l2 = filter([490]))
[   103.300][MainProcess][DEBUG] Increasing generator loc to 4
[   103.309][cube-solver-13][DEBUG] Initialising process for 4 lines of code.
[   103.709][cube-solver-11][DEBUG] Initialising process for 4 lines of code.
[   114.017][cube-solver-11][DEBUG] Solving cube (l0 = natural_join(), l1 = summarise([48]), l2 = natural_join3([2]), l3 = filter([496]))
[   114.208][cube-solver-13][DEBUG] Solving cube (l0 = natural_join(), l1 = summarise([48]), l2 = natural_join(), l3 = filter([496]))
[   125.139][cube-solver-12][DEBUG] Initialising process for 4 lines of code.
[   134.969][cube-solver-12][DEBUG] Solving cube (l0 = natural_join([2]), l1 = summarise([48]), l2 = natural_join4(), l3 = filter([509]))
[   135.446][cube-solver-12][DEBUG] Solving cube (l0 = natural_join([2]), l1 = summarise([48]), l2 = summarise([48]), l3 = filter([510]))
[   136.138][cube-solver-12][DEBUG] Solving cube (l0 = natural_join([2]), l1 = summarise([48]), l2 = filter([513]), l3 = natural_join([2]))
[   266.822][MainProcess][INFO] Hard problem!
[   267.293][MainProcess][DEBUG] Increasing alternate_generator loc to 5
[   267.294][cube-solver-9][DEBUG] Initialising process for 5 lines of code.
[   282.099][cube-solver-9][DEBUG] Solving cube (l0 = natural_join([2]), l1 = summarise([48]), l2 = natural_join([2]), l3 = summarise([48]), l4 = filter([535]))
[   297.345][cube-solver-0][DEBUG] Initialising process for 5 lines of code.
[   307.978][cube-solver-10][DEBUG] Initialising process for 5 lines of code.
[   310.943][cube-solver-0][DEBUG] Solving cube (l0 = natural_join([2]), l1 = summarise([48]), l2 = natural_join([2]), l3 = filter([542]), l4 = natural_join([2]))
[   323.301][cube-solver-10][DEBUG] Solving cube (l0 = natural_join([2]), l1 = summarise([48]), l2 = natural_join([2]), l3 = filter([546]), l4 = natural_join3([2]))
[   425.287][cube-solver-7][DEBUG] Initialising process for 5 lines of code.
[   439.634][cube-solver-7][DEBUG] Solving cube (l0 = natural_join([2]), l1 = summarise([48]), l2 = natural_join([2]), l3 = filter([547]), l4 = natural_join4())
[   679.487][cube-solver-2][DEBUG] Initialising process for 5 lines of code.
[   693.410][cube-solver-2][DEBUG] Solving cube (l0 = natural_join([2]), l1 = summarise([48]), l2 = natural_join([2]), l3 = filter([549]), l4 = summarise([48]))
[   749.278][cube-solver-1][DEBUG] Initialising process for 5 lines of code.
[   755.492][cube-solver-8][DEBUG] Initialising process for 4 lines of code.
[   763.825][cube-solver-1][DEBUG] Solving cube (l0 = natural_join([2]), l1 = summarise([48]), l2 = natural_join([2]), l3 = filter([550]), l4 = filter([550]))
[   765.733][cube-solver-8][DEBUG] Solving cube (l0 = natural_join([2]), l1 = summarise([48]), l2 = filter([550]), l3 = natural_join3([2]))
[   873.031][cube-solver-14][DEBUG] Initialising process for 4 lines of code.
[   883.494][cube-solver-14][DEBUG] Solving cube (l0 = natural_join([2]), l1 = summarise([48]), l2 = filter([550]), l3 = natural_join4())
[  1177.983][cube-solver-3][DEBUG] Initialising process for 4 lines of code.
[  1188.976][cube-solver-3][DEBUG] Solving cube (l0 = natural_join([2]), l1 = summarise([48]), l2 = filter([550]), l3 = summarise([48]))
[  1189.766][cube-solver-3][DEBUG] Solving cube (l0 = natural_join([2]), l1 = summarise([48]), l2 = filter([550]), l3 = filter([550]))
[  1190.593][cube-solver-3][DEBUG] Solving cube (l0 = natural_join([2]), l1 = summarise([48]), l2 = filter([550]), l3 = anti_join())
[  1764.842][cube-solver-4][DEBUG] Initialising process for 4 lines of code.
[  1775.975][cube-solver-4][DEBUG] Solving cube (l0 = natural_join([2]), l1 = summarise([48]), l2 = filter([550]), l3 = left_join())
[  1871.347][cube-solver-12][DEBUG] Solving cube (l0 = natural_join([2]), l1 = summarise([48]), l2 = filter([550]), l3 = union())
[  2170.495][cube-solver-13][DEBUG] Solving cube (l0 = natural_join([2]), l1 = summarise([48]), l2 = filter([550]), l3 = intersect())
[  2777.126][cube-solver-15][DEBUG] Initialising process for 4 lines of code.
[  2788.161][cube-solver-15][DEBUG] Solving cube (l0 = natural_join([2]), l1 = summarise([48]), l2 = filter([550]), l3 = semi_join())
[  3553.071][cube-solver-4][DEBUG] Solving cube (l0 = natural_join([2]), l1 = summarise([48]), l2 = filter([550]), l3 = cross_join())
[  3599.992][MainProcess][INFO] Statistics:
[  3599.993][MainProcess][INFO] 	Generated cubes: 163
[  3599.993][MainProcess][INFO] 	Attempted programs: 507046
[  3599.993][MainProcess][INFO] 		Rejected: 89800
[  3599.993][MainProcess][INFO] 		Failed: 417246
[  3599.993][MainProcess][INFO] 	Blacklist clauses: 602
[  3599.993][MainProcess][DEBUG] Priting statistics for good programs of size 3
[  3600.294][MainProcess][DEBUG] 	0: Counter({'mutate': 369600, 'filter': 212800, 'summarise': 180161, 'natural_join3': 80000})
[  3600.488][MainProcess][DEBUG] 	1: Counter({'filter': 354961, 'natural_join4': 224000, 'natural_join3': 111600, 'mutate': 92400, 'summarise': 59600})
[  3600.683][MainProcess][DEBUG] 	2: Counter({'natural_join4': 356553, 'filter': 274800, 'summarise': 125400, 'natural_join3': 70408, 'mutate': 15400})
[  3600.683][MainProcess][DEBUG] Priting statistics for good programs of size 4
[  3600.951][MainProcess][DEBUG] 	0: Counter({'natural_join': 651704})
[  3601.119][MainProcess][DEBUG] 	1: Counter({'summarise': 651704})
[  3601.286][MainProcess][DEBUG] 	2: Counter({'filter': 449752, 'natural_join3': 116752, 'natural_join': 85200})
[  3601.454][MainProcess][DEBUG] 	3: Counter({'filter': 201952, 'natural_join4': 113274, 'union': 109334, 'natural_join3': 89738, 'natural_join': 56400, 'left_join': 56400, 'semi_join': 20266, 'anti_join': 4340})
[  3601.455][MainProcess][DEBUG] Priting statistics for good programs of size 5
[  3601.650][MainProcess][DEBUG] 	0: Counter({'natural_join': 707388})
[  3601.837][MainProcess][DEBUG] 	1: Counter({'summarise': 707388})
