[     2.940][MainProcess][INFO] Parsing specification...
[     2.946][MainProcess][DEBUG] Reading input files...
[     2.954][MainProcess][INFO] Inferred data types for table tests-examples/textbook/tables/aircraft.txt: ['int64', 'string', 'int64']
[     2.959][MainProcess][INFO] Inferred data types for table tests-examples/textbook/tables/certified.txt: ['int64', 'int64']
[     2.964][MainProcess][INFO] Inferred data types for table tests-examples/textbook/tables/employees.txt: ['int64', 'string', 'int64']
[     2.968][MainProcess][INFO] Inferred data types for table tests-examples/textbook/tables/37.out: ['string']
[     3.002][MainProcess][DEBUG] Generating DSL...
[     3.028][MainProcess][INFO] Creating 16 processes
[     3.093][cube-solver-0][DEBUG] Initialising process for 1 lines of code.
[     3.093][MainProcess][DEBUG] Increasing generator loc to 2
[     3.094][cube-solver-1][DEBUG] Initialising process for 2 lines of code.
[     3.094][cube-solver-2][DEBUG] Initialising process for 2 lines of code.
[     3.095][cube-solver-3][DEBUG] Initialising process for 2 lines of code.
[     3.095][cube-solver-4][DEBUG] Initialising process for 2 lines of code.
[     3.098][cube-solver-5][DEBUG] Initialising process for 2 lines of code.
[     3.108][cube-solver-8][DEBUG] Initialising process for 2 lines of code.
[     3.108][cube-solver-6][DEBUG] Initialising process for 2 lines of code.
[     3.111][cube-solver-7][DEBUG] Initialising process for 2 lines of code.
[     3.112][cube-solver-10][DEBUG] Initialising process for 2 lines of code.
[     3.114][cube-solver-9][DEBUG] Initialising process for 2 lines of code.
[     3.119][cube-solver-13][DEBUG] Initialising process for 2 lines of code.
[     3.120][cube-solver-11][DEBUG] Initialising process for 2 lines of code.
[     3.124][cube-solver-12][DEBUG] Initialising process for 2 lines of code.
[     3.133][cube-solver-15][DEBUG] Initialising process for 2 lines of code.
[     3.145][cube-solver-14][DEBUG] Initialising process for 2 lines of code.
[     3.341][cube-solver-0][WARNING] There is no solution for current loc (1).
[     3.342][cube-solver-0][DEBUG] Solving cube (l0 = filter(),)
[     3.343][cube-solver-0][DEBUG] Initialising process for 2 lines of code.
[     3.613][cube-solver-2][DEBUG] Solving cube (l0 = natural_join3(), l1 = filter())
[     3.624][cube-solver-13][DEBUG] Solving cube (l0 = filter(), l1 = cross_join())
[     3.626][cube-solver-1][DEBUG] Solving cube (l0 = natural_join(), l1 = filter())
[     3.627][cube-solver-13][DEBUG] Solving cube (l0 = union(), l1 = filter())
[     3.629][cube-solver-1][DEBUG] Solving cube (l0 = intersect(), l1 = filter())
[     3.629][cube-solver-13][DEBUG] Solving cube (l0 = semi_join(), l1 = filter())
[     3.629][cube-solver-9][DEBUG] Solving cube (l0 = filter(), l1 = left_join())
[     3.631][cube-solver-13][DEBUG] Solving cube (l0 = cross_join(), l1 = filter())
[     3.632][cube-solver-1][DEBUG] Solving cube (l0 = inner_join(), l1 = filter())
[     3.632][MainProcess][DEBUG] Increasing generator loc to 3
[     3.633][cube-solver-9][DEBUG] Initialising process for 3 lines of code.
[     3.633][cube-solver-13][DEBUG] Initialising process for 3 lines of code.
[     3.634][cube-solver-1][DEBUG] Initialising process for 3 lines of code.
[     3.638][cube-solver-12][DEBUG] Solving cube (l0 = filter(), l1 = semi_join())
[     3.643][cube-solver-12][DEBUG] Initialising process for 3 lines of code.
[     3.644][cube-solver-15][DEBUG] Solving cube (l0 = anti_join(), l1 = filter())
[     3.651][cube-solver-15][DEBUG] Initialising process for 3 lines of code.
[     3.653][cube-solver-10][DEBUG] Solving cube (l0 = filter(), l1 = union())
[     3.656][cube-solver-6][DEBUG] Solving cube (l0 = filter(), l1 = natural_join4())
[     3.659][cube-solver-10][DEBUG] Initialising process for 3 lines of code.
[     3.664][cube-solver-8][DEBUG] Solving cube (l0 = filter(), l1 = anti_join())
[     3.670][cube-solver-8][DEBUG] Initialising process for 3 lines of code.
[     3.686][cube-solver-11][DEBUG] Solving cube (l0 = filter(), l1 = intersect())
[     3.688][cube-solver-14][DEBUG] Solving cube (l0 = filter(), l1 = inner_join())
[     3.691][cube-solver-11][DEBUG] Initialising process for 3 lines of code.
[     3.695][cube-solver-14][DEBUG] Initialising process for 3 lines of code.
[     3.732][cube-solver-3][DEBUG] Solving cube (l0 = natural_join4(), l1 = filter([3]))
[     3.740][cube-solver-3][DEBUG] Initialising process for 3 lines of code.
[     3.790][cube-solver-5][DEBUG] Solving cube (l0 = filter([6]), l1 = natural_join3([1]))
[     3.825][cube-solver-4][DEBUG] Solving cube (l0 = filter([11]), l1 = natural_join())
[     3.831][cube-solver-0][DEBUG] Solving cube (l0 = left_join(), l1 = filter([11]))
[     3.835][cube-solver-7][DEBUG] Solving cube (l0 = filter([11]), l1 = filter([11]))
[     3.836][cube-solver-4][DEBUG] Initialising process for 3 lines of code.
[     3.837][cube-solver-0][DEBUG] Initialising process for 3 lines of code.
[     3.854][cube-solver-7][DEBUG] Initialising process for 3 lines of code.
[     4.418][cube-solver-15][DEBUG] Solving cube (l0 = natural_join(), l1 = filter([20]), l2 = anti_join())
[     4.418][cube-solver-9][DEBUG] Solving cube (l0 = natural_join(), l1 = filter([20]), l2 = natural_join())
[     4.433][cube-solver-10][DEBUG] Solving cube (l0 = natural_join(), l1 = filter([20]), l2 = left_join())
[     4.456][cube-solver-12][DEBUG] Solving cube (l0 = natural_join([1]), l1 = filter([20]), l2 = filter([20]))
[     4.473][cube-solver-12][DEBUG] Solving cube (l0 = natural_join([2]), l1 = union(), l2 = filter([20]))
[     4.496][cube-solver-14][DEBUG] Solving cube (l0 = natural_join([2]), l1 = filter([20]), l2 = semi_join())
[     4.583][cube-solver-1][DEBUG] Solving cube (l0 = natural_join([2]), l1 = filter([20]), l2 = natural_join4())
[     4.598][cube-solver-0][DEBUG] Solving cube (l0 = natural_join([2]), l1 = anti_join(), l2 = filter([20]))
[     4.610][cube-solver-0][DEBUG] Solving cube (l0 = natural_join([2]), l1 = intersect(), l2 = filter([20]))
[     4.631][cube-solver-7][DEBUG] Solving cube (l0 = natural_join([2]), l1 = left_join(), l2 = filter([20]))
[     4.633][cube-solver-8][DEBUG] Solving cube (l0 = natural_join([2]), l1 = filter([20]), l2 = union())
[     4.636][cube-solver-11][DEBUG] Solving cube (l0 = natural_join([2]), l1 = filter([20]), l2 = intersect())
[     4.679][cube-solver-13][DEBUG] Solving cube (l0 = natural_join([2]), l1 = filter([20]), l2 = natural_join3([1]))
[     4.740][cube-solver-3][DEBUG] Solving cube (l0 = natural_join([2]), l1 = filter([20]), l2 = cross_join())
[     4.871][cube-solver-4][DEBUG] Solving cube (l0 = natural_join([2]), l1 = filter([20]), l2 = inner_join())
[     6.573][cube-solver-3][DEBUG] Solving cube (l0 = natural_join([2]), l1 = semi_join(), l2 = filter([20]))
[     7.900][cube-solver-2][DEBUG] Initialising process for 3 lines of code.
[     8.422][cube-solver-5][DEBUG] Initialising process for 3 lines of code.
[     8.783][cube-solver-2][DEBUG] Solving cube (l0 = natural_join([2]), l1 = cross_join(), l2 = filter([20]))
[     9.270][cube-solver-5][DEBUG] Solving cube (l0 = natural_join([2]), l1 = inner_join(), l2 = filter([20]))
[     9.714][cube-solver-3][DEBUG] Solving cube (l0 = natural_join([2]), l1 = natural_join([2]), l2 = filter([20]))
[     9.817][cube-solver-2][DEBUG] Solving cube (l0 = natural_join([2]), l1 = natural_join3([2]), l2 = filter([20]))
[     9.828][cube-solver-2][DEBUG] Solving cube (l0 = natural_join([2]), l1 = natural_join4(), l2 = filter([20]))
[     9.837][cube-solver-2][DEBUG] Solving cube (l0 = natural_join3([2]), l1 = filter([20]), l2 = natural_join([2]))
[     9.972][cube-solver-14][DEBUG] Solving cube (l0 = natural_join3([2]), l1 = filter([20]), l2 = natural_join3([2]))
[    11.884][cube-solver-12][DEBUG] Solving cube (l0 = natural_join3([2]), l1 = filter([20]), l2 = natural_join4())
[    12.350][cube-solver-7][DEBUG] Solving cube (l0 = natural_join3([2]), l1 = filter([20]), l2 = filter([20]))
[    12.675][cube-solver-8][DEBUG] Solving cube (l0 = natural_join3([2]), l1 = filter([20]), l2 = anti_join())
[    12.891][cube-solver-10][DEBUG] Solving cube (l0 = natural_join3([2]), l1 = filter([20]), l2 = left_join())
[    13.066][cube-solver-9][DEBUG] Solving cube (l0 = natural_join3([2]), l1 = filter([20]), l2 = union())
[    15.112][cube-solver-0][DEBUG] Solving cube (l0 = natural_join3([2]), l1 = filter([20]), l2 = intersect())
[    17.147][cube-solver-3][DEBUG] Solving cube (l0 = natural_join3([2]), l1 = filter([20]), l2 = semi_join())
[    18.995][cube-solver-11][DEBUG] Solving cube (l0 = natural_join3([2]), l1 = filter([20]), l2 = cross_join())
[    21.231][cube-solver-6][DEBUG] Initialising process for 3 lines of code.
[    22.010][cube-solver-6][DEBUG] Solving cube (l0 = natural_join3([2]), l1 = filter([20]), l2 = inner_join())
[    26.397][cube-solver-11][DEBUG] Solving cube (l0 = natural_join3([2]), l1 = anti_join(), l2 = filter([20]))
[    27.200][cube-solver-13][DEBUG] Solving cube (l0 = natural_join3([2]), l1 = left_join(), l2 = filter([20]))
[    32.473][cube-solver-2][DEBUG] Solving cube (l0 = natural_join3([2]), l1 = union(), l2 = filter([20]))
[    43.664][cube-solver-15][DEBUG] Solving cube (l0 = natural_join3([2]), l1 = intersect(), l2 = filter([20]))
[    49.670][cube-solver-1][DEBUG] Solving cube (l0 = natural_join3([2]), l1 = semi_join(), l2 = filter([20]))
[    52.127][cube-solver-3][DEBUG] Solving cube (l0 = natural_join3([2]), l1 = cross_join(), l2 = filter([20]))
[    53.861][cube-solver-13][DEBUG] Solving cube (l0 = natural_join3([2]), l1 = inner_join(), l2 = filter([20]))
[    54.579][cube-solver-9][DEBUG] Solving cube (l0 = natural_join3([2]), l1 = natural_join([2]), l2 = filter([20]))
[    54.590][cube-solver-10][DEBUG] Solving cube (l0 = natural_join3([2]), l1 = natural_join3([2]), l2 = filter([20]))
[    54.590][cube-solver-9][DEBUG] Solving cube (l0 = natural_join3([2]), l1 = natural_join4(), l2 = filter([20]))
[    54.600][cube-solver-9][DEBUG] Solving cube (l0 = natural_join4(), l1 = filter([20]), l2 = natural_join([2]))
[    54.601][cube-solver-10][DEBUG] Solving cube (l0 = natural_join4(), l1 = filter([20]), l2 = natural_join3([2]))
[    54.611][cube-solver-9][DEBUG] Solving cube (l0 = natural_join4(), l1 = filter([20]), l2 = natural_join4())
[    54.613][cube-solver-10][DEBUG] Solving cube (l0 = natural_join4(), l1 = filter([20]), l2 = filter([20]))
[    54.620][cube-solver-9][DEBUG] Solving cube (l0 = natural_join4(), l1 = filter([20]), l2 = anti_join())
[    54.627][cube-solver-10][DEBUG] Solving cube (l0 = natural_join4(), l1 = filter([20]), l2 = left_join())
[    54.628][cube-solver-9][DEBUG] Solving cube (l0 = natural_join4(), l1 = filter([20]), l2 = union())
[    54.636][cube-solver-10][DEBUG] Solving cube (l0 = natural_join4(), l1 = filter([20]), l2 = intersect())
[    54.637][cube-solver-9][DEBUG] Solving cube (l0 = natural_join4(), l1 = filter([20]), l2 = semi_join())
[    54.645][cube-solver-10][DEBUG] Solving cube (l0 = natural_join4(), l1 = filter([20]), l2 = cross_join())
[    54.646][cube-solver-9][DEBUG] Solving cube (l0 = natural_join4(), l1 = filter([20]), l2 = inner_join())
[    54.654][cube-solver-10][DEBUG] Solving cube (l0 = natural_join4(), l1 = anti_join(), l2 = filter([20]))
[    54.655][cube-solver-9][DEBUG] Solving cube (l0 = natural_join4(), l1 = left_join(), l2 = filter([20]))
[    54.663][cube-solver-10][DEBUG] Solving cube (l0 = natural_join4(), l1 = union(), l2 = filter([20]))
[    54.663][cube-solver-9][DEBUG] Solving cube (l0 = natural_join4(), l1 = intersect(), l2 = filter([20]))
[    54.672][cube-solver-10][DEBUG] Solving cube (l0 = natural_join4(), l1 = semi_join(), l2 = filter([20]))
[    54.672][cube-solver-9][DEBUG] Solving cube (l0 = natural_join4(), l1 = cross_join(), l2 = filter([20]))
[    54.680][cube-solver-10][DEBUG] Solving cube (l0 = natural_join4(), l1 = inner_join(), l2 = filter([20]))
[    54.681][cube-solver-9][DEBUG] Solving cube (l0 = natural_join4(), l1 = natural_join([2]), l2 = filter([20]))
[    54.689][cube-solver-10][DEBUG] Solving cube (l0 = natural_join4(), l1 = natural_join3([2]), l2 = filter([20]))
[    54.691][cube-solver-9][DEBUG] Solving cube (l0 = natural_join4(), l1 = natural_join4(), l2 = filter([20]))
[    54.699][cube-solver-10][DEBUG] Solving cube (l0 = filter([20]), l1 = natural_join([2]), l2 = filter([20]))
[    54.700][cube-solver-9][DEBUG] Solving cube (l0 = filter([20]), l1 = natural_join([2]), l2 = anti_join())
[    54.709][cube-solver-9][DEBUG] Solving cube (l0 = filter([20]), l1 = natural_join([2]), l2 = left_join())
[    54.716][cube-solver-10][DEBUG] Solving cube (l0 = filter([20]), l1 = natural_join([2]), l2 = union())
[    56.173][cube-solver-3][DEBUG] Solving cube (l0 = filter([20]), l1 = natural_join([2]), l2 = intersect())
[    58.512][cube-solver-2][DEBUG] Solving cube (l0 = filter([20]), l1 = natural_join([2]), l2 = semi_join())
[    62.514][cube-solver-10][DEBUG] Solving cube (l0 = filter([20]), l1 = natural_join([2]), l2 = cross_join())
[    62.674][cube-solver-9][DEBUG] Solving cube (l0 = filter([20]), l1 = natural_join([2]), l2 = inner_join())
[    63.822][cube-solver-2][DEBUG] Solving cube (l0 = filter([20]), l1 = natural_join([2]), l2 = natural_join([2]))
[    64.212][cube-solver-10][DEBUG] Solving cube (l0 = filter([20]), l1 = natural_join([2]), l2 = natural_join3([2]))
[    64.222][cube-solver-10][DEBUG] Solving cube (l0 = filter([20]), l1 = natural_join([2]), l2 = natural_join4())
[    64.232][cube-solver-10][DEBUG] Solving cube (l0 = filter([20]), l1 = natural_join3([2]), l2 = filter([20]))
[    68.159][cube-solver-1][DEBUG] Solving cube (l0 = filter([29]), l1 = natural_join3([2]), l2 = anti_join())
[    70.555][cube-solver-3][DEBUG] Solving cube (l0 = filter([30]), l1 = natural_join3([2]), l2 = left_join())
[    71.803][cube-solver-2][DEBUG] Solving cube (l0 = filter([30]), l1 = natural_join3([2]), l2 = union())
[    72.625][cube-solver-14][DEBUG] Solving cube (l0 = filter([30]), l1 = natural_join3([2]), l2 = intersect())
[    84.500][cube-solver-15][DEBUG] Solving cube (l0 = filter([32]), l1 = natural_join3([2]), l2 = semi_join())
[    87.799][cube-solver-0][DEBUG] Solving cube (l0 = filter([32]), l1 = natural_join3([2]), l2 = cross_join())
[    91.606][cube-solver-12][DEBUG] Solving cube (l0 = filter([32]), l1 = natural_join3([2]), l2 = inner_join())
[    97.446][cube-solver-7][DEBUG] Solving cube (l0 = filter([32]), l1 = natural_join3([2]), l2 = natural_join([2]))
[    97.479][cube-solver-7][DEBUG] Solving cube (l0 = filter([32]), l1 = natural_join3([2]), l2 = natural_join3([2]))
[    97.504][cube-solver-7][DEBUG] Solving cube (l0 = filter([32]), l1 = natural_join3([2]), l2 = natural_join4())
[    97.527][cube-solver-7][DEBUG] Solving cube (l0 = filter([32]), l1 = natural_join4(), l2 = filter([32]))
[   101.204][cube-solver-0][DEBUG] Solving cube (l0 = filter([32]), l1 = natural_join4(), l2 = anti_join())
[   101.216][cube-solver-0][DEBUG] Solving cube (l0 = filter([32]), l1 = natural_join4(), l2 = left_join())
[   127.974][cube-solver-3][DEBUG] Solving cube (l0 = filter([32]), l1 = natural_join4(), l2 = union())
[   128.564][cube-solver-2][DEBUG] Solving cube (l0 = filter([32]), l1 = natural_join4(), l2 = intersect())
[   129.372][cube-solver-15][DEBUG] Solving cube (l0 = filter([32]), l1 = natural_join4(), l2 = semi_join())
[   164.924][cube-solver-10][DEBUG] Solving cube (l0 = filter([32]), l1 = natural_join4(), l2 = cross_join())
[   180.997][MainProcess][INFO] Hard problem!
[   180.999][MainProcess][DEBUG] Increasing alternate_generator loc to 4
[   181.012][cube-solver-11][DEBUG] Initialising process for 4 lines of code.
[   182.104][cube-solver-11][DEBUG] Solving cube (l0 = natural_join([2]), l1 = filter([32]), l2 = natural_join([2]), l3 = filter([32]))
[   189.013][cube-solver-14][DEBUG] Initialising process for 4 lines of code.
[   190.101][cube-solver-14][DEBUG] Solving cube (l0 = natural_join([2]), l1 = filter([32]), l2 = natural_join([2]), l3 = anti_join())
[   190.118][cube-solver-14][DEBUG] Solving cube (l0 = natural_join([2]), l1 = filter([32]), l2 = natural_join([2]), l3 = left_join())
[   200.990][cube-solver-10][DEBUG] Initialising process for 4 lines of code.
[   202.058][cube-solver-10][DEBUG] Solving cube (l0 = natural_join([2]), l1 = filter([32]), l2 = natural_join([2]), l3 = union())
[   234.200][cube-solver-0][DEBUG] Initialising process for 4 lines of code.
[   235.358][cube-solver-0][DEBUG] Solving cube (l0 = natural_join([2]), l1 = filter([32]), l2 = natural_join([2]), l3 = intersect())
[   240.487][cube-solver-15][DEBUG] Initialising process for 4 lines of code.
[   241.593][cube-solver-15][DEBUG] Solving cube (l0 = natural_join([2]), l1 = filter([32]), l2 = natural_join([2]), l3 = semi_join())
[   260.096][cube-solver-3][DEBUG] Solving cube (l0 = filter([32]), l1 = natural_join4(), l2 = inner_join())
[   377.123][cube-solver-11][DEBUG] Solving cube (l0 = natural_join([2]), l1 = filter([32]), l2 = natural_join([2]), l3 = cross_join())
[   391.719][cube-solver-14][DEBUG] Solving cube (l0 = natural_join([2]), l1 = filter([32]), l2 = natural_join([2]), l3 = inner_join())
[   399.445][cube-solver-10][DEBUG] Solving cube (l0 = natural_join([2]), l1 = filter([32]), l2 = natural_join([2]), l3 = natural_join([2]))
[   400.460][cube-solver-15][DEBUG] Solving cube (l0 = natural_join([2]), l1 = filter([32]), l2 = natural_join([2]), l3 = natural_join3([2]))
[   400.476][cube-solver-15][DEBUG] Solving cube (l0 = natural_join([2]), l1 = filter([32]), l2 = natural_join([2]), l3 = natural_join4())
[   400.490][cube-solver-15][DEBUG] Solving cube (l0 = natural_join([2]), l1 = filter([32]), l2 = natural_join3([2]), l3 = filter([32]))
[   423.001][cube-solver-8][DEBUG] Solving cube (l0 = filter([32]), l1 = natural_join4(), l2 = natural_join([2]))
[   423.015][cube-solver-8][DEBUG] Solving cube (l0 = filter([32]), l1 = natural_join4(), l2 = natural_join3([2]))
[   423.028][cube-solver-8][DEBUG] Solving cube (l0 = filter([32]), l1 = natural_join4(), l2 = natural_join4())
[   423.041][cube-solver-8][DEBUG] Solving cube (l0 = filter([32]), l1 = filter([32]), l2 = natural_join([2]))
[   423.065][cube-solver-8][DEBUG] Solving cube (l0 = filter([32]), l1 = filter([32]), l2 = natural_join3([2]))
[   431.978][cube-solver-11][DEBUG] Solving cube (l0 = natural_join([2]), l1 = filter([32]), l2 = natural_join3([2]), l3 = anti_join())
[   433.849][cube-solver-2][DEBUG] Solving cube (l0 = filter([32]), l1 = filter([32]), l2 = natural_join4())
[   435.730][cube-solver-7][DEBUG] Solving cube (l0 = filter([32]), l1 = filter([32]), l2 = filter([32]))
[   435.760][cube-solver-7][DEBUG] Solving cube (l0 = filter([32]), l1 = filter([32]), l2 = anti_join())
[   435.783][cube-solver-7][DEBUG] Solving cube (l0 = filter([32]), l1 = filter([32]), l2 = left_join())
[   435.804][cube-solver-7][DEBUG] Solving cube (l0 = filter([32]), l1 = filter([32]), l2 = union())
[   435.825][cube-solver-7][DEBUG] Solving cube (l0 = filter([32]), l1 = filter([32]), l2 = intersect())
[   435.847][cube-solver-7][DEBUG] Solving cube (l0 = filter([32]), l1 = filter([32]), l2 = semi_join())
[   435.868][cube-solver-7][DEBUG] Solving cube (l0 = filter([32]), l1 = filter([32]), l2 = cross_join())
[   435.890][cube-solver-7][DEBUG] Solving cube (l0 = filter([32]), l1 = filter([32]), l2 = inner_join())
[   435.911][cube-solver-7][DEBUG] Solving cube (l0 = filter([32]), l1 = anti_join(), l2 = natural_join([2]))
[   453.472][cube-solver-5][DEBUG] Solving cube (l0 = filter([32]), l1 = anti_join([39]), l2 = natural_join3([2]))
[   453.503][cube-solver-5][DEBUG] Solving cube (l0 = filter([32]), l1 = anti_join([39]), l2 = natural_join4())
[   477.333][cube-solver-7][DEBUG] Solving cube (l0 = filter([32]), l1 = anti_join([79]), l2 = filter([32]))
[   477.409][cube-solver-7][DEBUG] Solving cube (l0 = filter([32]), l1 = anti_join([79]), l2 = anti_join([79]))
[   477.490][cube-solver-7][DEBUG] Solving cube (l0 = filter([32]), l1 = anti_join([80]), l2 = left_join())
[   508.668][cube-solver-7][DEBUG] Solving cube (l0 = filter([32]), l1 = anti_join([118]), l2 = union())
[   517.544][cube-solver-8][DEBUG] Solving cube (l0 = filter([32]), l1 = anti_join([120]), l2 = intersect())
[   520.215][cube-solver-1][DEBUG] Solving cube (l0 = filter([32]), l1 = anti_join([120]), l2 = semi_join())
[   545.320][cube-solver-7][DEBUG] Solving cube (l0 = filter([32]), l1 = anti_join([120]), l2 = cross_join())
[   548.975][cube-solver-1][DEBUG] Solving cube (l0 = filter([32]), l1 = anti_join([121]), l2 = inner_join())
[   571.079][cube-solver-7][DEBUG] Solving cube (l0 = filter([32]), l1 = left_join(), l2 = natural_join([2]))
[   579.289][cube-solver-7][DEBUG] Solving cube (l0 = filter([32]), l1 = left_join(), l2 = natural_join3([2]))
[   589.956][cube-solver-10][DEBUG] Solving cube (l0 = natural_join([2]), l1 = filter([32]), l2 = natural_join3([2]), l3 = left_join([2]))
[   590.076][cube-solver-4][DEBUG] Solving cube (l0 = filter([32]), l1 = left_join([2]), l2 = natural_join4())
[   667.424][cube-solver-9][DEBUG] Solving cube (l0 = filter([32]), l1 = left_join([2]), l2 = filter([32]))
[   667.481][cube-solver-9][DEBUG] Solving cube (l0 = filter([32]), l1 = left_join([2]), l2 = anti_join([124]))
[   674.733][cube-solver-7][DEBUG] Solving cube (l0 = filter([32]), l1 = left_join([2]), l2 = left_join([2]))
[   681.948][cube-solver-0][DEBUG] Solving cube (l0 = natural_join([2]), l1 = filter([32]), l2 = natural_join3([2]), l3 = union())
[   682.979][cube-solver-7][DEBUG] Solving cube (l0 = filter([32]), l1 = left_join([2]), l2 = union())
[   684.509][cube-solver-8][DEBUG] Solving cube (l0 = filter([32]), l1 = left_join([2]), l2 = intersect())
[   691.064][cube-solver-7][DEBUG] Solving cube (l0 = filter([32]), l1 = left_join([2]), l2 = semi_join())
[   696.654][cube-solver-7][DEBUG] Solving cube (l0 = filter([32]), l1 = left_join([2]), l2 = cross_join())
[   698.499][cube-solver-7][DEBUG] Solving cube (l0 = filter([32]), l1 = left_join([2]), l2 = inner_join())
[   699.504][cube-solver-8][DEBUG] Solving cube (l0 = filter([32]), l1 = union(), l2 = natural_join([2]))
[   711.086][cube-solver-8][DEBUG] Solving cube (l0 = filter([32]), l1 = union(), l2 = natural_join3([2]))
[   717.614][cube-solver-9][DEBUG] Solving cube (l0 = filter([32]), l1 = union(), l2 = natural_join4())
[   846.396][cube-solver-8][DEBUG] Solving cube (l0 = filter([32]), l1 = union(), l2 = filter([32]))
[   846.673][cube-solver-8][DEBUG] Solving cube (l0 = filter([32]), l1 = union(), l2 = anti_join([124]))
[   902.790][cube-solver-8][DEBUG] Solving cube (l0 = filter([32]), l1 = union(), l2 = left_join([2]))
[   914.441][cube-solver-8][DEBUG] Solving cube (l0 = filter([32]), l1 = union(), l2 = union())
[   925.726][cube-solver-8][DEBUG] Solving cube (l0 = filter([32]), l1 = union(), l2 = intersect())
[   942.841][cube-solver-8][DEBUG] Solving cube (l0 = filter([32]), l1 = union(), l2 = semi_join())
[   950.374][cube-solver-8][DEBUG] Solving cube (l0 = filter([32]), l1 = union(), l2 = cross_join())
[   952.008][cube-solver-8][DEBUG] Solving cube (l0 = filter([32]), l1 = union(), l2 = inner_join())
[   971.574][cube-solver-15][DEBUG] Solving cube (l0 = natural_join([2]), l1 = filter([32]), l2 = natural_join3([2]), l3 = intersect())
[   986.859][cube-solver-10][DEBUG] Solving cube (l0 = natural_join([2]), l1 = filter([32]), l2 = natural_join3([2]), l3 = semi_join())
[  1080.940][cube-solver-0][DEBUG] Solving cube (l0 = natural_join([2]), l1 = filter([32]), l2 = natural_join3([2]), l3 = cross_join())
[  1094.140][cube-solver-4][DEBUG] Solving cube (l0 = filter([32]), l1 = intersect(), l2 = natural_join([2]))
[  1110.590][cube-solver-4][DEBUG] Solving cube (l0 = filter([32]), l1 = intersect([12]), l2 = natural_join3([2]))
[  1226.717][cube-solver-0][DEBUG] Solving cube (l0 = natural_join([2]), l1 = filter([32]), l2 = natural_join3([2]), l3 = inner_join())
[  1284.310][cube-solver-4][DEBUG] Solving cube (l0 = filter([32]), l1 = intersect([43]), l2 = natural_join4())
[  1323.427][cube-solver-7][DEBUG] Solving cube (l0 = filter([32]), l1 = intersect([45]), l2 = filter([32]))
[  1323.475][cube-solver-7][DEBUG] Solving cube (l0 = filter([32]), l1 = intersect([45]), l2 = anti_join([124]))
[  1328.801][cube-solver-10][DEBUG] Solving cube (l0 = natural_join([2]), l1 = filter([32]), l2 = natural_join3([2]), l3 = natural_join([2]))
[  1328.817][cube-solver-10][DEBUG] Solving cube (l0 = natural_join([2]), l1 = filter([32]), l2 = natural_join3([2]), l3 = natural_join3([2]))
[  1328.833][cube-solver-10][DEBUG] Solving cube (l0 = natural_join([2]), l1 = filter([32]), l2 = natural_join3([2]), l3 = natural_join4())
[  1328.848][cube-solver-10][DEBUG] Solving cube (l0 = natural_join([2]), l1 = filter([32]), l2 = natural_join4(), l3 = filter([32]))
[  1419.816][cube-solver-9][DEBUG] Solving cube (l0 = filter([32]), l1 = intersect([46]), l2 = left_join([2]))
[  1430.958][cube-solver-9][DEBUG] Solving cube (l0 = filter([32]), l1 = intersect([46]), l2 = union())
[  1442.167][cube-solver-9][DEBUG] Solving cube (l0 = filter([32]), l1 = intersect([46]), l2 = intersect([46]))
[  1508.069][cube-solver-9][DEBUG] Solving cube (l0 = filter([32]), l1 = intersect([46]), l2 = semi_join())
[  1512.913][cube-solver-2][DEBUG] Solving cube (l0 = filter([32]), l1 = intersect([46]), l2 = cross_join())
[  1519.050][cube-solver-9][DEBUG] Solving cube (l0 = filter([32]), l1 = intersect([46]), l2 = inner_join())
[  1523.338][cube-solver-2][DEBUG] Solving cube (l0 = filter([32]), l1 = semi_join(), l2 = natural_join([2]))
[  1527.353][cube-solver-2][DEBUG] Solving cube (l0 = filter([32]), l1 = semi_join(), l2 = natural_join3([2]))
[  1563.925][cube-solver-7][DEBUG] Solving cube (l0 = filter([32]), l1 = semi_join([2]), l2 = natural_join4())
[  1598.498][cube-solver-2][DEBUG] Solving cube (l0 = filter([32]), l1 = semi_join([2]), l2 = filter([32]))
[  1598.553][cube-solver-2][DEBUG] Solving cube (l0 = filter([32]), l1 = semi_join([2]), l2 = anti_join([124]))
[  1642.344][cube-solver-2][DEBUG] Solving cube (l0 = filter([32]), l1 = semi_join([2]), l2 = left_join([2]))
[  1646.466][cube-solver-2][DEBUG] Solving cube (l0 = filter([32]), l1 = semi_join([2]), l2 = union())
[  1653.572][cube-solver-2][DEBUG] Solving cube (l0 = filter([32]), l1 = semi_join([2]), l2 = intersect([46]))
[  1668.411][cube-solver-2][DEBUG] Solving cube (l0 = filter([32]), l1 = semi_join([2]), l2 = semi_join([2]))
[  1671.564][cube-solver-2][DEBUG] Solving cube (l0 = filter([32]), l1 = semi_join([2]), l2 = cross_join())
[  1673.277][cube-solver-2][DEBUG] Solving cube (l0 = filter([32]), l1 = semi_join([2]), l2 = inner_join())
[  1714.092][cube-solver-8][DEBUG] Solving cube (l0 = filter([32]), l1 = cross_join(), l2 = natural_join([2]))
[  1715.667][cube-solver-8][DEBUG] Solving cube (l0 = filter([32]), l1 = cross_join([2]), l2 = natural_join3([2]))
[  1732.363][cube-solver-8][DEBUG] Solving cube (l0 = filter([32]), l1 = cross_join([8]), l2 = natural_join4())
[  1796.616][cube-solver-8][DEBUG] Solving cube (l0 = filter([32]), l1 = cross_join([9]), l2 = filter([32]))
[  1796.679][cube-solver-8][DEBUG] Solving cube (l0 = filter([32]), l1 = cross_join([9]), l2 = anti_join([124]))
[  1820.159][cube-solver-8][DEBUG] Solving cube (l0 = filter([32]), l1 = cross_join([9]), l2 = left_join([2]))
[  1821.261][cube-solver-8][DEBUG] Solving cube (l0 = filter([32]), l1 = cross_join([9]), l2 = union())
[  1822.340][cube-solver-8][DEBUG] Solving cube (l0 = filter([32]), l1 = cross_join([9]), l2 = intersect([46]))
[  1828.671][cube-solver-8][DEBUG] Solving cube (l0 = filter([32]), l1 = cross_join([9]), l2 = semi_join([2]))
[  1829.746][cube-solver-8][DEBUG] Solving cube (l0 = filter([32]), l1 = cross_join([9]), l2 = cross_join([9]))
[  1830.786][cube-solver-8][DEBUG] Solving cube (l0 = filter([32]), l1 = cross_join([9]), l2 = inner_join())
[  2014.379][cube-solver-7][DEBUG] Solving cube (l0 = filter([32]), l1 = inner_join(), l2 = natural_join([2]))
[  2067.751][cube-solver-8][DEBUG] Solving cube (l0 = filter([32]), l1 = inner_join([232]), l2 = natural_join3([2]))
[  2135.901][cube-solver-15][DEBUG] Solving cube (l0 = natural_join([2]), l1 = filter([32]), l2 = natural_join4(), l3 = anti_join([124]))
[  2136.016][cube-solver-15][DEBUG] Solving cube (l0 = natural_join([2]), l1 = filter([32]), l2 = natural_join4(), l3 = left_join([2]))
[  2137.448][cube-solver-4][DEBUG] Solving cube (l0 = filter([32]), l1 = inner_join([583]), l2 = natural_join4())
[  2168.768][cube-solver-2][DEBUG] Solving cube (l0 = filter([32]), l1 = inner_join([741]), l2 = filter([32]))
[  2169.516][cube-solver-2][DEBUG] Solving cube (l0 = filter([32]), l1 = inner_join([758]), l2 = anti_join([124]))
[  2530.498][cube-solver-10][DEBUG] Solving cube (l0 = natural_join([2]), l1 = filter([32]), l2 = natural_join4(), l3 = union())
[  2537.906][cube-solver-7][DEBUG] Solving cube (l0 = filter([32]), l1 = inner_join([862]), l2 = left_join([2]))
[  2881.720][cube-solver-15][DEBUG] Solving cube (l0 = natural_join([2]), l1 = filter([32]), l2 = natural_join4(), l3 = intersect([46]))
[  2954.752][cube-solver-7][DEBUG] Solving cube (l0 = filter([32]), l1 = inner_join([1036]), l2 = union())
[  3262.633][cube-solver-10][DEBUG] Solving cube (l0 = natural_join([2]), l1 = filter([32]), l2 = natural_join4(), l3 = semi_join([2]))
[  3404.600][cube-solver-7][DEBUG] Solving cube (l0 = filter([32]), l1 = inner_join([1185]), l2 = intersect([46]))
[  3563.005][cube-solver-13][DEBUG] Solving cube (l0 = filter([32]), l1 = inner_join([1215]), l2 = semi_join([2]))
[  3600.016][MainProcess][INFO] Statistics:
[  3600.017][MainProcess][INFO] 	Generated cubes: 232
[  3600.017][MainProcess][INFO] 	Attempted programs: 674324
[  3600.017][MainProcess][INFO] 		Rejected: 149571
[  3600.017][MainProcess][INFO] 		Failed: 524753
[  3600.017][MainProcess][INFO] 	Blacklist clauses: 1434
[  3600.017][MainProcess][DEBUG] Priting statistics for good programs of size 2
[  3600.019][MainProcess][DEBUG] 	0: Counter({'filter': 2160, 'natural_join3': 480})
[  3600.020][MainProcess][DEBUG] 	1: Counter({'natural_join4': 1680, 'filter': 480, 'natural_join3': 480})
[  3600.020][MainProcess][DEBUG] Priting statistics for good programs of size 3
[  3600.693][MainProcess][DEBUG] 	0: Counter({'filter': 1397685, 'natural_join3': 842444, 'natural_join': 73400})
[  3601.175][MainProcess][DEBUG] 	1: Counter({'filter': 634124, 'inner_join': 575397, 'natural_join4': 307936, 'natural_join3': 289566, 'union': 159840, 'anti_join': 122990, 'left_join': 103200, 'semi_join': 67000, 'natural_join': 33920, 'intersect': 19556})
[  3601.667][MainProcess][DEBUG] 	2: Counter({'inner_join': 1005484, 'natural_join4': 490289, 'filter': 469400, 'natural_join3': 115044, 'anti_join': 71742, 'union': 56396, 'left_join': 50200, 'natural_join': 25960, 'semi_join': 25634, 'intersect': 3380})
[  3601.668][MainProcess][DEBUG] Priting statistics for good programs of size 4
