[     2.969][MainProcess][INFO] Parsing specification...
[     2.974][MainProcess][WARNING] "aggrs" field is deprecated. Please use "functions"
[     2.974][MainProcess][WARNING] "const" field is deprecated. Please use "constants"
[     2.975][MainProcess][DEBUG] Reading input files...
[     2.984][MainProcess][INFO] Inferred data types for table tests-examples/textbook/tables/6-1.txt: ['string', 'string']
[     2.989][MainProcess][INFO] Inferred data types for table tests-examples/textbook/tables/6-2.txt: ['string', 'string']
[     2.993][MainProcess][INFO] Inferred data types for table tests-examples/textbook/tables/6-3.txt: ['string', 'string']
[     2.997][MainProcess][INFO] Inferred data types for table tests-examples/textbook/tables/6.out: ['string']
[     3.031][MainProcess][DEBUG] Generating DSL...
[     3.057][MainProcess][INFO] Creating 16 processes
[     3.132][cube-solver-0][DEBUG] Initialising process for 2 lines of code.
[     3.132][cube-solver-2][DEBUG] Initialising process for 2 lines of code.
[     3.132][MainProcess][DEBUG] Increasing generator loc to 3
[     3.132][cube-solver-1][DEBUG] Initialising process for 2 lines of code.
[     3.132][cube-solver-3][DEBUG] Initialising process for 2 lines of code.
[     3.133][cube-solver-4][DEBUG] Initialising process for 3 lines of code.
[     3.133][cube-solver-5][DEBUG] Initialising process for 3 lines of code.
[     3.135][cube-solver-6][DEBUG] Initialising process for 3 lines of code.
[     3.143][cube-solver-8][DEBUG] Initialising process for 3 lines of code.
[     3.149][cube-solver-7][DEBUG] Initialising process for 3 lines of code.
[     3.151][cube-solver-9][DEBUG] Initialising process for 3 lines of code.
[     3.152][cube-solver-10][DEBUG] Initialising process for 3 lines of code.
[     3.162][cube-solver-11][DEBUG] Initialising process for 3 lines of code.
[     3.167][cube-solver-13][DEBUG] Initialising process for 3 lines of code.
[     3.176][cube-solver-12][DEBUG] Initialising process for 3 lines of code.
[     3.179][cube-solver-15][DEBUG] Initialising process for 3 lines of code.
[     3.191][cube-solver-14][DEBUG] Initialising process for 3 lines of code.
[     3.603][cube-solver-1][WARNING] There is no solution for current loc (2).
[     3.604][cube-solver-1][DEBUG] Solving cube (l0 = filter(), l1 = summarise())
[     3.606][cube-solver-1][DEBUG] Initialising process for 3 lines of code.
[     3.666][cube-solver-0][WARNING] There is no solution for current loc (2).
[     3.667][cube-solver-0][DEBUG] Solving cube (l0 = summarise(), l1 = filter())
[     3.668][cube-solver-0][DEBUG] Initialising process for 3 lines of code.
[     3.699][cube-solver-2][WARNING] There is no solution for current loc (2).
[     3.700][cube-solver-2][DEBUG] Solving cube (l0 = filter(), l1 = mutate())
[     3.701][cube-solver-2][DEBUG] Initialising process for 3 lines of code.
[     3.708][cube-solver-3][WARNING] There is no solution for current loc (2).
[     3.708][cube-solver-3][DEBUG] Solving cube (l0 = mutate(), l1 = filter())
[     3.710][cube-solver-3][DEBUG] Initialising process for 3 lines of code.
[     3.821][cube-solver-6][DEBUG] Solving cube (l0 = natural_join(), l1 = filter(), l2 = mutate())
[     3.826][cube-solver-6][DEBUG] Solving cube (l0 = summarise(), l1 = filter(), l2 = natural_join())
[     3.826][cube-solver-4][DEBUG] Solving cube (l0 = natural_join(), l1 = summarise(), l2 = filter())
[     3.829][cube-solver-4][DEBUG] Solving cube (l0 = summarise(), l1 = filter(), l2 = natural_join3())
[     3.830][cube-solver-6][DEBUG] Solving cube (l0 = summarise(), l1 = filter(), l2 = natural_join4())
[     3.830][cube-solver-8][DEBUG] Solving cube (l0 = natural_join3(), l1 = summarise(), l2 = filter())
[     3.833][cube-solver-10][DEBUG] Solving cube (l0 = natural_join3(), l1 = filter(), l2 = mutate())
[     3.838][cube-solver-10][DEBUG] Solving cube (l0 = summarise(), l1 = filter(), l2 = summarise())
[     3.842][cube-solver-10][DEBUG] Solving cube (l0 = summarise(), l1 = filter(), l2 = filter())
[     3.845][cube-solver-10][DEBUG] Solving cube (l0 = summarise(), l1 = filter(), l2 = anti_join())
[     3.848][cube-solver-13][DEBUG] Solving cube (l0 = natural_join4(), l1 = filter(), l2 = summarise([1]))
[     3.850][cube-solver-10][DEBUG] Solving cube (l0 = summarise([1]), l1 = filter(), l2 = left_join())
[     3.854][cube-solver-10][DEBUG] Solving cube (l0 = summarise([2]), l1 = filter(), l2 = union())
[     3.855][cube-solver-13][DEBUG] Solving cube (l0 = summarise([2]), l1 = filter(), l2 = intersect())
[     3.858][cube-solver-9][DEBUG] Solving cube (l0 = natural_join3(), l1 = filter(), l2 = summarise([2]))
[     3.859][cube-solver-10][DEBUG] Solving cube (l0 = summarise([2]), l1 = filter(), l2 = semi_join())
[     3.861][cube-solver-13][DEBUG] Solving cube (l0 = summarise([3]), l1 = filter(), l2 = cross_join())
[     3.864][cube-solver-10][DEBUG] Solving cube (l0 = summarise([3]), l1 = filter(), l2 = mutate())
[     3.864][cube-solver-9][DEBUG] Solving cube (l0 = summarise([3]), l1 = filter(), l2 = inner_join())
[     3.866][cube-solver-5][DEBUG] Solving cube (l0 = natural_join(), l1 = filter(), l2 = summarise([3]))
[     3.867][cube-solver-13][DEBUG] Solving cube (l0 = summarise([3]), l1 = anti_join(), l2 = filter())
[     3.869][cube-solver-10][DEBUG] Solving cube (l0 = summarise([3]), l1 = left_join(), l2 = filter())
[     3.869][cube-solver-15][DEBUG] Solving cube (l0 = natural_join4(), l1 = mutate(), l2 = filter())
[     3.871][cube-solver-9][DEBUG] Solving cube (l0 = summarise([4]), l1 = union(), l2 = filter())
[     3.871][cube-solver-5][DEBUG] Solving cube (l0 = summarise([4]), l1 = intersect(), l2 = filter())
[     3.874][cube-solver-13][DEBUG] Solving cube (l0 = summarise([4]), l1 = semi_join(), l2 = filter())
[     3.874][cube-solver-11][DEBUG] Solving cube (l0 = natural_join3(), l1 = mutate(), l2 = filter())
[     3.875][cube-solver-10][DEBUG] Solving cube (l0 = summarise([4]), l1 = cross_join(), l2 = filter())
[     3.876][cube-solver-15][DEBUG] Solving cube (l0 = summarise([4]), l1 = mutate(), l2 = filter())
[     3.877][cube-solver-5][DEBUG] Solving cube (l0 = summarise([4]), l1 = inner_join(), l2 = filter())
[     3.877][cube-solver-9][DEBUG] Solving cube (l0 = filter(), l1 = natural_join(), l2 = summarise([4]))
[     3.880][cube-solver-13][DEBUG] Solving cube (l0 = filter(), l1 = natural_join(), l2 = mutate())
[     3.881][cube-solver-5][DEBUG] Solving cube (l0 = filter(), l1 = natural_join3(), l2 = summarise([4]))
[     3.881][cube-solver-10][DEBUG] Solving cube (l0 = filter(), l1 = natural_join3(), l2 = mutate())
[     3.883][cube-solver-15][DEBUG] Solving cube (l0 = filter(), l1 = natural_join4(), l2 = summarise([4]))
[     3.883][cube-solver-9][DEBUG] Solving cube (l0 = filter(), l1 = natural_join4(), l2 = mutate())
[     3.884][cube-solver-13][DEBUG] Solving cube (l0 = filter(), l1 = summarise([4]), l2 = natural_join())
[     3.884][cube-solver-10][DEBUG] Solving cube (l0 = filter(), l1 = summarise([4]), l2 = natural_join3())
[     3.885][cube-solver-5][DEBUG] Solving cube (l0 = filter(), l1 = summarise([5]), l2 = natural_join4())
[     3.886][cube-solver-9][DEBUG] Solving cube (l0 = filter(), l1 = summarise([5]), l2 = summarise([5]))
[     3.889][cube-solver-7][DEBUG] Solving cube (l0 = natural_join(), l1 = mutate(), l2 = filter())
[     3.889][cube-solver-15][DEBUG] Solving cube (l0 = filter(), l1 = summarise([5]), l2 = filter())
[     3.890][cube-solver-13][DEBUG] Solving cube (l0 = filter(), l1 = summarise([5]), l2 = anti_join())
[     3.890][cube-solver-5][DEBUG] Solving cube (l0 = filter(), l1 = summarise([5]), l2 = left_join())
[     3.891][cube-solver-10][DEBUG] Solving cube (l0 = filter(), l1 = summarise([5]), l2 = union())
[     3.894][cube-solver-7][DEBUG] Solving cube (l0 = filter(), l1 = summarise([5]), l2 = intersect())
[     3.896][cube-solver-9][DEBUG] Solving cube (l0 = filter(), l1 = summarise([5]), l2 = semi_join())
[     3.897][cube-solver-15][DEBUG] Solving cube (l0 = filter(), l1 = summarise([5]), l2 = cross_join())
[     3.897][cube-solver-5][DEBUG] Solving cube (l0 = filter(), l1 = summarise([5]), l2 = mutate())
[     3.897][cube-solver-13][DEBUG] Solving cube (l0 = filter(), l1 = summarise([5]), l2 = inner_join())
[     3.898][cube-solver-10][DEBUG] Solving cube (l0 = filter(), l1 = filter(), l2 = summarise([5]))
[     3.901][cube-solver-7][DEBUG] Solving cube (l0 = filter(), l1 = filter(), l2 = mutate())
[     3.904][cube-solver-5][DEBUG] Solving cube (l0 = filter(), l1 = anti_join(), l2 = mutate())
[     3.904][cube-solver-9][DEBUG] Solving cube (l0 = filter(), l1 = anti_join(), l2 = summarise([6]))
[     3.904][cube-solver-15][DEBUG] Solving cube (l0 = filter(), l1 = left_join(), l2 = summarise([6]))
[     3.904][cube-solver-7][DEBUG] Solving cube (l0 = filter(), l1 = union(), l2 = mutate())
[     3.904][cube-solver-10][DEBUG] Solving cube (l0 = filter(), l1 = left_join(), l2 = mutate())
[     3.905][cube-solver-13][DEBUG] Solving cube (l0 = filter(), l1 = union(), l2 = summarise([6]))
[     3.907][cube-solver-5][DEBUG] Solving cube (l0 = filter(), l1 = intersect(), l2 = summarise([6]))
[     3.907][cube-solver-7][DEBUG] Solving cube (l0 = filter(), l1 = intersect(), l2 = mutate())
[     3.908][cube-solver-10][DEBUG] Solving cube (l0 = filter(), l1 = semi_join(), l2 = summarise([6]))
[     3.910][cube-solver-7][DEBUG] Solving cube (l0 = filter(), l1 = semi_join(), l2 = mutate())
[     3.911][cube-solver-9][DEBUG] Solving cube (l0 = filter(), l1 = cross_join(), l2 = summarise([6]))
[     3.912][cube-solver-15][DEBUG] Solving cube (l0 = filter(), l1 = cross_join(), l2 = mutate())
[     3.912][cube-solver-13][DEBUG] Solving cube (l0 = filter(), l1 = mutate(), l2 = natural_join())
[     3.913][cube-solver-7][DEBUG] Solving cube (l0 = filter(), l1 = mutate(), l2 = natural_join3())
[     3.914][cube-solver-5][DEBUG] Solving cube (l0 = filter(), l1 = mutate(), l2 = natural_join4())
[     3.915][cube-solver-10][DEBUG] Solving cube (l0 = filter(), l1 = mutate(), l2 = summarise([6]))
[     3.915][cube-solver-15][DEBUG] Solving cube (l0 = filter(), l1 = mutate(), l2 = filter())
[     3.916][cube-solver-7][DEBUG] Solving cube (l0 = filter(), l1 = mutate(), l2 = anti_join())
[     3.916][cube-solver-13][DEBUG] Solving cube (l0 = filter(), l1 = mutate(), l2 = left_join())
[     3.917][cube-solver-5][DEBUG] Solving cube (l0 = filter(), l1 = mutate(), l2 = union())
[     3.918][cube-solver-9][DEBUG] Solving cube (l0 = filter(), l1 = mutate(), l2 = intersect())
[     3.918][cube-solver-7][DEBUG] Solving cube (l0 = filter(), l1 = mutate(), l2 = semi_join())
[     3.918][cube-solver-15][DEBUG] Solving cube (l0 = filter(), l1 = mutate(), l2 = cross_join())
[     3.919][cube-solver-13][DEBUG] Solving cube (l0 = filter(), l1 = mutate(), l2 = mutate())
[     3.919][cube-solver-5][DEBUG] Solving cube (l0 = filter(), l1 = mutate(), l2 = inner_join())
[     3.921][cube-solver-9][DEBUG] Solving cube (l0 = filter(), l1 = inner_join(), l2 = summarise([6]))
[     3.921][cube-solver-7][DEBUG] Solving cube (l0 = filter(), l1 = inner_join(), l2 = mutate())
[     3.922][cube-solver-15][DEBUG] Solving cube (l0 = anti_join(), l1 = summarise([6]), l2 = filter())
[     3.922][cube-solver-5][DEBUG] Solving cube (l0 = anti_join(), l1 = filter(), l2 = mutate())
[     3.922][cube-solver-13][DEBUG] Solving cube (l0 = anti_join(), l1 = filter(), l2 = summarise([7]))
[     3.923][cube-solver-10][DEBUG] Solving cube (l0 = anti_join(), l1 = mutate(), l2 = filter())
[     3.924][cube-solver-7][DEBUG] Solving cube (l0 = left_join(), l1 = summarise([7]), l2 = filter())
[     3.925][cube-solver-5][DEBUG] Solving cube (l0 = left_join(), l1 = filter(), l2 = summarise([7]))
[     3.926][cube-solver-10][DEBUG] Solving cube (l0 = left_join(), l1 = filter(), l2 = mutate())
[     3.928][cube-solver-9][DEBUG] Solving cube (l0 = left_join(), l1 = mutate(), l2 = filter())
[     3.929][cube-solver-10][DEBUG] Solving cube (l0 = union(), l1 = summarise([8]), l2 = filter())
[     3.930][cube-solver-15][DEBUG] Solving cube (l0 = union(), l1 = filter(), l2 = summarise([8]))
[     3.931][cube-solver-13][DEBUG] Solving cube (l0 = union(), l1 = filter(), l2 = mutate())
[     3.931][cube-solver-9][DEBUG] Solving cube (l0 = union(), l1 = mutate(), l2 = filter())
[     3.933][cube-solver-5][DEBUG] Solving cube (l0 = intersect(), l1 = summarise([8]), l2 = filter())
[     3.933][cube-solver-7][DEBUG] Solving cube (l0 = intersect(), l1 = filter(), l2 = summarise([8]))
[     3.934][cube-solver-13][DEBUG] Solving cube (l0 = intersect(), l1 = filter(), l2 = mutate())
[     3.934][cube-solver-9][DEBUG] Solving cube (l0 = intersect(), l1 = mutate(), l2 = filter())
[     3.937][cube-solver-9][DEBUG] Solving cube (l0 = semi_join(), l1 = summarise([8]), l2 = filter())
[     3.937][cube-solver-13][DEBUG] Solving cube (l0 = semi_join(), l1 = filter(), l2 = summarise([8]))
[     3.938][cube-solver-10][DEBUG] Solving cube (l0 = semi_join(), l1 = filter(), l2 = mutate())
[     3.939][cube-solver-15][DEBUG] Solving cube (l0 = semi_join(), l1 = mutate(), l2 = filter())
[     3.941][cube-solver-10][DEBUG] Solving cube (l0 = cross_join(), l1 = summarise([8]), l2 = filter())
[     3.942][cube-solver-5][DEBUG] Solving cube (l0 = cross_join(), l1 = filter(), l2 = summarise([8]))
[     3.942][cube-solver-7][DEBUG] Solving cube (l0 = cross_join(), l1 = filter(), l2 = mutate())
[     3.943][cube-solver-15][DEBUG] Solving cube (l0 = cross_join(), l1 = mutate(), l2 = filter())
[     3.946][cube-solver-9][DEBUG] Solving cube (l0 = mutate(), l1 = natural_join(), l2 = filter())
[     3.946][cube-solver-7][DEBUG] Solving cube (l0 = mutate(), l1 = natural_join3(), l2 = filter())
[     3.946][cube-solver-15][DEBUG] Solving cube (l0 = mutate(), l1 = natural_join4(), l2 = filter())
[     3.946][cube-solver-13][DEBUG] Solving cube (l0 = mutate(), l1 = summarise([8]), l2 = filter())
[     3.948][cube-solver-9][DEBUG] Solving cube (l0 = mutate(), l1 = filter(), l2 = natural_join())
[     3.951][cube-solver-5][DEBUG] Solving cube (l0 = mutate(), l1 = filter(), l2 = natural_join4())
[     3.951][cube-solver-10][DEBUG] Solving cube (l0 = mutate(), l1 = filter(), l2 = natural_join3([1]))
[     3.952][cube-solver-9][DEBUG] Solving cube (l0 = mutate(), l1 = filter(), l2 = summarise([9]))
[     3.956][cube-solver-13][DEBUG] Solving cube (l0 = mutate(), l1 = filter(), l2 = filter())
[     3.959][cube-solver-13][DEBUG] Solving cube (l0 = mutate(), l1 = filter(), l2 = anti_join())
[     3.961][cube-solver-9][DEBUG] Solving cube (l0 = mutate(), l1 = filter(), l2 = left_join())
[     3.962][cube-solver-13][DEBUG] Solving cube (l0 = mutate(), l1 = filter(), l2 = union())
[     3.964][cube-solver-9][DEBUG] Solving cube (l0 = mutate(), l1 = filter(), l2 = intersect())
[     3.964][cube-solver-14][DEBUG] Solving cube (l0 = natural_join4(), l1 = filter(), l2 = mutate())
[     3.966][cube-solver-13][DEBUG] Solving cube (l0 = mutate(), l1 = filter(), l2 = semi_join())
[     3.968][cube-solver-9][DEBUG] Solving cube (l0 = mutate(), l1 = filter([1]), l2 = cross_join())
[     3.969][cube-solver-13][DEBUG] Solving cube (l0 = mutate(), l1 = filter([1]), l2 = mutate())
[     3.969][cube-solver-14][DEBUG] Solving cube (l0 = mutate(), l1 = filter([1]), l2 = inner_join())
[     3.972][cube-solver-9][DEBUG] Solving cube (l0 = mutate(), l1 = anti_join(), l2 = filter([1]))
[     3.973][cube-solver-13][DEBUG] Solving cube (l0 = mutate(), l1 = left_join(), l2 = filter([1]))
[     3.975][cube-solver-14][DEBUG] Solving cube (l0 = mutate(), l1 = union(), l2 = filter([1]))
[     3.976][cube-solver-9][DEBUG] Solving cube (l0 = mutate(), l1 = intersect(), l2 = filter([1]))
[     3.977][cube-solver-13][DEBUG] Solving cube (l0 = mutate(), l1 = semi_join(), l2 = filter([1]))
[     3.979][cube-solver-14][DEBUG] Solving cube (l0 = mutate(), l1 = cross_join(), l2 = filter([1]))
[     3.980][cube-solver-9][DEBUG] Solving cube (l0 = mutate(), l1 = mutate(), l2 = filter([1]))
[     3.980][cube-solver-13][DEBUG] Solving cube (l0 = mutate(), l1 = inner_join(), l2 = filter([1]))
[     3.983][cube-solver-14][DEBUG] Solving cube (l0 = inner_join(), l1 = summarise([10]), l2 = filter([1]))
[     3.984][cube-solver-9][DEBUG] Solving cube (l0 = inner_join(), l1 = filter([1]), l2 = summarise([10]))
[     3.985][cube-solver-13][DEBUG] Solving cube (l0 = inner_join(), l1 = filter([1]), l2 = mutate())
[     3.988][cube-solver-13][DEBUG] Solving cube (l0 = inner_join(), l1 = mutate(), l2 = filter([1]))
[     3.991][MainProcess][DEBUG] Increasing generator loc to 4
[     3.992][cube-solver-13][DEBUG] Initialising process for 4 lines of code.
[     3.994][cube-solver-14][DEBUG] Initialising process for 4 lines of code.
[     3.995][cube-solver-9][DEBUG] Initialising process for 4 lines of code.
[     4.008][cube-solver-12][DEBUG] Solving cube (l0 = natural_join4(), l1 = summarise([10]), l2 = filter([1]))
[     4.017][cube-solver-12][DEBUG] Initialising process for 4 lines of code.
[     4.430][cube-solver-1][DEBUG] Solving cube (l0 = summarise([16]), l1 = natural_join(), l2 = filter([7]))
[     4.451][cube-solver-1][DEBUG] Initialising process for 4 lines of code.
[     4.475][cube-solver-2][DEBUG] Solving cube (l0 = summarise([16]), l1 = natural_join4(), l2 = filter([7]))
[     4.487][cube-solver-2][DEBUG] Initialising process for 4 lines of code.
[     4.497][cube-solver-3][DEBUG] Solving cube (l0 = summarise([17]), l1 = summarise([17]), l2 = filter([7]))
[     4.515][cube-solver-3][DEBUG] Initialising process for 4 lines of code.
[     4.748][cube-solver-0][DEBUG] Solving cube (l0 = summarise([19]), l1 = natural_join3([2]), l2 = filter([12]))
[     5.035][cube-solver-12][DEBUG] Solving cube (l0 = natural_join(), l1 = summarise([20]), l2 = summarise([20]), l3 = filter([15]))
[     5.077][cube-solver-12][DEBUG] Solving cube (l0 = natural_join(), l1 = summarise([20]), l2 = filter([15]), l3 = summarise([20]))
[     5.118][cube-solver-12][DEBUG] Solving cube (l0 = natural_join(), l1 = summarise([20]), l2 = filter([15]), l3 = filter([15]))
[     5.131][cube-solver-13][DEBUG] Solving cube (l0 = natural_join(), l1 = summarise([20]), l2 = natural_join(), l3 = filter([15]))
[     5.144][cube-solver-14][DEBUG] Solving cube (l0 = natural_join(), l1 = summarise([20]), l2 = natural_join3([2]), l3 = filter([15]))
[     5.158][cube-solver-12][DEBUG] Solving cube (l0 = natural_join(), l1 = summarise([20]), l2 = filter([15]), l3 = anti_join())
[     5.301][cube-solver-9][DEBUG] Solving cube (l0 = natural_join([1]), l1 = summarise([21]), l2 = natural_join4(), l3 = filter([15]))
[     5.319][cube-solver-9][DEBUG] Solving cube (l0 = natural_join([1]), l1 = summarise([21]), l2 = filter([15]), l3 = left_join())
[     5.569][cube-solver-2][DEBUG] Solving cube (l0 = natural_join([2]), l1 = summarise([21]), l2 = filter([15]), l3 = natural_join3([2]))
[     5.570][cube-solver-3][DEBUG] Solving cube (l0 = natural_join([2]), l1 = summarise([21]), l2 = filter([15]), l3 = natural_join4())
[     5.576][cube-solver-13][DEBUG] Found solution with cube (l0 = natural_join(), l1 = summarise([20]), l2 = natural_join(), l3 = filter([15]))
[     5.578][MainProcess][INFO] Statistics:
[     5.578][MainProcess][INFO] 	Generated cubes: 153
[     5.578][MainProcess][INFO] 	Attempted programs: 8
[     5.578][MainProcess][INFO] 		Rejected: 4
[     5.578][MainProcess][INFO] 		Failed: 3
[     5.579][MainProcess][INFO] 	Blacklist clauses: 40
[     5.579][MainProcess][DEBUG] Priting statistics for good programs of size 3
[     5.580][MainProcess][DEBUG] 	0: Counter({'mutate': 587, 'natural_join3': 300, 'summarise': 237})
[     5.580][MainProcess][DEBUG] 	1: Counter({'filter': 419, 'natural_join3': 220, 'natural_join4': 186, 'summarise': 158, 'mutate': 142})
[     5.581][MainProcess][DEBUG] 	2: Counter({'filter': 706, 'natural_join4': 220, 'natural_join3': 199})
[     5.581][MainProcess][DEBUG] Priting statistics for good programs of size 4
[     5.581][MainProcess][DEBUG] 	0: Counter({'natural_join': 47})
[     5.581][MainProcess][DEBUG] 	1: Counter({'summarise': 47})
[     5.581][MainProcess][DEBUG] 	2: Counter({'natural_join': 31, 'filter': 16})
[     5.581][MainProcess][DEBUG] 	3: Counter({'filter': 31, 'left_join': 16})
[     5.581][MainProcess][INFO] Solution found: filter(natural_join(summarise(natural_join(@param0, @param1), n = n(), F_key), @param2), n <= 5)

------------------------------------- R Solution ---------------------------------------

con <- DBI::dbConnect(RSQLite::SQLite(), ":memory:")
input1 <- read_csv("tests-examples/textbook/tables/6-1.txt", col_types = cols(S_key = col_character(),C_name = col_character()))
input1 <- copy_to(con, input1)
input2 <- read_csv("tests-examples/textbook/tables/6-2.txt", col_types = cols(C_name = col_character(),F_key = col_character()))
input2 <- copy_to(con, input2)
input3 <- read_csv("tests-examples/textbook/tables/6-3.txt", col_types = cols(F_key = col_character(),F_name = col_character()))
input3 <- copy_to(con, input3)
expected_output <- read_csv("tests-examples/textbook/tables/6.out", col_types = cols(F_name = col_character()))

df4 <- inner_join(input1, input2)
df5 <- df4 %>% group_by(F_key) %>% summarise(n = n()) %>% ungroup()
df6 <- inner_join(df5, input3)
df7 <- df6 %>% filter(n <= 5)
out <- df7 %>% select(F_name) %>% arrange(F_name)


+++++++++++++++++++++++++++++++++++++ SQL Solution +++++++++++++++++++++++++++++++++++++

SELECT F_name
FROM
  (SELECT LHS.F_key AS F_key,
          LHS.n AS n,
          RHS.F_name AS F_name
   FROM
     (SELECT F_key,
             COUNT() AS n
      FROM
        (SELECT LHS.S_key AS S_key,
                LHS.C_name AS C_name,
                RHS.F_key AS F_key
         FROM input1 AS LHS
         INNER JOIN input2 AS RHS ON (LHS.C_name = RHS.C_name))
      GROUP BY F_key) AS LHS
   INNER JOIN input3 AS RHS ON (LHS.F_key = RHS.F_key))
WHERE (n <= 5.0)
ORDER BY F_name
