[     1.654][MainProcess][INFO] Parsing specification...
[     1.657][MainProcess][WARNING] "attrs" field is deprecated. Please use "columns"
[     1.657][MainProcess][WARNING] "aggrs" field is deprecated. Please use "functions"
[     1.658][MainProcess][DEBUG] Reading input files...
[     1.667][MainProcess][INFO] Inferred data types for table tests-examples/scythe/top_rated_posts/tables/i007.csv: ['int64', 'int64', 'datetime64[ns]', 'string', 'int64']
[     1.674][MainProcess][INFO] Inferred data types for table tests-examples/scythe/top_rated_posts/tables/o007.csv: ['int64', 'int64', 'datetime64[ns]', 'string', 'int64']
[     1.711][MainProcess][DEBUG] Generating DSL...
[     1.882][MainProcess][INFO] Creating 2 processes
[     2.044][cube-solver-0][DEBUG] Initialising process for 1 lines of code.
[     2.060][cube-solver-1][DEBUG] Initialising process for 1 lines of code.
[     4.528][cube-solver-0][DEBUG] Solving cube (l0 = summarise(),)
[     4.575][cube-solver-1][DEBUG] Solving cube (l0 = mutate(),)
[     4.647][MainProcess][DEBUG] Increasing generator loc to 2
[     4.655][cube-solver-0][DEBUG] Initialising process for 2 lines of code.
[     9.609][cube-solver-0][DEBUG] Solving cube (l0 = natural_join(), l1 = summarise())
[     9.633][cube-solver-0][DEBUG] Solving cube (l0 = natural_join(), l1 = mutate())
[     9.645][cube-solver-0][DEBUG] Solving cube (l0 = natural_join3(), l1 = summarise())
[     9.659][cube-solver-0][DEBUG] Solving cube (l0 = natural_join3(), l1 = mutate())
[     9.672][cube-solver-0][DEBUG] Solving cube (l0 = natural_join4(), l1 = summarise())
[     9.686][cube-solver-0][DEBUG] Solving cube (l0 = natural_join4(), l1 = mutate())
[     9.699][cube-solver-0][DEBUG] Solving cube (l0 = summarise(), l1 = natural_join())
[    14.371][cube-solver-1][DEBUG] Initialising process for 2 lines of code.
[    19.383][cube-solver-1][DEBUG] Solving cube (l0 = summarise(), l1 = natural_join3())
[    19.435][cube-solver-1][DEBUG] Solving cube (l0 = summarise(), l1 = natural_join4())
[    19.461][cube-solver-1][DEBUG] Solving cube (l0 = summarise(), l1 = summarise())
[    19.479][cube-solver-1][DEBUG] Solving cube (l0 = summarise(), l1 = filter())
[    20.305][cube-solver-1][DEBUG] Solving cube (l0 = summarise(), l1 = anti_join())
[   105.832][cube-solver-1][DEBUG] Solving cube (l0 = summarise(), l1 = left_join())
[   288.579][cube-solver-0][DEBUG] Solving cube (l0 = summarise(), l1 = union())
[   392.264][cube-solver-1][DEBUG] Solving cube (l0 = summarise(), l1 = intersect())
[   396.192][cube-solver-1][DEBUG] Solving cube (l0 = summarise(), l1 = semi_join())
[   420.960][cube-solver-1][DEBUG] Solving cube (l0 = summarise(), l1 = cross_join())
[   568.004][cube-solver-0][DEBUG] Solving cube (l0 = summarise(), l1 = mutate())
[   568.180][cube-solver-0][DEBUG] Solving cube (l0 = summarise(), l1 = inner_join())
[   599.995][MainProcess][INFO] Statistics:
[   599.996][MainProcess][INFO] 	Generated cubes: 21
[   599.997][MainProcess][INFO] 	Attempted programs: 976
[   599.997][MainProcess][INFO] 		Rejected: 336
[   599.997][MainProcess][INFO] 		Failed: 640
[   599.997][MainProcess][INFO] 	Blacklist clauses: 0
[   599.998][MainProcess][DEBUG] Printing statistics for good programs of size 1
[   600.000][MainProcess][DEBUG] 	0: Counter({'mutate': 1440})
[   600.000][MainProcess][DEBUG] Printing statistics for good programs of size 2
[   600.072][MainProcess][DEBUG] 	0: Counter({'summarise': 176995})
[   600.112][MainProcess][DEBUG] 	1: Counter({'natural_join': 43200, 'left_join': 43200, 'union': 43200, 'cross_join': 26957, 'anti_join': 12000, 'inner_join': 4838, 'semi_join': 3600})

No solution found
