[     1.679][MainProcess][INFO] Parsing specification...
[     1.682][MainProcess][DEBUG] Reading input files...
[     1.689][MainProcess][INFO] Inferred data types for table tests-examples/scythe/top_rated_posts/tables/i018.csv: ['int64', 'int64', 'string']
[     1.693][MainProcess][INFO] Inferred data types for table tests-examples/scythe/top_rated_posts/tables/o018.csv: ['int64', 'int64', 'string']
[     1.719][MainProcess][DEBUG] Generating DSL...
[     1.920][MainProcess][INFO] Creating 2 processes
[     2.108][cube-solver-1][DEBUG] Initialising process for 2 lines of code.
[     2.115][cube-solver-0][DEBUG] Initialising process for 2 lines of code.
[     8.146][cube-solver-1][DEBUG] Solving cube (l0 = filter(), l1 = summarise())
[     8.217][cube-solver-0][DEBUG] Solving cube (l0 = summarise(), l1 = filter())
[     9.632][cube-solver-1][DEBUG] Solving cube (l0 = filter(), l1 = mutate())
[    11.070][cube-solver-1][DEBUG] Solving cube (l0 = mutate(), l1 = filter())
[    41.164][MainProcess][DEBUG] Increasing generator loc to 3
[    41.191][cube-solver-0][DEBUG] Initialising process for 3 lines of code.
[    51.220][cube-solver-0][DEBUG] Solving cube (l0 = natural_join(), l1 = summarise(), l2 = filter())
[    51.286][cube-solver-0][DEBUG] Solving cube (l0 = natural_join(), l1 = filter(), l2 = summarise())
[    51.314][cube-solver-0][DEBUG] Solving cube (l0 = natural_join(), l1 = filter(), l2 = mutate())
[    51.342][cube-solver-0][DEBUG] Solving cube (l0 = natural_join(), l1 = mutate(), l2 = filter())
[    51.369][cube-solver-0][DEBUG] Solving cube (l0 = natural_join3(), l1 = summarise(), l2 = filter())
[    51.393][cube-solver-0][DEBUG] Solving cube (l0 = natural_join3(), l1 = filter(), l2 = summarise())
[    51.418][cube-solver-0][DEBUG] Solving cube (l0 = natural_join3(), l1 = filter(), l2 = mutate())
[    51.442][cube-solver-0][DEBUG] Solving cube (l0 = natural_join3(), l1 = mutate(), l2 = filter())
[    51.466][cube-solver-0][DEBUG] Solving cube (l0 = natural_join4(), l1 = summarise(), l2 = filter())
[    51.491][cube-solver-0][DEBUG] Solving cube (l0 = natural_join4(), l1 = filter(), l2 = summarise())
[    51.515][cube-solver-0][DEBUG] Solving cube (l0 = natural_join4(), l1 = filter(), l2 = mutate())
[    51.539][cube-solver-0][DEBUG] Solving cube (l0 = natural_join4(), l1 = mutate(), l2 = filter())
[    51.564][cube-solver-0][DEBUG] Solving cube (l0 = summarise(), l1 = natural_join(), l2 = filter())
[    55.529][cube-solver-1][DEBUG] Initialising process for 3 lines of code.
[    65.694][cube-solver-1][DEBUG] Solving cube (l0 = summarise(), l1 = natural_join3(), l2 = filter())
[    65.742][cube-solver-1][DEBUG] Solving cube (l0 = summarise(), l1 = natural_join4(), l2 = filter())
[    65.764][cube-solver-1][DEBUG] Solving cube (l0 = summarise(), l1 = summarise(), l2 = filter())
[    65.789][cube-solver-1][DEBUG] Solving cube (l0 = summarise(), l1 = filter(), l2 = natural_join())
[   481.368][cube-solver-1][DEBUG] Solving cube (l0 = summarise(), l1 = filter([95]), l2 = natural_join3())
[   599.988][MainProcess][INFO] Statistics:
[   599.989][MainProcess][INFO] 	Generated cubes: 22
[   599.989][MainProcess][INFO] 	Attempted programs: 6915
[   599.990][MainProcess][INFO] 		Rejected: 2730
[   599.990][MainProcess][INFO] 		Failed: 4185
[   599.990][MainProcess][INFO] 	Blacklist clauses: 95
[   599.990][MainProcess][DEBUG] Printing statistics for good programs of size 2
[   600.001][MainProcess][DEBUG] 	0: Counter({'mutate': 7680, 'summarise': 3900, 'filter': 420})
[   600.006][MainProcess][DEBUG] 	1: Counter({'filter': 11580, 'mutate': 240, 'summarise': 180})
[   600.006][MainProcess][DEBUG] Printing statistics for good programs of size 3
[   600.071][MainProcess][DEBUG] 	0: Counter({'summarise': 168003})
[   600.114][MainProcess][DEBUG] 	1: Counter({'natural_join': 91179, 'filter': 76824})
[   600.150][MainProcess][DEBUG] 	2: Counter({'filter': 91179, 'natural_join': 58200, 'natural_join3': 18624})

No solution found
