[     3.548][MainProcess][INFO] Parsing specification...
[     3.555][MainProcess][DEBUG] Reading input files...
[     3.565][MainProcess][INFO] Inferred data types for table tests-examples/scythe/top_rated_posts/tables/i030.csv: ['string', 'int64', 'int64']
[     3.571][MainProcess][INFO] Inferred data types for table tests-examples/scythe/top_rated_posts/tables/o030.csv: ['string', 'int64', 'int64']
[     3.610][MainProcess][DEBUG] Generating DSL...
[     3.646][MainProcess][INFO] Creating 2 processes
[     3.693][cube-solver-0][DEBUG] Initialising process for 2 lines of code.
[     3.696][cube-solver-1][DEBUG] Initialising process for 2 lines of code.
[     4.001][cube-solver-1][DEBUG] Solving cube (l0 = filter(), l1 = summarise())
[     4.003][cube-solver-1][DEBUG] Solving cube (l0 = filter(), l1 = mutate())
[     4.004][cube-solver-1][DEBUG] Solving cube (l0 = mutate(), l1 = filter())
[     4.015][cube-solver-0][DEBUG] Solving cube (l0 = summarise(), l1 = filter())
[     5.367][MainProcess][DEBUG] Increasing generator loc to 3
[     5.368][cube-solver-0][DEBUG] Initialising process for 3 lines of code.
[     5.542][cube-solver-1][DEBUG] Initialising process for 3 lines of code.
[     5.937][cube-solver-0][DEBUG] Solving cube (l0 = natural_join(), l1 = summarise(), l2 = filter())
[     5.939][cube-solver-0][DEBUG] Solving cube (l0 = natural_join(), l1 = filter(), l2 = mutate())
[     5.941][cube-solver-0][DEBUG] Solving cube (l0 = natural_join(), l1 = mutate(), l2 = filter())
[     5.943][cube-solver-0][DEBUG] Solving cube (l0 = natural_join3(), l1 = summarise(), l2 = filter())
[     5.944][cube-solver-0][DEBUG] Solving cube (l0 = natural_join3(), l1 = filter(), l2 = summarise())
[     5.945][cube-solver-0][DEBUG] Solving cube (l0 = natural_join3(), l1 = filter(), l2 = mutate())
[     5.947][cube-solver-0][DEBUG] Solving cube (l0 = natural_join3(), l1 = mutate(), l2 = filter())
[     5.948][cube-solver-0][DEBUG] Solving cube (l0 = natural_join4(), l1 = summarise(), l2 = filter())
[     5.950][cube-solver-0][DEBUG] Solving cube (l0 = natural_join4(), l1 = filter(), l2 = summarise())
[     5.951][cube-solver-0][DEBUG] Solving cube (l0 = natural_join4(), l1 = filter(), l2 = mutate())
[     5.952][cube-solver-0][DEBUG] Solving cube (l0 = natural_join4(), l1 = mutate(), l2 = filter())
[     5.954][cube-solver-0][DEBUG] Solving cube (l0 = summarise(), l1 = natural_join(), l2 = filter())
[     6.116][cube-solver-1][DEBUG] Solving cube (l0 = natural_join(), l1 = filter(), l2 = summarise())
[     6.121][cube-solver-1][DEBUG] Solving cube (l0 = summarise(), l1 = natural_join3(), l2 = filter())
[     6.125][cube-solver-1][DEBUG] Solving cube (l0 = summarise(), l1 = natural_join4(), l2 = filter())
[     6.128][cube-solver-1][DEBUG] Solving cube (l0 = summarise(), l1 = summarise(), l2 = filter())
[     6.132][cube-solver-1][DEBUG] Solving cube (l0 = summarise(), l1 = filter(), l2 = natural_join())
[    23.019][cube-solver-0][DEBUG] Solving cube (l0 = summarise(), l1 = filter([5]), l2 = natural_join3())
[    26.414][cube-solver-1][DEBUG] Solving cube (l0 = summarise(), l1 = filter([5]), l2 = natural_join4())
[    26.417][cube-solver-1][DEBUG] Solving cube (l0 = summarise(), l1 = filter([5]), l2 = summarise())
[    29.310][cube-solver-1][DEBUG] Solving cube (l0 = summarise(), l1 = filter([5]), l2 = filter([5]))
[    35.830][cube-solver-1][DEBUG] Solving cube (l0 = summarise(), l1 = filter([5]), l2 = anti_join())
[    63.991][cube-solver-1][DEBUG] Solving cube (l0 = summarise(), l1 = filter([5]), l2 = left_join())
[    73.750][cube-solver-0][DEBUG] Solving cube (l0 = summarise(), l1 = filter([5]), l2 = union())
[    85.093][cube-solver-1][DEBUG] Solving cube (l0 = summarise(), l1 = filter([5]), l2 = intersect())
[    92.811][cube-solver-1][DEBUG] Solving cube (l0 = summarise(), l1 = filter([5]), l2 = semi_join())
[    95.142][cube-solver-0][DEBUG] Solving cube (l0 = summarise(), l1 = filter([5]), l2 = cross_join())
[   100.679][cube-solver-1][DEBUG] Solving cube (l0 = summarise(), l1 = filter([5]), l2 = mutate())
[   102.004][cube-solver-1][DEBUG] Solving cube (l0 = summarise(), l1 = filter([5]), l2 = inner_join())
[   599.941][MainProcess][INFO] Statistics:
[   599.943][MainProcess][INFO] 	Generated cubes: 33
[   599.943][MainProcess][INFO] 	Attempted programs: 2555
[   599.943][MainProcess][INFO] 		Rejected: 1584
[   599.944][MainProcess][INFO] 		Failed: 971
[   599.944][MainProcess][INFO] 	Blacklist clauses: 5
[   599.944][MainProcess][DEBUG] Printing statistics for good programs of size 2
[   599.946][MainProcess][DEBUG] 	0: Counter({'mutate': 240, 'summarise': 180})
[   599.946][MainProcess][DEBUG] 	1: Counter({'filter': 420})
[   599.947][MainProcess][DEBUG] Printing statistics for good programs of size 3
[   600.038][MainProcess][DEBUG] 	0: Counter({'summarise': 195729})
[   600.078][MainProcess][DEBUG] 	1: Counter({'filter': 192849, 'natural_join': 2880})
[   600.115][MainProcess][DEBUG] 	2: Counter({'cross_join': 88057, 'inner_join': 80492, 'natural_join3': 8640, 'filter': 3780, 'left_join': 3420, 'union': 3420, 'natural_join': 3240, 'anti_join': 3240, 'semi_join': 1080, 'summarise': 180, 'mutate': 180})

No solution found
