[     1.604][MainProcess][INFO] Parsing specification...
[     1.607][MainProcess][WARNING] "attrs" field is deprecated. Please use "columns"
[     1.607][MainProcess][WARNING] "aggrs" field is deprecated. Please use "functions"
[     1.608][MainProcess][DEBUG] Reading input files...
[     1.615][MainProcess][INFO] Inferred data types for table tests-examples/scythe/top_rated_posts/tables/i037.csv: ['int64', 'string', 'string']
[     1.620][MainProcess][INFO] Inferred data types for table tests-examples/scythe/top_rated_posts/tables/o037.csv: ['int64', 'string', 'string']
[     1.646][MainProcess][DEBUG] Generating DSL...
[     1.804][MainProcess][INFO] Creating 2 processes
[     1.953][cube-solver-1][DEBUG] Initialising process for 1 lines of code.
[     1.962][cube-solver-0][DEBUG] Initialising process for 1 lines of code.
[     4.448][cube-solver-1][DEBUG] Solving cube (l0 = mutate(),)
[     4.489][cube-solver-0][DEBUG] Solving cube (l0 = summarise(),)
[     4.845][MainProcess][DEBUG] Increasing generator loc to 2
[     4.851][cube-solver-1][DEBUG] Initialising process for 2 lines of code.
[     4.988][cube-solver-0][DEBUG] Initialising process for 2 lines of code.
[     9.773][cube-solver-1][DEBUG] Solving cube (l0 = natural_join(), l1 = summarise([3]))
[     9.800][cube-solver-1][DEBUG] Solving cube (l0 = natural_join3(), l1 = summarise([3]))
[     9.813][cube-solver-1][DEBUG] Solving cube (l0 = natural_join3(), l1 = mutate())
[     9.825][cube-solver-1][DEBUG] Solving cube (l0 = natural_join4(), l1 = summarise([3]))
[     9.839][cube-solver-1][DEBUG] Solving cube (l0 = natural_join4(), l1 = mutate())
[     9.854][cube-solver-1][DEBUG] Solving cube (l0 = summarise([3]), l1 = natural_join())
[     9.953][cube-solver-0][DEBUG] Solving cube (l0 = natural_join(), l1 = mutate())
[     9.998][cube-solver-0][DEBUG] Solving cube (l0 = summarise([3]), l1 = natural_join3())
[    10.029][cube-solver-0][DEBUG] Solving cube (l0 = summarise([3]), l1 = natural_join4())
[    10.051][cube-solver-0][DEBUG] Solving cube (l0 = summarise([3]), l1 = summarise([3]))
[    10.075][cube-solver-0][DEBUG] Solving cube (l0 = summarise([3]), l1 = filter())
[    10.304][cube-solver-1][DEBUG] Found solution with cube (l0 = summarise([3]), l1 = natural_join())
[    10.305][MainProcess][INFO] Statistics:
[    10.305][MainProcess][INFO] 	Generated cubes: 13
[    10.305][MainProcess][INFO] 	Attempted programs: 17
[    10.305][MainProcess][INFO] 		Rejected: 13
[    10.305][MainProcess][INFO] 		Failed: 3
[    10.305][MainProcess][INFO] 	Blacklist clauses: 3
[    10.305][MainProcess][DEBUG] Printing statistics for good programs of size 1
[    10.306][MainProcess][DEBUG] 	0: Counter({'mutate': 60, 'summarise': 48})
[    10.306][MainProcess][DEBUG] Printing statistics for good programs of size 2
[    10.306][MainProcess][DEBUG] 	0: Counter({'summarise': 77})
[    10.307][MainProcess][DEBUG] 	1: Counter({'natural_join': 65, 'filter': 12})
[    10.307][MainProcess][INFO] Solution found: natural_join(summarise(@param0, c1 = min(c1), c2), @param0)

------------------------------------- R Solution ---------------------------------------

con <- DBI::dbConnect(RSQLite::SQLite(), ":memory:")
input1 <- read_csv("tests-examples/scythe/top_rated_posts/tables/i037.csv", col_types = cols(c1 = col_integer(),c2 = col_character(),c3 = col_character()))
input1 <- copy_to(con, input1)
expected_output <- read_csv("tests-examples/scythe/top_rated_posts/tables/o037.csv", col_types = cols(c1 = col_integer(),c2 = col_character(),c3 = col_character()))

df2 <- input1 %>% group_by(c2) %>% summarise(c1 = min(c1)) %>% ungroup()
df3 <- inner_join(df2, input1)
out <- df3 %>% select(c1, c2, c3) %>% arrange(c1)


+++++++++++++++++++++++++++++++++++++ SQL Solution +++++++++++++++++++++++++++++++++++++

SELECT c1,
       c2,
       c3
FROM
  (SELECT LHS.c2 AS c2,
          LHS.c1 AS c1,
          RHS.c3 AS c3
   FROM
     (SELECT c2,
             MIN(c1) AS c1
      FROM input1
      GROUP BY c2) AS LHS
   INNER JOIN input1 AS RHS ON (LHS.c2 = RHS.c2
                                AND LHS.c1 = RHS.c1))
ORDER BY c1
