[     3.589][MainProcess][INFO] Parsing specification...
[     3.594][MainProcess][WARNING] "attrs" field is deprecated. Please use "columns"
[     3.594][MainProcess][WARNING] "aggrs" field is deprecated. Please use "functions"
[     3.595][MainProcess][DEBUG] Reading input files...
[     3.603][MainProcess][INFO] Inferred data types for table tests-examples/scythe/top_rated_posts/tables/i047.csv: ['int64', 'int64', 'int64', 'string']
[     3.609][MainProcess][INFO] Inferred data types for table tests-examples/scythe/top_rated_posts/tables/o047.csv: ['int64', 'int64', 'int64', 'string']
[     3.638][MainProcess][DEBUG] Generating DSL...
[     3.817][MainProcess][INFO] Creating 2 processes
[     4.020][cube-solver-1][DEBUG] Initialising process for 1 lines of code.
[     4.039][cube-solver-0][DEBUG] Initialising process for 1 lines of code.
[     6.776][cube-solver-1][DEBUG] Solving cube (l0 = mutate(),)
[     6.814][cube-solver-0][DEBUG] Solving cube (l0 = summarise(),)
[     6.976][MainProcess][DEBUG] Increasing generator loc to 2
[     6.981][cube-solver-0][DEBUG] Initialising process for 2 lines of code.
[     8.697][cube-solver-1][DEBUG] Initialising process for 2 lines of code.
[    12.548][cube-solver-0][DEBUG] Solving cube (l0 = natural_join(), l1 = summarise([4]))
[    12.576][cube-solver-0][DEBUG] Solving cube (l0 = natural_join3(), l1 = summarise([4]))
[    12.590][cube-solver-0][DEBUG] Solving cube (l0 = natural_join3(), l1 = mutate())
[    12.603][cube-solver-0][DEBUG] Solving cube (l0 = natural_join4(), l1 = summarise([4]))
[    12.616][cube-solver-0][DEBUG] Solving cube (l0 = natural_join4(), l1 = mutate())
[    12.629][cube-solver-0][DEBUG] Solving cube (l0 = summarise([4]), l1 = natural_join())
[    14.215][cube-solver-1][DEBUG] Solving cube (l0 = natural_join(), l1 = mutate())
[    14.256][cube-solver-1][DEBUG] Solving cube (l0 = summarise([4]), l1 = natural_join3())
[    14.279][cube-solver-1][DEBUG] Solving cube (l0 = summarise([4]), l1 = natural_join4())
[    14.295][cube-solver-1][DEBUG] Solving cube (l0 = summarise([4]), l1 = summarise([4]))
[    14.312][cube-solver-1][DEBUG] Solving cube (l0 = summarise([4]), l1 = filter())
[    14.919][cube-solver-1][DEBUG] Solving cube (l0 = summarise([4]), l1 = anti_join())
[    21.104][cube-solver-0][DEBUG] Found solution with cube (l0 = summarise([4]), l1 = natural_join())
[    21.106][MainProcess][INFO] Statistics:
[    21.106][MainProcess][INFO] 	Generated cubes: 14
[    21.106][MainProcess][INFO] 	Attempted programs: 81
[    21.106][MainProcess][INFO] 		Rejected: 46
[    21.107][MainProcess][INFO] 		Failed: 34
[    21.107][MainProcess][INFO] 	Blacklist clauses: 4
[    21.107][MainProcess][DEBUG] Printing statistics for good programs of size 1
[    21.108][MainProcess][DEBUG] 	0: Counter({'mutate': 288})
[    21.108][MainProcess][DEBUG] Printing statistics for good programs of size 2
[    21.109][MainProcess][DEBUG] 	0: Counter({'summarise': 2071})
[    21.111][MainProcess][DEBUG] 	1: Counter({'natural_join': 1369, 'anti_join': 702})
[    21.111][MainProcess][INFO] Solution found: natural_join(summarise(@param0, time = max(time), user), @param0)

------------------------------------- R Solution ---------------------------------------

con <- DBI::dbConnect(RSQLite::SQLite(), ":memory:")
input1 <- read_csv("tests-examples/scythe/top_rated_posts/tables/i047.csv", col_types = cols(id = col_integer(),user = col_integer(),time = col_integer(),io = col_character()))
input1 <- copy_to(con, input1)
expected_output <- read_csv("tests-examples/scythe/top_rated_posts/tables/o047.csv", col_types = cols(id = col_integer(),user = col_integer(),time = col_integer(),io = col_character()))

df2 <- input1 %>% group_by(user) %>% summarise(time = max(time)) %>% ungroup()
df3 <- inner_join(df2, input1)
out <- df3 %>% select(id, user, time, io) %>% arrange(id)


+++++++++++++++++++++++++++++++++++++ SQL Solution +++++++++++++++++++++++++++++++++++++

SELECT id,
       USER,
       TIME,
       io
FROM
  (SELECT LHS.user AS USER,
          LHS.time AS TIME,
          RHS.id AS id,
          RHS.io AS io
   FROM
     (SELECT USER,
             MAX(TIME) AS TIME
      FROM input1
      GROUP BY USER) AS LHS
   INNER JOIN input1 AS RHS ON (LHS.user = RHS.user
                                AND LHS.time = RHS.time))
ORDER BY id
