[     3.522][MainProcess][INFO] Parsing specification...
[     3.526][MainProcess][WARNING] "attrs" field is deprecated. Please use "columns"
[     3.526][MainProcess][WARNING] "aggrs" field is deprecated. Please use "functions"
[     3.527][MainProcess][DEBUG] Reading input files...
[     3.534][MainProcess][INFO] Inferred data types for table tests-examples/scythe/top_rated_posts/tables/i049.csv: ['int64', 'string']
[     3.539][MainProcess][INFO] Inferred data types for table tests-examples/scythe/top_rated_posts/tables/o049.csv: ['int64', 'string']
[     3.568][MainProcess][DEBUG] Generating DSL...
[     3.604][MainProcess][INFO] Creating 2 processes
[     3.667][cube-solver-0][DEBUG] Initialising process for 1 lines of code.
[     3.670][cube-solver-1][DEBUG] Initialising process for 1 lines of code.
[     4.000][cube-solver-1][DEBUG] Solving cube (l0 = mutate(),)
[     4.046][cube-solver-0][DEBUG] Solving cube (l0 = summarise(),)
[     4.190][cube-solver-0][DEBUG] Found solution with cube (l0 = summarise(),)
[     4.191][MainProcess][INFO] Statistics:
[     4.192][MainProcess][INFO] 	Generated cubes: 2
[     4.192][MainProcess][INFO] 	Attempted programs: 3
[     4.192][MainProcess][INFO] 		Rejected: 2
[     4.192][MainProcess][INFO] 		Failed: 0
[     4.193][MainProcess][INFO] 	Blacklist clauses: 0
[     4.193][MainProcess][DEBUG] Printing statistics for good programs of size 1
[     4.193][MainProcess][DEBUG] 	0: Counter({'mutate': 24, 'summarise': 9})
[     4.194][MainProcess][INFO] Solution found: summarise(@param0, concatAlias = string_agg(Alias, ', '), UserId)

------------------------------------- R Solution ---------------------------------------

con <- DBI::dbConnect(RSQLite::SQLite(), ":memory:")
input1 <- read_csv("tests-examples/scythe/top_rated_posts/tables/i049.csv", col_types = cols(UserId = col_integer(),Alias = col_character()))
input1 <- copy_to(con, input1)
expected_output <- read_csv("tests-examples/scythe/top_rated_posts/tables/o049.csv", col_types = cols(UserId = col_integer(),concatAlias = col_character()))

string_agg <- function(v,s) {Reduce(function(x, y) paste(x, y, sep = s), v)}

df2 <- input1 %>% group_by(UserId) %>% summarise(concatAlias = string_agg(Alias, ', ')) %>% ungroup()
out <- df2 %>% select(UserId, concatAlias) %>% arrange(UserId)


+++++++++++++++++++++++++++++++++++++ SQL Solution +++++++++++++++++++++++++++++++++++++

SELECT `UserId`,
       `concatAlias`
FROM
  (SELECT `UserId`,
          string_agg(`Alias`, ', ') AS concatAlias
   FROM input1
   GROUP BY UserId)
ORDER BY UserId
