[info] Parsing specification...
[debug] Reading input files...
[info] Parsing specification...
[info] Parsing specification...
[info] Parsing specification...
[info] Parsing specification...
[debug] Reading input files...
[debug] Reading input files...
[debug] Reading input files...
[debug] Generating DSL...
[debug] Reading input files...
[info] Parsing succeeded
[info] Building synthesizer...
[info] Lines of Code: 1
[debug] Generating DSL...
[debug] Generating DSL...
[debug] Generating DSL...
[debug] Generating DSL...
[info] Parsing succeeded
[info] Building synthesizer...
[info] Lines of Code: 1
[info] Parsing succeeded
[info] Building synthesizer...
[info] Parsing succeeded
[info] Lines of Code: 1
[info] Building synthesizer...
[info] Lines of Code: 1
[info] Parsing succeeded
[info] Building synthesizer...
[info] Lines of Code: 1
[error] Number of Nodes: 5 
[error] Number of Variables: 6
[error] Number of Constraints: 54
[error] Time spent encoding: 0.044106483459472656
[error] UNSAT : There is no solution for current depth (loc=0), try to increase it (e.g. loc=1).
[info] Synthesizing programs...
[error] Total Time: 0.007565736770629883
[error] Total Solver Time: 0.007544279098510742
[error] Total Time Symmetries: 0
[error] Total Blocked Models: 0
[info] No more queries to be tested. Solution not found!
[info] Increasing the number of lines of code.
[info] Lines of Code: 2
[error] Number of Nodes: 5 
[error] Number of Variables: 6
[error] Number of Constraints: 54
[error] Time spent encoding: 0.04097485542297363
[error] Number of Nodes: 5 
[error] Number of Variables: 6
[error] Number of Constraints: 54
[error] Time spent encoding: 0.0398259162902832
[error] Number of Nodes: 5 
[error] Number of Variables: 6
[error] Number of Constraints: 54
[error] Time spent encoding: 0.04001045227050781
[error] UNSAT : There is no solution for current depth (loc=0), try to increase it (e.g. loc=1).
[info] Synthesizing programs...
[error] Number of Nodes: 5 
[error] Total Time: 3.9577484130859375e-05
[error] Number of Variables: 6
[error] Total Solver Time: 2.5987625122070312e-05
[error] Number of Constraints: 54
[error] Total Time Symmetries: 0
[error] UNSAT : There is no solution for current depth (loc=0), try to increase it (e.g. loc=1).
[error] Time spent encoding: 0.03970503807067871
[error] Total Blocked Models: 0
[info] No more queries to be tested. Solution not found!
[info] Synthesizing programs...
[info] Increasing the number of lines of code.
[info] Lines of Code: 2
[error] Total Time: 3.743171691894531e-05
[error] Total Solver Time: 2.5272369384765625e-05
[error] Total Time Symmetries: 0
[error] Total Blocked Models: 0
[info] No more queries to be tested. Solution not found!
[info] Increasing the number of lines of code.
[info] Lines of Code: 2
[error] UNSAT : There is no solution for current depth (loc=0), try to increase it (e.g. loc=1).
[info] Synthesizing programs...
[error] Total Time: 3.8623809814453125e-05
[error] Total Solver Time: 2.6941299438476562e-05
[error] Total Time Symmetries: 0
[error] Total Blocked Models: 0
[info] No more queries to be tested. Solution not found!
[info] Increasing the number of lines of code.
[info] Lines of Code: 2
[error] UNSAT : There is no solution for current depth (loc=0), try to increase it (e.g. loc=1).
[info] Synthesizing programs...
[error] Total Time: 3.790855407714844e-05
[error] Total Solver Time: 2.6702880859375e-05
[error] Total Time Symmetries: 0
[error] Total Blocked Models: 0
[info] No more queries to be tested. Solution not found!
[info] Increasing the number of lines of code.
[info] Lines of Code: 2
[error] Number of Nodes: 10 
[error] Number of Variables: 16
[error] Number of Constraints: 147
[error] Number of Nodes: 10 
[error] Time spent encoding: 0.0867767333984375
[error] Number of Variables: 16
[error] Number of Constraints: 147
[error] Time spent encoding: 0.08715105056762695
[error] Number of Nodes: 10 
[error] Number of Nodes: 10 
[error] Number of Variables: 16
[error] Number of Constraints: 147
[error] Number of Variables: 16
[error] Time spent encoding: 0.0872650146484375
[error] Number of Constraints: 147
[error] Time spent encoding: 0.09567809104919434
[error] Number of Nodes: 10 
[error] Number of Variables: 16
[error] Number of Constraints: 147
[error] Time spent encoding: 0.0877695083618164
[error] UNSAT : There is no solution for current depth (loc=1), try to increase it (e.g. loc=2).
[info] Synthesizing programs...
[error] Total Time: 4.291534423828125e-05
[error] Total Solver Time: 3.6716461181640625e-05
[error] Total Time Symmetries: 0
[error] Total Blocked Models: 0
[info] No more queries to be tested. Solution not found!
[info] Increasing the number of lines of code.
[error] UNSAT : There is no solution for current depth (loc=1), try to increase it (e.g. loc=2).
[info] Lines of Code: 3
[info] Synthesizing programs...
[error] Total Time: 3.695487976074219e-05
[error] Total Solver Time: 3.0994415283203125e-05
[error] Total Time Symmetries: 0
[error] Total Blocked Models: 0
[error] UNSAT : There is no solution for current depth (loc=1), try to increase it (e.g. loc=2).
[info] No more queries to be tested. Solution not found!
[info] Increasing the number of lines of code.
[info] Lines of Code: 3
[info] Synthesizing programs...
[error] Total Time: 3.4809112548828125e-05
[error] Total Solver Time: 2.9325485229492188e-05
[error] Total Time Symmetries: 0
[error] Total Blocked Models: 0
[info] No more queries to be tested. Solution not found!
[info] Increasing the number of lines of code.
[info] Lines of Code: 3
[error] UNSAT : There is no solution for current depth (loc=1), try to increase it (e.g. loc=2).
[info] Synthesizing programs...
[error] Total Time: 3.5762786865234375e-05
[error] Total Solver Time: 3.0279159545898438e-05
[error] Total Time Symmetries: 0
[error] Total Blocked Models: 0
[info] No more queries to be tested. Solution not found!
[info] Increasing the number of lines of code.
[info] Lines of Code: 3
[error] UNSAT : There is no solution for current depth (loc=1), try to increase it (e.g. loc=2).
[info] Synthesizing programs...
[error] Total Time: 0.017131328582763672
[error] Total Solver Time: 0.017117977142333984
[error] Total Time Symmetries: 0
[error] Total Blocked Models: 0
[info] No more queries to be tested. Solution not found!
[info] Increasing the number of lines of code.
[info] Lines of Code: 3
[error] Number of Nodes: 15 
[error] Number of Variables: 30
[error] Number of Constraints: 282
[error] Time spent encoding: 0.1592879295349121
[error] Number of Nodes: 15 
[error] Number of Variables: 30
[error] Number of Constraints: 282
[error] Time spent encoding: 0.15995311737060547
[error] Number of Nodes: 15 
[error] Number of Variables: 30
[error] Number of Constraints: 282
[error] Time spent encoding: 0.1600043773651123
[error] Number of Nodes: 15 
[error] Number of Variables: 30
[error] Number of Constraints: 282
[error] Time spent encoding: 0.16129708290100098
[info] Synthesizing programs...
[info] Synthesizing programs...
[info] Synthesizing programs...
[info] Synthesizing programs...
[error] Number of Nodes: 15 
[error] Number of Variables: 30
[error] Number of Constraints: 282
[error] Time spent encoding: 0.16559696197509766
[error] Total Solver Time: 0.00010824203491210938
[error] Total Time Symmetries: 0
[error] Total Blocked Models: 0
[error] Total Time: 0.056748390197753906
[info] Solution found: select(filter(inner_join3(@param0, @param2, @param1), color == red), S_key,P_id,S_name,color, )
[info] Synthesizing programs...
[error] Total Solver Time: 0.0032172203063964844
[error] Total Time Symmetries: 0
[error] Total Blocked Models: 0
[error] Total Time: 0.16341352462768555
[info] Solution found: select(filter(inner_join3(@param0, @param1, @param2), color == red), S_key,P_id,S_name,color, )
[debug] Solution found using process 2: Config(disabled=[], alt_empty_pos=False, shuffle_cols=False, z3_sat_phase='caching', z3_QF_FD=True)
[error] Total Solver Time: 0.0064432621002197266
[error] Total Time Symmetries: 0
[error] Total Blocked Models: 0
[error] Total Time: 0.3534810543060303
[info] Solution found: select(filter(inner_join3(@param0, @param1, @param2), color == red), S_key,P_id,S_name,color, )
[error] Total Solver Time: 0.005264759063720703
[error] Total Time Symmetries: 0
[error] Total Blocked Models: 0
[error] Total Time: 0.3735027313232422
[info] Solution found: select(filter(inner_join3(@param2, @param0, @param1), color == red), S_key,P_id,S_name,color, distinct)
[debug] Solution found using process 4: Config(disabled=[], alt_empty_pos=False, shuffle_cols=False, z3_sat_phase='random', z3_QF_FD=True)
[debug] Solution found using process 1: Config(disabled=[], alt_empty_pos=False, shuffle_cols=False, z3_sat_phase='always_false', z3_QF_FD=True)
[debug] Solution found using process 3: Config(disabled=[], alt_empty_pos=False, shuffle_cols=False, z3_sat_phase='always_true', z3_QF_FD=True)
[error] Total Solver Time: 0.06110882759094238
[error] Total Time Symmetries: 0
[error] Total Blocked Models: 0
[error] Total Time: 0.5418171882629395
[info] Solution found: select(filter(inner_join3(@param2, @param0, @param1), color == red), S_key,P_id,S_name,color, distinct)

------------------------------------- R Solution ---------------------------------------

con <- DBI::dbConnect(RSQLite::SQLite(), ":memory:")
input1 <- read.table("tests-examples/cp19/tables/19-1.txt", sep=",", header=T)
input1 <- copy_to(con, input1)
input2 <- read.table("tests-examples/cp19/tables/19-2.txt", sep=",", header=T)
input2 <- copy_to(con, input2)
input3 <- read.table("tests-examples/cp19/tables/19-3.txt", sep=",", header=T)
input3 <- copy_to(con, input3)
expected_output <- read.table("tests-examples/cp19/tables/20.out", sep =",", header=T)

RET_DF8 <- inner_join(inner_join(input1, input3), input2)
RET_DF9 <- RET_DF8 %>% ungroup() %>% filter(color == "red")
RET_DF10 <- RET_DF9 %>% ungroup() %>% select(S_key,P_id,S_name,color)


+++++++++++++++++++++++++++++++++++++ SQL Solution +++++++++++++++++++++++++++++++++++++

SELECT `S_key`,
       `P_id`,
       `S_name`,
       `color`
FROM
  (SELECT `S_key`,
          `P_id`,
          `S_name`,
          `color`
   FROM
     (SELECT `S_key`,
             `P_id`,
             `S_name`
      FROM `input1` AS `LHS`
      INNER JOIN `input3` AS `RHS` ON (`LHS`.`S_key` = `RHS`.`S_key`)) AS `LHS`
   INNER JOIN `input2` AS `RHS` ON (`LHS`.`P_id` = `RHS`.`P_id`))
WHERE (`color` = 'red')
