[info] Parsing specification...
[info] Parsing specification...
[debug] Reading input files...
[info] Parsing specification...
[info] Parsing specification...
[info] Parsing specification...
[debug] Reading input files...
[debug] Reading input files...
[debug] Reading input files...
[debug] Reading input files...
[debug] Generating DSL...
[info] Parsing succeeded
[info] Building synthesizer...
[info] Lines of Code: 1
[debug] Generating DSL...
[debug] Generating DSL...
[debug] Generating DSL...
[debug] Generating DSL...
[info] Parsing succeeded
[info] Building synthesizer...
[info] Lines of Code: 1
[info] Parsing succeeded
[info] Building synthesizer...
[info] Lines of Code: 1
[info] Parsing succeeded
[info] Building synthesizer...
[info] Lines of Code: 1
[info] Parsing succeeded
[info] Building synthesizer...
[info] Lines of Code: 1
[error] Number of Nodes: 5 
[error] Number of Variables: 6
[error] Number of Constraints: 65
[error] Time spent encoding: 0.06502914428710938
[error] UNSAT : There is no solution for current depth (loc=0), try to increase it (e.g. loc=1).
[info] Synthesizing programs...
[error] Total Time: 0.008824348449707031
[error] Total Solver Time: 0.0088043212890625
[error] Total Time Symmetries: 0
[error] Total Blocked Models: 0
[info] No more queries to be tested. Solution not found!
[info] Increasing the number of lines of code.
[info] Lines of Code: 2
[error] Number of Nodes: 5 
[error] Number of Variables: 6
[error] Number of Constraints: 65
[error] Time spent encoding: 0.05816364288330078
[error] Number of Nodes: 5 
[error] Number of Variables: 6
[error] Number of Constraints: 65
[error] Time spent encoding: 0.058745384216308594
[error] Number of Nodes: 5 
[error] Number of Variables: 6
[error] Number of Constraints: 65
[error] Time spent encoding: 0.05847048759460449
[error] Number of Nodes: 5 
[error] Number of Variables: 6
[error] Number of Constraints: 65
[error] Time spent encoding: 0.05809164047241211
[error] UNSAT : There is no solution for current depth (loc=0), try to increase it (e.g. loc=1).
[info] Synthesizing programs...
[error] Total Time: 3.62396240234375e-05
[error] Total Solver Time: 2.6464462280273438e-05
[error] Total Time Symmetries: 0
[error] Total Blocked Models: 0
[info] No more queries to be tested. Solution not found!
[info] Increasing the number of lines of code.
[info] Lines of Code: 2
[error] UNSAT : There is no solution for current depth (loc=0), try to increase it (e.g. loc=1).
[info] Synthesizing programs...
[error] Total Time: 3.981590270996094e-05
[error] Total Solver Time: 2.9325485229492188e-05
[error] Total Time Symmetries: 0
[error] Total Blocked Models: 0
[info] No more queries to be tested. Solution not found!
[info] Increasing the number of lines of code.
[info] Lines of Code: 2
[error] UNSAT : There is no solution for current depth (loc=0), try to increase it (e.g. loc=1).
[info] Synthesizing programs...
[error] Total Time: 3.5762786865234375e-05
[error] Total Solver Time: 2.574920654296875e-05
[error] Total Time Symmetries: 0
[error] Total Blocked Models: 0
[info] No more queries to be tested. Solution not found!
[info] Increasing the number of lines of code.
[info] Lines of Code: 2
[error] UNSAT : There is no solution for current depth (loc=0), try to increase it (e.g. loc=1).
[info] Synthesizing programs...
[error] Total Time: 3.886222839355469e-05
[error] Total Solver Time: 2.86102294921875e-05
[error] Total Time Symmetries: 0
[error] Total Blocked Models: 0
[info] No more queries to be tested. Solution not found!
[info] Increasing the number of lines of code.
[info] Lines of Code: 2
[error] Number of Nodes: 10 
[error] Number of Variables: 16
[error] Number of Constraints: 172
[error] Time spent encoding: 0.13391733169555664
[error] Number of Nodes: 10 
[error] Number of Variables: 16
[error] Number of Constraints: 172
[error] Time spent encoding: 0.1402597427368164
[error] Number of Nodes: 10 
[error] Number of Variables: 16
[error] Number of Constraints: 172
[error] Time spent encoding: 0.13400554656982422
[error] Number of Nodes: 10 
[error] Number of Variables: 16
[error] Number of Constraints: 172
[error] Time spent encoding: 0.1333916187286377
[error] Number of Nodes: 10 
[error] Number of Variables: 16
[error] Number of Constraints: 172
[error] Time spent encoding: 0.1331312656402588
[error] UNSAT : There is no solution for current depth (loc=1), try to increase it (e.g. loc=2).
[info] Synthesizing programs...
[error] Total Time: 3.4332275390625e-05
[error] Total Solver Time: 2.9087066650390625e-05
[error] Total Time Symmetries: 0
[error] Total Blocked Models: 0
[info] No more queries to be tested. Solution not found!
[info] Increasing the number of lines of code.
[info] Lines of Code: 3
[error] UNSAT : There is no solution for current depth (loc=1), try to increase it (e.g. loc=2).
[info] Synthesizing programs...
[error] Total Time: 3.3855438232421875e-05
[error] Total Solver Time: 2.8133392333984375e-05
[error] Total Time Symmetries: 0
[error] Total Blocked Models: 0
[info] No more queries to be tested. Solution not found!
[info] Increasing the number of lines of code.
[info] Lines of Code: 3
[error] UNSAT : There is no solution for current depth (loc=1), try to increase it (e.g. loc=2).
[info] Synthesizing programs...
[error] Total Time: 4.100799560546875e-05
[error] Total Solver Time: 3.457069396972656e-05
[error] Total Time Symmetries: 0
[error] Total Blocked Models: 0
[info] No more queries to be tested. Solution not found!
[info] Increasing the number of lines of code.
[info] Lines of Code: 3
[error] UNSAT : There is no solution for current depth (loc=1), try to increase it (e.g. loc=2).
[info] Synthesizing programs...
[error] Total Time: 3.719329833984375e-05
[error] Total Solver Time: 3.0994415283203125e-05
[error] Total Time Symmetries: 0
[error] Total Blocked Models: 0
[info] No more queries to be tested. Solution not found!
[info] Increasing the number of lines of code.
[info] Lines of Code: 3
[error] UNSAT : There is no solution for current depth (loc=1), try to increase it (e.g. loc=2).
[info] Synthesizing programs...
[error] Total Time: 0.023792028427124023
[error] Total Solver Time: 0.02377796173095703
[error] Total Time Symmetries: 0
[error] Total Blocked Models: 0
[info] No more queries to be tested. Solution not found!
[info] Increasing the number of lines of code.
[info] Lines of Code: 3
[error] Number of Nodes: 15 
[error] Number of Variables: 30
[error] Number of Constraints: 325
[error] Time spent encoding: 0.2352762222290039
[error] Number of Nodes: 15 
[error] Number of Variables: 30
[error] Number of Constraints: 325
[error] Time spent encoding: 0.23430395126342773
[error] Number of Nodes: 15 
[error] Number of Variables: 30
[error] Number of Constraints: 325
[error] Time spent encoding: 0.2371518611907959
[error] Number of Nodes: 15 
[error] Number of Variables: 30
[error] Number of Constraints: 325
[error] Time spent encoding: 0.23618316650390625
[error] UNSAT : There is no solution for current depth (loc=2), try to increase it (e.g. loc=3).
[info] Synthesizing programs...
[error] Total Time: 4.029273986816406e-05
[error] Total Solver Time: 3.4332275390625e-05
[error] Total Time Symmetries: 0
[error] Total Blocked Models: 0
[info] No more queries to be tested. Solution not found!
[info] Increasing the number of lines of code.
[info] Lines of Code: 4
[error] UNSAT : There is no solution for current depth (loc=2), try to increase it (e.g. loc=3).
[info] Synthesizing programs...
[error] Total Time: 4.100799560546875e-05
[error] Total Solver Time: 3.4809112548828125e-05
[error] Total Time Symmetries: 0
[error] Total Blocked Models: 0
[info] No more queries to be tested. Solution not found!
[info] Increasing the number of lines of code.
[error] UNSAT : There is no solution for current depth (loc=2), try to increase it (e.g. loc=3).
[info] Lines of Code: 4
[info] Synthesizing programs...
[error] Total Time: 3.743171691894531e-05
[error] Total Solver Time: 3.170967102050781e-05
[error] Total Time Symmetries: 0
[error] Total Blocked Models: 0
[info] No more queries to be tested. Solution not found!
[info] Increasing the number of lines of code.
[info] Lines of Code: 4
[error] UNSAT : There is no solution for current depth (loc=2), try to increase it (e.g. loc=3).
[info] Synthesizing programs...
[error] Total Time: 4.482269287109375e-05
[error] Total Solver Time: 3.814697265625e-05
[error] Total Time Symmetries: 0
[error] Total Blocked Models: 0
[info] No more queries to be tested. Solution not found!
[info] Increasing the number of lines of code.
[info] Lines of Code: 4
[error] Number of Nodes: 15 
[error] Number of Variables: 30
[error] Number of Constraints: 325
[error] Time spent encoding: 0.2385542392730713
[error] UNSAT : There is no solution for current depth (loc=2), try to increase it (e.g. loc=3).
[info] Synthesizing programs...
[error] Total Time: 0.07086539268493652
[error] Total Solver Time: 0.07085156440734863
[error] Total Time Symmetries: 0
[error] Total Blocked Models: 0
[info] No more queries to be tested. Solution not found!
[info] Increasing the number of lines of code.
[info] Lines of Code: 4
[error] Number of Nodes: 20 
[error] Number of Variables: 48
[error] Number of Constraints: 524
[error] Time spent encoding: 0.35886502265930176
[error] Number of Nodes: 20 
[error] Number of Variables: 48
[error] Number of Constraints: 524
[error] Time spent encoding: 0.35829782485961914
[error] Number of Nodes: 20 
[error] Number of Variables: 48
[error] Number of Constraints: 524
[error] Time spent encoding: 0.36301302909851074
[error] Number of Nodes: 20 
[error] Number of Variables: 48
[error] Number of Constraints: 524
[error] Time spent encoding: 0.3636143207550049
[info] Synthesizing programs...
[info] Synthesizing programs...
[info] Synthesizing programs...
[info] Synthesizing programs...
[error] Number of Nodes: 20 
[error] Number of Variables: 48
[error] Number of Constraints: 524
[error] Time spent encoding: 0.3667716979980469
[info] Synthesizing programs...
[error] Total Solver Time: 0.08738827705383301
[error] Total Time Symmetries: 0
[error] Total Blocked Models: 0
[error] Total Solver Time: 0.0821065902709961
[error] Total Time Symmetries: 0
[error] Total Blocked Models: 0
[error] Total Solver Time: 0.10284805297851562
[error] Total Time Symmetries: 0
[error] Total Blocked Models: 0
[error] Total Solver Time: 0.09419441223144531
[error] Total Time Symmetries: 0
[error] Total Blocked Models: 0
[error] Total Solver Time: 0.46767640113830566
[error] Total Time Symmetries: 0
[error] Total Blocked Models: 0
[error] Total Solver Time: 0.17183399200439453
[error] Total Time Symmetries: 0
[error] Total Blocked Models: 0
[error] Total Solver Time: 0.16377615928649902
[error] Total Time Symmetries: 0
[error] Total Blocked Models: 0
[error] Total Solver Time: 0.17854857444763184
[error] Total Time Symmetries: 0
[error] Total Blocked Models: 0
[error] Total Solver Time: 0.18488001823425293
[error] Total Time Symmetries: 0
[error] Total Blocked Models: 0
[error] Total Solver Time: 0.6119396686553955
[error] Total Time Symmetries: 0
[error] Total Blocked Models: 0
[error] Total Solver Time: 0.2545754909515381
[error] Total Time Symmetries: 0
[error] Total Blocked Models: 0
[error] Total Solver Time: 0.2453458309173584
[error] Total Time Symmetries: 0
[error] Total Blocked Models: 0
[error] Total Solver Time: 0.26172518730163574
[error] Total Time Symmetries: 0
[error] Total Blocked Models: 0
[error] Total Solver Time: 0.266650915145874
[error] Total Time Symmetries: 0
[error] Total Blocked Models: 0
[error] Total Solver Time: 0.8178045749664307
[error] Total Time Symmetries: 0
[error] Total Blocked Models: 0
[error] Total Solver Time: 0.3391304016113281
[error] Total Time Symmetries: 0
[error] Total Blocked Models: 0
[error] Total Solver Time: 0.32709288597106934
[error] Total Time Symmetries: 0
[error] Total Blocked Models: 0
[error] Total Solver Time: 0.34747743606567383
[error] Total Time Symmetries: 0
[error] Total Blocked Models: 0
[error] Total Solver Time: 0.3507986068725586
[error] Total Time Symmetries: 0
[error] Total Blocked Models: 0
[error] Total Solver Time: 0.973644495010376
[error] Total Time Symmetries: 0
[error] Total Blocked Models: 0
[error] Total Solver Time: 0.4237842559814453
[error] Total Time Symmetries: 0
[error] Total Blocked Models: 0
[error] Total Solver Time: 0.40896010398864746
[error] Total Time Symmetries: 0
[error] Total Blocked Models: 0
[error] Total Solver Time: 0.43026256561279297
[error] Total Time Symmetries: 0
[error] Total Blocked Models: 0
[error] Total Solver Time: 0.4359452724456787
[error] Total Time Symmetries: 0
[error] Total Blocked Models: 0
[error] Total Solver Time: 0.44519829750061035
[error] Total Time Symmetries: 0
[error] Total Blocked Models: 0
[error] Total Time: 15.807314157485962
[info] Solution found: select(summariseGrouped(filters(inner_join4(@param1, @param3, @param0, @param2), major == History, F_name != faculty1, &), maxage = max(age), major), maxage, distinct)
[debug] Solution found using process 3: Config(disabled=[], alt_empty_pos=False, shuffle_cols=False, z3_sat_phase='always_true', z3_QF_FD=True)

------------------------------------- R Solution ---------------------------------------

con <- DBI::dbConnect(RSQLite::SQLite(), ":memory:")
input1 <- read.table("tests-examples/cp19/tables/2-1.txt", sep=",", header=T)
input1 <- copy_to(con, input1)
input2 <- read.table("tests-examples/cp19/tables/2-2.txt", sep=",", header=T)
input2 <- copy_to(con, input2)
input3 <- read.table("tests-examples/cp19/tables/2-3.txt", sep=",", header=T)
input3 <- copy_to(con, input3)
input4 <- read.table("tests-examples/cp19/tables/2-4.txt", sep=",", header=T)
input4 <- copy_to(con, input4)
expected_output <- read.table("tests-examples/cp19/tables/2.out", sep =",", header=T)

RET_DF743 <- inner_join(inner_join(inner_join(input2, input4), input1), input3)
RET_DF744 <- RET_DF743 %>% ungroup() %>% filter(major == "History" & F_name != "faculty1")
RET_DF745 <- RET_DF744 %>% group_by(major) %>% summarise(maxage = max(age))
RET_DF746 <- RET_DF745 %>% ungroup() %>% select(maxage) %>% distinct()


+++++++++++++++++++++++++++++++++++++ SQL Solution +++++++++++++++++++++++++++++++++++++

SELECT DISTINCT `maxage`
FROM
  (SELECT `major`,
          MAX(`age`) AS `maxage`
   FROM
     (SELECT *
      FROM
        (SELECT `S_key`,
                `C_name`,
                `major`,
                `age`,
                `F_key`,
                `F_name`
         FROM
           (SELECT `S_key`,
                   `C_name`,
                   `major`,
                   `age`,
                   `F_key`
            FROM
              (SELECT `S_key`,
                      `C_name`,
                      `major`,
                      `age`
               FROM `input2` AS `LHS`
               INNER JOIN `input4` AS `RHS` ON (`LHS`.`S_key` = `RHS`.`S_key`)) AS `LHS`
            INNER JOIN `input1` AS `RHS` ON (`LHS`.`C_name` = `RHS`.`C_name`)) AS `LHS`
         INNER JOIN `input3` AS `RHS` ON (`LHS`.`F_key` = `RHS`.`F_key`))
      WHERE (`major` = 'History'
             AND `F_name` != 'faculty1'))
   GROUP BY `major`)
