[info] Parsing specification...
[info] Parsing specification...
[info] Parsing specification...
[info] Parsing specification...
[debug] Reading input files...
[debug] Reading input files...
[debug] Reading input files...
[info] Parsing specification...
[debug] Reading input files...
[debug] Reading input files...
[debug] Generating DSL...
[debug] Generating DSL...
[info] Parsing succeeded
[info] Building synthesizer...
[info] Lines of Code: 1
[debug] Generating DSL...
[debug] Generating DSL...
[info] Parsing succeeded
[info] Building synthesizer...
[info] Lines of Code: 1
[debug] Generating DSL...
[info] Parsing succeeded
[info] Building synthesizer...
[info] Lines of Code: 1
[info] Parsing succeeded
[info] Building synthesizer...
[info] Lines of Code: 1
[info] Parsing succeeded
[info] Building synthesizer...
[info] Lines of Code: 1
[error] Number of Nodes: 5 
[error] Number of Variables: 6
[error] Number of Constraints: 59
[error] Time spent encoding: 0.03883171081542969
[error] UNSAT : There is no solution for current depth (loc=0), try to increase it (e.g. loc=1).
[info] Synthesizing programs...
[error] Total Time: 3.647804260253906e-05
[error] Total Solver Time: 2.5510787963867188e-05
[error] Total Time Symmetries: 0
[error] Total Blocked Models: 0
[info] No more queries to be tested. Solution not found!
[info] Increasing the number of lines of code.
[info] Lines of Code: 2
[error] Number of Nodes: 5 
[error] Number of Variables: 6
[error] Number of Constraints: 59
[error] Time spent encoding: 0.04352521896362305
[error] UNSAT : There is no solution for current depth (loc=0), try to increase it (e.g. loc=1).
[info] Synthesizing programs...
[error] Total Time: 3.719329833984375e-05
[error] Total Solver Time: 2.6464462280273438e-05
[error] Total Time Symmetries: 0
[error] Total Blocked Models: 0
[info] No more queries to be tested. Solution not found!
[info] Increasing the number of lines of code.
[info] Lines of Code: 2
[error] Number of Nodes: 5 
[error] Number of Variables: 6
[error] Number of Constraints: 59
[error] Time spent encoding: 0.040239572525024414
[error] UNSAT : There is no solution for current depth (loc=0), try to increase it (e.g. loc=1).
[info] Synthesizing programs...
[error] Total Time: 3.9577484130859375e-05
[error] Total Solver Time: 2.574920654296875e-05
[error] Total Time Symmetries: 0
[error] Total Blocked Models: 0
[info] No more queries to be tested. Solution not found!
[info] Increasing the number of lines of code.
[info] Lines of Code: 2
[error] Number of Nodes: 5 
[error] Number of Variables: 6
[error] Number of Nodes: 5 
[error] Number of Constraints: 59
[error] Number of Variables: 6
[error] Time spent encoding: 0.039415836334228516
[error] Number of Constraints: 59
[error] Time spent encoding: 0.04522538185119629
[error] UNSAT : There is no solution for current depth (loc=0), try to increase it (e.g. loc=1).
[info] Synthesizing programs...
[error] Total Time: 4.220008850097656e-05
[error] Total Solver Time: 2.8848648071289062e-05
[error] Total Time Symmetries: 0
[error] Total Blocked Models: 0
[info] No more queries to be tested. Solution not found!
[info] Increasing the number of lines of code.
[info] Lines of Code: 2
[error] UNSAT : There is no solution for current depth (loc=0), try to increase it (e.g. loc=1).
[info] Synthesizing programs...
[error] Total Time: 0.007653951644897461
[error] Total Solver Time: 0.007633209228515625
[error] Total Time Symmetries: 0
[error] Total Blocked Models: 0
[info] No more queries to be tested. Solution not found!
[info] Increasing the number of lines of code.
[info] Lines of Code: 2
[error] Number of Nodes: 10 
[error] Number of Variables: 16
[error] Number of Constraints: 159
[error] Time spent encoding: 0.09221100807189941
[error] Number of Nodes: 10 
[error] Number of Variables: 16
[error] Number of Constraints: 159
[error] Time spent encoding: 0.09241890907287598
[error] UNSAT : There is no solution for current depth (loc=1), try to increase it (e.g. loc=2).
[info] Synthesizing programs...
[error] Total Time: 3.266334533691406e-05
[error] Total Solver Time: 2.6702880859375e-05
[error] Total Time Symmetries: 0
[error] Total Blocked Models: 0
[info] No more queries to be tested. Solution not found!
[info] Increasing the number of lines of code.
[info] Lines of Code: 3
[error] UNSAT : There is no solution for current depth (loc=1), try to increase it (e.g. loc=2).
[info] Synthesizing programs...
[error] Total Time: 3.361701965332031e-05
[error] Total Solver Time: 2.765655517578125e-05
[error] Total Time Symmetries: 0
[error] Total Blocked Models: 0
[info] No more queries to be tested. Solution not found!
[info] Increasing the number of lines of code.
[info] Lines of Code: 3
[error] Number of Nodes: 10 
[error] Number of Variables: 16
[error] Number of Constraints: 159
[error] Time spent encoding: 0.09242677688598633
[error] Number of Nodes: 10 
[error] Number of Variables: 16
[error] Number of Constraints: 159
[error] Time spent encoding: 0.09240007400512695
[error] UNSAT : There is no solution for current depth (loc=1), try to increase it (e.g. loc=2).
[info] Synthesizing programs...
[error] Total Time: 3.314018249511719e-05
[error] Total Solver Time: 2.6464462280273438e-05
[error] Total Time Symmetries: 0
[error] Total Blocked Models: 0
[info] No more queries to be tested. Solution not found!
[info] Increasing the number of lines of code.
[info] Lines of Code: 3
[error] UNSAT : There is no solution for current depth (loc=1), try to increase it (e.g. loc=2).
[info] Synthesizing programs...
[error] Total Time: 3.266334533691406e-05
[error] Total Solver Time: 2.6702880859375e-05
[error] Total Time Symmetries: 0
[error] Total Blocked Models: 0
[info] No more queries to be tested. Solution not found!
[info] Increasing the number of lines of code.
[info] Lines of Code: 3
[error] Number of Nodes: 10 
[error] Number of Variables: 16
[error] Number of Constraints: 159
[error] Time spent encoding: 0.09900522232055664
[error] UNSAT : There is no solution for current depth (loc=1), try to increase it (e.g. loc=2).
[info] Synthesizing programs...
[error] Total Time: 0.022475481033325195
[error] Total Solver Time: 0.0224611759185791
[error] Total Time Symmetries: 0
[error] Total Blocked Models: 0
[info] No more queries to be tested. Solution not found!
[info] Increasing the number of lines of code.
[info] Lines of Code: 3
[error] Number of Nodes: 15 
[error] Number of Variables: 30
[error] Number of Constraints: 303
[error] Time spent encoding: 0.16747641563415527
[error] Number of Nodes: 15 
[error] Number of Variables: 30
[error] Number of Constraints: 303
[error] Time spent encoding: 0.16800475120544434
[info] Synthesizing programs...
[error] Number of Nodes: 15 
[error] Number of Variables: 30
[error] Number of Constraints: 303
[error] Time spent encoding: 0.1657247543334961
[info] Synthesizing programs...
[error] Number of Nodes: 15 
[error] Number of Variables: 30
[error] Number of Constraints: 303
[error] Time spent encoding: 0.16743016242980957
[info] Synthesizing programs...
[info] Synthesizing programs...
[error] Number of Nodes: 15 
[error] Number of Variables: 30
[error] Number of Constraints: 303
[error] Time spent encoding: 0.17483139038085938
[info] Synthesizing programs...
[error] Total Solver Time: 0.004507780075073242
[error] Total Time Symmetries: 0
[error] Total Blocked Models: 0
[error] Total Time: 0.2955515384674072
[info] Solution found: select(filters(inner_join3(@param1, @param0, @param2), color == red, color == green, |), S_name, distinct)
[debug] Solution found using process 1: Config(disabled=[], alt_empty_pos=False, shuffle_cols=False, z3_sat_phase='always_false', z3_QF_FD=True)

------------------------------------- R Solution ---------------------------------------

con <- DBI::dbConnect(RSQLite::SQLite(), ":memory:")
input1 <- read.table("tests-examples/cp19/tables/21-1.txt", sep=",", header=T)
input1 <- copy_to(con, input1)
input2 <- read.table("tests-examples/cp19/tables/21-2.txt", sep=",", header=T)
input2 <- copy_to(con, input2)
input3 <- read.table("tests-examples/cp19/tables/21-3.txt", sep=",", header=T)
input3 <- copy_to(con, input3)
expected_output <- read.table("tests-examples/cp19/tables/21.out", sep =",", header=T)

RET_DF18 <- inner_join(inner_join(input2, input1), input3)
RET_DF19 <- RET_DF18 %>% ungroup() %>% filter(color == "red" | color == "green")
RET_DF20 <- RET_DF19 %>% ungroup() %>% select(S_name) %>% distinct()


+++++++++++++++++++++++++++++++++++++ SQL Solution +++++++++++++++++++++++++++++++++++++

SELECT DISTINCT `S_name`
FROM
  (SELECT `P_id`,
          `color`,
          `S_key`,
          `S_name`
   FROM
     (SELECT `P_id`,
             `color`,
             `S_key`
      FROM `input2` AS `LHS`
      INNER JOIN `input1` AS `RHS` ON (`LHS`.`P_id` = `RHS`.`P_id`)) AS `LHS`
   INNER JOIN `input3` AS `RHS` ON (`LHS`.`S_key` = `RHS`.`S_key`))
WHERE (`color` = 'red'
       OR `color` = 'green')
