[info] Parsing specification...
[info] Parsing specification...
[info] Parsing specification...
[info] Parsing specification...
[debug] Reading input files...
[info] Parsing specification...
[debug] Reading input files...
[debug] Reading input files...
[debug] Reading input files...
[debug] Reading input files...
[debug] Generating DSL...
[debug] Generating DSL...
[debug] Generating DSL...
[debug] Generating DSL...
[debug] Generating DSL...
[info] Parsing succeeded
[info] Building synthesizer...
[info] Lines of Code: 1
[info] Parsing succeeded
[info] Building synthesizer...
[info] Lines of Code: 1
[info] Parsing succeeded
[info] Building synthesizer...
[info] Lines of Code: 1
[info] Parsing succeeded
[info] Building synthesizer...
[info] Lines of Code: 1
[info] Parsing succeeded
[info] Building synthesizer...
[info] Lines of Code: 1
[error] Number of Nodes: 5 
[error] Number of Variables: 6
[error] Number of Constraints: 54
[error] Time spent encoding: 0.046866655349731445
[error] Number of Nodes: 5 
[error] Number of Variables: 6
[error] Number of Constraints: 54
[error] Time spent encoding: 0.048133134841918945
[error] UNSAT : There is no solution for current depth (loc=0), try to increase it (e.g. loc=1).
[info] Synthesizing programs...
[error] Total Time: 3.838539123535156e-05
[error] Number of Nodes: 5 
[error] Total Solver Time: 2.6941299438476562e-05
[error] Number of Variables: 6
[error] Total Time Symmetries: 0
[error] Number of Constraints: 54
[error] Total Blocked Models: 0
[error] Time spent encoding: 0.047332048416137695
[info] No more queries to be tested. Solution not found!
[info] Increasing the number of lines of code.
[info] Lines of Code: 2
[error] Number of Nodes: 5 
[error] Number of Variables: 6
[error] Number of Constraints: 54
[error] Time spent encoding: 0.050523996353149414
[error] Number of Nodes: 5 
[error] Number of Variables: 6
[error] Number of Constraints: 54
[error] Time spent encoding: 0.05407238006591797
[error] UNSAT : There is no solution for current depth (loc=0), try to increase it (e.g. loc=1).
[info] Synthesizing programs...
[error] Total Time: 3.838539123535156e-05
[error] Total Solver Time: 2.6941299438476562e-05
[error] Total Time Symmetries: 0
[error] Total Blocked Models: 0
[info] No more queries to be tested. Solution not found!
[info] Increasing the number of lines of code.
[info] Lines of Code: 2
[error] UNSAT : There is no solution for current depth (loc=0), try to increase it (e.g. loc=1).
[info] Synthesizing programs...
[error] Total Time: 4.410743713378906e-05
[error] Total Solver Time: 3.075599670410156e-05
[error] Total Time Symmetries: 0
[error] Total Blocked Models: 0
[info] No more queries to be tested. Solution not found!
[error] UNSAT : There is no solution for current depth (loc=0), try to increase it (e.g. loc=1).
[info] Increasing the number of lines of code.
[info] Lines of Code: 2
[info] Synthesizing programs...
[error] Total Time: 4.482269287109375e-05
[error] Total Solver Time: 3.170967102050781e-05
[error] Total Time Symmetries: 0
[error] Total Blocked Models: 0
[info] No more queries to be tested. Solution not found!
[info] Increasing the number of lines of code.
[info] Lines of Code: 2
[error] UNSAT : There is no solution for current depth (loc=0), try to increase it (e.g. loc=1).
[info] Synthesizing programs...
[error] Total Time: 0.008368253707885742
[error] Total Solver Time: 0.00834798812866211
[error] Total Time Symmetries: 0
[error] Total Blocked Models: 0
[info] No more queries to be tested. Solution not found!
[info] Increasing the number of lines of code.
[info] Lines of Code: 2
[error] Number of Nodes: 10 
[error] Number of Variables: 16
[error] Number of Constraints: 147
[error] Time spent encoding: 0.10761785507202148
[error] Number of Nodes: 10 
[error] Number of Variables: 16
[error] Number of Constraints: 147
[error] Time spent encoding: 0.10668802261352539
[error] Number of Nodes: 10 
[error] Number of Variables: 16
[error] Number of Constraints: 147
[error] Number of Nodes: 10 
[error] Time spent encoding: 0.10684418678283691
[error] Number of Variables: 16
[error] Number of Constraints: 147
[error] Time spent encoding: 0.10657000541687012
[error] UNSAT : There is no solution for current depth (loc=1), try to increase it (e.g. loc=2).
[info] Synthesizing programs...
[error] Total Time: 3.409385681152344e-05
[error] Total Solver Time: 2.8371810913085938e-05
[error] Total Time Symmetries: 0
[error] Total Blocked Models: 0
[info] No more queries to be tested. Solution not found!
[info] Increasing the number of lines of code.
[info] Lines of Code: 3
[error] UNSAT : There is no solution for current depth (loc=1), try to increase it (e.g. loc=2).
[info] Synthesizing programs...
[error] Total Time: 3.409385681152344e-05
[error] Total Solver Time: 2.7894973754882812e-05
[error] Total Time Symmetries: 0
[error] Total Blocked Models: 0
[info] No more queries to be tested. Solution not found!
[info] Increasing the number of lines of code.
[info] Lines of Code: 3
[error] UNSAT : There is no solution for current depth (loc=1), try to increase it (e.g. loc=2).
[info] Synthesizing programs...
[error] Total Time: 3.457069396972656e-05
[error] Total Solver Time: 2.8371810913085938e-05
[error] UNSAT : There is no solution for current depth (loc=1), try to increase it (e.g. loc=2).
[error] Total Time Symmetries: 0
[error] Total Blocked Models: 0
[info] No more queries to be tested. Solution not found!
[info] Increasing the number of lines of code.
[info] Lines of Code: 3
[info] Synthesizing programs...
[error] Total Time: 3.552436828613281e-05
[error] Total Solver Time: 2.9802322387695312e-05
[error] Total Time Symmetries: 0
[error] Total Blocked Models: 0
[info] No more queries to be tested. Solution not found!
[info] Increasing the number of lines of code.
[info] Lines of Code: 3
[error] Number of Nodes: 10 
[error] Number of Variables: 16
[error] Number of Constraints: 147
[error] Time spent encoding: 0.11284542083740234
[error] UNSAT : There is no solution for current depth (loc=1), try to increase it (e.g. loc=2).
[info] Synthesizing programs...
[error] Total Time: 0.025262832641601562
[error] Total Solver Time: 0.025249719619750977
[error] Total Time Symmetries: 0
[error] Total Blocked Models: 0
[info] No more queries to be tested. Solution not found!
[info] Increasing the number of lines of code.
[info] Lines of Code: 3
[error] Number of Nodes: 15 
[error] Number of Variables: 30
[error] Number of Constraints: 282
[error] Time spent encoding: 0.18955516815185547
[error] Number of Nodes: 15 
[error] Number of Variables: 30
[error] Number of Constraints: 282
[error] Time spent encoding: 0.1889479160308838
[error] Number of Nodes: 15 
[error] Number of Variables: 30
[error] Number of Constraints: 282
[error] Time spent encoding: 0.1886885166168213
[error] Number of Nodes: 15 
[error] Number of Variables: 30
[error] Number of Constraints: 282
[error] Time spent encoding: 0.18917131423950195
[info] Synthesizing programs...
[info] Synthesizing programs...
[info] Synthesizing programs...
[info] Synthesizing programs...
[error] Number of Nodes: 15 
[error] Number of Variables: 30
[error] Number of Constraints: 282
[error] Time spent encoding: 0.1934223175048828
[error] Total Solver Time: 0.0007398128509521484
[error] Total Time Symmetries: 0
[error] Total Blocked Models: 0
[error] Total Time: 0.08711433410644531
[info] Solution found: select(filter(inner_join3(@param2, @param1, @param0), salary > 80000), aname, distinct)
[info] Synthesizing programs...
[error] Total Solver Time: 0.0012218952178955078
[error] Total Time Symmetries: 0
[error] Total Blocked Models: 0
[error] Total Time: 0.11937880516052246
[info] Solution found: select(filter(inner_join3(@param2, @param0, @param1), salary > 80000), aname, distinct)
[error] Total Solver Time: 0.0026078224182128906
[error] Total Time Symmetries: 0
[error] Total Blocked Models: 0
[error] Total Time: 0.19732427597045898
[info] Solution found: select(filter(inner_join3(@param0, @param2, @param1), salary >= 80000), aname, distinct)
[error] Total Solver Time: 0.04480314254760742
[error] Total Time Symmetries: 0
[error] Total Blocked Models: 0
[error] Total Time: 0.10737800598144531
[info] Solution found: select(filter(inner_join3(@param0, @param2, @param1), salary > 80000), aname, distinct)
[debug] Solution found using process 4: Config(disabled=[], alt_empty_pos=False, shuffle_cols=False, z3_sat_phase='random', z3_QF_FD=True)
[debug] Solution found using process 1: Config(disabled=[], alt_empty_pos=False, shuffle_cols=False, z3_sat_phase='always_false', z3_QF_FD=True)
[debug] Solution found using process 3: Config(disabled=[], alt_empty_pos=False, shuffle_cols=False, z3_sat_phase='always_true', z3_QF_FD=True)
[error] Total Solver Time: 0.008031368255615234
[error] Total Time Symmetries: 0
[error] Total Blocked Models: 0
[error] Total Time: 0.4571545124053955
[info] Solution found: select(filter(inner_join3(@param2, @param1, @param0), salary >= 80000), aname, distinct)
[debug] Solution found using process 0: Config(disabled=[], alt_empty_pos=False, shuffle_cols=False, z3_sat_phase='caching', z3_QF_FD=False)

------------------------------------- R Solution ---------------------------------------

con <- DBI::dbConnect(RSQLite::SQLite(), ":memory:")
input1 <- read.table("tests-examples/cp19/tables/aircraft.txt", sep=",", header=T)
input1 <- copy_to(con, input1)
input2 <- read.table("tests-examples/cp19/tables/employees.txt", sep=",", header=T)
input2 <- copy_to(con, input2)
input3 <- read.table("tests-examples/cp19/tables/certified.txt", sep=",", header=T)
input3 <- copy_to(con, input3)
expected_output <- read.table("tests-examples/cp19/tables/24.out", sep =",", header=T)

RET_DF10 <- inner_join(inner_join(input3, input2), input1)
RET_DF11 <- RET_DF10 %>% ungroup() %>% filter(salary > 80000)
RET_DF12 <- RET_DF11 %>% ungroup() %>% select(aname) %>% distinct()


+++++++++++++++++++++++++++++++++++++ SQL Solution +++++++++++++++++++++++++++++++++++++

SELECT DISTINCT `aname`
FROM
  (SELECT `eid`,
          `aid`,
          `ename`,
          `salary`,
          `aname`,
          `crusingrange`
   FROM
     (SELECT `eid`,
             `aid`,
             `ename`,
             `salary`
      FROM `input3` AS `LHS`
      INNER JOIN `input2` AS `RHS` ON (`LHS`.`eid` = `RHS`.`eid`)) AS `LHS`
   INNER JOIN `input1` AS `RHS` ON (`LHS`.`aid` = `RHS`.`aid`))
WHERE (`salary` > 80000.0)
