[info] Parsing specification...
[info] Parsing specification...
[debug] Reading input files...
[info] Parsing specification...
[info] Parsing specification...
[info] Parsing specification...
[debug] Reading input files...
[debug] Reading input files...
[debug] Reading input files...
[debug] Reading input files...
[debug] Generating DSL...
[info] Parsing succeeded
[info] Building synthesizer...
[info] Lines of Code: 1
[debug] Generating DSL...
[debug] Generating DSL...
[debug] Generating DSL...
[debug] Generating DSL...
[info] Parsing succeeded
[info] Building synthesizer...
[info] Lines of Code: 1
[info] Parsing succeeded
[info] Building synthesizer...
[info] Lines of Code: 1
[info] Parsing succeeded
[info] Building synthesizer...
[info] Lines of Code: 1
[info] Parsing succeeded
[info] Building synthesizer...
[info] Lines of Code: 1
[error] Number of Nodes: 5 
[error] Number of Variables: 6
[error] Number of Constraints: 59
[error] Time spent encoding: 0.06067824363708496
[error] UNSAT : There is no solution for current depth (loc=0), try to increase it (e.g. loc=1).
[info] Synthesizing programs...
[error] Total Time: 0.008784770965576172
[error] Total Solver Time: 0.008762359619140625
[error] Total Time Symmetries: 0
[error] Total Blocked Models: 0
[info] No more queries to be tested. Solution not found!
[info] Increasing the number of lines of code.
[info] Lines of Code: 2
[error] Number of Nodes: 5 
[error] Number of Variables: 6
[error] Number of Constraints: 59
[error] Time spent encoding: 0.05405235290527344
[error] Number of Nodes: 5 
[error] Number of Variables: 6
[error] Number of Constraints: 59
[error] Time spent encoding: 0.054119110107421875
[error] Number of Nodes: 5 
[error] Number of Variables: 6
[error] Number of Constraints: 59
[error] Time spent encoding: 0.055678367614746094
[error] Number of Nodes: 5 
[error] Number of Variables: 6
[error] Number of Constraints: 59
[error] Time spent encoding: 0.05468153953552246
[error] UNSAT : There is no solution for current depth (loc=0), try to increase it (e.g. loc=1).
[info] Synthesizing programs...
[error] Total Time: 3.9577484130859375e-05
[error] Total Solver Time: 2.7179718017578125e-05
[error] Total Time Symmetries: 0
[error] Total Blocked Models: 0
[error] UNSAT : There is no solution for current depth (loc=0), try to increase it (e.g. loc=1).
[info] No more queries to be tested. Solution not found!
[info] Increasing the number of lines of code.
[info] Lines of Code: 2
[info] Synthesizing programs...
[error] Total Time: 4.3392181396484375e-05
[error] Total Solver Time: 3.075599670410156e-05
[error] Total Time Symmetries: 0
[error] Total Blocked Models: 0
[info] No more queries to be tested. Solution not found!
[info] Increasing the number of lines of code.
[info] Lines of Code: 2
[error] UNSAT : There is no solution for current depth (loc=0), try to increase it (e.g. loc=1).
[info] Synthesizing programs...
[error] Total Time: 3.8623809814453125e-05
[error] Total Solver Time: 2.6941299438476562e-05
[error] Total Time Symmetries: 0
[error] Total Blocked Models: 0
[info] No more queries to be tested. Solution not found!
[info] Increasing the number of lines of code.
[info] Lines of Code: 2
[error] UNSAT : There is no solution for current depth (loc=0), try to increase it (e.g. loc=1).
[info] Synthesizing programs...
[error] Total Time: 4.076957702636719e-05
[error] Total Solver Time: 2.8133392333984375e-05
[error] Total Time Symmetries: 0
[error] Total Blocked Models: 0
[info] No more queries to be tested. Solution not found!
[info] Increasing the number of lines of code.
[info] Lines of Code: 2
[error] Number of Nodes: 10 
[error] Number of Variables: 16
[error] Number of Constraints: 159
[error] Time spent encoding: 0.12322258949279785
[error] Number of Nodes: 10 
[error] Number of Variables: 16
[error] Number of Constraints: 159
[error] Time spent encoding: 0.1295309066772461
[error] Number of Nodes: 10 
[error] Number of Variables: 16
[error] Number of Constraints: 159
[error] Time spent encoding: 0.12441492080688477
[error] Number of Nodes: 10 
[error] Number of Variables: 16
[error] Number of Constraints: 159
[error] Time spent encoding: 0.12319111824035645
[error] Number of Nodes: 10 
[error] Number of Variables: 16
[error] Number of Constraints: 159
[error] Time spent encoding: 0.12475252151489258
[error] UNSAT : There is no solution for current depth (loc=1), try to increase it (e.g. loc=2).
[info] Synthesizing programs...
[error] Total Time: 3.838539123535156e-05
[error] Total Solver Time: 3.218650817871094e-05
[error] Total Time Symmetries: 0
[error] Total Blocked Models: 0
[info] No more queries to be tested. Solution not found!
[info] Increasing the number of lines of code.
[info] Lines of Code: 3
[error] UNSAT : There is no solution for current depth (loc=1), try to increase it (e.g. loc=2).
[info] Synthesizing programs...
[error] Total Time: 4.744529724121094e-05
[error] Total Solver Time: 4.076957702636719e-05
[error] Total Time Symmetries: 0
[error] Total Blocked Models: 0
[info] No more queries to be tested. Solution not found!
[info] Increasing the number of lines of code.
[info] Lines of Code: 3
[error] UNSAT : There is no solution for current depth (loc=1), try to increase it (e.g. loc=2).
[info] Synthesizing programs...
[error] Total Time: 3.695487976074219e-05
[error] Total Solver Time: 3.0994415283203125e-05
[error] Total Time Symmetries: 0
[error] Total Blocked Models: 0
[info] No more queries to be tested. Solution not found!
[info] Increasing the number of lines of code.
[info] Lines of Code: 3
[error] UNSAT : There is no solution for current depth (loc=1), try to increase it (e.g. loc=2).
[info] Synthesizing programs...
[error] Total Time: 4.3392181396484375e-05
[error] Total Solver Time: 3.647804260253906e-05
[error] Total Time Symmetries: 0
[error] Total Blocked Models: 0
[info] No more queries to be tested. Solution not found!
[info] Increasing the number of lines of code.
[info] Lines of Code: 3
[error] UNSAT : There is no solution for current depth (loc=1), try to increase it (e.g. loc=2).
[info] Synthesizing programs...
[error] Total Time: 0.028423070907592773
[error] Total Solver Time: 0.028409957885742188
[error] Total Time Symmetries: 0
[error] Total Blocked Models: 0
[info] No more queries to be tested. Solution not found!
[info] Increasing the number of lines of code.
[info] Lines of Code: 3
[error] Number of Nodes: 15 
[error] Number of Variables: 30
[error] Number of Constraints: 303
[error] Time spent encoding: 0.21484708786010742
[error] Number of Nodes: 15 
[error] Number of Variables: 30
[error] Number of Constraints: 303
[error] Time spent encoding: 0.21634840965270996
[error] Number of Nodes: 15 
[error] Number of Variables: 30
[error] Number of Constraints: 303
[error] Time spent encoding: 0.21405863761901855
[error] Number of Nodes: 15 
[error] Number of Variables: 30
[error] Number of Constraints: 303
[error] Time spent encoding: 0.21851134300231934
[info] Synthesizing programs...
[info] Synthesizing programs...
[info] Synthesizing programs...
[info] Synthesizing programs...
[error] Number of Nodes: 15 
[error] Number of Variables: 30
[error] Number of Constraints: 303
[error] Time spent encoding: 0.2249307632446289
[info] Synthesizing programs...
[error] Total Solver Time: 0.0444493293762207
[error] Total Time Symmetries: 0
[error] Total Blocked Models: 0
[error] Total Time: 2.145892858505249
[info] Solution found: select(filters(inner_join3(@param2, @param0, @param1), salary > 80000, salary <= 100000, &), aname, distinct)
[debug] Solution found using process 2: Config(disabled=[], alt_empty_pos=False, shuffle_cols=False, z3_sat_phase='caching', z3_QF_FD=True)
[error] Total Solver Time: 0.06730484962463379
[error] Total Time Symmetries: 0
[error] Total Blocked Models: 0

------------------------------------- R Solution ---------------------------------------

con <- DBI::dbConnect(RSQLite::SQLite(), ":memory:")
input1 <- read.table("tests-examples/cp19/tables/aircraft.txt", sep=",", header=T)
input1 <- copy_to(con, input1)
input2 <- read.table("tests-examples/cp19/tables/employees.txt", sep=",", header=T)
input2 <- copy_to(con, input2)
input3 <- read.table("tests-examples/cp19/tables/certified.txt", sep=",", header=T)
input3 <- copy_to(con, input3)
expected_output <- read.table("tests-examples/cp19/tables/28.out", sep =",", header=T)

RET_DF120 <- inner_join(inner_join(input3, input1), input2)
RET_DF121 <- RET_DF120 %>% ungroup() %>% filter(salary > 80000 & salary <= 100000)
RET_DF122 <- RET_DF121 %>% ungroup() %>% select(aname) %>% distinct()


+++++++++++++++++++++++++++++++++++++ SQL Solution +++++++++++++++++++++++++++++++++++++

SELECT DISTINCT `aname`
FROM
  (SELECT `eid`,
          `aid`,
          `aname`,
          `crusingrange`,
          `ename`,
          `salary`
   FROM
     (SELECT `eid`,
             `aid`,
             `aname`,
             `crusingrange`
      FROM `input3` AS `LHS`
      INNER JOIN `input1` AS `RHS` ON (`LHS`.`aid` = `RHS`.`aid`)) AS `LHS`
   INNER JOIN `input2` AS `RHS` ON (`LHS`.`eid` = `RHS`.`eid`))
WHERE (`salary` > 80000.0
       AND `salary` <= 100000.0)
