[info] Parsing specification...
[info] Parsing specification...
[debug] Reading input files...
[info] Parsing specification...
[info] Parsing specification...
[info] Parsing specification...
[debug] Reading input files...
[debug] Reading input files...
[debug] Reading input files...
[debug] Reading input files...
[debug] Generating DSL...
[info] Parsing succeeded
[info] Building synthesizer...
[info] Lines of Code: 1
[debug] Generating DSL...
[debug] Generating DSL...
[debug] Generating DSL...
[debug] Generating DSL...
[info] Parsing succeeded
[info] Building synthesizer...
[info] Lines of Code: 1
[info] Parsing succeeded
[info] Building synthesizer...
[info] Lines of Code: 1
[info] Parsing succeeded
[info] Building synthesizer...
[info] Lines of Code: 1
[info] Parsing succeeded
[info] Building synthesizer...
[info] Lines of Code: 1
[error] Number of Nodes: 5 
[error] Number of Variables: 6
[error] Number of Constraints: 59
[error] Time spent encoding: 0.06776142120361328
[error] UNSAT : There is no solution for current depth (loc=0), try to increase it (e.g. loc=1).
[info] Synthesizing programs...
[error] Number of Nodes: 5 
[error] Number of Variables: 6
[error] Number of Constraints: 59
[error] Time spent encoding: 0.05654287338256836
[error] Number of Nodes: 5 
[error] Number of Variables: 6
[error] Number of Constraints: 59
[error] Number of Nodes: 5 
[error] Time spent encoding: 0.0573885440826416
[error] Number of Variables: 6
[error] Number of Constraints: 59
[error] Time spent encoding: 0.05732250213623047
[error] Number of Nodes: 5 
[error] Number of Variables: 6
[error] Number of Constraints: 59
[error] Time spent encoding: 0.05658698081970215
[error] Total Time: 0.009075403213500977
[error] Total Solver Time: 0.009055376052856445
[error] Total Time Symmetries: 0
[error] Total Blocked Models: 0
[info] No more queries to be tested. Solution not found!
[info] Increasing the number of lines of code.
[info] Lines of Code: 2
[error] UNSAT : There is no solution for current depth (loc=0), try to increase it (e.g. loc=1).
[info] Synthesizing programs...
[error] UNSAT : There is no solution for current depth (loc=0), try to increase it (e.g. loc=1).
[error] Total Time: 3.719329833984375e-05
[info] Synthesizing programs...
[error] Total Solver Time: 2.6702880859375e-05
[error] Total Time Symmetries: 0
[error] Total Blocked Models: 0
[error] Total Time: 3.790855407714844e-05
[info] No more queries to be tested. Solution not found!
[error] Total Solver Time: 2.6941299438476562e-05
[info] Increasing the number of lines of code.
[error] Total Time Symmetries: 0
[error] UNSAT : There is no solution for current depth (loc=0), try to increase it (e.g. loc=1).
[info] Lines of Code: 2
[error] Total Blocked Models: 0
[info] No more queries to be tested. Solution not found!
[info] Synthesizing programs...
[info] Increasing the number of lines of code.
[info] Lines of Code: 2
[error] Total Time: 4.3392181396484375e-05
[error] Total Solver Time: 3.2901763916015625e-05
[error] Total Time Symmetries: 0
[error] Total Blocked Models: 0
[info] No more queries to be tested. Solution not found!
[info] Increasing the number of lines of code.
[info] Lines of Code: 2
[error] UNSAT : There is no solution for current depth (loc=0), try to increase it (e.g. loc=1).
[info] Synthesizing programs...
[error] Total Time: 4.315376281738281e-05
[error] Total Solver Time: 3.170967102050781e-05
[error] Total Time Symmetries: 0
[error] Total Blocked Models: 0
[info] No more queries to be tested. Solution not found!
[info] Increasing the number of lines of code.
[info] Lines of Code: 2
[error] Number of Nodes: 10 
[error] Number of Variables: 16
[error] Number of Constraints: 159
[error] Time spent encoding: 0.12708067893981934
[error] Number of Nodes: 10 
[error] Number of Variables: 16
[error] Number of Constraints: 159
[error] Time spent encoding: 0.12732744216918945
[error] Number of Nodes: 10 
[error] Number of Variables: 16
[error] Number of Constraints: 159
[error] Time spent encoding: 0.12838196754455566
[error] Number of Nodes: 10 
[error] Number of Variables: 16
[error] Number of Constraints: 159
[error] Time spent encoding: 0.12877941131591797
[error] Number of Nodes: 10 
[error] Number of Variables: 16
[error] Number of Constraints: 159
[error] Time spent encoding: 0.13411736488342285
[error] UNSAT : There is no solution for current depth (loc=1), try to increase it (e.g. loc=2).
[error] UNSAT : There is no solution for current depth (loc=1), try to increase it (e.g. loc=2).
[info] Synthesizing programs...
[error] Total Time: 3.695487976074219e-05
[error] Total Solver Time: 3.075599670410156e-05
[info] Synthesizing programs...
[error] Total Time Symmetries: 0
[error] Total Blocked Models: 0
[error] Total Time: 3.528594970703125e-05
[info] No more queries to be tested. Solution not found!
[info] Increasing the number of lines of code.
[error] Total Solver Time: 2.9087066650390625e-05
[info] Lines of Code: 3
[error] Total Time Symmetries: 0
[error] Total Blocked Models: 0
[info] No more queries to be tested. Solution not found!
[info] Increasing the number of lines of code.
[info] Lines of Code: 3
[error] UNSAT : There is no solution for current depth (loc=1), try to increase it (e.g. loc=2).
[info] Synthesizing programs...
[error] Total Time: 4.0531158447265625e-05
[error] Total Solver Time: 3.361701965332031e-05
[error] Total Time Symmetries: 0
[error] Total Blocked Models: 0
[info] No more queries to be tested. Solution not found!
[info] Increasing the number of lines of code.
[info] Lines of Code: 3
[error] UNSAT : There is no solution for current depth (loc=1), try to increase it (e.g. loc=2).
[info] Synthesizing programs...
[error] Total Time: 3.981590270996094e-05
[error] Total Solver Time: 3.3855438232421875e-05
[error] Total Time Symmetries: 0
[error] Total Blocked Models: 0
[info] No more queries to be tested. Solution not found!
[info] Increasing the number of lines of code.
[info] Lines of Code: 3
[error] UNSAT : There is no solution for current depth (loc=1), try to increase it (e.g. loc=2).
[info] Synthesizing programs...
[error] Total Time: 0.04268336296081543
[error] Total Solver Time: 0.04266977310180664
[error] Total Time Symmetries: 0
[error] Total Blocked Models: 0
[info] No more queries to be tested. Solution not found!
[info] Increasing the number of lines of code.
[info] Lines of Code: 3
[error] Number of Nodes: 15 
[error] Number of Variables: 30
[error] Number of Constraints: 303
[error] Time spent encoding: 0.21786975860595703
[error] Number of Nodes: 15 
[error] Number of Variables: 30
[error] Number of Constraints: 303
[error] Time spent encoding: 0.21991968154907227
[error] Number of Nodes: 15 
[error] Number of Variables: 30
[error] Number of Constraints: 303
[error] Time spent encoding: 0.21973967552185059
[error] Number of Nodes: 15 
[error] Number of Variables: 30
[error] Number of Constraints: 303
[error] Time spent encoding: 0.21866154670715332
[error] UNSAT : There is no solution for current depth (loc=2), try to increase it (e.g. loc=3).
[info] Synthesizing programs...
[error] Total Time: 4.172325134277344e-05
[error] Total Solver Time: 3.528594970703125e-05
[error] Total Time Symmetries: 0
[error] Total Blocked Models: 0
[info] No more queries to be tested. Solution not found!
[info] Increasing the number of lines of code.
[info] Lines of Code: 4
[error] UNSAT : There is no solution for current depth (loc=2), try to increase it (e.g. loc=3).
[info] Synthesizing programs...
[error] Total Time: 3.743171691894531e-05
[error] Total Solver Time: 3.123283386230469e-05
[error] Total Time Symmetries: 0
[error] Total Blocked Models: 0
[info] No more queries to be tested. Solution not found!
[info] Increasing the number of lines of code.
[info] Lines of Code: 4
[error] UNSAT : There is no solution for current depth (loc=2), try to increase it (e.g. loc=3).
[info] Synthesizing programs...
[error] Total Time: 4.1484832763671875e-05
[error] Total Solver Time: 3.4809112548828125e-05
[error] Total Time Symmetries: 0
[error] Total Blocked Models: 0
[info] No more queries to be tested. Solution not found!
[info] Increasing the number of lines of code.
[info] Lines of Code: 4
[error] UNSAT : There is no solution for current depth (loc=2), try to increase it (e.g. loc=3).
[info] Synthesizing programs...
[error] Total Time: 3.9577484130859375e-05
[error] Total Solver Time: 3.314018249511719e-05
[error] Total Time Symmetries: 0
[error] Total Blocked Models: 0
[info] No more queries to be tested. Solution not found!
[info] Increasing the number of lines of code.
[info] Lines of Code: 4
[error] Number of Nodes: 15 
[error] Number of Variables: 30
[error] Number of Constraints: 303
[error] Time spent encoding: 0.22492051124572754
[error] UNSAT : There is no solution for current depth (loc=2), try to increase it (e.g. loc=3).
[info] Synthesizing programs...
[error] Total Time: 0.08051252365112305
[error] Total Solver Time: 0.08049893379211426
[error] Total Time Symmetries: 0
[error] Total Blocked Models: 0
[info] No more queries to be tested. Solution not found!
[info] Increasing the number of lines of code.
[info] Lines of Code: 4
[error] Number of Nodes: 20 
[error] Number of Variables: 48
[error] Number of Constraints: 491
[error] Time spent encoding: 0.3334779739379883
[error] Number of Nodes: 20 
[error] Number of Variables: 48
[error] Number of Constraints: 491
[error] Time spent encoding: 0.334179162979126
[error] Number of Nodes: 20 
[error] Number of Variables: 48
[error] Number of Constraints: 491
[error] Time spent encoding: 0.33130574226379395
[error] Number of Nodes: 20 
[error] Number of Variables: 48
[error] Number of Constraints: 491
[error] Time spent encoding: 0.3337130546569824
[info] Synthesizing programs...
[info] Synthesizing programs...
[info] Synthesizing programs...
[info] Synthesizing programs...
[error] Total Solver Time: 0.00015997886657714844
[error] Total Time Symmetries: 0
[error] Total Blocked Models: 0
[error] Total Time: 0.062485694885253906
[info] Solution found: select(filters(inner_join3(@param2, @param0, filters(@param1, salary > 80000, salary == 120000, |)), salary < 100000, salary > 80000, &), aname, distinct)
[error] Total Solver Time: 0.0010776519775390625
[error] Total Time Symmetries: 0
[error] Total Blocked Models: 0
[error] Total Time: 0.06832695007324219
[info] Solution found: select(filters(inner_join4(@param2, @param1, @param0, filters(@param1, salary <= 100000, salary < 120000, |)), salary <= 100000, salary >= 80000, &), aname, distinct)
[error] Number of Nodes: 20 
[error] Number of Variables: 48
[error] Number of Constraints: 491
[error] Time spent encoding: 0.3413550853729248
[info] Synthesizing programs...
[debug] Solution found using process 2: Config(disabled=[], alt_empty_pos=False, shuffle_cols=False, z3_sat_phase='caching', z3_QF_FD=True)
[debug] Solution found using process 4: Config(disabled=[], alt_empty_pos=False, shuffle_cols=False, z3_sat_phase='random', z3_QF_FD=True)

------------------------------------- R Solution ---------------------------------------

con <- DBI::dbConnect(RSQLite::SQLite(), ":memory:")
input1 <- read.table("tests-examples/cp19/tables/aircraft.txt", sep=",", header=T)
input1 <- copy_to(con, input1)
input2 <- read.table("tests-examples/cp19/tables/employees.txt", sep=",", header=T)
input2 <- copy_to(con, input2)
input3 <- read.table("tests-examples/cp19/tables/certified.txt", sep=",", header=T)
input3 <- copy_to(con, input3)
expected_output <- read.table("tests-examples/cp19/tables/28.out", sep =",", header=T)

RET_DF9 <- input2 %>% ungroup() %>% filter(salary > 80000 | salary == 120000)
RET_DF10 <- inner_join(inner_join(input3, input1), RET_DF9)
RET_DF11 <- RET_DF10 %>% ungroup() %>% filter(salary < 100000 & salary > 80000)
RET_DF12 <- RET_DF11 %>% ungroup() %>% select(aname) %>% distinct()


+++++++++++++++++++++++++++++++++++++ SQL Solution +++++++++++++++++++++++++++++++++++++

SELECT DISTINCT `aname`
FROM
  (SELECT `eid`,
          `aid`,
          `aname`,
          `crusingrange`,
          `ename`,
          `salary`
   FROM
     (SELECT `eid`,
             `aid`,
             `aname`,
             `crusingrange`
      FROM `input3` AS `LHS`
      INNER JOIN `input1` AS `RHS` ON (`LHS`.`aid` = `RHS`.`aid`)) AS `LHS`
   INNER JOIN
     (SELECT *
      FROM `input2`
      WHERE (`salary` > 80000.0
             OR `salary` = 120000.0)) AS `RHS` ON (`LHS`.`eid` = `RHS`.`eid`))
WHERE (`salary` < 100000.0
       AND `salary` > 80000.0)
