[info] Parsing specification...
[info] Parsing specification...
[info] Parsing specification...
[info] Parsing specification...
[debug] Reading input files...
[info] Parsing specification...
[debug] Reading input files...
[debug] Reading input files...
[debug] Reading input files...
[debug] Reading input files...
[debug] Generating DSL...
[debug] Generating DSL...
[debug] Generating DSL...
[debug] Generating DSL...
[debug] Generating DSL...
[info] Parsing succeeded
[info] Building synthesizer...
[info] Lines of Code: 1
[info] Parsing succeeded
[info] Building synthesizer...
[info] Lines of Code: 1
[info] Parsing succeeded
[info] Building synthesizer...
[info] Lines of Code: 1
[info] Parsing succeeded
[info] Building synthesizer...
[info] Lines of Code: 1
[info] Parsing succeeded
[info] Building synthesizer...
[info] Lines of Code: 1
[error] Number of Nodes: 5 
[error] Number of Nodes: 5 
[error] Number of Variables: 6
[error] Number of Constraints: 64
[error] Number of Variables: 6
[error] Number of Constraints: 64
[error] Time spent encoding: 0.041394948959350586
[error] Time spent encoding: 0.040689706802368164
[error] Number of Nodes: 5 
[error] Number of Variables: 6
[error] Number of Constraints: 64
[error] Time spent encoding: 0.04239821434020996
[error] UNSAT : There is no solution for current depth (loc=0), try to increase it (e.g. loc=1).
[error] UNSAT : There is no solution for current depth (loc=0), try to increase it (e.g. loc=1).
[info] Synthesizing programs...
[info] Synthesizing programs...
[error] Total Time: 3.719329833984375e-05
[error] Total Solver Time: 2.5987625122070312e-05
[error] Total Time: 4.38690185546875e-05
[error] Total Time Symmetries: 0
[error] Total Solver Time: 2.6941299438476562e-05
[error] Total Blocked Models: 0
[error] Total Time Symmetries: 0
[info] No more queries to be tested. Solution not found!
[error] Total Blocked Models: 0
[info] Increasing the number of lines of code.
[info] No more queries to be tested. Solution not found!
[info] Lines of Code: 2
[info] Increasing the number of lines of code.
[info] Lines of Code: 2
[error] Number of Nodes: 5 
[error] Number of Variables: 6
[error] Number of Constraints: 64
[error] Time spent encoding: 0.04095911979675293
[error] Number of Nodes: 5 
[error] Number of Variables: 6
[error] Number of Constraints: 64
[error] Time spent encoding: 0.047922611236572266
[error] UNSAT : There is no solution for current depth (loc=0), try to increase it (e.g. loc=1).
[info] Synthesizing programs...
[error] Total Time: 3.719329833984375e-05
[error] Total Solver Time: 2.6464462280273438e-05
[error] Total Time Symmetries: 0
[error] Total Blocked Models: 0
[info] No more queries to be tested. Solution not found!
[info] Increasing the number of lines of code.
[info] Lines of Code: 2
[error] UNSAT : There is no solution for current depth (loc=0), try to increase it (e.g. loc=1).
[info] Synthesizing programs...
[error] Total Time: 4.315376281738281e-05
[error] Total Solver Time: 3.0279159545898438e-05
[error] Total Time Symmetries: 0
[error] Total Blocked Models: 0
[info] No more queries to be tested. Solution not found!
[info] Increasing the number of lines of code.
[info] Lines of Code: 2
[error] UNSAT : There is no solution for current depth (loc=0), try to increase it (e.g. loc=1).
[info] Synthesizing programs...
[error] Total Time: 0.007580280303955078
[error] Total Solver Time: 0.007560253143310547
[error] Total Time Symmetries: 0
[error] Total Blocked Models: 0
[info] No more queries to be tested. Solution not found!
[info] Increasing the number of lines of code.
[info] Lines of Code: 2
[error] Number of Nodes: 10 
[error] Number of Variables: 16
[error] Number of Constraints: 171
[error] Time spent encoding: 0.09669971466064453
[error] Number of Nodes: 10 
[error] Number of Nodes: 10 
[error] Number of Variables: 16
[error] Number of Variables: 16
[error] Number of Constraints: 171
[error] Number of Constraints: 171
[error] Time spent encoding: 0.09972023963928223
[error] Time spent encoding: 0.0973670482635498
[error] Number of Nodes: 10 
[error] Number of Variables: 16
[error] Number of Constraints: 171
[error] Time spent encoding: 0.0977017879486084
[error] UNSAT : There is no solution for current depth (loc=1), try to increase it (e.g. loc=2).
[info] Synthesizing programs...
[error] Total Time: 4.029273986816406e-05
[error] Total Solver Time: 3.2901763916015625e-05
[error] Total Time Symmetries: 0
[error] Total Blocked Models: 0
[info] No more queries to be tested. Solution not found!
[info] Increasing the number of lines of code.
[info] Lines of Code: 3
[error] UNSAT : There is no solution for current depth (loc=1), try to increase it (e.g. loc=2).
[error] UNSAT : There is no solution for current depth (loc=1), try to increase it (e.g. loc=2).
[info] Synthesizing programs...
[error] Total Time: 3.790855407714844e-05
[error] Total Solver Time: 3.170967102050781e-05
[info] Synthesizing programs...
[error] Total Time Symmetries: 0
[error] Total Blocked Models: 0
[error] Total Time: 3.409385681152344e-05
[info] No more queries to be tested. Solution not found!
[error] Total Solver Time: 2.8133392333984375e-05
[info] Increasing the number of lines of code.
[error] Total Time Symmetries: 0
[info] Lines of Code: 3
[error] Total Blocked Models: 0
[info] No more queries to be tested. Solution not found!
[info] Increasing the number of lines of code.
[info] Lines of Code: 3
[error] UNSAT : There is no solution for current depth (loc=1), try to increase it (e.g. loc=2).
[info] Synthesizing programs...
[error] Total Time: 3.457069396972656e-05
[error] Total Solver Time: 2.8371810913085938e-05
[error] Total Time Symmetries: 0
[error] Total Blocked Models: 0
[info] No more queries to be tested. Solution not found!
[info] Increasing the number of lines of code.
[info] Lines of Code: 3
[error] Number of Nodes: 10 
[error] Number of Variables: 16
[error] Number of Constraints: 171
[error] Time spent encoding: 0.10393428802490234
[error] UNSAT : There is no solution for current depth (loc=1), try to increase it (e.g. loc=2).
[info] Synthesizing programs...
[error] Total Time: 0.016782045364379883
[error] Total Solver Time: 0.016768693923950195
[error] Total Time Symmetries: 0
[error] Total Blocked Models: 0
[info] No more queries to be tested. Solution not found!
[info] Increasing the number of lines of code.
[info] Lines of Code: 3
[error] Number of Nodes: 15 
[error] Number of Variables: 30
[error] Number of Constraints: 324
[error] Time spent encoding: 0.17517948150634766
[error] Number of Nodes: 15 
[error] Number of Variables: 30
[error] Number of Constraints: 324
[error] Time spent encoding: 0.17556142807006836
[error] Number of Nodes: 15 
[error] Number of Variables: 30
[error] Number of Constraints: 324
[error] Time spent encoding: 0.17718219757080078
[error] Number of Nodes: 15 
[error] Number of Variables: 30
[error] Number of Constraints: 324
[error] Time spent encoding: 0.17651724815368652
[error] UNSAT : There is no solution for current depth (loc=2), try to increase it (e.g. loc=3).
[info] Synthesizing programs...
[error] Total Time: 4.220008850097656e-05
[error] Total Solver Time: 3.5762786865234375e-05
[error] Total Time Symmetries: 0
[error] Total Blocked Models: 0
[info] No more queries to be tested. Solution not found!
[info] Increasing the number of lines of code.
[info] Lines of Code: 4
[error] UNSAT : There is no solution for current depth (loc=2), try to increase it (e.g. loc=3).
[info] Synthesizing programs...
[error] Total Time: 3.552436828613281e-05
[error] Total Solver Time: 2.9087066650390625e-05
[error] Total Time Symmetries: 0
[error] Total Blocked Models: 0
[info] No more queries to be tested. Solution not found!
[info] Increasing the number of lines of code.
[info] Lines of Code: 4
[error] UNSAT : There is no solution for current depth (loc=2), try to increase it (e.g. loc=3).
[info] Synthesizing programs...
[error] Total Time: 3.695487976074219e-05
[error] Total Solver Time: 3.0517578125e-05
[error] Total Time Symmetries: 0
[error] Total Blocked Models: 0
[info] No more queries to be tested. Solution not found!
[info] Increasing the number of lines of code.
[error] UNSAT : There is no solution for current depth (loc=2), try to increase it (e.g. loc=3).
[info] Lines of Code: 4
[info] Synthesizing programs...
[error] Total Time: 3.695487976074219e-05
[error] Total Solver Time: 3.075599670410156e-05
[error] Total Time Symmetries: 0
[error] Total Blocked Models: 0
[info] No more queries to be tested. Solution not found!
[info] Increasing the number of lines of code.
[info] Lines of Code: 4
[error] Number of Nodes: 15 
[error] Number of Variables: 30
[error] Number of Constraints: 324
[error] Time spent encoding: 0.18255066871643066
[error] UNSAT : There is no solution for current depth (loc=2), try to increase it (e.g. loc=3).
[info] Synthesizing programs...
[error] Total Time: 0.04224562644958496
[error] Total Solver Time: 0.04223227500915527
[error] Total Time Symmetries: 0
[error] Total Blocked Models: 0
[info] No more queries to be tested. Solution not found!
[info] Increasing the number of lines of code.
[info] Lines of Code: 4
[error] Number of Nodes: 20 
[error] Number of Variables: 48
[error] Number of Constraints: 523
[error] Time spent encoding: 0.2790384292602539
[error] Number of Nodes: 20 
[error] Number of Variables: 48
[error] Number of Constraints: 523
[error] Time spent encoding: 0.27947473526000977
[error] Number of Nodes: 20 
[error] Number of Variables: 48
[error] Number of Constraints: 523
[error] Time spent encoding: 0.2813265323638916
[error] Number of Nodes: 20 
[error] Number of Variables: 48
[error] Number of Constraints: 523
[error] Time spent encoding: 0.28387904167175293
[info] Synthesizing programs...
[info] Synthesizing programs...
[info] Synthesizing programs...
[info] Synthesizing programs...
[error] Number of Nodes: 20 
[error] Number of Variables: 48
[error] Number of Constraints: 523
[error] Time spent encoding: 0.2878990173339844
[info] Synthesizing programs...
[error] Total Solver Time: 0.02708601951599121
[error] Total Time Symmetries: 0
[error] Total Blocked Models: 0
[error] Total Time: 1.139211654663086
[info] Solution found: select(inner_join4(@param1, filter(summariseGrouped(@param1, n = n(), color, P_id), color == red), @param0, @param2), S_name, distinct)
[debug] Solution found using process 1: Config(disabled=[], alt_empty_pos=False, shuffle_cols=False, z3_sat_phase='always_false', z3_QF_FD=True)

------------------------------------- R Solution ---------------------------------------

con <- DBI::dbConnect(RSQLite::SQLite(), ":memory:")
input1 <- read.table("tests-examples/cp19/tables/21-1.txt", sep=",", header=T)
input1 <- copy_to(con, input1)
input2 <- read.table("tests-examples/cp19/tables/21-2.txt", sep=",", header=T)
input2 <- copy_to(con, input2)
input3 <- read.table("tests-examples/cp19/tables/21-3.txt", sep=",", header=T)
input3 <- copy_to(con, input3)
expected_output <- read.table("tests-examples/cp19/tables/36.out", sep =",", header=T)

RET_DF51 <- input2 %>% group_by(color, P_id) %>% summarise(n = n())
RET_DF52 <- RET_DF51 %>% ungroup() %>% filter(color == "red")
RET_DF53 <- inner_join(inner_join(inner_join(input2, RET_DF52), input1), input3)
RET_DF54 <- RET_DF53 %>% ungroup() %>% select(S_name) %>% distinct()


+++++++++++++++++++++++++++++++++++++ SQL Solution +++++++++++++++++++++++++++++++++++++

SELECT DISTINCT `S_name`
FROM
  (SELECT `P_id`,
          `color`,
          `n`,
          `S_key`,
          `S_name`
   FROM
     (SELECT `P_id`,
             `color`,
             `n`,
             `S_key`
      FROM
        (SELECT `P_id`,
                `color`,
                `n`
         FROM `input2` AS `LHS`
         INNER JOIN
           (SELECT *
            FROM
              (SELECT `color`,
                      `P_id`,
                      COUNT() AS `n`
               FROM `input2`
               GROUP BY `color`,
                        `P_id`)
            WHERE (`color` = 'red')) AS `RHS` ON (`LHS`.`P_id` = `RHS`.`P_id`
                                                  AND `LHS`.`color` = `RHS`.`color`)) AS `LHS`
      INNER JOIN `input1` AS `RHS` ON (`LHS`.`P_id` = `RHS`.`P_id`)) AS `LHS`
   INNER JOIN `input3` AS `RHS` ON (`LHS`.`S_key` = `RHS`.`S_key`))
