[info] Parsing specification...
[info] Parsing specification...
[debug] Reading input files...
[debug] Reading input files...
[info] Parsing specification...
[info] Parsing specification...
[info] Parsing specification...
[debug] Reading input files...
[debug] Reading input files...
[debug] Generating DSL...
[debug] Generating DSL...
[debug] Reading input files...
[info] Parsing succeeded
[info] Parsing succeeded
[info] Building synthesizer...
[info] Building synthesizer...
[info] Lines of Code: 1
[info] Lines of Code: 1
[debug] Generating DSL...
[debug] Generating DSL...
[debug] Generating DSL...
[info] Parsing succeeded
[info] Building synthesizer...
[info] Lines of Code: 1
[info] Parsing succeeded
[info] Building synthesizer...
[info] Lines of Code: 1
[info] Parsing succeeded
[info] Building synthesizer...
[info] Lines of Code: 1
[error] Number of Nodes: 5 
[error] Number of Variables: 6
[error] Number of Constraints: 55
[error] Time spent encoding: 0.03597378730773926
[error] UNSAT : There is no solution for current depth (loc=0), try to increase it (e.g. loc=1).
[info] Synthesizing programs...
[error] Total Time: 4.7206878662109375e-05
[error] Total Solver Time: 3.409385681152344e-05
[error] Total Time Symmetries: 0
[error] Total Blocked Models: 0
[info] No more queries to be tested. Solution not found!
[info] Increasing the number of lines of code.
[info] Lines of Code: 2
[error] Number of Nodes: 5 
[error] Number of Variables: 6
[error] Number of Constraints: 55
[error] Time spent encoding: 0.042635440826416016
[error] UNSAT : There is no solution for current depth (loc=0), try to increase it (e.g. loc=1).
[info] Synthesizing programs...
[error] Total Time: 0.007506847381591797
[error] Total Solver Time: 0.007485151290893555
[error] Total Time Symmetries: 0
[error] Total Blocked Models: 0
[info] No more queries to be tested. Solution not found!
[info] Increasing the number of lines of code.
[info] Lines of Code: 2
[error] Number of Nodes: 5 
[error] Number of Variables: 6
[error] Number of Constraints: 55
[error] Time spent encoding: 0.03827238082885742
[error] Number of Nodes: 5 
[error] Number of Variables: 6
[error] Number of Constraints: 55
[error] Time spent encoding: 0.03835344314575195
[error] UNSAT : There is no solution for current depth (loc=0), try to increase it (e.g. loc=1).
[info] Synthesizing programs...
[error] Total Time: 3.7670135498046875e-05
[error] Total Solver Time: 2.574920654296875e-05
[error] Total Time Symmetries: 0
[error] Total Blocked Models: 0
[info] No more queries to be tested. Solution not found!
[info] Increasing the number of lines of code.
[info] Lines of Code: 2
[error] UNSAT : There is no solution for current depth (loc=0), try to increase it (e.g. loc=1).
[error] Number of Nodes: 5 
[error] Number of Variables: 6
[info] Synthesizing programs...
[error] Number of Constraints: 55
[error] Time spent encoding: 0.03868365287780762
[error] Total Time: 3.647804260253906e-05
[error] Total Solver Time: 2.574920654296875e-05
[error] Total Time Symmetries: 0
[error] Total Blocked Models: 0
[info] No more queries to be tested. Solution not found!
[info] Increasing the number of lines of code.
[info] Lines of Code: 2
[error] UNSAT : There is no solution for current depth (loc=0), try to increase it (e.g. loc=1).
[info] Synthesizing programs...
[error] Total Time: 3.719329833984375e-05
[error] Total Solver Time: 2.574920654296875e-05
[error] Total Time Symmetries: 0
[error] Total Blocked Models: 0
[info] No more queries to be tested. Solution not found!
[info] Increasing the number of lines of code.
[info] Lines of Code: 2
[error] Number of Nodes: 10 
[error] Number of Variables: 16
[error] Number of Constraints: 149
[error] Time spent encoding: 0.08716154098510742
[error] UNSAT : There is no solution for current depth (loc=1), try to increase it (e.g. loc=2).
[info] Synthesizing programs...
[error] Total Time: 3.147125244140625e-05
[error] Total Solver Time: 2.5987625122070312e-05
[error] Total Time Symmetries: 0
[error] Total Blocked Models: 0
[info] No more queries to be tested. Solution not found!
[info] Increasing the number of lines of code.
[info] Lines of Code: 3
[error] Number of Nodes: 10 
[error] Number of Variables: 16
[error] Number of Constraints: 149
[error] Time spent encoding: 0.09108924865722656
[error] Number of Nodes: 10 
[error] Number of Variables: 16
[error] Number of Constraints: 149
[error] Time spent encoding: 0.08520221710205078
[error] Number of Nodes: 10 
[error] Number of Variables: 16
[error] Number of Constraints: 149
[error] Time spent encoding: 0.08465266227722168
[error] Number of Nodes: 10 
[error] Number of Variables: 16
[error] Number of Constraints: 149
[error] Time spent encoding: 0.08485841751098633
[error] UNSAT : There is no solution for current depth (loc=1), try to increase it (e.g. loc=2).
[info] Synthesizing programs...
[error] Total Time: 3.457069396972656e-05
[error] Total Solver Time: 2.86102294921875e-05
[error] Total Time Symmetries: 0
[error] Total Blocked Models: 0
[info] No more queries to be tested. Solution not found!
[info] Increasing the number of lines of code.
[error] UNSAT : There is no solution for current depth (loc=1), try to increase it (e.g. loc=2).
[info] Lines of Code: 3
[info] Synthesizing programs...
[error] Total Time: 3.266334533691406e-05
[error] Total Solver Time: 2.6702880859375e-05
[error] Total Time Symmetries: 0
[error] Total Blocked Models: 0
[info] No more queries to be tested. Solution not found!
[info] Increasing the number of lines of code.
[info] Lines of Code: 3
[error] UNSAT : There is no solution for current depth (loc=1), try to increase it (e.g. loc=2).
[info] Synthesizing programs...
[error] Total Time: 3.600120544433594e-05
[error] Total Solver Time: 3.0279159545898438e-05
[error] Total Time Symmetries: 0
[error] Total Blocked Models: 0
[info] No more queries to be tested. Solution not found!
[info] Increasing the number of lines of code.
[info] Lines of Code: 3
[error] UNSAT : There is no solution for current depth (loc=1), try to increase it (e.g. loc=2).
[info] Synthesizing programs...
[error] Total Time: 0.014942407608032227
[error] Total Solver Time: 0.014928340911865234
[error] Total Time Symmetries: 0
[error] Total Blocked Models: 0
[info] No more queries to be tested. Solution not found!
[info] Increasing the number of lines of code.
[info] Lines of Code: 3
[error] Number of Nodes: 15 
[error] Number of Variables: 30
[error] Number of Constraints: 285
[error] Time spent encoding: 0.15121006965637207
[info] Synthesizing programs...
[error] Number of Nodes: 15 
[error] Number of Variables: 30
[error] Number of Constraints: 285
[error] Time spent encoding: 0.15208148956298828
[error] Number of Nodes: 15 
[error] Number of Variables: 30
[error] Number of Constraints: 285
[error] Time spent encoding: 0.15573954582214355
[error] Number of Nodes: 15 
[error] Number of Variables: 30
[error] Number of Constraints: 285
[error] Time spent encoding: 0.15520477294921875
[info] Synthesizing programs...
[info] Synthesizing programs...
[info] Synthesizing programs...
[error] Number of Nodes: 15 
[error] Number of Variables: 30
[error] Number of Constraints: 285
[error] Time spent encoding: 0.15934181213378906
[info] Synthesizing programs...
[error] Total Solver Time: 0.009645938873291016
[error] Total Time Symmetries: 0
[error] Total Blocked Models: 0
[error] Total Time: 0.4652740955352783
[info] Solution found: select(inner_join3(@param0, summariseGrouped(@param1, n = n(), P_id, color), @param2), S_name, distinct)
[error] Total Solver Time: 0.012814044952392578
[error] Total Time Symmetries: 0
[error] Total Blocked Models: 0
[error] Total Time: 0.6303396224975586
[info] Solution found: select(inner_join3(@param0, @param2, summariseGrouped(@param1, n = n(), color, P_id)), S_name, distinct)
[debug] Solution found using process 1: Config(disabled=[], alt_empty_pos=False, shuffle_cols=False, z3_sat_phase='always_false', z3_QF_FD=True)
[debug] Solution found using process 2: Config(disabled=[], alt_empty_pos=False, shuffle_cols=False, z3_sat_phase='caching', z3_QF_FD=True)

------------------------------------- R Solution ---------------------------------------

con <- DBI::dbConnect(RSQLite::SQLite(), ":memory:")
input1 <- read.table("tests-examples/cp19/tables/21-1.txt", sep=",", header=T)
input1 <- copy_to(con, input1)
input2 <- read.table("tests-examples/cp19/tables/21-2.txt", sep=",", header=T)
input2 <- copy_to(con, input2)
input3 <- read.table("tests-examples/cp19/tables/21-3.txt", sep=",", header=T)
input3 <- copy_to(con, input3)
expected_output <- read.table("tests-examples/cp19/tables/37.out", sep =",", header=T)

RET_DF24 <- input2 %>% group_by(P_id, color) %>% summarise(n = n())
RET_DF25 <- inner_join(inner_join(input1, RET_DF24), input3)
RET_DF26 <- RET_DF25 %>% ungroup() %>% select(S_name) %>% distinct()


+++++++++++++++++++++++++++++++++++++ SQL Solution +++++++++++++++++++++++++++++++++++++

SELECT DISTINCT `S_name`
FROM
  (SELECT `S_key`,
          `P_id`,
          `color`,
          `n`,
          `S_name`
   FROM
     (SELECT `S_key`,
             `P_id`,
             `color`,
             `n`
      FROM `input1` AS `LHS`
      INNER JOIN
        (SELECT `P_id`,
                `color`,
                COUNT() AS `n`
         FROM `input2`
         GROUP BY `P_id`,
                  `color`) AS `RHS` ON (`LHS`.`P_id` = `RHS`.`P_id`)) AS `LHS`
   INNER JOIN `input3` AS `RHS` ON (`LHS`.`S_key` = `RHS`.`S_key`))
