[info] Parsing specification...
[info] Parsing specification...
[info] Parsing specification...
[info] Parsing specification...
[debug] Reading input files...
[debug] Reading input files...
[info] Parsing specification...
[debug] Reading input files...
[debug] Reading input files...
[debug] Reading input files...
[debug] Generating DSL...
[debug] Generating DSL...
[debug] Generating DSL...
[debug] Generating DSL...
[info] Parsing succeeded
[info] Building synthesizer...
[info] Lines of Code: 1
[debug] Generating DSL...
[info] Parsing succeeded
[info] Building synthesizer...
[info] Lines of Code: 1
[info] Parsing succeeded
[info] Building synthesizer...
[info] Lines of Code: 1
[info] Parsing succeeded
[info] Building synthesizer...
[info] Lines of Code: 1
[info] Parsing succeeded
[info] Building synthesizer...
[info] Lines of Code: 1
[error] Number of Nodes: 5 
[error] Number of Variables: 6
[error] Number of Constraints: 63
[error] Time spent encoding: 0.04317474365234375
[error] UNSAT : There is no solution for current depth (loc=0), try to increase it (e.g. loc=1).
[info] Synthesizing programs...
[error] Total Time: 3.3855438232421875e-05
[error] Total Solver Time: 2.4557113647460938e-05
[error] Total Time Symmetries: 0
[error] Total Blocked Models: 0
[info] No more queries to be tested. Solution not found!
[info] Increasing the number of lines of code.
[info] Lines of Code: 2
[error] Number of Nodes: 5 
[error] Number of Variables: 6
[error] Number of Constraints: 63
[error] Time spent encoding: 0.043085336685180664
[error] UNSAT : There is no solution for current depth (loc=0), try to increase it (e.g. loc=1).
[info] Synthesizing programs...
[error] Total Time: 3.3855438232421875e-05
[error] Total Solver Time: 2.47955322265625e-05
[error] Total Time Symmetries: 0
[error] Total Blocked Models: 0
[info] No more queries to be tested. Solution not found!
[info] Increasing the number of lines of code.
[info] Lines of Code: 2
[error] Number of Nodes: 5 
[error] Number of Variables: 6
[error] Number of Constraints: 63
[error] Time spent encoding: 0.044228315353393555
[error] UNSAT : There is no solution for current depth (loc=0), try to increase it (e.g. loc=1).
[info] Synthesizing programs...
[error] Total Time: 3.4809112548828125e-05
[error] Total Solver Time: 2.5033950805664062e-05
[error] Total Time Symmetries: 0
[error] Total Blocked Models: 0
[info] No more queries to be tested. Solution not found!
[info] Increasing the number of lines of code.
[info] Lines of Code: 2
[error] Number of Nodes: 5 
[error] Number of Variables: 6
[error] Number of Constraints: 63
[error] Time spent encoding: 0.044010162353515625
[error] Number of Nodes: 5 
[error] Number of Variables: 6
[error] Number of Constraints: 63
[error] Time spent encoding: 0.0509488582611084
[error] UNSAT : There is no solution for current depth (loc=0), try to increase it (e.g. loc=1).
[info] Synthesizing programs...
[error] Total Time: 3.528594970703125e-05
[error] Total Solver Time: 2.574920654296875e-05
[error] Total Time Symmetries: 0
[error] Total Blocked Models: 0
[info] No more queries to be tested. Solution not found!
[info] Increasing the number of lines of code.
[info] Lines of Code: 2
[error] UNSAT : There is no solution for current depth (loc=0), try to increase it (e.g. loc=1).
[info] Synthesizing programs...
[error] Total Time: 0.005928993225097656
[error] Total Solver Time: 0.0059130191802978516
[error] Total Time Symmetries: 0
[error] Total Blocked Models: 0
[info] No more queries to be tested. Solution not found!
[info] Increasing the number of lines of code.
[info] Lines of Code: 2
[error] Number of Nodes: 10 
[error] Number of Variables: 16
[error] Number of Constraints: 170
[error] Time spent encoding: 0.1036376953125
[error] UNSAT : There is no solution for current depth (loc=1), try to increase it (e.g. loc=2).
[info] Synthesizing programs...
[error] Total Time: 3.743171691894531e-05
[error] Total Solver Time: 3.147125244140625e-05
[error] Total Time Symmetries: 0
[error] Total Blocked Models: 0
[info] No more queries to be tested. Solution not found!
[info] Increasing the number of lines of code.
[info] Lines of Code: 3
[error] Number of Nodes: 10 
[error] Number of Variables: 16
[error] Number of Constraints: 170
[error] Time spent encoding: 0.10636758804321289
[error] Number of Nodes: 10 
[error] Number of Variables: 16
[error] Number of Constraints: 170
[error] Time spent encoding: 0.10524678230285645
[error] Number of Nodes: 10 
[error] Number of Variables: 16
[error] Number of Constraints: 170
[error] Time spent encoding: 0.10551261901855469
[error] UNSAT : There is no solution for current depth (loc=1), try to increase it (e.g. loc=2).
[info] Synthesizing programs...
[error] Total Time: 3.337860107421875e-05
[error] Total Solver Time: 2.765655517578125e-05
[error] Total Time Symmetries: 0
[error] Total Blocked Models: 0
[info] No more queries to be tested. Solution not found!
[info] Increasing the number of lines of code.
[info] Lines of Code: 3
[error] UNSAT : There is no solution for current depth (loc=1), try to increase it (e.g. loc=2).
[info] Synthesizing programs...
[error] Total Time: 3.528594970703125e-05
[error] Total Solver Time: 2.9087066650390625e-05
[error] Total Time Symmetries: 0
[error] Total Blocked Models: 0
[info] No more queries to be tested. Solution not found!
[info] Increasing the number of lines of code.
[info] Lines of Code: 3
[error] UNSAT : There is no solution for current depth (loc=1), try to increase it (e.g. loc=2).
[info] Synthesizing programs...
[error] Total Time: 3.504753112792969e-05
[error] Total Solver Time: 2.956390380859375e-05
[error] Total Time Symmetries: 0
[error] Total Blocked Models: 0
[info] No more queries to be tested. Solution not found!
[info] Increasing the number of lines of code.
[info] Lines of Code: 3
[error] Number of Nodes: 10 
[error] Number of Variables: 16
[error] Number of Constraints: 170
[error] Time spent encoding: 0.11257386207580566
[error] UNSAT : There is no solution for current depth (loc=1), try to increase it (e.g. loc=2).
[info] Synthesizing programs...
[error] Total Time: 0.013534069061279297
[error] Total Solver Time: 0.013521432876586914
[error] Total Time Symmetries: 0
[error] Total Blocked Models: 0
[info] No more queries to be tested. Solution not found!
[info] Increasing the number of lines of code.
[info] Lines of Code: 3
[error] Number of Nodes: 15 
[error] Number of Variables: 30
[error] Number of Constraints: 323
[error] Time spent encoding: 0.18839740753173828
[error] UNSAT : There is no solution for current depth (loc=2), try to increase it (e.g. loc=3).
[info] Synthesizing programs...
[error] Total Time: 3.337860107421875e-05
[error] Total Solver Time: 2.7894973754882812e-05
[error] Total Time Symmetries: 0
[error] Total Blocked Models: 0
[info] No more queries to be tested. Solution not found!
[info] Increasing the number of lines of code.
[info] Lines of Code: 4
[error] Number of Nodes: 15 
[error] Number of Variables: 30
[error] Number of Constraints: 323
[error] Time spent encoding: 0.18995189666748047
[error] Number of Nodes: 15 
[error] Number of Variables: 30
[error] Number of Constraints: 323
[error] Time spent encoding: 0.19299960136413574
[error] Number of Nodes: 15 
[error] Number of Variables: 30
[error] Number of Constraints: 323
[error] Time spent encoding: 0.1922624111175537
[error] UNSAT : There is no solution for current depth (loc=2), try to increase it (e.g. loc=3).
[info] Synthesizing programs...
[error] Total Time: 3.457069396972656e-05
[error] Total Solver Time: 2.86102294921875e-05
[error] Total Time Symmetries: 0
[error] Total Blocked Models: 0
[info] No more queries to be tested. Solution not found!
[info] Increasing the number of lines of code.
[info] Lines of Code: 4
[error] UNSAT : There is no solution for current depth (loc=2), try to increase it (e.g. loc=3).
[info] Synthesizing programs...
[error] Total Time: 3.8623809814453125e-05
[error] Total Solver Time: 3.24249267578125e-05
[error] Total Time Symmetries: 0
[error] Total Blocked Models: 0
[info] No more queries to be tested. Solution not found!
[info] Increasing the number of lines of code.
[info] Lines of Code: 4
[error] UNSAT : There is no solution for current depth (loc=2), try to increase it (e.g. loc=3).
[info] Synthesizing programs...
[error] Total Time: 3.695487976074219e-05
[error] Total Solver Time: 3.0994415283203125e-05
[error] Total Time Symmetries: 0
[error] Total Blocked Models: 0
[info] No more queries to be tested. Solution not found!
[info] Increasing the number of lines of code.
[info] Lines of Code: 4
[error] Number of Nodes: 15 
[error] Number of Variables: 30
[error] Number of Constraints: 323
[error] Time spent encoding: 0.19551372528076172
[error] UNSAT : There is no solution for current depth (loc=2), try to increase it (e.g. loc=3).
[info] Synthesizing programs...
[error] Total Time: 0.035988569259643555
[error] Total Solver Time: 0.035974740982055664
[error] Total Time Symmetries: 0
[error] Total Blocked Models: 0
[info] No more queries to be tested. Solution not found!
[info] Increasing the number of lines of code.
[info] Lines of Code: 4
[error] Number of Nodes: 20 
[error] Number of Variables: 48
[error] Number of Constraints: 522
[error] Time spent encoding: 0.30109310150146484
[error] Number of Nodes: 20 
[error] Number of Variables: 48
[error] Number of Constraints: 522
[error] Time spent encoding: 0.30089426040649414
[error] Number of Nodes: 20 
[error] Number of Variables: 48
[error] Number of Constraints: 522
[error] Time spent encoding: 0.30000877380371094
[error] Number of Nodes: 20 
[error] Number of Variables: 48
[error] Number of Constraints: 522
[error] Time spent encoding: 0.302020788192749
[info] Synthesizing programs...
[info] Synthesizing programs...
[info] Synthesizing programs...
[info] Synthesizing programs...
[error] Number of Nodes: 20 
[error] Number of Variables: 48
[error] Number of Constraints: 522
[error] Time spent encoding: 0.31432414054870605
[info] Synthesizing programs...
[error] Total Solver Time: 0.07700777053833008
[error] Total Time Symmetries: 0
[error] Total Blocked Models: 0
[error] Total Solver Time: 0.07460594177246094
[error] Total Time Symmetries: 0
[error] Total Blocked Models: 0
[error] Total Solver Time: 0.07587718963623047
[error] Total Time Symmetries: 0
[error] Total Blocked Models: 0
[error] Total Solver Time: 0.07072615623474121
[error] Total Time Symmetries: 0
[error] Total Blocked Models: 0
[error] Total Solver Time: 0.20276880264282227
[error] Total Time Symmetries: 0
[error] Total Blocked Models: 0
[error] Total Solver Time: 0.09317898750305176
[error] Total Time Symmetries: 0
[error] Total Blocked Models: 0
[error] Total Time: 4.458045482635498
[info] Solution found: select(filter(inner_join3(@param0, @param1, summariseGrouped(@param1, n = n(), eid)), n < 3), eid,aname, )
[debug] Solution found using process 4: Config(disabled=[], alt_empty_pos=False, shuffle_cols=False, z3_sat_phase='random', z3_QF_FD=True)

------------------------------------- R Solution ---------------------------------------

con <- DBI::dbConnect(RSQLite::SQLite(), ":memory:")
input1 <- read.table("tests-examples/cp19/tables/aircraft.txt", sep=",", header=T)
input1 <- copy_to(con, input1)
input2 <- read.table("tests-examples/cp19/tables/certified.txt", sep=",", header=T)
input2 <- copy_to(con, input2)
expected_output <- read.table("tests-examples/cp19/tables/40.out", sep =",", header=T)

RET_DF363 <- input2 %>% group_by(eid) %>% summarise(n = n())
RET_DF364 <- inner_join(inner_join(input1, input2), RET_DF363)
RET_DF365 <- RET_DF364 %>% ungroup() %>% filter(n < 3)
RET_DF366 <- RET_DF365 %>% ungroup() %>% select(eid,aname)


+++++++++++++++++++++++++++++++++++++ SQL Solution +++++++++++++++++++++++++++++++++++++

SELECT `eid`,
       `aname`
FROM
  (SELECT `aid`,
          `aname`,
          `crusingrange`,
          `eid`,
          `n`
   FROM
     (SELECT `aid`,
             `aname`,
             `crusingrange`,
             `eid`
      FROM `input1` AS `LHS`
      INNER JOIN `input2` AS `RHS` ON (`LHS`.`aid` = `RHS`.`aid`)) AS `LHS`
   INNER JOIN
     (SELECT `eid`,
             COUNT() AS `n`
      FROM `input2`
      GROUP BY `eid`) AS `RHS` ON (`LHS`.`eid` = `RHS`.`eid`))
WHERE (`n` < 3.0)
