[info] Parsing specification...
[info] Parsing specification...
[debug] Reading input files...
[info] Parsing specification...
[debug] Reading input files...
[info] Parsing specification...
[info] Parsing specification...
[debug] Reading input files...
[debug] Reading input files...
[debug] Generating DSL...
[debug] Reading input files...
[debug] Generating DSL...
[info] Parsing succeeded
[info] Building synthesizer...
[info] Lines of Code: 1
[info] Parsing succeeded
[info] Building synthesizer...
[info] Lines of Code: 1
[debug] Generating DSL...
[debug] Generating DSL...
[debug] Generating DSL...
[info] Parsing succeeded
[info] Building synthesizer...
[info] Lines of Code: 1
[info] Parsing succeeded
[info] Building synthesizer...
[info] Lines of Code: 1
[info] Parsing succeeded
[info] Building synthesizer...
[info] Lines of Code: 1
[error] Number of Nodes: 5 
[error] Number of Variables: 6
[error] Number of Constraints: 59
[error] Time spent encoding: 0.06131315231323242
[error] UNSAT : There is no solution for current depth (loc=0), try to increase it (e.g. loc=1).
[info] Synthesizing programs...
[error] Total Time: 4.291534423828125e-05
[error] Total Solver Time: 3.0040740966796875e-05
[error] Total Time Symmetries: 0
[error] Total Blocked Models: 0
[info] No more queries to be tested. Solution not found!
[info] Increasing the number of lines of code.
[info] Lines of Code: 2
[error] Number of Nodes: 5 
[error] Number of Variables: 6
[error] Number of Constraints: 59
[error] Time spent encoding: 0.07042527198791504
[error] UNSAT : There is no solution for current depth (loc=0), try to increase it (e.g. loc=1).
[info] Synthesizing programs...
[error] Total Time: 0.009381771087646484
[error] Total Solver Time: 0.009361028671264648
[error] Total Time Symmetries: 0
[error] Total Blocked Models: 0
[error] Number of Nodes: 5 
[error] Number of Nodes: 5 
[info] No more queries to be tested. Solution not found!
[error] Number of Variables: 6
[error] Number of Variables: 6
[info] Increasing the number of lines of code.
[error] Number of Constraints: 59
[error] Number of Constraints: 59
[info] Lines of Code: 2
[error] Time spent encoding: 0.06158733367919922
[error] Time spent encoding: 0.06105542182922363
[error] Number of Nodes: 5 
[error] Number of Variables: 6
[error] Number of Constraints: 59
[error] Time spent encoding: 0.06164264678955078
[error] UNSAT : There is no solution for current depth (loc=0), try to increase it (e.g. loc=1).
[info] Synthesizing programs...
[error] UNSAT : There is no solution for current depth (loc=0), try to increase it (e.g. loc=1).
[error] Total Time: 3.647804260253906e-05
[info] Synthesizing programs...
[error] Total Solver Time: 2.6464462280273438e-05
[error] Total Time Symmetries: 0
[error] Total Blocked Models: 0
[error] Total Time: 4.8160552978515625e-05
[info] No more queries to be tested. Solution not found!
[error] Total Solver Time: 3.647804260253906e-05
[info] Increasing the number of lines of code.
[error] Total Time Symmetries: 0
[info] Lines of Code: 2
[error] Total Blocked Models: 0
[info] No more queries to be tested. Solution not found!
[info] Increasing the number of lines of code.
[info] Lines of Code: 2
[error] UNSAT : There is no solution for current depth (loc=0), try to increase it (e.g. loc=1).
[info] Synthesizing programs...
[error] Total Time: 4.2438507080078125e-05
[error] Total Solver Time: 3.0994415283203125e-05
[error] Total Time Symmetries: 0
[error] Total Blocked Models: 0
[info] No more queries to be tested. Solution not found!
[info] Increasing the number of lines of code.
[info] Lines of Code: 2
[error] Number of Nodes: 10 
[error] Number of Variables: 16
[error] Number of Constraints: 159
[error] Time spent encoding: 0.13646268844604492
[error] UNSAT : There is no solution for current depth (loc=1), try to increase it (e.g. loc=2).
[info] Synthesizing programs...
[error] Total Time: 3.3855438232421875e-05
[error] Total Solver Time: 2.7894973754882812e-05
[error] Total Time Symmetries: 0
[error] Total Blocked Models: 0
[info] No more queries to be tested. Solution not found!
[info] Increasing the number of lines of code.
[info] Lines of Code: 3
[error] Number of Nodes: 10 
[error] Number of Variables: 16
[error] Number of Constraints: 159
[error] Time spent encoding: 0.13538813591003418
[error] Number of Nodes: 10 
[error] Number of Variables: 16
[error] Number of Constraints: 159
[error] Time spent encoding: 0.1360480785369873
[error] Number of Nodes: 10 
[error] Number of Variables: 16
[error] Number of Constraints: 159
[error] Time spent encoding: 0.1419539451599121
[error] Number of Nodes: 10 
[error] Number of Variables: 16
[error] Number of Constraints: 159
[error] Time spent encoding: 0.13487005233764648
[error] UNSAT : There is no solution for current depth (loc=1), try to increase it (e.g. loc=2).
[info] Synthesizing programs...
[error] Total Time: 3.933906555175781e-05
[error] Total Solver Time: 3.266334533691406e-05
[error] Total Time Symmetries: 0
[error] Total Blocked Models: 0
[info] No more queries to be tested. Solution not found!
[info] Increasing the number of lines of code.
[info] Lines of Code: 3
[error] UNSAT : There is no solution for current depth (loc=1), try to increase it (e.g. loc=2).
[info] Synthesizing programs...
[error] Total Time: 3.62396240234375e-05
[error] Total Solver Time: 3.0517578125e-05
[error] Total Time Symmetries: 0
[error] Total Blocked Models: 0
[info] No more queries to be tested. Solution not found!
[info] Increasing the number of lines of code.
[info] Lines of Code: 3
[error] UNSAT : There is no solution for current depth (loc=1), try to increase it (e.g. loc=2).
[info] Synthesizing programs...
[error] Total Time: 3.337860107421875e-05
[error] Total Solver Time: 2.765655517578125e-05
[error] Total Time Symmetries: 0
[error] Total Blocked Models: 0
[info] No more queries to be tested. Solution not found!
[info] Increasing the number of lines of code.
[info] Lines of Code: 3
[error] UNSAT : There is no solution for current depth (loc=1), try to increase it (e.g. loc=2).
[info] Synthesizing programs...
[error] Total Time: 0.04453873634338379
[error] Total Solver Time: 0.044524431228637695
[error] Total Time Symmetries: 0
[error] Total Blocked Models: 0
[info] No more queries to be tested. Solution not found!
[info] Increasing the number of lines of code.
[info] Lines of Code: 3
[error] Number of Nodes: 15 
[error] Number of Variables: 30
[error] Number of Constraints: 303
[error] Time spent encoding: 0.2344050407409668
[error] Number of Nodes: 15 
[error] Number of Variables: 30
[error] Number of Constraints: 303
[error] Time spent encoding: 0.2295210361480713
[error] Number of Nodes: 15 
[error] Number of Variables: 30
[error] Number of Constraints: 303
[error] Time spent encoding: 0.23352956771850586
[error] Number of Nodes: 15 
[error] Number of Variables: 30
[error] Number of Constraints: 303
[error] Time spent encoding: 0.2335648536682129
[info] Synthesizing programs...
[info] Synthesizing programs...
[info] Synthesizing programs...
[info] Synthesizing programs...
[error] Number of Nodes: 15 
[error] Number of Variables: 30
[error] Number of Constraints: 303
[error] Time spent encoding: 0.24096965789794922
[info] Synthesizing programs...
[error] Total Solver Time: 0.07208538055419922
[error] Total Time Symmetries: 0
[error] Total Blocked Models: 0
[error] Total Solver Time: 0.07695603370666504
[error] Total Time Symmetries: 0
[error] Total Blocked Models: 0
[error] Total Solver Time: 0.07106471061706543
[error] Total Time Symmetries: 0
[error] Total Blocked Models: 0
[error] Total Solver Time: 0.3739924430847168
[error] Total Time Symmetries: 0
[error] Total Blocked Models: 0
[error] Total Solver Time: 0.07480382919311523
[error] Total Time Symmetries: 0
[error] Total Blocked Models: 0
[error] Total Solver Time: 0.14458680152893066
[error] Total Time Symmetries: 0
[error] Total Blocked Models: 0
[error] Total Solver Time: 0.13949871063232422
[error] Total Time Symmetries: 0
[error] Total Blocked Models: 0
[error] Total Solver Time: 0.14391326904296875
[error] Total Time Symmetries: 0
[error] Total Blocked Models: 0
[error] Total Solver Time: 0.15541601181030273
[error] Total Time Symmetries: 0
[error] Total Blocked Models: 0
[error] Total Solver Time: 0.5054349899291992
[error] Total Time Symmetries: 0
[error] Total Blocked Models: 0
[error] Total Solver Time: 0.21145987510681152
[error] Total Time Symmetries: 0
[error] Total Blocked Models: 0
[error] Total Solver Time: 0.21663260459899902
[error] Total Time Symmetries: 0
[error] Total Blocked Models: 0
[error] Total Solver Time: 0.20437240600585938
[error] Total Time Symmetries: 0
[error] Total Blocked Models: 0
[error] Total Solver Time: 0.6240813732147217
[error] Total Time Symmetries: 0
[error] Total Blocked Models: 0
[error] Total Solver Time: 0.22800159454345703
[error] Total Time Symmetries: 0
[error] Total Blocked Models: 0
[error] Total Solver Time: 0.28371548652648926
[error] Total Time Symmetries: 0
[error] Total Blocked Models: 0
[error] Total Solver Time: 0.7512128353118896
[error] Total Time Symmetries: 0
[error] Total Blocked Models: 0
[error] Total Solver Time: 0.2863600254058838
[error] Total Time Symmetries: 0
[error] Total Blocked Models: 0
[error] Total Solver Time: 0.2680234909057617
[error] Total Time Symmetries: 0
[error] Total Blocked Models: 0
[error] Total Solver Time: 0.2877185344696045
[error] Total Time Symmetries: 0
[error] Total Blocked Models: 0
[error] Total Solver Time: 0.35356855392456055
[error] Total Time Symmetries: 0
[error] Total Blocked Models: 0
[error] Total Solver Time: 0.8757975101470947
[error] Total Time Symmetries: 0
[error] Total Blocked Models: 0
[error] Total Solver Time: 0.3545520305633545
[error] Total Time Symmetries: 0
[error] Total Blocked Models: 0
[error] Total Solver Time: 0.4260706901550293
[error] Total Time Symmetries: 0
[error] Total Blocked Models: 0
[error] Total Solver Time: 0.3475203514099121
[error] Total Time Symmetries: 0
[error] Total Blocked Models: 0
[error] Total Solver Time: 0.3308746814727783
[error] Total Time Symmetries: 0
[error] Total Blocked Models: 0
[error] Total Solver Time: 1.0041744709014893
[error] Total Time Symmetries: 0
[error] Total Blocked Models: 0
[error] Total Solver Time: 0.41691136360168457
[error] Total Time Symmetries: 0
[error] Total Blocked Models: 0
[error] Total Solver Time: 0.49465250968933105
[error] Total Time Symmetries: 0
[error] Total Blocked Models: 0
[error] Total Solver Time: 0.4072153568267822
[error] Total Time Symmetries: 0
[error] Total Blocked Models: 0
[error] Total Solver Time: 0.3943333625793457
[error] Total Time Symmetries: 0
[error] Total Blocked Models: 0
[error] Total Solver Time: 1.1394758224487305
[error] Total Time Symmetries: 0
[error] Total Blocked Models: 0
[error] Total Solver Time: 0.5630559921264648
[error] Total Time Symmetries: 0
[error] Total Blocked Models: 0
[error] Total Solver Time: 0.47846126556396484
[error] Total Time Symmetries: 0
[error] Total Blocked Models: 0
[error] Total Solver Time: 1.274791955947876
[error] Total Time Symmetries: 0
[error] Total Blocked Models: 0
[error] Total Solver Time: 0.4684150218963623
[error] Total Time Symmetries: 0
[error] Total Blocked Models: 0
[error] Total Solver Time: 0.45868587493896484
[error] Total Time Symmetries: 0
[error] Total Blocked Models: 0
[error] Total Solver Time: 0.6357414722442627
[error] Total Time Symmetries: 0
[error] Total Blocked Models: 0
[error] Total Solver Time: 0.48242926597595215
[error] Total Time Symmetries: 0
[error] Total Blocked Models: 0
[error] Total Time: 24.901053428649902
[info] Solution found: select(filters(inner_join3(@param1, @param2, @param0), salary > 100000, eid < 550000000, &), ename, distinct)
[debug] Solution found using process 2: Config(disabled=[], alt_empty_pos=False, shuffle_cols=False, z3_sat_phase='caching', z3_QF_FD=True)
[error] Total Solver Time: 0.5436363220214844
[error] Total Time Symmetries: 0
[error] Total Blocked Models: 0

------------------------------------- R Solution ---------------------------------------

con <- DBI::dbConnect(RSQLite::SQLite(), ":memory:")
input1 <- read.table("tests-examples/cp19/tables/aircraft.txt", sep=",", header=T)
input1 <- copy_to(con, input1)
input2 <- read.table("tests-examples/cp19/tables/employees.txt", sep=",", header=T)
input2 <- copy_to(con, input2)
input3 <- read.table("tests-examples/cp19/tables/certified.txt", sep=",", header=T)
input3 <- copy_to(con, input3)
expected_output <- read.table("tests-examples/cp19/tables/41.out", sep =",", header=T)

RET_DF1690 <- inner_join(inner_join(input2, input3), input1)
RET_DF1691 <- RET_DF1690 %>% ungroup() %>% filter(salary > 100000 & eid < 550000000)
RET_DF1692 <- RET_DF1691 %>% ungroup() %>% select(ename) %>% distinct()


+++++++++++++++++++++++++++++++++++++ SQL Solution +++++++++++++++++++++++++++++++++++++

SELECT DISTINCT `ename`
FROM
  (SELECT `eid`,
          `ename`,
          `salary`,
          `aid`,
          `aname`,
          `crusingrange`
   FROM
     (SELECT `eid`,
             `ename`,
             `salary`,
             `aid`
      FROM `input2` AS `LHS`
      INNER JOIN `input3` AS `RHS` ON (`LHS`.`eid` = `RHS`.`eid`)) AS `LHS`
   INNER JOIN `input1` AS `RHS` ON (`LHS`.`aid` = `RHS`.`aid`))
WHERE (`salary` > 100000.0
       AND `eid` < 550000000.0)
