[info] Parsing specification...
[info] Parsing specification...
[debug] Reading input files...
[info] Parsing specification...
[info] Parsing specification...
[info] Parsing specification...
[debug] Reading input files...
[debug] Reading input files...
[debug] Reading input files...
[debug] Generating DSL...
[debug] Reading input files...
[info] Parsing succeeded
[info] Building synthesizer...
[info] Lines of Code: 1
[debug] Generating DSL...
[debug] Generating DSL...
[debug] Generating DSL...
[debug] Generating DSL...
[info] Parsing succeeded
[info] Building synthesizer...
[info] Lines of Code: 1
[info] Parsing succeeded
[info] Parsing succeeded
[info] Building synthesizer...
[info] Building synthesizer...
[info] Lines of Code: 1
[info] Lines of Code: 1
[info] Parsing succeeded
[info] Building synthesizer...
[info] Lines of Code: 1
[error] Number of Nodes: 5 
[error] Number of Variables: 6
[error] Number of Constraints: 63
[error] Time spent encoding: 0.04451298713684082
[error] UNSAT : There is no solution for current depth (loc=0), try to increase it (e.g. loc=1).
[info] Synthesizing programs...
[error] Total Time: 0.0075795650482177734
[error] Total Solver Time: 0.00755763053894043
[error] Total Time Symmetries: 0
[error] Total Blocked Models: 0
[info] No more queries to be tested. Solution not found!
[info] Increasing the number of lines of code.
[info] Lines of Code: 2
[error] Number of Nodes: 5 
[error] Number of Variables: 6
[error] Number of Constraints: 63
[error] Time spent encoding: 0.039572715759277344
[error] Number of Nodes: 5 
[error] Number of Variables: 6
[error] Number of Constraints: 63
[error] Time spent encoding: 0.039061784744262695
[error] Number of Nodes: 5 
[error] Number of Variables: 6
[error] Number of Constraints: 63
[error] Time spent encoding: 0.04069638252258301
[error] UNSAT : There is no solution for current depth (loc=0), try to increase it (e.g. loc=1).
[info] Synthesizing programs...
[error] Total Time: 3.719329833984375e-05
[error] Total Solver Time: 2.574920654296875e-05
[error] Total Time Symmetries: 0
[error] Total Blocked Models: 0
[info] No more queries to be tested. Solution not found!
[info] Increasing the number of lines of code.
[info] Lines of Code: 2
[error] Number of Nodes: 5 
[error] Number of Variables: 6
[error] Number of Constraints: 63
[error] Time spent encoding: 0.03912043571472168
[error] UNSAT : There is no solution for current depth (loc=0), try to increase it (e.g. loc=1).
[info] Synthesizing programs...
[error] Total Time: 3.9577484130859375e-05
[error] Total Solver Time: 2.7179718017578125e-05
[error] Total Time Symmetries: 0
[error] Total Blocked Models: 0
[info] No more queries to be tested. Solution not found!
[info] Increasing the number of lines of code.
[info] Lines of Code: 2
[error] UNSAT : There is no solution for current depth (loc=0), try to increase it (e.g. loc=1).
[info] Synthesizing programs...
[error] Total Time: 3.695487976074219e-05
[error] Total Solver Time: 2.5987625122070312e-05
[error] Total Time Symmetries: 0
[error] Total Blocked Models: 0
[info] No more queries to be tested. Solution not found!
[info] Increasing the number of lines of code.
[info] Lines of Code: 2
[error] UNSAT : There is no solution for current depth (loc=0), try to increase it (e.g. loc=1).
[info] Synthesizing programs...
[error] Total Time: 3.838539123535156e-05
[error] Total Solver Time: 2.6941299438476562e-05
[error] Total Time Symmetries: 0
[error] Total Blocked Models: 0
[info] No more queries to be tested. Solution not found!
[info] Increasing the number of lines of code.
[info] Lines of Code: 2
[error] Number of Nodes: 10 
[error] Number of Variables: 16
[error] Number of Constraints: 170
[error] Time spent encoding: 0.09117603302001953
[error] Number of Nodes: 10 
[error] Number of Variables: 16
[error] Number of Constraints: 170
[error] Time spent encoding: 0.09755682945251465
[error] Number of Nodes: 10 
[error] Number of Variables: 16
[error] Number of Constraints: 170
[error] Time spent encoding: 0.09112787246704102
[error] Number of Nodes: 10 
[error] Number of Variables: 16
[error] Number of Constraints: 170
[error] Time spent encoding: 0.0908362865447998
[error] Number of Nodes: 10 
[error] Number of Variables: 16
[error] Number of Constraints: 170
[error] Time spent encoding: 0.09113144874572754
[error] UNSAT : There is no solution for current depth (loc=1), try to increase it (e.g. loc=2).
[info] Synthesizing programs...
[error] Total Time: 3.1948089599609375e-05
[error] Total Solver Time: 2.574920654296875e-05
[error] Total Time Symmetries: 0
[error] Total Blocked Models: 0
[info] No more queries to be tested. Solution not found!
[info] Increasing the number of lines of code.
[info] Lines of Code: 3
[error] UNSAT : There is no solution for current depth (loc=1), try to increase it (e.g. loc=2).
[info] Synthesizing programs...
[error] Total Time: 3.647804260253906e-05
[error] Total Solver Time: 3.0279159545898438e-05
[error] Total Time Symmetries: 0
[error] Total Blocked Models: 0
[info] No more queries to be tested. Solution not found!
[info] Increasing the number of lines of code.
[info] Lines of Code: 3
[error] UNSAT : There is no solution for current depth (loc=1), try to increase it (e.g. loc=2).
[info] Synthesizing programs...
[error] Total Time: 3.3855438232421875e-05
[error] Total Solver Time: 2.765655517578125e-05
[error] Total Time Symmetries: 0
[error] Total Blocked Models: 0
[info] No more queries to be tested. Solution not found!
[info] Increasing the number of lines of code.
[info] Lines of Code: 3
[error] UNSAT : There is no solution for current depth (loc=1), try to increase it (e.g. loc=2).
[info] Synthesizing programs...
[error] Total Time: 3.743171691894531e-05
[error] Total Solver Time: 3.123283386230469e-05
[error] Total Time Symmetries: 0
[error] Total Blocked Models: 0
[info] No more queries to be tested. Solution not found!
[info] Increasing the number of lines of code.
[info] Lines of Code: 3
[error] UNSAT : There is no solution for current depth (loc=1), try to increase it (e.g. loc=2).
[info] Synthesizing programs...
[error] Total Time: 0.016115903854370117
[error] Total Solver Time: 0.016100168228149414
[error] Total Time Symmetries: 0
[error] Total Blocked Models: 0
[info] No more queries to be tested. Solution not found!
[info] Increasing the number of lines of code.
[info] Lines of Code: 3
[error] Number of Nodes: 15 
[error] Number of Variables: 30
[error] Number of Constraints: 323
[error] Time spent encoding: 0.16725635528564453
[error] Number of Nodes: 15 
[error] Number of Nodes: 15 
[error] Number of Variables: 30
[error] Number of Variables: 30
[error] Number of Constraints: 323
[error] Number of Constraints: 323
[error] Time spent encoding: 0.1669597625732422
[error] Time spent encoding: 0.1661360263824463
[error] Number of Nodes: 15 
[error] Number of Variables: 30
[error] Number of Constraints: 323
[error] Time spent encoding: 0.17059612274169922
[error] UNSAT : There is no solution for current depth (loc=2), try to increase it (e.g. loc=3).
[info] Synthesizing programs...
[error] UNSAT : There is no solution for current depth (loc=2), try to increase it (e.g. loc=3).
[error] Total Time: 3.457069396972656e-05
[error] Total Solver Time: 2.8848648071289062e-05
[error] Total Time Symmetries: 0
[error] Total Blocked Models: 0
[info] No more queries to be tested. Solution not found!
[info] Increasing the number of lines of code.
[error] UNSAT : There is no solution for current depth (loc=2), try to increase it (e.g. loc=3).
[info] Lines of Code: 4
[info] Synthesizing programs...
[error] Total Time: 3.504753112792969e-05
[error] Total Solver Time: 2.86102294921875e-05
[error] Total Time Symmetries: 0
[error] Total Blocked Models: 0
[info] Synthesizing programs...
[info] No more queries to be tested. Solution not found!
[info] Increasing the number of lines of code.
[info] Lines of Code: 4
[error] Total Time: 3.5762786865234375e-05
[error] Total Solver Time: 2.9802322387695312e-05
[error] Total Time Symmetries: 0
[error] Total Blocked Models: 0
[info] No more queries to be tested. Solution not found!
[info] Increasing the number of lines of code.
[info] Lines of Code: 4
[error] UNSAT : There is no solution for current depth (loc=2), try to increase it (e.g. loc=3).
[info] Synthesizing programs...
[error] Total Time: 3.647804260253906e-05
[error] Total Solver Time: 3.0517578125e-05
[error] Total Time Symmetries: 0
[error] Total Blocked Models: 0
[info] No more queries to be tested. Solution not found!
[info] Increasing the number of lines of code.
[info] Lines of Code: 4
[error] Number of Nodes: 15 
[error] Number of Variables: 30
[error] Number of Constraints: 323
[error] Time spent encoding: 0.17553377151489258
[error] UNSAT : There is no solution for current depth (loc=2), try to increase it (e.g. loc=3).
[info] Synthesizing programs...
[error] Total Time: 0.03965950012207031
[error] Total Solver Time: 0.03964591026306152
[error] Total Time Symmetries: 0
[error] Total Blocked Models: 0
[info] No more queries to be tested. Solution not found!
[info] Increasing the number of lines of code.
[info] Lines of Code: 4
[error] Number of Nodes: 20 
[error] Number of Variables: 48
[error] Number of Constraints: 522
[error] Time spent encoding: 0.26447415351867676
[error] Number of Nodes: 20 
[error] Number of Variables: 48
[error] Number of Constraints: 522
[error] Time spent encoding: 0.2658116817474365
[error] Number of Nodes: 20 
[error] Number of Variables: 48
[error] Number of Constraints: 522
[error] Time spent encoding: 0.269672155380249
[error] Number of Nodes: 20 
[error] Number of Variables: 48
[error] Number of Constraints: 522
[error] Time spent encoding: 0.26495933532714844
[info] Synthesizing programs...
[info] Synthesizing programs...
[info] Synthesizing programs...
[info] Synthesizing programs...
[error] Number of Nodes: 20 
[error] Number of Variables: 48
[error] Number of Constraints: 522
[error] Time spent encoding: 0.27323102951049805
[info] Synthesizing programs...
[error] Total Solver Time: 0.004759788513183594
[error] Total Time Symmetries: 0
[error] Total Blocked Models: 0
[error] Total Time: 0.2458031177520752
[info] Solution found: select(inner_join(@param0, filter(summariseGrouped(@param1, n = n(), S_key, S_name), S_name != SN1)), P_id,S_name,n, )
[debug] Solution found using process 1: Config(disabled=[], alt_empty_pos=False, shuffle_cols=False, z3_sat_phase='always_false', z3_QF_FD=True)

------------------------------------- R Solution ---------------------------------------

con <- DBI::dbConnect(RSQLite::SQLite(), ":memory:")
input1 <- read.table("tests-examples/cp19/tables/17-1.txt", sep=",", header=T)
input1 <- copy_to(con, input1)
input2 <- read.table("tests-examples/cp19/tables/17-3.txt", sep=",", header=T)
input2 <- copy_to(con, input2)
expected_output <- read.table("tests-examples/cp19/tables/48.out", sep =",", header=T)

RET_DF22 <- input2 %>% group_by(S_key, S_name) %>% summarise(n = n())
RET_DF23 <- RET_DF22 %>% ungroup() %>% filter(S_name != "SN1")
RET_DF24 <- inner_join(input1, RET_DF23)
RET_DF25 <- RET_DF24 %>% ungroup() %>% select(P_id,S_name,n)


+++++++++++++++++++++++++++++++++++++ SQL Solution +++++++++++++++++++++++++++++++++++++

SELECT `P_id`,
       `S_name`,
       `n`
FROM
  (SELECT `S_key`,
          `P_id`,
          `cost`,
          `S_name`,
          `n`
   FROM `input1` AS `LHS`
   INNER JOIN
     (SELECT *
      FROM
        (SELECT `S_key`,
                `S_name`,
                COUNT() AS `n`
         FROM `input2`
         GROUP BY `S_key`,
                  `S_name`)
      WHERE (`S_name` != 'SN1')) AS `RHS` ON (`LHS`.`S_key` = `RHS`.`S_key`))
