[info] Parsing specification...
[info] Parsing specification...
[info] Parsing specification...
[info] Parsing specification...
[debug] Reading input files...
[debug] Reading input files...
[info] Parsing specification...
[debug] Reading input files...
[debug] Reading input files...
[debug] Reading input files...
[debug] Generating DSL...
[debug] Generating DSL...
[info] Parsing succeeded
[debug] Generating DSL...
[info] Building synthesizer...
[info] Lines of Code: 1
[debug] Generating DSL...
[debug] Generating DSL...
[info] Parsing succeeded
[info] Building synthesizer...
[info] Lines of Code: 1
[info] Parsing succeeded
[info] Building synthesizer...
[info] Lines of Code: 1
[info] Parsing succeeded
[info] Building synthesizer...
[info] Lines of Code: 1
[info] Parsing succeeded
[info] Building synthesizer...
[info] Lines of Code: 1
[error] Number of Nodes: 5 
[error] Number of Variables: 6
[error] Number of Constraints: 54
[error] Time spent encoding: 0.037806034088134766
[error] UNSAT : There is no solution for current depth (loc=0), try to increase it (e.g. loc=1).
[info] Synthesizing programs...
[error] Total Time: 3.743171691894531e-05
[error] Total Solver Time: 2.6226043701171875e-05
[error] Total Time Symmetries: 0
[error] Total Blocked Models: 0
[info] No more queries to be tested. Solution not found!
[info] Increasing the number of lines of code.
[info] Lines of Code: 2
[error] Number of Nodes: 5 
[error] Number of Variables: 6
[error] Number of Constraints: 54
[error] Time spent encoding: 0.0389246940612793
[error] Number of Nodes: 5 
[error] Number of Variables: 6
[error] Number of Constraints: 54
[error] Time spent encoding: 0.0403285026550293
[error] UNSAT : There is no solution for current depth (loc=0), try to increase it (e.g. loc=1).
[info] Synthesizing programs...
[error] Total Time: 3.695487976074219e-05
[error] Total Solver Time: 2.574920654296875e-05
[error] Total Time Symmetries: 0
[error] Total Blocked Models: 0
[info] No more queries to be tested. Solution not found!
[info] Increasing the number of lines of code.
[info] Lines of Code: 2
[error] UNSAT : There is no solution for current depth (loc=0), try to increase it (e.g. loc=1).
[info] Synthesizing programs...
[error] Total Time: 3.7670135498046875e-05
[error] Total Solver Time: 2.6464462280273438e-05
[error] Total Time Symmetries: 0
[error] Total Blocked Models: 0
[info] No more queries to be tested. Solution not found!
[info] Increasing the number of lines of code.
[info] Lines of Code: 2
[error] Number of Nodes: 5 
[error] Number of Variables: 6
[error] Number of Constraints: 54
[error] Time spent encoding: 0.04589414596557617
[error] Number of Nodes: 5 
[error] Number of Variables: 6
[error] Number of Constraints: 54
[error] Time spent encoding: 0.04051780700683594
[error] UNSAT : There is no solution for current depth (loc=0), try to increase it (e.g. loc=1).
[info] Synthesizing programs...
[error] Total Time: 4.38690185546875e-05
[error] Total Solver Time: 3.075599670410156e-05
[error] Total Time Symmetries: 0
[error] Total Blocked Models: 0
[info] No more queries to be tested. Solution not found!
[info] Increasing the number of lines of code.
[info] Lines of Code: 2
[error] UNSAT : There is no solution for current depth (loc=0), try to increase it (e.g. loc=1).
[info] Synthesizing programs...
[error] Total Time: 0.0075452327728271484
[error] Total Solver Time: 0.007524728775024414
[error] Total Time Symmetries: 0
[error] Total Blocked Models: 0
[info] No more queries to be tested. Solution not found!
[info] Increasing the number of lines of code.
[info] Lines of Code: 2
[error] Number of Nodes: 10 
[error] Number of Variables: 16
[error] Number of Constraints: 148
[error] Time spent encoding: 0.08910965919494629
[error] UNSAT : There is no solution for current depth (loc=1), try to increase it (e.g. loc=2).
[info] Synthesizing programs...
[error] Total Time: 3.170967102050781e-05
[error] Total Solver Time: 2.6226043701171875e-05
[error] Total Time Symmetries: 0
[error] Total Blocked Models: 0
[info] No more queries to be tested. Solution not found!
[info] Increasing the number of lines of code.
[info] Lines of Code: 3
[error] Number of Nodes: 10 
[error] Number of Variables: 16
[error] Number of Constraints: 148
[error] Time spent encoding: 0.09001970291137695
[error] Number of Nodes: 10 
[error] Number of Variables: 16
[error] Number of Constraints: 148
[error] Time spent encoding: 0.09082818031311035
[error] Number of Nodes: 10 
[error] Number of Variables: 16
[error] Number of Constraints: 148
[error] Time spent encoding: 0.0902106761932373
[error] UNSAT : There is no solution for current depth (loc=1), try to increase it (e.g. loc=2).
[info] Synthesizing programs...
[error] Total Time: 3.0994415283203125e-05
[error] Total Solver Time: 2.5510787963867188e-05
[error] Total Time Symmetries: 0
[error] Total Blocked Models: 0
[info] No more queries to be tested. Solution not found!
[info] Increasing the number of lines of code.
[info] Lines of Code: 3
[error] UNSAT : There is no solution for current depth (loc=1), try to increase it (e.g. loc=2).
[info] Synthesizing programs...
[error] Total Time: 3.337860107421875e-05
[error] Total Solver Time: 2.765655517578125e-05
[error] Total Time Symmetries: 0
[error] Total Blocked Models: 0
[info] No more queries to be tested. Solution not found!
[info] Increasing the number of lines of code.
[info] Lines of Code: 3
[error] UNSAT : There is no solution for current depth (loc=1), try to increase it (e.g. loc=2).
[info] Synthesizing programs...
[error] Total Time: 3.457069396972656e-05
[error] Total Solver Time: 2.7894973754882812e-05
[error] Total Time Symmetries: 0
[error] Total Blocked Models: 0
[info] No more queries to be tested. Solution not found!
[info] Increasing the number of lines of code.
[info] Lines of Code: 3
[error] Number of Nodes: 10 
[error] Number of Variables: 16
[error] Number of Constraints: 148
[error] Time spent encoding: 0.09984040260314941
[error] UNSAT : There is no solution for current depth (loc=1), try to increase it (e.g. loc=2).
[info] Synthesizing programs...
[error] Total Time: 0.016988754272460938
[error] Total Solver Time: 0.016976594924926758
[error] Total Time Symmetries: 0
[error] Total Blocked Models: 0
[info] No more queries to be tested. Solution not found!
[info] Increasing the number of lines of code.
[info] Lines of Code: 3
[error] Number of Nodes: 15 
[error] Number of Variables: 30
[error] Number of Constraints: 284
[error] Time spent encoding: 0.1660289764404297
[error] Number of Nodes: 15 
[info] Synthesizing programs...
[error] Number of Variables: 30
[error] Number of Constraints: 284
[error] Time spent encoding: 0.1614522933959961
[error] Number of Nodes: 15 
[error] Number of Variables: 30
[error] Number of Constraints: 284
[error] Time spent encoding: 0.16145992279052734
[error] Number of Nodes: 15 
[error] Number of Variables: 30
[error] Number of Constraints: 284
[error] Time spent encoding: 0.16339969635009766
[info] Synthesizing programs...
[info] Synthesizing programs...
[info] Synthesizing programs...
[error] Number of Nodes: 15 
[error] Number of Variables: 30
[error] Number of Constraints: 284
[error] Time spent encoding: 0.16912484169006348
[info] Synthesizing programs...
[error] Total Solver Time: 0.06371355056762695
[error] Total Time Symmetries: 0
[error] Total Blocked Models: 0
[error] Total Solver Time: 0.06449413299560547
[error] Total Time Symmetries: 0
[error] Total Blocked Models: 0
[error] Total Solver Time: 0.06520390510559082
[error] Total Time Symmetries: 0
[error] Total Blocked Models: 0
[error] Total Solver Time: 0.06372356414794922
[error] Total Time Symmetries: 0
[error] Total Blocked Models: 0
[error] Total Solver Time: 0.12204837799072266
[error] Total Time Symmetries: 0
[error] Total Blocked Models: 0
[error] Total Solver Time: 0.1288139820098877
[error] Total Time Symmetries: 0
[error] Total Blocked Models: 0
[error] Total Solver Time: 0.12865781784057617
[error] Total Time Symmetries: 0
[error] Total Blocked Models: 0
[error] Total Solver Time: 0.1303722858428955
[error] Total Time Symmetries: 0
[error] Total Blocked Models: 0
[error] Total Solver Time: 0.12767624855041504
[error] Total Time Symmetries: 0
[error] Total Blocked Models: 0
[error] Total Solver Time: 0.20012974739074707
[error] Total Time Symmetries: 0
[error] Total Blocked Models: 0
[error] Total Solver Time: 0.19306445121765137
[error] Total Time Symmetries: 0
[error] Total Blocked Models: 0
[error] Total Solver Time: 0.192427396774292
[error] Total Time Symmetries: 0
[error] Total Blocked Models: 0
[error] Total Solver Time: 0.1959233283996582
[error] Total Time Symmetries: 0
[error] Total Blocked Models: 0
[error] Total Solver Time: 0.19442129135131836
[error] Total Time Symmetries: 0
[error] Total Blocked Models: 0
[error] Total Solver Time: 0.27863478660583496
[error] Total Time Symmetries: 0
[error] Total Blocked Models: 0
[error] Total Solver Time: 0.25670504570007324
[error] Total Time Symmetries: 0
[error] Total Blocked Models: 0
[error] Total Solver Time: 0.25807785987854004
[error] Total Time Symmetries: 0
[error] Total Blocked Models: 0
[error] Total Solver Time: 0.26027441024780273
[error] Total Time Symmetries: 0
[error] Total Blocked Models: 0
[error] Total Solver Time: 0.26080918312072754
[error] Total Time Symmetries: 0
[error] Total Blocked Models: 0
[error] Total Solver Time: 0.3599982261657715
[error] Total Time Symmetries: 0
[error] Total Blocked Models: 0
[error] Total Solver Time: 0.3212001323699951
[error] Total Time Symmetries: 0
[error] Total Blocked Models: 0
[error] Total Solver Time: 0.32169651985168457
[error] Total Time Symmetries: 0
[error] Total Blocked Models: 0
[error] Total Solver Time: 0.32596683502197266
[error] Total Time Symmetries: 0
[error] Total Blocked Models: 0
[error] Total Solver Time: 0.32549285888671875
[error] Total Time Symmetries: 0
[error] Total Blocked Models: 0
[error] Total Solver Time: 0.44335436820983887
[error] Total Time Symmetries: 0
[error] Total Blocked Models: 0
[error] Total Solver Time: 0.38648223876953125
[error] Total Time Symmetries: 0
[error] Total Blocked Models: 0
[error] Total Solver Time: 0.3864724636077881
[error] Total Time Symmetries: 0
[error] Total Blocked Models: 0
[error] Total Solver Time: 0.39203429222106934
[error] Total Time Symmetries: 0
[error] Total Blocked Models: 0
[error] Total Solver Time: 0.39151763916015625
[error] Total Time Symmetries: 0
[error] Total Blocked Models: 0
[error] Total Solver Time: 0.534722089767456
[error] Total Time Symmetries: 0
[error] Total Blocked Models: 0
[error] Total Solver Time: 0.4519691467285156
[error] Total Time Symmetries: 0
[error] Total Blocked Models: 0
[error] Total Solver Time: 0.4497849941253662
[error] Total Time Symmetries: 0
[error] Total Blocked Models: 0
[error] Total Solver Time: 0.45634984970092773
[error] Total Time Symmetries: 0
[error] Total Blocked Models: 0
[error] Total Solver Time: 0.45723462104797363
[error] Total Time Symmetries: 0
[error] Total Blocked Models: 0
[error] Total Solver Time: 0.6247522830963135
[error] Total Time Symmetries: 0
[error] Total Blocked Models: 0
[error] Total Solver Time: 0.5154001712799072
[error] Total Time Symmetries: 0
[error] Total Blocked Models: 0
[error] Total Solver Time: 0.5139968395233154
[error] Total Time Symmetries: 0
[error] Total Blocked Models: 0
[error] Total Solver Time: 0.5215442180633545
[error] Total Time Symmetries: 0
[error] Total Blocked Models: 0
[error] Total Solver Time: 0.5234851837158203
[error] Total Time Symmetries: 0
[error] Total Blocked Models: 0
[error] Total Solver Time: 0.7156977653503418
[error] Total Time Symmetries: 0
[error] Total Blocked Models: 0
[error] Total Solver Time: 0.5771875381469727
[error] Total Time Symmetries: 0
[error] Total Blocked Models: 0
[error] Total Solver Time: 0.5788755416870117
[error] Total Time Symmetries: 0
[error] Total Blocked Models: 0
[error] Total Solver Time: 0.587273120880127
[error] Total Time Symmetries: 0
[error] Total Blocked Models: 0
[error] Total Solver Time: 0.5893371105194092
[error] Total Time Symmetries: 0
[error] Total Blocked Models: 0
[error] Total Solver Time: 0.8095104694366455
[error] Total Time Symmetries: 0
[error] Total Blocked Models: 0
[error] Total Solver Time: 0.6415088176727295
[error] Total Time Symmetries: 0
[error] Total Blocked Models: 0
[error] Total Solver Time: 0.6445226669311523
[error] Total Time Symmetries: 0
[error] Total Blocked Models: 0
[error] Total Solver Time: 0.6556625366210938
[error] Total Time Symmetries: 0
[error] Total Blocked Models: 0
[error] Total Solver Time: 0.6513068675994873
[error] Total Time Symmetries: 0
[error] Total Blocked Models: 0
[error] Total Solver Time: 0.9031753540039062
[error] Total Time Symmetries: 0
[error] Total Blocked Models: 0
[error] Total Solver Time: 0.710468053817749
[error] Total Time Symmetries: 0
[error] Total Blocked Models: 0
[error] Total Solver Time: 0.7066328525543213
[error] Total Time Symmetries: 0
[error] Total Blocked Models: 0
[error] Total Solver Time: 0.7218079566955566
[error] Total Time Symmetries: 0
[error] Total Blocked Models: 0
[error] Total Solver Time: 0.7173941135406494
[error] Total Time Symmetries: 0
[error] Total Blocked Models: 0
[error] Total Solver Time: 0.9935107231140137
[error] Total Time Symmetries: 0
[error] Total Blocked Models: 0
[error] Total Solver Time: 0.7758023738861084
[error] Total Time Symmetries: 0
[error] Total Blocked Models: 0
[error] Total Solver Time: 0.7708146572113037
[error] Total Time Symmetries: 0
[error] Total Blocked Models: 0
[error] Total Solver Time: 0.7861695289611816
[error] Total Time Symmetries: 0
[error] Total Blocked Models: 0
[error] Total Solver Time: 0.7823426723480225
[error] Total Time Symmetries: 0
[error] Total Blocked Models: 0
[error] Total Solver Time: 1.086484432220459
[error] Total Time Symmetries: 0
[error] Total Blocked Models: 0
[error] Total Solver Time: 0.8381474018096924
[error] Total Time Symmetries: 0
[error] Total Blocked Models: 0
[error] Total Solver Time: 0.8358092308044434
[error] Total Time Symmetries: 0
[error] Total Blocked Models: 0
[error] Total Solver Time: 0.849384069442749
[error] Total Time Symmetries: 0
[error] Total Blocked Models: 0
[error] Total Solver Time: 0.8497922420501709
[error] Total Time Symmetries: 0
[error] Total Blocked Models: 0
[error] Total Solver Time: 1.1800742149353027
[error] Total Time Symmetries: 0
[error] Total Blocked Models: 0
[error] Total Time: 34.241313219070435
[error] Total Solver Time: 0.8834359645843506
[error] Total Time Symmetries: 0
[error] Total Blocked Models: 0
[info] No more queries to be tested. Solution not found!
[info] Increasing the number of lines of code.
[info] Lines of Code: 4
[error] Total Time: 34.280025482177734
[error] Total Solver Time: 0.8827252388000488
[error] Total Time Symmetries: 0
[error] Total Blocked Models: 0
[info] No more queries to be tested. Solution not found!
[info] Increasing the number of lines of code.
[info] Lines of Code: 4
[error] Number of Nodes: 20 
[error] Number of Variables: 48
[error] Number of Constraints: 462
[error] Time spent encoding: 0.25848937034606934
[error] Number of Nodes: 20 
[error] Number of Variables: 48
[error] Number of Constraints: 462
[error] Time spent encoding: 0.2603631019592285
[info] Synthesizing programs...
[info] Synthesizing programs...
[error] Total Time: 34.994507789611816
[error] Total Solver Time: 0.8997392654418945
[error] Total Time Symmetries: 0
[error] Total Blocked Models: 0
[info] No more queries to be tested. Solution not found!
[info] Increasing the number of lines of code.
[info] Lines of Code: 4
[error] Total Time: 35.049490213394165
[error] Total Solver Time: 0.8969895839691162
[error] Total Time Symmetries: 0
[error] Total Blocked Models: 0
[info] No more queries to be tested. Solution not found!
[info] Increasing the number of lines of code.
[info] Lines of Code: 4
[error] Number of Nodes: 20 
[error] Number of Variables: 48
[error] Number of Constraints: 462
[error] Time spent encoding: 0.259885311126709
[info] Synthesizing programs...
[error] Number of Nodes: 20 
[error] Number of Variables: 48
[error] Number of Constraints: 462
[error] Time spent encoding: 0.26315975189208984
[info] Synthesizing programs...
[error] Total Time: 35.5341432094574
[error] Total Solver Time: 1.2476038932800293
[error] Total Time Symmetries: 0
[error] Total Blocked Models: 0
[info] No more queries to be tested. Solution not found!
[info] Increasing the number of lines of code.
[info] Lines of Code: 4
[error] Number of Nodes: 20 
[error] Number of Variables: 48
[error] Number of Constraints: 462
[error] Time spent encoding: 0.27201199531555176
[info] Synthesizing programs...
[error] Total Solver Time: 0.0805962085723877
[error] Total Time Symmetries: 0
[error] Total Blocked Models: 0
[error] Total Solver Time: 0.07244014739990234
[error] Total Time Symmetries: 0
[error] Total Blocked Models: 0
[error] Total Solver Time: 0.07804083824157715
[error] Total Time Symmetries: 0
[error] Total Blocked Models: 0
[error] Total Solver Time: 0.08211541175842285
[error] Total Time Symmetries: 0
[error] Total Blocked Models: 0
[error] Total Solver Time: 0.17354559898376465
[error] Total Time Symmetries: 0
[error] Total Blocked Models: 0
[error] Total Solver Time: 0.14737939834594727
[error] Total Time Symmetries: 0
[error] Total Blocked Models: 0
[error] Total Solver Time: 0.1546468734741211
[error] Total Time Symmetries: 0
[error] Total Blocked Models: 0
[error] Total Solver Time: 0.1618633270263672
[error] Total Time Symmetries: 0
[error] Total Blocked Models: 0
[error] Total Solver Time: 0.15908527374267578
[error] Total Time Symmetries: 0
[error] Total Blocked Models: 0
[error] Total Solver Time: 0.2864394187927246
[error] Total Time Symmetries: 0
[error] Total Blocked Models: 0
[error] Total Solver Time: 0.2307143211364746
[error] Total Time Symmetries: 0
[error] Total Blocked Models: 0
[error] Total Solver Time: 0.24184060096740723
[error] Total Time Symmetries: 0
[error] Total Blocked Models: 0
[error] Total Solver Time: 0.22065472602844238
[error] Total Time Symmetries: 0
[error] Total Blocked Models: 0
[error] Total Solver Time: 0.23649168014526367
[error] Total Time Symmetries: 0
[error] Total Blocked Models: 0
[error] Total Solver Time: 0.4020955562591553
[error] Total Time Symmetries: 0
[error] Total Blocked Models: 0
[error] Total Solver Time: 0.30808568000793457
[error] Total Time Symmetries: 0
[error] Total Blocked Models: 0
[error] Total Solver Time: 0.3203153610229492
[error] Total Time Symmetries: 0
[error] Total Blocked Models: 0
[error] Total Solver Time: 0.2932455539703369
[error] Total Time Symmetries: 0
[error] Total Blocked Models: 0
[error] Total Solver Time: 0.31258440017700195
[error] Total Time Symmetries: 0
[error] Total Blocked Models: 0
[error] Total Solver Time: 0.5231094360351562
[error] Total Time Symmetries: 0
[error] Total Blocked Models: 0
[error] Total Solver Time: 0.398726224899292
[error] Total Time Symmetries: 0
[error] Total Blocked Models: 0
[error] Total Solver Time: 0.38575100898742676
[error] Total Time Symmetries: 0
[error] Total Blocked Models: 0
[error] Total Solver Time: 0.36989927291870117
[error] Total Time Symmetries: 0
[error] Total Blocked Models: 0
[error] Total Solver Time: 0.39070749282836914
[error] Total Time Symmetries: 0
[error] Total Blocked Models: 0
[error] Total Solver Time: 0.6456496715545654
[error] Total Time Symmetries: 0
[error] Total Blocked Models: 0
[error] Total Solver Time: 0.46426939964294434
[error] Total Time Symmetries: 0
[error] Total Blocked Models: 0
[error] Total Solver Time: 0.4768967628479004
[error] Total Time Symmetries: 0
[error] Total Blocked Models: 0
[error] Total Solver Time: 0.4454991817474365
[error] Total Time Symmetries: 0
[error] Total Blocked Models: 0
[error] Total Solver Time: 0.4686429500579834
[error] Total Time Symmetries: 0
[error] Total Blocked Models: 0
[error] Total Solver Time: 0.775240421295166
[error] Total Time Symmetries: 0
[error] Total Blocked Models: 0
[error] Total Solver Time: 0.5569429397583008
[error] Total Time Symmetries: 0
[error] Total Blocked Models: 0
[error] Total Solver Time: 0.5395503044128418
[error] Total Time Symmetries: 0
[error] Total Blocked Models: 0
[error] Total Solver Time: 0.5191264152526855
[error] Total Time Symmetries: 0
[error] Total Blocked Models: 0
[error] Total Solver Time: 0.5440876483917236
[error] Total Time Symmetries: 0
[error] Total Blocked Models: 0
[error] Total Solver Time: 0.930666446685791
[error] Total Time Symmetries: 0
[error] Total Blocked Models: 0
[error] Total Solver Time: 0.6366348266601562
[error] Total Time Symmetries: 0
[error] Total Blocked Models: 0
[error] Total Solver Time: 0.6179382801055908
[error] Total Time Symmetries: 0
[error] Total Blocked Models: 0
[error] Total Solver Time: 0.6236708164215088
[error] Total Time Symmetries: 0
[error] Total Blocked Models: 0
[error] Total Solver Time: 0.5925929546356201
[error] Total Time Symmetries: 0
[error] Total Blocked Models: 0
[error] Total Solver Time: 1.0662894248962402
[error] Total Time Symmetries: 0
[error] Total Blocked Models: 0
[error] Total Solver Time: 0.7157964706420898
[error] Total Time Symmetries: 0
[error] Total Blocked Models: 0
[error] Total Solver Time: 0.6910643577575684
[error] Total Time Symmetries: 0
[error] Total Blocked Models: 0
[error] Total Solver Time: 0.7026917934417725
[error] Total Time Symmetries: 0
[error] Total Blocked Models: 0
[error] Total Solver Time: 1.1987512111663818
[error] Total Time Symmetries: 0
[error] Total Blocked Models: 0
[error] Total Solver Time: 0.6689257621765137
[error] Total Time Symmetries: 0
[error] Total Blocked Models: 0
[error] Total Solver Time: 0.794456958770752
[error] Total Time Symmetries: 0
[error] Total Blocked Models: 0
[error] Total Solver Time: 0.7822067737579346
[error] Total Time Symmetries: 0
[error] Total Blocked Models: 0
[error] Total Solver Time: 0.7682416439056396
[error] Total Time Symmetries: 0
[error] Total Blocked Models: 0
[error] Total Solver Time: 1.3362383842468262
[error] Total Time Symmetries: 0
[error] Total Blocked Models: 0
[error] Total Solver Time: 0.8759078979492188
[error] Total Time Symmetries: 0
[error] Total Blocked Models: 0
[error] Total Solver Time: 0.7428891658782959
[error] Total Time Symmetries: 0
[error] Total Blocked Models: 0
[error] Total Solver Time: 0.8627157211303711
[error] Total Time Symmetries: 0
[error] Total Blocked Models: 0
[error] Total Solver Time: 1.4751853942871094
[error] Total Time Symmetries: 0
[error] Total Blocked Models: 0
[error] Total Solver Time: 0.8451328277587891
[error] Total Time Symmetries: 0
[error] Total Blocked Models: 0
[error] Total Solver Time: 0.9542310237884521
[error] Total Time Symmetries: 0
[error] Total Blocked Models: 0
[error] Total Solver Time: 0.8171746730804443
[error] Total Time Symmetries: 0
[error] Total Blocked Models: 0
[error] Total Solver Time: 0.944333553314209
[error] Total Time Symmetries: 0
[error] Total Blocked Models: 0
[error] Total Solver Time: 1.6152904033660889
[error] Total Time Symmetries: 0
[error] Total Blocked Models: 0
[error] Total Solver Time: 0.9233880043029785
[error] Total Time Symmetries: 0
[error] Total Blocked Models: 0
[error] Total Solver Time: 1.0335826873779297
[error] Total Time Symmetries: 0
[error] Total Blocked Models: 0
[error] Total Solver Time: 1.0259313583374023
[error] Total Time Symmetries: 0
[error] Total Blocked Models: 0
[error] Total Solver Time: 0.8941993713378906
[error] Total Time Symmetries: 0
[error] Total Blocked Models: 0
[error] Total Solver Time: 1.7589151859283447
[error] Total Time Symmetries: 0
[error] Total Blocked Models: 0
[error] Total Solver Time: 1.0036146640777588
[error] Total Time Symmetries: 0
[error] Total Blocked Models: 0
[error] Total Solver Time: 1.1176152229309082
[error] Total Time Symmetries: 0
[error] Total Blocked Models: 0
[error] Total Solver Time: 1.1077873706817627
[error] Total Time Symmetries: 0
[error] Total Blocked Models: 0
[error] Total Solver Time: 1.905930995941162
[error] Total Time Symmetries: 0
[error] Total Blocked Models: 0
[error] Total Solver Time: 0.9737560749053955
[error] Total Time Symmetries: 0
[error] Total Blocked Models: 0
[error] Total Solver Time: 1.0828602313995361
[error] Total Time Symmetries: 0
[error] Total Blocked Models: 0
[error] Total Solver Time: 1.1954123973846436
[error] Total Time Symmetries: 0
[error] Total Blocked Models: 0
[error] Total Solver Time: 1.1884348392486572
[error] Total Time Symmetries: 0
[error] Total Blocked Models: 0
[error] Total Solver Time: 2.0535662174224854
[error] Total Time Symmetries: 0
[error] Total Blocked Models: 0
[error] Total Solver Time: 1.0475730895996094
[error] Total Time Symmetries: 0
[error] Total Blocked Models: 0
[error] Total Solver Time: 1.1613919734954834
[error] Total Time Symmetries: 0
[error] Total Blocked Models: 0
[error] Total Solver Time: 1.2746691703796387
[error] Total Time Symmetries: 0
[error] Total Blocked Models: 0
[error] Total Solver Time: 1.2696301937103271
[error] Total Time Symmetries: 0
[error] Total Blocked Models: 0
[error] Total Solver Time: 2.1981143951416016
[error] Total Time Symmetries: 0
[error] Total Blocked Models: 0
[error] Total Solver Time: 1.1241309642791748
[error] Total Time Symmetries: 0
[error] Total Blocked Models: 0
[error] Total Solver Time: 1.241013765335083
[error] Total Time Symmetries: 0
[error] Total Blocked Models: 0
[error] Total Solver Time: 1.3487181663513184
[error] Total Time Symmetries: 0
[error] Total Blocked Models: 0
[error] Total Solver Time: 1.3563127517700195
[error] Total Time Symmetries: 0
[error] Total Blocked Models: 0
[error] Total Solver Time: 2.3471591472625732
[error] Total Time Symmetries: 0
[error] Total Blocked Models: 0
[error] Total Solver Time: 1.2008962631225586
[error] Total Time Symmetries: 0
[error] Total Blocked Models: 0
[error] Total Solver Time: 1.4278514385223389
[error] Total Time Symmetries: 0
[error] Total Blocked Models: 0
[error] Total Solver Time: 1.3197932243347168
[error] Total Time Symmetries: 0
[error] Total Blocked Models: 0
[error] Total Solver Time: 2.51175594329834
[error] Total Time Symmetries: 0
[error] Total Blocked Models: 0
[error] Total Solver Time: 1.4359416961669922
[error] Total Time Symmetries: 0
[error] Total Blocked Models: 0
[error] Total Solver Time: 1.5106048583984375
[error] Total Time Symmetries: 0
[error] Total Blocked Models: 0
[error] Total Solver Time: 1.277923345565796
[error] Total Time Symmetries: 0
[error] Total Blocked Models: 0
[error] Total Solver Time: 1.3984630107879639
[error] Total Time Symmetries: 0
[error] Total Blocked Models: 0
[error] Total Solver Time: 2.686004638671875
[error] Total Time Symmetries: 0
[error] Total Blocked Models: 0
[error] Total Solver Time: 1.5173289775848389
[error] Total Time Symmetries: 0
[error] Total Blocked Models: 0
[error] Total Solver Time: 1.591414213180542
[error] Total Time Symmetries: 0
[error] Total Blocked Models: 0
[error] Total Solver Time: 1.4772052764892578
[error] Total Time Symmetries: 0
[error] Total Blocked Models: 0
[error] Total Solver Time: 1.3585789203643799
[error] Total Time Symmetries: 0
[error] Total Blocked Models: 0
[error] Total Solver Time: 2.859910011291504
[error] Total Time Symmetries: 0
[error] Total Blocked Models: 0
[error] Total Solver Time: 1.596240758895874
[error] Total Time Symmetries: 0
[error] Total Blocked Models: 0
[error] Total Solver Time: 1.6714887619018555
[error] Total Time Symmetries: 0
[error] Total Blocked Models: 0
[error] Total Solver Time: 1.5556514263153076
[error] Total Time Symmetries: 0
[error] Total Blocked Models: 0
[error] Total Solver Time: 1.443443775177002
[error] Total Time Symmetries: 0
[error] Total Blocked Models: 0
[error] Total Solver Time: 1.6770999431610107
[error] Total Time Symmetries: 0
[error] Total Blocked Models: 0
[error] Total Solver Time: 3.028400182723999
[error] Total Time Symmetries: 0
[error] Total Blocked Models: 0
[error] Total Solver Time: 1.7514355182647705
[error] Total Time Symmetries: 0
[error] Total Blocked Models: 0
[error] Total Solver Time: 1.6329293251037598
[error] Total Time Symmetries: 0
[error] Total Blocked Models: 0
[error] Total Solver Time: 1.5206494331359863
[error] Total Time Symmetries: 0
[error] Total Blocked Models: 0
[error] Total Solver Time: 1.8316833972930908
[error] Total Time Symmetries: 0
[error] Total Blocked Models: 0
[error] Total Solver Time: 1.7593495845794678
[error] Total Time Symmetries: 0
[error] Total Blocked Models: 0
[error] Total Solver Time: 3.199570417404175
[error] Total Time Symmetries: 0
[error] Total Blocked Models: 0
[error] Total Solver Time: 1.71065092086792
[error] Total Time Symmetries: 0
[error] Total Blocked Models: 0
[error] Total Solver Time: 1.5983107089996338
[error] Total Time Symmetries: 0
[error] Total Blocked Models: 0
[error] Total Solver Time: 1.911116600036621
[error] Total Time Symmetries: 0
[error] Total Blocked Models: 0
[error] Total Solver Time: 1.8409638404846191
[error] Total Time Symmetries: 0
[error] Total Blocked Models: 0
[error] Total Solver Time: 3.3702661991119385
[error] Total Time Symmetries: 0
[error] Total Blocked Models: 0
[error] Total Solver Time: 1.7896754741668701
[error] Total Time Symmetries: 0
[error] Total Blocked Models: 0
[error] Total Solver Time: 1.676504373550415
[error] Total Time Symmetries: 0
[error] Total Blocked Models: 0
[error] Total Solver Time: 1.9954681396484375
[error] Total Time Symmetries: 0
[error] Total Blocked Models: 0
[error] Total Solver Time: 1.920851469039917
[error] Total Time Symmetries: 0
[error] Total Blocked Models: 0
[error] Total Solver Time: 3.545689344406128
[error] Total Time Symmetries: 0
[error] Total Blocked Models: 0
[error] Total Solver Time: 1.8695905208587646
[error] Total Time Symmetries: 0
[error] Total Blocked Models: 0
[error] Total Solver Time: 1.7533025741577148
[error] Total Time Symmetries: 0
[error] Total Blocked Models: 0
[error] Total Solver Time: 2.074002504348755
[error] Total Time Symmetries: 0
[error] Total Blocked Models: 0
[error] Total Solver Time: 1.998255968093872
[error] Total Time Symmetries: 0
[error] Total Blocked Models: 0
[error] Total Solver Time: 3.744885206222534
[error] Total Time Symmetries: 0
[error] Total Blocked Models: 0
[error] Total Solver Time: 1.8286430835723877
[error] Total Time Symmetries: 0
[error] Total Blocked Models: 0
[error] Total Solver Time: 1.950530767440796
[error] Total Time Symmetries: 0
[error] Total Blocked Models: 0
[error] Total Solver Time: 2.15207839012146
[error] Total Time Symmetries: 0
[error] Total Blocked Models: 0
[error] Total Solver Time: 3.964806318283081
[error] Total Time Symmetries: 0
[error] Total Blocked Models: 0
[error] Total Solver Time: 2.073343276977539
[error] Total Time Symmetries: 0
[error] Total Blocked Models: 0
[error] Total Solver Time: 1.9052188396453857
[error] Total Time Symmetries: 0
[error] Total Blocked Models: 0
[error] Total Solver Time: 2.031266212463379
[error] Total Time Symmetries: 0
[error] Total Blocked Models: 0
[error] Total Solver Time: 2.2300097942352295
[error] Total Time Symmetries: 0
[error] Total Blocked Models: 0
[error] Total Solver Time: 4.180433750152588
[error] Total Time Symmetries: 0
[error] Total Blocked Models: 0
[error] Total Solver Time: 2.151463270187378
[error] Total Time Symmetries: 0
[error] Total Blocked Models: 0
[error] Total Solver Time: 2.110790252685547
[error] Total Time Symmetries: 0
[error] Total Blocked Models: 0
[error] Total Solver Time: 1.9827611446380615
[error] Total Time Symmetries: 0
[error] Total Blocked Models: 0
[error] Total Solver Time: 2.30818772315979
[error] Total Time Symmetries: 0
[error] Total Blocked Models: 0
[error] Total Solver Time: 2.2346885204315186
[error] Total Time Symmetries: 0
[error] Total Blocked Models: 0
[error] Total Solver Time: 4.3932459354400635
[error] Total Time Symmetries: 0
[error] Total Blocked Models: 0
[error] Total Solver Time: 2.060072898864746
[error] Total Time Symmetries: 0
[error] Total Blocked Models: 0
[error] Total Solver Time: 2.1900579929351807
[error] Total Time Symmetries: 0
[error] Total Blocked Models: 0
[error] Total Solver Time: 2.3870201110839844
[error] Total Time Symmetries: 0
[error] Total Blocked Models: 0
[error] Total Solver Time: 4.5978429317474365
[error] Total Time Symmetries: 0
[error] Total Blocked Models: 0
[error] Total Solver Time: 2.3163633346557617
[error] Total Time Symmetries: 0
[error] Total Blocked Models: 0
[error] Total Solver Time: 2.1389241218566895
[error] Total Time Symmetries: 0
[error] Total Blocked Models: 0
[error] Total Solver Time: 2.466785430908203
[error] Total Time Symmetries: 0
[error] Total Blocked Models: 0
[error] Total Solver Time: 2.2672181129455566
[error] Total Time Symmetries: 0
[error] Total Blocked Models: 0
[error] Total Solver Time: 2.402554750442505
[error] Total Time Symmetries: 0
[error] Total Blocked Models: 0
[error] Total Solver Time: 4.803599834442139
[error] Total Time Symmetries: 0
[error] Total Blocked Models: 0
[error] Total Solver Time: 2.216585159301758
[error] Total Time Symmetries: 0
[error] Total Blocked Models: 0
[error] Total Solver Time: 2.5441949367523193
[error] Total Time Symmetries: 0
[error] Total Blocked Models: 0
[error] Total Solver Time: 2.345533609390259
[error] Total Time Symmetries: 0
[error] Total Blocked Models: 0
[error] Total Solver Time: 2.487833261489868
[error] Total Time Symmetries: 0
[error] Total Blocked Models: 0
[error] Total Solver Time: 5.012962579727173
[error] Total Time Symmetries: 0
[error] Total Blocked Models: 0
[error] Total Solver Time: 2.294250965118408
[error] Total Time Symmetries: 0
[error] Total Blocked Models: 0
[error] Total Solver Time: 2.625732660293579
[error] Total Time Symmetries: 0
[error] Total Blocked Models: 0
[error] Total Solver Time: 2.4249491691589355
[error] Total Time Symmetries: 0
[error] Total Blocked Models: 0
[error] Total Solver Time: 2.5746612548828125
[error] Total Time Symmetries: 0
[error] Total Blocked Models: 0
[error] Total Solver Time: 5.218976020812988
[error] Total Time Symmetries: 0
[error] Total Blocked Models: 0
[error] Total Solver Time: 2.370037794113159
[error] Total Time Symmetries: 0
[error] Total Blocked Models: 0
[error] Total Solver Time: 2.7056081295013428
[error] Total Time Symmetries: 0
[error] Total Blocked Models: 0
[error] Total Solver Time: 2.661958694458008
[error] Total Time Symmetries: 0
[error] Total Blocked Models: 0
[error] Total Solver Time: 2.504521608352661
[error] Total Time Symmetries: 0
[error] Total Blocked Models: 0
[error] Total Solver Time: 2.447127342224121
[error] Total Time Symmetries: 0
[error] Total Blocked Models: 0
[error] Total Solver Time: 5.425733804702759
[error] Total Time Symmetries: 0
[error] Total Blocked Models: 0
[error] Total Solver Time: 2.7855610847473145
[error] Total Time Symmetries: 0
[error] Total Blocked Models: 0
[error] Total Solver Time: 2.7476720809936523
[error] Total Time Symmetries: 0
[error] Total Blocked Models: 0
[error] Total Solver Time: 2.5248453617095947
[error] Total Time Symmetries: 0
[error] Total Blocked Models: 0
[error] Total Solver Time: 2.583125114440918
[error] Total Time Symmetries: 0
[error] Total Blocked Models: 0
[error] Total Solver Time: 2.86515212059021
[error] Total Time Symmetries: 0
[error] Total Blocked Models: 0
[error] Total Solver Time: 5.650880575180054
[error] Total Time Symmetries: 0
[error] Total Blocked Models: 0
[error] Total Solver Time: 2.834516763687134
[error] Total Time Symmetries: 0
[error] Total Blocked Models: 0
[error] Total Solver Time: 2.945067882537842
[error] Total Time Symmetries: 0
[error] Total Blocked Models: 0
[error] Total Solver Time: 2.604421854019165
[error] Total Time Symmetries: 0
[error] Total Blocked Models: 0
[error] Total Solver Time: 5.881758689880371
[error] Total Time Symmetries: 0
[error] Total Blocked Models: 0
[error] Total Solver Time: 2.6610400676727295
[error] Total Time Symmetries: 0
[error] Total Blocked Models: 0
[error] Total Solver Time: 2.9156105518341064
[error] Total Time Symmetries: 0
[error] Total Blocked Models: 0
[error] Total Solver Time: 3.0275840759277344
[error] Total Time Symmetries: 0
[error] Total Blocked Models: 0
[error] Total Solver Time: 6.113454341888428
[error] Total Time Symmetries: 0
[error] Total Blocked Models: 0
[error] Total Solver Time: 2.6831302642822266
[error] Total Time Symmetries: 0
[error] Total Blocked Models: 0
[error] Total Solver Time: 2.7423057556152344
[error] Total Time Symmetries: 0
[error] Total Blocked Models: 0
[error] Total Solver Time: 6.349497318267822
[error] Total Time Symmetries: 0
[error] Total Blocked Models: 0
[error] Total Solver Time: 3.1059679985046387
[error] Total Time Symmetries: 0
[error] Total Blocked Models: 0
[error] Total Solver Time: 2.9979729652404785
[error] Total Time Symmetries: 0
[error] Total Blocked Models: 0
[error] Total Solver Time: 2.7630698680877686
[error] Total Time Symmetries: 0
[error] Total Blocked Models: 0
[error] Total Solver Time: 6.584307670593262
[error] Total Time Symmetries: 0
[error] Total Blocked Models: 0
[error] Total Solver Time: 2.820962429046631
[error] Total Time Symmetries: 0
[error] Total Blocked Models: 0
[error] Total Solver Time: 3.184412717819214
[error] Total Time Symmetries: 0
[error] Total Blocked Models: 0
[error] Total Solver Time: 2.8458402156829834
[error] Total Time Symmetries: 0
[error] Total Blocked Models: 0
[error] Total Solver Time: 3.07839035987854
[error] Total Time Symmetries: 0
[error] Total Blocked Models: 0
[error] Total Solver Time: 6.827475547790527
[error] Total Time Symmetries: 0
[error] Total Blocked Models: 0
[error] Total Solver Time: 2.9001851081848145
[error] Total Time Symmetries: 0
[error] Total Blocked Models: 0
[error] Total Solver Time: 2.9270198345184326
[error] Total Time Symmetries: 0
[error] Total Blocked Models: 0
[error] Total Solver Time: 3.2609901428222656
[error] Total Time Symmetries: 0
[error] Total Blocked Models: 0
[error] Total Solver Time: 3.1611013412475586
[error] Total Time Symmetries: 0
[error] Total Blocked Models: 0
[error] Total Solver Time: 7.076242923736572
[error] Total Time Symmetries: 0
[error] Total Blocked Models: 0
[error] Total Solver Time: 2.9793758392333984
[error] Total Time Symmetries: 0
[error] Total Blocked Models: 0
[error] Total Solver Time: 3.005469560623169
[error] Total Time Symmetries: 0
[error] Total Blocked Models: 0
[error] Total Solver Time: 3.3410656452178955
[error] Total Time Symmetries: 0
[error] Total Blocked Models: 0
[error] Total Solver Time: 3.2445318698883057
[error] Total Time Symmetries: 0
[error] Total Blocked Models: 0
[error] Total Solver Time: 7.328587055206299
[error] Total Time Symmetries: 0
[error] Total Blocked Models: 0
[error] Total Solver Time: 3.060828924179077
[error] Total Time Symmetries: 0
[error] Total Blocked Models: 0
[error] Total Solver Time: 3.0833230018615723
[error] Total Time Symmetries: 0
[error] Total Blocked Models: 0
[error] Total Solver Time: 3.3332412242889404
[error] Total Time Symmetries: 0
[error] Total Blocked Models: 0
[error] Total Solver Time: 3.4195265769958496
[error] Total Time Symmetries: 0
[error] Total Blocked Models: 0
[error] Total Solver Time: 7.5809173583984375
[error] Total Time Symmetries: 0
[error] Total Blocked Models: 0
[error] Total Solver Time: 3.163789749145508
[error] Total Time Symmetries: 0
[error] Total Blocked Models: 0
[error] Total Solver Time: 3.1402361392974854
[error] Total Time Symmetries: 0
[error] Total Blocked Models: 0
[error] Total Solver Time: 7.834248065948486
[error] Total Time Symmetries: 0
[error] Total Blocked Models: 0
[error] Total Solver Time: 3.4229772090911865
[error] Total Time Symmetries: 0
[error] Total Blocked Models: 0
[error] Total Solver Time: 3.245914936065674
[error] Total Time Symmetries: 0
[error] Total Blocked Models: 0
[error] Total Solver Time: 3.4972851276397705
[error] Total Time Symmetries: 0
[error] Total Blocked Models: 0
[error] Total Solver Time: 3.2183730602264404
[error] Total Time Symmetries: 0
[error] Total Blocked Models: 0
[error] Total Solver Time: 3.5102357864379883
[error] Total Time Symmetries: 0
[error] Total Blocked Models: 0
[error] Total Solver Time: 8.108073234558105
[error] Total Time Symmetries: 0
[error] Total Blocked Models: 0
[error] Total Solver Time: 3.326535701751709
[error] Total Time Symmetries: 0
[error] Total Blocked Models: 0
[error] Total Solver Time: 3.57928204536438
[error] Total Time Symmetries: 0
[error] Total Blocked Models: 0
[error] Total Solver Time: 3.2993481159210205
[error] Total Time Symmetries: 0
[error] Total Blocked Models: 0
[error] Total Solver Time: 3.592766523361206
[error] Total Time Symmetries: 0
[error] Total Blocked Models: 0
[error] Total Solver Time: 3.6584997177124023
[error] Total Time Symmetries: 0
[error] Total Blocked Models: 0
[error] Total Solver Time: 3.4059977531433105
[error] Total Time Symmetries: 0
[error] Total Blocked Models: 0
[error] Total Solver Time: 8.387253046035767
[error] Total Time Symmetries: 0
[error] Total Blocked Models: 0
[error] Total Solver Time: 3.380368232727051
[error] Total Time Symmetries: 0
[error] Total Blocked Models: 0
[error] Total Solver Time: 3.7393863201141357
[error] Total Time Symmetries: 0
[error] Total Blocked Models: 0
[error] Total Solver Time: 3.678353786468506
[error] Total Time Symmetries: 0
[error] Total Blocked Models: 0
[error] Total Solver Time: 3.490368127822876
[error] Total Time Symmetries: 0
[error] Total Blocked Models: 0
[error] Total Solver Time: 8.671011209487915
[error] Total Time Symmetries: 0
[error] Total Blocked Models: 0
[error] Total Solver Time: 3.461357355117798
[error] Total Time Symmetries: 0
[error] Total Blocked Models: 0
[error] Total Solver Time: 3.8201005458831787
[error] Total Time Symmetries: 0
[error] Total Blocked Models: 0
[error] Total Solver Time: 3.762657642364502
[error] Total Time Symmetries: 0
[error] Total Blocked Models: 0
[error] Total Solver Time: 8.959876775741577
[error] Total Time Symmetries: 0
[error] Total Blocked Models: 0
[error] Total Solver Time: 3.5692291259765625
[error] Total Time Symmetries: 0
[error] Total Blocked Models: 0
[error] Total Solver Time: 3.856952428817749
[error] Total Time Symmetries: 0
[error] Total Blocked Models: 0
[error] Total Solver Time: 3.9009344577789307
[error] Total Time Symmetries: 0
[error] Total Blocked Models: 0
[error] Total Solver Time: 3.5337886810302734
[error] Total Time Symmetries: 0
[error] Total Blocked Models: 0
[error] Total Solver Time: 9.242980718612671
[error] Total Time Symmetries: 0
[error] Total Blocked Models: 0
[error] Total Solver Time: 3.959041118621826
[error] Total Time Symmetries: 0
[error] Total Blocked Models: 0
[error] Total Solver Time: 3.9823739528656006
[error] Total Time Symmetries: 0
[error] Total Blocked Models: 0
[error] Total Solver Time: 3.641550064086914
[error] Total Time Symmetries: 0
[error] Total Blocked Models: 0
[error] Total Solver Time: 3.613335609436035
[error] Total Time Symmetries: 0
[error] Total Blocked Models: 0
[error] Total Solver Time: 9.526312589645386
[error] Total Time Symmetries: 0
[error] Total Blocked Models: 0
[error] Total Solver Time: 4.066948652267456
[error] Total Time Symmetries: 0
[error] Total Blocked Models: 0
[error] Total Solver Time: 4.051549673080444
[error] Total Time Symmetries: 0
[error] Total Blocked Models: 0
[error] Total Solver Time: 3.722241163253784
[error] Total Time Symmetries: 0
[error] Total Blocked Models: 0
[error] Total Solver Time: 3.6929352283477783
[error] Total Time Symmetries: 0
[error] Total Blocked Models: 0
[error] Total Solver Time: 4.147101879119873
[error] Total Time Symmetries: 0
[error] Total Blocked Models: 0
[error] Total Solver Time: 9.819034099578857
[error] Total Time Symmetries: 0
[error] Total Blocked Models: 0
[error] Total Solver Time: 4.140233993530273
[error] Total Time Symmetries: 0
[error] Total Blocked Models: 0
[error] Total Solver Time: 3.771322727203369
[error] Total Time Symmetries: 0
[error] Total Blocked Models: 0
[error] Total Solver Time: 3.8024470806121826
[error] Total Time Symmetries: 0
[error] Total Blocked Models: 0
[error] Total Solver Time: 4.229917049407959
[error] Total Time Symmetries: 0
[error] Total Blocked Models: 0
[error] Total Solver Time: 10.11481785774231
[error] Total Time Symmetries: 0
[error] Total Blocked Models: 0
[error] Total Solver Time: 4.231631755828857
[error] Total Time Symmetries: 0
[error] Total Blocked Models: 0
[error] Total Solver Time: 4.312833309173584
[error] Total Time Symmetries: 0
[error] Total Blocked Models: 0
[error] Total Solver Time: 3.849444627761841
[error] Total Time Symmetries: 0
[error] Total Blocked Models: 0
[error] Total Solver Time: 10.41220235824585
[error] Total Time Symmetries: 0
[error] Total Blocked Models: 0
[error] Total Solver Time: 4.317870855331421
[error] Total Time Symmetries: 0
[error] Total Blocked Models: 0
[error] Total Solver Time: 3.8791589736938477
[error] Total Time Symmetries: 0
[error] Total Blocked Models: 0
[error] Total Solver Time: 4.401082754135132
[error] Total Time Symmetries: 0
[error] Total Blocked Models: 0
[error] Total Solver Time: 3.928797483444214
[error] Total Time Symmetries: 0
[error] Total Blocked Models: 0
[error] Total Solver Time: 4.409942626953125
[error] Total Time Symmetries: 0
[error] Total Blocked Models: 0
[error] Total Solver Time: 10.69812297821045
[error] Total Time Symmetries: 0
[error] Total Blocked Models: 0
[error] Total Solver Time: 3.956533193588257
[error] Total Time Symmetries: 0
[error] Total Blocked Models: 0
[error] Total Solver Time: 4.48327898979187
[error] Total Time Symmetries: 0
[error] Total Blocked Models: 0
[error] Total Solver Time: 4.498870849609375
[error] Total Time Symmetries: 0
[error] Total Blocked Models: 0
[error] Total Solver Time: 4.0046727657318115
[error] Total Time Symmetries: 0
[error] Total Blocked Models: 0
[error] Total Solver Time: 10.979583263397217
[error] Total Time Symmetries: 0
[error] Total Blocked Models: 0
[error] Total Solver Time: 4.035474538803101
[error] Total Time Symmetries: 0
[error] Total Blocked Models: 0
[error] Total Solver Time: 4.5666093826293945
[error] Total Time Symmetries: 0
[error] Total Blocked Models: 0
[error] Total Solver Time: 4.5948708057403564
[error] Total Time Symmetries: 0
[error] Total Blocked Models: 0
[error] Total Solver Time: 4.085963726043701
[error] Total Time Symmetries: 0
[error] Total Blocked Models: 0
[error] Total Solver Time: 11.26340126991272
[error] Total Time Symmetries: 0
[error] Total Blocked Models: 0
[error] Total Solver Time: 4.12598180770874
[error] Total Time Symmetries: 0
[error] Total Blocked Models: 0
[error] Total Solver Time: 4.646579027175903
[error] Total Time Symmetries: 0
[error] Total Blocked Models: 0
[error] Total Solver Time: 4.683993339538574
[error] Total Time Symmetries: 0
[error] Total Blocked Models: 0
[error] Total Solver Time: 4.166579961776733
[error] Total Time Symmetries: 0
[error] Total Blocked Models: 0
[error] Total Solver Time: 11.55141806602478
[error] Total Time Symmetries: 0
[error] Total Blocked Models: 0
[error] Total Solver Time: 4.725545406341553
[error] Total Time Symmetries: 0
[error] Total Blocked Models: 0
[error] Total Solver Time: 4.20189094543457
[error] Total Time Symmetries: 0
[error] Total Blocked Models: 0
[error] Total Solver Time: 4.247179985046387
[error] Total Time Symmetries: 0
[error] Total Blocked Models: 0
[error] Total Solver Time: 4.775453805923462
[error] Total Time Symmetries: 0
[error] Total Blocked Models: 0
[error] Total Solver Time: 11.845251083374023
[error] Total Time Symmetries: 0
[error] Total Blocked Models: 0
[error] Total Solver Time: 4.286185264587402
[error] Total Time Symmetries: 0
[error] Total Blocked Models: 0
[error] Total Solver Time: 4.809067249298096
[error] Total Time Symmetries: 0
[error] Total Blocked Models: 0
[error] Total Solver Time: 4.3281660079956055
[error] Total Time Symmetries: 0
[error] Total Blocked Models: 0
[error] Total Solver Time: 4.86065411567688
[error] Total Time Symmetries: 0
[error] Total Blocked Models: 0
[error] Total Solver Time: 12.146596431732178
[error] Total Time Symmetries: 0
[error] Total Blocked Models: 0
[error] Total Solver Time: 4.367450714111328
[error] Total Time Symmetries: 0
[error] Total Blocked Models: 0
[error] Total Solver Time: 4.890899181365967
[error] Total Time Symmetries: 0
[error] Total Blocked Models: 0
[error] Total Solver Time: 4.4092583656311035
[error] Total Time Symmetries: 0
[error] Total Blocked Models: 0
[error] Total Solver Time: 4.956188201904297
[error] Total Time Symmetries: 0
[error] Total Blocked Models: 0
[error] Total Solver Time: 12.45235538482666
[error] Total Time Symmetries: 0
[error] Total Blocked Models: 0
[error] Total Solver Time: 4.44664740562439
[error] Total Time Symmetries: 0
[error] Total Blocked Models: 0
[error] Total Solver Time: 4.491119146347046
[error] Total Time Symmetries: 0
[error] Total Blocked Models: 0
[error] Total Solver Time: 4.969738245010376
[error] Total Time Symmetries: 0
[error] Total Blocked Models: 0
[error] Total Solver Time: 5.046781778335571
[error] Total Time Symmetries: 0
[error] Total Blocked Models: 0
[error] Total Solver Time: 12.751162767410278
[error] Total Time Symmetries: 0
[error] Total Blocked Models: 0
[error] Total Solver Time: 5.052637100219727
[error] Total Time Symmetries: 0
[error] Total Blocked Models: 0
[error] Total Solver Time: 4.5248095989227295
[error] Total Time Symmetries: 0
[error] Total Blocked Models: 0
[error] Total Solver Time: 4.572046518325806
[error] Total Time Symmetries: 0
[error] Total Blocked Models: 0
[error] Total Solver Time: 5.148980140686035
[error] Total Time Symmetries: 0
[error] Total Blocked Models: 0
[error] Total Solver Time: 5.137335300445557
[error] Total Time Symmetries: 0
[error] Total Blocked Models: 0
[error] Total Solver Time: 13.056074142456055
[error] Total Time Symmetries: 0
[error] Total Blocked Models: 0
[error] Total Solver Time: 4.601618766784668
[error] Total Time Symmetries: 0
[error] Total Blocked Models: 0
[error] Total Solver Time: 4.651682615280151
[error] Total Time Symmetries: 0
[error] Total Blocked Models: 0
[error] Total Solver Time: 5.24075984954834
[error] Total Time Symmetries: 0
[error] Total Blocked Models: 0
[error] Total Solver Time: 13.366125583648682
[error] Total Time Symmetries: 0
[error] Total Blocked Models: 0
[error] Total Solver Time: 5.217458486557007
[error] Total Time Symmetries: 0
[error] Total Blocked Models: 0
[error] Total Solver Time: 4.681012153625488
[error] Total Time Symmetries: 0
[error] Total Blocked Models: 0
[error] Total Solver Time: 5.332744121551514
[error] Total Time Symmetries: 0
[error] Total Blocked Models: 0
[error] Total Solver Time: 4.731434106826782
[error] Total Time Symmetries: 0
[error] Total Blocked Models: 0
[error] Total Solver Time: 13.67421841621399
[error] Total Time Symmetries: 0
[error] Total Blocked Models: 0
[error] Total Solver Time: 5.2973244190216064
[error] Total Time Symmetries: 0
[error] Total Blocked Models: 0
[error] Total Solver Time: 4.76609206199646
[error] Total Time Symmetries: 0
[error] Total Solver Time: 5.423019886016846
[error] Total Blocked Models: 0
[error] Total Time Symmetries: 0
[error] Total Blocked Models: 0
[error] Total Solver Time: 4.808530330657959
[error] Total Time Symmetries: 0
[error] Total Blocked Models: 0
[error] Total Solver Time: 5.381985187530518
[error] Total Time Symmetries: 0
[error] Total Blocked Models: 0
[error] Total Solver Time: 4.845797538757324
[error] Total Time Symmetries: 0
[error] Total Blocked Models: 0
[error] Total Solver Time: 14.012535810470581
[error] Total Time Symmetries: 0
[error] Total Blocked Models: 0
[error] Total Solver Time: 5.515326976776123
[error] Total Time Symmetries: 0
[error] Total Blocked Models: 0
[error] Total Solver Time: 5.4625022411346436
[error] Total Time Symmetries: 0
[error] Total Blocked Models: 0
[error] Total Solver Time: 5.607396602630615
[error] Total Time Symmetries: 0
[error] Total Blocked Models: 0
[error] Total Solver Time: 4.927496910095215
[error] Total Time Symmetries: 0
[error] Total Blocked Models: 0
[error] Total Solver Time: 4.888134241104126
[error] Total Time Symmetries: 0
[error] Total Blocked Models: 0
[error] Total Solver Time: 14.406761407852173
[error] Total Time Symmetries: 0
[error] Total Blocked Models: 0
[error] Total Solver Time: 5.553200721740723
[error] Total Time Symmetries: 0
[error] Total Blocked Models: 0
[error] Total Solver Time: 5.703404664993286
[error] Total Time Symmetries: 0
[error] Total Blocked Models: 0
[error] Total Solver Time: 5.009130954742432
[error] Total Time Symmetries: 0
[error] Total Blocked Models: 0
[error] Total Solver Time: 14.794784784317017
[error] Total Time Symmetries: 0
[error] Total Blocked Models: 0
[error] Total Solver Time: 4.969103097915649
[error] Total Time Symmetries: 0
[error] Total Blocked Models: 0
[error] Total Solver Time: 5.637099504470825
[error] Total Time Symmetries: 0
[error] Total Blocked Models: 0
[error] Total Solver Time: 5.788259744644165
[error] Total Time Symmetries: 0
[error] Total Blocked Models: 0
[error] Total Solver Time: 5.104509353637695
[error] Total Time Symmetries: 0
[error] Total Blocked Models: 0
[error] Total Solver Time: 15.187892436981201
[error] Total Time Symmetries: 0
[error] Total Blocked Models: 0
[error] Total Solver Time: 5.051168918609619
[error] Total Time Symmetries: 0
[error] Total Blocked Models: 0
[error] Total Solver Time: 5.7214133739471436
[error] Total Time Symmetries: 0
[error] Total Blocked Models: 0
[error] Total Solver Time: 5.192779302597046
[error] Total Time Symmetries: 0
[error] Total Blocked Models: 0
[error] Total Solver Time: 5.885184288024902
[error] Total Time Symmetries: 0
[error] Total Blocked Models: 0
[error] Total Solver Time: 15.565393924713135
[error] Total Time Symmetries: 0
[error] Total Blocked Models: 0
[error] Total Solver Time: 5.802916765213013
[error] Total Time Symmetries: 0
[error] Total Blocked Models: 0
[error] Total Solver Time: 5.2733237743377686
[error] Total Time Symmetries: 0
[error] Total Blocked Models: 0
[error] Total Solver Time: 5.133877515792847
[error] Total Time Symmetries: 0
[error] Total Blocked Models: 0
[error] Total Solver Time: 5.97734808921814
[error] Total Time Symmetries: 0
[error] Total Blocked Models: 0
[error] Total Solver Time: 15.949193000793457
[error] Total Time Symmetries: 0
[error] Total Blocked Models: 0
[error] Total Solver Time: 5.882662534713745
[error] Total Time Symmetries: 0
[error] Total Blocked Models: 0
[error] Total Solver Time: 5.35579252243042
[error] Total Time Symmetries: 0
[error] Total Blocked Models: 0
[error] Total Solver Time: 5.214925050735474
[error] Total Time Symmetries: 0
[error] Total Blocked Models: 0
[error] Total Solver Time: 6.074963569641113
[error] Total Time Symmetries: 0
[error] Total Blocked Models: 0
[error] Total Solver Time: 5.970293283462524
[error] Total Time Symmetries: 0
[error] Total Blocked Models: 0
[error] Total Solver Time: 16.33021569252014
[error] Total Time Symmetries: 0
[error] Total Blocked Models: 0
[error] Total Solver Time: 6.168699026107788
[error] Total Time Symmetries: 0
[error] Total Blocked Models: 0
[error] Total Solver Time: 5.456275463104248
[error] Total Time Symmetries: 0
[error] Total Blocked Models: 0
[error] Total Solver Time: 5.297428369522095
[error] Total Time Symmetries: 0
[error] Total Blocked Models: 0
[error] Total Solver Time: 6.0526251792907715
[error] Total Time Symmetries: 0
[error] Total Blocked Models: 0
[error] Total Solver Time: 5.539045810699463
[error] Total Time Symmetries: 0
[error] Total Blocked Models: 0
[error] Total Solver Time: 6.274356842041016
[error] Total Time Symmetries: 0
[error] Total Blocked Models: 0
[error] Total Solver Time: 16.713607788085938
[error] Total Time Symmetries: 0
[error] Total Blocked Models: 0
[error] Total Solver Time: 5.380499362945557
[error] Total Time Symmetries: 0
[error] Total Blocked Models: 0
[error] Total Solver Time: 6.137842893600464
[error] Total Time Symmetries: 0
[error] Total Blocked Models: 0
[error] Total Solver Time: 5.629679203033447
[error] Total Time Symmetries: 0
[error] Total Blocked Models: 0
[error] Total Solver Time: 6.375219345092773
[error] Total Time Symmetries: 0
[error] Total Blocked Models: 0
[error] Total Solver Time: 5.462719202041626
[error] Total Time Symmetries: 0
[error] Total Blocked Models: 0
[error] Total Solver Time: 17.090165853500366
[error] Total Time Symmetries: 0
[error] Total Blocked Models: 0
[error] Total Solver Time: 6.226217269897461
[error] Total Time Symmetries: 0
[error] Total Blocked Models: 0
[error] Total Solver Time: 5.713385343551636
[error] Total Time Symmetries: 0
[error] Total Blocked Models: 0
[error] Total Solver Time: 6.456167936325073
[error] Total Time Symmetries: 0
[error] Total Blocked Models: 0
[error] Total Solver Time: 5.5455121994018555
[error] Total Time Symmetries: 0
[error] Total Blocked Models: 0
[error] Total Solver Time: 17.46996521949768
[error] Total Time Symmetries: 0
[error] Total Blocked Models: 0
[error] Total Solver Time: 5.798434734344482
[error] Total Time Symmetries: 0
[error] Total Blocked Models: 0
[error] Total Solver Time: 6.306633472442627
[error] Total Time Symmetries: 0
[error] Total Blocked Models: 0
[error] Total Solver Time: 6.564384698867798
[error] Total Time Symmetries: 0
[error] Total Blocked Models: 0
[error] Total Solver Time: 5.627926349639893
[error] Total Time Symmetries: 0
[error] Total Blocked Models: 0
[error] Total Solver Time: 5.888682126998901
[error] Total Time Symmetries: 0
[error] Total Blocked Models: 0
[error] Total Solver Time: 17.855475902557373
[error] Total Time Symmetries: 0
[error] Total Blocked Models: 0
[error] Total Solver Time: 6.386521339416504
[error] Total Time Symmetries: 0
[error] Total Blocked Models: 0
[error] Total Solver Time: 6.6698548793792725
[error] Total Time Symmetries: 0
[error] Total Blocked Models: 0
[error] Total Solver Time: 5.968430519104004
[error] Total Time Symmetries: 0
[error] Total Blocked Models: 0
[error] Total Solver Time: 5.7096757888793945
[error] Total Time Symmetries: 0
[error] Total Blocked Models: 0
[error] Total Solver Time: 18.24567413330078
[error] Total Time Symmetries: 0
[error] Total Blocked Models: 0
[error] Total Solver Time: 6.467032432556152
[error] Total Time Symmetries: 0
[error] Total Blocked Models: 0
[error] Total Solver Time: 6.777393102645874
[error] Total Time Symmetries: 0
[error] Total Blocked Models: 0
[error] Total Solver Time: 6.055730581283569
[error] Total Time Symmetries: 0
[error] Total Blocked Models: 0
[error] Total Solver Time: 5.793532371520996
[error] Total Time Symmetries: 0
[error] Total Blocked Models: 0
[error] Total Solver Time: 6.551994562149048
[error] Total Time Symmetries: 0
[error] Total Blocked Models: 0
[error] Total Solver Time: 18.642420768737793
[error] Total Time Symmetries: 0
[error] Total Blocked Models: 0
[error] Total Solver Time: 6.868160009384155
[error] Total Time Symmetries: 0
[error] Total Blocked Models: 0
[error] Total Solver Time: 5.875647783279419
[error] Total Time Symmetries: 0
[error] Total Blocked Models: 0
[error] Total Solver Time: 6.636187553405762
[error] Total Time Symmetries: 0
[error] Total Blocked Models: 0
[error] Total Solver Time: 6.135336399078369
[error] Total Time Symmetries: 0
[error] Total Blocked Models: 0
[error] Total Solver Time: 19.046537399291992
[error] Total Time Symmetries: 0
[error] Total Blocked Models: 0
[error] Total Solver Time: 6.961374759674072
[error] Total Time Symmetries: 0
[error] Total Blocked Models: 0
[error] Total Solver Time: 5.959564924240112
[error] Total Time Symmetries: 0
[error] Total Blocked Models: 0
[error] Total Solver Time: 6.7166173458099365
[error] Total Time Symmetries: 0
[error] Total Blocked Models: 0
[error] Total Solver Time: 6.222958564758301
[error] Total Time Symmetries: 0
[error] Total Blocked Models: 0
[error] Total Solver Time: 19.468850135803223
[error] Total Time Symmetries: 0
[error] Total Blocked Models: 0
[error] Total Solver Time: 7.047660827636719
[error] Total Time Symmetries: 0
[error] Total Blocked Models: 0
[error] Total Solver Time: 6.042840003967285
[error] Total Time Symmetries: 0
[error] Total Blocked Models: 0
[error] Total Solver Time: 6.797621011734009
[error] Total Time Symmetries: 0
[error] Total Blocked Models: 0
[error] Total Solver Time: 6.310251951217651
[error] Total Time Symmetries: 0
[error] Total Blocked Models: 0
[error] Total Solver Time: 7.141233682632446
[error] Total Time Symmetries: 0
[error] Total Blocked Models: 0
[error] Total Solver Time: 19.891940593719482
[error] Total Time Symmetries: 0
[error] Total Blocked Models: 0
[error] Total Solver Time: 6.1248557567596436
[error] Total Time Symmetries: 0
[error] Total Blocked Models: 0
[error] Total Solver Time: 6.3979644775390625
[error] Total Time Symmetries: 0
[error] Total Blocked Models: 0
[error] Total Solver Time: 6.879436254501343
[error] Total Time Symmetries: 0
[error] Total Blocked Models: 0
[error] Total Solver Time: 6.206990003585815
[error] Total Time Symmetries: 0
[error] Total Blocked Models: 0
[error] Total Solver Time: 7.253580808639526
[error] Total Time Symmetries: 0
[error] Total Blocked Models: 0
[error] Total Solver Time: 20.328484296798706
[error] Total Time Symmetries: 0
[error] Total Blocked Models: 0
[error] Total Solver Time: 6.479588985443115
[error] Total Time Symmetries: 0
[error] Total Blocked Models: 0
[error] Total Solver Time: 6.96999454498291
[error] Total Time Symmetries: 0
[error] Total Blocked Models: 0
[error] Total Solver Time: 6.292037010192871
[error] Total Time Symmetries: 0
[error] Total Blocked Models: 0
[error] Total Solver Time: 7.371471405029297
[error] Total Time Symmetries: 0
[error] Total Blocked Models: 0
[error] Total Solver Time: 6.560237884521484
[error] Total Time Symmetries: 0
[error] Total Blocked Models: 0
[error] Total Solver Time: 20.779897212982178
[error] Total Time Symmetries: 0
[error] Total Blocked Models: 0
[error] Total Solver Time: 7.054109811782837
[error] Total Time Symmetries: 0
[error] Total Blocked Models: 0
[error] Total Solver Time: 6.376345157623291
[error] Total Time Symmetries: 0
[error] Total Blocked Models: 0
[error] Total Solver Time: 7.466679573059082
[error] Total Time Symmetries: 0
[error] Total Blocked Models: 0
[error] Total Solver Time: 6.642624378204346
[error] Total Time Symmetries: 0
[error] Total Blocked Models: 0
[error] Total Solver Time: 21.224554777145386
[error] Total Time Symmetries: 0
[error] Total Blocked Models: 0
[error] Total Solver Time: 6.458025217056274
[error] Total Time Symmetries: 0
[error] Total Blocked Models: 0
[error] Total Solver Time: 7.138765573501587
[error] Total Time Symmetries: 0
[error] Total Blocked Models: 0
[error] Total Solver Time: 7.563447952270508
[error] Total Time Symmetries: 0
[error] Total Blocked Models: 0
[error] Total Solver Time: 6.733055591583252
[error] Total Time Symmetries: 0
[error] Total Blocked Models: 0
[error] Total Solver Time: 21.68215823173523
[error] Total Time Symmetries: 0
[error] Total Blocked Models: 0
[error] Total Solver Time: 6.5437140464782715
[error] Total Time Symmetries: 0
[error] Total Blocked Models: 0
[error] Total Solver Time: 7.2190327644348145
[error] Total Time Symmetries: 0
[error] Total Blocked Models: 0
[error] Total Solver Time: 7.6511390209198
[error] Total Time Symmetries: 0
[error] Total Blocked Models: 0
[error] Total Solver Time: 6.821147441864014
[error] Total Time Symmetries: 0
[error] Total Blocked Models: 0
[error] Total Solver Time: 6.631643533706665
[error] Total Time Symmetries: 0
[error] Total Blocked Models: 0
[error] Total Solver Time: 7.301130533218384
[error] Total Time Symmetries: 0
[error] Total Blocked Models: 0
[error] Total Solver Time: 22.149577856063843
[error] Total Time Symmetries: 0
[error] Total Blocked Models: 0
[error] Total Solver Time: 7.768484115600586
[error] Total Time Symmetries: 0
[error] Total Blocked Models: 0
[error] Total Solver Time: 6.900277376174927
[error] Total Time Symmetries: 0
[error] Total Blocked Models: 0
[error] Total Solver Time: 6.714780807495117
[error] Total Time Symmetries: 0
[error] Total Blocked Models: 0
[error] Total Solver Time: 7.384620428085327
[error] Total Time Symmetries: 0
[error] Total Blocked Models: 0
[error] Total Solver Time: 7.871127605438232
[error] Total Time Symmetries: 0
[error] Total Blocked Models: 0
[error] Total Solver Time: 22.59759259223938
[error] Total Time Symmetries: 0
[error] Total Blocked Models: 0
[error] Total Solver Time: 6.983314514160156
[error] Total Time Symmetries: 0
[error] Total Blocked Models: 0
[error] Total Solver Time: 6.797335624694824
[error] Total Time Symmetries: 0
[error] Total Blocked Models: 0
[error] Total Solver Time: 7.472091436386108
[error] Total Time Symmetries: 0
[error] Total Blocked Models: 0
[error] Total Solver Time: 7.975030899047852
[error] Total Time Symmetries: 0
[error] Total Blocked Models: 0
[error] Total Solver Time: 7.073955059051514
[error] Total Time Symmetries: 0
[error] Total Blocked Models: 0
[error] Total Solver Time: 7.553309917449951
[error] Total Time Symmetries: 0
[error] Total Blocked Models: 0
[error] Total Solver Time: 23.03565263748169
[error] Total Time Symmetries: 0
[error] Total Blocked Models: 0
[error] Total Solver Time: 6.8781914710998535
[error] Total Time Symmetries: 0
[error] Total Blocked Models: 0
[error] Total Solver Time: 8.080090522766113
[error] Total Time Symmetries: 0
[error] Total Blocked Models: 0
[error] Total Solver Time: 7.154979467391968
[error] Total Time Symmetries: 0
[error] Total Blocked Models: 0
[error] Total Solver Time: 7.6411542892456055
[error] Total Time Symmetries: 0
[error] Total Blocked Models: 0
[error] Total Solver Time: 6.961839199066162
[error] Total Time Symmetries: 0
[error] Total Blocked Models: 0
[error] Total Solver Time: 23.477535486221313
[error] Total Time Symmetries: 0
[error] Total Blocked Models: 0
[error] Total Solver Time: 8.187516927719116
[error] Total Time Symmetries: 0
[error] Total Blocked Models: 0
[error] Total Solver Time: 7.7320146560668945
[error] Total Time Symmetries: 0
[error] Total Blocked Models: 0
[error] Total Solver Time: 7.241586446762085
[error] Total Time Symmetries: 0
[error] Total Blocked Models: 0
[error] Total Solver Time: 7.045155048370361
[error] Total Time Symmetries: 0
[error] Total Blocked Models: 0
[error] Total Solver Time: 24.002063751220703
[error] Total Time Symmetries: 0
[error] Total Blocked Models: 0
[error] Total Solver Time: 8.282394409179688
[error] Total Time Symmetries: 0
[error] Total Blocked Models: 0
[error] Total Solver Time: 7.817053318023682
[error] Total Time Symmetries: 0
[error] Total Blocked Models: 0
[error] Total Solver Time: 7.326547384262085
[error] Total Time Symmetries: 0
[error] Total Blocked Models: 0
[error] Total Solver Time: 7.127656698226929
[error] Total Time Symmetries: 0
[error] Total Blocked Models: 0
[error] Total Solver Time: 7.906740188598633
[error] Total Time Symmetries: 0
[error] Total Blocked Models: 0
[error] Total Solver Time: 8.374294996261597
[error] Total Time Symmetries: 0
[error] Total Blocked Models: 0
[error] Total Solver Time: 24.531571626663208
[error] Total Time Symmetries: 0
[error] Total Blocked Models: 0
[error] Total Solver Time: 7.418697118759155
[error] Total Time Symmetries: 0
[error] Total Blocked Models: 0
[error] Total Solver Time: 7.212132692337036
[error] Total Time Symmetries: 0
[error] Total Blocked Models: 0
[error] Total Solver Time: 8.000141620635986
[error] Total Time Symmetries: 0
[error] Total Blocked Models: 0
[error] Total Solver Time: 8.471026182174683
[error] Total Time Symmetries: 0
[error] Total Blocked Models: 0
[error] Total Solver Time: 25.051772117614746
[error] Total Time Symmetries: 0
[error] Total Blocked Models: 0
[error] Total Solver Time: 7.5083909034729
[error] Total Time Symmetries: 0
[error] Total Blocked Models: 0
[error] Total Solver Time: 7.297987222671509
[error] Total Time Symmetries: 0
[error] Total Blocked Models: 0
[error] Total Solver Time: 8.090364694595337
[error] Total Time Symmetries: 0
[error] Total Blocked Models: 0
[error] Total Solver Time: 8.56684160232544
[error] Total Time Symmetries: 0
[error] Total Blocked Models: 0
[error] Total Solver Time: 7.604261159896851
[error] Total Time Symmetries: 0
[error] Total Blocked Models: 0
[error] Total Solver Time: 25.576011896133423
[error] Total Time Symmetries: 0
[error] Total Blocked Models: 0
[error] Total Solver Time: 7.382996559143066
[error] Total Time Symmetries: 0
[error] Total Blocked Models: 0
[error] Total Solver Time: 8.178444623947144
[error] Total Time Symmetries: 0
[error] Total Blocked Models: 0
[error] Total Solver Time: 8.649125337600708
[error] Total Time Symmetries: 0
[error] Total Blocked Models: 0
[error] Total Solver Time: 7.693737983703613
[error] Total Time Symmetries: 0
[error] Total Blocked Models: 0
[error] Total Solver Time: 26.105321645736694
[error] Total Time Symmetries: 0
[error] Total Blocked Models: 0
[error] Total Solver Time: 7.4670250415802
[error] Total Time Symmetries: 0
[error] Total Blocked Models: 0
[error] Total Solver Time: 8.740237712860107
[error] Total Time Symmetries: 0
[error] Total Blocked Models: 0
[error] Total Solver Time: 8.256521701812744
[error] Total Time Symmetries: 0
[error] Total Blocked Models: 0
[error] Total Solver Time: 7.774863004684448
[error] Total Time Symmetries: 0
[error] Total Blocked Models: 0
[error] Total Solver Time: 26.66947913169861
[error] Total Time Symmetries: 0
[error] Total Blocked Models: 0
[error] Total Solver Time: 7.552944183349609
[error] Total Time Symmetries: 0
[error] Total Blocked Models: 0
[error] Total Solver Time: 8.82623815536499
[error] Total Time Symmetries: 0
[error] Total Blocked Models: 0
[error] Total Solver Time: 7.85917067527771
[error] Total Time Symmetries: 0
[error] Total Blocked Models: 0
[error] Total Solver Time: 8.33761978149414
[error] Total Time Symmetries: 0
[error] Total Blocked Models: 0
[error] Total Solver Time: 8.929522275924683
[error] Total Time Symmetries: 0
[error] Total Blocked Models: 0
[error] Total Solver Time: 7.637784719467163
[error] Total Time Symmetries: 0
[error] Total Blocked Models: 0
[error] Total Solver Time: 7.938661098480225
[error] Total Time Symmetries: 0
[error] Total Blocked Models: 0
[error] Total Solver Time: 27.236366271972656
[error] Total Time Symmetries: 0
[error] Total Blocked Models: 0
[error] Total Solver Time: 8.416543006896973
[error] Total Time Symmetries: 0
[error] Total Blocked Models: 0
[error] Total Solver Time: 9.019004821777344
[error] Total Time Symmetries: 0
[error] Total Blocked Models: 0
[error] Total Solver Time: 7.721950531005859
[error] Total Time Symmetries: 0
[error] Total Blocked Models: 0
[error] Total Solver Time: 8.02277684211731
[error] Total Time Symmetries: 0
[error] Total Blocked Models: 0
[error] Total Solver Time: 8.498130083084106
[error] Total Time Symmetries: 0
[error] Total Blocked Models: 0
[error] Total Solver Time: 27.78927755355835
[error] Total Time Symmetries: 0
[error] Total Blocked Models: 0
[error] Total Solver Time: 7.809693336486816
[error] Total Time Symmetries: 0
[error] Total Blocked Models: 0
[error] Total Solver Time: 8.58303189277649
[error] Total Time Symmetries: 0
[error] Total Blocked Models: 0
[error] Total Solver Time: 8.105950832366943
[error] Total Time Symmetries: 0
[error] Total Blocked Models: 0
[error] Total Solver Time: 9.10224175453186
[error] Total Time Symmetries: 0
[error] Total Blocked Models: 0
[error] Total Solver Time: 28.34159564971924
[error] Total Time Symmetries: 0
[error] Total Blocked Models: 0
[error] Total Solver Time: 8.663128852844238
[error] Total Time Symmetries: 0
[error] Total Blocked Models: 0
[error] Total Solver Time: 7.892090320587158
[error] Total Time Symmetries: 0
[error] Total Blocked Models: 0
[error] Total Solver Time: 8.19183897972107
[error] Total Time Symmetries: 0
[error] Total Blocked Models: 0
[error] Total Solver Time: 9.187407732009888
[error] Total Time Symmetries: 0
[error] Total Blocked Models: 0
[error] Total Solver Time: 28.885221242904663
[error] Total Time Symmetries: 0
[error] Total Blocked Models: 0
[error] Total Solver Time: 8.744941711425781
[error] Total Time Symmetries: 0
[error] Total Blocked Models: 0
[error] Total Solver Time: 7.973072528839111
[error] Total Time Symmetries: 0
[error] Total Blocked Models: 0
[error] Total Solver Time: 8.286664009094238
[error] Total Time Symmetries: 0
[error] Total Blocked Models: 0
[error] Total Solver Time: 9.331128597259521
[error] Total Time Symmetries: 0
[error] Total Blocked Models: 0
[error] Total Solver Time: 8.828276872634888
[error] Total Time Symmetries: 0
[error] Total Blocked Models: 0
[error] Total Solver Time: 29.438209533691406
[error] Total Time Symmetries: 0
[error] Total Blocked Models: 0
[error] Total Solver Time: 8.055500507354736
[error] Total Time Symmetries: 0
[error] Total Blocked Models: 0
[error] Total Solver Time: 8.378052473068237
[error] Total Time Symmetries: 0
[error] Total Blocked Models: 0
[error] Total Solver Time: 9.466020822525024
[error] Total Time Symmetries: 0
[error] Total Blocked Models: 0
[error] Total Solver Time: 8.91382622718811
[error] Total Time Symmetries: 0
[error] Total Blocked Models: 0
[error] Total Solver Time: 29.99150037765503
[error] Total Time Symmetries: 0
[error] Total Blocked Models: 0
[error] Total Solver Time: 8.13872504234314
[error] Total Time Symmetries: 0
[error] Total Blocked Models: 0
[error] Total Solver Time: 8.458564281463623
[error] Total Time Symmetries: 0
[error] Total Blocked Models: 0
[error] Total Solver Time: 9.562422752380371
[error] Total Time Symmetries: 0
[error] Total Blocked Models: 0
[error] Total Solver Time: 8.995876550674438
[error] Total Time Symmetries: 0
[error] Total Blocked Models: 0
[error] Total Solver Time: 30.549165964126587
[error] Total Time Symmetries: 0
[error] Total Blocked Models: 0
[error] Total Solver Time: 8.548564434051514
[error] Total Time Symmetries: 0
[error] Total Blocked Models: 0
[error] Total Solver Time: 8.218493700027466
[error] Total Time Symmetries: 0
[error] Total Blocked Models: 0
[error] Total Solver Time: 9.651190280914307
[error] Total Time Symmetries: 0
[error] Total Blocked Models: 0
[error] Total Solver Time: 9.080492973327637
[error] Total Time Symmetries: 0
[error] Total Blocked Models: 0
[error] Total Solver Time: 8.62819504737854
[error] Total Time Symmetries: 0
[error] Total Blocked Models: 0
[error] Total Solver Time: 9.730900764465332
[error] Total Time Symmetries: 0
[error] Total Blocked Models: 0
[error] Total Solver Time: 8.297976970672607
[error] Total Time Symmetries: 0
[error] Total Blocked Models: 0
[error] Total Solver Time: 31.13071370124817
[error] Total Time Symmetries: 0
[error] Total Blocked Models: 0
[error] Total Solver Time: 9.160330533981323
[error] Total Time Symmetries: 0
[error] Total Blocked Models: 0
[error] Total Solver Time: 8.71395230293274
[error] Total Time Symmetries: 0
[error] Total Blocked Models: 0
[error] Total Solver Time: 9.239570379257202
[error] Total Time Symmetries: 0
[error] Total Blocked Models: 0
[error] Total Solver Time: 8.379619836807251
[error] Total Time Symmetries: 0
[error] Total Blocked Models: 0
[error] Total Solver Time: 9.815397024154663
[error] Total Time Symmetries: 0
[error] Total Blocked Models: 0
[error] Total Solver Time: 31.681029319763184
[error] Total Time Symmetries: 0
[error] Total Blocked Models: 0
[error] Total Solver Time: 8.802818536758423
[error] Total Time Symmetries: 0
[error] Total Blocked Models: 0
[error] Total Solver Time: 9.32443380355835
[error] Total Time Symmetries: 0
[error] Total Blocked Models: 0
[error] Total Solver Time: 8.463594436645508
[error] Total Time Symmetries: 0
[error] Total Blocked Models: 0
[error] Total Solver Time: 9.901652097702026
[error] Total Time Symmetries: 0
[error] Total Blocked Models: 0
[error] Total Solver Time: 32.220019578933716
[error] Total Time Symmetries: 0
[error] Total Blocked Models: 0
[error] Total Solver Time: 9.409800052642822
[error] Total Time Symmetries: 0
[error] Total Blocked Models: 0
[error] Total Solver Time: 8.545106172561646
[error] Total Time Symmetries: 0
[error] Total Blocked Models: 0
[error] Total Solver Time: 10.00824236869812
[error] Total Time Symmetries: 0
[error] Total Blocked Models: 0
[error] Total Solver Time: 8.899752378463745
[error] Total Time Symmetries: 0
[error] Total Blocked Models: 0
[error] Total Solver Time: 9.494504928588867
[error] Total Time Symmetries: 0
[error] Total Blocked Models: 0
[error] Total Solver Time: 8.62762975692749
[error] Total Time Symmetries: 0
[error] Total Blocked Models: 0
[error] Total Solver Time: 10.096379280090332
[error] Total Time Symmetries: 0
[error] Total Blocked Models: 0
[error] Total Solver Time: 10.099486827850342
[error] Total Time Symmetries: 0
[error] Total Blocked Models: 0
[error] Total Time: 348.2153973579407
[info] Solution found: select(inner_join3(summariseGrouped(@param0, meancost = mean(cost), P_id, S_key), @param1, summariseGrouped(@param0, meancost = mean(cost), P_id)), P_id,S_name, distinct)
[error] Total Solver Time: 8.980398893356323
[error] Total Time Symmetries: 0
[error] Total Blocked Models: 0
[error] Total Solver Time: 32.75372767448425
[error] Total Time Symmetries: 0
[error] Total Blocked Models: 0
[debug] Solution found using process 4: Config(disabled=[], alt_empty_pos=False, shuffle_cols=False, z3_sat_phase='random', z3_QF_FD=True)

------------------------------------- R Solution ---------------------------------------

con <- DBI::dbConnect(RSQLite::SQLite(), ":memory:")
input1 <- read.table("tests-examples/cp19/tables/18-1.txt", sep=",", header=T)
input1 <- copy_to(con, input1)
input2 <- read.table("tests-examples/cp19/tables/18-3.txt", sep=",", header=T)
input2 <- copy_to(con, input2)
expected_output <- read.table("tests-examples/cp19/tables/49.out", sep =",", header=T)

RET_DF21788 <- input1 %>% group_by(P_id, S_key) %>% summarise(meancost = mean(cost))
RET_DF21789 <- input1 %>% group_by(P_id) %>% summarise(meancost = mean(cost))
RET_DF21790 <- inner_join(inner_join(RET_DF21788, input2), RET_DF21789)
RET_DF21791 <- RET_DF21790 %>% ungroup() %>% select(P_id,S_name) %>% distinct()


+++++++++++++++++++++++++++++++++++++ SQL Solution +++++++++++++++++++++++++++++++++++++

SELECT DISTINCT `P_id`,
                `S_name`
FROM
  (SELECT `P_id`,
          `S_key`,
          `meancost`,
          `S_name`
   FROM
     (SELECT `P_id`,
             `S_key`,
             `meancost`,
             `S_name`
      FROM
        (SELECT `P_id`,
                `S_key`,
                AVG(`cost`) AS `meancost`
         FROM `input1`
         GROUP BY `P_id`,
                  `S_key`) AS `LHS`
      INNER JOIN `input2` AS `RHS` ON (`LHS`.`S_key` = `RHS`.`S_key`)) AS `LHS`
   INNER JOIN
     (SELECT `P_id`,
             AVG(`cost`) AS `meancost`
      FROM `input1`
      GROUP BY `P_id`) AS `RHS` ON (`LHS`.`P_id` = `RHS`.`P_id`
                                    AND `LHS`.`meancost` = `RHS`.`meancost`))
