[info] Parsing specification...
[info] Parsing specification...
[info] Parsing specification...
[info] Parsing specification...
[debug] Reading input files...
[debug] Reading input files...
[info] Parsing specification...
[debug] Reading input files...
[debug] Reading input files...
[debug] Reading input files...
[debug] Generating DSL...
[info] Parsing succeeded
[info] Building synthesizer...
[info] Lines of Code: 1
[debug] Generating DSL...
[debug] Generating DSL...
[debug] Generating DSL...
[debug] Generating DSL...
[info] Parsing succeeded
[info] Building synthesizer...
[info] Lines of Code: 1
[info] Parsing succeeded
[info] Building synthesizer...
[info] Lines of Code: 1
[info] Parsing succeeded
[info] Building synthesizer...
[info] Lines of Code: 1
[info] Parsing succeeded
[info] Building synthesizer...
[info] Lines of Code: 1
[error] Number of Nodes: 5 
[error] Number of Variables: 6
[error] Number of Constraints: 54
[error] Time spent encoding: 0.04714393615722656
[error] UNSAT : There is no solution for current depth (loc=0), try to increase it (e.g. loc=1).
[info] Synthesizing programs...
[error] Total Time: 3.910064697265625e-05
[error] Total Solver Time: 2.7179718017578125e-05
[error] Total Time Symmetries: 0
[error] Total Blocked Models: 0
[info] No more queries to be tested. Solution not found!
[info] Increasing the number of lines of code.
[info] Lines of Code: 2
[error] Number of Nodes: 5 
[error] Number of Variables: 6
[error] Number of Constraints: 54
[error] Time spent encoding: 0.04783320426940918
[error] Number of Nodes: 5 
[error] Number of Variables: 6
[error] Number of Constraints: 54
[error] Time spent encoding: 0.047547340393066406
[error] Number of Nodes: 5 
[error] Number of Variables: 6
[error] Number of Constraints: 54
[error] Time spent encoding: 0.04913663864135742
[error] UNSAT : There is no solution for current depth (loc=0), try to increase it (e.g. loc=1).
[info] Synthesizing programs...
[error] Total Time: 3.695487976074219e-05
[error] Total Solver Time: 2.574920654296875e-05
[error] Total Time Symmetries: 0
[error] Total Blocked Models: 0
[info] No more queries to be tested. Solution not found!
[info] Increasing the number of lines of code.
[info] Lines of Code: 2
[error] Number of Nodes: 5 
[error] Number of Variables: 6
[error] Number of Constraints: 54
[error] Time spent encoding: 0.05414724349975586
[error] UNSAT : There is no solution for current depth (loc=0), try to increase it (e.g. loc=1).
[error] UNSAT : There is no solution for current depth (loc=0), try to increase it (e.g. loc=1).
[info] Synthesizing programs...
[info] Synthesizing programs...
[error] Total Time: 4.220008850097656e-05
[error] Total Solver Time: 2.956390380859375e-05
[error] Total Time: 3.8623809814453125e-05
[error] Total Time Symmetries: 0
[error] Total Blocked Models: 0
[error] Total Solver Time: 2.5987625122070312e-05
[info] No more queries to be tested. Solution not found!
[error] Total Time Symmetries: 0
[info] Increasing the number of lines of code.
[error] Total Blocked Models: 0
[info] Lines of Code: 2
[info] No more queries to be tested. Solution not found!
[info] Increasing the number of lines of code.
[info] Lines of Code: 2
[error] UNSAT : There is no solution for current depth (loc=0), try to increase it (e.g. loc=1).
[info] Synthesizing programs...
[error] Total Time: 0.008437395095825195
[error] Total Solver Time: 0.008414983749389648
[error] Total Time Symmetries: 0
[error] Total Blocked Models: 0
[info] No more queries to be tested. Solution not found!
[info] Increasing the number of lines of code.
[info] Lines of Code: 2
[error] Number of Nodes: 10 
[error] Number of Variables: 16
[error] Number of Constraints: 147
[error] Time spent encoding: 0.10741305351257324
[error] UNSAT : There is no solution for current depth (loc=1), try to increase it (e.g. loc=2).
[info] Synthesizing programs...
[error] Total Time: 3.62396240234375e-05
[error] Total Solver Time: 3.0040740966796875e-05
[error] Total Time Symmetries: 0
[error] Total Blocked Models: 0
[info] No more queries to be tested. Solution not found!
[info] Increasing the number of lines of code.
[info] Lines of Code: 3
[error] Number of Nodes: 10 
[error] Number of Variables: 16
[error] Number of Constraints: 147
[error] Time spent encoding: 0.10737299919128418
[error] Number of Nodes: 10 
[error] Number of Nodes: 10 
[error] Number of Variables: 16
[error] Number of Variables: 16
[error] Number of Constraints: 147
[error] Number of Constraints: 147
[error] Time spent encoding: 0.10757136344909668
[error] Time spent encoding: 0.1076664924621582
[error] UNSAT : There is no solution for current depth (loc=1), try to increase it (e.g. loc=2).
[info] Synthesizing programs...
[error] Total Time: 4.029273986816406e-05
[error] Total Solver Time: 3.361701965332031e-05
[error] Total Time Symmetries: 0
[error] Total Blocked Models: 0
[info] No more queries to be tested. Solution not found!
[info] Increasing the number of lines of code.
[info] Lines of Code: 3
[error] UNSAT : There is no solution for current depth (loc=1), try to increase it (e.g. loc=2).
[info] Synthesizing programs...
[error] Total Time: 5.459785461425781e-05
[error] Total Solver Time: 4.7206878662109375e-05
[error] Total Time Symmetries: 0
[error] Total Blocked Models: 0
[info] No more queries to be tested. Solution not found!
[info] Increasing the number of lines of code.
[info] Lines of Code: 3
[error] UNSAT : There is no solution for current depth (loc=1), try to increase it (e.g. loc=2).
[info] Synthesizing programs...
[error] Total Time: 3.3855438232421875e-05
[error] Total Solver Time: 2.7894973754882812e-05
[error] Total Time Symmetries: 0
[error] Total Blocked Models: 0
[info] No more queries to be tested. Solution not found!
[info] Increasing the number of lines of code.
[info] Lines of Code: 3
[error] Number of Nodes: 10 
[error] Number of Variables: 16
[error] Number of Constraints: 147
[error] Time spent encoding: 0.11683082580566406
[error] UNSAT : There is no solution for current depth (loc=1), try to increase it (e.g. loc=2).
[info] Synthesizing programs...
[error] Total Time: 0.02546215057373047
[error] Total Solver Time: 0.025449037551879883
[error] Total Time Symmetries: 0
[error] Total Blocked Models: 0
[info] No more queries to be tested. Solution not found!
[info] Increasing the number of lines of code.
[info] Lines of Code: 3
[error] Number of Nodes: 15 
[error] Number of Variables: 30
[error] Number of Constraints: 282
[error] Time spent encoding: 0.18946242332458496
[error] Number of Nodes: 15 
[error] Number of Variables: 30
[error] Number of Constraints: 282
[error] Time spent encoding: 0.18932580947875977
[error] Number of Nodes: 15 
[error] Number of Variables: 30
[error] Number of Constraints: 282
[error] Time spent encoding: 0.18822097778320312
[info] Synthesizing programs...
[error] Number of Nodes: 15 
[error] Number of Variables: 30
[error] Number of Constraints: 282
[error] Time spent encoding: 0.190582275390625
[info] Synthesizing programs...
[info] Synthesizing programs...
[info] Synthesizing programs...
[error] Number of Nodes: 15 
[error] Number of Variables: 30
[error] Number of Constraints: 282
[error] Time spent encoding: 0.1972823143005371
[info] Synthesizing programs...
[error] Total Time: 1.5718181133270264
[error] Total Time: 1.5733320713043213
[error] Total Solver Time: 0.027576923370361328
[error] Total Solver Time: 0.0335993766784668
[error] Total Time Symmetries: 0
[error] Total Time Symmetries: 0
[error] Total Blocked Models: 0
[error] Total Blocked Models: 0
[info] No more queries to be tested. Solution not found!
[info] No more queries to be tested. Solution not found!
[info] Increasing the number of lines of code.
[info] Increasing the number of lines of code.
[info] Lines of Code: 4
[info] Lines of Code: 4
[error] Total Time: 1.6063904762268066
[error] Total Solver Time: 0.028599262237548828
[error] Total Time Symmetries: 0
[error] Total Blocked Models: 0
[info] No more queries to be tested. Solution not found!
[info] Increasing the number of lines of code.
[info] Lines of Code: 4
[error] Total Time: 1.6133768558502197
[error] Total Solver Time: 0.02816486358642578
[error] Total Time Symmetries: 0
[error] Total Blocked Models: 0
[info] No more queries to be tested. Solution not found!
[info] Increasing the number of lines of code.
[info] Lines of Code: 4
[error] Total Time: 1.702023983001709
[error] Total Solver Time: 0.13002896308898926
[error] Total Time Symmetries: 0
[error] Total Blocked Models: 0
[info] No more queries to be tested. Solution not found!
[info] Increasing the number of lines of code.
[info] Lines of Code: 4
[error] Number of Nodes: 20 
[error] Number of Variables: 48
[error] Number of Constraints: 459
[error] Time spent encoding: 0.29386281967163086
[error] Number of Nodes: 20 
[error] Number of Variables: 48
[error] Number of Constraints: 459
[error] Time spent encoding: 0.29587292671203613
[error] Number of Nodes: 20 
[error] Number of Variables: 48
[error] Number of Constraints: 459
[error] Time spent encoding: 0.2950408458709717
[info] Synthesizing programs...
[info] Synthesizing programs...
[error] Number of Nodes: 20 
[error] Number of Variables: 48
[error] Number of Constraints: 459
[error] Time spent encoding: 0.2962636947631836
[info] Synthesizing programs...
[info] Synthesizing programs...
[error] Number of Nodes: 20 
[error] Number of Variables: 48
[error] Number of Constraints: 459
[error] Time spent encoding: 0.301433801651001
[info] Synthesizing programs...
[error] Total Solver Time: 0.08042740821838379
[error] Total Time Symmetries: 0
[error] Total Blocked Models: 0
[error] Total Solver Time: 0.08265566825866699
[error] Total Time Symmetries: 0
[error] Total Blocked Models: 0
[error] Total Solver Time: 0.07687115669250488
[error] Total Time Symmetries: 0
[error] Total Blocked Models: 0
[error] Total Solver Time: 0.08203792572021484
[error] Total Time Symmetries: 0
[error] Total Blocked Models: 0
[error] Total Solver Time: 0.2308802604675293
[error] Total Time Symmetries: 0
[error] Total Blocked Models: 0
[error] Total Solver Time: 0.16031408309936523
[error] Total Time Symmetries: 0
[error] Total Blocked Models: 0
[error] Total Solver Time: 0.1653761863708496
[error] Total Time Symmetries: 0
[error] Total Blocked Models: 0
[error] Total Solver Time: 0.15581917762756348
[error] Total Time Symmetries: 0
[error] Total Blocked Models: 0
[error] Total Solver Time: 0.16128015518188477
[error] Total Time Symmetries: 0
[error] Total Blocked Models: 0
[error] Total Solver Time: 0.37172770500183105
[error] Total Time Symmetries: 0
[error] Total Blocked Models: 0
[error] Total Solver Time: 0.24204707145690918
[error] Total Time Symmetries: 0
[error] Total Blocked Models: 0
[error] Total Solver Time: 0.2355046272277832
[error] Total Time Symmetries: 0
[error] Total Blocked Models: 0
[error] Total Solver Time: 0.24814629554748535
[error] Total Time Symmetries: 0
[error] Total Blocked Models: 0
[error] Total Solver Time: 0.23958516120910645
[error] Total Time Symmetries: 0
[error] Total Blocked Models: 0
[error] Total Solver Time: 0.5110042095184326
[error] Total Time Symmetries: 0
[error] Total Blocked Models: 0
[error] Total Solver Time: 0.3220953941345215
[error] Total Time Symmetries: 0
[error] Total Blocked Models: 0
[error] Total Solver Time: 0.31543898582458496
[error] Total Time Symmetries: 0
[error] Total Blocked Models: 0
[error] Total Solver Time: 0.3250706195831299
[error] Total Time Symmetries: 0
[error] Total Blocked Models: 0
[error] Total Solver Time: 0.32165074348449707
[error] Total Time Symmetries: 0
[error] Total Blocked Models: 0
[error] Total Solver Time: 0.4026932716369629
[error] Total Time Symmetries: 0
[error] Total Blocked Models: 0
[error] Total Solver Time: 0.6537320613861084
[error] Total Time Symmetries: 0
[error] Total Blocked Models: 0
[error] Total Solver Time: 0.3957338333129883
[error] Total Time Symmetries: 0
[error] Total Blocked Models: 0
[error] Total Solver Time: 0.40470027923583984
[error] Total Time Symmetries: 0
[error] Total Blocked Models: 0
[error] Total Solver Time: 0.48549485206604004
[error] Total Time Symmetries: 0
[error] Total Blocked Models: 0
[error] Total Solver Time: 0.4759225845336914
[error] Total Time Symmetries: 0
[error] Total Blocked Models: 0
[error] Total Solver Time: 0.39717912673950195
[error] Total Time Symmetries: 0
[error] Total Blocked Models: 0
[error] Total Solver Time: 0.8035023212432861
[error] Total Time Symmetries: 0
[error] Total Blocked Models: 0
[error] Total Solver Time: 0.566054105758667
[error] Total Time Symmetries: 0
[error] Total Blocked Models: 0
[error] Total Solver Time: 0.4887375831604004
[error] Total Time Symmetries: 0
[error] Total Blocked Models: 0
[error] Total Solver Time: 0.5561449527740479
[error] Total Time Symmetries: 0
[error] Total Blocked Models: 0
[error] Total Solver Time: 0.4786264896392822
[error] Total Time Symmetries: 0
[error] Total Blocked Models: 0
[error] Total Solver Time: 0.6482565402984619
[error] Total Time Symmetries: 0
[error] Total Blocked Models: 0
[error] Total Solver Time: 0.5735509395599365
[error] Total Time Symmetries: 0
[error] Total Blocked Models: 0
[error] Total Solver Time: 0.9972820281982422
[error] Total Time Symmetries: 0
[error] Total Blocked Models: 0
[error] Total Solver Time: 0.6358566284179688
[error] Total Time Symmetries: 0
[error] Total Blocked Models: 0
[error] Total Solver Time: 0.5626671314239502
[error] Total Time Symmetries: 0
[error] Total Blocked Models: 0
[error] Total Solver Time: 0.7273285388946533
[error] Total Time Symmetries: 0
[error] Total Blocked Models: 0
[error] Total Solver Time: 0.6573107242584229
[error] Total Time Symmetries: 0
[error] Total Blocked Models: 0
[error] Total Solver Time: 0.7160427570343018
[error] Total Time Symmetries: 0
[error] Total Blocked Models: 0
[error] Total Solver Time: 1.1480236053466797
[error] Total Time Symmetries: 0
[error] Total Blocked Models: 0
[error] Total Solver Time: 0.6460304260253906
[error] Total Time Symmetries: 0
[error] Total Blocked Models: 0
[error] Total Solver Time: 0.7973463535308838
[error] Total Time Symmetries: 0
[error] Total Blocked Models: 0
[error] Total Solver Time: 0.7399542331695557
[error] Total Time Symmetries: 0
[error] Total Blocked Models: 0
[error] Total Solver Time: 0.8014545440673828
[error] Total Time Symmetries: 0
[error] Total Blocked Models: 0
[error] Total Solver Time: 1.3026344776153564
[error] Total Time Symmetries: 0
[error] Total Blocked Models: 0
[error] Total Solver Time: 0.7290201187133789
[error] Total Time Symmetries: 0
[error] Total Blocked Models: 0
[error] Total Solver Time: 0.8799192905426025
[error] Total Time Symmetries: 0
[error] Total Blocked Models: 0
[error] Total Solver Time: 0.824016809463501
[error] Total Time Symmetries: 0
[error] Total Blocked Models: 0
[error] Total Solver Time: 0.8817434310913086
[error] Total Time Symmetries: 0
[error] Total Blocked Models: 0
[error] Total Solver Time: 1.4600427150726318
[error] Total Time Symmetries: 0
[error] Total Blocked Models: 0
[error] Total Solver Time: 0.8112685680389404
[error] Total Time Symmetries: 0
[error] Total Blocked Models: 0
[error] Total Solver Time: 0.9640822410583496
[error] Total Time Symmetries: 0
[error] Total Blocked Models: 0
[error] Total Solver Time: 0.9083483219146729
[error] Total Time Symmetries: 0
[error] Total Blocked Models: 0
[error] Total Solver Time: 1.6204090118408203
[error] Total Time Symmetries: 0
[error] Total Blocked Models: 0
[error] Total Solver Time: 0.893916130065918
[error] Total Time Symmetries: 0
[error] Total Blocked Models: 0
[error] Total Solver Time: 0.9615154266357422
[error] Total Time Symmetries: 0
[error] Total Blocked Models: 0
[error] Total Solver Time: 1.0478918552398682
[error] Total Time Symmetries: 0
[error] Total Blocked Models: 0
[error] Total Solver Time: 1.783524990081787
[error] Total Time Symmetries: 0
[error] Total Blocked Models: 0
[error] Total Solver Time: 0.9787752628326416
[error] Total Time Symmetries: 0
[error] Total Blocked Models: 0
[error] Total Solver Time: 0.9901778697967529
[error] Total Time Symmetries: 0
[error] Total Blocked Models: 0
[error] Total Solver Time: 1.041562557220459
[error] Total Time Symmetries: 0
[error] Total Blocked Models: 0
[error] Total Solver Time: 1.1299118995666504
[error] Total Time Symmetries: 0
[error] Total Blocked Models: 0
[error] Total Solver Time: 1.0618016719818115
[error] Total Time Symmetries: 0
[error] Total Blocked Models: 0
[error] Total Solver Time: 1.9490962028503418
[error] Total Time Symmetries: 0
[error] Total Blocked Models: 0
[error] Total Solver Time: 1.124321460723877
[error] Total Time Symmetries: 0
[error] Total Blocked Models: 0
[error] Total Solver Time: 1.0735254287719727
[error] Total Time Symmetries: 0
[error] Total Blocked Models: 0
[error] Total Solver Time: 1.2114207744598389
[error] Total Time Symmetries: 0
[error] Total Blocked Models: 0
[error] Total Solver Time: 1.1452569961547852
[error] Total Time Symmetries: 0
[error] Total Blocked Models: 0
[error] Total Solver Time: 2.1180849075317383
[error] Total Time Symmetries: 0
[error] Total Blocked Models: 0
[error] Total Solver Time: 1.2064919471740723
[error] Total Time Symmetries: 0
[error] Total Blocked Models: 0
[error] Total Solver Time: 1.154240608215332
[error] Total Time Symmetries: 0
[error] Total Blocked Models: 0
[error] Total Solver Time: 1.292449712753296
[error] Total Time Symmetries: 0
[error] Total Blocked Models: 0
[error] Total Solver Time: 1.2274210453033447
[error] Total Time Symmetries: 0
[error] Total Blocked Models: 0
[error] Total Solver Time: 1.2888484001159668
[error] Total Time Symmetries: 0
[error] Total Blocked Models: 0
[error] Total Solver Time: 2.3280527591705322
[error] Total Time Symmetries: 0
[error] Total Blocked Models: 0
[error] Total Solver Time: 1.3752820491790771
[error] Total Time Symmetries: 0
[error] Total Blocked Models: 0
[error] Total Solver Time: 1.3101022243499756
[error] Total Time Symmetries: 0
[error] Total Blocked Models: 0
[error] Total Solver Time: 1.2351996898651123
[error] Total Time Symmetries: 0
[error] Total Blocked Models: 0
[error] Total Solver Time: 1.3704729080200195
[error] Total Time Symmetries: 0
[error] Total Blocked Models: 0
[error] Total Solver Time: 2.528813600540161
[error] Total Time Symmetries: 0
[error] Total Blocked Models: 0
[error] Total Solver Time: 1.4600040912628174
[error] Total Time Symmetries: 0
[error] Total Blocked Models: 0
[error] Total Solver Time: 1.3942523002624512
[error] Total Time Symmetries: 0
[error] Total Blocked Models: 0
[error] Total Solver Time: 1.3136708736419678
[error] Total Time Symmetries: 0
[error] Total Blocked Models: 0
[error] Total Solver Time: 1.45149564743042
[error] Total Time Symmetries: 0
[error] Total Blocked Models: 0
[error] Total Solver Time: 1.5420386791229248
[error] Total Time Symmetries: 0
[error] Total Blocked Models: 0
[error] Total Solver Time: 1.478320837020874
[error] Total Time Symmetries: 0
[error] Total Blocked Models: 0
[error] Total Solver Time: 2.71346116065979
[error] Total Time Symmetries: 0
[error] Total Blocked Models: 0
[error] Total Solver Time: 1.5324416160583496
[error] Total Time Symmetries: 0
[error] Total Blocked Models: 0
[error] Total Solver Time: 1.397507905960083
[error] Total Time Symmetries: 0
[error] Total Blocked Models: 0
[error] Total Solver Time: 1.624051809310913
[error] Total Time Symmetries: 0
[error] Total Blocked Models: 0
[error] Total Solver Time: 1.5621793270111084
[error] Total Time Symmetries: 0
[error] Total Blocked Models: 0
[error] Total Solver Time: 1.615617036819458
[error] Total Time Symmetries: 0
[error] Total Blocked Models: 0
[error] Total Solver Time: 1.4837005138397217
[error] Total Time Symmetries: 0
[error] Total Blocked Models: 0
[error] Total Solver Time: 2.9064602851867676
[error] Total Time Symmetries: 0
[error] Total Blocked Models: 0
[error] Total Solver Time: 1.7065317630767822
[error] Total Time Symmetries: 0
[error] Total Blocked Models: 0
[error] Total Solver Time: 1.6465399265289307
[error] Total Time Symmetries: 0
[error] Total Blocked Models: 0
[error] Total Solver Time: 1.6972708702087402
[error] Total Time Symmetries: 0
[error] Total Blocked Models: 0
[error] Total Solver Time: 1.5681366920471191
[error] Total Time Symmetries: 0
[error] Total Blocked Models: 0
[error] Total Solver Time: 1.7902195453643799
[error] Total Time Symmetries: 0
[error] Total Blocked Models: 0
[error] Total Solver Time: 3.1064329147338867
[error] Total Time Symmetries: 0
[error] Total Blocked Models: 0
[error] Total Solver Time: 1.779162883758545
[error] Total Time Symmetries: 0
[error] Total Blocked Models: 0
[error] Total Solver Time: 1.7196784019470215
[error] Total Time Symmetries: 0
[error] Total Blocked Models: 0
[error] Total Solver Time: 1.877565860748291
[error] Total Time Symmetries: 0
[error] Total Blocked Models: 0
[error] Total Solver Time: 1.6553771495819092
[error] Total Time Symmetries: 0
[error] Total Blocked Models: 0
[error] Total Solver Time: 3.3105850219726562
[error] Total Time Symmetries: 0
[error] Total Blocked Models: 0
[error] Total Solver Time: 1.8627758026123047
[error] Total Time Symmetries: 0
[error] Total Blocked Models: 0
[error] Total Solver Time: 1.9699914455413818
[error] Total Time Symmetries: 0
[error] Total Blocked Models: 0
[error] Total Solver Time: 1.7426843643188477
[error] Total Time Symmetries: 0
[error] Total Blocked Models: 0
[error] Total Solver Time: 1.804175853729248
[error] Total Time Symmetries: 0
[error] Total Blocked Models: 0
[error] Total Solver Time: 1.9473071098327637
[error] Total Time Symmetries: 0
[error] Total Blocked Models: 0
[error] Total Solver Time: 2.0547873973846436
[error] Total Time Symmetries: 0
[error] Total Blocked Models: 0
[error] Total Solver Time: 3.5173628330230713
[error] Total Time Symmetries: 0
[error] Total Blocked Models: 0
[error] Total Solver Time: 1.825906753540039
[error] Total Time Symmetries: 0
[error] Total Blocked Models: 0
[error] Total Solver Time: 1.8880398273468018
[error] Total Time Symmetries: 0
[error] Total Blocked Models: 0
[error] Total Solver Time: 2.0290682315826416
[error] Total Time Symmetries: 0
[error] Total Blocked Models: 0
[error] Total Solver Time: 2.1390528678894043
[error] Total Time Symmetries: 0
[error] Total Blocked Models: 0
[error] Total Solver Time: 1.9129159450531006
[error] Total Time Symmetries: 0
[error] Total Blocked Models: 0
[error] Total Solver Time: 3.731549024581909
[error] Total Time Symmetries: 0
[error] Total Blocked Models: 0
[error] Total Solver Time: 2.1110191345214844
[error] Total Time Symmetries: 0
[error] Total Blocked Models: 0
[error] Total Solver Time: 1.9725372791290283
[error] Total Time Symmetries: 0
[error] Total Blocked Models: 0
[error] Total Solver Time: 2.223071813583374
[error] Total Time Symmetries: 0
[error] Total Blocked Models: 0
[error] Total Solver Time: 2.1984446048736572
[error] Total Time Symmetries: 0
[error] Total Blocked Models: 0
[error] Total Solver Time: 1.99924635887146
[error] Total Time Symmetries: 0
[error] Total Blocked Models: 0
[error] Total Solver Time: 2.0561623573303223
[error] Total Time Symmetries: 0
[error] Total Blocked Models: 0
[error] Total Solver Time: 3.9726526737213135
[error] Total Time Symmetries: 0
[error] Total Blocked Models: 0
[error] Total Solver Time: 2.3058888912200928
[error] Total Time Symmetries: 0
[error] Total Blocked Models: 0
[error] Total Solver Time: 2.2839856147766113
[error] Total Time Symmetries: 0
[error] Total Blocked Models: 0
[error] Total Solver Time: 2.139416217803955
[error] Total Time Symmetries: 0
[error] Total Blocked Models: 0
[error] Total Solver Time: 2.3911218643188477
[error] Total Time Symmetries: 0
[error] Total Blocked Models: 0
[error] Total Solver Time: 4.220801830291748
[error] Total Time Symmetries: 0
[error] Total Blocked Models: 0
[error] Total Solver Time: 2.080728054046631
[error] Total Time Symmetries: 0
[error] Total Blocked Models: 0
[error] Total Solver Time: 2.3673436641693115
[error] Total Time Symmetries: 0
[error] Total Blocked Models: 0
[error] Total Solver Time: 2.2239255905151367
[error] Total Time Symmetries: 0
[error] Total Blocked Models: 0
[error] Total Solver Time: 2.4747657775878906
[error] Total Time Symmetries: 0
[error] Total Blocked Models: 0
[error] Total Solver Time: 2.164452314376831
[error] Total Time Symmetries: 0
[error] Total Blocked Models: 0
[error] Total Solver Time: 4.4736716747283936
[error] Total Time Symmetries: 0
[error] Total Blocked Models: 0
[error] Total Solver Time: 2.45027494430542
[error] Total Time Symmetries: 0
[error] Total Blocked Models: 0
[error] Total Solver Time: 2.561941385269165
[error] Total Time Symmetries: 0
[error] Total Blocked Models: 0
[error] Total Solver Time: 2.3085482120513916
[error] Total Time Symmetries: 0
[error] Total Blocked Models: 0
[error] Total Solver Time: 2.2520742416381836
[error] Total Time Symmetries: 0
[error] Total Blocked Models: 0
[error] Total Solver Time: 4.724040508270264
[error] Total Time Symmetries: 0
[error] Total Blocked Models: 0
[error] Total Solver Time: 2.532573699951172
[error] Total Time Symmetries: 0
[error] Total Blocked Models: 0
[error] Total Solver Time: 2.649909496307373
[error] Total Time Symmetries: 0
[error] Total Blocked Models: 0
[error] Total Solver Time: 2.3916094303131104
[error] Total Time Symmetries: 0
[error] Total Blocked Models: 0
[error] Total Solver Time: 2.338669538497925
[error] Total Time Symmetries: 0
[error] Total Blocked Models: 0
[error] Total Solver Time: 4.973577260971069
[error] Total Time Symmetries: 0
[error] Total Blocked Models: 0
[error] Total Solver Time: 2.616375207901001
[error] Total Time Symmetries: 0
[error] Total Blocked Models: 0
[error] Total Solver Time: 2.73342227935791
[error] Total Time Symmetries: 0
[error] Total Blocked Models: 0
[error] Total Solver Time: 2.4774272441864014
[error] Total Time Symmetries: 0
[error] Total Blocked Models: 0
[error] Total Solver Time: 2.426478624343872
[error] Total Time Symmetries: 0
[error] Total Blocked Models: 0
[error] Total Solver Time: 5.227570056915283
[error] Total Time Symmetries: 0
[error] Total Blocked Models: 0
[error] Total Solver Time: 2.6952202320098877
[error] Total Time Symmetries: 0
[error] Total Blocked Models: 0
[error] Total Solver Time: 2.8162877559661865
[error] Total Time Symmetries: 0
[error] Total Blocked Models: 0
[error] Total Solver Time: 2.5624806880950928
[error] Total Time Symmetries: 0
[error] Total Blocked Models: 0
[error] Total Solver Time: 2.5120153427124023
[error] Total Time Symmetries: 0
[error] Total Blocked Models: 0
[error] Total Solver Time: 5.512115001678467
[error] Total Time Symmetries: 0
[error] Total Blocked Models: 0
[error] Total Solver Time: 2.9010188579559326
[error] Total Time Symmetries: 0
[error] Total Blocked Models: 0
[error] Total Solver Time: 2.7759618759155273
[error] Total Time Symmetries: 0
[error] Total Blocked Models: 0
[error] Total Solver Time: 2.6475913524627686
[error] Total Time Symmetries: 0
[error] Total Blocked Models: 0
[error] Total Solver Time: 2.5995521545410156
[error] Total Time Symmetries: 0
[error] Total Blocked Models: 0
[error] Total Solver Time: 5.76053786277771
[error] Total Time Symmetries: 0
[error] Total Blocked Models: 0
[error] Total Solver Time: 2.986593008041382
[error] Total Time Symmetries: 0
[error] Total Blocked Models: 0
[error] Total Solver Time: 2.8572845458984375
[error] Total Time Symmetries: 0
[error] Total Blocked Models: 0
[error] Total Solver Time: 2.684525489807129
[error] Total Time Symmetries: 0
[error] Total Blocked Models: 0
[error] Total Solver Time: 2.7331197261810303
[error] Total Time Symmetries: 0
[error] Total Blocked Models: 0
[error] Total Solver Time: 6.012426853179932
[error] Total Time Symmetries: 0
[error] Total Blocked Models: 0
[error] Total Solver Time: 3.0702638626098633
[error] Total Time Symmetries: 0
[error] Total Blocked Models: 0
[error] Total Solver Time: 2.937237024307251
[error] Total Time Symmetries: 0
[error] Total Blocked Models: 0
[error] Total Solver Time: 2.773552179336548
[error] Total Time Symmetries: 0
[error] Total Blocked Models: 0
[error] Total Solver Time: 2.8194451332092285
[error] Total Time Symmetries: 0
[error] Total Blocked Models: 0
[error] Total Solver Time: 6.267240524291992
[error] Total Time Symmetries: 0
[error] Total Blocked Models: 0
[error] Total Solver Time: 3.1550381183624268
[error] Total Time Symmetries: 0
[error] Total Blocked Models: 0
[error] Total Solver Time: 3.0207602977752686
[error] Total Time Symmetries: 0
[error] Total Blocked Models: 0
[error] Total Solver Time: 2.8595259189605713
[error] Total Time Symmetries: 0
[error] Total Blocked Models: 0
[error] Total Solver Time: 6.528226613998413
[error] Total Time Symmetries: 0
[error] Total Blocked Models: 0
[error] Total Solver Time: 2.9054253101348877
[error] Total Time Symmetries: 0
[error] Total Blocked Models: 0
[error] Total Solver Time: 3.240086793899536
[error] Total Time Symmetries: 0
[error] Total Blocked Models: 0
[error] Total Solver Time: 3.1043360233306885
[error] Total Time Symmetries: 0
[error] Total Blocked Models: 0
[error] Total Solver Time: 3.32369327545166
[error] Total Time Symmetries: 0
[error] Total Blocked Models: 0
[error] Total Solver Time: 6.789481163024902
[error] Total Time Symmetries: 0
[error] Total Blocked Models: 0
[error] Total Solver Time: 2.9478647708892822
[error] Total Time Symmetries: 0
[error] Total Blocked Models: 0
[error] Total Solver Time: 2.990607738494873
[error] Total Time Symmetries: 0
[error] Total Blocked Models: 0
[error] Total Solver Time: 3.1882293224334717
[error] Total Time Symmetries: 0
[error] Total Blocked Models: 0
[error] Total Solver Time: 3.4112401008605957
[error] Total Time Symmetries: 0
[error] Total Blocked Models: 0
[error] Total Solver Time: 7.044209957122803
[error] Total Time Symmetries: 0
[error] Total Blocked Models: 0
[error] Total Solver Time: 3.042989492416382
[error] Total Time Symmetries: 0
[error] Total Blocked Models: 0
[error] Total Solver Time: 3.075570583343506
[error] Total Time Symmetries: 0
[error] Total Blocked Models: 0
[error] Total Solver Time: 3.273068428039551
[error] Total Time Symmetries: 0
[error] Total Blocked Models: 0
[error] Total Solver Time: 3.497560739517212
[error] Total Time Symmetries: 0
[error] Total Blocked Models: 0
[error] Total Solver Time: 7.298121213912964
[error] Total Time Symmetries: 0
[error] Total Blocked Models: 0
[error] Total Solver Time: 3.130679130554199
[error] Total Time Symmetries: 0
[error] Total Blocked Models: 0
[error] Total Solver Time: 3.162454128265381
[error] Total Time Symmetries: 0
[error] Total Blocked Models: 0
[error] Total Solver Time: 3.360124349594116
[error] Total Time Symmetries: 0
[error] Total Blocked Models: 0
[error] Total Solver Time: 3.586855888366699
[error] Total Time Symmetries: 0
[error] Total Blocked Models: 0
[error] Total Solver Time: 7.556939601898193
[error] Total Time Symmetries: 0
[error] Total Blocked Models: 0
[error] Total Solver Time: 3.2193002700805664
[error] Total Time Symmetries: 0
[error] Total Blocked Models: 0
[error] Total Solver Time: 3.2478630542755127
[error] Total Time Symmetries: 0
[error] Total Blocked Models: 0
[error] Total Solver Time: 3.4434947967529297
[error] Total Time Symmetries: 0
[error] Total Blocked Models: 0
[error] Total Solver Time: 3.672072649002075
[error] Total Time Symmetries: 0
[error] Total Blocked Models: 0
[error] Total Solver Time: 3.4785842895507812
[error] Total Time Symmetries: 0
[error] Total Blocked Models: 0
[error] Total Time: 119.14462757110596
[info] Solution found: select(anti_join(filter(bind_rows(@param0, @param1), salary >= 10000), @param2, eid), eid, distinct)
[error] Total Solver Time: 7.819583892822266
[error] Total Time Symmetries: 0
[error] Total Blocked Models: 0
[error] Total Solver Time: 3.331510543823242
[error] Total Time Symmetries: 0
[error] Total Blocked Models: 0
[error] Total Solver Time: 3.7577593326568604
[error] Total Time Symmetries: 0
[error] Total Blocked Models: 0
[error] Total Solver Time: 3.303262710571289
[error] Total Time Symmetries: 0
[error] Total Blocked Models: 0
[error] Total Solver Time: 8.107681274414062
[error] Total Time Symmetries: 0
[error] Total Blocked Models: 0
[error] Total Solver Time: 3.414296865463257
[error] Total Time Symmetries: 0
[error] Total Blocked Models: 0
[error] Total Solver Time: 3.8476288318634033
[error] Total Time Symmetries: 0
[error] Total Blocked Models: 0
[error] Total Solver Time: 3.395517587661743
[error] Total Time Symmetries: 0
[error] Total Blocked Models: 0
[error] Total Solver Time: 8.432138681411743
[error] Total Time Symmetries: 0
[error] Total Blocked Models: 0
[error] Total Solver Time: 3.942683696746826
[error] Total Time Symmetries: 0
[error] Total Blocked Models: 0
[error] Total Solver Time: 3.497567653656006
[error] Total Time Symmetries: 0
[error] Total Blocked Models: 0
[error] Total Solver Time: 3.490720748901367
[error] Total Time Symmetries: 0
[error] Total Blocked Models: 0
[error] Total Solver Time: 8.755327701568604
[error] Total Time Symmetries: 0
[error] Total Blocked Models: 0
[error] Total Solver Time: 4.034452676773071
[error] Total Time Symmetries: 0
[error] Total Blocked Models: 0
[error] Total Solver Time: 3.578699827194214
[error] Total Time Symmetries: 0
[error] Total Blocked Models: 0
[error] Total Solver Time: 3.578047037124634
[error] Total Time Symmetries: 0
[error] Total Blocked Models: 0
[error] Total Solver Time: 9.076470136642456
[error] Total Time Symmetries: 0
[error] Total Blocked Models: 0
[error] Total Solver Time: 4.12102484703064
[error] Total Time Symmetries: 0
[error] Total Blocked Models: 0
[error] Total Solver Time: 3.6615488529205322
[error] Total Time Symmetries: 0
[error] Total Blocked Models: 0
[error] Total Solver Time: 3.6645612716674805
[error] Total Time Symmetries: 0
[error] Total Blocked Models: 0
[error] Total Solver Time: 4.204617023468018
[error] Total Time Symmetries: 0
[error] Total Blocked Models: 0
[error] Total Solver Time: 9.40169072151184
[error] Total Time Symmetries: 0
[error] Total Blocked Models: 0
[error] Total Solver Time: 3.7452731132507324
[error] Total Time Symmetries: 0
[error] Total Blocked Models: 0
[error] Total Solver Time: 3.7527313232421875
[error] Total Time Symmetries: 0
[error] Total Blocked Models: 0
[error] Total Solver Time: 4.293407917022705
[error] Total Time Symmetries: 0
[error] Total Blocked Models: 0
[error] Total Solver Time: 9.731163501739502
[error] Total Time Symmetries: 0
[error] Total Blocked Models: 0
[error] Total Solver Time: 3.8282275199890137
[error] Total Time Symmetries: 0
[error] Total Blocked Models: 0
[error] Total Solver Time: 4.382674932479858
[error] Total Time Symmetries: 0
[error] Total Blocked Models: 0
[error] Total Solver Time: 3.836906671524048
[error] Total Time Symmetries: 0
[error] Total Blocked Models: 0
[error] Total Solver Time: 10.058323383331299
[error] Total Time Symmetries: 0
[error] Total Blocked Models: 0
[error] Total Solver Time: 3.9119374752044678
[error] Total Time Symmetries: 0
[error] Total Blocked Models: 0
[error] Total Solver Time: 4.492854833602905
[error] Total Time Symmetries: 0
[error] Total Blocked Models: 0
[error] Total Solver Time: 3.9266393184661865
[error] Total Time Symmetries: 0
[error] Total Blocked Models: 0
[error] Total Solver Time: 10.389026880264282
[error] Total Time Symmetries: 0
[error] Total Blocked Models: 0
[error] Total Solver Time: 3.9927685260772705
[error] Total Time Symmetries: 0
[error] Total Blocked Models: 0
[error] Total Solver Time: 4.58553409576416
[error] Total Time Symmetries: 0
[error] Total Blocked Models: 0
[error] Total Solver Time: 4.01167631149292
[error] Total Time Symmetries: 0
[error] Total Blocked Models: 0
[error] Total Solver Time: 10.723440647125244
[error] Total Time Symmetries: 0
[error] Total Blocked Models: 0
[error] Total Solver Time: 4.67211127281189
[error] Total Time Symmetries: 0
[error] Total Blocked Models: 0
[error] Total Solver Time: 4.073215484619141
[error] Total Time Symmetries: 0
[error] Total Blocked Models: 0
[error] Total Solver Time: 4.098101854324341
[error] Total Time Symmetries: 0
[error] Total Blocked Models: 0
[error] Total Solver Time: 11.058612585067749
[error] Total Time Symmetries: 0
[error] Total Blocked Models: 0
[error] Total Solver Time: 4.755919933319092
[error] Total Time Symmetries: 0
[error] Total Blocked Models: 0
[error] Total Solver Time: 4.15767502784729
[error] Total Time Symmetries: 0
[error] Total Blocked Models: 0
[error] Total Solver Time: 4.181906461715698
[error] Total Time Symmetries: 0
[error] Total Blocked Models: 0
[error] Total Solver Time: 11.441118478775024
[error] Total Time Symmetries: 0
[error] Total Blocked Models: 0
[error] Total Solver Time: 4.8422768115997314
[error] Total Time Symmetries: 0
[error] Total Blocked Models: 0
[error] Total Solver Time: 4.240283966064453
[error] Total Time Symmetries: 0
[error] Total Blocked Models: 0
[error] Total Solver Time: 4.275463104248047
[error] Total Time Symmetries: 0
[error] Total Blocked Models: 0
[error] Total Solver Time: 11.795684576034546
[error] Total Time Symmetries: 0
[error] Total Blocked Models: 0
[error] Total Solver Time: 4.932860851287842
[error] Total Time Symmetries: 0
[error] Total Blocked Models: 0
[error] Total Solver Time: 4.322678089141846
[error] Total Time Symmetries: 0
[error] Total Blocked Models: 0
[error] Total Solver Time: 4.37664270401001
[error] Total Time Symmetries: 0
[error] Total Blocked Models: 0
[error] Total Solver Time: 5.022008180618286
[error] Total Time Symmetries: 0
[error] Total Blocked Models: 0
[error] Total Solver Time: 12.148012399673462
[error] Total Time Symmetries: 0
[error] Total Blocked Models: 0
[error] Total Solver Time: 4.405468702316284
[error] Total Time Symmetries: 0
[error] Total Blocked Models: 0
[error] Total Solver Time: 5.106188535690308
[error] Total Time Symmetries: 0
[error] Total Blocked Models: 0
[error] Total Solver Time: 4.466909885406494
[error] Total Time Symmetries: 0
[error] Total Blocked Models: 0
[error] Total Solver Time: 12.51914095878601
[error] Total Time Symmetries: 0
[error] Total Blocked Models: 0
[error] Total Solver Time: 4.487159729003906
[error] Total Time Symmetries: 0
[error] Total Blocked Models: 0
[error] Total Solver Time: 5.195121765136719
[error] Total Time Symmetries: 0
[error] Total Blocked Models: 0
[error] Total Solver Time: 4.552316427230835
[error] Total Time Symmetries: 0
[error] Total Blocked Models: 0
[error] Total Solver Time: 12.897121667861938
[error] Total Time Symmetries: 0
[error] Total Blocked Models: 0
[error] Total Solver Time: 5.281581163406372
[error] Total Time Symmetries: 0
[error] Total Blocked Models: 0
[error] Total Solver Time: 4.570125579833984
[error] Total Time Symmetries: 0
[error] Total Blocked Models: 0
[error] Total Solver Time: 4.6443750858306885
[error] Total Time Symmetries: 0
[error] Total Blocked Models: 0
[error] Total Solver Time: 13.276517868041992
[error] Total Time Symmetries: 0
[error] Total Blocked Models: 0
[error] Total Solver Time: 5.37678599357605
[error] Total Time Symmetries: 0
[error] Total Blocked Models: 0
[error] Total Solver Time: 4.653879165649414
[error] Total Time Symmetries: 0
[error] Total Blocked Models: 0
[error] Total Solver Time: 4.739557981491089
[error] Total Time Symmetries: 0
[error] Total Blocked Models: 0
[error] Total Solver Time: 5.47298789024353
[error] Total Time Symmetries: 0
[error] Total Blocked Models: 0
[error] Total Solver Time: 13.655267238616943
[error] Total Time Symmetries: 0
[error] Total Blocked Models: 0
[error] Total Solver Time: 4.835169315338135
[error] Total Time Symmetries: 0
[error] Total Blocked Models: 0
[error] Total Solver Time: 4.727945327758789
[error] Total Time Symmetries: 0
[error] Total Blocked Models: 0
[error] Total Solver Time: 5.561711311340332
[error] Total Time Symmetries: 0
[error] Total Blocked Models: 0
[error] Total Solver Time: 14.0205557346344
[error] Total Time Symmetries: 0
[error] Total Blocked Models: 0
[error] Total Solver Time: 4.9216532707214355
[error] Total Time Symmetries: 0
[error] Total Blocked Models: 0
[error] Total Solver Time: 5.650984764099121
[error] Total Time Symmetries: 0
[error] Total Blocked Models: 0
[error] Total Solver Time: 4.810847520828247
[error] Total Time Symmetries: 0
[error] Total Blocked Models: 0
[error] Total Solver Time: 14.39387059211731
[error] Total Time Symmetries: 0
[error] Total Blocked Models: 0
[error] Total Solver Time: 5.740264177322388
[error] Total Time Symmetries: 0
[error] Total Blocked Models: 0
[error] Total Solver Time: 5.011656045913696
[error] Total Time Symmetries: 0
[error] Total Blocked Models: 0
[error] Total Solver Time: 4.895099639892578
[error] Total Time Symmetries: 0
[error] Total Blocked Models: 0
[error] Total Solver Time: 5.829664707183838
[error] Total Time Symmetries: 0
[error] Total Blocked Models: 0
[error] Total Solver Time: 14.762115716934204
[error] Total Time Symmetries: 0
[error] Total Blocked Models: 0
[error] Total Solver Time: 5.100289344787598
[error] Total Time Symmetries: 0
[error] Total Blocked Models: 0
[error] Total Solver Time: 4.979621887207031
[error] Total Time Symmetries: 0
[error] Total Blocked Models: 0
[error] Total Solver Time: 5.922539234161377
[error] Total Time Symmetries: 0
[error] Total Blocked Models: 0
[error] Total Solver Time: 15.177150249481201
[error] Total Time Symmetries: 0
[error] Total Blocked Models: 0
[error] Total Solver Time: 5.191309690475464
[error] Total Time Symmetries: 0
[error] Total Blocked Models: 0
[error] Total Solver Time: 5.06414270401001
[error] Total Time Symmetries: 0
[error] Total Blocked Models: 0
[error] Total Solver Time: 6.01181435585022
[error] Total Time Symmetries: 0
[error] Total Blocked Models: 0
[error] Total Solver Time: 5.284399032592773
[error] Total Time Symmetries: 0
[error] Total Blocked Models: 0
[error] Total Solver Time: 5.146784067153931
[error] Total Time Symmetries: 0
[error] Total Blocked Models: 0
[error] Total Solver Time: 15.567988395690918
[error] Total Time Symmetries: 0
[error] Total Blocked Models: 0
[error] Total Solver Time: 6.101775646209717
[error] Total Time Symmetries: 0
[error] Total Blocked Models: 0
[error] Total Solver Time: 5.230927467346191
[error] Total Time Symmetries: 0
[error] Total Blocked Models: 0
[error] Total Solver Time: 5.376100540161133
[error] Total Time Symmetries: 0
[error] Total Blocked Models: 0
[error] Total Solver Time: 6.1887853145599365
[error] Total Time Symmetries: 0
[error] Total Blocked Models: 0
[error] Total Solver Time: 15.9598708152771
[error] Total Time Symmetries: 0
[error] Total Blocked Models: 0
[error] Total Solver Time: 5.462713241577148
[error] Total Time Symmetries: 0
[error] Total Blocked Models: 0
[error] Total Solver Time: 6.280712842941284
[error] Total Time Symmetries: 0
[error] Total Blocked Models: 0
[error] Total Solver Time: 5.315680027008057
[error] Total Time Symmetries: 0
[error] Total Blocked Models: 0
[error] Total Solver Time: 16.36132049560547
[error] Total Time Symmetries: 0
[error] Total Blocked Models: 0
[error] Total Solver Time: 6.37576150894165
[error] Total Time Symmetries: 0
[error] Total Blocked Models: 0
[error] Total Solver Time: 5.561319351196289
[error] Total Time Symmetries: 0
[error] Total Blocked Models: 0
[error] Total Solver Time: 5.397781133651733
[error] Total Time Symmetries: 0
[error] Total Blocked Models: 0
[error] Total Solver Time: 16.766602516174316
[error] Total Time Symmetries: 0
[error] Total Blocked Models: 0
[error] Total Solver Time: 6.4753944873809814
[error] Total Time Symmetries: 0
[error] Total Blocked Models: 0
[error] Total Solver Time: 5.650573253631592
[error] Total Time Symmetries: 0
[error] Total Blocked Models: 0
[error] Total Solver Time: 5.480929613113403
[error] Total Time Symmetries: 0
[error] Total Blocked Models: 0
[error] Total Solver Time: 6.5778467655181885
[error] Total Time Symmetries: 0
[error] Total Blocked Models: 0
[error] Total Solver Time: 17.165362119674683
[error] Total Time Symmetries: 0
[error] Total Blocked Models: 0
[error] Total Solver Time: 5.738348722457886
[error] Total Time Symmetries: 0
[error] Total Blocked Models: 0
[error] Total Solver Time: 5.564984083175659
[error] Total Time Symmetries: 0
[error] Total Blocked Models: 0
[error] Total Solver Time: 6.68602991104126
[error] Total Time Symmetries: 0
[error] Total Blocked Models: 0
[error] Total Solver Time: 5.825812101364136
[error] Total Time Symmetries: 0
[error] Total Blocked Models: 0
[error] Total Solver Time: 17.569941997528076
[error] Total Time Symmetries: 0
[error] Total Blocked Models: 0
[error] Total Solver Time: 5.650742053985596
[error] Total Time Symmetries: 0
[error] Total Blocked Models: 0
[error] Total Solver Time: 6.780799627304077
[error] Total Time Symmetries: 0
[error] Total Blocked Models: 0
[error] Total Solver Time: 5.918623924255371
[error] Total Time Symmetries: 0
[error] Total Blocked Models: 0
[error] Total Solver Time: 5.735954999923706
[error] Total Time Symmetries: 0
[error] Total Blocked Models: 0
[error] Total Solver Time: 17.99598240852356
[error] Total Time Symmetries: 0
[error] Total Blocked Models: 0
[error] Total Solver Time: 6.874031066894531
[error] Total Time Symmetries: 0
[error] Total Blocked Models: 0
[error] Total Solver Time: 6.018693923950195
[error] Total Time Symmetries: 0
[error] Total Blocked Models: 0
[error] Total Solver Time: 5.821845293045044
[error] Total Time Symmetries: 0
[error] Total Blocked Models: 0
[error] Total Solver Time: 6.963840007781982
[error] Total Time Symmetries: 0
[error] Total Blocked Models: 0
[error] Total Solver Time: 18.43375015258789
[error] Total Time Symmetries: 0
[error] Total Blocked Models: 0
[error] Total Solver Time: 6.11054801940918
[error] Total Time Symmetries: 0
[error] Total Blocked Models: 0
[error] Total Solver Time: 5.908506155014038
[error] Total Time Symmetries: 0
[error] Total Blocked Models: 0
[error] Total Solver Time: 7.0504231452941895
[error] Total Time Symmetries: 0
[error] Total Blocked Models: 0
[error] Total Solver Time: 18.859001874923706
[error] Total Time Symmetries: 0
[error] Total Blocked Models: 0
[error] Total Solver Time: 6.2062530517578125
[error] Total Time Symmetries: 0
[error] Total Blocked Models: 0
[error] Total Solver Time: 5.99277663230896
[error] Total Time Symmetries: 0
[error] Total Blocked Models: 0
[error] Total Solver Time: 7.143187761306763
[error] Total Time Symmetries: 0
[error] Total Blocked Models: 0
[error] Total Solver Time: 19.294753789901733
[error] Total Time Symmetries: 0
[error] Total Blocked Models: 0
[error] Total Solver Time: 6.07802677154541
[error] Total Time Symmetries: 0
[error] Total Blocked Models: 0
[error] Total Solver Time: 6.295846462249756
[error] Total Time Symmetries: 0
[error] Total Blocked Models: 0
[error] Total Solver Time: 7.233212471008301
[error] Total Time Symmetries: 0
[error] Total Blocked Models: 0
[error] Total Solver Time: 19.76218581199646
[error] Total Time Symmetries: 0
[error] Total Blocked Models: 0
[error] Total Solver Time: 6.164704084396362
[error] Total Time Symmetries: 0
[error] Total Blocked Models: 0
[error] Total Solver Time: 6.413451194763184
[error] Total Time Symmetries: 0
[error] Total Blocked Models: 0
[error] Total Solver Time: 7.320222854614258
[error] Total Time Symmetries: 0
[error] Total Blocked Models: 0
[error] Total Solver Time: 6.249770402908325
[error] Total Time Symmetries: 0
[error] Total Blocked Models: 0
[error] Total Solver Time: 7.428394317626953
[error] Total Time Symmetries: 0
[error] Total Blocked Models: 0
[error] Total Solver Time: 20.248496055603027
[error] Total Time Symmetries: 0
[error] Total Blocked Models: 0
[error] Total Solver Time: 6.514967918395996
[error] Total Time Symmetries: 0
[error] Total Blocked Models: 0
[error] Total Solver Time: 6.3368821144104
[error] Total Time Symmetries: 0
[error] Total Blocked Models: 0
[error] Total Solver Time: 7.519190311431885
[error] Total Time Symmetries: 0
[error] Total Blocked Models: 0
[error] Total Solver Time: 20.730575561523438
[error] Total Time Symmetries: 0
[error] Total Blocked Models: 0
[error] Total Solver Time: 6.605993032455444
[error] Total Time Symmetries: 0
[error] Total Blocked Models: 0
[error] Total Solver Time: 6.4225075244903564
[error] Total Time Symmetries: 0
[error] Total Blocked Models: 0
[error] Total Solver Time: 7.60606575012207
[error] Total Time Symmetries: 0
[error] Total Blocked Models: 0
[error] Total Solver Time: 21.19217562675476
[error] Total Time Symmetries: 0
[error] Total Blocked Models: 0
[error] Total Solver Time: 6.70383358001709
[error] Total Time Symmetries: 0
[error] Total Blocked Models: 0
[error] Total Solver Time: 6.5099921226501465
[error] Total Time Symmetries: 0
[error] Total Blocked Models: 0
[error] Total Solver Time: 7.70678973197937
[error] Total Time Symmetries: 0
[error] Total Blocked Models: 0
[error] Total Solver Time: 6.793623924255371
[error] Total Time Symmetries: 0
[error] Total Blocked Models: 0
[error] Total Solver Time: 6.597225904464722
[error] Total Time Symmetries: 0
[error] Total Blocked Models: 0
[error] Total Solver Time: 21.65627098083496
[error] Total Time Symmetries: 0
[error] Total Blocked Models: 0
[error] Total Solver Time: 7.797293186187744
[error] Total Time Symmetries: 0
[error] Total Blocked Models: 0
[error] Total Solver Time: 6.684239864349365
[error] Total Time Symmetries: 0
[error] Total Blocked Models: 0
[error] Total Solver Time: 6.891424179077148
[error] Total Time Symmetries: 0
[error] Total Blocked Models: 0
[error] Total Solver Time: 22.122981309890747
[error] Total Time Symmetries: 0
[error] Total Blocked Models: 0
[error] Total Solver Time: 7.890008449554443
[error] Total Time Symmetries: 0
[error] Total Blocked Models: 0
[error] Total Solver Time: 6.770451068878174
[error] Total Time Symmetries: 0
[error] Total Blocked Models: 0
[error] Total Solver Time: 6.98252534866333
[error] Total Time Symmetries: 0
[error] Total Blocked Models: 0
[error] Total Solver Time: 22.58943271636963
[error] Total Time Symmetries: 0
[error] Total Blocked Models: 0
[error] Total Solver Time: 8.00026822090149
[error] Total Time Symmetries: 0
[error] Total Blocked Models: 0
[error] Total Solver Time: 6.855087041854858
[error] Total Time Symmetries: 0
[error] Total Blocked Models: 0
[error] Total Solver Time: 7.079930067062378
[error] Total Time Symmetries: 0
[error] Total Blocked Models: 0
[error] Total Solver Time: 23.06422448158264
[error] Total Time Symmetries: 0
[error] Total Blocked Models: 0
[error] Total Solver Time: 8.103755712509155
[error] Total Time Symmetries: 0
[error] Total Blocked Models: 0
[error] Total Solver Time: 6.941945791244507
[error] Total Time Symmetries: 0
[error] Total Blocked Models: 0
[error] Total Solver Time: 7.184412956237793
[error] Total Time Symmetries: 0
[error] Total Blocked Models: 0
[error] Total Solver Time: 23.53532361984253
[error] Total Time Symmetries: 0
[error] Total Blocked Models: 0
[error] Total Solver Time: 8.188199281692505
[error] Total Time Symmetries: 0
[error] Total Blocked Models: 0
[error] Total Solver Time: 7.026919603347778
[error] Total Time Symmetries: 0
[error] Total Blocked Models: 0
[error] Total Solver Time: 7.283364534378052
[error] Total Time Symmetries: 0
[error] Total Blocked Models: 0
[error] Total Solver Time: 7.1140220165252686
[error] Total Time Symmetries: 0
[error] Total Blocked Models: 0
[error] Total Solver Time: 8.276623487472534
[error] Total Time Symmetries: 0
[error] Total Blocked Models: 0
[error] Total Solver Time: 24.0394024848938
[error] Total Time Symmetries: 0
[error] Total Blocked Models: 0
[error] Total Solver Time: 7.372430324554443
[error] Total Time Symmetries: 0
[error] Total Blocked Models: 0
[error] Total Solver Time: 7.199627637863159
[error] Total Time Symmetries: 0
[error] Total Blocked Models: 0
[error] Total Solver Time: 8.365156173706055
[error] Total Time Symmetries: 0
[error] Total Blocked Models: 0
[error] Total Solver Time: 7.43798041343689
[error] Total Time Symmetries: 0
[error] Total Blocked Models: 0
[error] Total Time: 258.22803688049316
[info] Solution found: select(anti_join(filter(@param1, salary > 10000), inner_join3(@param0, @param2, @param1), eid), eid, )
[debug] Solution found using process 4: Config(disabled=[], alt_empty_pos=False, shuffle_cols=False, z3_sat_phase='random', z3_QF_FD=True)
[error] Total Solver Time: 24.535770654678345
[error] Total Time Symmetries: 0
[error] Total Blocked Models: 0

------------------------------------- R Solution ---------------------------------------

con <- DBI::dbConnect(RSQLite::SQLite(), ":memory:")
input1 <- read.table("tests-examples/cp19/tables/aircraft.txt", sep=",", header=T)
input1 <- copy_to(con, input1)
input2 <- read.table("tests-examples/cp19/tables/employees.txt", sep=",", header=T)
input2 <- copy_to(con, input2)
input3 <- read.table("tests-examples/cp19/tables/certified.txt", sep=",", header=T)
input3 <- copy_to(con, input3)
expected_output <- read.table("tests-examples/cp19/tables/52.out", sep =",", header=T)

RET_DF12218 <- input2 %>% ungroup() %>% filter(salary > 10000)
RET_DF12219 <- inner_join(inner_join(input1, input3), input2)
RET_DF12220 <- anti_join(select(RET_DF12218,eid), select(RET_DF12219, eid))
RET_DF12221 <- RET_DF12220 %>% ungroup() %>% select(eid)


+++++++++++++++++++++++++++++++++++++ SQL Solution +++++++++++++++++++++++++++++++++++++

SELECT `eid`
FROM
  (SELECT *
   FROM
     (SELECT `eid`
      FROM `input2`
      WHERE (`salary` > 10000.0)) AS `LHS`
   WHERE NOT EXISTS
       (SELECT 1
        FROM
          (SELECT `eid`
           FROM
             (SELECT `aid`,
                     `aname`,
                     `crusingrange`,
                     `eid`,
                     `ename`,
                     `salary`
              FROM
                (SELECT `aid`,
                        `aname`,
                        `crusingrange`,
                        `eid`
                 FROM `input1` AS `LHS`
                 INNER JOIN `input3` AS `RHS` ON (`LHS`.`aid` = `RHS`.`aid`)) AS `LHS`
              INNER JOIN `input2` AS `RHS` ON (`LHS`.`eid` = `RHS`.`eid`))) AS `RHS`
        WHERE (`LHS`.`eid` = `RHS`.`eid`) ))
