[info] Parsing specification...
[info] Parsing specification...
[info] Parsing specification...
[debug] Reading input files...
[info] Parsing specification...
[debug] Reading input files...
[info] Parsing specification...
[debug] Reading input files...
[debug] Reading input files...
[debug] Reading input files...
[debug] Generating DSL...
[info] Parsing succeeded
[info] Building synthesizer...
[info] Lines of Code: 1
[debug] Generating DSL...
[debug] Generating DSL...
[debug] Generating DSL...
[debug] Generating DSL...
[info] Parsing succeeded
[info] Building synthesizer...
[info] Lines of Code: 1
[info] Parsing succeeded
[info] Building synthesizer...
[info] Lines of Code: 1
[info] Parsing succeeded
[info] Building synthesizer...
[info] Lines of Code: 1
[info] Parsing succeeded
[info] Building synthesizer...
[info] Lines of Code: 1
[error] Number of Nodes: 5 
[error] Number of Variables: 6
[error] Number of Constraints: 54
[error] Time spent encoding: 0.04717230796813965
[error] UNSAT : There is no solution for current depth (loc=0), try to increase it (e.g. loc=1).
[info] Synthesizing programs...
[error] Total Time: 3.886222839355469e-05
[error] Total Solver Time: 2.6941299438476562e-05
[error] Total Time Symmetries: 0
[error] Total Blocked Models: 0
[info] No more queries to be tested. Solution not found!
[info] Increasing the number of lines of code.
[info] Lines of Code: 2
[error] Number of Nodes: 5 
[error] Number of Variables: 6
[error] Number of Constraints: 54
[error] Time spent encoding: 0.047687530517578125
[error] Number of Nodes: 5 
[error] Number of Variables: 6
[error] Number of Constraints: 54
[error] Time spent encoding: 0.04866600036621094
[error] UNSAT : There is no solution for current depth (loc=0), try to increase it (e.g. loc=1).
[info] Synthesizing programs...
[error] Total Time: 3.719329833984375e-05
[error] Total Solver Time: 2.6464462280273438e-05
[error] Total Time Symmetries: 0
[error] Total Blocked Models: 0
[info] No more queries to be tested. Solution not found!
[info] Increasing the number of lines of code.
[info] Lines of Code: 2
[error] Number of Nodes: 5 
[error] Number of Variables: 6
[error] Number of Constraints: 54
[error] Time spent encoding: 0.04879903793334961
[error] UNSAT : There is no solution for current depth (loc=0), try to increase it (e.g. loc=1).
[info] Synthesizing programs...
[error] Total Time: 3.743171691894531e-05
[error] Total Solver Time: 2.6226043701171875e-05
[error] Total Time Symmetries: 0
[error] Total Blocked Models: 0
[info] No more queries to be tested. Solution not found!
[info] Increasing the number of lines of code.
[info] Lines of Code: 2
[error] Number of Nodes: 5 
[error] Number of Variables: 6
[error] Number of Constraints: 54
[error] Time spent encoding: 0.05565524101257324
[error] UNSAT : There is no solution for current depth (loc=0), try to increase it (e.g. loc=1).
[info] Synthesizing programs...
[error] Total Time: 4.2438507080078125e-05
[error] Total Solver Time: 2.956390380859375e-05
[error] Total Time Symmetries: 0
[error] Total Blocked Models: 0
[info] No more queries to be tested. Solution not found!
[info] Increasing the number of lines of code.
[info] Lines of Code: 2
[error] UNSAT : There is no solution for current depth (loc=0), try to increase it (e.g. loc=1).
[info] Synthesizing programs...
[error] Total Time: 0.008439779281616211
[error] Total Solver Time: 0.008416891098022461
[error] Total Time Symmetries: 0
[error] Total Blocked Models: 0
[info] No more queries to be tested. Solution not found!
[info] Increasing the number of lines of code.
[info] Lines of Code: 2
[error] Number of Nodes: 10 
[error] Number of Variables: 16
[error] Number of Constraints: 147
[error] Time spent encoding: 0.10777544975280762
[error] UNSAT : There is no solution for current depth (loc=1), try to increase it (e.g. loc=2).
[info] Synthesizing programs...
[error] Total Time: 3.2901763916015625e-05
[error] Total Solver Time: 2.7418136596679688e-05
[error] Total Time Symmetries: 0
[error] Total Blocked Models: 0
[info] No more queries to be tested. Solution not found!
[info] Increasing the number of lines of code.
[info] Lines of Code: 3
[error] Number of Nodes: 10 
[error] Number of Variables: 16
[error] Number of Constraints: 147
[error] Time spent encoding: 0.10733914375305176
[error] Number of Nodes: 10 
[error] Number of Variables: 16
[error] Number of Constraints: 147
[error] Time spent encoding: 0.10625338554382324
[error] Number of Nodes: 10 
[error] Number of Variables: 16
[error] Number of Constraints: 147
[error] Time spent encoding: 0.10675716400146484
[error] UNSAT : There is no solution for current depth (loc=1), try to increase it (e.g. loc=2).
[info] Synthesizing programs...
[error] Total Time: 3.361701965332031e-05
[error] Total Solver Time: 2.7894973754882812e-05
[error] Total Time Symmetries: 0
[error] Total Blocked Models: 0
[info] No more queries to be tested. Solution not found!
[info] Increasing the number of lines of code.
[info] Lines of Code: 3
[error] UNSAT : There is no solution for current depth (loc=1), try to increase it (e.g. loc=2).
[info] Synthesizing programs...
[error] Total Time: 3.2901763916015625e-05
[error] Total Solver Time: 2.7179718017578125e-05
[error] Total Time Symmetries: 0
[error] Total Blocked Models: 0
[info] No more queries to be tested. Solution not found!
[info] Increasing the number of lines of code.
[info] Lines of Code: 3
[error] UNSAT : There is no solution for current depth (loc=1), try to increase it (e.g. loc=2).
[info] Synthesizing programs...
[error] Total Time: 3.147125244140625e-05
[error] Total Solver Time: 2.5987625122070312e-05
[error] Total Time Symmetries: 0
[error] Total Blocked Models: 0
[info] No more queries to be tested. Solution not found!
[info] Increasing the number of lines of code.
[info] Lines of Code: 3
[error] Number of Nodes: 10 
[error] Number of Variables: 16
[error] Number of Constraints: 147
[error] Time spent encoding: 0.11323928833007812
[error] UNSAT : There is no solution for current depth (loc=1), try to increase it (e.g. loc=2).
[info] Synthesizing programs...
[error] Total Time: 0.025189638137817383
[error] Total Solver Time: 0.025175094604492188
[error] Total Time Symmetries: 0
[error] Total Blocked Models: 0
[info] No more queries to be tested. Solution not found!
[info] Increasing the number of lines of code.
[info] Lines of Code: 3
[error] Number of Nodes: 15 
[error] Number of Variables: 30
[error] Number of Constraints: 282
[error] Time spent encoding: 0.1876509189605713
[error] Number of Nodes: 15 
[error] Number of Variables: 30
[error] Number of Constraints: 282
[error] Time spent encoding: 0.1873488426208496
[error] Number of Nodes: 15 
[error] Number of Variables: 30
[error] Number of Constraints: 282
[error] Time spent encoding: 0.18869757652282715
[info] Synthesizing programs...
[error] Number of Nodes: 15 
[error] Number of Variables: 30
[error] Number of Constraints: 282
[error] Time spent encoding: 0.19068574905395508
[info] Synthesizing programs...
[info] Synthesizing programs...
[info] Synthesizing programs...
[error] Number of Nodes: 15 
[error] Number of Variables: 30
[error] Number of Constraints: 282
[error] Time spent encoding: 0.19420981407165527
[info] Synthesizing programs...
[error] Total Time: 1.5669450759887695
[error] Total Solver Time: 0.027563810348510742
[error] Total Time Symmetries: 0
[error] Total Blocked Models: 0
[info] No more queries to be tested. Solution not found!
[info] Increasing the number of lines of code.
[info] Lines of Code: 4
[error] Total Time: 1.5697147846221924
[error] Total Solver Time: 0.03326153755187988
[error] Total Time Symmetries: 0
[error] Total Blocked Models: 0
[info] No more queries to be tested. Solution not found!
[info] Increasing the number of lines of code.
[info] Lines of Code: 4
[error] Total Time: 1.6013472080230713
[error] Total Solver Time: 0.028667688369750977
[error] Total Time Symmetries: 0
[error] Total Blocked Models: 0
[info] No more queries to be tested. Solution not found!
[info] Increasing the number of lines of code.
[info] Lines of Code: 4
[error] Total Time: 1.6033384799957275
[error] Total Solver Time: 0.027818679809570312
[error] Total Time Symmetries: 0
[error] Total Blocked Models: 0
[info] No more queries to be tested. Solution not found!
[info] Increasing the number of lines of code.
[info] Lines of Code: 4
[error] Total Time: 1.6942174434661865
[error] Total Solver Time: 0.1293652057647705
[error] Total Time Symmetries: 0
[error] Total Blocked Models: 0
[info] No more queries to be tested. Solution not found!
[info] Increasing the number of lines of code.
[info] Lines of Code: 4
[error] Number of Nodes: 20 
[error] Number of Variables: 48
[error] Number of Constraints: 459
[error] Time spent encoding: 0.2862660884857178
[error] Number of Nodes: 20 
[error] Number of Variables: 48
[error] Number of Constraints: 459
[error] Time spent encoding: 0.29075169563293457
[error] Number of Nodes: 20 
[error] Number of Variables: 48
[error] Number of Constraints: 459
[error] Time spent encoding: 0.2895383834838867
[info] Synthesizing programs...
[info] Synthesizing programs...
[error] Number of Nodes: 20 
[error] Number of Variables: 48
[error] Number of Constraints: 459
[error] Time spent encoding: 0.28909850120544434
[info] Synthesizing programs...
[info] Synthesizing programs...
[error] Number of Nodes: 20 
[error] Number of Variables: 48
[error] Number of Constraints: 459
[error] Time spent encoding: 0.29783201217651367
[info] Synthesizing programs...
[error] Total Solver Time: 0.08109688758850098
[error] Total Time Symmetries: 0
[error] Total Blocked Models: 0
[error] Total Solver Time: 0.07622766494750977
[error] Total Time Symmetries: 0
[error] Total Blocked Models: 0
[error] Total Solver Time: 0.09065413475036621
[error] Total Time Symmetries: 0
[error] Total Blocked Models: 0
[error] Total Solver Time: 0.22928190231323242
[error] Total Time Symmetries: 0
[error] Total Blocked Models: 0
[error] Total Solver Time: 0.07498574256896973
[error] Total Time Symmetries: 0
[error] Total Blocked Models: 0
[error] Total Solver Time: 0.16022253036499023
[error] Total Time Symmetries: 0
[error] Total Blocked Models: 0
[error] Total Solver Time: 0.17339801788330078
[error] Total Time Symmetries: 0
[error] Total Blocked Models: 0
[error] Total Solver Time: 0.15426230430603027
[error] Total Time Symmetries: 0
[error] Total Blocked Models: 0
[error] Total Solver Time: 0.368558406829834
[error] Total Time Symmetries: 0
[error] Total Blocked Models: 0
[error] Total Solver Time: 0.1555652618408203
[error] Total Time Symmetries: 0
[error] Total Blocked Models: 0
[error] Total Solver Time: 0.24070167541503906
[error] Total Time Symmetries: 0
[error] Total Blocked Models: 0
[error] Total Solver Time: 0.2559664249420166
[error] Total Time Symmetries: 0
[error] Total Blocked Models: 0
[error] Total Solver Time: 0.23291492462158203
[error] Total Time Symmetries: 0
[error] Total Blocked Models: 0
[error] Total Solver Time: 0.3196580410003662
[error] Total Time Symmetries: 0
[error] Total Blocked Models: 0
[error] Total Solver Time: 0.2353377342224121
[error] Total Time Symmetries: 0
[error] Total Blocked Models: 0
[error] Total Solver Time: 0.5068714618682861
[error] Total Time Symmetries: 0
[error] Total Blocked Models: 0
[error] Total Solver Time: 0.3116304874420166
[error] Total Time Symmetries: 0
[error] Total Blocked Models: 0
[error] Total Solver Time: 0.3335864543914795
[error] Total Time Symmetries: 0
[error] Total Blocked Models: 0
[error] Total Solver Time: 0.3990168571472168
[error] Total Time Symmetries: 0
[error] Total Blocked Models: 0
[error] Total Solver Time: 0.6483614444732666
[error] Total Time Symmetries: 0
[error] Total Blocked Models: 0
[error] Total Solver Time: 0.31621432304382324
[error] Total Time Symmetries: 0
[error] Total Blocked Models: 0
[error] Total Solver Time: 0.3909413814544678
[error] Total Time Symmetries: 0
[error] Total Blocked Models: 0
[error] Total Solver Time: 0.41289591789245605
[error] Total Time Symmetries: 0
[error] Total Blocked Models: 0
[error] Total Solver Time: 0.478287935256958
[error] Total Time Symmetries: 0
[error] Total Blocked Models: 0
[error] Total Solver Time: 0.3973808288574219
[error] Total Time Symmetries: 0
[error] Total Blocked Models: 0
[error] Total Solver Time: 0.7931880950927734
[error] Total Time Symmetries: 0
[error] Total Blocked Models: 0
[error] Total Solver Time: 0.47167062759399414
[error] Total Time Symmetries: 0
[error] Total Blocked Models: 0
[error] Total Solver Time: 0.5585401058197021
[error] Total Time Symmetries: 0
[error] Total Blocked Models: 0
[error] Total Solver Time: 0.49387407302856445
[error] Total Time Symmetries: 0
[error] Total Blocked Models: 0
[error] Total Solver Time: 0.48026394844055176
[error] Total Time Symmetries: 0
[error] Total Blocked Models: 0
[error] Total Solver Time: 0.5491845607757568
[error] Total Time Symmetries: 0
[error] Total Blocked Models: 0
[error] Total Solver Time: 0.9816904067993164
[error] Total Time Symmetries: 0
[error] Total Blocked Models: 0
[error] Total Solver Time: 0.639911413192749
[error] Total Time Symmetries: 0
[error] Total Blocked Models: 0
[error] Total Solver Time: 0.5672123432159424
[error] Total Time Symmetries: 0
[error] Total Blocked Models: 0
[error] Total Solver Time: 0.5610270500183105
[error] Total Time Symmetries: 0
[error] Total Blocked Models: 0
[error] Total Solver Time: 0.6301124095916748
[error] Total Time Symmetries: 0
[error] Total Blocked Models: 0
[error] Total Solver Time: 1.1286332607269287
[error] Total Time Symmetries: 0
[error] Total Blocked Models: 0
[error] Total Solver Time: 0.7203822135925293
[error] Total Time Symmetries: 0
[error] Total Blocked Models: 0
[error] Total Solver Time: 0.6496155261993408
[error] Total Time Symmetries: 0
[error] Total Blocked Models: 0
[error] Total Solver Time: 0.6422877311706543
[error] Total Time Symmetries: 0
[error] Total Blocked Models: 0
[error] Total Solver Time: 0.7106046676635742
[error] Total Time Symmetries: 0
[error] Total Blocked Models: 0
[error] Total Solver Time: 1.2785511016845703
[error] Total Time Symmetries: 0
[error] Total Blocked Models: 0
[error] Total Solver Time: 0.8009765148162842
[error] Total Time Symmetries: 0
[error] Total Blocked Models: 0
[error] Total Solver Time: 0.7320811748504639
[error] Total Time Symmetries: 0
[error] Total Blocked Models: 0
[error] Total Solver Time: 0.7915956974029541
[error] Total Time Symmetries: 0
[error] Total Blocked Models: 0
[error] Total Solver Time: 0.7246334552764893
[error] Total Time Symmetries: 0
[error] Total Blocked Models: 0
[error] Total Solver Time: 1.4305834770202637
[error] Total Time Symmetries: 0
[error] Total Blocked Models: 0
[error] Total Solver Time: 0.8840832710266113
[error] Total Time Symmetries: 0
[error] Total Blocked Models: 0
[error] Total Solver Time: 0.8738198280334473
[error] Total Time Symmetries: 0
[error] Total Blocked Models: 0
[error] Total Solver Time: 0.814927339553833
[error] Total Time Symmetries: 0
[error] Total Blocked Models: 0
[error] Total Solver Time: 0.8062388896942139
[error] Total Time Symmetries: 0
[error] Total Blocked Models: 0
[error] Total Solver Time: 1.586266040802002
[error] Total Time Symmetries: 0
[error] Total Blocked Models: 0
[error] Total Solver Time: 0.9539928436279297
[error] Total Time Symmetries: 0
[error] Total Blocked Models: 0
[error] Total Solver Time: 0.9654018878936768
[error] Total Time Symmetries: 0
[error] Total Blocked Models: 0
[error] Total Solver Time: 0.8952603340148926
[error] Total Time Symmetries: 0
[error] Total Blocked Models: 0
[error] Total Solver Time: 0.8869132995605469
[error] Total Time Symmetries: 0
[error] Total Blocked Models: 0
[error] Total Solver Time: 1.7438983917236328
[error] Total Time Symmetries: 0
[error] Total Blocked Models: 0
[error] Total Solver Time: 1.0355334281921387
[error] Total Time Symmetries: 0
[error] Total Blocked Models: 0
[error] Total Solver Time: 1.048314094543457
[error] Total Time Symmetries: 0
[error] Total Blocked Models: 0
[error] Total Solver Time: 0.9768722057342529
[error] Total Time Symmetries: 0
[error] Total Blocked Models: 0
[error] Total Solver Time: 0.9672439098358154
[error] Total Time Symmetries: 0
[error] Total Blocked Models: 0
[error] Total Solver Time: 1.9040946960449219
[error] Total Time Symmetries: 0
[error] Total Blocked Models: 0
[error] Total Solver Time: 1.11700439453125
[error] Total Time Symmetries: 0
[error] Total Blocked Models: 0
[error] Total Solver Time: 1.1296088695526123
[error] Total Time Symmetries: 0
[error] Total Blocked Models: 0
[error] Total Solver Time: 1.0592880249023438
[error] Total Time Symmetries: 0
[error] Total Blocked Models: 0
[error] Total Solver Time: 2.0681638717651367
[error] Total Time Symmetries: 0
[error] Total Blocked Models: 0
[error] Total Solver Time: 1.0485363006591797
[error] Total Time Symmetries: 0
[error] Total Blocked Models: 0
[error] Total Solver Time: 1.2004575729370117
[error] Total Time Symmetries: 0
[error] Total Blocked Models: 0
[error] Total Solver Time: 1.2101762294769287
[error] Total Time Symmetries: 0
[error] Total Blocked Models: 0
[error] Total Solver Time: 1.142458200454712
[error] Total Time Symmetries: 0
[error] Total Blocked Models: 0
[error] Total Solver Time: 1.1292476654052734
[error] Total Time Symmetries: 0
[error] Total Blocked Models: 0
[error] Total Solver Time: 1.2820672988891602
[error] Total Time Symmetries: 0
[error] Total Blocked Models: 0
[error] Total Solver Time: 2.2725658416748047
[error] Total Time Symmetries: 0
[error] Total Blocked Models: 0
[error] Total Solver Time: 1.2902154922485352
[error] Total Time Symmetries: 0
[error] Total Blocked Models: 0
[error] Total Solver Time: 1.2257397174835205
[error] Total Time Symmetries: 0
[error] Total Blocked Models: 0
[error] Total Solver Time: 1.363539457321167
[error] Total Time Symmetries: 0
[error] Total Blocked Models: 0
[error] Total Solver Time: 1.2101171016693115
[error] Total Time Symmetries: 0
[error] Total Blocked Models: 0
[error] Total Solver Time: 2.4674015045166016
[error] Total Time Symmetries: 0
[error] Total Blocked Models: 0
[error] Total Solver Time: 1.3747198581695557
[error] Total Time Symmetries: 0
[error] Total Blocked Models: 0
[error] Total Solver Time: 1.3075978755950928
[error] Total Time Symmetries: 0
[error] Total Blocked Models: 0
[error] Total Solver Time: 1.4474918842315674
[error] Total Time Symmetries: 0
[error] Total Blocked Models: 0
[error] Total Solver Time: 1.2931053638458252
[error] Total Time Symmetries: 0
[error] Total Blocked Models: 0
[error] Total Solver Time: 1.4574592113494873
[error] Total Time Symmetries: 0
[error] Total Blocked Models: 0
[error] Total Solver Time: 2.647814989089966
[error] Total Time Symmetries: 0
[error] Total Blocked Models: 0
[error] Total Solver Time: 1.529524326324463
[error] Total Time Symmetries: 0
[error] Total Blocked Models: 0
[error] Total Solver Time: 1.3923892974853516
[error] Total Time Symmetries: 0
[error] Total Blocked Models: 0
[error] Total Solver Time: 1.5415961742401123
[error] Total Time Symmetries: 0
[error] Total Blocked Models: 0
[error] Total Solver Time: 1.3757975101470947
[error] Total Time Symmetries: 0
[error] Total Blocked Models: 0
[error] Total Solver Time: 2.833775758743286
[error] Total Time Symmetries: 0
[error] Total Blocked Models: 0
[error] Total Solver Time: 1.6161587238311768
[error] Total Time Symmetries: 0
[error] Total Blocked Models: 0
[error] Total Solver Time: 1.4753906726837158
[error] Total Time Symmetries: 0
[error] Total Blocked Models: 0
[error] Total Solver Time: 1.6237492561340332
[error] Total Time Symmetries: 0
[error] Total Blocked Models: 0
[error] Total Solver Time: 1.458730936050415
[error] Total Time Symmetries: 0
[error] Total Blocked Models: 0
[error] Total Solver Time: 1.5586636066436768
[error] Total Time Symmetries: 0
[error] Total Blocked Models: 0
[error] Total Solver Time: 1.7056994438171387
[error] Total Time Symmetries: 0
[error] Total Blocked Models: 0
[error] Total Solver Time: 3.0286078453063965
[error] Total Time Symmetries: 0
[error] Total Blocked Models: 0
[error] Total Solver Time: 1.7068428993225098
[error] Total Time Symmetries: 0
[error] Total Blocked Models: 0
[error] Total Solver Time: 1.5422508716583252
[error] Total Time Symmetries: 0
[error] Total Blocked Models: 0
[error] Total Solver Time: 1.6432926654815674
[error] Total Time Symmetries: 0
[error] Total Blocked Models: 0
[error] Total Solver Time: 1.7877893447875977
[error] Total Time Symmetries: 0
[error] Total Blocked Models: 0
[error] Total Solver Time: 1.789731502532959
[error] Total Time Symmetries: 0
[error] Total Blocked Models: 0
[error] Total Solver Time: 3.2284796237945557
[error] Total Time Symmetries: 0
[error] Total Blocked Models: 0
[error] Total Solver Time: 1.7269697189331055
[error] Total Time Symmetries: 0
[error] Total Blocked Models: 0
[error] Total Solver Time: 1.6259746551513672
[error] Total Time Symmetries: 0
[error] Total Blocked Models: 0
[error] Total Solver Time: 1.8715736865997314
[error] Total Time Symmetries: 0
[error] Total Blocked Models: 0
[error] Total Solver Time: 1.8720149993896484
[error] Total Time Symmetries: 0
[error] Total Blocked Models: 0
[error] Total Solver Time: 1.8122828006744385
[error] Total Time Symmetries: 0
[error] Total Blocked Models: 0
[error] Total Solver Time: 1.7090082168579102
[error] Total Time Symmetries: 0
[error] Total Blocked Models: 0
[error] Total Solver Time: 1.9533703327178955
[error] Total Time Symmetries: 0
[error] Total Blocked Models: 0
[error] Total Solver Time: 3.4303641319274902
[error] Total Time Symmetries: 0
[error] Total Blocked Models: 0
[error] Total Solver Time: 1.9550957679748535
[error] Total Time Symmetries: 0
[error] Total Blocked Models: 0
[error] Total Solver Time: 2.036764621734619
[error] Total Time Symmetries: 0
[error] Total Blocked Models: 0
[error] Total Solver Time: 1.8945024013519287
[error] Total Time Symmetries: 0
[error] Total Blocked Models: 0
[error] Total Solver Time: 1.791755199432373
[error] Total Time Symmetries: 0
[error] Total Blocked Models: 0
[error] Total Solver Time: 2.037594795227051
[error] Total Time Symmetries: 0
[error] Total Blocked Models: 0
[error] Total Solver Time: 3.639296054840088
[error] Total Time Symmetries: 0
[error] Total Blocked Models: 0
[error] Total Solver Time: 2.12100887298584
[error] Total Time Symmetries: 0
[error] Total Blocked Models: 0
[error] Total Solver Time: 1.9797637462615967
[error] Total Time Symmetries: 0
[error] Total Blocked Models: 0
[error] Total Solver Time: 2.121994733810425
[error] Total Time Symmetries: 0
[error] Total Blocked Models: 0
[error] Total Solver Time: 3.874143362045288
[error] Total Time Symmetries: 0
[error] Total Blocked Models: 0
[error] Total Solver Time: 1.8721239566802979
[error] Total Time Symmetries: 0
[error] Total Blocked Models: 0
[error] Total Solver Time: 2.205425977706909
[error] Total Time Symmetries: 0
[error] Total Blocked Models: 0
[error] Total Solver Time: 2.0674591064453125
[error] Total Time Symmetries: 0
[error] Total Blocked Models: 0
[error] Total Solver Time: 2.2045671939849854
[error] Total Time Symmetries: 0
[error] Total Blocked Models: 0
[error] Total Solver Time: 4.115861892700195
[error] Total Time Symmetries: 0
[error] Total Blocked Models: 0
[error] Total Solver Time: 2.288280963897705
[error] Total Time Symmetries: 0
[error] Total Blocked Models: 0
[error] Total Solver Time: 1.951477289199829
[error] Total Time Symmetries: 0
[error] Total Blocked Models: 0
[error] Total Solver Time: 2.149641990661621
[error] Total Time Symmetries: 0
[error] Total Blocked Models: 0
[error] Total Solver Time: 2.288330078125
[error] Total Time Symmetries: 0
[error] Total Blocked Models: 0
[error] Total Solver Time: 4.3637518882751465
[error] Total Time Symmetries: 0
[error] Total Blocked Models: 0
[error] Total Solver Time: 2.3714964389801025
[error] Total Time Symmetries: 0
[error] Total Blocked Models: 0
[error] Total Solver Time: 2.0365989208221436
[error] Total Time Symmetries: 0
[error] Total Blocked Models: 0
[error] Total Solver Time: 2.234713315963745
[error] Total Time Symmetries: 0
[error] Total Blocked Models: 0
[error] Total Solver Time: 2.3716893196105957
[error] Total Time Symmetries: 0
[error] Total Blocked Models: 0
[error] Total Solver Time: 4.608980178833008
[error] Total Time Symmetries: 0
[error] Total Blocked Models: 0
[error] Total Solver Time: 2.456153154373169
[error] Total Time Symmetries: 0
[error] Total Blocked Models: 0
[error] Total Solver Time: 2.120389461517334
[error] Total Time Symmetries: 0
[error] Total Blocked Models: 0
[error] Total Solver Time: 2.320497989654541
[error] Total Time Symmetries: 0
[error] Total Blocked Models: 0
[error] Total Solver Time: 2.454000949859619
[error] Total Time Symmetries: 0
[error] Total Blocked Models: 0
[error] Total Solver Time: 2.54465651512146
[error] Total Time Symmetries: 0
[error] Total Blocked Models: 0
[error] Total Solver Time: 4.853646993637085
[error] Total Time Symmetries: 0
[error] Total Blocked Models: 0
[error] Total Solver Time: 2.2038235664367676
[error] Total Time Symmetries: 0
[error] Total Blocked Models: 0
[error] Total Solver Time: 2.4080002307891846
[error] Total Time Symmetries: 0
[error] Total Blocked Models: 0
[error] Total Solver Time: 2.627666711807251
[error] Total Time Symmetries: 0
[error] Total Blocked Models: 0
[error] Total Solver Time: 2.538391351699829
[error] Total Time Symmetries: 0
[error] Total Blocked Models: 0
[error] Total Solver Time: 5.1038548946380615
[error] Total Time Symmetries: 0
[error] Total Blocked Models: 0
[error] Total Solver Time: 2.2864654064178467
[error] Total Time Symmetries: 0
[error] Total Blocked Models: 0
[error] Total Solver Time: 2.7145137786865234
[error] Total Time Symmetries: 0
[error] Total Blocked Models: 0
[error] Total Solver Time: 2.4937360286712646
[error] Total Time Symmetries: 0
[error] Total Blocked Models: 0
[error] Total Solver Time: 2.62253737449646
[error] Total Time Symmetries: 0
[error] Total Blocked Models: 0
[error] Total Solver Time: 5.382676839828491
[error] Total Time Symmetries: 0
[error] Total Blocked Models: 0
[error] Total Solver Time: 2.3714606761932373
[error] Total Time Symmetries: 0
[error] Total Blocked Models: 0
[error] Total Solver Time: 2.8004674911499023
[error] Total Time Symmetries: 0
[error] Total Blocked Models: 0
[error] Total Solver Time: 2.5827033519744873
[error] Total Time Symmetries: 0
[error] Total Blocked Models: 0
[error] Total Solver Time: 2.706373929977417
[error] Total Time Symmetries: 0
[error] Total Blocked Models: 0
[error] Total Solver Time: 5.624978065490723
[error] Total Time Symmetries: 0
[error] Total Blocked Models: 0
[error] Total Solver Time: 2.456758975982666
[error] Total Time Symmetries: 0
[error] Total Blocked Models: 0
[error] Total Solver Time: 2.8843376636505127
[error] Total Time Symmetries: 0
[error] Total Blocked Models: 0
[error] Total Solver Time: 2.6691696643829346
[error] Total Time Symmetries: 0
[error] Total Blocked Models: 0
[error] Total Solver Time: 5.870427131652832
[error] Total Time Symmetries: 0
[error] Total Blocked Models: 0
[error] Total Solver Time: 2.7868359088897705
[error] Total Time Symmetries: 0
[error] Total Blocked Models: 0
[error] Total Solver Time: 2.5434231758117676
[error] Total Time Symmetries: 0
[error] Total Blocked Models: 0
[error] Total Solver Time: 2.970618486404419
[error] Total Time Symmetries: 0
[error] Total Blocked Models: 0
[error] Total Solver Time: 2.756920099258423
[error] Total Time Symmetries: 0
[error] Total Blocked Models: 0
[error] Total Solver Time: 6.118072271347046
[error] Total Time Symmetries: 0
[error] Total Blocked Models: 0
[error] Total Solver Time: 2.870466947555542
[error] Total Time Symmetries: 0
[error] Total Blocked Models: 0
[error] Total Solver Time: 3.0613820552825928
[error] Total Time Symmetries: 0
[error] Total Blocked Models: 0
[error] Total Solver Time: 2.628200054168701
[error] Total Time Symmetries: 0
[error] Total Blocked Models: 0
[error] Total Solver Time: 2.839817523956299
[error] Total Time Symmetries: 0
[error] Total Blocked Models: 0
[error] Total Solver Time: 6.370927333831787
[error] Total Time Symmetries: 0
[error] Total Blocked Models: 0
[error] Total Solver Time: 2.953660249710083
[error] Total Time Symmetries: 0
[error] Total Blocked Models: 0
[error] Total Solver Time: 3.175208330154419
[error] Total Time Symmetries: 0
[error] Total Blocked Models: 0
[error] Total Solver Time: 2.7116732597351074
[error] Total Time Symmetries: 0
[error] Total Blocked Models: 0
[error] Total Solver Time: 2.9281699657440186
[error] Total Time Symmetries: 0
[error] Total Blocked Models: 0
[error] Total Solver Time: 6.623983383178711
[error] Total Time Symmetries: 0
[error] Total Blocked Models: 0
[error] Total Solver Time: 3.0384912490844727
[error] Total Time Symmetries: 0
[error] Total Blocked Models: 0
[error] Total Solver Time: 3.281200885772705
[error] Total Time Symmetries: 0
[error] Total Blocked Models: 0
[error] Total Solver Time: 3.013648271560669
[error] Total Time Symmetries: 0
[error] Total Blocked Models: 0
[error] Total Solver Time: 6.871232509613037
[error] Total Time Symmetries: 0
[error] Total Blocked Models: 0
[error] Total Solver Time: 2.7978103160858154
[error] Total Time Symmetries: 0
[error] Total Blocked Models: 0
[error] Total Solver Time: 3.1225054264068604
[error] Total Time Symmetries: 0
[error] Total Blocked Models: 0
[error] Total Solver Time: 3.3711509704589844
[error] Total Time Symmetries: 0
[error] Total Blocked Models: 0
[error] Total Solver Time: 3.0987818241119385
[error] Total Time Symmetries: 0
[error] Total Blocked Models: 0
[error] Total Solver Time: 7.118092775344849
[error] Total Time Symmetries: 0
[error] Total Blocked Models: 0
[error] Total Solver Time: 2.8826401233673096
[error] Total Time Symmetries: 0
[error] Total Blocked Models: 0
[error] Total Solver Time: 3.206326961517334
[error] Total Time Symmetries: 0
[error] Total Blocked Models: 0
[error] Total Solver Time: 3.4561421871185303
[error] Total Time Symmetries: 0
[error] Total Blocked Models: 0
[error] Total Solver Time: 7.370589971542358
[error] Total Time Symmetries: 0
[error] Total Blocked Models: 0
[error] Total Solver Time: 3.2897467613220215
[error] Total Time Symmetries: 0
[error] Total Blocked Models: 0
[error] Total Solver Time: 2.9672038555145264
[error] Total Time Symmetries: 0
[error] Total Blocked Models: 0
[error] Total Solver Time: 3.18034291267395
[error] Total Time Symmetries: 0
[error] Total Blocked Models: 0
[error] Total Solver Time: 3.540156364440918
[error] Total Time Symmetries: 0
[error] Total Blocked Models: 0
[error] Total Solver Time: 3.3733205795288086
[error] Total Time Symmetries: 0
[error] Total Blocked Models: 0
[error] Total Solver Time: 7.628436088562012
[error] Total Time Symmetries: 0
[error] Total Blocked Models: 0
[error] Total Solver Time: 3.266191005706787
[error] Total Time Symmetries: 0
[error] Total Blocked Models: 0
[error] Total Solver Time: 3.051415205001831
[error] Total Time Symmetries: 0
[error] Total Blocked Models: 0
[error] Total Solver Time: 3.6237144470214844
[error] Total Time Symmetries: 0
[error] Total Blocked Models: 0
[error] Total Solver Time: 3.459162950515747
[error] Total Time Symmetries: 0
[error] Total Blocked Models: 0
[error] Total Solver Time: 3.3535776138305664
[error] Total Time Symmetries: 0
[error] Total Blocked Models: 0
[error] Total Solver Time: 7.919369459152222
[error] Total Time Symmetries: 0
[error] Total Blocked Models: 0
[error] Total Solver Time: 3.725738048553467
[error] Total Time Symmetries: 0
[error] Total Blocked Models: 0
[error] Total Solver Time: 3.135317087173462
[error] Total Time Symmetries: 0
[error] Total Blocked Models: 0
[error] Total Solver Time: 3.5417590141296387
[error] Total Time Symmetries: 0
[error] Total Blocked Models: 0
[error] Total Solver Time: 8.246168851852417
[error] Total Time Symmetries: 0
[error] Total Blocked Models: 0
[error] Total Solver Time: 3.439317226409912
[error] Total Time Symmetries: 0
[error] Total Blocked Models: 0
[error] Total Solver Time: 3.819638729095459
[error] Total Time Symmetries: 0
[error] Total Blocked Models: 0
[error] Total Solver Time: 3.2213950157165527
[error] Total Time Symmetries: 0
[error] Total Blocked Models: 0
[error] Total Solver Time: 3.6257388591766357
[error] Total Time Symmetries: 0
[error] Total Blocked Models: 0
[error] Total Solver Time: 3.9026577472686768
[error] Total Time Symmetries: 0
[error] Total Blocked Models: 0
[error] Total Solver Time: 8.56869101524353
[error] Total Time Symmetries: 0
[error] Total Blocked Models: 0
[error] Total Solver Time: 3.52451229095459
[error] Total Time Symmetries: 0
[error] Total Blocked Models: 0
[error] Total Solver Time: 3.3073501586914062
[error] Total Time Symmetries: 0
[error] Total Blocked Models: 0
[error] Total Solver Time: 3.709054470062256
[error] Total Time Symmetries: 0
[error] Total Blocked Models: 0
[error] Total Solver Time: 3.9887211322784424
[error] Total Time Symmetries: 0
[error] Total Blocked Models: 0
[error] Total Solver Time: 3.614241361618042
[error] Total Time Symmetries: 0
[error] Total Blocked Models: 0
[error] Total Solver Time: 8.891079664230347
[error] Total Time Symmetries: 0
[error] Total Blocked Models: 0
[error] Total Solver Time: 3.3929004669189453
[error] Total Time Symmetries: 0
[error] Total Blocked Models: 0
[error] Total Solver Time: 3.7949249744415283
[error] Total Time Symmetries: 0
[error] Total Blocked Models: 0
[error] Total Solver Time: 3.701882839202881
[error] Total Time Symmetries: 0
[error] Total Blocked Models: 0
[error] Total Solver Time: 4.07483172416687
[error] Total Time Symmetries: 0
[error] Total Blocked Models: 0
[error] Total Solver Time: 9.215838432312012
[error] Total Time Symmetries: 0
[error] Total Blocked Models: 0
[error] Total Solver Time: 3.4779601097106934
[error] Total Time Symmetries: 0
[error] Total Blocked Models: 0
[error] Total Solver Time: 3.8798434734344482
[error] Total Time Symmetries: 0
[error] Total Blocked Models: 0
[error] Total Solver Time: 3.7918238639831543
[error] Total Time Symmetries: 0
[error] Total Blocked Models: 0
[error] Total Solver Time: 4.16105580329895
[error] Total Time Symmetries: 0
[error] Total Blocked Models: 0
[error] Total Solver Time: 9.547472953796387
[error] Total Time Symmetries: 0
[error] Total Blocked Models: 0
[error] Total Solver Time: 3.5635669231414795
[error] Total Time Symmetries: 0
[error] Total Blocked Models: 0
[error] Total Solver Time: 3.966153621673584
[error] Total Time Symmetries: 0
[error] Total Blocked Models: 0
[error] Total Solver Time: 4.246514558792114
[error] Total Time Symmetries: 0
[error] Total Blocked Models: 0
[error] Total Solver Time: 3.8818023204803467
[error] Total Time Symmetries: 0
[error] Total Blocked Models: 0
[error] Total Solver Time: 9.87479305267334
[error] Total Time Symmetries: 0
[error] Total Blocked Models: 0
[error] Total Solver Time: 3.6483216285705566
[error] Total Time Symmetries: 0
[error] Total Blocked Models: 0
[error] Total Solver Time: 4.0511157512664795
[error] Total Time Symmetries: 0
[error] Total Blocked Models: 0
[error] Total Solver Time: 4.334230661392212
[error] Total Time Symmetries: 0
[error] Total Blocked Models: 0
[error] Total Solver Time: 3.9782114028930664
[error] Total Time Symmetries: 0
[error] Total Blocked Models: 0
[error] Total Solver Time: 10.207435369491577
[error] Total Time Symmetries: 0
[error] Total Blocked Models: 0
[error] Total Solver Time: 3.732675790786743
[error] Total Time Symmetries: 0
[error] Total Blocked Models: 0
[error] Total Solver Time: 4.138179302215576
[error] Total Time Symmetries: 0
[error] Total Blocked Models: 0
[error] Total Solver Time: 4.418055534362793
[error] Total Time Symmetries: 0
[error] Total Blocked Models: 0
[error] Total Solver Time: 4.071221113204956
[error] Total Time Symmetries: 0
[error] Total Blocked Models: 0
[error] Total Solver Time: 10.546275615692139
[error] Total Time Symmetries: 0
[error] Total Blocked Models: 0
[error] Total Solver Time: 4.221531867980957
[error] Total Time Symmetries: 0
[error] Total Blocked Models: 0
[error] Total Solver Time: 3.8156838417053223
[error] Total Time Symmetries: 0
[error] Total Blocked Models: 0
[error] Total Solver Time: 4.505192279815674
[error] Total Time Symmetries: 0
[error] Total Blocked Models: 0
[error] Total Solver Time: 4.154744386672974
[error] Total Time Symmetries: 0
[error] Total Blocked Models: 0
[error] Total Solver Time: 10.884855508804321
[error] Total Time Symmetries: 0
[error] Total Blocked Models: 0
[error] Total Solver Time: 4.304692983627319
[error] Total Time Symmetries: 0
[error] Total Blocked Models: 0
[error] Total Solver Time: 4.598206520080566
[error] Total Time Symmetries: 0
[error] Total Blocked Models: 0
[error] Total Solver Time: 3.9019885063171387
[error] Total Time Symmetries: 0
[error] Total Blocked Models: 0
[error] Total Solver Time: 4.247200965881348
[error] Total Time Symmetries: 0
[error] Total Blocked Models: 0
[error] Total Solver Time: 4.392628908157349
[error] Total Time Symmetries: 0
[error] Total Blocked Models: 0
[error] Total Solver Time: 11.271087646484375
[error] Total Time Symmetries: 0
[error] Total Blocked Models: 0
[error] Total Solver Time: 4.6862547397613525
[error] Total Time Symmetries: 0
[error] Total Blocked Models: 0
[error] Total Solver Time: 3.9873440265655518
[error] Total Time Symmetries: 0
[error] Total Blocked Models: 0
[error] Total Solver Time: 4.333789587020874
[error] Total Time Symmetries: 0
[error] Total Blocked Models: 0
[error] Total Solver Time: 4.4803221225738525
[error] Total Time Symmetries: 0
[error] Total Blocked Models: 0
[error] Total Solver Time: 4.78004002571106
[error] Total Time Symmetries: 0
[error] Total Blocked Models: 0
[error] Total Solver Time: 11.630083084106445
[error] Total Time Symmetries: 0
[error] Total Blocked Models: 0
[error] Total Solver Time: 4.4199724197387695
[error] Total Time Symmetries: 0
[error] Total Blocked Models: 0
[error] Total Solver Time: 4.073267698287964
[error] Total Time Symmetries: 0
[error] Total Blocked Models: 0
[error] Total Solver Time: 4.568130731582642
[error] Total Time Symmetries: 0
[error] Total Blocked Models: 0
[error] Total Solver Time: 4.868961334228516
[error] Total Time Symmetries: 0
[error] Total Blocked Models: 0
[error] Total Solver Time: 11.98257851600647
[error] Total Time Symmetries: 0
[error] Total Blocked Models: 0
[error] Total Solver Time: 4.514025449752808
[error] Total Time Symmetries: 0
[error] Total Blocked Models: 0
[error] Total Solver Time: 4.162808895111084
[error] Total Time Symmetries: 0
[error] Total Blocked Models: 0
[error] Total Solver Time: 4.958676338195801
[error] Total Time Symmetries: 0
[error] Total Blocked Models: 0
[error] Total Solver Time: 4.650899410247803
[error] Total Time Symmetries: 0
[error] Total Blocked Models: 0
[error] Total Solver Time: 12.357231140136719
[error] Total Time Symmetries: 0
[error] Total Blocked Models: 0
[error] Total Solver Time: 4.2491960525512695
[error] Total Time Symmetries: 0
[error] Total Blocked Models: 0
[error] Total Solver Time: 4.604534864425659
[error] Total Time Symmetries: 0
[error] Total Blocked Models: 0
[error] Total Solver Time: 5.044442892074585
[error] Total Time Symmetries: 0
[error] Total Blocked Models: 0
[error] Total Solver Time: 4.7357916831970215
[error] Total Time Symmetries: 0
[error] Total Blocked Models: 0
[error] Total Solver Time: 4.335118770599365
[error] Total Time Symmetries: 0
[error] Total Blocked Models: 0
[error] Total Solver Time: 12.741012573242188
[error] Total Time Symmetries: 0
[error] Total Blocked Models: 0
[error] Total Solver Time: 4.693242311477661
[error] Total Time Symmetries: 0
[error] Total Blocked Models: 0
[error] Total Solver Time: 5.1338348388671875
[error] Total Time Symmetries: 0
[error] Total Blocked Models: 0
[error] Total Solver Time: 4.822235584259033
[error] Total Time Symmetries: 0
[error] Total Blocked Models: 0
[error] Total Solver Time: 4.420558452606201
[error] Total Time Symmetries: 0
[error] Total Blocked Models: 0
[error] Total Solver Time: 4.783854961395264
[error] Total Time Symmetries: 0
[error] Total Blocked Models: 0
[error] Total Solver Time: 4.909108638763428
[error] Total Time Symmetries: 0
[error] Total Blocked Models: 0
[error] Total Solver Time: 13.125527381896973
[error] Total Time Symmetries: 0
[error] Total Blocked Models: 0
[error] Total Solver Time: 5.220783472061157
[error] Total Time Symmetries: 0
[error] Total Blocked Models: 0
[error] Total Solver Time: 4.876366853713989
[error] Total Time Symmetries: 0
[error] Total Blocked Models: 0
[error] Total Solver Time: 4.507692098617554
[error] Total Time Symmetries: 0
[error] Total Blocked Models: 0
[error] Total Solver Time: 5.3141655921936035
[error] Total Time Symmetries: 0
[error] Total Blocked Models: 0
[error] Total Solver Time: 4.993630409240723
[error] Total Time Symmetries: 0
[error] Total Blocked Models: 0
[error] Total Solver Time: 13.507287979125977
[error] Total Time Symmetries: 0
[error] Total Blocked Models: 0
[error] Total Solver Time: 5.399735689163208
[error] Total Time Symmetries: 0
[error] Total Blocked Models: 0
[error] Total Solver Time: 4.595891237258911
[error] Total Time Symmetries: 0
[error] Total Blocked Models: 0
[error] Total Solver Time: 5.078503608703613
[error] Total Time Symmetries: 0
[error] Total Blocked Models: 0
[error] Total Solver Time: 4.958322286605835
[error] Total Time Symmetries: 0
[error] Total Blocked Models: 0
[error] Total Solver Time: 13.877573490142822
[error] Total Time Symmetries: 0
[error] Total Blocked Models: 0
[error] Total Solver Time: 4.6824328899383545
[error] Total Time Symmetries: 0
[error] Total Blocked Models: 0
[error] Total Solver Time: 5.486691474914551
[error] Total Time Symmetries: 0
[error] Total Blocked Models: 0
[error] Total Solver Time: 5.163611650466919
[error] Total Time Symmetries: 0
[error] Total Blocked Models: 0
[error] Total Solver Time: 5.044670581817627
[error] Total Time Symmetries: 0
[error] Total Blocked Models: 0
[error] Total Solver Time: 14.255442380905151
[error] Total Time Symmetries: 0
[error] Total Blocked Models: 0
[error] Total Solver Time: 5.249300718307495
[error] Total Time Symmetries: 0
[error] Total Blocked Models: 0
[error] Total Solver Time: 5.5739586353302
[error] Total Time Symmetries: 0
[error] Total Blocked Models: 0
[error] Total Solver Time: 4.769023180007935
[error] Total Time Symmetries: 0
[error] Total Blocked Models: 0
[error] Total Solver Time: 5.129188776016235
[error] Total Time Symmetries: 0
[error] Total Blocked Models: 0
[error] Total Solver Time: 5.661139726638794
[error] Total Time Symmetries: 0
[error] Total Blocked Models: 0
[error] Total Solver Time: 14.628813743591309
[error] Total Time Symmetries: 0
[error] Total Blocked Models: 0
[error] Total Solver Time: 4.856519460678101
[error] Total Time Symmetries: 0
[error] Total Blocked Models: 0
[error] Total Solver Time: 5.333395719528198
[error] Total Time Symmetries: 0
[error] Total Blocked Models: 0
[error] Total Solver Time: 5.226696014404297
[error] Total Time Symmetries: 0
[error] Total Blocked Models: 0
[error] Total Solver Time: 5.747847557067871
[error] Total Time Symmetries: 0
[error] Total Blocked Models: 0
[error] Total Solver Time: 15.04417634010315
[error] Total Time Symmetries: 0
[error] Total Blocked Models: 0
[error] Total Solver Time: 4.94426417350769
[error] Total Time Symmetries: 0
[error] Total Blocked Models: 0
[error] Total Solver Time: 5.419946193695068
[error] Total Time Symmetries: 0
[error] Total Blocked Models: 0
[error] Total Solver Time: 5.316917181015015
[error] Total Time Symmetries: 0
[error] Total Blocked Models: 0
[error] Total Solver Time: 5.833463191986084
[error] Total Time Symmetries: 0
[error] Total Blocked Models: 0
[error] Total Solver Time: 5.504453420639038
[error] Total Time Symmetries: 0
[error] Total Blocked Models: 0
[error] Total Solver Time: 5.408908367156982
[error] Total Time Symmetries: 0
[error] Total Blocked Models: 0
[error] Total Solver Time: 5.029722690582275
[error] Total Time Symmetries: 0
[error] Total Blocked Models: 0
[error] Total Solver Time: 15.44038438796997
[error] Total Time Symmetries: 0
[error] Total Blocked Models: 0
[error] Total Solver Time: 5.918375492095947
[error] Total Time Symmetries: 0
[error] Total Blocked Models: 0
[error] Total Solver Time: 5.59844708442688
[error] Total Time Symmetries: 0
[error] Total Blocked Models: 0
[error] Total Solver Time: 5.5071635246276855
[error] Total Time Symmetries: 0
[error] Total Blocked Models: 0
[error] Total Solver Time: 5.115247011184692
[error] Total Time Symmetries: 0
[error] Total Blocked Models: 0
[error] Total Solver Time: 6.003754377365112
[error] Total Time Symmetries: 0
[error] Total Blocked Models: 0
[error] Total Solver Time: 15.840221405029297
[error] Total Time Symmetries: 0
[error] Total Blocked Models: 0
[error] Total Solver Time: 5.685257911682129
[error] Total Time Symmetries: 0
[error] Total Blocked Models: 0
[error] Total Solver Time: 5.604152679443359
[error] Total Time Symmetries: 0
[error] Total Blocked Models: 0
[error] Total Solver Time: 5.20026707649231
[error] Total Time Symmetries: 0
[error] Total Blocked Models: 0
[error] Total Solver Time: 6.094115972518921
[error] Total Time Symmetries: 0
[error] Total Blocked Models: 0
[error] Total Solver Time: 16.24480366706848
[error] Total Time Symmetries: 0
[error] Total Blocked Models: 0
[error] Total Solver Time: 5.7716898918151855
[error] Total Time Symmetries: 0
[error] Total Blocked Models: 0
[error] Total Solver Time: 5.69988226890564
[error] Total Time Symmetries: 0
[error] Total Blocked Models: 0
[error] Total Solver Time: 6.190140008926392
[error] Total Time Symmetries: 0
[error] Total Blocked Models: 0
[error] Total Solver Time: 5.287022590637207
[error] Total Time Symmetries: 0
[error] Total Blocked Models: 0
[error] Total Solver Time: 16.652170181274414
[error] Total Time Symmetries: 0
[error] Total Blocked Models: 0
[error] Total Solver Time: 5.788763999938965
[error] Total Time Symmetries: 0
[error] Total Blocked Models: 0
[error] Total Solver Time: 5.859663724899292
[error] Total Time Symmetries: 0
[error] Total Blocked Models: 0
[error] Total Solver Time: 6.279547452926636
[error] Total Time Symmetries: 0
[error] Total Blocked Models: 0
[error] Total Solver Time: 5.374817132949829
[error] Total Time Symmetries: 0
[error] Total Blocked Models: 0
[error] Total Solver Time: 17.066062211990356
[error] Total Time Symmetries: 0
[error] Total Blocked Models: 0
[error] Total Solver Time: 5.889035940170288
[error] Total Time Symmetries: 0
[error] Total Blocked Models: 0
[error] Total Solver Time: 5.946995496749878
[error] Total Time Symmetries: 0
[error] Total Blocked Models: 0
[error] Total Solver Time: 6.364335298538208
[error] Total Time Symmetries: 0
[error] Total Blocked Models: 0
[error] Total Solver Time: 5.4524641036987305
[error] Total Time Symmetries: 0
[error] Total Blocked Models: 0
[error] Total Solver Time: 6.453094005584717
[error] Total Time Symmetries: 0
[error] Total Blocked Models: 0
[error] Total Solver Time: 17.479859828948975
[error] Total Time Symmetries: 0
[error] Total Blocked Models: 0
[error] Total Solver Time: 5.990405321121216
[error] Total Time Symmetries: 0
[error] Total Blocked Models: 0
[error] Total Solver Time: 6.030544281005859
[error] Total Time Symmetries: 0
[error] Total Blocked Models: 0
[error] Total Solver Time: 6.539539575576782
[error] Total Time Symmetries: 0
[error] Total Blocked Models: 0
[error] Total Solver Time: 6.084789037704468
[error] Total Time Symmetries: 0
[error] Total Blocked Models: 0
[error] Total Solver Time: 17.91675114631653
[error] Total Time Symmetries: 0
[error] Total Blocked Models: 0
[error] Total Solver Time: 6.117233753204346
[error] Total Time Symmetries: 0
[error] Total Blocked Models: 0
[error] Total Solver Time: 5.522615432739258
[error] Total Time Symmetries: 0
[error] Total Blocked Models: 0
[error] Total Solver Time: 6.627228736877441
[error] Total Time Symmetries: 0
[error] Total Blocked Models: 0
[error] Total Solver Time: 6.173115968704224
[error] Total Time Symmetries: 0
[error] Total Blocked Models: 0
[error] Total Solver Time: 6.207345247268677
[error] Total Time Symmetries: 0
[error] Total Blocked Models: 0
[error] Total Solver Time: 18.35977339744568
[error] Total Time Symmetries: 0
[error] Total Blocked Models: 0
[error] Total Solver Time: 6.715807676315308
[error] Total Time Symmetries: 0
[error] Total Blocked Models: 0
[error] Total Solver Time: 5.59862208366394
[error] Total Time Symmetries: 0
[error] Total Blocked Models: 0
[error] Total Solver Time: 6.262316703796387
[error] Total Time Symmetries: 0
[error] Total Blocked Models: 0
[error] Total Solver Time: 6.293205261230469
[error] Total Time Symmetries: 0
[error] Total Blocked Models: 0
[error] Total Solver Time: 18.790913820266724
[error] Total Time Symmetries: 0
[error] Total Blocked Models: 0
[error] Total Solver Time: 6.802777528762817
[error] Total Time Symmetries: 0
[error] Total Blocked Models: 0
[error] Total Solver Time: 5.685523271560669
[error] Total Time Symmetries: 0
[error] Total Blocked Models: 0
[error] Total Solver Time: 6.348519563674927
[error] Total Time Symmetries: 0
[error] Total Blocked Models: 0
[error] Total Solver Time: 6.378361701965332
[error] Total Time Symmetries: 0
[error] Total Blocked Models: 0
[error] Total Solver Time: 6.896163463592529
[error] Total Time Symmetries: 0
[error] Total Blocked Models: 0
[error] Total Solver Time: 19.22978973388672
[error] Total Time Symmetries: 0
[error] Total Blocked Models: 0
[error] Total Solver Time: 6.446888208389282
[error] Total Time Symmetries: 0
[error] Total Blocked Models: 0
[error] Total Solver Time: 5.773000240325928
[error] Total Time Symmetries: 0
[error] Total Blocked Models: 0
[error] Total Solver Time: 6.464198589324951
[error] Total Time Symmetries: 0
[error] Total Blocked Models: 0
[error] Total Solver Time: 6.989256143569946
[error] Total Time Symmetries: 0
[error] Total Blocked Models: 0
[error] Total Solver Time: 5.861059188842773
[error] Total Time Symmetries: 0
[error] Total Blocked Models: 0
[error] Total Solver Time: 19.69984793663025
[error] Total Time Symmetries: 0
[error] Total Blocked Models: 0
[error] Total Solver Time: 6.53143572807312
[error] Total Time Symmetries: 0
[error] Total Blocked Models: 0
[error] Total Solver Time: 6.547880172729492
[error] Total Time Symmetries: 0
[error] Total Blocked Models: 0
[error] Total Solver Time: 7.08636999130249
[error] Total Time Symmetries: 0
[error] Total Blocked Models: 0
[error] Total Solver Time: 6.636052370071411
[error] Total Time Symmetries: 0
[error] Total Blocked Models: 0
[error] Total Solver Time: 5.949263095855713
[error] Total Time Symmetries: 0
[error] Total Blocked Models: 0
[error] Total Solver Time: 6.6342785358428955
[error] Total Time Symmetries: 0
[error] Total Blocked Models: 0
[error] Total Solver Time: 20.189085245132446
[error] Total Time Symmetries: 0
[error] Total Blocked Models: 0
[error] Total Solver Time: 7.1772918701171875
[error] Total Time Symmetries: 0
[error] Total Blocked Models: 0
[error] Total Solver Time: 6.725846767425537
[error] Total Time Symmetries: 0
[error] Total Blocked Models: 0
[error] Total Solver Time: 6.037306308746338
[error] Total Time Symmetries: 0
[error] Total Blocked Models: 0
[error] Total Solver Time: 6.721081733703613
[error] Total Time Symmetries: 0
[error] Total Blocked Models: 0
[error] Total Solver Time: 20.676684379577637
[error] Total Time Symmetries: 0
[error] Total Blocked Models: 0
[error] Total Solver Time: 7.2730584144592285
[error] Total Time Symmetries: 0
[error] Total Blocked Models: 0
[error] Total Solver Time: 6.123771905899048
[error] Total Time Symmetries: 0
[error] Total Blocked Models: 0
[error] Total Solver Time: 6.811511993408203
[error] Total Time Symmetries: 0
[error] Total Blocked Models: 0
[error] Total Solver Time: 6.81708288192749
[error] Total Time Symmetries: 0
[error] Total Blocked Models: 0
[error] Total Solver Time: 21.144639492034912
[error] Total Time Symmetries: 0
[error] Total Blocked Models: 0
[error] Total Solver Time: 7.375173330307007
[error] Total Time Symmetries: 0
[error] Total Blocked Models: 0
[error] Total Solver Time: 6.901182651519775
[error] Total Time Symmetries: 0
[error] Total Blocked Models: 0
[error] Total Solver Time: 6.21167516708374
[error] Total Time Symmetries: 0
[error] Total Blocked Models: 0
[error] Total Solver Time: 6.914928913116455
[error] Total Time Symmetries: 0
[error] Total Blocked Models: 0
[error] Total Solver Time: 7.4649786949157715
[error] Total Time Symmetries: 0
[error] Total Blocked Models: 0
[error] Total Solver Time: 21.617547750473022
[error] Total Time Symmetries: 0
[error] Total Blocked Models: 0
[error] Total Solver Time: 6.988133668899536
[error] Total Time Symmetries: 0
[error] Total Blocked Models: 0
[error] Total Solver Time: 6.299582242965698
[error] Total Time Symmetries: 0
[error] Total Blocked Models: 0
[error] Total Solver Time: 7.013849258422852
[error] Total Time Symmetries: 0
[error] Total Blocked Models: 0
[error] Total Solver Time: 7.563936233520508
[error] Total Time Symmetries: 0
[error] Total Blocked Models: 0
[error] Total Solver Time: 7.075463771820068
[error] Total Time Symmetries: 0
[error] Total Blocked Models: 0
[error] Total Solver Time: 22.09250259399414
[error] Total Time Symmetries: 0
[error] Total Blocked Models: 0
[error] Total Solver Time: 6.38816499710083
[error] Total Time Symmetries: 0
[error] Total Blocked Models: 0
[error] Total Solver Time: 7.108510255813599
[error] Total Time Symmetries: 0
[error] Total Blocked Models: 0
[error] Total Solver Time: 7.653139114379883
[error] Total Time Symmetries: 0
[error] Total Blocked Models: 0
[error] Total Solver Time: 7.163885831832886
[error] Total Time Symmetries: 0
[error] Total Blocked Models: 0
[error] Total Solver Time: 22.561641693115234
[error] Total Time Symmetries: 0
[error] Total Blocked Models: 0
[error] Total Solver Time: 6.475344181060791
[error] Total Time Symmetries: 0
[error] Total Blocked Models: 0
[error] Total Solver Time: 7.207680702209473
[error] Total Time Symmetries: 0
[error] Total Blocked Models: 0
[error] Total Solver Time: 7.250550985336304
[error] Total Time Symmetries: 0
[error] Total Blocked Models: 0
[error] Total Solver Time: 7.745023727416992
[error] Total Time Symmetries: 0
[error] Total Blocked Models: 0
[error] Total Solver Time: 23.04114317893982
[error] Total Time Symmetries: 0
[error] Total Blocked Models: 0
[error] Total Solver Time: 7.294206142425537
[error] Total Time Symmetries: 0
[error] Total Blocked Models: 0
[error] Total Solver Time: 6.5541157722473145
[error] Total Time Symmetries: 0
[error] Total Blocked Models: 0
[error] Total Solver Time: 7.337956428527832
[error] Total Time Symmetries: 0
[error] Total Blocked Models: 0
[error] Total Solver Time: 7.829561948776245
[error] Total Time Symmetries: 0
[error] Total Blocked Models: 0
[error] Total Solver Time: 23.51632571220398
[error] Total Time Symmetries: 0
[error] Total Blocked Models: 0
[error] Total Solver Time: 7.389161825180054
[error] Total Time Symmetries: 0
[error] Total Blocked Models: 0
[error] Total Solver Time: 7.9240052700042725
[error] Total Time Symmetries: 0
[error] Total Blocked Models: 0
[error] Total Solver Time: 7.424624443054199
[error] Total Time Symmetries: 0
[error] Total Blocked Models: 0
[error] Total Solver Time: 6.634131193161011
[error] Total Time Symmetries: 0
[error] Total Blocked Models: 0
[error] Total Solver Time: 24.022898197174072
[error] Total Time Symmetries: 0
[error] Total Blocked Models: 0
[error] Total Solver Time: 7.486634731292725
[error] Total Time Symmetries: 0
[error] Total Blocked Models: 0
[error] Total Solver Time: 8.034597396850586
[error] Total Time Symmetries: 0
[error] Total Blocked Models: 0
[error] Total Solver Time: 7.512350082397461
[error] Total Time Symmetries: 0
[error] Total Blocked Models: 0
[error] Total Solver Time: 6.71392035484314
[error] Total Time Symmetries: 0
[error] Total Blocked Models: 0
[error] Total Solver Time: 7.593891143798828
[error] Total Time Symmetries: 0
[error] Total Blocked Models: 0
[error] Total Solver Time: 24.528117895126343
[error] Total Time Symmetries: 0
[error] Total Blocked Models: 0
[error] Total Solver Time: 8.153631925582886
[error] Total Time Symmetries: 0
[error] Total Blocked Models: 0
[error] Total Solver Time: 7.597778558731079
[error] Total Time Symmetries: 0
[error] Total Blocked Models: 0
[error] Total Solver Time: 7.687843084335327
[error] Total Time Symmetries: 0
[error] Total Blocked Models: 0
[error] Total Solver Time: 6.79850172996521
[error] Total Time Symmetries: 0
[error] Total Blocked Models: 0
[error] Total Solver Time: 7.683964729309082
[error] Total Time Symmetries: 0
[error] Total Blocked Models: 0
[error] Total Solver Time: 8.242627143859863
[error] Total Time Symmetries: 0
[error] Total Blocked Models: 0
[error] Total Solver Time: 25.02478814125061
[error] Total Time Symmetries: 0
[error] Total Blocked Models: 0
[error] Total Solver Time: 7.787280082702637
[error] Total Time Symmetries: 0
[error] Total Blocked Models: 0
[error] Total Solver Time: 8.328832149505615
[error] Total Time Symmetries: 0
[error] Total Blocked Models: 0
[error] Total Solver Time: 7.771014451980591
[error] Total Time Symmetries: 0
[error] Total Blocked Models: 0
[error] Total Solver Time: 6.885843753814697
[error] Total Time Symmetries: 0
[error] Total Blocked Models: 0
[error] Total Solver Time: 7.789672374725342
[error] Total Time Symmetries: 0
[error] Total Blocked Models: 0
[error] Total Time: 263.49410128593445
[info] Solution found: select(anti_join(filter(@param1, salary >= 10000), inner_join3(@param2, @param1, @param0), eid), eid, distinct)
[debug] Solution found using process 3: Config(disabled=[], alt_empty_pos=False, shuffle_cols=False, z3_sat_phase='always_true', z3_QF_FD=True)

------------------------------------- R Solution ---------------------------------------

con <- DBI::dbConnect(RSQLite::SQLite(), ":memory:")
input1 <- read.table("tests-examples/cp19/tables/aircraft.txt", sep=",", header=T)
input1 <- copy_to(con, input1)
input2 <- read.table("tests-examples/cp19/tables/employees.txt", sep=",", header=T)
input2 <- copy_to(con, input2)
input3 <- read.table("tests-examples/cp19/tables/certified.txt", sep=",", header=T)
input3 <- copy_to(con, input3)
expected_output <- read.table("tests-examples/cp19/tables/52.out", sep =",", header=T)

RET_DF11745 <- input2 %>% ungroup() %>% filter(salary >= 10000)
RET_DF11746 <- inner_join(inner_join(input3, input2), input1)
RET_DF11747 <- anti_join(select(RET_DF11745,eid), select(RET_DF11746, eid))
RET_DF11748 <- RET_DF11747 %>% ungroup() %>% select(eid) %>% distinct()


+++++++++++++++++++++++++++++++++++++ SQL Solution +++++++++++++++++++++++++++++++++++++

SELECT DISTINCT `eid`
FROM
  (SELECT *
   FROM
     (SELECT `eid`
      FROM `input2`
      WHERE (`salary` >= 10000.0)) AS `LHS`
   WHERE NOT EXISTS
       (SELECT 1
        FROM
          (SELECT `eid`
           FROM
             (SELECT `eid`,
                     `aid`,
                     `ename`,
                     `salary`,
                     `aname`,
                     `crusingrange`
              FROM
                (SELECT `eid`,
                        `aid`,
                        `ename`,
                        `salary`
                 FROM `input3` AS `LHS`
                 INNER JOIN `input2` AS `RHS` ON (`LHS`.`eid` = `RHS`.`eid`)) AS `LHS`
              INNER JOIN `input1` AS `RHS` ON (`LHS`.`aid` = `RHS`.`aid`))) AS `RHS`
        WHERE (`LHS`.`eid` = `RHS`.`eid`) ))
