[info] Parsing specification...
[info] Parsing specification...
[info] Parsing specification...
[debug] Reading input files...
[info] Parsing specification...
[debug] Reading input files...
[info] Parsing specification...
[debug] Reading input files...
[debug] Reading input files...
[debug] Generating DSL...
[debug] Reading input files...
[info] Parsing succeeded
[info] Building synthesizer...
[info] Lines of Code: 1
[debug] Generating DSL...
[debug] Generating DSL...
[debug] Generating DSL...
[debug] Generating DSL...
[info] Parsing succeeded
[info] Building synthesizer...
[info] Lines of Code: 1
[info] Parsing succeeded
[info] Building synthesizer...
[info] Lines of Code: 1
[info] Parsing succeeded
[info] Building synthesizer...
[info] Lines of Code: 1
[info] Parsing succeeded
[info] Building synthesizer...
[info] Lines of Code: 1
[error] Number of Nodes: 5 
[error] Number of Variables: 6
[error] Number of Constraints: 54
[error] Time spent encoding: 0.03826642036437988
[error] UNSAT : There is no solution for current depth (loc=0), try to increase it (e.g. loc=1).
[info] Synthesizing programs...
[error] Total Time: 4.100799560546875e-05
[error] Total Solver Time: 2.574920654296875e-05
[error] Total Time Symmetries: 0
[error] Total Blocked Models: 0
[info] No more queries to be tested. Solution not found!
[info] Increasing the number of lines of code.
[info] Lines of Code: 2
[error] Number of Nodes: 5 
[error] Number of Variables: 6
[error] Number of Constraints: 54
[error] Time spent encoding: 0.03949451446533203
[error] UNSAT : There is no solution for current depth (loc=0), try to increase it (e.g. loc=1).
[info] Synthesizing programs...
[error] Total Time: 3.910064697265625e-05
[error] Total Solver Time: 2.5987625122070312e-05
[error] Total Time Symmetries: 0
[error] Total Blocked Models: 0
[info] No more queries to be tested. Solution not found!
[info] Increasing the number of lines of code.
[error] Number of Nodes: 5 
[info] Lines of Code: 2
[error] Number of Variables: 6
[error] Number of Constraints: 54
[error] Time spent encoding: 0.040683746337890625
[error] Number of Nodes: 5 
[error] Number of Variables: 6
[error] Number of Constraints: 54
[error] Time spent encoding: 0.040253400802612305
[error] UNSAT : There is no solution for current depth (loc=0), try to increase it (e.g. loc=1).
[info] Synthesizing programs...
[error] Total Time: 3.790855407714844e-05
[error] Total Solver Time: 2.5272369384765625e-05
[error] Total Time Symmetries: 0
[error] Total Blocked Models: 0
[info] No more queries to be tested. Solution not found!
[info] Increasing the number of lines of code.
[info] Lines of Code: 2
[error] Number of Nodes: 5 
[error] Number of Variables: 6
[error] Number of Constraints: 54
[error] Time spent encoding: 0.047505855560302734
[error] UNSAT : There is no solution for current depth (loc=0), try to increase it (e.g. loc=1).
[info] Synthesizing programs...
[error] Total Time: 3.981590270996094e-05
[error] Total Solver Time: 2.6702880859375e-05
[error] Total Time Symmetries: 0
[error] Total Blocked Models: 0
[info] No more queries to be tested. Solution not found!
[info] Increasing the number of lines of code.
[info] Lines of Code: 2
[error] UNSAT : There is no solution for current depth (loc=0), try to increase it (e.g. loc=1).
[info] Synthesizing programs...
[error] Total Time: 0.007559776306152344
[error] Total Solver Time: 0.007539272308349609
[error] Total Time Symmetries: 0
[error] Total Blocked Models: 0
[info] No more queries to be tested. Solution not found!
[info] Increasing the number of lines of code.
[info] Lines of Code: 2
[error] Number of Nodes: 10 
[error] Number of Variables: 16
[error] Number of Constraints: 148
[error] Time spent encoding: 0.0901799201965332
[error] UNSAT : There is no solution for current depth (loc=1), try to increase it (e.g. loc=2).
[info] Synthesizing programs...
[error] Total Time: 3.075599670410156e-05
[error] Total Solver Time: 2.5510787963867188e-05
[error] Total Time Symmetries: 0
[error] Total Blocked Models: 0
[info] No more queries to be tested. Solution not found!
[info] Increasing the number of lines of code.
[info] Lines of Code: 3
[error] Number of Nodes: 10 
[error] Number of Variables: 16
[error] Number of Constraints: 148
[error] Time spent encoding: 0.09034085273742676
[error] Number of Nodes: 10 
[error] Number of Variables: 16
[error] Number of Constraints: 148
[error] Time spent encoding: 0.09099984169006348
[error] Number of Nodes: 10 
[error] Number of Variables: 16
[error] Number of Constraints: 148
[error] Time spent encoding: 0.09095144271850586
[error] UNSAT : There is no solution for current depth (loc=1), try to increase it (e.g. loc=2).
[info] Synthesizing programs...
[error] Total Time: 3.4809112548828125e-05
[error] Total Solver Time: 2.86102294921875e-05
[error] Total Time Symmetries: 0
[error] Total Blocked Models: 0
[info] No more queries to be tested. Solution not found!
[info] Increasing the number of lines of code.
[info] Lines of Code: 3
[error] UNSAT : There is no solution for current depth (loc=1), try to increase it (e.g. loc=2).
[info] Synthesizing programs...
[error] Total Time: 3.1948089599609375e-05
[error] Total Solver Time: 2.5987625122070312e-05
[error] Total Time Symmetries: 0
[error] Total Blocked Models: 0
[info] No more queries to be tested. Solution not found!
[info] Increasing the number of lines of code.
[info] Lines of Code: 3
[error] UNSAT : There is no solution for current depth (loc=1), try to increase it (e.g. loc=2).
[info] Synthesizing programs...
[error] Total Time: 3.3855438232421875e-05
[error] Total Solver Time: 2.765655517578125e-05
[error] Total Time Symmetries: 0
[error] Total Blocked Models: 0
[info] No more queries to be tested. Solution not found!
[info] Increasing the number of lines of code.
[info] Lines of Code: 3
[error] Number of Nodes: 10 
[error] Number of Variables: 16
[error] Number of Constraints: 148
[error] Time spent encoding: 0.09676599502563477
[error] UNSAT : There is no solution for current depth (loc=1), try to increase it (e.g. loc=2).
[info] Synthesizing programs...
[error] Total Time: 0.01690673828125
[error] Total Solver Time: 0.016892671585083008
[error] Total Time Symmetries: 0
[error] Total Blocked Models: 0
[info] No more queries to be tested. Solution not found!
[info] Increasing the number of lines of code.
[info] Lines of Code: 3
[error] Number of Nodes: 15 
[error] Number of Variables: 30
[error] Number of Constraints: 284
[error] Time spent encoding: 0.1635875701904297
[info] Synthesizing programs...
[error] Number of Nodes: 15 
[error] Number of Variables: 30
[error] Number of Constraints: 284
[error] Time spent encoding: 0.1632068157196045
[error] Number of Nodes: 15 
[error] Number of Variables: 30
[error] Number of Constraints: 284
[error] Time spent encoding: 0.16423916816711426
[error] Number of Nodes: 15 
[error] Number of Variables: 30
[error] Number of Constraints: 284
[error] Time spent encoding: 0.16641712188720703
[info] Synthesizing programs...
[info] Synthesizing programs...
[info] Synthesizing programs...
[error] Number of Nodes: 15 
[error] Number of Variables: 30
[error] Number of Constraints: 284
[error] Time spent encoding: 0.17245173454284668
[info] Synthesizing programs...
[error] Total Solver Time: 0.0636296272277832
[error] Total Time Symmetries: 0
[error] Total Blocked Models: 0
[error] Total Solver Time: 0.06248593330383301
[error] Total Time Symmetries: 0
[error] Total Blocked Models: 0
[error] Total Solver Time: 0.06448650360107422
[error] Total Time Symmetries: 0
[error] Total Blocked Models: 0
[error] Total Solver Time: 0.06490945816040039
[error] Total Time Symmetries: 0
[error] Total Blocked Models: 0
[error] Total Solver Time: 0.1147911548614502
[error] Total Time Symmetries: 0
[error] Total Blocked Models: 0
[error] Total Solver Time: 0.12793612480163574
[error] Total Time Symmetries: 0
[error] Total Blocked Models: 0
[error] Total Solver Time: 0.12993240356445312
[error] Total Time Symmetries: 0
[error] Total Blocked Models: 0
[error] Total Solver Time: 0.1296834945678711
[error] Total Time Symmetries: 0
[error] Total Blocked Models: 0
[error] Total Solver Time: 0.12263011932373047
[error] Total Time Symmetries: 0
[error] Total Blocked Models: 0
[error] Total Solver Time: 0.1936953067779541
[error] Total Time Symmetries: 0
[error] Total Blocked Models: 0
[error] Total Solver Time: 0.1941978931427002
[error] Total Time Symmetries: 0
[error] Total Blocked Models: 0
[error] Total Solver Time: 0.18794655799865723
[error] Total Time Symmetries: 0
[error] Total Blocked Models: 0
[error] Total Solver Time: 0.1934492588043213
[error] Total Time Symmetries: 0
[error] Total Blocked Models: 0
[error] Total Solver Time: 0.18405652046203613
[error] Total Time Symmetries: 0
[error] Total Blocked Models: 0
[error] Total Solver Time: 0.2716033458709717
[error] Total Time Symmetries: 0
[error] Total Blocked Models: 0
[error] Total Solver Time: 0.25162172317504883
[error] Total Time Symmetries: 0
[error] Total Blocked Models: 0
[error] Total Solver Time: 0.2582714557647705
[error] Total Time Symmetries: 0
[error] Total Blocked Models: 0
[error] Total Solver Time: 0.2553234100341797
[error] Total Time Symmetries: 0
[error] Total Blocked Models: 0
[error] Total Solver Time: 0.3517606258392334
[error] Total Time Symmetries: 0
[error] Total Blocked Models: 0
[error] Total Solver Time: 0.2453603744506836
[error] Total Time Symmetries: 0
[error] Total Blocked Models: 0
[error] Total Solver Time: 0.31342339515686035
[error] Total Time Symmetries: 0
[error] Total Blocked Models: 0
[error] Total Solver Time: 0.32164573669433594
[error] Total Time Symmetries: 0
[error] Total Blocked Models: 0
[error] Total Solver Time: 0.30778074264526367
[error] Total Time Symmetries: 0
[error] Total Blocked Models: 0
[error] Total Solver Time: 0.31867218017578125
[error] Total Time Symmetries: 0
[error] Total Blocked Models: 0
[error] Total Solver Time: 0.42665791511535645
[error] Total Time Symmetries: 0
[error] Total Blocked Models: 0
[error] Total Solver Time: 0.37482523918151855
[error] Total Time Symmetries: 0
[error] Total Blocked Models: 0
[error] Total Solver Time: 0.3845241069793701
[error] Total Time Symmetries: 0
[error] Total Blocked Models: 0
[error] Total Solver Time: 0.3713078498840332
[error] Total Time Symmetries: 0
[error] Total Blocked Models: 0
[error] Total Solver Time: 0.3839912414550781
[error] Total Time Symmetries: 0
[error] Total Blocked Models: 0
[error] Total Solver Time: 0.5055282115936279
[error] Total Time Symmetries: 0
[error] Total Blocked Models: 0
[error] Total Solver Time: 0.43547868728637695
[error] Total Time Symmetries: 0
[error] Total Blocked Models: 0
[error] Total Solver Time: 0.4339308738708496
[error] Total Time Symmetries: 0
[error] Total Blocked Models: 0
[error] Total Time: 18.52259922027588
[error] Total Solver Time: 0.4441192150115967
[error] Total Time Symmetries: 0
[error] Total Blocked Models: 0
[info] No more queries to be tested. Solution not found!
[info] Increasing the number of lines of code.
[info] Lines of Code: 4
[error] Total Solver Time: 0.44658517837524414
[error] Total Time Symmetries: 0
[error] Total Blocked Models: 0
[error] Number of Nodes: 20 
[error] Number of Variables: 48
[error] Number of Constraints: 462
[error] Time spent encoding: 0.2649116516113281
[error] Total Solver Time: 0.4441342353820801
[error] Total Time Symmetries: 0
[error] Total Blocked Models: 0
[info] Synthesizing programs...
[error] Total Solver Time: 0.5838139057159424
[error] Total Time Symmetries: 0
[error] Total Blocked Models: 0
[error] Total Time: 20.061102867126465
[error] Total Solver Time: 0.47328853607177734
[error] Total Time Symmetries: 0
[error] Total Blocked Models: 0
[info] No more queries to be tested. Solution not found!
[info] Increasing the number of lines of code.
[info] Lines of Code: 4
[error] Total Time: 20.01340889930725
[error] Total Solver Time: 0.6203241348266602
[error] Total Time Symmetries: 0
[error] Total Blocked Models: 0
[info] No more queries to be tested. Solution not found!
[info] Increasing the number of lines of code.
[info] Lines of Code: 4
[error] Number of Nodes: 20 
[error] Number of Variables: 48
[error] Number of Constraints: 462
[error] Time spent encoding: 0.26388025283813477
[info] Synthesizing programs...
[error] Number of Nodes: 20 
[error] Number of Variables: 48
[error] Number of Constraints: 462
[error] Time spent encoding: 0.27169132232666016
[info] Synthesizing programs...
[error] Total Time: 20.64367365837097
[error] Total Solver Time: 0.4937913417816162
[error] Total Time Symmetries: 0
[error] Total Blocked Models: 0
[info] No more queries to be tested. Solution not found!
[info] Increasing the number of lines of code.
[info] Lines of Code: 4
[error] Total Time: 20.67510437965393
[error] Total Solver Time: 0.49023985862731934
[error] Total Time Symmetries: 0
[error] Total Blocked Models: 0
[info] No more queries to be tested. Solution not found!
[info] Increasing the number of lines of code.
[info] Lines of Code: 4
[error] Number of Nodes: 20 
[error] Number of Variables: 48
[error] Number of Constraints: 462
[error] Time spent encoding: 0.2622640132904053
[info] Synthesizing programs...
[error] Number of Nodes: 20 
[error] Number of Variables: 48
[error] Number of Constraints: 462
[error] Time spent encoding: 0.26421499252319336
[info] Synthesizing programs...
[error] Total Solver Time: 0.07235527038574219
[error] Total Time Symmetries: 0
[error] Total Blocked Models: 0
[error] Total Solver Time: 0.07425665855407715
[error] Total Time Symmetries: 0
[error] Total Blocked Models: 0
[error] Total Solver Time: 0.07475423812866211
[error] Total Time Symmetries: 0
[error] Total Blocked Models: 0
[error] Total Solver Time: 0.18589019775390625
[error] Total Time Symmetries: 0
[error] Total Blocked Models: 0
[error] Total Solver Time: 0.07552766799926758
[error] Total Time Symmetries: 0
[error] Total Blocked Models: 0
[error] Total Solver Time: 0.1439063549041748
[error] Total Time Symmetries: 0
[error] Total Blocked Models: 0
[error] Total Solver Time: 0.15244388580322266
[error] Total Time Symmetries: 0
[error] Total Blocked Models: 0
[error] Total Solver Time: 0.1502549648284912
[error] Total Time Symmetries: 0
[error] Total Blocked Models: 0
[error] Total Solver Time: 0.2857069969177246
[error] Total Time Symmetries: 0
[error] Total Blocked Models: 0
[error] Total Solver Time: 0.14611506462097168
[error] Total Time Symmetries: 0
[error] Total Blocked Models: 0
[error] Total Solver Time: 0.21863842010498047
[error] Total Time Symmetries: 0
[error] Total Blocked Models: 0
[error] Total Solver Time: 0.22624993324279785
[error] Total Time Symmetries: 0
[error] Total Blocked Models: 0
[error] Total Solver Time: 0.39156150817871094
[error] Total Time Symmetries: 0
[error] Total Blocked Models: 0
[error] Total Solver Time: 0.22704839706420898
[error] Total Time Symmetries: 0
[error] Total Blocked Models: 0
[error] Total Solver Time: 0.2211322784423828
[error] Total Time Symmetries: 0
[error] Total Blocked Models: 0
[error] Total Solver Time: 0.29422831535339355
[error] Total Time Symmetries: 0
[error] Total Blocked Models: 0
[error] Total Solver Time: 0.30197930335998535
[error] Total Time Symmetries: 0
[error] Total Blocked Models: 0
[error] Total Solver Time: 0.2958860397338867
[error] Total Time Symmetries: 0
[error] Total Blocked Models: 0
[error] Total Solver Time: 0.50020432472229
[error] Total Time Symmetries: 0
[error] Total Blocked Models: 0
[error] Total Solver Time: 0.3036165237426758
[error] Total Time Symmetries: 0
[error] Total Blocked Models: 0
[error] Total Solver Time: 0.3696296215057373
[error] Total Time Symmetries: 0
[error] Total Blocked Models: 0
[error] Total Solver Time: 0.3768601417541504
[error] Total Time Symmetries: 0
[error] Total Blocked Models: 0
[error] Total Solver Time: 0.37233686447143555
[error] Total Time Symmetries: 0
[error] Total Blocked Models: 0
[error] Total Solver Time: 0.6120612621307373
[error] Total Time Symmetries: 0
[error] Total Blocked Models: 0
[error] Total Solver Time: 0.44483327865600586
[error] Total Time Symmetries: 0
[error] Total Blocked Models: 0
[error] Total Solver Time: 0.45151185989379883
[error] Total Time Symmetries: 0
[error] Total Blocked Models: 0
[error] Total Solver Time: 0.3769052028656006
[error] Total Time Symmetries: 0
[error] Total Blocked Models: 0
[error] Total Solver Time: 0.44788289070129395
[error] Total Time Symmetries: 0
[error] Total Blocked Models: 0
[error] Total Solver Time: 0.724116325378418
[error] Total Time Symmetries: 0
[error] Total Blocked Models: 0
[error] Total Solver Time: 0.5208444595336914
[error] Total Time Symmetries: 0
[error] Total Blocked Models: 0
[error] Total Solver Time: 0.5242631435394287
[error] Total Time Symmetries: 0
[error] Total Blocked Models: 0
[error] Total Solver Time: 0.5249714851379395
[error] Total Time Symmetries: 0
[error] Total Blocked Models: 0
[error] Total Solver Time: 0.4552276134490967
[error] Total Time Symmetries: 0
[error] Total Blocked Models: 0
[error] Total Solver Time: 0.6010997295379639
[error] Total Time Symmetries: 0
[error] Total Blocked Models: 0
[error] Total Solver Time: 0.5970640182495117
[error] Total Time Symmetries: 0
[error] Total Blocked Models: 0
[error] Total Solver Time: 0.835465669631958
[error] Total Time Symmetries: 0
[error] Total Blocked Models: 0
[error] Total Solver Time: 0.5330102443695068
[error] Total Time Symmetries: 0
[error] Total Blocked Models: 0
[error] Total Solver Time: 0.5998775959014893
[error] Total Time Symmetries: 0
[error] Total Blocked Models: 0
[error] Total Solver Time: 0.6726183891296387
[error] Total Time Symmetries: 0
[error] Total Blocked Models: 0
[error] Total Solver Time: 0.678755521774292
[error] Total Time Symmetries: 0
[error] Total Blocked Models: 0
[error] Total Solver Time: 0.6763758659362793
[error] Total Time Symmetries: 0
[error] Total Blocked Models: 0
[error] Total Solver Time: 0.6098215579986572
[error] Total Time Symmetries: 0
[error] Total Blocked Models: 0
[error] Total Solver Time: 0.9479517936706543
[error] Total Time Symmetries: 0
[error] Total Blocked Models: 0
[error] Total Solver Time: 0.7483479976654053
[error] Total Time Symmetries: 0
[error] Total Blocked Models: 0
[error] Total Solver Time: 0.7560122013092041
[error] Total Time Symmetries: 0
[error] Total Blocked Models: 0
[error] Total Solver Time: 0.7517509460449219
[error] Total Time Symmetries: 0
[error] Total Blocked Models: 0
[error] Total Solver Time: 0.6874327659606934
[error] Total Time Symmetries: 0
[error] Total Blocked Models: 0
[error] Total Solver Time: 1.062901258468628
[error] Total Time Symmetries: 0
[error] Total Blocked Models: 0
[error] Total Solver Time: 0.8321259021759033
[error] Total Time Symmetries: 0
[error] Total Blocked Models: 0
[error] Total Solver Time: 0.8205435276031494
[error] Total Time Symmetries: 0
[error] Total Blocked Models: 0
[error] Total Solver Time: 0.8295328617095947
[error] Total Time Symmetries: 0
[error] Total Blocked Models: 0
[error] Total Solver Time: 0.7648048400878906
[error] Total Time Symmetries: 0
[error] Total Blocked Models: 0
[error] Total Solver Time: 0.9085018634796143
[error] Total Time Symmetries: 0
[error] Total Blocked Models: 0
[error] Total Solver Time: 0.9083199501037598
[error] Total Time Symmetries: 0
[error] Total Blocked Models: 0
[error] Total Solver Time: 0.8943688869476318
[error] Total Time Symmetries: 0
[error] Total Blocked Models: 0
[error] Total Solver Time: 1.189443826675415
[error] Total Time Symmetries: 0
[error] Total Blocked Models: 0
[error] Total Solver Time: 0.842947244644165
[error] Total Time Symmetries: 0
[error] Total Blocked Models: 0
[error] Total Solver Time: 0.9854474067687988
[error] Total Time Symmetries: 0
[error] Total Blocked Models: 0
[error] Total Solver Time: 0.9857752323150635
[error] Total Time Symmetries: 0
[error] Total Blocked Models: 0
[error] Total Solver Time: 1.3314943313598633
[error] Total Time Symmetries: 0
[error] Total Blocked Models: 0
[error] Total Solver Time: 0.9646639823913574
[error] Total Time Symmetries: 0
[error] Total Blocked Models: 0
[error] Total Solver Time: 0.9214565753936768
[error] Total Time Symmetries: 0
[error] Total Blocked Models: 0
[error] Total Solver Time: 1.0618810653686523
[error] Total Time Symmetries: 0
[error] Total Blocked Models: 0
[error] Total Solver Time: 1.062589406967163
[error] Total Time Symmetries: 0
[error] Total Blocked Models: 0
[error] Total Solver Time: 1.4647037982940674
[error] Total Time Symmetries: 0
[error] Total Blocked Models: 0
[error] Total Solver Time: 1.0010287761688232
[error] Total Time Symmetries: 0
[error] Total Blocked Models: 0
[error] Total Solver Time: 1.039442539215088
[error] Total Time Symmetries: 0
[error] Total Blocked Models: 0
[error] Total Solver Time: 1.1382038593292236
[error] Total Time Symmetries: 0
[error] Total Blocked Models: 0
[error] Total Solver Time: 1.1371066570281982
[error] Total Time Symmetries: 0
[error] Total Blocked Models: 0
[error] Total Solver Time: 1.6005549430847168
[error] Total Time Symmetries: 0
[error] Total Blocked Models: 0
[error] Total Solver Time: 1.079676628112793
[error] Total Time Symmetries: 0
[error] Total Blocked Models: 0
[error] Total Solver Time: 1.2185046672821045
[error] Total Time Symmetries: 0
[error] Total Blocked Models: 0
[error] Total Solver Time: 1.1131665706634521
[error] Total Time Symmetries: 0
[error] Total Blocked Models: 0
[error] Total Solver Time: 1.2134654521942139
[error] Total Time Symmetries: 0
[error] Total Blocked Models: 0
[error] Total Solver Time: 1.1590051651000977
[error] Total Time Symmetries: 0
[error] Total Blocked Models: 0
[error] Total Solver Time: 1.2972240447998047
[error] Total Time Symmetries: 0
[error] Total Blocked Models: 0
[error] Total Solver Time: 1.741067886352539
[error] Total Time Symmetries: 0
[error] Total Blocked Models: 0
[error] Total Solver Time: 1.194129228591919
[error] Total Time Symmetries: 0
[error] Total Blocked Models: 0
[error] Total Solver Time: 1.2956135272979736
[error] Total Time Symmetries: 0
[error] Total Blocked Models: 0
[error] Total Solver Time: 1.3759925365447998
[error] Total Time Symmetries: 0
[error] Total Blocked Models: 0
[error] Total Solver Time: 1.8875291347503662
[error] Total Time Symmetries: 0
[error] Total Blocked Models: 0
[error] Total Solver Time: 1.2377383708953857
[error] Total Time Symmetries: 0
[error] Total Blocked Models: 0
[error] Total Solver Time: 1.2708559036254883
[error] Total Time Symmetries: 0
[error] Total Blocked Models: 0
[error] Total Solver Time: 1.4542746543884277
[error] Total Time Symmetries: 0
[error] Total Blocked Models: 0
[error] Total Solver Time: 1.3707141876220703
[error] Total Time Symmetries: 0
[error] Total Blocked Models: 0
[error] Total Solver Time: 1.3161756992340088
[error] Total Time Symmetries: 0
[error] Total Blocked Models: 0
[error] Total Solver Time: 2.032367467880249
[error] Total Time Symmetries: 0
[error] Total Blocked Models: 0
[error] Total Solver Time: 1.3457658290863037
[error] Total Time Symmetries: 0
[error] Total Blocked Models: 0
[error] Total Solver Time: 1.534656047821045
[error] Total Time Symmetries: 0
[error] Total Blocked Models: 0
[error] Total Solver Time: 1.4499168395996094
[error] Total Time Symmetries: 0
[error] Total Blocked Models: 0
[error] Total Solver Time: 1.3940434455871582
[error] Total Time Symmetries: 0
[error] Total Blocked Models: 0
[error] Total Solver Time: 2.184356927871704
[error] Total Time Symmetries: 0
[error] Total Blocked Models: 0
[error] Total Solver Time: 1.420898675918579
[error] Total Time Symmetries: 0
[error] Total Blocked Models: 0
[error] Total Solver Time: 1.6126699447631836
[error] Total Time Symmetries: 0
[error] Total Blocked Models: 0
[error] Total Solver Time: 1.4725511074066162
[error] Total Time Symmetries: 0
[error] Total Blocked Models: 0
[error] Total Solver Time: 1.5279812812805176
[error] Total Time Symmetries: 0
[error] Total Blocked Models: 0
[error] Total Solver Time: 2.340033769607544
[error] Total Time Symmetries: 0
[error] Total Blocked Models: 0
[error] Total Solver Time: 1.691603422164917
[error] Total Time Symmetries: 0
[error] Total Blocked Models: 0
[error] Total Solver Time: 1.495553970336914
[error] Total Time Symmetries: 0
[error] Total Blocked Models: 0
[error] Total Solver Time: 1.5506229400634766
[error] Total Time Symmetries: 0
[error] Total Blocked Models: 0
[error] Total Solver Time: 1.6064658164978027
[error] Total Time Symmetries: 0
[error] Total Blocked Models: 0
[error] Total Solver Time: 2.498223066329956
[error] Total Time Symmetries: 0
[error] Total Blocked Models: 0
[error] Total Solver Time: 1.7700910568237305
[error] Total Time Symmetries: 0
[error] Total Blocked Models: 0
[error] Total Solver Time: 1.5718183517456055
[error] Total Time Symmetries: 0
[error] Total Blocked Models: 0
[error] Total Solver Time: 1.6293106079101562
[error] Total Time Symmetries: 0
[error] Total Blocked Models: 0
[error] Total Solver Time: 1.6843030452728271
[error] Total Time Symmetries: 0
[error] Total Blocked Models: 0
[error] Total Solver Time: 1.8477914333343506
[error] Total Time Symmetries: 0
[error] Total Blocked Models: 0
[error] Total Solver Time: 2.655902624130249
[error] Total Time Symmetries: 0
[error] Total Blocked Models: 0
[error] Total Solver Time: 1.6459901332855225
[error] Total Time Symmetries: 0
[error] Total Blocked Models: 0
[error] Total Solver Time: 1.7113289833068848
[error] Total Time Symmetries: 0
[error] Total Blocked Models: 0
[error] Total Solver Time: 1.7604150772094727
[error] Total Time Symmetries: 0
[error] Total Blocked Models: 0
[error] Total Solver Time: 1.9268684387207031
[error] Total Time Symmetries: 0
[error] Total Blocked Models: 0
[error] Total Solver Time: 2.8154067993164062
[error] Total Time Symmetries: 0
[error] Total Blocked Models: 0
[error] Total Solver Time: 1.7217004299163818
[error] Total Time Symmetries: 0
[error] Total Blocked Models: 0
[error] Total Solver Time: 1.7908833026885986
[error] Total Time Symmetries: 0
[error] Total Blocked Models: 0
[error] Total Solver Time: 1.8376977443695068
[error] Total Time Symmetries: 0
[error] Total Blocked Models: 0
[error] Total Solver Time: 2.0058794021606445
[error] Total Time Symmetries: 0
[error] Total Blocked Models: 0
[error] Total Solver Time: 2.979848861694336
[error] Total Time Symmetries: 0
[error] Total Blocked Models: 0
[error] Total Solver Time: 1.9144349098205566
[error] Total Time Symmetries: 0
[error] Total Blocked Models: 0
[error] Total Solver Time: 1.8698954582214355
[error] Total Time Symmetries: 0
[error] Total Blocked Models: 0
[error] Total Solver Time: 2.0823404788970947
[error] Total Time Symmetries: 0
[error] Total Blocked Models: 0
[error] Total Solver Time: 1.7967538833618164
[error] Total Time Symmetries: 0
[error] Total Blocked Models: 0
[error] Total Solver Time: 3.1455605030059814
[error] Total Time Symmetries: 0
[error] Total Blocked Models: 0
[error] Total Solver Time: 1.9992640018463135
[error] Total Time Symmetries: 0
[error] Total Blocked Models: 0
[error] Total Solver Time: 1.9489107131958008
[error] Total Time Symmetries: 0
[error] Total Blocked Models: 0
[error] Total Solver Time: 2.161921977996826
[error] Total Time Symmetries: 0
[error] Total Blocked Models: 0
[error] Total Solver Time: 1.873643398284912
[error] Total Time Symmetries: 0
[error] Total Blocked Models: 0
[error] Total Solver Time: 2.082374334335327
[error] Total Time Symmetries: 0
[error] Total Blocked Models: 0
[error] Total Solver Time: 3.333724021911621
[error] Total Time Symmetries: 0
[error] Total Blocked Models: 0
[error] Total Solver Time: 2.2405786514282227
[error] Total Time Symmetries: 0
[error] Total Blocked Models: 0
[error] Total Solver Time: 1.9512038230895996
[error] Total Time Symmetries: 0
[error] Total Blocked Models: 0
[error] Total Solver Time: 2.0270793437957764
[error] Total Time Symmetries: 0
[error] Total Blocked Models: 0
[error] Total Solver Time: 2.1614744663238525
[error] Total Time Symmetries: 0
[error] Total Blocked Models: 0
[error] Total Solver Time: 2.3179476261138916
[error] Total Time Symmetries: 0
[error] Total Blocked Models: 0
[error] Total Solver Time: 2.028704881668091
[error] Total Time Symmetries: 0
[error] Total Blocked Models: 0
[error] Total Solver Time: 3.5144312381744385
[error] Total Time Symmetries: 0
[error] Total Blocked Models: 0
[error] Total Solver Time: 2.1010000705718994
[error] Total Time Symmetries: 0
[error] Total Blocked Models: 0
[error] Total Solver Time: 2.2392306327819824
[error] Total Time Symmetries: 0
[error] Total Blocked Models: 0
[error] Total Solver Time: 2.109196901321411
[error] Total Time Symmetries: 0
[error] Total Blocked Models: 0
[error] Total Solver Time: 2.3953750133514404
[error] Total Time Symmetries: 0
[error] Total Blocked Models: 0
[error] Total Solver Time: 3.7025392055511475
[error] Total Time Symmetries: 0
[error] Total Blocked Models: 0
[error] Total Solver Time: 2.323871612548828
[error] Total Time Symmetries: 0
[error] Total Blocked Models: 0
[error] Total Solver Time: 2.178380012512207
[error] Total Time Symmetries: 0
[error] Total Blocked Models: 0
[error] Total Solver Time: 2.1903209686279297
[error] Total Time Symmetries: 0
[error] Total Blocked Models: 0
[error] Total Solver Time: 2.4729299545288086
[error] Total Time Symmetries: 0
[error] Total Blocked Models: 0
[error] Total Solver Time: 3.890498638153076
[error] Total Time Symmetries: 0
[error] Total Blocked Models: 0
[error] Total Solver Time: 2.257711172103882
[error] Total Time Symmetries: 0
[error] Total Blocked Models: 0
[error] Total Solver Time: 2.4004364013671875
[error] Total Time Symmetries: 0
[error] Total Blocked Models: 0
[error] Total Solver Time: 4.076379299163818
[error] Total Time Symmetries: 0
[error] Total Blocked Models: 0
[error] Total Solver Time: 2.5527219772338867
[error] Total Time Symmetries: 0
[error] Total Blocked Models: 0
[error] Total Solver Time: 2.264392137527466
[error] Total Time Symmetries: 0
[error] Total Blocked Models: 0
[error] Total Solver Time: 2.3392200469970703
[error] Total Time Symmetries: 0
[error] Total Blocked Models: 0
[error] Total Solver Time: 4.266937255859375
[error] Total Time Symmetries: 0
[error] Total Blocked Models: 0
[error] Total Solver Time: 2.4795398712158203
[error] Total Time Symmetries: 0
[error] Total Blocked Models: 0
[error] Total Solver Time: 2.637407064437866
[error] Total Time Symmetries: 0
[error] Total Blocked Models: 0
[error] Total Solver Time: 2.341024875640869
[error] Total Time Symmetries: 0
[error] Total Blocked Models: 0
[error] Total Solver Time: 2.4189865589141846
[error] Total Time Symmetries: 0
[error] Total Blocked Models: 0
[error] Total Solver Time: 4.464931011199951
[error] Total Time Symmetries: 0
[error] Total Blocked Models: 0
[error] Total Solver Time: 2.713921546936035
[error] Total Time Symmetries: 0
[error] Total Blocked Models: 0
[error] Total Solver Time: 2.5601532459259033
[error] Total Time Symmetries: 0
[error] Total Blocked Models: 0
[error] Total Solver Time: 2.4207050800323486
[error] Total Time Symmetries: 0
[error] Total Blocked Models: 0
[error] Total Solver Time: 2.497907876968384
[error] Total Time Symmetries: 0
[error] Total Blocked Models: 0
[error] Total Solver Time: 4.670948028564453
[error] Total Time Symmetries: 0
[error] Total Blocked Models: 0
[error] Total Solver Time: 2.79205584526062
[error] Total Time Symmetries: 0
[error] Total Blocked Models: 0
[error] Total Solver Time: 2.6361072063446045
[error] Total Time Symmetries: 0
[error] Total Blocked Models: 0
[error] Total Solver Time: 2.4948196411132812
[error] Total Time Symmetries: 0
[error] Total Blocked Models: 0
[error] Total Solver Time: 2.5773274898529053
[error] Total Time Symmetries: 0
[error] Total Blocked Models: 0
[error] Total Solver Time: 4.869882583618164
[error] Total Time Symmetries: 0
[error] Total Blocked Models: 0
[error] Total Solver Time: 2.8697214126586914
[error] Total Time Symmetries: 0
[error] Total Blocked Models: 0
[error] Total Solver Time: 2.722665786743164
[error] Total Time Symmetries: 0
[error] Total Blocked Models: 0
[error] Total Solver Time: 2.57560133934021
[error] Total Time Symmetries: 0
[error] Total Blocked Models: 0
[error] Total Solver Time: 2.6567509174346924
[error] Total Time Symmetries: 0
[error] Total Blocked Models: 0
[error] Total Solver Time: 2.9468305110931396
[error] Total Time Symmetries: 0
[error] Total Blocked Models: 0
[error] Total Solver Time: 2.8018417358398438
[error] Total Time Symmetries: 0
[error] Total Blocked Models: 0
[error] Total Solver Time: 5.080536603927612
[error] Total Time Symmetries: 0
[error] Total Blocked Models: 0
[error] Total Solver Time: 2.6518800258636475
[error] Total Time Symmetries: 0
[error] Total Blocked Models: 0
[error] Total Solver Time: 2.7374520301818848
[error] Total Time Symmetries: 0
[error] Total Blocked Models: 0
[error] Total Solver Time: 3.026144027709961
[error] Total Time Symmetries: 0
[error] Total Blocked Models: 0
[error] Total Solver Time: 2.8807218074798584
[error] Total Time Symmetries: 0
[error] Total Blocked Models: 0
[error] Total Solver Time: 5.301334619522095
[error] Total Time Symmetries: 0
[error] Total Blocked Models: 0
[error] Total Solver Time: 2.7286975383758545
[error] Total Time Symmetries: 0
[error] Total Blocked Models: 0
[error] Total Solver Time: 2.818345308303833
[error] Total Time Symmetries: 0
[error] Total Blocked Models: 0
[error] Total Solver Time: 3.1017727851867676
[error] Total Time Symmetries: 0
[error] Total Blocked Models: 0
[error] Total Solver Time: 2.9605295658111572
[error] Total Time Symmetries: 0
[error] Total Blocked Models: 0
[error] Total Solver Time: 5.513066530227661
[error] Total Time Symmetries: 0
[error] Total Blocked Models: 0
[error] Total Solver Time: 2.819586992263794
[error] Total Time Symmetries: 0
[error] Total Blocked Models: 0
[error] Total Solver Time: 3.1811182498931885
[error] Total Time Symmetries: 0
[error] Total Blocked Models: 0
[error] Total Solver Time: 2.8978114128112793
[error] Total Time Symmetries: 0
[error] Total Blocked Models: 0
[error] Total Solver Time: 3.046703338623047
[error] Total Time Symmetries: 0
[error] Total Blocked Models: 0
[error] Total Solver Time: 3.259897232055664
[error] Total Time Symmetries: 0
[error] Total Blocked Models: 0
[error] Total Solver Time: 5.737117767333984
[error] Total Time Symmetries: 0
[error] Total Blocked Models: 0
[error] Total Solver Time: 2.978444814682007
[error] Total Time Symmetries: 0
[error] Total Blocked Models: 0
[error] Total Solver Time: 2.8971974849700928
[error] Total Time Symmetries: 0
[error] Total Blocked Models: 0
[error] Total Solver Time: 3.135871648788452
[error] Total Time Symmetries: 0
[error] Total Blocked Models: 0
[error] Total Solver Time: 3.339460611343384
[error] Total Time Symmetries: 0
[error] Total Blocked Models: 0
[error] Total Solver Time: 3.0588674545288086
[error] Total Time Symmetries: 0
[error] Total Blocked Models: 0
[error] Total Solver Time: 5.976897239685059
[error] Total Time Symmetries: 0
[error] Total Blocked Models: 0
[error] Total Solver Time: 2.973119020462036
[error] Total Time Symmetries: 0
[error] Total Blocked Models: 0
[error] Total Solver Time: 3.218208074569702
[error] Total Time Symmetries: 0
[error] Total Blocked Models: 0
[error] Total Solver Time: 3.138603925704956
[error] Total Time Symmetries: 0
[error] Total Blocked Models: 0
[error] Total Solver Time: 3.4128222465515137
[error] Total Time Symmetries: 0
[error] Total Blocked Models: 0
[error] Total Solver Time: 3.2980942726135254
[error] Total Time Symmetries: 0
[error] Total Blocked Models: 0
[error] Total Solver Time: 6.209702968597412
[error] Total Time Symmetries: 0
[error] Total Blocked Models: 0
[error] Total Solver Time: 3.0521247386932373
[error] Total Time Symmetries: 0
[error] Total Blocked Models: 0
[error] Total Solver Time: 3.218083143234253
[error] Total Time Symmetries: 0
[error] Total Blocked Models: 0
[error] Total Solver Time: 3.3846547603607178
[error] Total Time Symmetries: 0
[error] Total Blocked Models: 0
[error] Total Solver Time: 3.131376266479492
[error] Total Time Symmetries: 0
[error] Total Blocked Models: 0
[error] Total Solver Time: 3.4829776287078857
[error] Total Time Symmetries: 0
[error] Total Blocked Models: 0
[error] Total Solver Time: 6.450649738311768
[error] Total Time Symmetries: 0
[error] Total Blocked Models: 0
[error] Total Solver Time: 3.2117040157318115
[error] Total Time Symmetries: 0
[error] Total Blocked Models: 0
[error] Total Solver Time: 3.290886402130127
[error] Total Time Symmetries: 0
[error] Total Blocked Models: 0
[error] Total Solver Time: 3.5633232593536377
[error] Total Time Symmetries: 0
[error] Total Blocked Models: 0
[error] Total Solver Time: 3.4622280597686768
[error] Total Time Symmetries: 0
[error] Total Blocked Models: 0
[error] Total Solver Time: 3.2896370887756348
[error] Total Time Symmetries: 0
[error] Total Blocked Models: 0
[error] Total Solver Time: 6.690489053726196
[error] Total Time Symmetries: 0
[error] Total Blocked Models: 0
[error] Total Solver Time: 3.6417829990386963
[error] Total Time Symmetries: 0
[error] Total Blocked Models: 0
[error] Total Solver Time: 3.365377902984619
[error] Total Time Symmetries: 0
[error] Total Blocked Models: 0
[error] Total Solver Time: 3.542104959487915
[error] Total Time Symmetries: 0
[error] Total Blocked Models: 0
[error] Total Solver Time: 3.3684730529785156
[error] Total Time Symmetries: 0
[error] Total Blocked Models: 0
[error] Total Solver Time: 3.7207818031311035
[error] Total Time Symmetries: 0
[error] Total Blocked Models: 0
[error] Total Solver Time: 6.9339680671691895
[error] Total Time Symmetries: 0
[error] Total Blocked Models: 0
[error] Total Solver Time: 3.4458396434783936
[error] Total Time Symmetries: 0
[error] Total Blocked Models: 0
[error] Total Solver Time: 3.4604530334472656
[error] Total Time Symmetries: 0
[error] Total Blocked Models: 0
[error] Total Solver Time: 3.6214144229888916
[error] Total Time Symmetries: 0
[error] Total Blocked Models: 0
[error] Total Solver Time: 3.80009388923645
[error] Total Time Symmetries: 0
[error] Total Blocked Models: 0
[error] Total Solver Time: 7.183462381362915
[error] Total Time Symmetries: 0
[error] Total Blocked Models: 0
[error] Total Solver Time: 3.526707887649536
[error] Total Time Symmetries: 0
[error] Total Blocked Models: 0
[error] Total Solver Time: 3.5484299659729004
[error] Total Time Symmetries: 0
[error] Total Blocked Models: 0
[error] Total Solver Time: 3.7064590454101562
[error] Total Time Symmetries: 0
[error] Total Blocked Models: 0
[error] Total Solver Time: 3.8795793056488037
[error] Total Time Symmetries: 0
[error] Total Blocked Models: 0
[error] Total Solver Time: 7.43233323097229
[error] Total Time Symmetries: 0
[error] Total Blocked Models: 0
[error] Total Solver Time: 3.638089656829834
[error] Total Time Symmetries: 0
[error] Total Blocked Models: 0
[error] Total Solver Time: 3.609286069869995
[error] Total Time Symmetries: 0
[error] Total Blocked Models: 0
[error] Total Solver Time: 3.7904419898986816
[error] Total Time Symmetries: 0
[error] Total Blocked Models: 0
[error] Total Solver Time: 3.9583845138549805
[error] Total Time Symmetries: 0
[error] Total Blocked Models: 0
[error] Total Solver Time: 7.686007738113403
[error] Total Time Symmetries: 0
[error] Total Blocked Models: 0
[error] Total Solver Time: 3.720930337905884
[error] Total Time Symmetries: 0
[error] Total Blocked Models: 0
[error] Total Solver Time: 3.874052047729492
[error] Total Time Symmetries: 0
[error] Total Blocked Models: 0
[error] Total Solver Time: 3.6885769367218018
[error] Total Time Symmetries: 0
[error] Total Blocked Models: 0
[error] Total Solver Time: 4.03807258605957
[error] Total Time Symmetries: 0
[error] Total Blocked Models: 0
[error] Total Solver Time: 3.8006255626678467
[error] Total Time Symmetries: 0
[error] Total Blocked Models: 0
[error] Total Solver Time: 3.9513895511627197
[error] Total Time Symmetries: 0
[error] Total Blocked Models: 0
[error] Total Solver Time: 3.7705159187316895
[error] Total Time Symmetries: 0
[error] Total Blocked Models: 0
[error] Total Solver Time: 7.952920913696289
[error] Total Time Symmetries: 0
[error] Total Blocked Models: 0
[error] Total Solver Time: 4.117524862289429
[error] Total Time Symmetries: 0
[error] Total Blocked Models: 0
[error] Total Solver Time: 4.031282424926758
[error] Total Time Symmetries: 0
[error] Total Blocked Models: 0
[error] Total Solver Time: 3.8783769607543945
[error] Total Time Symmetries: 0
[error] Total Blocked Models: 0
[error] Total Solver Time: 3.851003646850586
[error] Total Time Symmetries: 0
[error] Total Blocked Models: 0
[error] Total Solver Time: 4.196319818496704
[error] Total Time Symmetries: 0
[error] Total Blocked Models: 0
[error] Total Solver Time: 8.231897354125977
[error] Total Time Symmetries: 0
[error] Total Blocked Models: 0
[error] Total Solver Time: 3.9321510791778564
[error] Total Time Symmetries: 0
[error] Total Blocked Models: 0
[error] Total Solver Time: 3.9582347869873047
[error] Total Time Symmetries: 0
[error] Total Blocked Models: 0
[error] Total Solver Time: 4.109736442565918
[error] Total Time Symmetries: 0
[error] Total Blocked Models: 0
[error] Total Solver Time: 4.275984287261963
[error] Total Time Symmetries: 0
[error] Total Blocked Models: 0
[error] Total Solver Time: 8.519112586975098
[error] Total Time Symmetries: 0
[error] Total Blocked Models: 0
[error] Total Solver Time: 4.012499094009399
[error] Total Time Symmetries: 0
[error] Total Blocked Models: 0
[error] Total Solver Time: 4.036837816238403
[error] Total Time Symmetries: 0
[error] Total Blocked Models: 0
[error] Total Solver Time: 4.191481590270996
[error] Total Time Symmetries: 0
[error] Total Blocked Models: 0
[error] Total Solver Time: 4.355093240737915
[error] Total Time Symmetries: 0
[error] Total Blocked Models: 0
[error] Total Solver Time: 4.092316150665283
[error] Total Time Symmetries: 0
[error] Total Blocked Models: 0
[error] Total Solver Time: 8.806349515914917
[error] Total Time Symmetries: 0
[error] Total Blocked Models: 0
[error] Total Solver Time: 4.118709564208984
[error] Total Time Symmetries: 0
[error] Total Blocked Models: 0
[error] Total Solver Time: 4.272489786148071
[error] Total Time Symmetries: 0
[error] Total Blocked Models: 0
[error] Total Solver Time: 4.17281436920166
[error] Total Time Symmetries: 0
[error] Total Blocked Models: 0
[error] Total Solver Time: 4.429088830947876
[error] Total Time Symmetries: 0
[error] Total Blocked Models: 0
[error] Total Solver Time: 4.2024102210998535
[error] Total Time Symmetries: 0
[error] Total Blocked Models: 0
[error] Total Solver Time: 9.089015245437622
[error] Total Time Symmetries: 0
[error] Total Blocked Models: 0
[error] Total Solver Time: 4.355106830596924
[error] Total Time Symmetries: 0
[error] Total Blocked Models: 0
[error] Total Solver Time: 4.254060745239258
[error] Total Time Symmetries: 0
[error] Total Blocked Models: 0
[error] Total Solver Time: 4.501572132110596
[error] Total Time Symmetries: 0
[error] Total Blocked Models: 0
[error] Total Solver Time: 4.2831947803497314
[error] Total Time Symmetries: 0
[error] Total Blocked Models: 0
[error] Total Solver Time: 9.360032320022583
[error] Total Time Symmetries: 0
[error] Total Blocked Models: 0
[error] Total Solver Time: 4.44854736328125
[error] Total Time Symmetries: 0
[error] Total Blocked Models: 0
[error] Total Solver Time: 4.335305452346802
[error] Total Time Symmetries: 0
[error] Total Blocked Models: 0
[error] Total Solver Time: 4.581430196762085
[error] Total Time Symmetries: 0
[error] Total Blocked Models: 0
[error] Total Solver Time: 9.630960941314697
[error] Total Time Symmetries: 0
[error] Total Blocked Models: 0
[error] Total Solver Time: 4.3539581298828125
[error] Total Time Symmetries: 0
[error] Total Blocked Models: 0
[error] Total Solver Time: 4.539078712463379
[error] Total Time Symmetries: 0
[error] Total Blocked Models: 0
[error] Total Solver Time: 4.6616904735565186
[error] Total Time Symmetries: 0
[error] Total Blocked Models: 0
[error] Total Solver Time: 4.41616153717041
[error] Total Time Symmetries: 0
[error] Total Blocked Models: 0
[error] Total Solver Time: 9.918150424957275
[error] Total Time Symmetries: 0
[error] Total Blocked Models: 0
[error] Total Solver Time: 4.431127071380615
[error] Total Time Symmetries: 0
[error] Total Blocked Models: 0
[error] Total Solver Time: 4.615465879440308
[error] Total Time Symmetries: 0
[error] Total Blocked Models: 0
[error] Total Solver Time: 4.742683410644531
[error] Total Time Symmetries: 0
[error] Total Blocked Models: 0
[error] Total Solver Time: 4.4952874183654785
[error] Total Time Symmetries: 0
[error] Total Blocked Models: 0
[error] Total Solver Time: 10.233542442321777
[error] Total Time Symmetries: 0
[error] Total Blocked Models: 0
[error] Total Solver Time: 4.516705751419067
[error] Total Time Symmetries: 0
[error] Total Blocked Models: 0
[error] Total Solver Time: 4.822610855102539
[error] Total Time Symmetries: 0
[error] Total Blocked Models: 0
[error] Total Solver Time: 4.700981855392456
[error] Total Time Symmetries: 0
[error] Total Blocked Models: 0
[error] Total Solver Time: 4.569676637649536
[error] Total Time Symmetries: 0
[error] Total Blocked Models: 0
[error] Total Solver Time: 4.7804059982299805
[error] Total Time Symmetries: 0
[error] Total Blocked Models: 0
[error] Total Solver Time: 4.616110801696777
[error] Total Time Symmetries: 0
[error] Total Blocked Models: 0
[error] Total Solver Time: 4.906210660934448
[error] Total Time Symmetries: 0
[error] Total Blocked Models: 0
[error] Total Solver Time: 10.51823115348816
[error] Total Time Symmetries: 0
[error] Total Blocked Models: 0
[error] Total Solver Time: 4.649838209152222
[error] Total Time Symmetries: 0
[error] Total Blocked Models: 0
[error] Total Solver Time: 4.989624500274658
[error] Total Time Symmetries: 0
[error] Total Blocked Models: 0
[error] Total Solver Time: 4.868199348449707
[error] Total Time Symmetries: 0
[error] Total Blocked Models: 0
[error] Total Solver Time: 4.692906618118286
[error] Total Time Symmetries: 0
[error] Total Blocked Models: 0
[error] Total Solver Time: 10.812422513961792
[error] Total Time Symmetries: 0
[error] Total Blocked Models: 0
[error] Total Solver Time: 4.730684995651245
[error] Total Time Symmetries: 0
[error] Total Blocked Models: 0
[error] Total Solver Time: 4.954535245895386
[error] Total Time Symmetries: 0
[error] Total Blocked Models: 0
[error] Total Solver Time: 5.076496601104736
[error] Total Time Symmetries: 0
[error] Total Blocked Models: 0
[error] Total Solver Time: 4.772312641143799
[error] Total Time Symmetries: 0
[error] Total Blocked Models: 0
[error] Total Solver Time: 11.124198198318481
[error] Total Time Symmetries: 0
[error] Total Blocked Models: 0
[error] Total Solver Time: 4.814733505249023
[error] Total Time Symmetries: 0
[error] Total Blocked Models: 0
[error] Total Solver Time: 5.043103933334351
[error] Total Time Symmetries: 0
[error] Total Blocked Models: 0
[error] Total Solver Time: 4.8527703285217285
[error] Total Time Symmetries: 0
[error] Total Blocked Models: 0
[error] Total Solver Time: 5.150491714477539
[error] Total Time Symmetries: 0
[error] Total Blocked Models: 0
[error] Total Solver Time: 4.89620304107666
[error] Total Time Symmetries: 0
[error] Total Blocked Models: 0
[error] Total Solver Time: 11.435901403427124
[error] Total Time Symmetries: 0
[error] Total Blocked Models: 0
[error] Total Solver Time: 5.129853248596191
[error] Total Time Symmetries: 0
[error] Total Blocked Models: 0
[error] Total Solver Time: 4.930834770202637
[error] Total Time Symmetries: 0
[error] Total Blocked Models: 0
[error] Total Solver Time: 4.976017236709595
[error] Total Time Symmetries: 0
[error] Total Blocked Models: 0
[error] Total Solver Time: 5.224616527557373
[error] Total Time Symmetries: 0
[error] Total Blocked Models: 0
[error] Total Solver Time: 11.76230239868164
[error] Total Time Symmetries: 0
[error] Total Blocked Models: 0
[error] Total Solver Time: 5.214319229125977
[error] Total Time Symmetries: 0
[error] Total Blocked Models: 0
[error] Total Solver Time: 5.056739091873169
[error] Total Time Symmetries: 0
[error] Total Blocked Models: 0
[error] Total Solver Time: 5.008877277374268
[error] Total Time Symmetries: 0
[error] Total Blocked Models: 0
[error] Total Solver Time: 5.305599689483643
[error] Total Time Symmetries: 0
[error] Total Blocked Models: 0
[error] Total Solver Time: 5.293813467025757
[error] Total Time Symmetries: 0
[error] Total Blocked Models: 0
[error] Total Solver Time: 5.089544057846069
[error] Total Time Symmetries: 0
[error] Total Blocked Models: 0
[error] Total Solver Time: 12.089559555053711
[error] Total Time Symmetries: 0
[error] Total Blocked Models: 0
[error] Total Solver Time: 5.136729001998901
[error] Total Time Symmetries: 0
[error] Total Blocked Models: 0
[error] Total Solver Time: 5.386908054351807
[error] Total Time Symmetries: 0
[error] Total Blocked Models: 0
[error] Total Solver Time: 5.373203754425049
[error] Total Time Symmetries: 0
[error] Total Blocked Models: 0
[error] Total Solver Time: 5.168609619140625
[error] Total Time Symmetries: 0
[error] Total Blocked Models: 0
[error] Total Solver Time: 5.218108654022217
[error] Total Time Symmetries: 0
[error] Total Blocked Models: 0
[error] Total Solver Time: 5.467569828033447
[error] Total Time Symmetries: 0
[error] Total Blocked Models: 0
[error] Total Solver Time: 12.425527334213257
[error] Total Time Symmetries: 0
[error] Total Blocked Models: 0
[error] Total Solver Time: 5.4603493213653564
[error] Total Time Symmetries: 0
[error] Total Blocked Models: 0
[error] Total Solver Time: 5.2548253536224365
[error] Total Time Symmetries: 0
[error] Total Blocked Models: 0
[error] Total Solver Time: 5.299839019775391
[error] Total Time Symmetries: 0
[error] Total Blocked Models: 0
[error] Total Solver Time: 5.554278373718262
[error] Total Time Symmetries: 0
[error] Total Blocked Models: 0
[error] Total Solver Time: 12.764383316040039
[error] Total Time Symmetries: 0
[error] Total Blocked Models: 0
[error] Total Solver Time: 5.337604761123657
[error] Total Time Symmetries: 0
[error] Total Blocked Models: 0
[error] Total Solver Time: 5.559837102890015
[error] Total Time Symmetries: 0
[error] Total Blocked Models: 0
[error] Total Solver Time: 5.384746313095093
[error] Total Time Symmetries: 0
[error] Total Blocked Models: 0
[error] Total Solver Time: 5.633889675140381
[error] Total Time Symmetries: 0
[error] Total Blocked Models: 0
[error] Total Solver Time: 5.421358108520508
[error] Total Time Symmetries: 0
[error] Total Blocked Models: 0
[error] Total Solver Time: 5.46992564201355
[error] Total Time Symmetries: 0
[error] Total Blocked Models: 0
[error] Total Solver Time: 5.712777376174927
[error] Total Time Symmetries: 0
[error] Total Blocked Models: 0
[error] Total Solver Time: 5.656787157058716
[error] Total Time Symmetries: 0
[error] Total Blocked Models: 0
[error] Total Solver Time: 13.084808588027954
[error] Total Time Symmetries: 0
[error] Total Blocked Models: 0
[error] Total Solver Time: 5.505816459655762
[error] Total Time Symmetries: 0
[error] Total Blocked Models: 0
[error] Total Solver Time: 5.551606893539429
[error] Total Time Symmetries: 0
[error] Total Blocked Models: 0
[error] Total Solver Time: 5.791754484176636
[error] Total Time Symmetries: 0
[error] Total Blocked Models: 0
[error] Total Solver Time: 5.757258892059326
[error] Total Time Symmetries: 0
[error] Total Blocked Models: 0
[error] Total Solver Time: 13.404772520065308
[error] Total Time Symmetries: 0
[error] Total Blocked Models: 0
[error] Total Solver Time: 5.590493679046631
[error] Total Time Symmetries: 0
[error] Total Blocked Models: 0
[error] Total Solver Time: 5.634055137634277
[error] Total Time Symmetries: 0
[error] Total Blocked Models: 0
[error] Total Solver Time: 5.847017526626587
[error] Total Time Symmetries: 0
[error] Total Blocked Models: 0
[error] Total Solver Time: 5.867853879928589
[error] Total Time Symmetries: 0
[error] Total Blocked Models: 0
[error] Total Solver Time: 5.6775407791137695
[error] Total Time Symmetries: 0
[error] Total Blocked Models: 0
[error] Total Solver Time: 5.716767311096191
[error] Total Time Symmetries: 0
[error] Total Blocked Models: 0
[error] Total Solver Time: 13.733864545822144
[error] Total Time Symmetries: 0
[error] Total Blocked Models: 0
[error] Total Solver Time: 5.943342447280884
[error] Total Time Symmetries: 0
[error] Total Blocked Models: 0
[error] Total Solver Time: 5.945336818695068
[error] Total Time Symmetries: 0
[error] Total Blocked Models: 0
[error] Total Solver Time: 5.799209117889404
[error] Total Time Symmetries: 0
[error] Total Blocked Models: 0
[error] Total Solver Time: 5.760300874710083
[error] Total Time Symmetries: 0
[error] Total Blocked Models: 0
[error] Total Solver Time: 6.030744791030884
[error] Total Time Symmetries: 0
[error] Total Blocked Models: 0
[error] Total Solver Time: 6.024585962295532
[error] Total Time Symmetries: 0
[error] Total Blocked Models: 0
[error] Total Solver Time: 14.06530499458313
[error] Total Time Symmetries: 0
[error] Total Blocked Models: 0
[error] Total Solver Time: 5.878565073013306
[error] Total Time Symmetries: 0
[error] Total Blocked Models: 0
[error] Total Solver Time: 6.124258518218994
[error] Total Time Symmetries: 0
[error] Total Blocked Models: 0
[error] Total Solver Time: 5.845585823059082
[error] Total Time Symmetries: 0
[error] Total Blocked Models: 0
[error] Total Solver Time: 6.107863664627075
[error] Total Time Symmetries: 0
[error] Total Blocked Models: 0
[error] Total Solver Time: 14.398841857910156
[error] Total Time Symmetries: 0
[error] Total Blocked Models: 0
[error] Total Solver Time: 5.9250922203063965
[error] Total Time Symmetries: 0
[error] Total Blocked Models: 0
[error] Total Solver Time: 6.217864751815796
[error] Total Time Symmetries: 0
[error] Total Blocked Models: 0
[error] Total Solver Time: 5.957566022872925
[error] Total Time Symmetries: 0
[error] Total Blocked Models: 0
[error] Total Solver Time: 6.190211772918701
[error] Total Time Symmetries: 0
[error] Total Blocked Models: 0
[error] Total Solver Time: 14.74618148803711
[error] Total Time Symmetries: 0
[error] Total Blocked Models: 0
[error] Total Solver Time: 6.007443428039551
[error] Total Time Symmetries: 0
[error] Total Blocked Models: 0
[error] Total Solver Time: 6.040980100631714
[error] Total Time Symmetries: 0
[error] Total Blocked Models: 0
[error] Total Solver Time: 6.3116724491119385
[error] Total Time Symmetries: 0
[error] Total Blocked Models: 0
[error] Total Solver Time: 6.271594524383545
[error] Total Time Symmetries: 0
[error] Total Blocked Models: 0
[error] Total Solver Time: 15.090279340744019
[error] Total Time Symmetries: 0
[error] Total Blocked Models: 0
[error] Total Solver Time: 6.089244604110718
[error] Total Time Symmetries: 0
[error] Total Blocked Models: 0
[error] Total Solver Time: 6.396087408065796
[error] Total Time Symmetries: 0
[error] Total Blocked Models: 0
[error] Total Solver Time: 6.1231608390808105
[error] Total Time Symmetries: 0
[error] Total Blocked Models: 0
[error] Total Solver Time: 6.355045557022095
[error] Total Time Symmetries: 0
[error] Total Blocked Models: 0
[error] Total Solver Time: 15.446754693984985
[error] Total Time Symmetries: 0
[error] Total Blocked Models: 0
[error] Total Solver Time: 6.1769328117370605
[error] Total Time Symmetries: 0
[error] Total Blocked Models: 0
[error] Total Solver Time: 6.485567331314087
[error] Total Time Symmetries: 0
[error] Total Blocked Models: 0
[error] Total Solver Time: 6.208422899246216
[error] Total Time Symmetries: 0
[error] Total Blocked Models: 0
[error] Total Solver Time: 6.432690143585205
[error] Total Time Symmetries: 0
[error] Total Blocked Models: 0
[error] Total Solver Time: 6.268359899520874
[error] Total Time Symmetries: 0
[error] Total Blocked Models: 0
[error] Total Solver Time: 15.813181400299072
[error] Total Time Symmetries: 0
[error] Total Blocked Models: 0
[error] Total Solver Time: 6.568575143814087
[error] Total Time Symmetries: 0
[error] Total Blocked Models: 0
[error] Total Solver Time: 6.29063606262207
[error] Total Time Symmetries: 0
[error] Total Blocked Models: 0
[error] Total Solver Time: 6.509878396987915
[error] Total Time Symmetries: 0
[error] Total Blocked Models: 0
[error] Total Solver Time: 6.655579090118408
[error] Total Time Symmetries: 0
[error] Total Blocked Models: 0
[error] Total Solver Time: 6.3633387088775635
[error] Total Time Symmetries: 0
[error] Total Blocked Models: 0
[error] Total Solver Time: 16.180664539337158
[error] Total Time Symmetries: 0
[error] Total Blocked Models: 0
[error] Total Solver Time: 6.373592138290405
[error] Total Time Symmetries: 0
[error] Total Blocked Models: 0
[error] Total Solver Time: 6.586249351501465
[error] Total Time Symmetries: 0
[error] Total Blocked Models: 0
[error] Total Solver Time: 6.749739646911621
[error] Total Time Symmetries: 0
[error] Total Blocked Models: 0
[error] Total Solver Time: 6.445384502410889
[error] Total Time Symmetries: 0
[error] Total Blocked Models: 0
[error] Total Solver Time: 6.459005117416382
[error] Total Time Symmetries: 0
[error] Total Blocked Models: 0
[error] Total Solver Time: 16.54985523223877
[error] Total Time Symmetries: 0
[error] Total Blocked Models: 0
[error] Total Solver Time: 6.663179159164429
[error] Total Time Symmetries: 0
[error] Total Blocked Models: 0
[error] Total Solver Time: 6.844599485397339
[error] Total Time Symmetries: 0
[error] Total Blocked Models: 0
[error] Total Solver Time: 6.545864582061768
[error] Total Time Symmetries: 0
[error] Total Blocked Models: 0
[error] Total Solver Time: 6.520499229431152
[error] Total Time Symmetries: 0
[error] Total Blocked Models: 0
[error] Total Solver Time: 16.91657018661499
[error] Total Time Symmetries: 0
[error] Total Blocked Models: 0
[error] Total Solver Time: 6.600577354431152
[error] Total Solver Time: 6.746917724609375
[error] Total Time Symmetries: 0
[error] Total Time Symmetries: 0
[error] Total Blocked Models: 0
[error] Total Blocked Models: 0
[error] Total Solver Time: 6.628840684890747
[error] Total Time Symmetries: 0
[error] Total Blocked Models: 0
[error] Total Solver Time: 6.934481382369995
[error] Total Time Symmetries: 0
[error] Total Blocked Models: 0
[error] Total Solver Time: 17.290854930877686
[error] Total Time Symmetries: 0
[error] Total Blocked Models: 0
[error] Total Solver Time: 6.6810338497161865
[error] Total Time Symmetries: 0
[error] Total Blocked Models: 0
[error] Total Solver Time: 6.711666584014893
[error] Total Time Symmetries: 0
[error] Total Blocked Models: 0
[error] Total Solver Time: 7.029166221618652
[error] Total Time Symmetries: 0
[error] Total Blocked Models: 0
[error] Total Solver Time: 6.819929838180542
[error] Total Time Symmetries: 0
[error] Total Blocked Models: 0
[error] Total Solver Time: 6.794186353683472
[error] Total Time Symmetries: 0
[error] Total Blocked Models: 0
[error] Total Solver Time: 6.759949684143066
[error] Total Time Symmetries: 0
[error] Total Blocked Models: 0
[error] Total Solver Time: 17.68189311027527
[error] Total Time Symmetries: 0
[error] Total Blocked Models: 0
[error] Total Solver Time: 7.145678520202637
[error] Total Time Symmetries: 0
[error] Total Blocked Models: 0
[error] Total Solver Time: 6.896704196929932
[error] Total Time Symmetries: 0
[error] Total Blocked Models: 0
[error] Total Solver Time: 6.8772594928741455
[error] Total Time Symmetries: 0
[error] Total Blocked Models: 0
[error] Total Solver Time: 6.848900318145752
[error] Total Time Symmetries: 0
[error] Total Blocked Models: 0
[error] Total Solver Time: 7.235545635223389
[error] Total Time Symmetries: 0
[error] Total Blocked Models: 0
[error] Total Solver Time: 18.089537382125854
[error] Total Time Symmetries: 0
[error] Total Blocked Models: 0
[error] Total Solver Time: 6.959112167358398
[error] Total Time Symmetries: 0
[error] Total Blocked Models: 0
[error] Total Solver Time: 6.9729554653167725
[error] Total Time Symmetries: 0
[error] Total Blocked Models: 0
[error] Total Solver Time: 6.94059157371521
[error] Total Time Symmetries: 0
[error] Total Blocked Models: 0
[error] Total Solver Time: 7.33549165725708
[error] Total Time Symmetries: 0
[error] Total Blocked Models: 0
[error] Total Solver Time: 18.49426007270813
[error] Total Time Symmetries: 0
[error] Total Blocked Models: 0
[error] Total Solver Time: 7.051274299621582
[error] Total Time Symmetries: 0
[error] Total Blocked Models: 0
[error] Total Solver Time: 7.022400140762329
[error] Total Time Symmetries: 0
[error] Total Blocked Models: 0
[error] Total Solver Time: 7.0534350872039795
[error] Total Time Symmetries: 0
[error] Total Blocked Models: 0
[error] Total Solver Time: 7.424478769302368
[error] Total Time Symmetries: 0
[error] Total Blocked Models: 0
[error] Total Solver Time: 7.1066365242004395
[error] Total Time Symmetries: 0
[error] Total Blocked Models: 0
[error] Total Solver Time: 7.137187719345093
[error] Total Time Symmetries: 0
[error] Total Blocked Models: 0
[error] Total Solver Time: 18.896092891693115
[error] Total Time Symmetries: 0
[error] Total Blocked Models: 0
[error] Total Solver Time: 7.133439779281616
[error] Total Time Symmetries: 0
[error] Total Blocked Models: 0
[error] Total Solver Time: 7.5273966789245605
[error] Total Time Symmetries: 0
[error] Total Blocked Models: 0
[error] Total Solver Time: 7.222100019454956
[error] Total Time Symmetries: 0
[error] Total Blocked Models: 0
[error] Total Solver Time: 7.202657222747803
[error] Total Time Symmetries: 0
[error] Total Blocked Models: 0
[error] Total Solver Time: 19.27418065071106
[error] Total Time Symmetries: 0
[error] Total Blocked Models: 0
[error] Total Solver Time: 7.63712477684021
[error] Total Time Symmetries: 0
[error] Total Blocked Models: 0
[error] Total Solver Time: 7.216899156570435
[error] Total Time Symmetries: 0
[error] Total Blocked Models: 0
[error] Total Solver Time: 7.30983829498291
[error] Total Time Symmetries: 0
[error] Total Blocked Models: 0
[error] Total Solver Time: 19.647951126098633
[error] Total Time Symmetries: 0
[error] Total Blocked Models: 0
[error] Total Solver Time: 7.288769483566284
[error] Total Time Symmetries: 0
[error] Total Blocked Models: 0
[error] Total Solver Time: 7.735702037811279
[error] Total Time Symmetries: 0
[error] Total Blocked Models: 0
[error] Total Solver Time: 7.305176734924316
[error] Total Time Symmetries: 0
[error] Total Blocked Models: 0
[error] Total Solver Time: 7.394465923309326
[error] Total Time Symmetries: 0
[error] Total Blocked Models: 0
[error] Total Solver Time: 7.825226306915283
[error] Total Time Symmetries: 0
[error] Total Blocked Models: 0
[error] Total Solver Time: 20.059581756591797
[error] Total Time Symmetries: 0
[error] Total Blocked Models: 0
[error] Total Solver Time: 7.384201288223267
[error] Total Time Symmetries: 0
[error] Total Blocked Models: 0
[error] Total Solver Time: 7.374757766723633
[error] Total Time Symmetries: 0
[error] Total Blocked Models: 0
[error] Total Solver Time: 7.915603160858154
[error] Total Time Symmetries: 0
[error] Total Blocked Models: 0
[error] Total Solver Time: 7.479569435119629
[error] Total Time Symmetries: 0
[error] Total Blocked Models: 0
[error] Total Solver Time: 7.4664306640625
[error] Total Time Symmetries: 0
[error] Total Blocked Models: 0
[error] Total Solver Time: 7.466791868209839
[error] Total Time Symmetries: 0
[error] Total Blocked Models: 0
[error] Total Solver Time: 20.514010429382324
[error] Total Time Symmetries: 0
[error] Total Blocked Models: 0
[error] Total Solver Time: 8.015160322189331
[error] Total Time Symmetries: 0
[error] Total Blocked Models: 0
[error] Total Solver Time: 7.553221225738525
[error] Total Time Symmetries: 0
[error] Total Blocked Models: 0
[error] Total Solver Time: 7.564159393310547
[error] Total Time Symmetries: 0
[error] Total Blocked Models: 0
[error] Total Solver Time: 7.557736158370972
[error] Total Time Symmetries: 0
[error] Total Blocked Models: 0
[error] Total Solver Time: 20.95456290245056
[error] Total Time Symmetries: 0
[error] Total Blocked Models: 0
[error] Total Solver Time: 7.636547565460205
[error] Total Time Symmetries: 0
[error] Total Blocked Models: 0
[error] Total Solver Time: 8.100164890289307
[error] Total Time Symmetries: 0
[error] Total Blocked Models: 0
[error] Total Solver Time: 7.639157295227051
[error] Total Time Symmetries: 0
[error] Total Blocked Models: 0
[error] Total Solver Time: 7.650131464004517
[error] Total Time Symmetries: 0
[error] Total Blocked Models: 0
[error] Total Solver Time: 7.716661214828491
[error] Total Time Symmetries: 0
[error] Total Blocked Models: 0
[error] Total Solver Time: 21.419325828552246
[error] Total Time Symmetries: 0
[error] Total Blocked Models: 0
[error] Total Solver Time: 8.192253589630127
[error] Total Time Symmetries: 0
[error] Total Blocked Models: 0
[error] Total Solver Time: 7.720098257064819
[error] Total Time Symmetries: 0
[error] Total Blocked Models: 0
[error] Total Solver Time: 7.742295980453491
[error] Total Time Symmetries: 0
[error] Total Blocked Models: 0
[error] Total Solver Time: 7.801207780838013
[error] Total Time Symmetries: 0
[error] Total Blocked Models: 0
[error] Total Solver Time: 7.826281309127808
[error] Total Time Symmetries: 0
[error] Total Blocked Models: 0
[error] Total Solver Time: 8.280919075012207
[error] Total Time Symmetries: 0
[error] Total Blocked Models: 0
[error] Total Solver Time: 7.797441482543945
[error] Total Time Symmetries: 0
[error] Total Blocked Models: 0
[error] Total Solver Time: 21.887282371520996
[error] Total Time Symmetries: 0
[error] Total Blocked Models: 0
[error] Total Solver Time: 7.878559589385986
[error] Total Time Symmetries: 0
[error] Total Blocked Models: 0
[error] Total Solver Time: 7.905713796615601
[error] Total Time Symmetries: 0
[error] Total Blocked Models: 0
[error] Total Solver Time: 8.369143962860107
[error] Total Time Symmetries: 0
[error] Total Blocked Models: 0
[error] Total Solver Time: 7.87759256362915
[error] Total Time Symmetries: 0
[error] Total Blocked Models: 0
[error] Total Solver Time: 7.955810546875
[error] Total Time Symmetries: 0
[error] Total Blocked Models: 0
[error] Total Solver Time: 22.368056058883667
[error] Total Time Symmetries: 0
[error] Total Blocked Models: 0
[error] Total Solver Time: 7.9569244384765625
[error] Total Time Symmetries: 0
[error] Total Blocked Models: 0
[error] Total Solver Time: 8.033381223678589
[error] Total Time Symmetries: 0
[error] Total Blocked Models: 0
[error] Total Solver Time: 8.45008111000061
[error] Total Time Symmetries: 0
[error] Total Blocked Models: 0
[error] Total Solver Time: 7.984778642654419
[error] Total Time Symmetries: 0
[error] Total Blocked Models: 0
[error] Total Solver Time: 22.845941305160522
[error] Total Time Symmetries: 0
[error] Total Blocked Models: 0
[error] Total Solver Time: 8.054633855819702
[error] Total Time Symmetries: 0
[error] Total Blocked Models: 0
[error] Total Solver Time: 8.065393447875977
[error] Total Time Symmetries: 0
[error] Total Blocked Models: 0
[error] Total Solver Time: 8.112555027008057
[error] Total Time Symmetries: 0
[error] Total Blocked Models: 0
[error] Total Solver Time: 8.529306888580322
[error] Total Time Symmetries: 0
[error] Total Blocked Models: 0
[error] Total Solver Time: 8.153045892715454
[error] Total Time Symmetries: 0
[error] Total Blocked Models: 0
[error] Total Solver Time: 23.34694504737854
[error] Total Time Symmetries: 0
[error] Total Blocked Models: 0
[error] Total Solver Time: 8.146050691604614
[error] Total Time Symmetries: 0
[error] Total Blocked Models: 0
[error] Total Solver Time: 8.19209337234497
[error] Total Time Symmetries: 0
[error] Total Blocked Models: 0
[error] Total Solver Time: 8.622621297836304
[error] Total Time Symmetries: 0
[error] Total Blocked Models: 0
[error] Total Solver Time: 8.237613916397095
[error] Total Time Symmetries: 0
[error] Total Blocked Models: 0
[error] Total Solver Time: 8.228296756744385
[error] Total Time Symmetries: 0
[error] Total Blocked Models: 0
[error] Total Solver Time: 8.289165496826172
[error] Total Time Symmetries: 0
[error] Total Blocked Models: 0
[error] Total Solver Time: 23.830321311950684
[error] Total Time Symmetries: 0
[error] Total Blocked Models: 0
[error] Total Solver Time: 8.7037672996521
[error] Total Time Symmetries: 0
[error] Total Blocked Models: 0
[error] Total Solver Time: 8.321136951446533
[error] Total Time Symmetries: 0
[error] Total Blocked Models: 0
[error] Total Solver Time: 8.309670448303223
[error] Total Time Symmetries: 0
[error] Total Blocked Models: 0
[error] Total Solver Time: 8.376033306121826
[error] Total Time Symmetries: 0
[error] Total Blocked Models: 0
[error] Total Solver Time: 24.305392742156982
[error] Total Time Symmetries: 0
[error] Total Blocked Models: 0
[error] Total Solver Time: 8.788852214813232
[error] Total Time Symmetries: 0
[error] Total Blocked Models: 0
[error] Total Solver Time: 8.400688648223877
[error] Total Time Symmetries: 0
[error] Total Blocked Models: 0
[error] Total Solver Time: 8.396051168441772
[error] Total Time Symmetries: 0
[error] Total Blocked Models: 0
[error] Total Solver Time: 8.455885648727417
[error] Total Time Symmetries: 0
[error] Total Blocked Models: 0
[error] Total Solver Time: 8.878384828567505
[error] Total Time Symmetries: 0
[error] Total Blocked Models: 0
[error] Total Solver Time: 24.781527757644653
[error] Total Time Symmetries: 0
[error] Total Blocked Models: 0
[error] Total Solver Time: 8.480979919433594
[error] Total Time Symmetries: 0
[error] Total Blocked Models: 0
[error] Total Solver Time: 8.478823184967041
[error] Total Time Symmetries: 0
[error] Total Blocked Models: 0
[error] Total Solver Time: 8.539177179336548
[error] Total Time Symmetries: 0
[error] Total Blocked Models: 0
[error] Total Solver Time: 8.965194940567017
[error] Total Time Symmetries: 0
[error] Total Blocked Models: 0
[error] Total Solver Time: 8.561041831970215
[error] Total Time Symmetries: 0
[error] Total Blocked Models: 0
[error] Total Solver Time: 25.253014087677002
[error] Total Time Symmetries: 0
[error] Total Blocked Models: 0
[error] Total Solver Time: 8.622926235198975
[error] Total Time Symmetries: 0
[error] Total Blocked Models: 0
[error] Total Solver Time: 8.558515071868896
[error] Total Time Symmetries: 0
[error] Total Blocked Models: 0
[error] Total Solver Time: 9.06090259552002
[error] Total Time Symmetries: 0
[error] Total Blocked Models: 0
[error] Total Solver Time: 8.644051551818848
[error] Total Time Symmetries: 0
[error] Total Blocked Models: 0
[error] Total Solver Time: 8.707318305969238
[error] Total Time Symmetries: 0
[error] Total Blocked Models: 0
[error] Total Solver Time: 25.73128890991211
[error] Total Time Symmetries: 0
[error] Total Blocked Models: 0
[error] Total Solver Time: 8.638230800628662
[error] Total Time Symmetries: 0
[error] Total Blocked Models: 0
[error] Total Solver Time: 9.158401727676392
[error] Total Time Symmetries: 0
[error] Total Blocked Models: 0
[error] Total Solver Time: 8.725661993026733
[error] Total Time Symmetries: 0
[error] Total Blocked Models: 0
[error] Total Solver Time: 8.788257598876953
[error] Total Time Symmetries: 0
[error] Total Blocked Models: 0
[error] Total Solver Time: 26.20207142829895
[error] Total Time Symmetries: 0
[error] Total Blocked Models: 0
[error] Total Solver Time: 9.24893832206726
[error] Total Time Symmetries: 0
[error] Total Blocked Models: 0
[error] Total Solver Time: 8.805607795715332
[error] Total Time Symmetries: 0
[error] Total Blocked Models: 0
[error] Total Solver Time: 8.717456340789795
[error] Total Time Symmetries: 0
[error] Total Blocked Models: 0
[error] Total Solver Time: 8.868827819824219
[error] Total Time Symmetries: 0
[error] Total Blocked Models: 0
[error] Total Solver Time: 26.67822575569153
[error] Total Time Symmetries: 0
[error] Total Blocked Models: 0
[error] Total Solver Time: 8.888776540756226
[error] Total Time Symmetries: 0
[error] Total Blocked Models: 0
[error] Total Solver Time: 9.338064193725586
[error] Total Time Symmetries: 0
[error] Total Blocked Models: 0
[error] Total Solver Time: 8.799295663833618
[error] Total Time Symmetries: 0
[error] Total Blocked Models: 0
[error] Total Solver Time: 8.974770545959473
[error] Total Time Symmetries: 0
[error] Total Blocked Models: 0
[error] Total Solver Time: 8.974664211273193
[error] Total Time Symmetries: 0
[error] Total Blocked Models: 0
[error] Total Solver Time: 27.149320602416992
[error] Total Time Symmetries: 0
[error] Total Blocked Models: 0
[error] Total Solver Time: 9.42528772354126
[error] Total Time Symmetries: 0
[error] Total Blocked Models: 0
[error] Total Solver Time: 8.88179874420166
[error] Total Time Symmetries: 0
[error] Total Blocked Models: 0
[error] Total Solver Time: 9.05669903755188
[error] Total Time Symmetries: 0
[error] Total Blocked Models: 0
[error] Total Solver Time: 9.058292388916016
[error] Total Time Symmetries: 0
[error] Total Blocked Models: 0
[error] Total Solver Time: 9.506325960159302
[error] Total Time Symmetries: 0
[error] Total Blocked Models: 0
[error] Total Solver Time: 27.62420916557312
[error] Total Time Symmetries: 0
[error] Total Blocked Models: 0
[error] Total Solver Time: 9.151786804199219
[error] Total Time Symmetries: 0
[error] Total Blocked Models: 0
[error] Total Solver Time: 8.963648319244385
[error] Total Time Symmetries: 0
[error] Total Blocked Models: 0
[error] Total Solver Time: 9.14456033706665
[error] Total Time Symmetries: 0
[error] Total Blocked Models: 0
[error] Total Solver Time: 9.597161769866943
[error] Total Time Symmetries: 0
[error] Total Blocked Models: 0
[error] Total Solver Time: 9.236781597137451
[error] Total Time Symmetries: 0
[error] Total Blocked Models: 0
[error] Total Solver Time: 9.04391360282898
[error] Total Time Symmetries: 0
[error] Total Blocked Models: 0
[error] Total Solver Time: 28.12880516052246
[error] Total Time Symmetries: 0
[error] Total Blocked Models: 0
[error] Total Solver Time: 9.225467443466187
[error] Total Time Symmetries: 0
[error] Total Blocked Models: 0
[error] Total Solver Time: 9.70889139175415
[error] Total Time Symmetries: 0
[error] Total Blocked Models: 0
[error] Total Solver Time: 9.31688380241394
[error] Total Time Symmetries: 0
[error] Total Blocked Models: 0
[error] Total Solver Time: 9.126181840896606
[error] Total Time Symmetries: 0
[error] Total Blocked Models: 0
[error] Total Solver Time: 28.72078275680542
[error] Total Time Symmetries: 0
[error] Total Blocked Models: 0
[error] Total Solver Time: 9.305161952972412
[error] Total Time Symmetries: 0
[error] Total Blocked Models: 0
[error] Total Solver Time: 9.792455673217773
[error] Total Time Symmetries: 0
[error] Total Blocked Models: 0
[error] Total Solver Time: 9.402863264083862
[error] Total Time Symmetries: 0
[error] Total Blocked Models: 0
[error] Total Solver Time: 9.21082592010498
[error] Total Time Symmetries: 0
[error] Total Blocked Models: 0
[error] Total Solver Time: 29.287267446517944
[error] Total Time Symmetries: 0
[error] Total Blocked Models: 0
[error] Total Solver Time: 9.390986680984497
[error] Total Time Symmetries: 0
[error] Total Blocked Models: 0
[error] Total Solver Time: 9.883934736251831
[error] Total Time Symmetries: 0
[error] Total Blocked Models: 0
[error] Total Solver Time: 9.484296798706055
[error] Total Time Symmetries: 0
[error] Total Blocked Models: 0
[error] Total Solver Time: 9.293055534362793
[error] Total Time Symmetries: 0
[error] Total Blocked Models: 0
[error] Total Solver Time: 9.990505456924438
[error] Total Time Symmetries: 0
[error] Total Blocked Models: 0
[error] Total Solver Time: 9.474076271057129
[error] Total Time Symmetries: 0
[error] Total Blocked Models: 0
[error] Total Solver Time: 29.8684504032135
[error] Total Time Symmetries: 0
[error] Total Blocked Models: 0
[error] Total Solver Time: 9.567505359649658
[error] Total Time Symmetries: 0
[error] Total Blocked Models: 0
[error] Total Solver Time: 9.375923156738281
[error] Total Time Symmetries: 0
[error] Total Blocked Models: 0
[error] Total Solver Time: 9.581554889678955
[error] Total Time Symmetries: 0
[error] Total Blocked Models: 0
[error] Total Solver Time: 10.083854675292969
[error] Total Time Symmetries: 0
[error] Total Blocked Models: 0
[error] Total Solver Time: 9.650315761566162
[error] Total Time Symmetries: 0
[error] Total Blocked Models: 0
[error] Total Solver Time: 30.465522527694702
[error] Total Time Symmetries: 0
[error] Total Blocked Models: 0
[error] Total Solver Time: 9.457238912582397
[error] Total Time Symmetries: 0
[error] Total Blocked Models: 0
[error] Total Solver Time: 10.17588996887207
[error] Total Time Symmetries: 0
[error] Total Blocked Models: 0
[error] Total Solver Time: 9.679528951644897
[error] Total Time Symmetries: 0
[error] Total Blocked Models: 0
[error] Total Solver Time: 9.73469877243042
[error] Total Time Symmetries: 0
[error] Total Blocked Models: 0
[error] Total Solver Time: 31.033185720443726
[error] Total Time Symmetries: 0
[error] Total Blocked Models: 0
[error] Total Solver Time: 9.539742708206177
[error] Total Time Symmetries: 0
[error] Total Blocked Models: 0
[error] Total Solver Time: 10.261873960494995
[error] Total Time Symmetries: 0
[error] Total Blocked Models: 0
[error] Total Solver Time: 9.816272735595703
[error] Total Time Symmetries: 0
[error] Total Blocked Models: 0
[error] Total Solver Time: 9.799802541732788
[error] Total Time Symmetries: 0
[error] Total Blocked Models: 0
[error] Total Solver Time: 9.625788688659668
[error] Total Time Symmetries: 0
[error] Total Blocked Models: 0
[error] Total Solver Time: 31.60864806175232
[error] Total Time Symmetries: 0
[error] Total Blocked Models: 0
[error] Total Solver Time: 9.905852317810059
[error] Total Time Symmetries: 0
[error] Total Blocked Models: 0
[error] Total Solver Time: 10.352242469787598
[error] Total Time Symmetries: 0
[error] Total Blocked Models: 0
[error] Total Solver Time: 9.89004898071289
[error] Total Time Symmetries: 0
[error] Total Blocked Models: 0
[error] Total Solver Time: 9.712241888046265
[error] Total Time Symmetries: 0
[error] Total Blocked Models: 0
[error] Total Solver Time: 32.19165825843811
[error] Total Time Symmetries: 0
[error] Total Blocked Models: 0
[error] Total Solver Time: 9.986454486846924
[error] Total Time Symmetries: 0
[error] Total Blocked Models: 0
[error] Total Solver Time: 9.971871614456177
[error] Total Time Symmetries: 0
[error] Total Blocked Models: 0
[error] Total Solver Time: 10.439605951309204
[error] Total Time Symmetries: 0
[error] Total Blocked Models: 0
[error] Total Solver Time: 9.79659128189087
[error] Total Time Symmetries: 0
[error] Total Blocked Models: 0
[error] Total Solver Time: 10.075192928314209
[error] Total Time Symmetries: 0
[error] Total Blocked Models: 0
[error] Total Solver Time: 10.071524381637573
[error] Total Time Symmetries: 0
[error] Total Blocked Models: 0
[error] Total Solver Time: 32.803056716918945
[error] Total Time Symmetries: 0
[error] Total Blocked Models: 0
[error] Total Solver Time: 10.555591344833374
[error] Total Time Symmetries: 0
[error] Total Blocked Models: 0
[error] Total Solver Time: 9.878112554550171
[error] Total Time Symmetries: 0
[error] Total Blocked Models: 0
[error] Total Solver Time: 10.151588916778564
[error] Total Time Symmetries: 0
[error] Total Blocked Models: 0
[error] Total Solver Time: 10.156085014343262
[error] Total Time Symmetries: 0
[error] Total Blocked Models: 0
[error] Total Solver Time: 10.647974729537964
[error] Total Time Symmetries: 0
[error] Total Blocked Models: 0
[error] Total Solver Time: 33.47828793525696
[error] Total Time Symmetries: 0
[error] Total Blocked Models: 0
[error] Total Solver Time: 10.244829177856445
[error] Total Time Symmetries: 0
[error] Total Blocked Models: 0
[error] Total Solver Time: 9.956907033920288
[error] Total Time Symmetries: 0
[error] Total Blocked Models: 0
[error] Total Solver Time: 10.240838766098022
[error] Total Time Symmetries: 0
[error] Total Blocked Models: 0
[error] Total Solver Time: 10.727864503860474
[error] Total Time Symmetries: 0
[error] Total Blocked Models: 0
[error] Total Solver Time: 10.324177742004395
[error] Total Time Symmetries: 0
[error] Total Blocked Models: 0
[error] Total Solver Time: 34.08791661262512
[error] Total Time Symmetries: 0
[error] Total Blocked Models: 0
[error] Total Solver Time: 10.038800954818726
[error] Total Time Symmetries: 0
[error] Total Blocked Models: 0
[error] Total Solver Time: 10.325134754180908
[error] Total Time Symmetries: 0
[error] Total Blocked Models: 0
[error] Total Solver Time: 10.05573582649231
[error] Total Time Symmetries: 0
[error] Total Blocked Models: 0
[error] Total Time: 387.4910490512848
[info] Solution found: select(inner_join3(summariseGrouped(@param0, mincost = min(cost), P_id, S_key), @param1, summariseGrouped(@param0, mincost = min(cost), P_id)), P_id,S_name, distinct)
[debug] Solution found using process 2: Config(disabled=[], alt_empty_pos=False, shuffle_cols=False, z3_sat_phase='caching', z3_QF_FD=True)
[error] Total Solver Time: 10.856187105178833
[error] Total Time Symmetries: 0
[error] Total Blocked Models: 0

------------------------------------- R Solution ---------------------------------------

con <- DBI::dbConnect(RSQLite::SQLite(), ":memory:")
input1 <- read.table("tests-examples/cp19/tables/17-1.txt", sep=",", header=T)
input1 <- copy_to(con, input1)
input2 <- read.table("tests-examples/cp19/tables/17-3.txt", sep=",", header=T)
input2 <- copy_to(con, input2)
expected_output <- read.table("tests-examples/cp19/tables/53.out", sep =",", header=T)

RET_DF21875 <- input1 %>% group_by(P_id, S_key) %>% summarise(mincost = min(cost))
RET_DF21876 <- input1 %>% group_by(P_id) %>% summarise(mincost = min(cost))
RET_DF21877 <- inner_join(inner_join(RET_DF21875, input2), RET_DF21876)
RET_DF21878 <- RET_DF21877 %>% ungroup() %>% select(P_id,S_name) %>% distinct()


+++++++++++++++++++++++++++++++++++++ SQL Solution +++++++++++++++++++++++++++++++++++++

SELECT DISTINCT `P_id`,
                `S_name`
FROM
  (SELECT `P_id`,
          `S_key`,
          `mincost`,
          `S_name`
   FROM
     (SELECT `P_id`,
             `S_key`,
             `mincost`,
             `S_name`
      FROM
        (SELECT `P_id`,
                `S_key`,
                MIN(`cost`) AS `mincost`
         FROM `input1`
         GROUP BY `P_id`,
                  `S_key`) AS `LHS`
      INNER JOIN `input2` AS `RHS` ON (`LHS`.`S_key` = `RHS`.`S_key`)) AS `LHS`
   INNER JOIN
     (SELECT `P_id`,
             MIN(`cost`) AS `mincost`
      FROM `input1`
      GROUP BY `P_id`) AS `RHS` ON (`LHS`.`P_id` = `RHS`.`P_id`
                                    AND `LHS`.`mincost` = `RHS`.`mincost`))
