[info] Parsing specification...
[info] Parsing specification...
[debug] Reading input files...
[info] Parsing specification...
[info] Parsing specification...
[info] Parsing specification...
[debug] Reading input files...
[debug] Reading input files...
[debug] Generating DSL...
[debug] Reading input files...
[debug] Reading input files...
[info] Parsing succeeded
[info] Building synthesizer...
[info] Lines of Code: 1
[debug] Generating DSL...
[debug] Generating DSL...
[debug] Generating DSL...
[debug] Generating DSL...
[info] Parsing succeeded
[info] Building synthesizer...
[info] Lines of Code: 1
[info] Parsing succeeded
[info] Building synthesizer...
[info] Lines of Code: 1
[info] Parsing succeeded
[info] Building synthesizer...
[info] Lines of Code: 1
[info] Parsing succeeded
[info] Building synthesizer...
[info] Lines of Code: 1
[error] Number of Nodes: 5 
[error] Number of Variables: 6
[error] Number of Constraints: 54
[error] Time spent encoding: 0.043555259704589844
[error] UNSAT : There is no solution for current depth (loc=0), try to increase it (e.g. loc=1).
[info] Synthesizing programs...
[error] Total Time: 0.00761103630065918
[error] Total Solver Time: 0.007587909698486328
[error] Total Time Symmetries: 0
[error] Total Blocked Models: 0
[info] No more queries to be tested. Solution not found!
[info] Increasing the number of lines of code.
[info] Lines of Code: 2
[error] Number of Nodes: 5 
[error] Number of Variables: 6
[error] Number of Constraints: 54
[error] Number of Nodes: 5 
[error] Number of Nodes: 5 
[error] Time spent encoding: 0.03972053527832031
[error] Number of Variables: 6
[error] Number of Variables: 6
[error] Number of Constraints: 54
[error] Number of Constraints: 54
[error] Time spent encoding: 0.04065370559692383
[error] Time spent encoding: 0.03932452201843262
[error] UNSAT : There is no solution for current depth (loc=0), try to increase it (e.g. loc=1).
[error] UNSAT : There is no solution for current depth (loc=0), try to increase it (e.g. loc=1).
[error] UNSAT : There is no solution for current depth (loc=0), try to increase it (e.g. loc=1).
[info] Synthesizing programs...
[info] Synthesizing programs...
[info] Synthesizing programs...
[error] Total Time: 3.743171691894531e-05
[error] Total Time: 3.743171691894531e-05
[error] Total Time: 4.1484832763671875e-05
[error] Total Solver Time: 2.5987625122070312e-05
[error] Total Solver Time: 2.574920654296875e-05
[error] Total Solver Time: 2.7179718017578125e-05
[error] Total Time Symmetries: 0
[error] Total Time Symmetries: 0
[error] Total Time Symmetries: 0
[error] Total Blocked Models: 0
[error] Total Blocked Models: 0
[error] Total Blocked Models: 0
[info] No more queries to be tested. Solution not found!
[info] No more queries to be tested. Solution not found!
[info] No more queries to be tested. Solution not found!
[info] Increasing the number of lines of code.
[info] Increasing the number of lines of code.
[info] Increasing the number of lines of code.
[info] Lines of Code: 2
[info] Lines of Code: 2
[info] Lines of Code: 2
[error] Number of Nodes: 5 
[error] Number of Variables: 6
[error] Number of Constraints: 54
[error] Time spent encoding: 0.04044961929321289
[error] UNSAT : There is no solution for current depth (loc=0), try to increase it (e.g. loc=1).
[info] Synthesizing programs...
[error] Total Time: 3.7670135498046875e-05
[error] Total Solver Time: 2.6226043701171875e-05
[error] Total Time Symmetries: 0
[error] Total Blocked Models: 0
[info] No more queries to be tested. Solution not found!
[info] Increasing the number of lines of code.
[info] Lines of Code: 2
[error] Number of Nodes: 10 
[error] Number of Variables: 16
[error] Number of Constraints: 148
[error] Time spent encoding: 0.09512138366699219
[error] Number of Nodes: 10 
[error] Number of Variables: 16
[error] Number of Constraints: 148
[error] Time spent encoding: 0.08863329887390137
[error] Number of Nodes: 10 
[error] Number of Variables: 16
[error] Number of Constraints: 148
[error] Time spent encoding: 0.08878707885742188
[error] Number of Nodes: 10 
[error] Number of Variables: 16
[error] Number of Constraints: 148
[error] Time spent encoding: 0.08936619758605957
[error] Number of Nodes: 10 
[error] Number of Variables: 16
[error] Number of Constraints: 148
[error] Time spent encoding: 0.08891820907592773
[error] UNSAT : There is no solution for current depth (loc=1), try to increase it (e.g. loc=2).
[error] UNSAT : There is no solution for current depth (loc=1), try to increase it (e.g. loc=2).
[info] Synthesizing programs...
[error] Total Time: 3.4332275390625e-05
[info] Synthesizing programs...
[error] Total Solver Time: 2.86102294921875e-05
[error] Total Time Symmetries: 0
[error] Total Time: 3.1948089599609375e-05
[error] Total Blocked Models: 0
[error] Total Solver Time: 2.6702880859375e-05
[info] No more queries to be tested. Solution not found!
[error] Total Time Symmetries: 0
[info] Increasing the number of lines of code.
[error] Total Blocked Models: 0
[info] Lines of Code: 3
[info] No more queries to be tested. Solution not found!
[info] Increasing the number of lines of code.
[info] Lines of Code: 3
[error] UNSAT : There is no solution for current depth (loc=1), try to increase it (e.g. loc=2).
[info] Synthesizing programs...
[error] Total Time: 3.170967102050781e-05
[error] Total Solver Time: 2.6464462280273438e-05
[error] Total Time Symmetries: 0
[error] Total Blocked Models: 0
[info] No more queries to be tested. Solution not found!
[info] Increasing the number of lines of code.
[info] Lines of Code: 3
[error] UNSAT : There is no solution for current depth (loc=1), try to increase it (e.g. loc=2).
[info] Synthesizing programs...
[error] Total Time: 3.552436828613281e-05
[error] Total Solver Time: 3.0279159545898438e-05
[error] Total Time Symmetries: 0
[error] Total Blocked Models: 0
[info] No more queries to be tested. Solution not found!
[info] Increasing the number of lines of code.
[info] Lines of Code: 3
[error] UNSAT : There is no solution for current depth (loc=1), try to increase it (e.g. loc=2).
[info] Synthesizing programs...
[error] Total Time: 0.016939163208007812
[error] Total Solver Time: 0.016925573348999023
[error] Total Time Symmetries: 0
[error] Total Blocked Models: 0
[info] No more queries to be tested. Solution not found!
[info] Increasing the number of lines of code.
[info] Lines of Code: 3
[error] Number of Nodes: 15 
[error] Number of Variables: 30
[error] Number of Constraints: 284
[error] Time spent encoding: 0.16124749183654785
[error] Number of Nodes: 15 
[error] Number of Variables: 30
[error] Number of Constraints: 284
[error] Time spent encoding: 0.16139888763427734
[error] Number of Nodes: 15 
[error] Number of Variables: 30
[error] Number of Constraints: 284
[error] Time spent encoding: 0.1624462604522705
[error] Number of Nodes: 15 
[error] Number of Variables: 30
[error] Number of Constraints: 284
[error] Time spent encoding: 0.16138315200805664
[info] Synthesizing programs...
[info] Synthesizing programs...
[info] Synthesizing programs...
[info] Synthesizing programs...
[error] Number of Nodes: 15 
[error] Number of Variables: 30
[error] Number of Constraints: 284
[error] Time spent encoding: 0.16844820976257324
[info] Synthesizing programs...
[error] Total Solver Time: 0.0632779598236084
[error] Total Time Symmetries: 0
[error] Total Blocked Models: 0
[error] Total Solver Time: 0.06263065338134766
[error] Total Time Symmetries: 0
[error] Total Blocked Models: 0
[error] Total Solver Time: 0.06458234786987305
[error] Total Time Symmetries: 0
[error] Total Blocked Models: 0
[error] Total Solver Time: 0.06554794311523438
[error] Total Time Symmetries: 0
[error] Total Blocked Models: 0
[error] Total Solver Time: 0.11560583114624023
[error] Total Time Symmetries: 0
[error] Total Blocked Models: 0
[error] Total Solver Time: 0.1278696060180664
[error] Total Time Symmetries: 0
[error] Total Blocked Models: 0
[error] Total Solver Time: 0.13037657737731934
[error] Total Time Symmetries: 0
[error] Total Blocked Models: 0
[error] Total Solver Time: 0.13059782981872559
[error] Total Time Symmetries: 0
[error] Total Blocked Models: 0
[error] Total Solver Time: 0.12270879745483398
[error] Total Time Symmetries: 0
[error] Total Blocked Models: 0
[error] Total Solver Time: 0.1944115161895752
[error] Total Time Symmetries: 0
[error] Total Blocked Models: 0
[error] Total Solver Time: 0.19461488723754883
[error] Total Time Symmetries: 0
[error] Total Blocked Models: 0
[error] Total Solver Time: 0.18790435791015625
[error] Total Time Symmetries: 0
[error] Total Blocked Models: 0
[error] Total Solver Time: 0.19463896751403809
[error] Total Time Symmetries: 0
[error] Total Blocked Models: 0
[error] Total Solver Time: 0.1840956211090088
[error] Total Time Symmetries: 0
[error] Total Blocked Models: 0
[error] Total Solver Time: 0.27260398864746094
[error] Total Time Symmetries: 0
[error] Total Blocked Models: 0
[error] Total Solver Time: 0.2515714168548584
[error] Total Time Symmetries: 0
[error] Total Blocked Models: 0
[error] Total Solver Time: 0.2585427761077881
[error] Total Time Symmetries: 0
[error] Total Blocked Models: 0
[error] Total Solver Time: 0.35271358489990234
[error] Total Time Symmetries: 0
[error] Total Blocked Models: 0
[error] Total Solver Time: 0.2568702697753906
[error] Total Time Symmetries: 0
[error] Total Blocked Models: 0
[error] Total Solver Time: 0.24475765228271484
[error] Total Time Symmetries: 0
[error] Total Blocked Models: 0
[error] Total Solver Time: 0.31389570236206055
[error] Total Time Symmetries: 0
[error] Total Blocked Models: 0
[error] Total Solver Time: 0.32236576080322266
[error] Total Time Symmetries: 0
[error] Total Blocked Models: 0
[error] Total Solver Time: 0.3068826198577881
[error] Total Time Symmetries: 0
[error] Total Blocked Models: 0
[error] Total Solver Time: 0.3212158679962158
[error] Total Time Symmetries: 0
[error] Total Blocked Models: 0
[error] Total Solver Time: 0.4280877113342285
[error] Total Time Symmetries: 0
[error] Total Blocked Models: 0
[error] Total Solver Time: 0.375885009765625
[error] Total Time Symmetries: 0
[error] Total Blocked Models: 0
[error] Total Solver Time: 0.3857111930847168
[error] Total Time Symmetries: 0
[error] Total Blocked Models: 0
[error] Total Solver Time: 0.3699357509613037
[error] Total Time Symmetries: 0
[error] Total Blocked Models: 0
[error] Total Solver Time: 0.387376070022583
[error] Total Time Symmetries: 0
[error] Total Blocked Models: 0
[error] Total Solver Time: 0.5068697929382324
[error] Total Time Symmetries: 0
[error] Total Blocked Models: 0
[error] Total Solver Time: 0.43662405014038086
[error] Total Time Symmetries: 0
[error] Total Blocked Models: 0
[error] Total Solver Time: 0.43213963508605957
[error] Total Time Symmetries: 0
[error] Total Blocked Models: 0
[error] Total Time: 18.349722385406494
[error] Total Solver Time: 0.4452345371246338
[error] Total Time Symmetries: 0
[error] Total Blocked Models: 0
[info] No more queries to be tested. Solution not found!
[info] Increasing the number of lines of code.
[info] Lines of Code: 4
[error] Number of Nodes: 20 
[error] Number of Variables: 48
[error] Number of Constraints: 462
[error] Time spent encoding: 0.25898289680480957
[error] Total Solver Time: 0.44791746139526367
[error] Total Time Symmetries: 0
[error] Total Blocked Models: 0
[info] Synthesizing programs...
[error] Total Solver Time: 0.44796252250671387
[error] Total Time Symmetries: 0
[error] Total Blocked Models: 0
[error] Total Solver Time: 0.5855426788330078
[error] Total Time Symmetries: 0
[error] Total Blocked Models: 0
[error] Total Time: 19.895166158676147
[error] Total Solver Time: 0.622276782989502
[error] Total Time Symmetries: 0
[error] Total Blocked Models: 0
[info] No more queries to be tested. Solution not found!
[info] Increasing the number of lines of code.
[info] Lines of Code: 4
[error] Total Time: 20.013325929641724
[error] Total Solver Time: 0.4770946502685547
[error] Total Time Symmetries: 0
[error] Total Blocked Models: 0
[info] No more queries to be tested. Solution not found!
[info] Increasing the number of lines of code.
[info] Lines of Code: 4
[error] Number of Nodes: 20 
[error] Number of Variables: 48
[error] Number of Constraints: 462
[error] Time spent encoding: 0.27151918411254883
[error] Number of Nodes: 20 
[error] Number of Variables: 48
[error] Number of Constraints: 462
[error] Time spent encoding: 0.2578272819519043
[info] Synthesizing programs...
[info] Synthesizing programs...
[error] Total Time: 20.50530767440796
[error] Total Solver Time: 0.48865365982055664
[error] Total Time Symmetries: 0
[error] Total Blocked Models: 0
[info] No more queries to be tested. Solution not found!
[info] Increasing the number of lines of code.
[info] Lines of Code: 4
[error] Total Time: 20.578869581222534
[error] Total Solver Time: 0.4947319030761719
[error] Total Time Symmetries: 0
[error] Total Blocked Models: 0
[info] No more queries to be tested. Solution not found!
[info] Increasing the number of lines of code.
[info] Lines of Code: 4
[error] Number of Nodes: 20 
[error] Number of Variables: 48
[error] Number of Constraints: 462
[error] Time spent encoding: 0.2556138038635254
[info] Synthesizing programs...
[error] Number of Nodes: 20 
[error] Number of Variables: 48
[error] Number of Constraints: 462
[error] Time spent encoding: 0.2589559555053711
[info] Synthesizing programs...
[error] Total Solver Time: 0.06882119178771973
[error] Total Time Symmetries: 0
[error] Total Blocked Models: 0
[error] Total Solver Time: 0.07525897026062012
[error] Total Time Symmetries: 0
[error] Total Blocked Models: 0
[error] Total Solver Time: 0.07512354850769043
[error] Total Time Symmetries: 0
[error] Total Blocked Models: 0
[error] Total Solver Time: 0.18705248832702637
[error] Total Time Symmetries: 0
[error] Total Blocked Models: 0
[error] Total Solver Time: 0.07535481452941895
[error] Total Time Symmetries: 0
[error] Total Blocked Models: 0
[error] Total Solver Time: 0.14075016975402832
[error] Total Time Symmetries: 0
[error] Total Blocked Models: 0
[error] Total Solver Time: 0.15072298049926758
[error] Total Time Symmetries: 0
[error] Total Blocked Models: 0
[error] Total Solver Time: 0.15169405937194824
[error] Total Time Symmetries: 0
[error] Total Blocked Models: 0
[error] Total Solver Time: 0.14990782737731934
[error] Total Time Symmetries: 0
[error] Total Blocked Models: 0
[error] Total Solver Time: 0.28729844093322754
[error] Total Time Symmetries: 0
[error] Total Blocked Models: 0
[error] Total Solver Time: 0.21523213386535645
[error] Total Time Symmetries: 0
[error] Total Blocked Models: 0
[error] Total Solver Time: 0.22692632675170898
[error] Total Time Symmetries: 0
[error] Total Blocked Models: 0
[error] Total Solver Time: 0.22769498825073242
[error] Total Time Symmetries: 0
[error] Total Blocked Models: 0
[error] Total Solver Time: 0.3936460018157959
[error] Total Time Symmetries: 0
[error] Total Blocked Models: 0
[error] Total Solver Time: 0.22226786613464355
[error] Total Time Symmetries: 0
[error] Total Blocked Models: 0
[error] Total Solver Time: 0.30325961112976074
[error] Total Time Symmetries: 0
[error] Total Blocked Models: 0
[error] Total Solver Time: 0.2878530025482178
[error] Total Time Symmetries: 0
[error] Total Blocked Models: 0
[error] Total Solver Time: 0.3028099536895752
[error] Total Time Symmetries: 0
[error] Total Blocked Models: 0
[error] Total Solver Time: 0.37881994247436523
[error] Total Time Symmetries: 0
[error] Total Blocked Models: 0
[error] Total Solver Time: 0.5039045810699463
[error] Total Time Symmetries: 0
[error] Total Blocked Models: 0
[error] Total Solver Time: 0.29449963569641113
[error] Total Time Symmetries: 0
[error] Total Blocked Models: 0
[error] Total Solver Time: 0.363311767578125
[error] Total Time Symmetries: 0
[error] Total Blocked Models: 0
[error] Total Solver Time: 0.45478296279907227
[error] Total Time Symmetries: 0
[error] Total Blocked Models: 0
[error] Total Solver Time: 0.3757462501525879
[error] Total Time Symmetries: 0
[error] Total Blocked Models: 0
[error] Total Solver Time: 0.6165509223937988
[error] Total Time Symmetries: 0
[error] Total Blocked Models: 0
[error] Total Solver Time: 0.37073230743408203
[error] Total Time Symmetries: 0
[error] Total Blocked Models: 0
[error] Total Solver Time: 0.43711209297180176
[error] Total Time Symmetries: 0
[error] Total Blocked Models: 0
[error] Total Solver Time: 0.5308372974395752
[error] Total Time Symmetries: 0
[error] Total Blocked Models: 0
[error] Total Solver Time: 0.44827747344970703
[error] Total Time Symmetries: 0
[error] Total Blocked Models: 0
[error] Total Solver Time: 0.44659996032714844
[error] Total Time Symmetries: 0
[error] Total Blocked Models: 0
[error] Total Solver Time: 0.7290947437286377
[error] Total Time Symmetries: 0
[error] Total Blocked Models: 0
[error] Total Solver Time: 0.5120680332183838
[error] Total Time Symmetries: 0
[error] Total Blocked Models: 0
[error] Total Solver Time: 0.606623649597168
[error] Total Time Symmetries: 0
[error] Total Blocked Models: 0
[error] Total Solver Time: 0.5221462249755859
[error] Total Time Symmetries: 0
[error] Total Blocked Models: 0
[error] Total Solver Time: 0.521766185760498
[error] Total Time Symmetries: 0
[error] Total Blocked Models: 0
[error] Total Solver Time: 0.8406682014465332
[error] Total Time Symmetries: 0
[error] Total Blocked Models: 0
[error] Total Solver Time: 0.6853535175323486
[error] Total Time Symmetries: 0
[error] Total Blocked Models: 0
[error] Total Solver Time: 0.5850231647491455
[error] Total Time Symmetries: 0
[error] Total Blocked Models: 0
[error] Total Solver Time: 0.5965995788574219
[error] Total Time Symmetries: 0
[error] Total Blocked Models: 0
[error] Total Solver Time: 0.5963022708892822
[error] Total Time Symmetries: 0
[error] Total Blocked Models: 0
[error] Total Solver Time: 0.7650017738342285
[error] Total Time Symmetries: 0
[error] Total Blocked Models: 0
[error] Total Solver Time: 0.9542214870452881
[error] Total Time Symmetries: 0
[error] Total Blocked Models: 0
[error] Total Solver Time: 0.6597504615783691
[error] Total Time Symmetries: 0
[error] Total Blocked Models: 0
[error] Total Solver Time: 0.672691822052002
[error] Total Time Symmetries: 0
[error] Total Blocked Models: 0
[error] Total Solver Time: 0.673952579498291
[error] Total Time Symmetries: 0
[error] Total Blocked Models: 0
[error] Total Solver Time: 0.844900369644165
[error] Total Time Symmetries: 0
[error] Total Blocked Models: 0
[error] Total Solver Time: 0.7472751140594482
[error] Total Time Symmetries: 0
[error] Total Blocked Models: 0
[error] Total Solver Time: 0.7502281665802002
[error] Total Time Symmetries: 0
[error] Total Blocked Models: 0
[error] Total Solver Time: 0.7367923259735107
[error] Total Time Symmetries: 0
[error] Total Blocked Models: 0
[error] Total Solver Time: 1.0690069198608398
[error] Total Time Symmetries: 0
[error] Total Blocked Models: 0
[error] Total Solver Time: 0.9219334125518799
[error] Total Time Symmetries: 0
[error] Total Blocked Models: 0
[error] Total Solver Time: 0.8264060020446777
[error] Total Time Symmetries: 0
[error] Total Blocked Models: 0
[error] Total Solver Time: 0.822967529296875
[error] Total Time Symmetries: 0
[error] Total Blocked Models: 0
[error] Total Solver Time: 0.8147733211517334
[error] Total Time Symmetries: 0
[error] Total Blocked Models: 0
[error] Total Solver Time: 1.1964178085327148
[error] Total Time Symmetries: 0
[error] Total Blocked Models: 0
[error] Total Solver Time: 0.9985466003417969
[error] Total Time Symmetries: 0
[error] Total Blocked Models: 0
[error] Total Solver Time: 0.8910095691680908
[error] Total Time Symmetries: 0
[error] Total Blocked Models: 0
[error] Total Solver Time: 0.9026710987091064
[error] Total Time Symmetries: 0
[error] Total Blocked Models: 0
[error] Total Solver Time: 0.9002869129180908
[error] Total Time Symmetries: 0
[error] Total Blocked Models: 0
[error] Total Solver Time: 1.3388440608978271
[error] Total Time Symmetries: 0
[error] Total Blocked Models: 0
[error] Total Solver Time: 1.0750806331634521
[error] Total Time Symmetries: 0
[error] Total Blocked Models: 0
[error] Total Solver Time: 0.9674184322357178
[error] Total Time Symmetries: 0
[error] Total Blocked Models: 0
[error] Total Solver Time: 0.977724552154541
[error] Total Time Symmetries: 0
[error] Total Blocked Models: 0
[error] Total Solver Time: 0.9769432544708252
[error] Total Time Symmetries: 0
[error] Total Blocked Models: 0
[error] Total Solver Time: 1.4733991622924805
[error] Total Time Symmetries: 0
[error] Total Blocked Models: 0
[error] Total Solver Time: 1.1544485092163086
[error] Total Time Symmetries: 0
[error] Total Blocked Models: 0
[error] Total Solver Time: 1.053922176361084
[error] Total Time Symmetries: 0
[error] Total Blocked Models: 0
[error] Total Solver Time: 1.0516679286956787
[error] Total Time Symmetries: 0
[error] Total Blocked Models: 0
[error] Total Solver Time: 1.0422871112823486
[error] Total Time Symmetries: 0
[error] Total Blocked Models: 0
[error] Total Solver Time: 1.2341461181640625
[error] Total Time Symmetries: 0
[error] Total Blocked Models: 0
[error] Total Solver Time: 1.6117711067199707
[error] Total Time Symmetries: 0
[error] Total Blocked Models: 0
[error] Total Solver Time: 1.1310441493988037
[error] Total Time Symmetries: 0
[error] Total Blocked Models: 0
[error] Total Solver Time: 1.125999927520752
[error] Total Time Symmetries: 0
[error] Total Blocked Models: 0
[error] Total Solver Time: 1.1212539672851562
[error] Total Time Symmetries: 0
[error] Total Blocked Models: 0
[error] Total Solver Time: 1.3116672039031982
[error] Total Time Symmetries: 0
[error] Total Blocked Models: 0
[error] Total Solver Time: 1.753225326538086
[error] Total Time Symmetries: 0
[error] Total Blocked Models: 0
[error] Total Solver Time: 1.2073686122894287
[error] Total Time Symmetries: 0
[error] Total Blocked Models: 0
[error] Total Solver Time: 1.2022600173950195
[error] Total Time Symmetries: 0
[error] Total Blocked Models: 0
[error] Total Solver Time: 1.195235252380371
[error] Total Time Symmetries: 0
[error] Total Blocked Models: 0
[error] Total Solver Time: 1.8999242782592773
[error] Total Time Symmetries: 0
[error] Total Blocked Models: 0
[error] Total Solver Time: 1.3919987678527832
[error] Total Time Symmetries: 0
[error] Total Blocked Models: 0
[error] Total Solver Time: 1.284724473953247
[error] Total Time Symmetries: 0
[error] Total Blocked Models: 0
[error] Total Solver Time: 1.281038522720337
[error] Total Time Symmetries: 0
[error] Total Blocked Models: 0
[error] Total Solver Time: 1.2674736976623535
[error] Total Time Symmetries: 0
[error] Total Blocked Models: 0
[error] Total Solver Time: 1.3601434230804443
[error] Total Time Symmetries: 0
[error] Total Blocked Models: 0
[error] Total Solver Time: 2.046053409576416
[error] Total Time Symmetries: 0
[error] Total Blocked Models: 0
[error] Total Solver Time: 1.3622980117797852
[error] Total Time Symmetries: 0
[error] Total Blocked Models: 0
[error] Total Solver Time: 1.4719476699829102
[error] Total Time Symmetries: 0
[error] Total Blocked Models: 0
[error] Total Solver Time: 1.4373247623443604
[error] Total Time Symmetries: 0
[error] Total Blocked Models: 0
[error] Total Solver Time: 2.20072078704834
[error] Total Time Symmetries: 0
[error] Total Blocked Models: 0
[error] Total Solver Time: 1.5485212802886963
[error] Total Time Symmetries: 0
[error] Total Blocked Models: 0
[error] Total Solver Time: 1.3411617279052734
[error] Total Time Symmetries: 0
[error] Total Blocked Models: 0
[error] Total Solver Time: 1.4403395652770996
[error] Total Time Symmetries: 0
[error] Total Blocked Models: 0
[error] Total Solver Time: 1.5185768604278564
[error] Total Time Symmetries: 0
[error] Total Blocked Models: 0
[error] Total Solver Time: 1.6264185905456543
[error] Total Time Symmetries: 0
[error] Total Blocked Models: 0
[error] Total Solver Time: 1.4235007762908936
[error] Total Time Symmetries: 0
[error] Total Blocked Models: 0
[error] Total Solver Time: 1.5172080993652344
[error] Total Time Symmetries: 0
[error] Total Blocked Models: 0
[error] Total Solver Time: 2.3568925857543945
[error] Total Time Symmetries: 0
[error] Total Blocked Models: 0
[error] Total Solver Time: 1.5950212478637695
[error] Total Time Symmetries: 0
[error] Total Blocked Models: 0
[error] Total Solver Time: 1.7049305438995361
[error] Total Time Symmetries: 0
[error] Total Blocked Models: 0
[error] Total Solver Time: 1.5941972732543945
[error] Total Time Symmetries: 0
[error] Total Blocked Models: 0
[error] Total Solver Time: 1.5050127506256104
[error] Total Time Symmetries: 0
[error] Total Blocked Models: 0
[error] Total Solver Time: 2.515660524368286
[error] Total Time Symmetries: 0
[error] Total Blocked Models: 0
[error] Total Solver Time: 1.6731345653533936
[error] Total Time Symmetries: 0
[error] Total Blocked Models: 0
[error] Total Solver Time: 1.7832000255584717
[error] Total Time Symmetries: 0
[error] Total Blocked Models: 0
[error] Total Solver Time: 1.58060884475708
[error] Total Time Symmetries: 0
[error] Total Blocked Models: 0
[error] Total Solver Time: 1.667388916015625
[error] Total Time Symmetries: 0
[error] Total Blocked Models: 0
[error] Total Solver Time: 2.674342632293701
[error] Total Time Symmetries: 0
[error] Total Blocked Models: 0
[error] Total Solver Time: 1.7460894584655762
[error] Total Time Symmetries: 0
[error] Total Blocked Models: 0
[error] Total Solver Time: 1.8595912456512451
[error] Total Time Symmetries: 0
[error] Total Blocked Models: 0
[error] Total Solver Time: 1.6583843231201172
[error] Total Time Symmetries: 0
[error] Total Blocked Models: 0
[error] Total Solver Time: 2.835869312286377
[error] Total Time Symmetries: 0
[error] Total Blocked Models: 0
[error] Total Solver Time: 1.7412970066070557
[error] Total Time Symmetries: 0
[error] Total Blocked Models: 0
[error] Total Solver Time: 1.8224096298217773
[error] Total Time Symmetries: 0
[error] Total Blocked Models: 0
[error] Total Solver Time: 1.9357142448425293
[error] Total Time Symmetries: 0
[error] Total Blocked Models: 0
[error] Total Solver Time: 1.7358372211456299
[error] Total Time Symmetries: 0
[error] Total Blocked Models: 0
[error] Total Solver Time: 1.8196039199829102
[error] Total Time Symmetries: 0
[error] Total Blocked Models: 0
[error] Total Solver Time: 3.0022387504577637
[error] Total Time Symmetries: 0
[error] Total Blocked Models: 0
[error] Total Solver Time: 2.0155510902404785
[error] Total Time Symmetries: 0
[error] Total Blocked Models: 0
[error] Total Solver Time: 1.9019711017608643
[error] Total Time Symmetries: 0
[error] Total Blocked Models: 0
[error] Total Solver Time: 1.814232587814331
[error] Total Time Symmetries: 0
[error] Total Blocked Models: 0
[error] Total Solver Time: 1.8980674743652344
[error] Total Time Symmetries: 0
[error] Total Blocked Models: 0
[error] Total Solver Time: 3.1690194606781006
[error] Total Time Symmetries: 0
[error] Total Blocked Models: 0
[error] Total Solver Time: 2.0934524536132812
[error] Total Time Symmetries: 0
[error] Total Blocked Models: 0
[error] Total Solver Time: 1.9812064170837402
[error] Total Time Symmetries: 0
[error] Total Blocked Models: 0
[error] Total Solver Time: 1.897477149963379
[error] Total Time Symmetries: 0
[error] Total Blocked Models: 0
[error] Total Solver Time: 1.976848840713501
[error] Total Time Symmetries: 0
[error] Total Blocked Models: 0
[error] Total Solver Time: 3.359062671661377
[error] Total Time Symmetries: 0
[error] Total Blocked Models: 0
[error] Total Solver Time: 2.0599663257598877
[error] Total Time Symmetries: 0
[error] Total Blocked Models: 0
[error] Total Solver Time: 2.1727547645568848
[error] Total Time Symmetries: 0
[error] Total Blocked Models: 0
[error] Total Solver Time: 2.0545432567596436
[error] Total Time Symmetries: 0
[error] Total Blocked Models: 0
[error] Total Solver Time: 1.9752328395843506
[error] Total Time Symmetries: 0
[error] Total Blocked Models: 0
[error] Total Solver Time: 2.1383345127105713
[error] Total Time Symmetries: 0
[error] Total Blocked Models: 0
[error] Total Solver Time: 2.2509653568267822
[error] Total Time Symmetries: 0
[error] Total Blocked Models: 0
[error] Total Solver Time: 3.541053056716919
[error] Total Time Symmetries: 0
[error] Total Blocked Models: 0
[error] Total Solver Time: 2.133082866668701
[error] Total Time Symmetries: 0
[error] Total Blocked Models: 0
[error] Total Solver Time: 2.0538580417633057
[error] Total Time Symmetries: 0
[error] Total Blocked Models: 0
[error] Total Solver Time: 2.2149932384490967
[error] Total Time Symmetries: 0
[error] Total Blocked Models: 0
[error] Total Solver Time: 3.7316715717315674
[error] Total Time Symmetries: 0
[error] Total Blocked Models: 0
[error] Total Solver Time: 2.212644338607788
[error] Total Time Symmetries: 0
[error] Total Blocked Models: 0
[error] Total Solver Time: 2.324249267578125
[error] Total Time Symmetries: 0
[error] Total Blocked Models: 0
[error] Total Solver Time: 2.1330976486206055
[error] Total Time Symmetries: 0
[error] Total Blocked Models: 0
[error] Total Solver Time: 2.298064947128296
[error] Total Time Symmetries: 0
[error] Total Blocked Models: 0
[error] Total Solver Time: 3.9211413860321045
[error] Total Time Symmetries: 0
[error] Total Blocked Models: 0
[error] Total Solver Time: 2.291567802429199
[error] Total Time Symmetries: 0
[error] Total Blocked Models: 0
[error] Total Solver Time: 2.4017324447631836
[error] Total Time Symmetries: 0
[error] Total Blocked Models: 0
[error] Total Solver Time: 2.210808277130127
[error] Total Time Symmetries: 0
[error] Total Blocked Models: 0
[error] Total Solver Time: 2.379305601119995
[error] Total Time Symmetries: 0
[error] Total Blocked Models: 0
[error] Total Solver Time: 4.110303163528442
[error] Total Time Symmetries: 0
[error] Total Blocked Models: 0
[error] Total Solver Time: 2.372244358062744
[error] Total Time Symmetries: 0
[error] Total Blocked Models: 0
[error] Total Solver Time: 2.479583740234375
[error] Total Time Symmetries: 0
[error] Total Blocked Models: 0
[error] Total Solver Time: 2.291339159011841
[error] Total Time Symmetries: 0
[error] Total Blocked Models: 0
[error] Total Solver Time: 4.304670810699463
[error] Total Time Symmetries: 0
[error] Total Blocked Models: 0
[error] Total Solver Time: 2.4583051204681396
[error] Total Time Symmetries: 0
[error] Total Blocked Models: 0
[error] Total Solver Time: 2.450655221939087
[error] Total Time Symmetries: 0
[error] Total Blocked Models: 0
[error] Total Solver Time: 2.5562198162078857
[error] Total Time Symmetries: 0
[error] Total Blocked Models: 0
[error] Total Solver Time: 2.371137857437134
[error] Total Time Symmetries: 0
[error] Total Blocked Models: 0
[error] Total Solver Time: 2.535280227661133
[error] Total Time Symmetries: 0
[error] Total Blocked Models: 0
[error] Total Solver Time: 4.506612062454224
[error] Total Time Symmetries: 0
[error] Total Blocked Models: 0
[error] Total Solver Time: 2.529366970062256
[error] Total Time Symmetries: 0
[error] Total Blocked Models: 0
[error] Total Solver Time: 2.633554458618164
[error] Total Time Symmetries: 0
[error] Total Blocked Models: 0
[error] Total Solver Time: 2.449711561203003
[error] Total Time Symmetries: 0
[error] Total Blocked Models: 0
[error] Total Solver Time: 2.6141703128814697
[error] Total Time Symmetries: 0
[error] Total Blocked Models: 0
[error] Total Solver Time: 4.715397596359253
[error] Total Time Symmetries: 0
[error] Total Blocked Models: 0
[error] Total Solver Time: 2.607107639312744
[error] Total Time Symmetries: 0
[error] Total Blocked Models: 0
[error] Total Solver Time: 2.713823080062866
[error] Total Time Symmetries: 0
[error] Total Blocked Models: 0
[error] Total Solver Time: 2.5293796062469482
[error] Total Time Symmetries: 0
[error] Total Blocked Models: 0
[error] Total Solver Time: 2.694622278213501
[error] Total Time Symmetries: 0
[error] Total Blocked Models: 0
[error] Total Solver Time: 4.919657945632935
[error] Total Time Symmetries: 0
[error] Total Blocked Models: 0
[error] Total Solver Time: 2.6853837966918945
[error] Total Time Symmetries: 0
[error] Total Blocked Models: 0
[error] Total Solver Time: 2.791598081588745
[error] Total Time Symmetries: 0
[error] Total Blocked Models: 0
[error] Total Solver Time: 2.6097254753112793
[error] Total Time Symmetries: 0
[error] Total Blocked Models: 0
[error] Total Solver Time: 2.773212194442749
[error] Total Time Symmetries: 0
[error] Total Blocked Models: 0
[error] Total Solver Time: 5.133616924285889
[error] Total Time Symmetries: 0
[error] Total Blocked Models: 0
[error] Total Solver Time: 2.7637572288513184
[error] Total Time Symmetries: 0
[error] Total Blocked Models: 0
[error] Total Solver Time: 2.870713472366333
[error] Total Time Symmetries: 0
[error] Total Blocked Models: 0
[error] Total Solver Time: 2.8552207946777344
[error] Total Time Symmetries: 0
[error] Total Blocked Models: 0
[error] Total Solver Time: 2.689135789871216
[error] Total Time Symmetries: 0
[error] Total Blocked Models: 0
[error] Total Solver Time: 5.360425710678101
[error] Total Time Symmetries: 0
[error] Total Blocked Models: 0
[error] Total Solver Time: 2.8407652378082275
[error] Total Time Symmetries: 0
[error] Total Blocked Models: 0
[error] Total Solver Time: 2.9493961334228516
[error] Total Time Symmetries: 0
[error] Total Blocked Models: 0
[error] Total Solver Time: 2.935575246810913
[error] Total Time Symmetries: 0
[error] Total Blocked Models: 0
[error] Total Solver Time: 2.7692556381225586
[error] Total Time Symmetries: 0
[error] Total Blocked Models: 0
[error] Total Solver Time: 2.9194412231445312
[error] Total Time Symmetries: 0
[error] Total Blocked Models: 0
[error] Total Solver Time: 5.575481176376343
[error] Total Time Symmetries: 0
[error] Total Blocked Models: 0
[error] Total Solver Time: 3.0266377925872803
[error] Total Time Symmetries: 0
[error] Total Blocked Models: 0
[error] Total Solver Time: 2.8483455181121826
[error] Total Time Symmetries: 0
[error] Total Blocked Models: 0
[error] Total Solver Time: 3.026677131652832
[error] Total Time Symmetries: 0
[error] Total Blocked Models: 0
[error] Total Solver Time: 2.9976868629455566
[error] Total Time Symmetries: 0
[error] Total Blocked Models: 0
[error] Total Solver Time: 3.1057493686676025
[error] Total Time Symmetries: 0
[error] Total Blocked Models: 0
[error] Total Solver Time: 5.804222822189331
[error] Total Time Symmetries: 0
[error] Total Blocked Models: 0
[error] Total Solver Time: 3.1218016147613525
[error] Total Time Symmetries: 0
[error] Total Blocked Models: 0
[error] Total Solver Time: 2.9301676750183105
[error] Total Time Symmetries: 0
[error] Total Blocked Models: 0
[error] Total Solver Time: 3.076244831085205
[error] Total Time Symmetries: 0
[error] Total Blocked Models: 0
[error] Total Solver Time: 3.1854140758514404
[error] Total Time Symmetries: 0
[error] Total Blocked Models: 0
[error] Total Solver Time: 3.2024033069610596
[error] Total Time Symmetries: 0
[error] Total Blocked Models: 0
[error] Total Solver Time: 6.048030376434326
[error] Total Time Symmetries: 0
[error] Total Blocked Models: 0
[error] Total Solver Time: 3.1564557552337646
[error] Total Time Symmetries: 0
[error] Total Blocked Models: 0
[error] Total Solver Time: 3.009918451309204
[error] Total Time Symmetries: 0
[error] Total Blocked Models: 0
[error] Total Solver Time: 3.2637832164764404
[error] Total Time Symmetries: 0
[error] Total Blocked Models: 0
[error] Total Solver Time: 3.2361254692077637
[error] Total Time Symmetries: 0
[error] Total Blocked Models: 0
[error] Total Solver Time: 3.0888028144836426
[error] Total Time Symmetries: 0
[error] Total Blocked Models: 0
[error] Total Solver Time: 3.2833340167999268
[error] Total Time Symmetries: 0
[error] Total Blocked Models: 0
[error] Total Solver Time: 6.2863383293151855
[error] Total Time Symmetries: 0
[error] Total Blocked Models: 0
[error] Total Solver Time: 3.315363645553589
[error] Total Time Symmetries: 0
[error] Total Blocked Models: 0
[error] Total Solver Time: 3.3438827991485596
[error] Total Time Symmetries: 0
[error] Total Blocked Models: 0
[error] Total Solver Time: 3.376920700073242
[error] Total Time Symmetries: 0
[error] Total Blocked Models: 0
[error] Total Solver Time: 3.1663172245025635
[error] Total Time Symmetries: 0
[error] Total Blocked Models: 0
[error] Total Solver Time: 6.529792785644531
[error] Total Time Symmetries: 0
[error] Total Blocked Models: 0
[error] Total Solver Time: 3.394923448562622
[error] Total Time Symmetries: 0
[error] Total Blocked Models: 0
[error] Total Solver Time: 3.42375111579895
[error] Total Time Symmetries: 0
[error] Total Blocked Models: 0
[error] Total Solver Time: 3.4595260620117188
[error] Total Time Symmetries: 0
[error] Total Blocked Models: 0
[error] Total Solver Time: 3.249743938446045
[error] Total Time Symmetries: 0
[error] Total Blocked Models: 0
[error] Total Solver Time: 6.772266149520874
[error] Total Time Symmetries: 0
[error] Total Blocked Models: 0
[error] Total Solver Time: 3.474904775619507
[error] Total Time Symmetries: 0
[error] Total Blocked Models: 0
[error] Total Solver Time: 3.4966678619384766
[error] Total Time Symmetries: 0
[error] Total Blocked Models: 0
[error] Total Solver Time: 3.5351953506469727
[error] Total Time Symmetries: 0
[error] Total Blocked Models: 0
[error] Total Solver Time: 3.3323261737823486
[error] Total Time Symmetries: 0
[error] Total Blocked Models: 0
[error] Total Solver Time: 3.5572149753570557
[error] Total Time Symmetries: 0
[error] Total Blocked Models: 0
[error] Total Solver Time: 3.5738229751586914
[error] Total Time Symmetries: 0
[error] Total Blocked Models: 0
[error] Total Solver Time: 3.6178433895111084
[error] Total Time Symmetries: 0
[error] Total Blocked Models: 0
[error] Total Solver Time: 7.018352508544922
[error] Total Time Symmetries: 0
[error] Total Blocked Models: 0
[error] Total Solver Time: 3.413768768310547
[error] Total Time Symmetries: 0
[error] Total Blocked Models: 0
[error] Total Solver Time: 3.5889880657196045
[error] Total Time Symmetries: 0
[error] Total Blocked Models: 0
[error] Total Time: 137.38622045516968
[info] Solution found: select(inner_join3(summariseGrouped(@param0, mincost = min(cost), P_id, S_key), @param1, summariseGrouped(@param0, mincost = min(cost), P_id)), P_id,S_name, )
[debug] Solution found using process 3: Config(disabled=[], alt_empty_pos=False, shuffle_cols=False, z3_sat_phase='always_true', z3_QF_FD=True)

------------------------------------- R Solution ---------------------------------------

con <- DBI::dbConnect(RSQLite::SQLite(), ":memory:")
input1 <- read.table("tests-examples/cp19/tables/17-1.txt", sep=",", header=T)
input1 <- copy_to(con, input1)
input2 <- read.table("tests-examples/cp19/tables/17-3.txt", sep=",", header=T)
input2 <- copy_to(con, input2)
expected_output <- read.table("tests-examples/cp19/tables/53.out", sep =",", header=T)

RET_DF8540 <- input1 %>% group_by(P_id, S_key) %>% summarise(mincost = min(cost))
RET_DF8541 <- input1 %>% group_by(P_id) %>% summarise(mincost = min(cost))
RET_DF8542 <- inner_join(inner_join(RET_DF8540, input2), RET_DF8541)
RET_DF8543 <- RET_DF8542 %>% ungroup() %>% select(P_id,S_name)


+++++++++++++++++++++++++++++++++++++ SQL Solution +++++++++++++++++++++++++++++++++++++

SELECT `P_id`,
       `S_name`
FROM
  (SELECT `P_id`,
          `S_key`,
          `mincost`,
          `S_name`
   FROM
     (SELECT `P_id`,
             `S_key`,
             `mincost`,
             `S_name`
      FROM
        (SELECT `P_id`,
                `S_key`,
                MIN(`cost`) AS `mincost`
         FROM `input1`
         GROUP BY `P_id`,
                  `S_key`) AS `LHS`
      INNER JOIN `input2` AS `RHS` ON (`LHS`.`S_key` = `RHS`.`S_key`)) AS `LHS`
   INNER JOIN
     (SELECT `P_id`,
             MIN(`cost`) AS `mincost`
      FROM `input1`
      GROUP BY `P_id`) AS `RHS` ON (`LHS`.`P_id` = `RHS`.`P_id`
                                    AND `LHS`.`mincost` = `RHS`.`mincost`))
