[info] Parsing specification...
[info] Parsing specification...
[debug] Reading input files...
[info] Parsing specification...
[info] Parsing specification...
[info] Parsing specification...
[debug] Reading input files...
[debug] Reading input files...
[debug] Reading input files...
[debug] Generating DSL...
[debug] Reading input files...
[info] Parsing succeeded
[info] Building synthesizer...
[info] Lines of Code: 1
[debug] Generating DSL...
[debug] Generating DSL...
[debug] Generating DSL...
[debug] Generating DSL...
[info] Parsing succeeded
[info] Building synthesizer...
[info] Lines of Code: 1
[info] Parsing succeeded
[info] Building synthesizer...
[info] Lines of Code: 1
[info] Parsing succeeded
[info] Building synthesizer...
[info] Lines of Code: 1
[info] Parsing succeeded
[info] Building synthesizer...
[info] Lines of Code: 1
[error] Number of Nodes: 5 
[error] Number of Variables: 6
[error] Number of Constraints: 59
[error] Time spent encoding: 0.06729531288146973
[error] UNSAT : There is no solution for current depth (loc=0), try to increase it (e.g. loc=1).
[info] Synthesizing programs...
[error] Total Time: 0.009182929992675781
[error] Total Solver Time: 0.009163379669189453
[error] Total Time Symmetries: 0
[error] Total Blocked Models: 0
[info] No more queries to be tested. Solution not found!
[info] Increasing the number of lines of code.
[info] Lines of Code: 2
[error] Number of Nodes: 5 
[error] Number of Variables: 6
[error] Number of Constraints: 59
[error] Time spent encoding: 0.060365915298461914
[error] Number of Nodes: 5 
[error] Number of Variables: 6
[error] Number of Constraints: 59
[error] Time spent encoding: 0.06115269660949707
[error] Number of Nodes: 5 
[error] Number of Variables: 6
[error] Number of Constraints: 59
[error] Time spent encoding: 0.06174826622009277
[error] Number of Nodes: 5 
[error] Number of Variables: 6
[error] Number of Constraints: 59
[error] Time spent encoding: 0.06090497970581055
[error] UNSAT : There is no solution for current depth (loc=0), try to increase it (e.g. loc=1).
[info] Synthesizing programs...
[error] Total Time: 3.647804260253906e-05
[error] Total Solver Time: 2.6941299438476562e-05
[error] Total Time Symmetries: 0
[error] Total Blocked Models: 0
[info] No more queries to be tested. Solution not found!
[info] Increasing the number of lines of code.
[info] Lines of Code: 2
[error] UNSAT : There is no solution for current depth (loc=0), try to increase it (e.g. loc=1).
[info] Synthesizing programs...
[error] Total Time: 4.172325134277344e-05
[error] Total Solver Time: 3.0279159545898438e-05
[error] Total Time Symmetries: 0
[error] Total Blocked Models: 0
[error] UNSAT : There is no solution for current depth (loc=0), try to increase it (e.g. loc=1).
[info] No more queries to be tested. Solution not found!
[info] Increasing the number of lines of code.
[info] Synthesizing programs...
[info] Lines of Code: 2
[error] Total Time: 3.695487976074219e-05
[error] Total Solver Time: 2.6941299438476562e-05
[error] Total Time Symmetries: 0
[error] Total Blocked Models: 0
[info] No more queries to be tested. Solution not found!
[info] Increasing the number of lines of code.
[info] Lines of Code: 2
[error] UNSAT : There is no solution for current depth (loc=0), try to increase it (e.g. loc=1).
[info] Synthesizing programs...
[error] Total Time: 3.886222839355469e-05
[error] Total Solver Time: 2.765655517578125e-05
[error] Total Time Symmetries: 0
[error] Total Blocked Models: 0
[info] No more queries to be tested. Solution not found!
[info] Increasing the number of lines of code.
[info] Lines of Code: 2
[error] Number of Nodes: 10 
[error] Number of Variables: 16
[error] Number of Constraints: 159
[error] Time spent encoding: 0.14099431037902832
[error] Number of Nodes: 10 
[error] Number of Variables: 16
[error] Number of Constraints: 159
[error] Time spent encoding: 0.13590002059936523
[error] Number of Nodes: 10 
[error] Number of Variables: 16
[error] Number of Constraints: 159
[error] Time spent encoding: 0.1356186866760254
[error] Number of Nodes: 10 
[error] Number of Variables: 16
[error] Number of Constraints: 159
[error] Time spent encoding: 0.13638043403625488
[error] Number of Nodes: 10 
[error] Number of Variables: 16
[error] Number of Constraints: 159
[error] Time spent encoding: 0.13558387756347656
[error] UNSAT : There is no solution for current depth (loc=1), try to increase it (e.g. loc=2).
[info] Synthesizing programs...
[error] Total Time: 3.9577484130859375e-05
[error] Total Solver Time: 3.2901763916015625e-05
[error] Total Time Symmetries: 0
[error] Total Blocked Models: 0
[info] No more queries to be tested. Solution not found!
[info] Increasing the number of lines of code.
[info] Lines of Code: 3
[error] UNSAT : There is no solution for current depth (loc=1), try to increase it (e.g. loc=2).
[info] Synthesizing programs...
[error] Total Time: 3.4809112548828125e-05
[error] Total Solver Time: 2.9087066650390625e-05
[error] Total Time Symmetries: 0
[error] Total Blocked Models: 0
[info] No more queries to be tested. Solution not found!
[info] Increasing the number of lines of code.
[info] Lines of Code: 3
[error] UNSAT : There is no solution for current depth (loc=1), try to increase it (e.g. loc=2).
[info] Synthesizing programs...
[error] Total Time: 3.719329833984375e-05
[error] Total Solver Time: 3.123283386230469e-05
[error] Total Time Symmetries: 0
[error] Total Blocked Models: 0
[info] No more queries to be tested. Solution not found!
[info] Increasing the number of lines of code.
[info] Lines of Code: 3
[error] UNSAT : There is no solution for current depth (loc=1), try to increase it (e.g. loc=2).
[info] Synthesizing programs...
[error] Total Time: 3.552436828613281e-05
[error] Total Solver Time: 2.956390380859375e-05
[error] Total Time Symmetries: 0
[error] Total Blocked Models: 0
[info] No more queries to be tested. Solution not found!
[info] Increasing the number of lines of code.
[info] Lines of Code: 3
[error] UNSAT : There is no solution for current depth (loc=1), try to increase it (e.g. loc=2).
[info] Synthesizing programs...
[error] Total Time: 0.04513072967529297
[error] Total Solver Time: 0.04511666297912598
[error] Total Time Symmetries: 0
[error] Total Blocked Models: 0
[info] No more queries to be tested. Solution not found!
[info] Increasing the number of lines of code.
[info] Lines of Code: 3
[error] Number of Nodes: 15 
[error] Number of Variables: 30
[error] Number of Constraints: 303
[error] Time spent encoding: 0.22986078262329102
[error] Number of Nodes: 15 
[error] Number of Variables: 30
[error] Number of Constraints: 303
[error] Time spent encoding: 0.2319650650024414
[error] Number of Nodes: 15 
[error] Number of Variables: 30
[error] Number of Constraints: 303
[error] Time spent encoding: 0.2314608097076416
[error] Number of Nodes: 15 
[error] Number of Variables: 30
[error] Number of Constraints: 303
[error] Time spent encoding: 0.23073792457580566
[info] Synthesizing programs...
[info] Synthesizing programs...
[info] Synthesizing programs...
[info] Synthesizing programs...
[error] Number of Nodes: 15 
[error] Number of Variables: 30
[error] Number of Constraints: 303
[error] Time spent encoding: 0.23934054374694824
[info] Synthesizing programs...
[error] Total Solver Time: 0.07194256782531738
[error] Total Time Symmetries: 0
[error] Total Blocked Models: 0
[error] Total Solver Time: 0.07085347175598145
[error] Total Time Symmetries: 0
[error] Total Blocked Models: 0
[error] Total Solver Time: 0.0763998031616211
[error] Total Time Symmetries: 0
[error] Total Blocked Models: 0
[error] Total Solver Time: 0.07732367515563965
[error] Total Time Symmetries: 0
[error] Total Blocked Models: 0
[error] Total Solver Time: 0.3598172664642334
[error] Total Time Symmetries: 0
[error] Total Blocked Models: 0
[error] Total Solver Time: 0.09218144416809082
[error] Total Time Symmetries: 0
[error] Total Blocked Models: 0
[error] Total Time: 4.052506923675537
[info] Solution found: select(filters(inner_join3(@param1, @param2, @param0), salary >= 150000, eid > 550000000, &), ename, distinct)
[debug] Solution found using process 4: Config(disabled=[], alt_empty_pos=False, shuffle_cols=False, z3_sat_phase='random', z3_QF_FD=True)

------------------------------------- R Solution ---------------------------------------

con <- DBI::dbConnect(RSQLite::SQLite(), ":memory:")
input1 <- read.table("tests-examples/cp19/tables/aircraft.txt", sep=",", header=T)
input1 <- copy_to(con, input1)
input2 <- read.table("tests-examples/cp19/tables/employees.txt", sep=",", header=T)
input2 <- copy_to(con, input2)
input3 <- read.table("tests-examples/cp19/tables/certified.txt", sep=",", header=T)
input3 <- copy_to(con, input3)
expected_output <- read.table("tests-examples/cp19/tables/26.out", sep =",", header=T)

RET_DF271 <- inner_join(inner_join(input2, input3), input1)
RET_DF272 <- RET_DF271 %>% ungroup() %>% filter(salary >= 150000 & eid > 550000000)
RET_DF273 <- RET_DF272 %>% ungroup() %>% select(ename) %>% distinct()


+++++++++++++++++++++++++++++++++++++ SQL Solution +++++++++++++++++++++++++++++++++++++

SELECT DISTINCT `ename`
FROM
  (SELECT `eid`,
          `ename`,
          `salary`,
          `aid`,
          `aname`,
          `crusingrange`
   FROM
     (SELECT `eid`,
             `ename`,
             `salary`,
             `aid`
      FROM `input2` AS `LHS`
      INNER JOIN `input3` AS `RHS` ON (`LHS`.`eid` = `RHS`.`eid`)) AS `LHS`
   INNER JOIN `input1` AS `RHS` ON (`LHS`.`aid` = `RHS`.`aid`))
WHERE (`salary` >= 150000.0
       AND `eid` > 550000000.0)
