[info] Parsing specification...
[info] Parsing specification...
[debug] Reading input files...
[info] Parsing specification...
[info] Parsing specification...
[debug] Reading input files...
[info] Parsing specification...
[debug] Reading input files...
[debug] Reading input files...
[debug] Reading input files...
[debug] Generating DSL...
[debug] Generating DSL...
[debug] Generating DSL...
[debug] Generating DSL...
[info] Parsing succeeded
[info] Building synthesizer...
[info] Lines of Code: 1
[debug] Generating DSL...
[info] Parsing succeeded
[info] Building synthesizer...
[info] Lines of Code: 1
[info] Parsing succeeded
[info] Building synthesizer...
[info] Lines of Code: 1
[info] Parsing succeeded
[info] Building synthesizer...
[info] Lines of Code: 1
[info] Parsing succeeded
[info] Building synthesizer...
[info] Lines of Code: 1
[error] Number of Nodes: 5 
[error] Number of Variables: 6
[error] Number of Constraints: 62
[error] Time spent encoding: 0.03775739669799805
[error] UNSAT : There is no solution for current depth (loc=0), try to increase it (e.g. loc=1).
[info] Synthesizing programs...
[error] Total Time: 3.600120544433594e-05
[error] Total Solver Time: 2.5033950805664062e-05
[error] Total Time Symmetries: 0
[error] Total Blocked Models: 0
[info] No more queries to be tested. Solution not found!
[info] Increasing the number of lines of code.
[info] Lines of Code: 2
[error] Number of Nodes: 5 
[error] Number of Variables: 6
[error] Number of Constraints: 62
[error] Time spent encoding: 0.042987823486328125
[error] UNSAT : There is no solution for current depth (loc=0), try to increase it (e.g. loc=1).
[info] Synthesizing programs...
[error] Total Time: 3.6716461181640625e-05
[error] Total Solver Time: 2.6464462280273438e-05
[error] Total Time Symmetries: 0
[error] Total Blocked Models: 0
[info] No more queries to be tested. Solution not found!
[info] Increasing the number of lines of code.
[info] Lines of Code: 2
[error] Number of Nodes: 5 
[error] Number of Variables: 6
[error] Number of Constraints: 62
[error] Time spent encoding: 0.04043722152709961
[error] UNSAT : There is no solution for current depth (loc=0), try to increase it (e.g. loc=1).
[info] Synthesizing programs...
[error] Total Time: 3.528594970703125e-05
[error] Total Solver Time: 2.5033950805664062e-05
[error] Total Time Symmetries: 0
[error] Total Blocked Models: 0
[info] No more queries to be tested. Solution not found!
[info] Increasing the number of lines of code.
[info] Lines of Code: 2
[error] Number of Nodes: 5 
[error] Number of Variables: 6
[error] Number of Constraints: 62
[error] Time spent encoding: 0.04053187370300293
[error] Number of Nodes: 5 
[error] Number of Variables: 6
[error] Number of Constraints: 62
[error] Time spent encoding: 0.044946908950805664
[error] UNSAT : There is no solution for current depth (loc=0), try to increase it (e.g. loc=1).
[info] Synthesizing programs...
[error] Total Time: 3.5762786865234375e-05
[error] Total Solver Time: 2.47955322265625e-05
[error] Total Time Symmetries: 0
[error] Total Blocked Models: 0
[info] No more queries to be tested. Solution not found!
[info] Increasing the number of lines of code.
[info] Lines of Code: 2
[error] UNSAT : There is no solution for current depth (loc=0), try to increase it (e.g. loc=1).
[info] Synthesizing programs...
[error] Total Time: 0.005867719650268555
[error] Total Solver Time: 0.0058498382568359375
[error] Total Time Symmetries: 0
[error] Total Blocked Models: 0
[info] No more queries to be tested. Solution not found!
[info] Increasing the number of lines of code.
[info] Lines of Code: 2
[error] Number of Nodes: 10 
[error] Number of Variables: 16
[error] Number of Constraints: 169
[error] Time spent encoding: 0.09274673461914062
[error] UNSAT : There is no solution for current depth (loc=1), try to increase it (e.g. loc=2).
[info] Synthesizing programs...
[error] Total Time: 3.170967102050781e-05
[error] Total Solver Time: 2.6464462280273438e-05
[error] Total Time Symmetries: 0
[error] Total Blocked Models: 0
[info] No more queries to be tested. Solution not found!
[info] Increasing the number of lines of code.
[info] Lines of Code: 3
[error] Number of Nodes: 10 
[error] Number of Variables: 16
[error] Number of Constraints: 169
[error] Time spent encoding: 0.09278011322021484
[error] UNSAT : There is no solution for current depth (loc=1), try to increase it (e.g. loc=2).
[info] Synthesizing programs...
[error] Total Time: 3.2901763916015625e-05
[error] Total Solver Time: 2.6941299438476562e-05
[error] Total Time Symmetries: 0
[error] Total Blocked Models: 0
[info] No more queries to be tested. Solution not found!
[info] Increasing the number of lines of code.
[info] Lines of Code: 3
[error] Number of Nodes: 10 
[error] Number of Variables: 16
[error] Number of Constraints: 169
[error] Time spent encoding: 0.09334921836853027
[error] Number of Nodes: 10 
[error] Number of Variables: 16
[error] Number of Constraints: 169
[error] Time spent encoding: 0.09154653549194336
[error] UNSAT : There is no solution for current depth (loc=1), try to increase it (e.g. loc=2).
[info] Synthesizing programs...
[error] Total Time: 3.24249267578125e-05
[error] Total Solver Time: 2.6226043701171875e-05
[error] Total Time Symmetries: 0
[error] Total Blocked Models: 0
[info] No more queries to be tested. Solution not found!
[info] Increasing the number of lines of code.
[info] Lines of Code: 3
[error] UNSAT : There is no solution for current depth (loc=1), try to increase it (e.g. loc=2).
[info] Synthesizing programs...
[error] Total Time: 3.147125244140625e-05
[error] Total Solver Time: 2.574920654296875e-05
[error] Total Time Symmetries: 0
[error] Total Blocked Models: 0
[info] No more queries to be tested. Solution not found!
[info] Increasing the number of lines of code.
[info] Lines of Code: 3
[error] Number of Nodes: 10 
[error] Number of Variables: 16
[error] Number of Constraints: 169
[error] Time spent encoding: 0.09897208213806152
[error] UNSAT : There is no solution for current depth (loc=1), try to increase it (e.g. loc=2).
[info] Synthesizing programs...
[error] Total Time: 0.015527725219726562
[error] Total Solver Time: 0.01551508903503418
[error] Total Time Symmetries: 0
[error] Total Blocked Models: 0
[info] No more queries to be tested. Solution not found!
[info] Increasing the number of lines of code.
[info] Lines of Code: 3
[error] Number of Nodes: 15 
[error] Number of Variables: 30
[error] Number of Constraints: 322
[error] Time spent encoding: 0.1715395450592041
[error] Number of Nodes: 15 
[error] Number of Variables: 30
[error] Number of Constraints: 322
[error] Time spent encoding: 0.17430543899536133
[info] Synthesizing programs...
[error] Number of Nodes: 15 
[error] Number of Variables: 30
[error] Number of Constraints: 322
[error] Time spent encoding: 0.17272424697875977
[error] Number of Nodes: 15 
[error] Number of Variables: 30
[error] Number of Constraints: 322
[error] Time spent encoding: 0.17273306846618652
[info] Synthesizing programs...
[info] Synthesizing programs...
[info] Synthesizing programs...
[error] Number of Nodes: 15 
[error] Number of Variables: 30
[error] Number of Constraints: 322
[error] Time spent encoding: 0.17888522148132324
[error] Total Solver Time: 0.0012733936309814453
[error] Total Time Symmetries: 0
[error] Total Blocked Models: 0
[error] Total Time: 0.08079934120178223
[info] Solution found: select(filter(summariseGrouped(@param0, meanage = mean(age), level), level != JR), level,meanage, distinct)
[info] Synthesizing programs...
[error] Total Solver Time: 0.035620689392089844
[error] Total Time Symmetries: 0
[error] Total Blocked Models: 0
[error] Total Time: 0.1450643539428711
[info] Solution found: select(summariseGrouped(filter(@param0, level != JR), meanage = mean(age), level), level,meanage, )
[debug] Solution found using process 1: Config(disabled=[], alt_empty_pos=False, shuffle_cols=False, z3_sat_phase='always_false', z3_QF_FD=True)
[error] Total Solver Time: 0.0066945552825927734
[error] Total Time Symmetries: 0
[error] Total Blocked Models: 0
[error] Total Time: 0.4028439521789551
[info] Solution found: select(summariseGrouped(filter(@param0, level != JR), meanage = mean(age), level), level,meanage, distinct)
[debug] Solution found using process 0: Config(disabled=[], alt_empty_pos=False, shuffle_cols=False, z3_sat_phase='caching', z3_QF_FD=False)
[debug] Solution found using process 4: Config(disabled=[], alt_empty_pos=False, shuffle_cols=False, z3_sat_phase='random', z3_QF_FD=True)

------------------------------------- R Solution ---------------------------------------

con <- DBI::dbConnect(RSQLite::SQLite(), ":memory:")
input1 <- read.table("tests-examples/cp19/tables/8-1.txt", sep=",", header=T)
input1 <- copy_to(con, input1)
expected_output <- read.table("tests-examples/cp19/tables/8.out", sep =",", header=T)

RET_DF9 <- input1 %>% group_by(level) %>% summarise(meanage = mean(age))
RET_DF10 <- RET_DF9 %>% ungroup() %>% filter(level != "JR")
RET_DF11 <- RET_DF10 %>% ungroup() %>% select(level,meanage) %>% distinct()


+++++++++++++++++++++++++++++++++++++ SQL Solution +++++++++++++++++++++++++++++++++++++

SELECT DISTINCT `level`,
                `meanage`
FROM
  (SELECT `level`,
          AVG(`age`) AS `meanage`
   FROM `input1`
   GROUP BY `level`)
WHERE (`level` != 'JR')
