[info] Parsing specification...
[info] Parsing specification...
[info] Parsing specification...
[info] Parsing specification...
[debug] Reading input files...
[debug] Reading input files...
[info] Parsing specification...
[debug] Reading input files...
[debug] Reading input files...
[debug] Reading input files...
[debug] Generating DSL...
[debug] Generating DSL...
[debug] Generating DSL...
[debug] Generating DSL...
[info] Parsing succeeded
[info] Building synthesizer...
[info] Lines of Code: 1
[debug] Generating DSL...
[info] Parsing succeeded
[info] Building synthesizer...
[info] Lines of Code: 1
[info] Parsing succeeded
[info] Building synthesizer...
[info] Lines of Code: 1
[info] Parsing succeeded
[info] Building synthesizer...
[info] Lines of Code: 1
[info] Parsing succeeded
[info] Building synthesizer...
[info] Lines of Code: 1
[error] Number of Nodes: 5 
[error] Number of Variables: 6
[error] Number of Constraints: 63
[error] Time spent encoding: 0.03404116630554199
[error] UNSAT : There is no solution for current depth (loc=0), try to increase it (e.g. loc=1).
[info] Synthesizing programs...
[error] Total Time: 3.504753112792969e-05
[error] Total Solver Time: 2.4080276489257812e-05
[error] Total Time Symmetries: 0
[error] Total Blocked Models: 0
[info] No more queries to be tested. Solution not found!
[info] Increasing the number of lines of code.
[info] Lines of Code: 2
[error] Number of Nodes: 5 
[error] Number of Variables: 6
[error] Number of Constraints: 63
[error] Time spent encoding: 0.03692293167114258
[error] Number of Nodes: 5 
[error] Number of Variables: 6
[error] Number of Constraints: 63
[error] Time spent encoding: 0.03598332405090332
[error] UNSAT : There is no solution for current depth (loc=0), try to increase it (e.g. loc=1).
[info] Synthesizing programs...
[error] Total Time: 3.62396240234375e-05
[error] Total Solver Time: 2.5033950805664062e-05
[error] Total Time Symmetries: 0
[error] Total Blocked Models: 0
[info] No more queries to be tested. Solution not found!
[info] Increasing the number of lines of code.
[info] Lines of Code: 2
[error] UNSAT : There is no solution for current depth (loc=0), try to increase it (e.g. loc=1).
[info] Synthesizing programs...
[error] Total Time: 3.552436828613281e-05
[error] Total Solver Time: 2.47955322265625e-05
[error] Total Time Symmetries: 0
[error] Total Blocked Models: 0
[info] No more queries to be tested. Solution not found!
[info] Increasing the number of lines of code.
[info] Lines of Code: 2
[error] Number of Nodes: 5 
[error] Number of Variables: 6
[error] Number of Constraints: 63
[error] Time spent encoding: 0.03640413284301758
[error] UNSAT : There is no solution for current depth (loc=0), try to increase it (e.g. loc=1).
[info] Synthesizing programs...
[error] Total Time: 3.528594970703125e-05
[error] Total Solver Time: 2.5033950805664062e-05
[error] Total Time Symmetries: 0
[error] Total Blocked Models: 0
[info] No more queries to be tested. Solution not found!
[info] Increasing the number of lines of code.
[info] Lines of Code: 2
[error] Number of Nodes: 5 
[error] Number of Variables: 6
[error] Number of Constraints: 63
[error] Time spent encoding: 0.04364275932312012
[error] UNSAT : There is no solution for current depth (loc=0), try to increase it (e.g. loc=1).
[info] Synthesizing programs...
[error] Total Time: 0.0058286190032958984
[error] Total Solver Time: 0.005811929702758789
[error] Total Time Symmetries: 0
[error] Total Blocked Models: 0
[info] No more queries to be tested. Solution not found!
[info] Increasing the number of lines of code.
[info] Lines of Code: 2
[error] Number of Nodes: 10 
[error] Number of Variables: 16
[error] Number of Constraints: 170
[error] Time spent encoding: 0.08471417427062988
[error] UNSAT : There is no solution for current depth (loc=1), try to increase it (e.g. loc=2).
[info] Synthesizing programs...
[error] Total Time: 3.1948089599609375e-05
[error] Total Solver Time: 2.6226043701171875e-05
[error] Total Time Symmetries: 0
[error] Total Blocked Models: 0
[info] No more queries to be tested. Solution not found!
[info] Increasing the number of lines of code.
[info] Lines of Code: 3
[error] Number of Nodes: 10 
[error] Number of Variables: 16
[error] Number of Constraints: 170
[error] Time spent encoding: 0.08449625968933105
[error] Number of Nodes: 10 
[error] Number of Variables: 16
[error] Number of Constraints: 170
[error] Time spent encoding: 0.08480119705200195
[error] Number of Nodes: 10 
[error] Number of Variables: 16
[error] Number of Constraints: 170
[error] Time spent encoding: 0.08513879776000977
[error] UNSAT : There is no solution for current depth (loc=1), try to increase it (e.g. loc=2).
[info] Synthesizing programs...
[error] Total Time: 3.218650817871094e-05
[error] Total Solver Time: 2.6464462280273438e-05
[error] Total Time Symmetries: 0
[error] Total Blocked Models: 0
[info] No more queries to be tested. Solution not found!
[info] Increasing the number of lines of code.
[info] Lines of Code: 3
[error] UNSAT : There is no solution for current depth (loc=1), try to increase it (e.g. loc=2).
[info] Synthesizing programs...
[error] Total Time: 3.266334533691406e-05
[error] Total Solver Time: 2.6702880859375e-05
[error] Total Time Symmetries: 0
[error] Total Blocked Models: 0
[info] No more queries to be tested. Solution not found!
[info] Increasing the number of lines of code.
[info] Lines of Code: 3
[error] UNSAT : There is no solution for current depth (loc=1), try to increase it (e.g. loc=2).
[info] Synthesizing programs...
[error] Total Time: 3.337860107421875e-05
[error] Total Solver Time: 2.7894973754882812e-05
[error] Total Time Symmetries: 0
[error] Total Blocked Models: 0
[info] No more queries to be tested. Solution not found!
[info] Increasing the number of lines of code.
[info] Lines of Code: 3
[error] Number of Nodes: 10 
[error] Number of Variables: 16
[error] Number of Constraints: 170
[error] Time spent encoding: 0.09115171432495117
[error] UNSAT : There is no solution for current depth (loc=1), try to increase it (e.g. loc=2).
[info] Synthesizing programs...
[error] Total Time: 0.011588811874389648
[error] Total Solver Time: 0.011576175689697266
[error] Total Time Symmetries: 0
[error] Total Blocked Models: 0
[info] No more queries to be tested. Solution not found!
[info] Increasing the number of lines of code.
[info] Lines of Code: 3
[error] Number of Nodes: 15 
[error] Number of Variables: 30
[error] Number of Constraints: 323
[error] Time spent encoding: 0.15752935409545898
[error] UNSAT : There is no solution for current depth (loc=2), try to increase it (e.g. loc=3).
[info] Synthesizing programs...
[error] Total Time: 3.24249267578125e-05
[error] Total Solver Time: 2.6464462280273438e-05
[error] Total Time Symmetries: 0
[error] Total Blocked Models: 0
[info] No more queries to be tested. Solution not found!
[info] Increasing the number of lines of code.
[info] Lines of Code: 4
[error] Number of Nodes: 15 
[error] Number of Variables: 30
[error] Number of Constraints: 323
[error] Time spent encoding: 0.15714716911315918
[error] Number of Nodes: 15 
[error] Number of Variables: 30
[error] Number of Constraints: 323
[error] Time spent encoding: 0.15913867950439453
[error] Number of Nodes: 15 
[error] Number of Variables: 30
[error] Number of Constraints: 323
[error] Time spent encoding: 0.1578660011291504
[error] UNSAT : There is no solution for current depth (loc=2), try to increase it (e.g. loc=3).
[info] Synthesizing programs...
[error] Total Time: 3.266334533691406e-05
[error] Total Solver Time: 2.6226043701171875e-05
[error] Total Time Symmetries: 0
[error] Total Blocked Models: 0
[info] No more queries to be tested. Solution not found!
[info] Increasing the number of lines of code.
[info] Lines of Code: 4
[error] UNSAT : There is no solution for current depth (loc=2), try to increase it (e.g. loc=3).
[info] Synthesizing programs...
[error] Total Time: 3.504753112792969e-05
[error] Total Solver Time: 2.9325485229492188e-05
[error] Total Time Symmetries: 0
[error] Total Blocked Models: 0
[info] No more queries to be tested. Solution not found!
[info] Increasing the number of lines of code.
[info] Lines of Code: 4
[error] UNSAT : There is no solution for current depth (loc=2), try to increase it (e.g. loc=3).
[info] Synthesizing programs...
[error] Total Time: 3.600120544433594e-05
[error] Total Solver Time: 2.9325485229492188e-05
[error] Total Time Symmetries: 0
[error] Total Blocked Models: 0
[info] No more queries to be tested. Solution not found!
[info] Increasing the number of lines of code.
[info] Lines of Code: 4
[error] Number of Nodes: 15 
[error] Number of Variables: 30
[error] Number of Constraints: 323
[error] Time spent encoding: 0.16590046882629395
[error] UNSAT : There is no solution for current depth (loc=2), try to increase it (e.g. loc=3).
[info] Synthesizing programs...
[error] Total Time: 0.026307106018066406
[error] Total Solver Time: 0.02629375457763672
[error] Total Time Symmetries: 0
[error] Total Blocked Models: 0
[info] No more queries to be tested. Solution not found!
[info] Increasing the number of lines of code.
[info] Lines of Code: 4
[error] Number of Nodes: 20 
[error] Number of Variables: 48
[error] Number of Constraints: 522
[error] Time spent encoding: 0.25798487663269043
[error] Number of Nodes: 20 
[error] Number of Variables: 48
[error] Number of Constraints: 522
[error] Time spent encoding: 0.25773024559020996
[error] Number of Nodes: 20 
[error] Number of Variables: 48
[error] Number of Constraints: 522
[error] Time spent encoding: 0.25753211975097656
[error] Number of Nodes: 20 
[error] Number of Variables: 48
[error] Number of Constraints: 522
[error] Time spent encoding: 0.25858259201049805
[info] Synthesizing programs...
[info] Synthesizing programs...
[info] Synthesizing programs...
[info] Synthesizing programs...
[error] Number of Nodes: 20 
[error] Number of Variables: 48
[error] Number of Constraints: 522
[error] Time spent encoding: 0.2682654857635498
[info] Synthesizing programs...
[error] Total Solver Time: 0.0018603801727294922
[error] Total Time Symmetries: 0
[error] Total Blocked Models: 0
[error] Total Time: 0.12371540069580078
[info] Solution found: select(filter(summariseGrouped(inner_join(@param0, @param1), n = n(), S_name), n == max(n)), S_name, distinct)
[debug] Solution found using process 4: Config(disabled=[], alt_empty_pos=False, shuffle_cols=False, z3_sat_phase='random', z3_QF_FD=True)
[error] Total Solver Time: 0.009881734848022461
[error] Total Time Symmetries: 0
[error] Total Blocked Models: 0
[error] Total Time: 0.46285033226013184
[info] Solution found: select(inner_join(filter(summariseGrouped(@param0, n = n(), S_key), n == max(n)), @param1), S_name, distinct)
[debug] Solution found using process 1: Config(disabled=[], alt_empty_pos=False, shuffle_cols=False, z3_sat_phase='always_false', z3_QF_FD=True)

------------------------------------- R Solution ---------------------------------------

con <- DBI::dbConnect(RSQLite::SQLite(), ":memory:")
input1 <- read.table("tests-examples/cp19/tables/10-1.txt", sep=",", header=T)
input1 <- copy_to(con, input1)
input2 <- read.table("tests-examples/cp19/tables/10-2.txt", sep=",", header=T)
input2 <- copy_to(con, input2)
expected_output <- read.table("tests-examples/cp19/tables/10.out", sep =",", header=T)

RET_DF13 <- inner_join(input1, input2)
RET_DF14 <- RET_DF13 %>% group_by(S_name) %>% summarise(n = n())
RET_DF15 <- filter(RET_DF14, n == max(n))
RET_DF16 <- RET_DF15 %>% ungroup() %>% select(S_name) %>% distinct()


+++++++++++++++++++++++++++++++++++++ SQL Solution +++++++++++++++++++++++++++++++++++++

SELECT DISTINCT `S_name`
FROM
  (SELECT `S_name`,
          `n`
   FROM
     (SELECT `S_name`,
             `n`,
             MAX(`n`) OVER () AS `zzz3`
      FROM
        (SELECT `S_name`,
                COUNT() AS `n`
         FROM
           (SELECT `S_key`,
                   `C_name`,
                   `S_name`
            FROM `input1` AS `LHS`
            INNER JOIN `input2` AS `RHS` ON (`LHS`.`S_key` = `RHS`.`S_key`))
         GROUP BY `S_name`))
   WHERE (`n` = `zzz3`))
