[info] Parsing specification...
[debug] Reading input files...
[info] Parsing specification...
[info] Parsing specification...
[info] Parsing specification...
[debug] Reading input files...
[debug] Reading input files...
[info] Parsing specification...
[debug] Reading input files...
[debug] Generating DSL...
[debug] Reading input files...
[debug] Generating DSL...
[info] Parsing succeeded
[info] Building synthesizer...
[info] Lines of Code: 1
[info] Parsing succeeded
[info] Building synthesizer...
[info] Lines of Code: 1
[debug] Generating DSL...
[debug] Generating DSL...
[debug] Generating DSL...
[info] Parsing succeeded
[info] Building synthesizer...
[info] Lines of Code: 1
[info] Parsing succeeded
[info] Building synthesizer...
[info] Lines of Code: 1
[info] Parsing succeeded
[info] Building synthesizer...
[info] Lines of Code: 1
[error] Number of Nodes: 5 
[error] Number of Variables: 6
[error] Number of Constraints: 49
[error] Time spent encoding: 0.03447604179382324
[error] UNSAT : There is no solution for current depth (loc=0), try to increase it (e.g. loc=1).
[info] Synthesizing programs...
[error] Number of Nodes: 5 
[error] Number of Variables: 6
[error] Number of Constraints: 49
[error] Time spent encoding: 0.041014909744262695
[error] UNSAT : There is no solution for current depth (loc=0), try to increase it (e.g. loc=1).
[info] Synthesizing programs...
[error] Total Time: 3.6716461181640625e-05
[error] Total Solver Time: 2.5510787963867188e-05
[error] Total Time Symmetries: 0
[error] Total Blocked Models: 0
[info] No more queries to be tested. Solution not found!
[info] Increasing the number of lines of code.
[info] Lines of Code: 2
[error] Total Time: 0.007000446319580078
[error] Total Solver Time: 0.006979703903198242
[error] Total Time Symmetries: 0
[error] Total Blocked Models: 0
[info] No more queries to be tested. Solution not found!
[info] Increasing the number of lines of code.
[info] Lines of Code: 2
[error] Number of Nodes: 5 
[error] Number of Variables: 6
[error] Number of Constraints: 49
[error] Time spent encoding: 0.03295397758483887
[error] Number of Nodes: 5 
[error] Number of Variables: 6
[error] Number of Constraints: 49
[error] Time spent encoding: 0.03253364562988281
[error] UNSAT : There is no solution for current depth (loc=0), try to increase it (e.g. loc=1).
[info] Synthesizing programs...
[error] Total Time: 3.5762786865234375e-05
[error] Total Solver Time: 2.5272369384765625e-05
[error] Total Time Symmetries: 0
[error] Total Blocked Models: 0
[info] No more queries to be tested. Solution not found!
[info] Increasing the number of lines of code.
[info] Lines of Code: 2
[error] UNSAT : There is no solution for current depth (loc=0), try to increase it (e.g. loc=1).
[info] Synthesizing programs...
[error] Total Time: 3.838539123535156e-05
[error] Total Solver Time: 2.5987625122070312e-05
[error] Total Time Symmetries: 0
[error] Total Blocked Models: 0
[info] No more queries to be tested. Solution not found!
[info] Increasing the number of lines of code.
[info] Lines of Code: 2
[error] Number of Nodes: 5 
[error] Number of Variables: 6
[error] Number of Constraints: 49
[error] Time spent encoding: 0.033179521560668945
[error] UNSAT : There is no solution for current depth (loc=0), try to increase it (e.g. loc=1).
[info] Synthesizing programs...
[error] Total Time: 3.6716461181640625e-05
[error] Total Solver Time: 2.5272369384765625e-05
[error] Total Time Symmetries: 0
[error] Total Blocked Models: 0
[info] No more queries to be tested. Solution not found!
[info] Increasing the number of lines of code.
[info] Lines of Code: 2
[error] Number of Nodes: 10 
[error] Number of Variables: 16
[error] Number of Constraints: 136
[error] Time spent encoding: 0.06854367256164551
[info] Synthesizing programs...
[error] Number of Nodes: 10 
[error] Number of Variables: 16
[error] Number of Constraints: 136
[error] Time spent encoding: 0.07377982139587402
[error] Number of Nodes: 10 
[error] Number of Variables: 16
[error] Number of Constraints: 136
[error] Time spent encoding: 0.06823325157165527
[error] Number of Nodes: 10 
[error] Number of Variables: 16
[error] Number of Constraints: 136
[error] Time spent encoding: 0.06799578666687012
[error] Number of Nodes: 10 
[error] Number of Variables: 16
[error] Number of Constraints: 136
[error] Time spent encoding: 0.0682377815246582
[info] Synthesizing programs...
[info] Synthesizing programs...
[info] Synthesizing programs...
[info] Synthesizing programs...
[error] Total Time: 0.813715934753418
[error] Total Solver Time: 0.016231298446655273
[error] Total Time Symmetries: 0
[error] Total Blocked Models: 0
[info] No more queries to be tested. Solution not found!
[info] Increasing the number of lines of code.
[info] Lines of Code: 3
[error] Total Time: 0.8197445869445801
[error] Total Solver Time: 0.01621389389038086
[error] Total Time Symmetries: 0
[error] Total Blocked Models: 0
[info] No more queries to be tested. Solution not found!
[info] Increasing the number of lines of code.
[info] Lines of Code: 3
[error] Total Time: 0.8413381576538086
[error] Total Solver Time: 0.01645517349243164
[error] Total Time Symmetries: 0
[error] Total Blocked Models: 0
[info] No more queries to be tested. Solution not found!
[info] Increasing the number of lines of code.
[info] Lines of Code: 3
[error] Total Time: 0.8408761024475098
[error] Total Solver Time: 0.016557693481445312
[error] Total Time Symmetries: 0
[error] Total Blocked Models: 0
[info] No more queries to be tested. Solution not found!
[info] Increasing the number of lines of code.
[info] Lines of Code: 3
[error] Total Time: 0.8771283626556396
[error] Total Solver Time: 0.029254674911499023
[error] Total Time Symmetries: 0
[error] Total Blocked Models: 0
[info] No more queries to be tested. Solution not found!
[info] Increasing the number of lines of code.
[info] Lines of Code: 3
[error] Number of Nodes: 15 
[error] Number of Variables: 30
[error] Number of Constraints: 263
[error] Time spent encoding: 0.127685546875
[info] Synthesizing programs...
[error] Number of Nodes: 15 
[error] Number of Variables: 30
[error] Number of Constraints: 263
[error] Time spent encoding: 0.13892221450805664
[info] Synthesizing programs...
[error] Number of Nodes: 15 
[error] Number of Variables: 30
[error] Number of Constraints: 263
[error] Time spent encoding: 0.1282644271850586
[error] Number of Nodes: 15 
[error] Number of Variables: 30
[error] Number of Constraints: 263
[error] Time spent encoding: 0.13997340202331543
[info] Synthesizing programs...
[info] Synthesizing programs...
[error] Number of Nodes: 15 
[error] Number of Variables: 30
[error] Number of Constraints: 263
[error] Time spent encoding: 0.13506388664245605
[info] Synthesizing programs...
[error] Total Solver Time: 0.005488395690917969
[error] Total Time Symmetries: 0
[error] Total Blocked Models: 0
[error] Total Time: 0.29505300521850586
[info] Solution found: select(inner_join(anti_join(@param0, @param1, S_key), @param0), S_name, distinct)
[debug] Solution found using process 1: Config(disabled=[], alt_empty_pos=False, shuffle_cols=False, z3_sat_phase='always_false', z3_QF_FD=True)

------------------------------------- R Solution ---------------------------------------

con <- DBI::dbConnect(RSQLite::SQLite(), ":memory:")
input1 <- read.table("tests-examples/cp19/tables/11-1.txt", sep=",", header=T)
input1 <- copy_to(con, input1)
input2 <- read.table("tests-examples/cp19/tables/11-2.txt", sep=",", header=T)
input2 <- copy_to(con, input2)
expected_output <- read.table("tests-examples/cp19/tables/11.out", sep =",", header=T)

RET_DF76 <- anti_join(select(input1,S_key), select(input2, S_key))
RET_DF77 <- inner_join(RET_DF76, input1)
RET_DF78 <- RET_DF77 %>% ungroup() %>% select(S_name) %>% distinct()


+++++++++++++++++++++++++++++++++++++ SQL Solution +++++++++++++++++++++++++++++++++++++

SELECT DISTINCT `S_name`
FROM
  (SELECT `S_key`,
          `S_name`
   FROM
     (SELECT *
      FROM
        (SELECT `S_key`
         FROM `input1`) AS `LHS`
      WHERE NOT EXISTS
          (SELECT 1
           FROM
             (SELECT `S_key`
              FROM `input2`) AS `RHS`
           WHERE (`LHS`.`S_key` = `RHS`.`S_key`) )) AS `LHS`
   INNER JOIN `input1` AS `RHS` ON (`LHS`.`S_key` = `RHS`.`S_key`))
