[info] Parsing specification...
[info] Parsing specification...
[info] Parsing specification...
[info] Parsing specification...
[debug] Reading input files...
[debug] Reading input files...
[info] Parsing specification...
[debug] Reading input files...
[debug] Reading input files...
[debug] Reading input files...
[debug] Generating DSL...
[debug] Generating DSL...
[debug] Generating DSL...
[debug] Generating DSL...
[info] Parsing succeeded
[info] Building synthesizer...
[info] Lines of Code: 1
[info] Parsing succeeded
[info] Building synthesizer...
[info] Lines of Code: 1
[debug] Generating DSL...
[info] Parsing succeeded
[info] Building synthesizer...
[info] Lines of Code: 1
[info] Parsing succeeded
[info] Building synthesizer...
[info] Lines of Code: 1
[info] Parsing succeeded
[info] Building synthesizer...
[info] Lines of Code: 1
[error] Number of Nodes: 5 
[error] Number of Variables: 6
[error] Number of Constraints: 65
[error] Time spent encoding: 0.05857062339782715
[error] Number of Nodes: 5 
[error] UNSAT : There is no solution for current depth (loc=0), try to increase it (e.g. loc=1).
[error] Number of Variables: 6
[error] Number of Constraints: 65
[info] Synthesizing programs...
[error] Time spent encoding: 0.060889244079589844
[error] Total Time: 3.790855407714844e-05
[error] Total Solver Time: 2.765655517578125e-05
[error] Total Time Symmetries: 0
[error] Total Blocked Models: 0
[info] No more queries to be tested. Solution not found!
[info] Increasing the number of lines of code.
[info] Lines of Code: 2
[error] UNSAT : There is no solution for current depth (loc=0), try to increase it (e.g. loc=1).
[info] Synthesizing programs...
[error] Total Time: 3.814697265625e-05
[error] Total Solver Time: 2.765655517578125e-05
[error] Total Time Symmetries: 0
[error] Total Blocked Models: 0
[info] No more queries to be tested. Solution not found!
[info] Increasing the number of lines of code.
[info] Lines of Code: 2
[error] Number of Nodes: 5 
[error] Number of Variables: 6
[error] Number of Constraints: 65
[error] Time spent encoding: 0.05869889259338379
[error] UNSAT : There is no solution for current depth (loc=0), try to increase it (e.g. loc=1).
[info] Synthesizing programs...
[error] Total Time: 3.695487976074219e-05
[error] Total Solver Time: 2.7179718017578125e-05
[error] Total Time Symmetries: 0
[error] Total Blocked Models: 0
[info] No more queries to be tested. Solution not found!
[info] Increasing the number of lines of code.
[info] Lines of Code: 2
[error] Number of Nodes: 5 
[error] Number of Variables: 6
[error] Number of Constraints: 65
[error] Time spent encoding: 0.0586545467376709
[error] Number of Nodes: 5 
[error] Number of Variables: 6
[error] Number of Constraints: 65
[error] Time spent encoding: 0.06469583511352539
[error] UNSAT : There is no solution for current depth (loc=0), try to increase it (e.g. loc=1).
[info] Synthesizing programs...
[error] Total Time: 4.291534423828125e-05
[error] Total Solver Time: 3.147125244140625e-05
[error] Total Time Symmetries: 0
[error] Total Blocked Models: 0
[info] No more queries to be tested. Solution not found!
[info] Increasing the number of lines of code.
[info] Lines of Code: 2
[error] UNSAT : There is no solution for current depth (loc=0), try to increase it (e.g. loc=1).
[info] Synthesizing programs...
[error] Total Time: 0.009486913681030273
[error] Total Solver Time: 0.009466409683227539
[error] Total Time Symmetries: 0
[error] Total Blocked Models: 0
[info] No more queries to be tested. Solution not found!
[info] Increasing the number of lines of code.
[info] Lines of Code: 2
[error] Number of Nodes: 10 
[error] Number of Variables: 16
[error] Number of Constraints: 172
[error] Time spent encoding: 0.13523626327514648
[error] Number of Nodes: 10 
[error] Number of Variables: 16
[error] Number of Constraints: 172
[error] Time spent encoding: 0.13304901123046875
[error] UNSAT : There is no solution for current depth (loc=1), try to increase it (e.g. loc=2).
[info] Synthesizing programs...
[error] Total Time: 3.2901763916015625e-05
[error] Total Solver Time: 2.7418136596679688e-05
[error] Total Time Symmetries: 0
[error] Total Blocked Models: 0
[info] No more queries to be tested. Solution not found!
[info] Increasing the number of lines of code.
[info] Lines of Code: 3
[error] UNSAT : There is no solution for current depth (loc=1), try to increase it (e.g. loc=2).
[info] Synthesizing programs...
[error] Total Time: 3.62396240234375e-05
[error] Total Solver Time: 3.0279159545898438e-05
[error] Total Time Symmetries: 0
[error] Total Blocked Models: 0
[info] No more queries to be tested. Solution not found!
[info] Increasing the number of lines of code.
[info] Lines of Code: 3
[error] Number of Nodes: 10 
[error] Number of Variables: 16
[error] Number of Constraints: 172
[error] Time spent encoding: 0.13263297080993652
[error] Number of Nodes: 10 
[error] Number of Variables: 16
[error] Number of Constraints: 172
[error] Time spent encoding: 0.13354110717773438
[error] UNSAT : There is no solution for current depth (loc=1), try to increase it (e.g. loc=2).
[info] Synthesizing programs...
[error] Total Time: 3.314018249511719e-05
[error] Total Solver Time: 2.765655517578125e-05
[error] Total Time Symmetries: 0
[error] Total Blocked Models: 0
[info] No more queries to be tested. Solution not found!
[info] Increasing the number of lines of code.
[info] Lines of Code: 3
[error] UNSAT : There is no solution for current depth (loc=1), try to increase it (e.g. loc=2).
[info] Synthesizing programs...
[error] Total Time: 3.457069396972656e-05
[error] Total Solver Time: 2.8848648071289062e-05
[error] Total Time Symmetries: 0
[error] Total Blocked Models: 0
[info] No more queries to be tested. Solution not found!
[info] Increasing the number of lines of code.
[info] Lines of Code: 3
[error] Number of Nodes: 10 
[error] Number of Variables: 16
[error] Number of Constraints: 172
[error] Time spent encoding: 0.13962626457214355
[error] UNSAT : There is no solution for current depth (loc=1), try to increase it (e.g. loc=2).
[info] Synthesizing programs...
[error] Total Time: 0.02492046356201172
[error] Total Solver Time: 0.024904966354370117
[error] Total Time Symmetries: 0
[error] Total Blocked Models: 0
[info] No more queries to be tested. Solution not found!
[info] Increasing the number of lines of code.
[info] Lines of Code: 3
[error] Number of Nodes: 15 
[error] Number of Variables: 30
[error] Number of Constraints: 325
[error] Time spent encoding: 0.23528218269348145
[error] Number of Nodes: 15 
[error] Number of Variables: 30
[error] Number of Constraints: 325
[error] Time spent encoding: 0.23253917694091797
[error] Number of Nodes: 15 
[error] Number of Variables: 30
[error] Number of Constraints: 325
[error] Time spent encoding: 0.23493671417236328
[error] UNSAT : There is no solution for current depth (loc=2), try to increase it (e.g. loc=3).
[info] Synthesizing programs...
[error] Total Time: 3.647804260253906e-05
[error] Total Solver Time: 3.0994415283203125e-05
[error] Total Time Symmetries: 0
[error] Total Blocked Models: 0
[info] No more queries to be tested. Solution not found!
[info] Increasing the number of lines of code.
[info] Lines of Code: 4
[error] Number of Nodes: 15 
[error] Number of Variables: 30
[error] Number of Constraints: 325
[error] Time spent encoding: 0.2373027801513672
[error] UNSAT : There is no solution for current depth (loc=2), try to increase it (e.g. loc=3).
[info] Synthesizing programs...
[error] Total Time: 3.886222839355469e-05
[error] Total Solver Time: 3.2901763916015625e-05
[error] Total Time Symmetries: 0
[error] Total Blocked Models: 0
[info] No more queries to be tested. Solution not found!
[info] Increasing the number of lines of code.
[info] Lines of Code: 4
[error] UNSAT : There is no solution for current depth (loc=2), try to increase it (e.g. loc=3).
[info] Synthesizing programs...
[error] Total Time: 3.790855407714844e-05
[error] Total Solver Time: 3.1948089599609375e-05
[error] Total Time Symmetries: 0
[error] Total Blocked Models: 0
[info] No more queries to be tested. Solution not found!
[info] Increasing the number of lines of code.
[info] Lines of Code: 4
[error] UNSAT : There is no solution for current depth (loc=2), try to increase it (e.g. loc=3).
[info] Synthesizing programs...
[error] Total Time: 4.00543212890625e-05
[error] Total Solver Time: 3.361701965332031e-05
[error] Total Time Symmetries: 0
[error] Total Blocked Models: 0
[info] No more queries to be tested. Solution not found!
[info] Increasing the number of lines of code.
[info] Lines of Code: 4
[error] Number of Nodes: 15 
[error] Number of Variables: 30
[error] Number of Constraints: 325
[error] Time spent encoding: 0.23960638046264648
[error] UNSAT : There is no solution for current depth (loc=2), try to increase it (e.g. loc=3).
[info] Synthesizing programs...
[error] Total Time: 0.07189774513244629
[error] Total Solver Time: 0.07188272476196289
[error] Total Time Symmetries: 0
[error] Total Blocked Models: 0
[info] No more queries to be tested. Solution not found!
[info] Increasing the number of lines of code.
[info] Lines of Code: 4
[error] Number of Nodes: 20 
[error] Number of Variables: 48
[error] Number of Constraints: 524
[error] Time spent encoding: 0.3620302677154541
[error] Number of Nodes: 20 
[error] Number of Variables: 48
[error] Number of Constraints: 524
[error] Time spent encoding: 0.3597707748413086
[error] Number of Nodes: 20 
[error] Number of Variables: 48
[error] Number of Constraints: 524
[error] Time spent encoding: 0.3572375774383545
[error] Number of Nodes: 20 
[error] Number of Variables: 48
[error] Number of Constraints: 524
[error] Time spent encoding: 0.36228036880493164
[info] Synthesizing programs...
[info] Synthesizing programs...
[info] Synthesizing programs...
[info] Synthesizing programs...
[error] Number of Nodes: 20 
[error] Number of Variables: 48
[error] Number of Constraints: 524
[error] Time spent encoding: 0.3670673370361328
[info] Synthesizing programs...
[error] Total Solver Time: 0.09058380126953125
[error] Total Time Symmetries: 0
[error] Total Blocked Models: 0
[error] Total Solver Time: 0.08523011207580566
[error] Total Time Symmetries: 0
[error] Total Blocked Models: 0
[error] Total Solver Time: 0.10630464553833008
[error] Total Time Symmetries: 0
[error] Total Blocked Models: 0
[error] Total Solver Time: 0.0968167781829834
[error] Total Time Symmetries: 0
[error] Total Blocked Models: 0
[error] Total Solver Time: 0.47144365310668945
[error] Total Time Symmetries: 0
[error] Total Blocked Models: 0
[error] Total Solver Time: 0.17797279357910156
[error] Total Time Symmetries: 0
[error] Total Blocked Models: 0
[error] Total Solver Time: 0.170912504196167
[error] Total Time Symmetries: 0
[error] Total Blocked Models: 0
[error] Total Solver Time: 0.18515372276306152
[error] Total Time Symmetries: 0
[error] Total Blocked Models: 0
[error] Total Solver Time: 0.19159173965454102
[error] Total Time Symmetries: 0
[error] Total Blocked Models: 0
[error] Total Solver Time: 0.6195724010467529
[error] Total Time Symmetries: 0
[error] Total Blocked Models: 0
[error] Total Solver Time: 0.26335668563842773
[error] Total Time Symmetries: 0
[error] Total Blocked Models: 0
[error] Total Solver Time: 0.27146363258361816
[error] Total Time Symmetries: 0
[error] Total Blocked Models: 0
[error] Total Solver Time: 0.25664639472961426
[error] Total Time Symmetries: 0
[error] Total Blocked Models: 0
[error] Total Solver Time: 0.2766287326812744
[error] Total Time Symmetries: 0
[error] Total Blocked Models: 0
[error] Total Solver Time: 0.8295547962188721
[error] Total Time Symmetries: 0
[error] Total Blocked Models: 0
[error] Total Solver Time: 0.3499014377593994
[error] Total Time Symmetries: 0
[error] Total Blocked Models: 0
[error] Total Solver Time: 0.342559814453125
[error] Total Time Symmetries: 0
[error] Total Blocked Models: 0
[error] Total Solver Time: 0.36103177070617676
[error] Total Time Symmetries: 0
[error] Total Blocked Models: 0
[error] Total Solver Time: 0.3627440929412842
[error] Total Time Symmetries: 0
[error] Total Blocked Models: 0
[error] Total Solver Time: 0.990882158279419
[error] Total Time Symmetries: 0
[error] Total Blocked Models: 0
[error] Total Solver Time: 0.4359750747680664
[error] Total Time Symmetries: 0
[error] Total Blocked Models: 0
[error] Total Solver Time: 0.4289851188659668
[error] Total Time Symmetries: 0
[error] Total Blocked Models: 0
[error] Total Solver Time: 0.4483151435852051
[error] Total Time Symmetries: 0
[error] Total Blocked Models: 0
[error] Total Solver Time: 0.4505012035369873
[error] Total Time Symmetries: 0
[error] Total Blocked Models: 0
[error] Total Solver Time: 0.45998096466064453
[error] Total Time Symmetries: 0
[error] Total Blocked Models: 0
[error] Total Time: 15.870708227157593
[info] Solution found: select(summariseGrouped(filters(inner_join4(@param1, @param3, @param0, @param2), major == History, F_name != faculty1, &), maxage = max(age), major), maxage, distinct)
[debug] Solution found using process 3: Config(disabled=[], alt_empty_pos=False, shuffle_cols=False, z3_sat_phase='always_true', z3_QF_FD=True)

------------------------------------- R Solution ---------------------------------------

con <- DBI::dbConnect(RSQLite::SQLite(), ":memory:")
input1 <- read.table("tests-examples/cp19/tables/2-1.txt", sep=",", header=T)
input1 <- copy_to(con, input1)
input2 <- read.table("tests-examples/cp19/tables/2-2.txt", sep=",", header=T)
input2 <- copy_to(con, input2)
input3 <- read.table("tests-examples/cp19/tables/2-3.txt", sep=",", header=T)
input3 <- copy_to(con, input3)
input4 <- read.table("tests-examples/cp19/tables/2-4.txt", sep=",", header=T)
input4 <- copy_to(con, input4)
expected_output <- read.table("tests-examples/cp19/tables/2.out", sep =",", header=T)

RET_DF743 <- inner_join(inner_join(inner_join(input2, input4), input1), input3)
RET_DF744 <- RET_DF743 %>% ungroup() %>% filter(major == "History" & F_name != "faculty1")
RET_DF745 <- RET_DF744 %>% group_by(major) %>% summarise(maxage = max(age))
RET_DF746 <- RET_DF745 %>% ungroup() %>% select(maxage) %>% distinct()


+++++++++++++++++++++++++++++++++++++ SQL Solution +++++++++++++++++++++++++++++++++++++

SELECT DISTINCT `maxage`
FROM
  (SELECT `major`,
          MAX(`age`) AS `maxage`
   FROM
     (SELECT *
      FROM
        (SELECT `S_key`,
                `C_name`,
                `major`,
                `age`,
                `F_key`,
                `F_name`
         FROM
           (SELECT `S_key`,
                   `C_name`,
                   `major`,
                   `age`,
                   `F_key`
            FROM
              (SELECT `S_key`,
                      `C_name`,
                      `major`,
                      `age`
               FROM `input2` AS `LHS`
               INNER JOIN `input4` AS `RHS` ON (`LHS`.`S_key` = `RHS`.`S_key`)) AS `LHS`
            INNER JOIN `input1` AS `RHS` ON (`LHS`.`C_name` = `RHS`.`C_name`)) AS `LHS`
         INNER JOIN `input3` AS `RHS` ON (`LHS`.`F_key` = `RHS`.`F_key`))
      WHERE (`major` = 'History'
             AND `F_name` != 'faculty1'))
   GROUP BY `major`)
