[info] Parsing specification...
[info] Parsing specification...
[debug] Reading input files...
[info] Parsing specification...
[debug] Reading input files...
[info] Parsing specification...
[info] Parsing specification...
[debug] Reading input files...
[debug] Reading input files...
[debug] Generating DSL...
[debug] Reading input files...
[info] Parsing succeeded
[info] Building synthesizer...
[info] Lines of Code: 1
[debug] Generating DSL...
[debug] Generating DSL...
[debug] Generating DSL...
[debug] Generating DSL...
[info] Parsing succeeded
[info] Building synthesizer...
[info] Lines of Code: 1
[info] Parsing succeeded
[info] Building synthesizer...
[info] Lines of Code: 1
[info] Parsing succeeded
[info] Building synthesizer...
[info] Lines of Code: 1
[info] Parsing succeeded
[info] Building synthesizer...
[info] Lines of Code: 1
[error] Number of Nodes: 5 
[error] Number of Variables: 6
[error] Number of Constraints: 49
[error] Time spent encoding: 0.02818751335144043
[error] UNSAT : There is no solution for current depth (loc=0), try to increase it (e.g. loc=1).
[info] Synthesizing programs...
[error] Total Time: 3.838539123535156e-05
[error] Total Solver Time: 2.574920654296875e-05
[error] Total Time Symmetries: 0
[error] Total Blocked Models: 0
[info] No more queries to be tested. Solution not found!
[info] Increasing the number of lines of code.
[info] Lines of Code: 2
[error] Number of Nodes: 5 
[error] Number of Variables: 6
[error] Number of Constraints: 49
[error] Time spent encoding: 0.0333404541015625
[error] UNSAT : There is no solution for current depth (loc=0), try to increase it (e.g. loc=1).
[info] Synthesizing programs...
[error] Total Time: 3.886222839355469e-05
[error] Total Solver Time: 2.5987625122070312e-05
[error] Total Time Symmetries: 0
[error] Total Blocked Models: 0
[info] No more queries to be tested. Solution not found!
[info] Increasing the number of lines of code.
[info] Lines of Code: 2
[error] Number of Nodes: 5 
[error] Number of Variables: 6
[error] Number of Constraints: 49
[error] Time spent encoding: 0.034365177154541016
[error] UNSAT : There is no solution for current depth (loc=0), try to increase it (e.g. loc=1).
[info] Synthesizing programs...
[error] Total Time: 3.6716461181640625e-05
[error] Total Solver Time: 2.5272369384765625e-05
[error] Total Time Symmetries: 0
[error] Total Blocked Models: 0
[info] No more queries to be tested. Solution not found!
[info] Increasing the number of lines of code.
[info] Lines of Code: 2
[error] Number of Nodes: 5 
[error] Number of Variables: 6
[error] Number of Constraints: 49
[error] Time spent encoding: 0.04059267044067383
[error] Number of Nodes: 5 
[error] Number of Variables: 6
[error] Number of Constraints: 49
[error] Time spent encoding: 0.035386085510253906
[error] UNSAT : There is no solution for current depth (loc=0), try to increase it (e.g. loc=1).
[info] Synthesizing programs...
[error] Total Time: 4.124641418457031e-05
[error] Total Solver Time: 2.7179718017578125e-05
[error] Total Time Symmetries: 0
[error] Total Blocked Models: 0
[info] No more queries to be tested. Solution not found!
[info] Increasing the number of lines of code.
[info] Lines of Code: 2
[error] UNSAT : There is no solution for current depth (loc=0), try to increase it (e.g. loc=1).
[info] Synthesizing programs...
[error] Total Time: 0.0069730281829833984
[error] Total Solver Time: 0.006951332092285156
[error] Total Time Symmetries: 0
[error] Total Blocked Models: 0
[info] No more queries to be tested. Solution not found!
[info] Increasing the number of lines of code.
[info] Lines of Code: 2
[error] Number of Nodes: 10 
[error] Number of Variables: 16
[error] Number of Constraints: 136
[error] Time spent encoding: 0.06877851486206055
[info] Synthesizing programs...
[error] Number of Nodes: 10 
[error] Number of Variables: 16
[error] Number of Constraints: 136
[error] Time spent encoding: 0.0688021183013916
[error] Number of Nodes: 10 
[error] Number of Variables: 16
[error] Number of Constraints: 136
[error] Time spent encoding: 0.06796050071716309
[error] Number of Nodes: 10 
[error] Number of Variables: 16
[error] Number of Constraints: 136
[error] Time spent encoding: 0.06920719146728516
[info] Synthesizing programs...
[info] Synthesizing programs...
[info] Synthesizing programs...
[error] Number of Nodes: 10 
[error] Number of Variables: 16
[error] Number of Constraints: 136
[error] Time spent encoding: 0.07509398460388184
[error] Total Solver Time: 0.00012111663818359375
[error] Total Time Symmetries: 0
[error] Total Blocked Models: 0
[error] Total Time: 0.04290175437927246
[info] Solution found: select(inner_join(@param1, @param0), P_name, distinct)
[info] Synthesizing programs...
[error] Total Solver Time: 0.016977310180664062
[error] Total Time Symmetries: 0
[error] Total Blocked Models: 0
[error] Total Time: 0.13969016075134277
[info] Solution found: select(inner_join(@param1, @param0), P_name, )
[debug] Solution found using process 1: Config(disabled=[], alt_empty_pos=False, shuffle_cols=False, z3_sat_phase='always_false', z3_QF_FD=True)

------------------------------------- R Solution ---------------------------------------

con <- DBI::dbConnect(RSQLite::SQLite(), ":memory:")
input1 <- read.table("tests-examples/cp19/tables/13-1.txt", sep=",", header=T)
input1 <- copy_to(con, input1)
input2 <- read.table("tests-examples/cp19/tables/13-2.txt", sep=",", header=T)
input2 <- copy_to(con, input2)
expected_output <- read.table("tests-examples/cp19/tables/13.out", sep =",", header=T)

RET_DF6 <- inner_join(input2, input1)
RET_DF7 <- RET_DF6 %>% ungroup() %>% select(P_name) %>% distinct()


+++++++++++++++++++++++++++++++++++++ SQL Solution +++++++++++++++++++++++++++++++++++++

SELECT DISTINCT `P_name`
FROM
  (SELECT `P_id`,
          `P_name`,
          `S_key`
   FROM `input2` AS `LHS`
   INNER JOIN `input1` AS `RHS` ON (`LHS`.`P_id` = `RHS`.`P_id`))
