[info] Parsing specification...
[info] Parsing specification...
[debug] Reading input files...
[info] Parsing specification...
[debug] Reading input files...
[info] Parsing specification...
[info] Parsing specification...
[debug] Reading input files...
[debug] Reading input files...
[debug] Generating DSL...
[debug] Reading input files...
[debug] Generating DSL...
[info] Parsing succeeded
[info] Building synthesizer...
[info] Lines of Code: 1
[info] Parsing succeeded
[info] Building synthesizer...
[info] Lines of Code: 1
[debug] Generating DSL...
[debug] Generating DSL...
[debug] Generating DSL...
[info] Parsing succeeded
[info] Building synthesizer...
[info] Lines of Code: 1
[info] Parsing succeeded
[info] Building synthesizer...
[info] Lines of Code: 1
[info] Parsing succeeded
[info] Building synthesizer...
[info] Lines of Code: 1
[error] Number of Nodes: 5 
[error] Number of Variables: 6
[error] Number of Constraints: 49
[error] Time spent encoding: 0.035028696060180664
[error] Number of Nodes: 5 
[error] Number of Variables: 6
[error] Number of Constraints: 49
[error] Time spent encoding: 0.03427314758300781
[error] UNSAT : There is no solution for current depth (loc=0), try to increase it (e.g. loc=1).
[info] Synthesizing programs...
[error] Total Time: 3.600120544433594e-05
[error] Total Solver Time: 2.5272369384765625e-05
[error] Total Time Symmetries: 0
[error] Total Blocked Models: 0
[info] No more queries to be tested. Solution not found!
[info] Increasing the number of lines of code.
[info] Lines of Code: 2
[error] UNSAT : There is no solution for current depth (loc=0), try to increase it (e.g. loc=1).
[info] Synthesizing programs...
[error] Total Time: 0.0074503421783447266
[error] Total Solver Time: 0.0074291229248046875
[error] Total Time Symmetries: 0
[error] Total Blocked Models: 0
[info] No more queries to be tested. Solution not found!
[info] Increasing the number of lines of code.
[info] Lines of Code: 2
[error] Number of Nodes: 5 
[error] Number of Variables: 6
[error] Number of Constraints: 49
[error] Time spent encoding: 0.034308433532714844
[error] Number of Nodes: 5 
[error] Number of Variables: 6
[error] Number of Constraints: 49
[error] Time spent encoding: 0.033902645111083984
[error] UNSAT : There is no solution for current depth (loc=0), try to increase it (e.g. loc=1).
[info] Synthesizing programs...
[error] UNSAT : There is no solution for current depth (loc=0), try to increase it (e.g. loc=1).
[error] Total Time: 3.933906555175781e-05
[info] Synthesizing programs...
[error] Total Solver Time: 2.6464462280273438e-05
[error] Total Time Symmetries: 0
[error] Total Time: 3.647804260253906e-05
[error] Total Blocked Models: 0
[error] Total Solver Time: 2.5272369384765625e-05
[info] No more queries to be tested. Solution not found!
[error] Total Time Symmetries: 0
[info] Increasing the number of lines of code.
[error] Total Blocked Models: 0
[info] Lines of Code: 2
[info] No more queries to be tested. Solution not found!
[info] Increasing the number of lines of code.
[info] Lines of Code: 2
[error] Number of Nodes: 5 
[error] Number of Variables: 6
[error] Number of Constraints: 49
[error] Time spent encoding: 0.03472542762756348
[error] UNSAT : There is no solution for current depth (loc=0), try to increase it (e.g. loc=1).
[info] Synthesizing programs...
[error] Total Time: 3.600120544433594e-05
[error] Total Solver Time: 2.5510787963867188e-05
[error] Total Time Symmetries: 0
[error] Total Blocked Models: 0
[info] No more queries to be tested. Solution not found!
[info] Increasing the number of lines of code.
[info] Lines of Code: 2
[error] Number of Nodes: 10 
[error] Number of Variables: 16
[error] Number of Constraints: 136
[error] Time spent encoding: 0.06754064559936523
[info] Synthesizing programs...
[error] Number of Nodes: 10 
[error] Number of Variables: 16
[error] Number of Constraints: 136
[error] Time spent encoding: 0.07394146919250488
[error] Number of Nodes: 10 
[error] Number of Variables: 16
[error] Number of Constraints: 136
[error] Time spent encoding: 0.06800580024719238
[error] Number of Nodes: 10 
[error] Number of Variables: 16
[error] Number of Constraints: 136
[error] Time spent encoding: 0.06886577606201172
[error] Number of Nodes: 10 
[error] Number of Variables: 16
[error] Number of Constraints: 136
[error] Time spent encoding: 0.06761312484741211
[info] Synthesizing programs...
[info] Synthesizing programs...
[info] Synthesizing programs...
[info] Synthesizing programs...
[error] Total Solver Time: 0.00012040138244628906
[error] Total Time Symmetries: 0
[error] Total Blocked Models: 0
[error] Total Time: 0.04345703125
[info] Solution found: select(inner_join(@param1, @param0), P_name, distinct)
[error] Total Solver Time: 0.017147064208984375
[error] Total Time Symmetries: 0
[error] Total Blocked Models: 0
[error] Total Time: 0.14069509506225586
[info] Solution found: select(inner_join(@param1, @param0), P_name, )
[debug] Solution found using process 1: Config(disabled=[], alt_empty_pos=False, shuffle_cols=False, z3_sat_phase='always_false', z3_QF_FD=True)

------------------------------------- R Solution ---------------------------------------

con <- DBI::dbConnect(RSQLite::SQLite(), ":memory:")
input1 <- read.table("tests-examples/cp19/tables/13-1.txt", sep=",", header=T)
input1 <- copy_to(con, input1)
input2 <- read.table("tests-examples/cp19/tables/13-2.txt", sep=",", header=T)
input2 <- copy_to(con, input2)
expected_output <- read.table("tests-examples/cp19/tables/13.out", sep =",", header=T)

RET_DF6 <- inner_join(input2, input1)
RET_DF7 <- RET_DF6 %>% ungroup() %>% select(P_name) %>% distinct()


+++++++++++++++++++++++++++++++++++++ SQL Solution +++++++++++++++++++++++++++++++++++++

SELECT DISTINCT `P_name`
FROM
  (SELECT `P_id`,
          `P_name`,
          `S_key`
   FROM `input2` AS `LHS`
   INNER JOIN `input1` AS `RHS` ON (`LHS`.`P_id` = `RHS`.`P_id`))
