[info] Parsing specification...
[debug] Reading input files...
[info] Parsing specification...
[info] Parsing specification...
[info] Parsing specification...
[debug] Reading input files...
[info] Parsing specification...
[debug] Reading input files...
[debug] Reading input files...
[debug] Generating DSL...
[debug] Reading input files...
[info] Parsing succeeded
[info] Building synthesizer...
[info] Lines of Code: 1
[debug] Generating DSL...
[debug] Generating DSL...
[debug] Generating DSL...
[debug] Generating DSL...
[info] Parsing succeeded
[info] Building synthesizer...
[info] Lines of Code: 1
[info] Parsing succeeded
[info] Building synthesizer...
[info] Parsing succeeded
[info] Lines of Code: 1
[info] Building synthesizer...
[info] Lines of Code: 1
[info] Parsing succeeded
[info] Building synthesizer...
[info] Lines of Code: 1
[error] Number of Nodes: 5 
[error] Number of Variables: 6
[error] Number of Constraints: 49
[error] Time spent encoding: 0.0343470573425293
[error] UNSAT : There is no solution for current depth (loc=0), try to increase it (e.g. loc=1).
[info] Synthesizing programs...
[error] Total Time: 0.006999015808105469
[error] Total Solver Time: 0.006977558135986328
[error] Total Time Symmetries: 0
[error] Total Blocked Models: 0
[info] No more queries to be tested. Solution not found!
[info] Increasing the number of lines of code.
[info] Lines of Code: 2
[error] Number of Nodes: 5 
[error] Number of Variables: 6
[error] Number of Constraints: 49
[error] Time spent encoding: 0.03302812576293945
[error] UNSAT : There is no solution for current depth (loc=0), try to increase it (e.g. loc=1).
[info] Synthesizing programs...
[error] Total Time: 3.5762786865234375e-05
[error] Total Solver Time: 2.5272369384765625e-05
[error] Total Time Symmetries: 0
[error] Number of Nodes: 5 
[error] Total Blocked Models: 0
[error] Number of Variables: 6
[info] No more queries to be tested. Solution not found!
[error] Number of Constraints: 49
[info] Increasing the number of lines of code.
[error] Time spent encoding: 0.03401589393615723
[info] Lines of Code: 2
[error] Number of Nodes: 5 
[error] Number of Variables: 6
[error] Number of Constraints: 49
[error] Time spent encoding: 0.03439784049987793
[error] Number of Nodes: 5 
[error] Number of Variables: 6
[error] Number of Constraints: 49
[error] Time spent encoding: 0.03273630142211914
[error] UNSAT : There is no solution for current depth (loc=0), try to increase it (e.g. loc=1).
[info] Synthesizing programs...
[error] Total Time: 3.528594970703125e-05
[error] Total Solver Time: 2.47955322265625e-05
[error] Total Time Symmetries: 0
[error] Total Blocked Models: 0
[info] No more queries to be tested. Solution not found!
[error] UNSAT : There is no solution for current depth (loc=0), try to increase it (e.g. loc=1).
[info] Increasing the number of lines of code.
[info] Lines of Code: 2
[info] Synthesizing programs...
[error] Total Time: 3.910064697265625e-05
[error] Total Solver Time: 2.6941299438476562e-05
[error] Total Time Symmetries: 0
[error] Total Blocked Models: 0
[info] No more queries to be tested. Solution not found!
[info] Increasing the number of lines of code.
[info] Lines of Code: 2
[error] UNSAT : There is no solution for current depth (loc=0), try to increase it (e.g. loc=1).
[info] Synthesizing programs...
[error] Total Time: 3.838539123535156e-05
[error] Total Solver Time: 2.6702880859375e-05
[error] Total Time Symmetries: 0
[error] Total Blocked Models: 0
[info] No more queries to be tested. Solution not found!
[info] Increasing the number of lines of code.
[info] Lines of Code: 2
[error] Number of Nodes: 10 
[error] Number of Variables: 16
[error] Number of Constraints: 136
[error] Time spent encoding: 0.07439446449279785
[error] Number of Nodes: 10 
[error] Number of Variables: 16
[error] Number of Constraints: 136
[error] Time spent encoding: 0.06866264343261719
[error] Number of Nodes: 10 
[error] Number of Variables: 16
[error] Number of Constraints: 136
[error] Time spent encoding: 0.06699585914611816
[error] Number of Nodes: 10 
[error] Number of Variables: 16
[error] Number of Constraints: 136
[error] Time spent encoding: 0.06761670112609863
[error] Number of Nodes: 10 
[error] Number of Variables: 16
[error] Number of Constraints: 136
[error] Time spent encoding: 0.0681905746459961
[info] Synthesizing programs...
[info] Synthesizing programs...
[info] Synthesizing programs...
[info] Synthesizing programs...
[info] Synthesizing programs...
[error] Total Solver Time: 0.0001251697540283203
[error] Total Time Symmetries: 0
[error] Total Blocked Models: 0
[error] Total Time: 0.045416831970214844
[info] Solution found: select(inner_join(@param1, @param0), P_name, distinct)
[error] Total Solver Time: 0.017029762268066406
[error] Total Time Symmetries: 0
[error] Total Blocked Models: 0
[error] Total Time: 0.14092564582824707
[info] Solution found: select(inner_join(@param1, @param0), P_name, )
[debug] Solution found using process 1: Config(disabled=[], alt_empty_pos=False, shuffle_cols=False, z3_sat_phase='always_false', z3_QF_FD=True)

------------------------------------- R Solution ---------------------------------------

con <- DBI::dbConnect(RSQLite::SQLite(), ":memory:")
input1 <- read.table("tests-examples/cp19/tables/13-1.txt", sep=",", header=T)
input1 <- copy_to(con, input1)
input2 <- read.table("tests-examples/cp19/tables/13-2.txt", sep=",", header=T)
input2 <- copy_to(con, input2)
expected_output <- read.table("tests-examples/cp19/tables/13.out", sep =",", header=T)

RET_DF6 <- inner_join(input2, input1)
RET_DF7 <- RET_DF6 %>% ungroup() %>% select(P_name) %>% distinct()


+++++++++++++++++++++++++++++++++++++ SQL Solution +++++++++++++++++++++++++++++++++++++

SELECT DISTINCT `P_name`
FROM
  (SELECT `P_id`,
          `P_name`,
          `S_key`
   FROM `input2` AS `LHS`
   INNER JOIN `input1` AS `RHS` ON (`LHS`.`P_id` = `RHS`.`P_id`))
