[info] Parsing specification...
[info] Parsing specification...
[info] Parsing specification...
[info] Parsing specification...
[debug] Reading input files...
[debug] Reading input files...
[info] Parsing specification...
[debug] Reading input files...
[debug] Reading input files...
[debug] Reading input files...
[debug] Generating DSL...
[debug] Generating DSL...
[info] Parsing succeeded
[info] Building synthesizer...
[debug] Generating DSL...
[info] Lines of Code: 1
[debug] Generating DSL...
[debug] Generating DSL...
[info] Parsing succeeded
[info] Building synthesizer...
[info] Lines of Code: 1
[info] Parsing succeeded
[info] Building synthesizer...
[info] Lines of Code: 1
[info] Parsing succeeded
[info] Building synthesizer...
[info] Lines of Code: 1
[info] Parsing succeeded
[info] Building synthesizer...
[info] Lines of Code: 1
[error] Number of Nodes: 5 
[error] Number of Variables: 6
[error] Number of Constraints: 64
[error] Time spent encoding: 0.0400238037109375
[error] UNSAT : There is no solution for current depth (loc=0), try to increase it (e.g. loc=1).
[info] Synthesizing programs...
[error] Total Time: 3.4809112548828125e-05
[error] Total Solver Time: 2.4557113647460938e-05
[error] Total Time Symmetries: 0
[error] Total Blocked Models: 0
[info] No more queries to be tested. Solution not found!
[info] Increasing the number of lines of code.
[info] Lines of Code: 2
[error] Number of Nodes: 5 
[error] Number of Variables: 6
[error] Number of Constraints: 64
[error] Time spent encoding: 0.040471553802490234
[error] Number of Nodes: 5 
[error] Number of Variables: 6
[error] Number of Constraints: 64
[error] Time spent encoding: 0.04028797149658203
[error] UNSAT : There is no solution for current depth (loc=0), try to increase it (e.g. loc=1).
[info] Synthesizing programs...
[error] Total Time: 3.5762786865234375e-05
[error] Total Solver Time: 2.4557113647460938e-05
[error] Total Time Symmetries: 0
[error] Total Blocked Models: 0
[info] No more queries to be tested. Solution not found!
[info] Increasing the number of lines of code.
[info] Lines of Code: 2
[error] UNSAT : There is no solution for current depth (loc=0), try to increase it (e.g. loc=1).
[info] Synthesizing programs...
[error] Total Time: 3.62396240234375e-05
[error] Total Solver Time: 2.5272369384765625e-05
[error] Total Time Symmetries: 0
[error] Total Blocked Models: 0
[info] No more queries to be tested. Solution not found!
[info] Increasing the number of lines of code.
[info] Lines of Code: 2
[error] Number of Nodes: 5 
[error] Number of Variables: 6
[error] Number of Constraints: 64
[error] Time spent encoding: 0.04071402549743652
[error] Number of Nodes: 5 
[error] Number of Variables: 6
[error] Number of Constraints: 64
[error] Time spent encoding: 0.04668712615966797
[error] UNSAT : There is no solution for current depth (loc=0), try to increase it (e.g. loc=1).
[info] Synthesizing programs...
[error] Total Time: 4.1961669921875e-05
[error] Total Solver Time: 2.6226043701171875e-05
[error] Total Time Symmetries: 0
[error] Total Blocked Models: 0
[info] No more queries to be tested. Solution not found!
[info] Increasing the number of lines of code.
[info] Lines of Code: 2
[error] UNSAT : There is no solution for current depth (loc=0), try to increase it (e.g. loc=1).
[info] Synthesizing programs...
[error] Total Time: 0.005930185317993164
[error] Total Solver Time: 0.0059130191802978516
[error] Total Time Symmetries: 0
[error] Total Blocked Models: 0
[info] No more queries to be tested. Solution not found!
[info] Increasing the number of lines of code.
[info] Lines of Code: 2
[error] Number of Nodes: 10 
[error] Number of Variables: 16
[error] Number of Constraints: 171
[error] Time spent encoding: 0.09748125076293945
[error] UNSAT : There is no solution for current depth (loc=1), try to increase it (e.g. loc=2).
[info] Synthesizing programs...
[error] Total Time: 3.123283386230469e-05
[error] Total Solver Time: 2.5272369384765625e-05
[error] Total Time Symmetries: 0
[error] Total Blocked Models: 0
[info] No more queries to be tested. Solution not found!
[info] Increasing the number of lines of code.
[info] Lines of Code: 3
[error] Number of Nodes: 10 
[error] Number of Variables: 16
[error] Number of Constraints: 171
[error] Time spent encoding: 0.09707188606262207
[error] Number of Nodes: 10 
[error] Number of Variables: 16
[error] Number of Constraints: 171
[error] Time spent encoding: 0.09673547744750977
[error] Number of Nodes: 10 
[error] Number of Variables: 16
[error] Number of Constraints: 171
[error] Time spent encoding: 0.09774589538574219
[error] UNSAT : There is no solution for current depth (loc=1), try to increase it (e.g. loc=2).
[info] Synthesizing programs...
[error] Total Time: 3.170967102050781e-05
[error] Total Solver Time: 2.5987625122070312e-05
[error] Total Time Symmetries: 0
[error] Total Blocked Models: 0
[info] No more queries to be tested. Solution not found!
[info] Increasing the number of lines of code.
[info] Lines of Code: 3
[error] UNSAT : There is no solution for current depth (loc=1), try to increase it (e.g. loc=2).
[info] Synthesizing programs...
[error] Total Time: 3.266334533691406e-05
[error] Total Solver Time: 2.7179718017578125e-05
[error] Total Time Symmetries: 0
[error] Total Blocked Models: 0
[info] No more queries to be tested. Solution not found!
[info] Increasing the number of lines of code.
[info] Lines of Code: 3
[error] UNSAT : There is no solution for current depth (loc=1), try to increase it (e.g. loc=2).
[info] Synthesizing programs...
[error] Total Time: 3.337860107421875e-05
[error] Total Solver Time: 2.7894973754882812e-05
[error] Total Time Symmetries: 0
[error] Total Blocked Models: 0
[info] No more queries to be tested. Solution not found!
[info] Increasing the number of lines of code.
[info] Lines of Code: 3
[error] Number of Nodes: 10 
[error] Number of Variables: 16
[error] Number of Constraints: 171
[error] Time spent encoding: 0.1027672290802002
[error] UNSAT : There is no solution for current depth (loc=1), try to increase it (e.g. loc=2).
[info] Synthesizing programs...
[error] Total Time: 0.012726068496704102
[error] Total Solver Time: 0.012713193893432617
[error] Total Time Symmetries: 0
[error] Total Blocked Models: 0
[info] No more queries to be tested. Solution not found!
[info] Increasing the number of lines of code.
[info] Lines of Code: 3
[error] Number of Nodes: 15 
[error] Number of Variables: 30
[error] Number of Constraints: 324
[error] Time spent encoding: 0.17623591423034668
[error] UNSAT : There is no solution for current depth (loc=2), try to increase it (e.g. loc=3).
[info] Synthesizing programs...
[error] Total Time: 3.314018249511719e-05
[error] Total Solver Time: 2.6941299438476562e-05
[error] Total Time Symmetries: 0
[error] Total Blocked Models: 0
[info] No more queries to be tested. Solution not found!
[info] Increasing the number of lines of code.
[info] Lines of Code: 4
[error] Number of Nodes: 15 
[error] Number of Variables: 30
[error] Number of Constraints: 324
[error] Time spent encoding: 0.17608237266540527
[error] Number of Nodes: 15 
[error] Number of Variables: 30
[error] Number of Constraints: 324
[error] Time spent encoding: 0.17692160606384277
[error] Number of Nodes: 15 
[error] Number of Variables: 30
[error] Number of Constraints: 324
[error] Time spent encoding: 0.17669224739074707
[error] UNSAT : There is no solution for current depth (loc=2), try to increase it (e.g. loc=3).
[info] Synthesizing programs...
[error] Total Time: 3.4332275390625e-05
[error] Total Solver Time: 2.8133392333984375e-05
[error] Total Time Symmetries: 0
[error] Total Blocked Models: 0
[info] No more queries to be tested. Solution not found!
[info] Increasing the number of lines of code.
[info] Lines of Code: 4
[error] UNSAT : There is no solution for current depth (loc=2), try to increase it (e.g. loc=3).
[info] Synthesizing programs...
[error] Total Time: 3.314018249511719e-05
[error] Total Solver Time: 2.6941299438476562e-05
[error] Total Time Symmetries: 0
[error] Total Blocked Models: 0
[info] No more queries to be tested. Solution not found!
[info] Increasing the number of lines of code.
[info] Lines of Code: 4
[error] UNSAT : There is no solution for current depth (loc=2), try to increase it (e.g. loc=3).
[info] Synthesizing programs...
[error] Total Time: 3.600120544433594e-05
[error] Total Solver Time: 2.956390380859375e-05
[error] Total Time Symmetries: 0
[error] Total Blocked Models: 0
[info] No more queries to be tested. Solution not found!
[info] Increasing the number of lines of code.
[info] Lines of Code: 4
[error] Number of Nodes: 15 
[error] Number of Variables: 30
[error] Number of Constraints: 324
[error] Time spent encoding: 0.18264555931091309
[error] UNSAT : There is no solution for current depth (loc=2), try to increase it (e.g. loc=3).
[info] Synthesizing programs...
[error] Total Time: 0.03052067756652832
[error] Total Solver Time: 0.03050684928894043
[error] Total Time Symmetries: 0
[error] Total Blocked Models: 0
[info] No more queries to be tested. Solution not found!
[info] Increasing the number of lines of code.
[info] Lines of Code: 4
[error] Number of Nodes: 20 
[error] Number of Variables: 48
[error] Number of Constraints: 523
[error] Time spent encoding: 0.2842528820037842
[error] Number of Nodes: 20 
[error] Number of Variables: 48
[error] Number of Constraints: 523
[error] Time spent encoding: 0.2825591564178467
[error] Number of Nodes: 20 
[error] Number of Variables: 48
[error] Number of Constraints: 523
[error] Time spent encoding: 0.2823770046234131
[error] Number of Nodes: 20 
[error] Number of Variables: 48
[error] Number of Constraints: 523
[error] Time spent encoding: 0.2821040153503418
[info] Synthesizing programs...
[info] Synthesizing programs...
[info] Synthesizing programs...
[info] Synthesizing programs...
[error] Number of Nodes: 20 
[error] Number of Variables: 48
[error] Number of Constraints: 523
[error] Time spent encoding: 0.29045915603637695
[info] Synthesizing programs...
[error] Total Solver Time: 0.03983879089355469
[error] Total Time Symmetries: 0
[error] Total Blocked Models: 0
[error] Total Time: 1.6964848041534424
[info] Solution found: select(filter(summariseGrouped(inner_join3(@param1, @param0, @param2), n = n(), S_name), n == max(n)), S_name, distinct)
[debug] Solution found using process 4: Config(disabled=[], alt_empty_pos=False, shuffle_cols=False, z3_sat_phase='random', z3_QF_FD=True)

------------------------------------- R Solution ---------------------------------------

con <- DBI::dbConnect(RSQLite::SQLite(), ":memory:")
input1 <- read.table("tests-examples/cp19/tables/14-1.txt", sep=",", header=T)
input1 <- copy_to(con, input1)
input2 <- read.table("tests-examples/cp19/tables/14-2.txt", sep=",", header=T)
input2 <- copy_to(con, input2)
input3 <- read.table("tests-examples/cp19/tables/14-3.txt", sep=",", header=T)
input3 <- copy_to(con, input3)
expected_output <- read.table("tests-examples/cp19/tables/14.out", sep =",", header=T)

RET_DF86 <- inner_join(inner_join(input2, input1), input3)
RET_DF87 <- RET_DF86 %>% group_by(S_name) %>% summarise(n = n())
RET_DF88 <- filter(RET_DF87, n == max(n))
RET_DF89 <- RET_DF88 %>% ungroup() %>% select(S_name) %>% distinct()


+++++++++++++++++++++++++++++++++++++ SQL Solution +++++++++++++++++++++++++++++++++++++

SELECT DISTINCT `S_name`
FROM
  (SELECT `S_name`,
          `n`
   FROM
     (SELECT `S_name`,
             `n`,
             MAX(`n`) OVER () AS `zzz4`
      FROM
        (SELECT `S_name`,
                COUNT() AS `n`
         FROM
           (SELECT `P_id`,
                   `color`,
                   `S_key`,
                   `S_name`
            FROM
              (SELECT `P_id`,
                      `color`,
                      `S_key`
               FROM `input2` AS `LHS`
               INNER JOIN `input1` AS `RHS` ON (`LHS`.`P_id` = `RHS`.`P_id`)) AS `LHS`
            INNER JOIN `input3` AS `RHS` ON (`LHS`.`S_key` = `RHS`.`S_key`))
         GROUP BY `S_name`))
   WHERE (`n` = `zzz4`))
