[info] Parsing specification...
[info] Parsing specification...
[info] Parsing specification...
[info] Parsing specification...
[debug] Reading input files...
[info] Parsing specification...
[debug] Reading input files...
[debug] Reading input files...
[debug] Reading input files...
[debug] Reading input files...
[debug] Generating DSL...
[debug] Generating DSL...
[debug] Generating DSL...
[debug] Generating DSL...
[debug] Generating DSL...
[info] Parsing succeeded
[info] Building synthesizer...
[info] Lines of Code: 1
[info] Parsing succeeded
[info] Building synthesizer...
[info] Lines of Code: 1
[info] Parsing succeeded
[info] Building synthesizer...
[info] Lines of Code: 1
[info] Parsing succeeded
[info] Building synthesizer...
[info] Lines of Code: 1
[info] Parsing succeeded
[info] Building synthesizer...
[info] Lines of Code: 1
[error] Number of Nodes: 5 
[error] Number of Variables: 6
[error] Number of Constraints: 64
[error] Time spent encoding: 0.03990674018859863
[error] Number of Nodes: 5 
[error] Number of Variables: 6
[error] Number of Constraints: 64
[error] Time spent encoding: 0.039900779724121094
[error] Number of Nodes: 5 
[error] Number of Variables: 6
[error] Number of Constraints: 64
[error] Time spent encoding: 0.03949379920959473
[error] UNSAT : There is no solution for current depth (loc=0), try to increase it (e.g. loc=1).
[info] Synthesizing programs...
[error] Total Time: 3.5762786865234375e-05
[error] Total Solver Time: 2.4318695068359375e-05
[error] Total Time Symmetries: 0
[error] Total Blocked Models: 0
[info] No more queries to be tested. Solution not found!
[info] Increasing the number of lines of code.
[info] Lines of Code: 2
[error] UNSAT : There is no solution for current depth (loc=0), try to increase it (e.g. loc=1).
[info] Synthesizing programs...
[error] Total Time: 3.504753112792969e-05
[error] Total Solver Time: 2.4557113647460938e-05
[error] Total Time Symmetries: 0
[error] UNSAT : There is no solution for current depth (loc=0), try to increase it (e.g. loc=1).
[error] Total Blocked Models: 0
[info] No more queries to be tested. Solution not found!
[info] Increasing the number of lines of code.
[info] Synthesizing programs...
[info] Lines of Code: 2
[error] Total Time: 3.504753112792969e-05
[error] Total Solver Time: 2.4557113647460938e-05
[error] Total Time Symmetries: 0
[error] Total Blocked Models: 0
[info] No more queries to be tested. Solution not found!
[info] Increasing the number of lines of code.
[info] Lines of Code: 2
[error] Number of Nodes: 5 
[error] Number of Variables: 6
[error] Number of Constraints: 64
[error] Time spent encoding: 0.04014229774475098
[error] Number of Nodes: 5 
[error] Number of Variables: 6
[error] Number of Constraints: 64
[error] Time spent encoding: 0.04621291160583496
[error] UNSAT : There is no solution for current depth (loc=0), try to increase it (e.g. loc=1).
[info] Synthesizing programs...
[error] Total Time: 3.838539123535156e-05
[error] Total Solver Time: 2.6941299438476562e-05
[error] Total Time Symmetries: 0
[error] Total Blocked Models: 0
[info] No more queries to be tested. Solution not found!
[info] Increasing the number of lines of code.
[info] Lines of Code: 2
[error] UNSAT : There is no solution for current depth (loc=0), try to increase it (e.g. loc=1).
[info] Synthesizing programs...
[error] Total Time: 0.005887508392333984
[error] Total Solver Time: 0.005869865417480469
[error] Total Time Symmetries: 0
[error] Total Blocked Models: 0
[info] No more queries to be tested. Solution not found!
[info] Increasing the number of lines of code.
[info] Lines of Code: 2
[error] Number of Nodes: 10 
[error] Number of Variables: 16
[error] Number of Constraints: 171
[error] Time spent encoding: 0.0957190990447998
[error] Number of Nodes: 10 
[error] Number of Variables: 16
[error] Number of Constraints: 171
[error] Time spent encoding: 0.09494686126708984
[error] Number of Nodes: 10 
[error] Number of Variables: 16
[error] Number of Constraints: 171
[error] Time spent encoding: 0.09515500068664551
[error] Number of Nodes: 10 
[error] Number of Variables: 16
[error] Number of Constraints: 171
[error] Time spent encoding: 0.09540438652038574
[error] UNSAT : There is no solution for current depth (loc=1), try to increase it (e.g. loc=2).
[info] Synthesizing programs...
[error] Total Time: 3.24249267578125e-05
[error] Total Solver Time: 2.6226043701171875e-05
[error] Total Time Symmetries: 0
[error] Total Blocked Models: 0
[info] No more queries to be tested. Solution not found!
[info] Increasing the number of lines of code.
[info] Lines of Code: 3
[error] UNSAT : There is no solution for current depth (loc=1), try to increase it (e.g. loc=2).
[info] Synthesizing programs...
[error] Total Time: 3.361701965332031e-05
[error] Total Solver Time: 2.7418136596679688e-05
[error] Total Time Symmetries: 0
[error] Total Blocked Models: 0
[info] No more queries to be tested. Solution not found!
[info] Increasing the number of lines of code.
[info] Lines of Code: 3
[error] UNSAT : There is no solution for current depth (loc=1), try to increase it (e.g. loc=2).
[info] Synthesizing programs...
[error] Total Time: 3.1948089599609375e-05
[error] Total Solver Time: 2.6464462280273438e-05
[error] Total Time Symmetries: 0
[error] Total Blocked Models: 0
[info] No more queries to be tested. Solution not found!
[info] Increasing the number of lines of code.
[info] Lines of Code: 3
[error] UNSAT : There is no solution for current depth (loc=1), try to increase it (e.g. loc=2).
[info] Synthesizing programs...
[error] Total Time: 3.409385681152344e-05
[error] Total Solver Time: 2.765655517578125e-05
[error] Total Time Symmetries: 0
[error] Total Blocked Models: 0
[info] No more queries to be tested. Solution not found!
[info] Increasing the number of lines of code.
[info] Lines of Code: 3
[error] Number of Nodes: 10 
[error] Number of Variables: 16
[error] Number of Constraints: 171
[error] Time spent encoding: 0.10119104385375977
[error] UNSAT : There is no solution for current depth (loc=1), try to increase it (e.g. loc=2).
[info] Synthesizing programs...
[error] Total Time: 0.012665033340454102
[error] Total Solver Time: 0.01265263557434082
[error] Total Time Symmetries: 0
[error] Total Blocked Models: 0
[info] No more queries to be tested. Solution not found!
[info] Increasing the number of lines of code.
[info] Lines of Code: 3
[error] Number of Nodes: 15 
[error] Number of Variables: 30
[error] Number of Constraints: 324
[error] Time spent encoding: 0.17201542854309082
[error] Number of Nodes: 15 
[error] Number of Variables: 30
[error] Number of Constraints: 324
[error] Time spent encoding: 0.17315387725830078
[error] Number of Nodes: 15 
[error] Number of Variables: 30
[error] Number of Constraints: 324
[error] Time spent encoding: 0.17298173904418945
[error] Number of Nodes: 15 
[error] Number of Variables: 30
[error] Number of Constraints: 324
[error] Time spent encoding: 0.17259001731872559
[error] UNSAT : There is no solution for current depth (loc=2), try to increase it (e.g. loc=3).
[info] Synthesizing programs...
[error] Total Time: 3.4332275390625e-05
[error] Total Solver Time: 2.8133392333984375e-05
[error] Total Time Symmetries: 0
[error] Total Blocked Models: 0
[info] No more queries to be tested. Solution not found!
[info] Increasing the number of lines of code.
[info] Lines of Code: 4
[error] UNSAT : There is no solution for current depth (loc=2), try to increase it (e.g. loc=3).
[error] UNSAT : There is no solution for current depth (loc=2), try to increase it (e.g. loc=3).
[info] Synthesizing programs...
[error] Total Time: 3.552436828613281e-05
[error] Total Solver Time: 2.956390380859375e-05
[error] Total Time Symmetries: 0
[error] Total Blocked Models: 0
[info] No more queries to be tested. Solution not found!
[info] Synthesizing programs...
[info] Increasing the number of lines of code.
[info] Lines of Code: 4
[error] Total Time: 3.504753112792969e-05
[error] Total Solver Time: 2.8848648071289062e-05
[error] Total Time Symmetries: 0
[error] Total Blocked Models: 0
[info] No more queries to be tested. Solution not found!
[info] Increasing the number of lines of code.
[info] Lines of Code: 4
[error] UNSAT : There is no solution for current depth (loc=2), try to increase it (e.g. loc=3).
[info] Synthesizing programs...
[error] Total Time: 3.552436828613281e-05
[error] Total Solver Time: 2.9087066650390625e-05
[error] Total Time Symmetries: 0
[error] Total Blocked Models: 0
[info] No more queries to be tested. Solution not found!
[info] Increasing the number of lines of code.
[info] Lines of Code: 4
[error] Number of Nodes: 15 
[error] Number of Variables: 30
[error] Number of Constraints: 324
[error] Time spent encoding: 0.17916488647460938
[error] UNSAT : There is no solution for current depth (loc=2), try to increase it (e.g. loc=3).
[info] Synthesizing programs...
[error] Total Time: 0.030207157135009766
[error] Total Solver Time: 0.030193090438842773
[error] Total Time Symmetries: 0
[error] Total Blocked Models: 0
[info] No more queries to be tested. Solution not found!
[info] Increasing the number of lines of code.
[info] Lines of Code: 4
[error] Number of Nodes: 20 
[error] Number of Variables: 48
[error] Number of Constraints: 523
[error] Time spent encoding: 0.2748880386352539
[error] Number of Nodes: 20 
[error] Number of Variables: 48
[error] Number of Constraints: 523
[error] Time spent encoding: 0.2742595672607422
[error] Number of Nodes: 20 
[error] Number of Variables: 48
[error] Number of Constraints: 523
[error] Time spent encoding: 0.2759885787963867
[error] Number of Nodes: 20 
[error] Number of Variables: 48
[error] Number of Constraints: 523
[error] Time spent encoding: 0.27489304542541504
[info] Synthesizing programs...
[info] Synthesizing programs...
[info] Synthesizing programs...
[info] Synthesizing programs...
[error] Number of Nodes: 20 
[error] Number of Variables: 48
[error] Number of Constraints: 523
[error] Time spent encoding: 0.2842714786529541
[info] Synthesizing programs...
[error] Total Solver Time: 0.03993988037109375
[error] Total Time Symmetries: 0
[error] Total Blocked Models: 0
[error] Total Time: 1.6895363330841064
[info] Solution found: select(filter(summariseGrouped(inner_join3(@param1, @param0, @param2), n = n(), S_name), n == max(n)), S_name, distinct)
[debug] Solution found using process 4: Config(disabled=[], alt_empty_pos=False, shuffle_cols=False, z3_sat_phase='random', z3_QF_FD=True)

------------------------------------- R Solution ---------------------------------------

con <- DBI::dbConnect(RSQLite::SQLite(), ":memory:")
input1 <- read.table("tests-examples/cp19/tables/14-1.txt", sep=",", header=T)
input1 <- copy_to(con, input1)
input2 <- read.table("tests-examples/cp19/tables/14-2.txt", sep=",", header=T)
input2 <- copy_to(con, input2)
input3 <- read.table("tests-examples/cp19/tables/14-3.txt", sep=",", header=T)
input3 <- copy_to(con, input3)
expected_output <- read.table("tests-examples/cp19/tables/14.out", sep =",", header=T)

RET_DF86 <- inner_join(inner_join(input2, input1), input3)
RET_DF87 <- RET_DF86 %>% group_by(S_name) %>% summarise(n = n())
RET_DF88 <- filter(RET_DF87, n == max(n))
RET_DF89 <- RET_DF88 %>% ungroup() %>% select(S_name) %>% distinct()


+++++++++++++++++++++++++++++++++++++ SQL Solution +++++++++++++++++++++++++++++++++++++

SELECT DISTINCT `S_name`
FROM
  (SELECT `S_name`,
          `n`
   FROM
     (SELECT `S_name`,
             `n`,
             MAX(`n`) OVER () AS `zzz4`
      FROM
        (SELECT `S_name`,
                COUNT() AS `n`
         FROM
           (SELECT `P_id`,
                   `color`,
                   `S_key`,
                   `S_name`
            FROM
              (SELECT `P_id`,
                      `color`,
                      `S_key`
               FROM `input2` AS `LHS`
               INNER JOIN `input1` AS `RHS` ON (`LHS`.`P_id` = `RHS`.`P_id`)) AS `LHS`
            INNER JOIN `input3` AS `RHS` ON (`LHS`.`S_key` = `RHS`.`S_key`))
         GROUP BY `S_name`))
   WHERE (`n` = `zzz4`))
