[info] Parsing specification...
[info] Parsing specification...
[info] Parsing specification...
[info] Parsing specification...
[debug] Reading input files...
[info] Parsing specification...
[debug] Reading input files...
[debug] Reading input files...
[debug] Reading input files...
[debug] Reading input files...
[debug] Generating DSL...
[debug] Generating DSL...
[debug] Generating DSL...
[debug] Generating DSL...
[debug] Generating DSL...
[info] Parsing succeeded
[info] Building synthesizer...
[info] Lines of Code: 1
[info] Parsing succeeded
[info] Building synthesizer...
[info] Lines of Code: 1
[info] Parsing succeeded
[info] Building synthesizer...
[info] Lines of Code: 1
[info] Parsing succeeded
[info] Building synthesizer...
[info] Lines of Code: 1
[info] Parsing succeeded
[info] Building synthesizer...
[info] Lines of Code: 1
[error] Number of Nodes: 5 
[error] Number of Variables: 6
[error] Number of Constraints: 64
[error] Time spent encoding: 0.04216933250427246
[error] UNSAT : There is no solution for current depth (loc=0), try to increase it (e.g. loc=1).
[info] Synthesizing programs...
[error] Total Time: 3.600120544433594e-05
[error] Total Solver Time: 2.5510787963867188e-05
[error] Total Time Symmetries: 0
[error] Total Blocked Models: 0
[info] No more queries to be tested. Solution not found!
[info] Increasing the number of lines of code.
[info] Lines of Code: 2
[error] Number of Nodes: 5 
[error] Number of Variables: 6
[error] Number of Constraints: 64
[error] Time spent encoding: 0.04248237609863281
[error] Number of Nodes: 5 
[error] Number of Variables: 6
[error] Number of Constraints: 64
[error] Time spent encoding: 0.04227161407470703
[error] Number of Nodes: 5 
[error] Number of Variables: 6
[error] Number of Constraints: 64
[error] Time spent encoding: 0.042035818099975586
[error] UNSAT : There is no solution for current depth (loc=0), try to increase it (e.g. loc=1).
[info] Synthesizing programs...
[error] Total Time: 3.719329833984375e-05
[error] UNSAT : There is no solution for current depth (loc=0), try to increase it (e.g. loc=1).
[error] Total Solver Time: 2.5510787963867188e-05
[error] Total Time Symmetries: 0
[error] Total Blocked Models: 0
[info] Synthesizing programs...
[info] No more queries to be tested. Solution not found!
[info] Increasing the number of lines of code.
[error] Total Time: 3.528594970703125e-05
[info] Lines of Code: 2
[error] Total Solver Time: 2.5033950805664062e-05
[error] Total Time Symmetries: 0
[error] Total Blocked Models: 0
[info] No more queries to be tested. Solution not found!
[info] Increasing the number of lines of code.
[info] Lines of Code: 2
[error] UNSAT : There is no solution for current depth (loc=0), try to increase it (e.g. loc=1).
[error] Number of Nodes: 5 
[info] Synthesizing programs...
[error] Number of Variables: 6
[error] Number of Constraints: 64
[error] Total Time: 3.695487976074219e-05
[error] Time spent encoding: 0.04855489730834961
[error] Total Solver Time: 2.6464462280273438e-05
[error] Total Time Symmetries: 0
[error] Total Blocked Models: 0
[info] No more queries to be tested. Solution not found!
[info] Increasing the number of lines of code.
[info] Lines of Code: 2
[error] UNSAT : There is no solution for current depth (loc=0), try to increase it (e.g. loc=1).
[info] Synthesizing programs...
[error] Total Time: 0.0059506893157958984
[error] Total Solver Time: 0.005933046340942383
[error] Total Time Symmetries: 0
[error] Total Blocked Models: 0
[info] No more queries to be tested. Solution not found!
[info] Increasing the number of lines of code.
[info] Lines of Code: 2
[error] Number of Nodes: 10 
[error] Number of Variables: 16
[error] Number of Constraints: 171
[error] Time spent encoding: 0.09915924072265625
[error] Number of Nodes: 10 
[error] Number of Variables: 16
[error] Number of Constraints: 171
[error] Time spent encoding: 0.09853386878967285
[error] Number of Nodes: 10 
[error] Number of Variables: 16
[error] Number of Constraints: 171
[error] Time spent encoding: 0.09910750389099121
[error] Number of Nodes: 10 
[error] Number of Variables: 16
[error] Number of Constraints: 171
[error] Time spent encoding: 0.09900522232055664
[error] UNSAT : There is no solution for current depth (loc=1), try to increase it (e.g. loc=2).
[info] Synthesizing programs...
[error] Total Time: 3.337860107421875e-05
[error] Total Solver Time: 2.7179718017578125e-05
[error] Total Time Symmetries: 0
[error] Total Blocked Models: 0
[info] No more queries to be tested. Solution not found!
[info] Increasing the number of lines of code.
[info] Lines of Code: 3
[error] UNSAT : There is no solution for current depth (loc=1), try to increase it (e.g. loc=2).
[info] Synthesizing programs...
[error] Total Time: 3.3855438232421875e-05
[error] Total Solver Time: 2.7894973754882812e-05
[error] Total Time Symmetries: 0
[error] Total Blocked Models: 0
[info] No more queries to be tested. Solution not found!
[info] Increasing the number of lines of code.
[error] UNSAT : There is no solution for current depth (loc=1), try to increase it (e.g. loc=2).
[info] Lines of Code: 3
[info] Synthesizing programs...
[error] Total Time: 3.4332275390625e-05
[error] Total Solver Time: 2.86102294921875e-05
[error] Total Time Symmetries: 0
[error] Total Blocked Models: 0
[info] No more queries to be tested. Solution not found!
[info] Increasing the number of lines of code.
[info] Lines of Code: 3
[error] UNSAT : There is no solution for current depth (loc=1), try to increase it (e.g. loc=2).
[info] Synthesizing programs...
[error] Total Time: 3.504753112792969e-05
[error] Total Solver Time: 2.956390380859375e-05
[error] Total Time Symmetries: 0
[error] Total Blocked Models: 0
[info] No more queries to be tested. Solution not found!
[info] Increasing the number of lines of code.
[info] Lines of Code: 3
[error] Number of Nodes: 10 
[error] Number of Variables: 16
[error] Number of Constraints: 171
[error] Time spent encoding: 0.10757970809936523
[error] UNSAT : There is no solution for current depth (loc=1), try to increase it (e.g. loc=2).
[info] Synthesizing programs...
[error] Total Time: 0.013184309005737305
[error] Total Solver Time: 0.013170719146728516
[error] Total Time Symmetries: 0
[error] Total Blocked Models: 0
[info] No more queries to be tested. Solution not found!
[info] Increasing the number of lines of code.
[info] Lines of Code: 3
[error] Number of Nodes: 15 
[error] Number of Variables: 30
[error] Number of Constraints: 324
[error] Time spent encoding: 0.1802821159362793
[error] Number of Nodes: 15 
[error] Number of Variables: 30
[error] Number of Constraints: 324
[error] Time spent encoding: 0.17830681800842285
[error] Number of Nodes: 15 
[error] Number of Variables: 30
[error] Number of Constraints: 324
[error] Time spent encoding: 0.1799776554107666
[error] Number of Nodes: 15 
[error] Number of Variables: 30
[error] Number of Constraints: 324
[error] Time spent encoding: 0.18034934997558594
[error] UNSAT : There is no solution for current depth (loc=2), try to increase it (e.g. loc=3).
[info] Synthesizing programs...
[error] Total Time: 3.695487976074219e-05
[error] Total Solver Time: 3.0994415283203125e-05
[error] Total Time Symmetries: 0
[error] Total Blocked Models: 0
[info] No more queries to be tested. Solution not found!
[info] Increasing the number of lines of code.
[info] Lines of Code: 4
[error] UNSAT : There is no solution for current depth (loc=2), try to increase it (e.g. loc=3).
[info] Synthesizing programs...
[error] Total Time: 3.62396240234375e-05
[error] Total Solver Time: 3.0517578125e-05
[error] Total Time Symmetries: 0
[error] Total Blocked Models: 0
[info] No more queries to be tested. Solution not found!
[info] Increasing the number of lines of code.
[info] Lines of Code: 4
[error] UNSAT : There is no solution for current depth (loc=2), try to increase it (e.g. loc=3).
[info] Synthesizing programs...
[error] Total Time: 3.719329833984375e-05
[error] Total Solver Time: 3.0994415283203125e-05
[error] Total Time Symmetries: 0
[error] Total Blocked Models: 0
[info] No more queries to be tested. Solution not found!
[info] Increasing the number of lines of code.
[info] Lines of Code: 4
[error] UNSAT : There is no solution for current depth (loc=2), try to increase it (e.g. loc=3).
[info] Synthesizing programs...
[error] Total Time: 3.743171691894531e-05
[error] Total Solver Time: 3.0994415283203125e-05
[error] Total Time Symmetries: 0
[error] Total Blocked Models: 0
[info] No more queries to be tested. Solution not found!
[info] Increasing the number of lines of code.
[info] Lines of Code: 4
[error] Number of Nodes: 15 
[error] Number of Variables: 30
[error] Number of Constraints: 324
[error] Time spent encoding: 0.18720483779907227
[error] UNSAT : There is no solution for current depth (loc=2), try to increase it (e.g. loc=3).
[info] Synthesizing programs...
[error] Total Time: 0.03559398651123047
[error] Total Solver Time: 0.03558087348937988
[error] Total Time Symmetries: 0
[error] Total Blocked Models: 0
[info] No more queries to be tested. Solution not found!
[info] Increasing the number of lines of code.
[info] Lines of Code: 4
[error] Number of Nodes: 20 
[error] Number of Variables: 48
[error] Number of Constraints: 523
[error] Time spent encoding: 0.2841055393218994
[error] Number of Nodes: 20 
[error] Number of Variables: 48
[error] Number of Constraints: 523
[error] Time spent encoding: 0.2846946716308594
[error] Number of Nodes: 20 
[error] Number of Variables: 48
[error] Number of Constraints: 523
[error] Time spent encoding: 0.284466028213501
[error] Number of Nodes: 20 
[error] Number of Variables: 48
[error] Number of Constraints: 523
[error] Time spent encoding: 0.285933256149292
[info] Synthesizing programs...
[info] Synthesizing programs...
[info] Synthesizing programs...
[info] Synthesizing programs...
[error] Number of Nodes: 20 
[error] Number of Variables: 48
[error] Number of Constraints: 523
[error] Time spent encoding: 0.29649853706359863
[info] Synthesizing programs...
[error] Total Solver Time: 0.004614591598510742
[error] Total Time Symmetries: 0
[error] Total Blocked Models: 0
[error] Total Time: 0.33898448944091797
[info] Solution found: select(filters(summariseGrouped(inner_join3(@param2, @param0, @param1), n = n(), color, S_name), n == max(n), color == red, &), S_name, )
[debug] Solution found using process 2: Config(disabled=[], alt_empty_pos=False, shuffle_cols=False, z3_sat_phase='caching', z3_QF_FD=True)

------------------------------------- R Solution ---------------------------------------

con <- DBI::dbConnect(RSQLite::SQLite(), ":memory:")
input1 <- read.table("tests-examples/cp19/tables/15-1.txt", sep=",", header=T)
input1 <- copy_to(con, input1)
input2 <- read.table("tests-examples/cp19/tables/15-2.txt", sep=",", header=T)
input2 <- copy_to(con, input2)
input3 <- read.table("tests-examples/cp19/tables/15-3.txt", sep=",", header=T)
input3 <- copy_to(con, input3)
expected_output <- read.table("tests-examples/cp19/tables/15.out", sep =",", header=T)

RET_DF27 <- inner_join(inner_join(input3, input1), input2)
RET_DF28 <- RET_DF27 %>% group_by(color, S_name) %>% summarise(n = n())
RET_DF29 <- RET_DF28 %>% ungroup() %>% filter(n == max(n) & color == "red")
RET_DF30 <- RET_DF29 %>% ungroup() %>% select(S_name)


+++++++++++++++++++++++++++++++++++++ SQL Solution +++++++++++++++++++++++++++++++++++++

SELECT `S_name`
FROM
  (SELECT `color`,
          `S_name`,
          `n`
   FROM
     (SELECT `color`,
             `S_name`,
             `n`,
             MAX(`n`) OVER () AS `zzz4`
      FROM
        (SELECT `color`,
                `S_name`,
                COUNT() AS `n`
         FROM
           (SELECT `S_key`,
                   `S_name`,
                   `P_id`,
                   `color`
            FROM
              (SELECT `S_key`,
                      `S_name`,
                      `P_id`
               FROM `input3` AS `LHS`
               INNER JOIN `input1` AS `RHS` ON (`LHS`.`S_key` = `RHS`.`S_key`)) AS `LHS`
            INNER JOIN `input2` AS `RHS` ON (`LHS`.`P_id` = `RHS`.`P_id`))
         GROUP BY `color`,
                  `S_name`))
   WHERE (`n` = `zzz4`
          AND `color` = 'red'))
