[info] Parsing specification...
[info] Parsing specification...
[info] Parsing specification...
[info] Parsing specification...
[debug] Reading input files...
[debug] Reading input files...
[info] Parsing specification...
[debug] Reading input files...
[debug] Reading input files...
[debug] Reading input files...
[debug] Generating DSL...
[debug] Generating DSL...
[info] Parsing succeeded
[info] Building synthesizer...
[info] Lines of Code: 1
[debug] Generating DSL...
[debug] Generating DSL...
[debug] Generating DSL...
[info] Parsing succeeded
[info] Building synthesizer...
[info] Lines of Code: 1
[info] Parsing succeeded
[info] Building synthesizer...
[info] Lines of Code: 1
[info] Parsing succeeded
[info] Building synthesizer...
[info] Lines of Code: 1
[info] Parsing succeeded
[info] Building synthesizer...
[info] Lines of Code: 1
[error] Number of Nodes: 5 
[error] Number of Variables: 6
[error] Number of Constraints: 64
[error] Time spent encoding: 0.040866851806640625
[error] UNSAT : There is no solution for current depth (loc=0), try to increase it (e.g. loc=1).
[info] Synthesizing programs...
[error] Total Time: 3.552436828613281e-05
[error] Total Solver Time: 2.4557113647460938e-05
[error] Total Time Symmetries: 0
[error] Total Blocked Models: 0
[info] No more queries to be tested. Solution not found!
[info] Increasing the number of lines of code.
[info] Lines of Code: 2
[error] Number of Nodes: 5 
[error] Number of Variables: 6
[error] Number of Constraints: 64
[error] Time spent encoding: 0.04116177558898926
[error] UNSAT : There is no solution for current depth (loc=0), try to increase it (e.g. loc=1).
[info] Synthesizing programs...
[error] Total Time: 3.6716461181640625e-05
[error] Total Solver Time: 2.4557113647460938e-05
[error] Total Time Symmetries: 0
[error] Total Blocked Models: 0
[info] No more queries to be tested. Solution not found!
[info] Increasing the number of lines of code.
[info] Lines of Code: 2
[error] Number of Nodes: 5 
[error] Number of Variables: 6
[error] Number of Constraints: 64
[error] Time spent encoding: 0.042151689529418945
[error] UNSAT : There is no solution for current depth (loc=0), try to increase it (e.g. loc=1).
[info] Synthesizing programs...
[error] Total Time: 3.528594970703125e-05
[error] Total Solver Time: 2.4557113647460938e-05
[error] Total Time Symmetries: 0
[error] Total Blocked Models: 0
[info] No more queries to be tested. Solution not found!
[info] Increasing the number of lines of code.
[info] Lines of Code: 2
[error] Number of Nodes: 5 
[error] Number of Variables: 6
[error] Number of Constraints: 64
[error] Time spent encoding: 0.04182767868041992
[error] Number of Nodes: 5 
[error] Number of Variables: 6
[error] Number of Constraints: 64
[error] Time spent encoding: 0.048029184341430664
[error] UNSAT : There is no solution for current depth (loc=0), try to increase it (e.g. loc=1).
[info] Synthesizing programs...
[error] Total Time: 3.910064697265625e-05
[error] Total Solver Time: 2.6464462280273438e-05
[error] Total Time Symmetries: 0
[error] Total Blocked Models: 0
[info] No more queries to be tested. Solution not found!
[info] Increasing the number of lines of code.
[info] Lines of Code: 2
[error] UNSAT : There is no solution for current depth (loc=0), try to increase it (e.g. loc=1).
[info] Synthesizing programs...
[error] Total Time: 0.0059049129486083984
[error] Total Solver Time: 0.005887508392333984
[error] Total Time Symmetries: 0
[error] Total Blocked Models: 0
[info] No more queries to be tested. Solution not found!
[info] Increasing the number of lines of code.
[info] Lines of Code: 2
[error] Number of Nodes: 10 
[error] Number of Variables: 16
[error] Number of Constraints: 171
[error] Time spent encoding: 0.0983574390411377
[error] UNSAT : There is no solution for current depth (loc=1), try to increase it (e.g. loc=2).
[info] Synthesizing programs...
[error] Total Time: 3.147125244140625e-05
[error] Total Solver Time: 2.5510787963867188e-05
[error] Total Time Symmetries: 0
[error] Total Blocked Models: 0
[info] No more queries to be tested. Solution not found!
[info] Increasing the number of lines of code.
[info] Lines of Code: 3
[error] Number of Nodes: 10 
[error] Number of Variables: 16
[error] Number of Constraints: 171
[error] Time spent encoding: 0.09819579124450684
[error] Number of Nodes: 10 
[error] Number of Variables: 16
[error] Number of Constraints: 171
[error] Time spent encoding: 0.09823441505432129
[error] Number of Nodes: 10 
[error] Number of Variables: 16
[error] Number of Constraints: 171
[error] Time spent encoding: 0.09831523895263672
[error] UNSAT : There is no solution for current depth (loc=1), try to increase it (e.g. loc=2).
[info] Synthesizing programs...
[error] Total Time: 3.170967102050781e-05
[error] Total Solver Time: 2.5987625122070312e-05
[error] Total Time Symmetries: 0
[error] Total Blocked Models: 0
[info] No more queries to be tested. Solution not found!
[info] Increasing the number of lines of code.
[info] Lines of Code: 3
[error] UNSAT : There is no solution for current depth (loc=1), try to increase it (e.g. loc=2).
[info] Synthesizing programs...
[error] Total Time: 3.314018249511719e-05
[error] Total Solver Time: 2.6941299438476562e-05
[error] Total Time Symmetries: 0
[error] Total Blocked Models: 0
[info] No more queries to be tested. Solution not found!
[info] Increasing the number of lines of code.
[info] Lines of Code: 3
[error] UNSAT : There is no solution for current depth (loc=1), try to increase it (e.g. loc=2).
[info] Synthesizing programs...
[error] Total Time: 3.409385681152344e-05
[error] Total Solver Time: 2.765655517578125e-05
[error] Total Time Symmetries: 0
[error] Total Blocked Models: 0
[info] No more queries to be tested. Solution not found!
[info] Increasing the number of lines of code.
[info] Lines of Code: 3
[error] Number of Nodes: 10 
[error] Number of Variables: 16
[error] Number of Constraints: 171
[error] Time spent encoding: 0.10453629493713379
[error] UNSAT : There is no solution for current depth (loc=1), try to increase it (e.g. loc=2).
[info] Synthesizing programs...
[error] Total Time: 0.013209819793701172
[error] Total Solver Time: 0.013197183609008789
[error] Total Time Symmetries: 0
[error] Total Blocked Models: 0
[info] No more queries to be tested. Solution not found!
[info] Increasing the number of lines of code.
[info] Lines of Code: 3
[error] Number of Nodes: 15 
[error] Number of Variables: 30
[error] Number of Constraints: 324
[error] Time spent encoding: 0.17989230155944824
[error] UNSAT : There is no solution for current depth (loc=2), try to increase it (e.g. loc=3).
[info] Synthesizing programs...
[error] Total Time: 3.24249267578125e-05
[error] Total Solver Time: 2.6702880859375e-05
[error] Total Time Symmetries: 0
[error] Total Blocked Models: 0
[info] No more queries to be tested. Solution not found!
[info] Increasing the number of lines of code.
[info] Lines of Code: 4
[error] Number of Nodes: 15 
[error] Number of Variables: 30
[error] Number of Constraints: 324
[error] Time spent encoding: 0.17909550666809082
[error] Number of Nodes: 15 
[error] Number of Variables: 30
[error] Number of Constraints: 324
[error] Time spent encoding: 0.1781160831451416
[error] Number of Nodes: 15 
[error] Number of Variables: 30
[error] Number of Constraints: 324
[error] Time spent encoding: 0.17822980880737305
[error] UNSAT : There is no solution for current depth (loc=2), try to increase it (e.g. loc=3).
[info] Synthesizing programs...
[error] Total Time: 3.361701965332031e-05
[error] Total Solver Time: 2.6941299438476562e-05
[error] Total Time Symmetries: 0
[error] Total Blocked Models: 0
[info] No more queries to be tested. Solution not found!
[info] Increasing the number of lines of code.
[info] Lines of Code: 4
[error] UNSAT : There is no solution for current depth (loc=2), try to increase it (e.g. loc=3).
[info] Synthesizing programs...
[error] Total Time: 3.5762786865234375e-05
[error] Total Solver Time: 2.956390380859375e-05
[error] Total Time Symmetries: 0
[error] Total Blocked Models: 0
[info] No more queries to be tested. Solution not found!
[info] Increasing the number of lines of code.
[info] Lines of Code: 4
[error] UNSAT : There is no solution for current depth (loc=2), try to increase it (e.g. loc=3).
[info] Synthesizing programs...
[error] Total Time: 3.600120544433594e-05
[error] Total Solver Time: 3.0279159545898438e-05
[error] Total Time Symmetries: 0
[error] Total Blocked Models: 0
[info] No more queries to be tested. Solution not found!
[info] Increasing the number of lines of code.
[info] Lines of Code: 4
[error] Number of Nodes: 15 
[error] Number of Variables: 30
[error] Number of Constraints: 324
[error] Time spent encoding: 0.18607449531555176
[error] UNSAT : There is no solution for current depth (loc=2), try to increase it (e.g. loc=3).
[info] Synthesizing programs...
[error] Total Time: 0.0357060432434082
[error] Total Solver Time: 0.03569316864013672
[error] Total Time Symmetries: 0
[error] Total Blocked Models: 0
[info] No more queries to be tested. Solution not found!
[info] Increasing the number of lines of code.
[info] Lines of Code: 4
[error] Number of Nodes: 20 
[error] Number of Variables: 48
[error] Number of Constraints: 523
[error] Time spent encoding: 0.2829298973083496
[error] Number of Nodes: 20 
[error] Number of Variables: 48
[error] Number of Constraints: 523
[error] Time spent encoding: 0.28282785415649414
[error] Number of Nodes: 20 
[error] Number of Variables: 48
[error] Number of Constraints: 523
[error] Time spent encoding: 0.28240966796875
[error] Number of Nodes: 20 
[error] Number of Variables: 48
[error] Number of Constraints: 523
[error] Time spent encoding: 0.28427982330322266
[info] Synthesizing programs...
[info] Synthesizing programs...
[info] Synthesizing programs...
[info] Synthesizing programs...
[error] Number of Nodes: 20 
[error] Number of Variables: 48
[error] Number of Constraints: 523
[error] Time spent encoding: 0.29254722595214844
[info] Synthesizing programs...
[error] Total Solver Time: 0.0047359466552734375
[error] Total Time Symmetries: 0
[error] Total Blocked Models: 0
[error] Total Time: 0.33567094802856445
[info] Solution found: select(filters(summariseGrouped(inner_join3(@param2, @param0, @param1), n = n(), color, S_name), n == max(n), color == red, &), S_name, )
[debug] Solution found using process 2: Config(disabled=[], alt_empty_pos=False, shuffle_cols=False, z3_sat_phase='caching', z3_QF_FD=True)

------------------------------------- R Solution ---------------------------------------

con <- DBI::dbConnect(RSQLite::SQLite(), ":memory:")
input1 <- read.table("tests-examples/cp19/tables/15-1.txt", sep=",", header=T)
input1 <- copy_to(con, input1)
input2 <- read.table("tests-examples/cp19/tables/15-2.txt", sep=",", header=T)
input2 <- copy_to(con, input2)
input3 <- read.table("tests-examples/cp19/tables/15-3.txt", sep=",", header=T)
input3 <- copy_to(con, input3)
expected_output <- read.table("tests-examples/cp19/tables/15.out", sep =",", header=T)

RET_DF27 <- inner_join(inner_join(input3, input1), input2)
RET_DF28 <- RET_DF27 %>% group_by(color, S_name) %>% summarise(n = n())
RET_DF29 <- RET_DF28 %>% ungroup() %>% filter(n == max(n) & color == "red")
RET_DF30 <- RET_DF29 %>% ungroup() %>% select(S_name)


+++++++++++++++++++++++++++++++++++++ SQL Solution +++++++++++++++++++++++++++++++++++++

SELECT `S_name`
FROM
  (SELECT `color`,
          `S_name`,
          `n`
   FROM
     (SELECT `color`,
             `S_name`,
             `n`,
             MAX(`n`) OVER () AS `zzz4`
      FROM
        (SELECT `color`,
                `S_name`,
                COUNT() AS `n`
         FROM
           (SELECT `S_key`,
                   `S_name`,
                   `P_id`,
                   `color`
            FROM
              (SELECT `S_key`,
                      `S_name`,
                      `P_id`
               FROM `input3` AS `LHS`
               INNER JOIN `input1` AS `RHS` ON (`LHS`.`S_key` = `RHS`.`S_key`)) AS `LHS`
            INNER JOIN `input2` AS `RHS` ON (`LHS`.`P_id` = `RHS`.`P_id`))
         GROUP BY `color`,
                  `S_name`))
   WHERE (`n` = `zzz4`
          AND `color` = 'red'))
