[info] Parsing specification...
[info] Parsing specification...
[info] Parsing specification...
[info] Parsing specification...
[debug] Reading input files...
[debug] Reading input files...
[info] Parsing specification...
[debug] Reading input files...
[debug] Reading input files...
[debug] Reading input files...
[debug] Generating DSL...
[debug] Generating DSL...
[debug] Generating DSL...
[info] Parsing succeeded
[info] Building synthesizer...
[info] Lines of Code: 1
[debug] Generating DSL...
[debug] Generating DSL...
[info] Parsing succeeded
[info] Building synthesizer...
[info] Lines of Code: 1
[info] Parsing succeeded
[info] Building synthesizer...
[info] Lines of Code: 1
[info] Parsing succeeded
[info] Building synthesizer...
[info] Lines of Code: 1
[info] Parsing succeeded
[info] Building synthesizer...
[info] Lines of Code: 1
[error] Number of Nodes: 5 
[error] Number of Variables: 6
[error] Number of Constraints: 65
[error] Time spent encoding: 0.058701515197753906
[error] UNSAT : There is no solution for current depth (loc=0), try to increase it (e.g. loc=1).
[info] Synthesizing programs...
[error] Total Time: 3.6716461181640625e-05
[error] Total Solver Time: 2.7418136596679688e-05
[error] Total Time Symmetries: 0
[error] Total Blocked Models: 0
[info] No more queries to be tested. Solution not found!
[info] Increasing the number of lines of code.
[info] Lines of Code: 2
[error] Number of Nodes: 5 
[error] Number of Variables: 6
[error] Number of Constraints: 65
[error] Time spent encoding: 0.058385610580444336
[error] Number of Nodes: 5 
[error] Number of Variables: 6
[error] Number of Constraints: 65
[error] Time spent encoding: 0.059255123138427734
[error] Number of Nodes: 5 
[error] Number of Variables: 6
[error] UNSAT : There is no solution for current depth (loc=0), try to increase it (e.g. loc=1).
[error] Number of Constraints: 65
[error] Time spent encoding: 0.06447625160217285
[info] Synthesizing programs...
[error] Total Time: 3.647804260253906e-05
[error] Total Solver Time: 2.6226043701171875e-05
[error] Total Time Symmetries: 0
[error] Total Blocked Models: 0
[error] Number of Nodes: 5 
[info] No more queries to be tested. Solution not found!
[info] Increasing the number of lines of code.
[error] Number of Variables: 6
[info] Lines of Code: 2
[error] Number of Constraints: 65
[error] Time spent encoding: 0.05863547325134277
[error] UNSAT : There is no solution for current depth (loc=0), try to increase it (e.g. loc=1).
[info] Synthesizing programs...
[error] Total Time: 4.38690185546875e-05
[error] Total Solver Time: 3.218650817871094e-05
[error] Total Time Symmetries: 0
[error] Total Blocked Models: 0
[info] No more queries to be tested. Solution not found!
[info] Increasing the number of lines of code.
[info] Lines of Code: 2
[error] UNSAT : There is no solution for current depth (loc=0), try to increase it (e.g. loc=1).
[info] Synthesizing programs...
[error] Total Time: 4.3392181396484375e-05
[error] Total Solver Time: 3.147125244140625e-05
[error] Total Time Symmetries: 0
[error] Total Blocked Models: 0
[info] No more queries to be tested. Solution not found!
[info] Increasing the number of lines of code.
[info] Lines of Code: 2
[error] UNSAT : There is no solution for current depth (loc=0), try to increase it (e.g. loc=1).
[info] Synthesizing programs...
[error] Total Time: 0.008843660354614258
[error] Total Solver Time: 0.008825302124023438
[error] Total Time Symmetries: 0
[error] Total Blocked Models: 0
[info] No more queries to be tested. Solution not found!
[info] Increasing the number of lines of code.
[info] Lines of Code: 2
[error] Number of Nodes: 10 
[error] Number of Variables: 16
[error] Number of Constraints: 172
[error] Time spent encoding: 0.13325834274291992
[error] UNSAT : There is no solution for current depth (loc=1), try to increase it (e.g. loc=2).
[info] Synthesizing programs...
[error] Total Time: 3.2901763916015625e-05
[error] Total Solver Time: 2.765655517578125e-05
[error] Total Time Symmetries: 0
[error] Total Blocked Models: 0
[info] No more queries to be tested. Solution not found!
[info] Increasing the number of lines of code.
[info] Lines of Code: 3
[error] Number of Nodes: 10 
[error] Number of Variables: 16
[error] Number of Constraints: 172
[error] Time spent encoding: 0.1319420337677002
[error] Number of Nodes: 10 
[error] Number of Variables: 16
[error] Number of Constraints: 172
[error] Time spent encoding: 0.13280582427978516
[error] Number of Nodes: 10 
[error] Number of Variables: 16
[error] Number of Constraints: 172
[error] Time spent encoding: 0.13398313522338867
[error] UNSAT : There is no solution for current depth (loc=1), try to increase it (e.g. loc=2).
[info] Synthesizing programs...
[error] Total Time: 3.409385681152344e-05
[error] Total Solver Time: 2.7894973754882812e-05
[error] Total Time Symmetries: 0
[error] Total Blocked Models: 0
[info] No more queries to be tested. Solution not found!
[info] Increasing the number of lines of code.
[info] Lines of Code: 3
[error] UNSAT : There is no solution for current depth (loc=1), try to increase it (e.g. loc=2).
[info] Synthesizing programs...
[error] Total Time: 3.5762786865234375e-05
[error] Total Solver Time: 2.956390380859375e-05
[error] Total Time Symmetries: 0
[error] Total Blocked Models: 0
[info] No more queries to be tested. Solution not found!
[info] Increasing the number of lines of code.
[info] Lines of Code: 3
[error] UNSAT : There is no solution for current depth (loc=1), try to increase it (e.g. loc=2).
[info] Synthesizing programs...
[error] Total Time: 3.600120544433594e-05
[error] Total Solver Time: 2.956390380859375e-05
[error] Total Time Symmetries: 0
[error] Total Blocked Models: 0
[info] No more queries to be tested. Solution not found!
[info] Increasing the number of lines of code.
[info] Lines of Code: 3
[error] Number of Nodes: 10 
[error] Number of Variables: 16
[error] Number of Constraints: 172
[error] Time spent encoding: 0.13784551620483398
[error] UNSAT : There is no solution for current depth (loc=1), try to increase it (e.g. loc=2).
[info] Synthesizing programs...
[error] Total Time: 0.024077892303466797
[error] Total Solver Time: 0.024065256118774414
[error] Total Time Symmetries: 0
[error] Total Blocked Models: 0
[info] No more queries to be tested. Solution not found!
[info] Increasing the number of lines of code.
[info] Lines of Code: 3
[error] Number of Nodes: 15 
[error] Number of Variables: 30
[error] Number of Constraints: 325
[error] Time spent encoding: 0.2318108081817627
[error] UNSAT : There is no solution for current depth (loc=2), try to increase it (e.g. loc=3).
[info] Synthesizing programs...
[error] Total Time: 3.62396240234375e-05
[error] Total Solver Time: 3.075599670410156e-05
[error] Total Time Symmetries: 0
[error] Total Blocked Models: 0
[info] No more queries to be tested. Solution not found!
[info] Increasing the number of lines of code.
[info] Lines of Code: 4
[error] Number of Nodes: 15 
[error] Number of Variables: 30
[error] Number of Constraints: 325
[error] Time spent encoding: 0.23253083229064941
[error] Number of Nodes: 15 
[error] Number of Variables: 30
[error] Number of Constraints: 325
[error] Time spent encoding: 0.2333695888519287
[error] Number of Nodes: 15 
[error] Number of Variables: 30
[error] Number of Constraints: 325
[error] Time spent encoding: 0.23264598846435547
[error] UNSAT : There is no solution for current depth (loc=2), try to increase it (e.g. loc=3).
[info] Synthesizing programs...
[error] Total Time: 4.363059997558594e-05
[error] Total Solver Time: 3.6716461181640625e-05
[error] Total Time Symmetries: 0
[error] Total Blocked Models: 0
[info] No more queries to be tested. Solution not found!
[info] Increasing the number of lines of code.
[info] Lines of Code: 4
[error] UNSAT : There is no solution for current depth (loc=2), try to increase it (e.g. loc=3).
[info] Synthesizing programs...
[error] Total Time: 3.743171691894531e-05
[error] Total Solver Time: 3.218650817871094e-05
[error] Total Time Symmetries: 0
[error] Total Blocked Models: 0
[info] No more queries to be tested. Solution not found!
[info] Increasing the number of lines of code.
[info] Lines of Code: 4
[error] UNSAT : There is no solution for current depth (loc=2), try to increase it (e.g. loc=3).
[info] Synthesizing programs...
[error] Total Time: 3.790855407714844e-05
[error] Total Solver Time: 3.218650817871094e-05
[error] Total Time Symmetries: 0
[error] Total Blocked Models: 0
[info] No more queries to be tested. Solution not found!
[info] Increasing the number of lines of code.
[info] Lines of Code: 4
[error] Number of Nodes: 15 
[error] Number of Variables: 30
[error] Number of Constraints: 325
[error] Time spent encoding: 0.23737311363220215
[error] UNSAT : There is no solution for current depth (loc=2), try to increase it (e.g. loc=3).
[info] Synthesizing programs...
[error] Total Time: 0.07100129127502441
[error] Total Solver Time: 0.07098770141601562
[error] Total Time Symmetries: 0
[error] Total Blocked Models: 0
[info] No more queries to be tested. Solution not found!
[info] Increasing the number of lines of code.
[info] Lines of Code: 4
[error] Number of Nodes: 20 
[error] Number of Variables: 48
[error] Number of Constraints: 524
[error] Time spent encoding: 0.35653066635131836
[error] Number of Nodes: 20 
[error] Number of Variables: 48
[error] Number of Constraints: 524
[error] Time spent encoding: 0.35497498512268066
[error] Number of Nodes: 20 
[error] Number of Variables: 48
[error] Number of Constraints: 524
[error] Time spent encoding: 0.3553040027618408
[error] Number of Nodes: 20 
[error] Number of Variables: 48
[error] Number of Constraints: 524
[error] Time spent encoding: 0.35687756538391113
[info] Synthesizing programs...
[info] Synthesizing programs...
[info] Synthesizing programs...
[info] Synthesizing programs...
[error] Number of Nodes: 20 
[error] Number of Variables: 48
[error] Number of Constraints: 524
[error] Time spent encoding: 0.3607501983642578
[info] Synthesizing programs...
[error] Total Solver Time: 0.08931231498718262
[error] Total Time Symmetries: 0
[error] Total Blocked Models: 0
[error] Total Solver Time: 0.08296918869018555
[error] Total Time Symmetries: 0
[error] Total Blocked Models: 0
[error] Total Solver Time: 0.1033930778503418
[error] Total Time Symmetries: 0
[error] Total Blocked Models: 0
[error] Total Solver Time: 0.0947575569152832
[error] Total Time Symmetries: 0
[error] Total Blocked Models: 0
[error] Total Solver Time: 0.4728987216949463
[error] Total Time Symmetries: 0
[error] Total Blocked Models: 0
[error] Total Solver Time: 0.1750657558441162
[error] Total Time Symmetries: 0
[error] Total Blocked Models: 0
[error] Total Solver Time: 0.1805572509765625
[error] Total Time Symmetries: 0
[error] Total Blocked Models: 0
[error] Total Solver Time: 0.16657209396362305
[error] Total Time Symmetries: 0
[error] Total Blocked Models: 0
[error] Total Solver Time: 0.1868574619293213
[error] Total Time Symmetries: 0
[error] Total Blocked Models: 0
[error] Total Solver Time: 0.6200706958770752
[error] Total Time Symmetries: 0
[error] Total Blocked Models: 0
[error] Total Solver Time: 0.25837135314941406
[error] Total Time Symmetries: 0
[error] Total Blocked Models: 0
[error] Total Solver Time: 0.26462769508361816
[error] Total Time Symmetries: 0
[error] Total Blocked Models: 0
[error] Total Solver Time: 0.24978876113891602
[error] Total Time Symmetries: 0
[error] Total Blocked Models: 0
[error] Total Solver Time: 0.26935815811157227
[error] Total Time Symmetries: 0
[error] Total Blocked Models: 0
[error] Total Solver Time: 0.8291404247283936
[error] Total Time Symmetries: 0
[error] Total Blocked Models: 0
[error] Total Solver Time: 0.34287071228027344
[error] Total Time Symmetries: 0
[error] Total Blocked Models: 0
[error] Total Solver Time: 0.33363842964172363
[error] Total Time Symmetries: 0
[error] Total Blocked Models: 0
[error] Total Solver Time: 0.35198283195495605
[error] Total Time Symmetries: 0
[error] Total Blocked Models: 0
[error] Total Solver Time: 0.35366034507751465
[error] Total Time Symmetries: 0
[error] Total Blocked Models: 0
[error] Total Solver Time: 0.9883112907409668
[error] Total Time Symmetries: 0
[error] Total Blocked Models: 0
[error] Total Solver Time: 0.427323579788208
[error] Total Time Symmetries: 0
[error] Total Blocked Models: 0
[error] Total Solver Time: 0.41720080375671387
[error] Total Time Symmetries: 0
[error] Total Blocked Models: 0
[error] Total Solver Time: 0.4364161491394043
[error] Total Time Symmetries: 0
[error] Total Blocked Models: 0
[error] Total Solver Time: 0.4382021427154541
[error] Total Time Symmetries: 0
[error] Total Blocked Models: 0
[error] Total Solver Time: 0.4475078582763672
[error] Total Time Symmetries: 0
[error] Total Blocked Models: 0
[error] Total Time: 15.584282398223877
[info] Solution found: select(summariseGrouped(filters(inner_join4(@param1, @param3, @param0, @param2), major == History, F_name != faculty1, &), maxage = max(age), major), maxage, distinct)
[debug] Solution found using process 3: Config(disabled=[], alt_empty_pos=False, shuffle_cols=False, z3_sat_phase='always_true', z3_QF_FD=True)

------------------------------------- R Solution ---------------------------------------

con <- DBI::dbConnect(RSQLite::SQLite(), ":memory:")
input1 <- read.table("tests-examples/cp19/tables/2-1.txt", sep=",", header=T)
input1 <- copy_to(con, input1)
input2 <- read.table("tests-examples/cp19/tables/2-2.txt", sep=",", header=T)
input2 <- copy_to(con, input2)
input3 <- read.table("tests-examples/cp19/tables/2-3.txt", sep=",", header=T)
input3 <- copy_to(con, input3)
input4 <- read.table("tests-examples/cp19/tables/2-4.txt", sep=",", header=T)
input4 <- copy_to(con, input4)
expected_output <- read.table("tests-examples/cp19/tables/2.out", sep =",", header=T)

RET_DF743 <- inner_join(inner_join(inner_join(input2, input4), input1), input3)
RET_DF744 <- RET_DF743 %>% ungroup() %>% filter(major == "History" & F_name != "faculty1")
RET_DF745 <- RET_DF744 %>% group_by(major) %>% summarise(maxage = max(age))
RET_DF746 <- RET_DF745 %>% ungroup() %>% select(maxage) %>% distinct()


+++++++++++++++++++++++++++++++++++++ SQL Solution +++++++++++++++++++++++++++++++++++++

SELECT DISTINCT `maxage`
FROM
  (SELECT `major`,
          MAX(`age`) AS `maxage`
   FROM
     (SELECT *
      FROM
        (SELECT `S_key`,
                `C_name`,
                `major`,
                `age`,
                `F_key`,
                `F_name`
         FROM
           (SELECT `S_key`,
                   `C_name`,
                   `major`,
                   `age`,
                   `F_key`
            FROM
              (SELECT `S_key`,
                      `C_name`,
                      `major`,
                      `age`
               FROM `input2` AS `LHS`
               INNER JOIN `input4` AS `RHS` ON (`LHS`.`S_key` = `RHS`.`S_key`)) AS `LHS`
            INNER JOIN `input1` AS `RHS` ON (`LHS`.`C_name` = `RHS`.`C_name`)) AS `LHS`
         INNER JOIN `input3` AS `RHS` ON (`LHS`.`F_key` = `RHS`.`F_key`))
      WHERE (`major` = 'History'
             AND `F_name` != 'faculty1'))
   GROUP BY `major`)
