R[write to console]: 
Attaching package: ‘dplyr’


R[write to console]: The following objects are masked from ‘package:stats’:

    filter, lag


R[write to console]: The following objects are masked from ‘package:base’:

    intersect, setdiff, setequal, union


R[write to console]: 
Attaching package: ‘dbplyr’


R[write to console]: The following objects are masked from ‘package:dplyr’:

    ident, sql


# First, specify the types that will be used

enum Cols {
  "C_name, S_key", "C_name, S_name", "S_key, C_name", "S_key, S_name", "S_name, C_name", "S_name, S_key", "C_name", "S_key", "S_name"
}

enum Col {
  "C_name", "S_key", "S_name"
}

enum SelectCols{
  "S_name"
}

enum Distinct {
	"distinct", ""
}

enum FilterCondition{
"n == max(n)"
}

enum SummariseCondition{
"n = n()"
}

enum Op{
 "|", "&"
}

value Table {
  col: int;
  row: int;
}

value TableSelect {
  col: int;
  row: int;
}

value Empty;

# Next, specify the input/output of the synthesized program
program Squares(Table, Table) -> TableSelect;

# Finally, specify the production rules
func empty: Empty -> Empty;

func inner_join: Table r -> Table a, Table b
{
  col(r) <= col(a) + col(b);
}

func inner_join3: Table r -> Table a, Table b, Table c
{
  col(r) < col(a) + col(b) + col(c);
}

func inner_join4: Table r -> Table a, Table b, Table c, Table d {
  col(r) < col(a) + col(b) + col(c) + col(d);
}

func anti_join: Table r ->  Table a, Table b, Col c {
  #col(r) <= col(a) + col(b);
  col(r) == 1;
  row(r) <= row(a);
}

func left_join: Table r ->  Table a, Table b{
  col(r) <= col(a) + col(b);
  row(r) == row(a);
}

func bind_rows: Table r ->  Table a, Table b{
  col(r) <= col(a) + col(b);
  row(r) == row(a) + row(b);
}

func intersect: Table r ->  Table a, Table b, Col c {
  #col(r) <= col(a) + col(b);
  col(r) == 1;
  row(r) <= row(a);
}

func select: TableSelect r -> Table a, SelectCols c, Distinct d{
	row(r) <= row(a);
	col(r) <= col(a);
}




func filter: Table r -> Table a, FilterCondition f {
 row(r) <= row(a);
 col(r) == col(a);
}
func filters: Table r -> Table a, FilterCondition f, FilterCondition g, Op o {
 row(r) <= row(a);
 col(r) == col(a);
}


func summariseGrouped: Table r -> Table a, SummariseCondition s, Cols b {
 row(r) <= row(a);
 col(r) <= 3;
}

predicate is_not_parent(inner_join4, summariseGrouped, 100);
predicate is_not_parent(summariseGrouped, summariseGrouped, 100);
predicate distinct_filters(filters, 1, 2);

predicate is_not_parent(filters, filter, 100);
predicate is_not_parent(filter, filters, 100);
predicate is_not_parent(filter, filter, 100);
predicate is_not_parent(filters, filters, 100);

predicate constant_occurs("n = n()");
predicate constant_occurs("n == max(n)");
predicate happens_before("n == max(n)","n = n()");
predicate is_not_parent(inner_join, inner_join3, 100);
predicate is_not_parent(inner_join, inner_join4, 100);
#predicate is_not_parent(inner_join, anti_join, 100);
predicate is_not_parent(inner_join3, inner_join, 100);
predicate is_not_parent(inner_join3, inner_join3, 100);
predicate is_not_parent(inner_join3, inner_join4, 100);
predicate is_not_parent(inner_join3, anti_join, 100);
predicate is_not_parent(inner_join4, inner_join, 100);
predicate is_not_parent(inner_join4, inner_join3, 100);
predicate is_not_parent(inner_join4, inner_join4, 100);
#predicate is_not_parent(inner_join4, anti_join, 100);
predicate is_not_parent(anti_join, anti_join, 100);
predicate is_not_parent(anti_join, inner_join, 100);
predicate is_not_parent(anti_join, inner_join4, 100);
predicate distinct_inputs(inner_join4);
predicate distinct_inputs(inner_join3);
predicate distinct_inputs(inner_join);
predicate distinct_inputs(anti_join);

Joining, by = "S_key"
Joining, by = c("S_key", "S_name")
Adding missing grouping variables: `C_name`
Adding missing grouping variables: `C_name`
Joining, by = "S_key"
Joining, by = "S_key"
Joining, by = "S_key"
Adding missing grouping variables: `C_name`
Joining, by = "S_key"
Joining, by = c("S_key", "S_name")
Joining, by = "S_key"
Joining, by = c("S_key", "S_name")
Joining, by = "S_key"
Joining, by = "S_key"
Joining, by = "S_key"
Joining, by = c("S_key", "S_name")
Joining, by = "S_key"
Joining, by = c("S_key", "S_name")
Joining, by = "S_key"
Joining, by = "S_key"
Joining, by = "C_name"
Joining, by = "S_key"
Joining, by = c("S_key", "C_name")
Joining, by = "S_key"
Joining, by = c("S_key", "C_name")
Joining, by = "S_key"
Joining, by = "S_key"
Joining, by = "S_key"
Joining, by = "S_key"
Joining, by = "S_key"

------------------------------------- R Solution ---------------------------------------

con <- DBI::dbConnect(RSQLite::SQLite(), ":memory:")
input0 <- read.table("tests-examples/textbook/tables/10-1.txt", sep =",", header=T)
input0
input0 <- copy_to(con,input0)
input1 <- read.table("tests-examples/textbook/tables/10-2.txt", sep =",", header=T)
input1
input1 <- copy_to(con,input1)
expected_output <- read.table("tests-examples/textbook/tables/10.out", sep =",", header=T)
expected_output

RET_DF145 <- input0 %>% group_by(S_key) %>% summarise(n = n())
RET_DF146 <- filter(RET_DF145, n == max(n))
RET_DF147 <- inner_join(inner_join(input0, RET_DF146), input1)
RET_DF148 <- RET_DF147 %>% ungroup() %>% select(S_name) %>% distinct()



+++++++++++++++++++++++++++++++++++++ SQL Solution +++++++++++++++++++++++++++++++++++++

Joining, by = "S_key"
Joining, by = "S_key"
SELECT DISTINCT `S_name`
FROM
  (SELECT `S_key`,
          `C_name`,
          `n`,
          `S_name`
   FROM
     (SELECT `S_key`,
             `C_name`,
             `n`
      FROM `input0` AS `LHS`
      INNER JOIN
        (SELECT `S_key`,
                `n`
         FROM
           (SELECT `S_key`,
                   `n`,
                   MAX(`n`) OVER () AS `zzz3`
            FROM
              (SELECT `S_key`,
                      COUNT() AS `n`
               FROM `input0`
               GROUP BY `S_key`))
         WHERE (`n` = `zzz3`)) AS `RHS` ON (`LHS`.`S_key` = `RHS`.`S_key`)) AS `LHS`
   INNER JOIN `input1` AS `RHS` ON (`LHS`.`S_key` = `RHS`.`S_key`))

