[     1.605][MainProcess][INFO] Parsing specification...
[     1.608][MainProcess][WARNING] "attrs" field is deprecated. Please use "columns"
[     1.608][MainProcess][WARNING] "aggrs" field is deprecated. Please use "functions"
[     1.609][MainProcess][DEBUG] Reading input files...
[     1.616][MainProcess][INFO] Inferred data types for table tests-examples/scythe/top_rated_posts/tables/i005.csv: ['int64', 'string', 'int64']
[     1.621][MainProcess][INFO] Inferred data types for table tests-examples/scythe/top_rated_posts/tables/o005.csv: ['int64', 'string', 'int64']
[     1.647][MainProcess][DEBUG] Generating DSL...
[    19.322][MainProcess][INFO] Creating 8 processes
[    19.396][MainProcess][DEBUG] Increasing generator loc to 3
[    37.684][cube-solver-4][DEBUG] Initialising process for 3 lines of code.
[    37.748][cube-solver-2][DEBUG] Initialising process for 2 lines of code.
[    37.813][cube-solver-7][DEBUG] Initialising process for 3 lines of code.
[    38.412][cube-solver-6][DEBUG] Initialising process for 3 lines of code.
[    38.573][cube-solver-0][DEBUG] Initialising process for 2 lines of code.
[    38.576][cube-solver-5][DEBUG] Initialising process for 3 lines of code.
[    38.587][cube-solver-1][DEBUG] Initialising process for 2 lines of code.
[    38.595][cube-solver-3][DEBUG] Initialising process for 2 lines of code.
[   599.989][MainProcess][INFO] Statistics:
[   599.989][MainProcess][INFO] 	Generated cubes: 8
[   599.990][MainProcess][INFO] 	Attempted programs: 0
[   599.990][MainProcess][INFO] 		Rejected: 0
[   599.990][MainProcess][INFO] 		Failed: 0
[   599.990][MainProcess][INFO] 	Blacklist clauses: 0

No solution found
