[     1.657][MainProcess][INFO] Parsing specification...
[     1.661][MainProcess][DEBUG] Reading input files...
[     1.670][MainProcess][WARNING] Using integers larger than 32 bits! Converting column phone_number to string.
[     1.671][MainProcess][INFO] Inferred data types for table tests-examples/scythe/top_rated_posts/tables/i010_1.csv: ['timedelta64[ns]', 'string', 'object']
[     1.677][MainProcess][WARNING] Using integers larger than 32 bits! Converting column phone_number to string.
[     1.678][MainProcess][INFO] Inferred data types for table tests-examples/scythe/top_rated_posts/tables/i010_2.csv: ['timedelta64[ns]', 'timedelta64[ns]', 'object']
[     1.684][MainProcess][WARNING] Using integers larger than 32 bits! Converting column phone_number to string.
[     1.685][MainProcess][INFO] Inferred data types for table tests-examples/scythe/top_rated_posts/tables/o010.csv: ['timedelta64[ns]', 'timedelta64[ns]', 'object']
[     1.721][MainProcess][DEBUG] Generating DSL...
[     1.734][MainProcess][INFO] Creating 8 processes
[     1.784][cube-solver-0][DEBUG] Initialising process for 1 lines of code.
[     1.784][cube-solver-1][DEBUG] Initialising process for 1 lines of code.
[     1.789][cube-solver-2][DEBUG] Initialising process for 1 lines of code.
[     1.796][cube-solver-4][DEBUG] Initialising process for 1 lines of code.
[     1.797][cube-solver-3][DEBUG] Initialising process for 1 lines of code.
[     1.801][cube-solver-5][DEBUG] Initialising process for 1 lines of code.
[     1.808][cube-solver-6][DEBUG] Initialising process for 1 lines of code.
[     1.810][cube-solver-7][DEBUG] Initialising process for 1 lines of code.
[     1.849][cube-solver-2][DEBUG] Solving cube (l0 = natural_join4(),)
[     1.852][cube-solver-2][DEBUG] Solving cube (l0 = cross_join(),)
[     1.852][cube-solver-1][DEBUG] Solving cube (l0 = natural_join3(),)
[     1.852][cube-solver-0][DEBUG] Solving cube (l0 = natural_join(),)
[     1.853][cube-solver-1][DEBUG] Solving cube (l0 = inner_join(),)
[     1.856][cube-solver-4][DEBUG] Solving cube (l0 = left_join(),)
[     1.868][cube-solver-3][DEBUG] Solving cube (l0 = anti_join(),)
[     1.868][cube-solver-5][DEBUG] Solving cube (l0 = union(),)
[     1.871][MainProcess][DEBUG] Increasing generator loc to 2
[     1.872][cube-solver-2][DEBUG] Initialising process for 2 lines of code.
[     1.876][cube-solver-7][DEBUG] Solving cube (l0 = semi_join(),)
[     1.885][cube-solver-6][DEBUG] Solving cube (l0 = intersect(),)
[     1.909][cube-solver-3][DEBUG] Found solution with cube (l0 = anti_join(),)
[     1.910][MainProcess][INFO] Statistics:
[     1.911][MainProcess][INFO] 	Generated cubes: 11
[     1.911][MainProcess][INFO] 	Attempted programs: 4
[     1.911][MainProcess][INFO] 		Rejected: 0
[     1.911][MainProcess][INFO] 		Failed: 3
[     1.911][MainProcess][INFO] 	Blacklist clauses: 4
[     1.911][MainProcess][DEBUG] Printing statistics for good programs of size 1
[     1.912][MainProcess][DEBUG] 	0: Counter({'natural_join': 4, 'union': 3, 'inner_join': 3, 'left_join': 2, 'anti_join': 1, 'semi_join': 1})
[     1.912][MainProcess][INFO] Solution found: anti_join(@param1, @param0, )

------------------------------------- R Solution ---------------------------------------

con <- DBI::dbConnect(RSQLite::SQLite(), ":memory:")
input1 <- read_csv("tests-examples/scythe/top_rated_posts/tables/i010_1.csv", col_types = cols(id = col_time(),name = col_character(),phone_number = col_character()))
input1 <- copy_to(con, input1)
input2 <- read_csv("tests-examples/scythe/top_rated_posts/tables/i010_2.csv", col_types = cols(id = col_time(),date = col_time(),phone_number = col_character()))
input2 <- copy_to(con, input2)
expected_output <- read_csv("tests-examples/scythe/top_rated_posts/tables/o010.csv", col_types = cols(id = col_time(),date = col_time(),phone_number = col_character()))

df3 <- anti_join(input2, input1, by=c())
out <- df3 %>% select(id, date, phone_number) %>% arrange(id)


+++++++++++++++++++++++++++++++++++++ SQL Solution +++++++++++++++++++++++++++++++++++++

SELECT id, date, phone_number
FROM
  (SELECT *
   FROM input2 AS LHS
   WHERE NOT EXISTS
       (SELECT 1
        FROM input1 AS RHS
        WHERE (LHS.id = RHS.id
               AND LHS.phone_number = RHS.phone_number) ))
ORDER BY id
