[     1.610][MainProcess][INFO] Parsing specification...
[     1.613][MainProcess][WARNING] "attrs" field is deprecated. Please use "columns"
[     1.613][MainProcess][WARNING] "aggrs" field is deprecated. Please use "functions"
[     1.614][MainProcess][DEBUG] Reading input files...
[     1.621][MainProcess][INFO] Inferred data types for table tests-examples/scythe/top_rated_posts/tables/i011_1.csv: ['int64', 'string']
[     1.626][MainProcess][INFO] Inferred data types for table tests-examples/scythe/top_rated_posts/tables/i011_2.csv: ['int64', 'int64', 'string']
[     1.631][MainProcess][INFO] Inferred data types for table tests-examples/scythe/top_rated_posts/tables/o011.csv: ['int64', 'string', 'string']
[     1.659][MainProcess][DEBUG] Generating DSL...
[     1.697][MainProcess][INFO] Creating 8 processes
[     1.725][MainProcess][DEBUG] Increasing generator loc to 2
[     1.763][cube-solver-0][DEBUG] Initialising process for 1 lines of code.
[     1.767][cube-solver-2][DEBUG] Initialising process for 2 lines of code.
[     1.768][cube-solver-1][DEBUG] Initialising process for 1 lines of code.
[     1.771][cube-solver-4][DEBUG] Initialising process for 2 lines of code.
[     1.773][cube-solver-3][DEBUG] Initialising process for 2 lines of code.
[     1.777][cube-solver-6][DEBUG] Initialising process for 2 lines of code.
[     1.780][cube-solver-5][DEBUG] Initialising process for 2 lines of code.
[     1.784][cube-solver-7][DEBUG] Initialising process for 2 lines of code.
[     2.164][cube-solver-0][WARNING] There is no solution for current loc (1).
[     2.165][cube-solver-0][DEBUG] Solving cube (l0 = summarise(),)
[     2.167][cube-solver-0][DEBUG] Initialising process for 2 lines of code.
[     2.168][cube-solver-1][WARNING] There is no solution for current loc (1).
[     2.169][cube-solver-1][DEBUG] Solving cube (l0 = mutate(),)
[     2.170][cube-solver-1][DEBUG] Initialising process for 2 lines of code.
[     2.613][cube-solver-2][DEBUG] Solving cube (l0 = natural_join(), l1 = summarise())
[     2.618][cube-solver-3][DEBUG] Solving cube (l0 = natural_join(), l1 = mutate())
[     2.621][cube-solver-6][DEBUG] Solving cube (l0 = natural_join4(), l1 = summarise())
[     2.634][cube-solver-6][DEBUG] Solving cube (l0 = summarise(), l1 = natural_join4())
[     2.637][cube-solver-5][DEBUG] Solving cube (l0 = natural_join3(), l1 = mutate())
[     2.638][cube-solver-6][DEBUG] Solving cube (l0 = summarise(), l1 = summarise())
[     2.641][cube-solver-6][DEBUG] Solving cube (l0 = summarise(), l1 = anti_join())
[     2.642][cube-solver-5][DEBUG] Solving cube (l0 = summarise(), l1 = left_join())
[     2.646][cube-solver-4][DEBUG] Solving cube (l0 = natural_join3(), l1 = summarise())
[     2.658][cube-solver-4][DEBUG] Solving cube (l0 = summarise(), l1 = union())
[     2.710][cube-solver-7][DEBUG] Solving cube (l0 = natural_join4(), l1 = mutate())
[     2.719][cube-solver-7][DEBUG] Solving cube (l0 = summarise([6]), l1 = intersect())
[     3.074][cube-solver-0][DEBUG] Solving cube (l0 = summarise([23]), l1 = natural_join())
[     3.098][cube-solver-1][DEBUG] Solving cube (l0 = summarise([23]), l1 = natural_join3())
[     3.161][cube-solver-5][DEBUG] Found solution with cube (l0 = summarise(), l1 = left_join())
[     3.162][MainProcess][INFO] Statistics:
[     3.163][MainProcess][INFO] 	Generated cubes: 16
[     3.163][MainProcess][INFO] 	Attempted programs: 6
[     3.163][MainProcess][INFO] 		Rejected: 1
[     3.163][MainProcess][INFO] 		Failed: 4
[     3.163][MainProcess][INFO] 	Blacklist clauses: 23
[     3.163][MainProcess][DEBUG] Printing statistics for good programs of size 2
[     3.163][MainProcess][DEBUG] 	0: Counter({'natural_join': 119, 'summarise': 98})
[     3.164][MainProcess][DEBUG] 	1: Counter({'mutate': 67, 'summarise': 52, 'left_join': 49, 'union': 49})
[     3.164][MainProcess][INFO] Solution found: left_join(@param0, summarise(@param1, concatCity = string_agg(City, ', '), VehicleID))

------------------------------------- R Solution ---------------------------------------

con <- DBI::dbConnect(RSQLite::SQLite(), ":memory:")
input1 <- read_csv("tests-examples/scythe/top_rated_posts/tables/i011_1.csv", col_types = cols(VehicleID = col_integer(),Name = col_character()))
input1 <- copy_to(con, input1)
input2 <- read_csv("tests-examples/scythe/top_rated_posts/tables/i011_2.csv", col_types = cols(LocationID = col_integer(),VehicleID = col_integer(),City = col_character()))
input2 <- copy_to(con, input2)
expected_output <- read_csv("tests-examples/scythe/top_rated_posts/tables/o011.csv", col_types = cols(VehicleID = col_integer(),Name = col_character(),concatCity = col_character()))

string_agg <- function(v,s) {Reduce(function(x, y) paste(x, y, sep = s), v)}

df3 <- input2 %>% group_by(VehicleID) %>% summarise(concatCity = string_agg(City, ', ')) %>% ungroup()
df4 <- left_join(input1, df3)
out <- df4 %>% select(VehicleID, Name, concatCity) %>% arrange(VehicleID)


+++++++++++++++++++++++++++++++++++++ SQL Solution +++++++++++++++++++++++++++++++++++++

SELECT `VehicleID`,
       `Name`,
       `concatCity`
FROM
  (SELECT `LHS`.`VehicleID` AS `VehicleID`,
          `LHS`.`Name` AS `Name`,
          `RHS`.`concatCity` AS `concatCity`
   FROM `input1` AS `LHS`
   LEFT JOIN
     (SELECT `VehicleID`,
             string_agg(`City`, ', ') AS concatCity
      FROM input2
      GROUP BY VehicleID) AS RHS ON (LHS.VehicleID = RHS.VehicleID))
ORDER BY VehicleID
