[     1.580][MainProcess][INFO] Parsing specification...
[     1.583][MainProcess][WARNING] "attrs" field is deprecated. Please use "columns"
[     1.583][MainProcess][WARNING] "aggrs" field is deprecated. Please use "functions"
[     1.584][MainProcess][DEBUG] Reading input files...
[     1.590][MainProcess][INFO] Inferred data types for table tests-examples/scythe/top_rated_posts/tables/i014.csv: ['int64', 'string']
[     1.594][MainProcess][INFO] Inferred data types for table tests-examples/scythe/top_rated_posts/tables/o014.csv: ['int64', 'string']
[     1.621][MainProcess][DEBUG] Generating DSL...
[     1.652][MainProcess][INFO] Creating 8 processes
[     1.679][MainProcess][DEBUG] Increasing generator loc to 2
[     1.709][cube-solver-1][DEBUG] Initialising process for 1 lines of code.
[     1.711][cube-solver-0][DEBUG] Initialising process for 1 lines of code.
[     1.713][cube-solver-2][DEBUG] Initialising process for 2 lines of code.
[     1.714][cube-solver-3][DEBUG] Initialising process for 2 lines of code.
[     1.719][cube-solver-4][DEBUG] Initialising process for 2 lines of code.
[     1.721][cube-solver-5][DEBUG] Initialising process for 2 lines of code.
[     1.723][cube-solver-6][DEBUG] Initialising process for 2 lines of code.
[     1.726][cube-solver-7][DEBUG] Initialising process for 2 lines of code.
[     2.027][cube-solver-1][DEBUG] Solving cube (l0 = mutate(),)
[     2.066][cube-solver-0][DEBUG] Solving cube (l0 = summarise(),)
[     2.392][cube-solver-1][DEBUG] Initialising process for 2 lines of code.
[     2.399][cube-solver-3][DEBUG] Solving cube (l0 = natural_join(), l1 = mutate())
[     2.403][cube-solver-3][DEBUG] Solving cube (l0 = summarise(), l1 = natural_join3())
[     2.406][cube-solver-3][DEBUG] Solving cube (l0 = summarise(), l1 = natural_join4())
[     2.408][cube-solver-3][DEBUG] Solving cube (l0 = summarise(), l1 = summarise())
[     2.410][cube-solver-3][DEBUG] Solving cube (l0 = summarise(), l1 = anti_join())
[     2.409][cube-solver-2][DEBUG] Solving cube (l0 = natural_join(), l1 = summarise())
[     2.414][cube-solver-4][DEBUG] Solving cube (l0 = natural_join3(), l1 = summarise())
[     2.416][cube-solver-5][DEBUG] Solving cube (l0 = natural_join3(), l1 = mutate())
[     2.417][cube-solver-6][DEBUG] Solving cube (l0 = natural_join4(), l1 = summarise())
[     2.420][cube-solver-5][DEBUG] Solving cube (l0 = summarise(), l1 = union())
[     2.420][cube-solver-2][DEBUG] Solving cube (l0 = summarise(), l1 = left_join())
[     2.422][cube-solver-7][DEBUG] Solving cube (l0 = natural_join4(), l1 = mutate())
[     2.424][cube-solver-4][DEBUG] Solving cube (l0 = summarise(), l1 = intersect())
[     2.427][cube-solver-6][DEBUG] Solving cube (l0 = summarise(), l1 = semi_join())
[     2.430][cube-solver-7][DEBUG] Solving cube (l0 = summarise(), l1 = cross_join())
[     2.529][cube-solver-0][DEBUG] Found solution with cube (l0 = summarise(),)
[     2.530][MainProcess][INFO] Statistics:
[     2.530][MainProcess][INFO] 	Generated cubes: 18
[     2.530][MainProcess][INFO] 	Attempted programs: 12
[     2.530][MainProcess][INFO] 		Rejected: 11
[     2.530][MainProcess][INFO] 		Failed: 0
[     2.530][MainProcess][INFO] 	Blacklist clauses: 0
[     2.531][MainProcess][DEBUG] Printing statistics for good programs of size 1
[     2.531][MainProcess][DEBUG] 	0: Counter({'summarise': 53, 'mutate': 48})
[     2.531][MainProcess][DEBUG] Printing statistics for good programs of size 2
[     2.531][MainProcess][DEBUG] 	0: Counter({'summarise': 25})
[     2.531][MainProcess][DEBUG] 	1: Counter({'anti_join': 7, 'union': 7, 'semi_join': 6, 'left_join': 5})
[     2.531][MainProcess][INFO] Solution found: summarise(@param0, concatstring = string_agg(string, ', '), id)

------------------------------------- R Solution ---------------------------------------

con <- DBI::dbConnect(RSQLite::SQLite(), ":memory:")
input1 <- read_csv("tests-examples/scythe/top_rated_posts/tables/i014.csv", col_types = cols(id = col_integer(),string = col_character()))
input1 <- copy_to(con, input1)
expected_output <- read_csv("tests-examples/scythe/top_rated_posts/tables/o014.csv", col_types = cols(id = col_integer(),concatstring = col_character()))

string_agg <- function(v,s) {Reduce(function(x, y) paste(x, y, sep = s), v)}

df2 <- input1 %>% group_by(id) %>% summarise(concatstring = string_agg(string, ', ')) %>% ungroup()
out <- df2 %>% select(id, concatstring) %>% arrange(id)


+++++++++++++++++++++++++++++++++++++ SQL Solution +++++++++++++++++++++++++++++++++++++

SELECT `id`,
       `concatstring`
FROM
  (SELECT `id`,
          string_agg(`string`, ', ') AS concatstring
   FROM input1
   GROUP BY id)
ORDER BY id
