[     1.632][MainProcess][INFO] Parsing specification...
[     1.636][MainProcess][DEBUG] Reading input files...
[     1.643][MainProcess][INFO] Inferred data types for table tests-examples/scythe/top_rated_posts/tables/i015.csv: ['int64', 'string', 'string']
[     1.649][MainProcess][INFO] Inferred data types for table tests-examples/scythe/top_rated_posts/tables/o015.csv: ['string', 'float64', 'string', 'string', 'int64']
[     1.675][MainProcess][DEBUG] Generating DSL...
[     1.688][MainProcess][INFO] Creating 8 processes
[     1.725][cube-solver-0][DEBUG] Initialising process for 1 lines of code.
[     1.729][cube-solver-1][DEBUG] Initialising process for 1 lines of code.
[     1.732][cube-solver-2][DEBUG] Initialising process for 1 lines of code.
[     1.738][cube-solver-3][DEBUG] Initialising process for 1 lines of code.
[     1.742][cube-solver-5][DEBUG] Initialising process for 1 lines of code.
[     1.742][cube-solver-4][DEBUG] Initialising process for 1 lines of code.
[     1.743][cube-solver-6][DEBUG] Initialising process for 1 lines of code.
[     1.749][cube-solver-7][DEBUG] Initialising process for 1 lines of code.
[     1.776][cube-solver-0][DEBUG] Solving cube (l0 = natural_join(),)
[     1.777][cube-solver-0][DEBUG] Solving cube (l0 = cross_join(),)
[     1.776][cube-solver-2][DEBUG] Solving cube (l0 = natural_join4(),)
[     1.779][cube-solver-1][DEBUG] Solving cube (l0 = natural_join3(),)
[     1.780][cube-solver-2][DEBUG] Solving cube (l0 = inner_join(),)
[     1.780][MainProcess][DEBUG] Increasing generator loc to 2
[     1.781][cube-solver-1][DEBUG] Initialising process for 2 lines of code.
[     1.784][cube-solver-0][DEBUG] Initialising process for 2 lines of code.
[     1.787][cube-solver-6][DEBUG] Solving cube (l0 = intersect(),)
[     1.788][cube-solver-3][DEBUG] Solving cube (l0 = anti_join(),)
[     1.790][cube-solver-3][DEBUG] Initialising process for 2 lines of code.
[     1.791][cube-solver-5][DEBUG] Solving cube (l0 = union(),)
[     1.798][cube-solver-7][DEBUG] Solving cube (l0 = semi_join(),)
[     1.799][cube-solver-4][DEBUG] Solving cube (l0 = left_join(),)
[     1.800][cube-solver-5][DEBUG] Initialising process for 2 lines of code.
[     1.817][cube-solver-7][DEBUG] Initialising process for 2 lines of code.
[     1.820][cube-solver-4][DEBUG] Initialising process for 2 lines of code.
[     1.848][cube-solver-6][DEBUG] Initialising process for 2 lines of code.
[     1.890][cube-solver-1][DEBUG] Solving cube (l0 = natural_join(), l1 = anti_join())
[     1.892][cube-solver-1][DEBUG] Solving cube (l0 = natural_join(), l1 = natural_join())
[     1.893][cube-solver-1][DEBUG] Solving cube (l0 = natural_join(), l1 = natural_join3())
[     1.893][cube-solver-0][DEBUG] Solving cube (l0 = natural_join(), l1 = left_join())
[     1.894][cube-solver-1][DEBUG] Solving cube (l0 = natural_join(), l1 = natural_join4())
[     1.895][cube-solver-0][DEBUG] Solving cube (l0 = natural_join3(), l1 = anti_join())
[     1.895][cube-solver-1][DEBUG] Solving cube (l0 = natural_join3(), l1 = left_join())
[     1.896][cube-solver-0][DEBUG] Solving cube (l0 = natural_join3(), l1 = union())
[     1.896][cube-solver-1][DEBUG] Solving cube (l0 = natural_join3(), l1 = intersect())
[     1.897][cube-solver-0][DEBUG] Solving cube (l0 = natural_join3(), l1 = semi_join())
[     1.897][cube-solver-1][DEBUG] Solving cube (l0 = natural_join3(), l1 = cross_join([1]))
[     1.898][cube-solver-0][DEBUG] Solving cube (l0 = natural_join3(), l1 = inner_join())
[     1.899][cube-solver-1][DEBUG] Solving cube (l0 = natural_join3(), l1 = natural_join())
[     1.899][cube-solver-0][DEBUG] Solving cube (l0 = natural_join3(), l1 = natural_join3())
[     1.900][cube-solver-1][DEBUG] Solving cube (l0 = natural_join3(), l1 = natural_join4())
[     1.900][cube-solver-0][DEBUG] Solving cube (l0 = natural_join4(), l1 = anti_join())
[     1.901][cube-solver-1][DEBUG] Solving cube (l0 = natural_join4(), l1 = left_join())
[     1.901][cube-solver-0][DEBUG] Solving cube (l0 = natural_join4(), l1 = union())
[     1.902][cube-solver-1][DEBUG] Solving cube (l0 = natural_join4(), l1 = intersect())
[     1.902][cube-solver-3][DEBUG] Solving cube (l0 = natural_join(), l1 = union())
[     1.902][cube-solver-0][DEBUG] Solving cube (l0 = natural_join4(), l1 = semi_join())
[     1.903][cube-solver-1][DEBUG] Solving cube (l0 = natural_join4(), l1 = cross_join([1]))
[     1.903][cube-solver-0][DEBUG] Solving cube (l0 = natural_join4(), l1 = inner_join())
[     1.904][cube-solver-0][DEBUG] Solving cube (l0 = natural_join4(), l1 = natural_join())
[     1.904][cube-solver-3][DEBUG] Solving cube (l0 = natural_join4(), l1 = natural_join3())
[     1.904][cube-solver-1][DEBUG] Solving cube (l0 = natural_join4(), l1 = natural_join4())
[     1.905][cube-solver-0][DEBUG] Solving cube (l0 = anti_join(), l1 = natural_join())
[     1.905][cube-solver-1][DEBUG] Solving cube (l0 = anti_join(), l1 = natural_join3())
[     1.906][cube-solver-3][DEBUG] Solving cube (l0 = anti_join(), l1 = natural_join4())
[     1.906][cube-solver-0][DEBUG] Solving cube (l0 = anti_join(), l1 = anti_join())
[     1.906][cube-solver-1][DEBUG] Solving cube (l0 = anti_join(), l1 = left_join())
[     1.907][cube-solver-0][DEBUG] Solving cube (l0 = anti_join(), l1 = union())
[     1.907][cube-solver-1][DEBUG] Solving cube (l0 = anti_join(), l1 = intersect())
[     1.908][cube-solver-3][DEBUG] Solving cube (l0 = anti_join(), l1 = semi_join())
[     1.908][cube-solver-0][DEBUG] Solving cube (l0 = anti_join(), l1 = cross_join([1]))
[     1.908][cube-solver-1][DEBUG] Solving cube (l0 = anti_join(), l1 = inner_join())
[     1.908][cube-solver-5][DEBUG] Solving cube (l0 = natural_join(), l1 = intersect())
[     1.909][cube-solver-3][DEBUG] Solving cube (l0 = left_join(), l1 = natural_join())
[     1.909][cube-solver-1][DEBUG] Solving cube (l0 = left_join(), l1 = natural_join3())
[     1.910][cube-solver-0][DEBUG] Solving cube (l0 = left_join(), l1 = natural_join4())
[     1.910][cube-solver-5][DEBUG] Solving cube (l0 = left_join(), l1 = anti_join())
[     1.910][cube-solver-1][DEBUG] Solving cube (l0 = left_join(), l1 = left_join())
[     1.911][cube-solver-0][DEBUG] Solving cube (l0 = left_join(), l1 = union())
[     1.949][cube-solver-4][DEBUG] Solving cube (l0 = natural_join(), l1 = cross_join([1]))
[     1.951][cube-solver-0][DEBUG] Solving cube (l0 = left_join(), l1 = intersect())
[     1.951][cube-solver-4][DEBUG] Solving cube (l0 = left_join(), l1 = semi_join())
[     1.954][cube-solver-1][DEBUG] Solving cube (l0 = left_join(), l1 = cross_join([1]))
[     1.956][cube-solver-3][DEBUG] Solving cube (l0 = left_join(), l1 = inner_join())
[     1.957][cube-solver-6][DEBUG] Solving cube (l0 = natural_join(), l1 = inner_join())
[     1.959][cube-solver-6][DEBUG] Solving cube (l0 = union(), l1 = natural_join())
[     1.984][cube-solver-1][DEBUG] Solving cube (l0 = union(), l1 = natural_join3())
[     1.984][cube-solver-6][DEBUG] Solving cube (l0 = union(), l1 = natural_join4())
[     1.985][cube-solver-1][DEBUG] Solving cube (l0 = union(), l1 = anti_join())
[     1.986][cube-solver-6][DEBUG] Solving cube (l0 = union(), l1 = left_join())
[     1.991][cube-solver-4][DEBUG] Solving cube (l0 = union(), l1 = union())
[     2.002][cube-solver-7][DEBUG] Solving cube (l0 = natural_join(), l1 = semi_join())
[     2.004][cube-solver-7][DEBUG] Solving cube (l0 = union(), l1 = intersect())
[     2.019][cube-solver-6][DEBUG] Solving cube (l0 = union(), l1 = semi_join())
[     2.020][cube-solver-4][DEBUG] Solving cube (l0 = union(), l1 = cross_join([1]))
[     2.044][cube-solver-4][DEBUG] Solving cube (l0 = union(), l1 = inner_join())
[     2.052][cube-solver-6][DEBUG] Solving cube (l0 = intersect(), l1 = natural_join())
[     2.082][cube-solver-5][DEBUG] Solving cube (l0 = intersect(), l1 = natural_join3())
[     2.085][cube-solver-5][DEBUG] Solving cube (l0 = intersect(), l1 = natural_join4())
[     2.087][cube-solver-5][DEBUG] Solving cube (l0 = intersect(), l1 = anti_join())
[     2.118][cube-solver-1][DEBUG] Solving cube (l0 = intersect(), l1 = left_join())
[     2.133][cube-solver-0][DEBUG] Solving cube (l0 = intersect(), l1 = union())
[     2.171][cube-solver-6][DEBUG] Solving cube (l0 = intersect(), l1 = intersect())
[     2.286][cube-solver-0][DEBUG] Solving cube (l0 = intersect(), l1 = semi_join())
[     2.312][cube-solver-1][DEBUG] Solving cube (l0 = intersect(), l1 = cross_join([1]))
[     2.339][cube-solver-7][DEBUG] Solving cube (l0 = intersect(), l1 = inner_join())
[     2.442][cube-solver-0][DEBUG] Solving cube (l0 = semi_join(), l1 = natural_join())
[     2.444][cube-solver-1][DEBUG] Solving cube (l0 = semi_join(), l1 = natural_join3())
[     2.445][cube-solver-1][DEBUG] Solving cube (l0 = semi_join(), l1 = natural_join4())
[     2.446][cube-solver-1][DEBUG] Solving cube (l0 = semi_join(), l1 = anti_join())
[     2.464][cube-solver-0][DEBUG] Solving cube (l0 = semi_join(), l1 = left_join())
[     2.498][cube-solver-0][DEBUG] Solving cube (l0 = semi_join(), l1 = union())
[     2.531][cube-solver-0][DEBUG] Solving cube (l0 = semi_join(), l1 = intersect())
[     2.585][cube-solver-1][DEBUG] Solving cube (l0 = semi_join(), l1 = semi_join())
[     2.618][cube-solver-1][DEBUG] Solving cube (l0 = semi_join(), l1 = cross_join([1]))
[     2.644][cube-solver-1][DEBUG] Solving cube (l0 = semi_join(), l1 = inner_join())
[     2.674][cube-solver-0][DEBUG] Solving cube (l0 = cross_join([1]), l1 = natural_join())
[     2.676][cube-solver-0][DEBUG] Solving cube (l0 = cross_join([1]), l1 = natural_join3())
[     2.677][cube-solver-0][DEBUG] Solving cube (l0 = cross_join([1]), l1 = natural_join4())
[     2.679][cube-solver-0][DEBUG] Solving cube (l0 = cross_join([1]), l1 = anti_join())
[     2.681][cube-solver-0][DEBUG] Solving cube (l0 = cross_join([1]), l1 = left_join())
[     2.682][cube-solver-0][DEBUG] Solving cube (l0 = cross_join([1]), l1 = union())
[     2.684][cube-solver-0][DEBUG] Solving cube (l0 = cross_join([1]), l1 = intersect())
[     2.685][cube-solver-0][DEBUG] Solving cube (l0 = cross_join([1]), l1 = semi_join())
[     2.687][cube-solver-0][DEBUG] Solving cube (l0 = cross_join([1]), l1 = cross_join([1]))
[     2.689][cube-solver-0][DEBUG] Solving cube (l0 = cross_join([1]), l1 = inner_join())
[     2.690][cube-solver-0][DEBUG] Solving cube (l0 = inner_join(), l1 = natural_join())
[     2.747][cube-solver-5][DEBUG] Solving cube (l0 = inner_join(), l1 = natural_join3())
[     2.749][cube-solver-5][DEBUG] Solving cube (l0 = inner_join(), l1 = natural_join4())
[     2.752][cube-solver-5][DEBUG] Solving cube (l0 = inner_join(), l1 = anti_join())
[     2.927][cube-solver-6][DEBUG] Solving cube (l0 = inner_join(), l1 = left_join())
[     4.609][cube-solver-7][DEBUG] Solving cube (l0 = inner_join(), l1 = union())
[    14.908][cube-solver-2][DEBUG] Initialising process for 2 lines of code.
[    15.046][cube-solver-2][DEBUG] Solving cube (l0 = inner_join(), l1 = intersect())
[    17.339][cube-solver-2][DEBUG] Solving cube (l0 = inner_join(), l1 = semi_join())
[    28.399][cube-solver-0][DEBUG] Solving cube (l0 = inner_join(), l1 = cross_join([1]))
[    28.737][cube-solver-0][DEBUG] Solving cube (l0 = inner_join(), l1 = inner_join())
[    39.420][MainProcess][DEBUG] Increasing generator loc to 3
[    39.422][cube-solver-4][DEBUG] Initialising process for 3 lines of code.
[    39.611][cube-solver-4][DEBUG] Solving cube (l0 = natural_join(), l1 = anti_join(), l2 = natural_join())
[    39.613][cube-solver-4][DEBUG] Solving cube (l0 = natural_join(), l1 = anti_join(), l2 = natural_join3())
[    39.614][cube-solver-4][DEBUG] Solving cube (l0 = natural_join(), l1 = anti_join(), l2 = natural_join4())
[    39.615][cube-solver-4][DEBUG] Solving cube (l0 = natural_join(), l1 = anti_join(), l2 = anti_join())
[    39.616][cube-solver-4][DEBUG] Solving cube (l0 = natural_join(), l1 = anti_join(), l2 = left_join())
[    39.617][cube-solver-4][DEBUG] Solving cube (l0 = natural_join(), l1 = anti_join(), l2 = union())
[    39.618][cube-solver-4][DEBUG] Solving cube (l0 = natural_join(), l1 = anti_join(), l2 = intersect())
[    39.620][cube-solver-4][DEBUG] Solving cube (l0 = natural_join(), l1 = anti_join(), l2 = semi_join())
[    39.621][cube-solver-4][DEBUG] Solving cube (l0 = natural_join(), l1 = anti_join(), l2 = cross_join([1]))
[    39.623][cube-solver-4][DEBUG] Solving cube (l0 = natural_join(), l1 = anti_join(), l2 = inner_join())
[    39.624][cube-solver-4][DEBUG] Solving cube (l0 = natural_join(), l1 = left_join(), l2 = natural_join())
[    39.625][cube-solver-4][DEBUG] Solving cube (l0 = natural_join(), l1 = left_join(), l2 = natural_join3())
[    39.626][cube-solver-4][DEBUG] Solving cube (l0 = natural_join(), l1 = left_join(), l2 = natural_join4())
[    39.627][cube-solver-4][DEBUG] Solving cube (l0 = natural_join(), l1 = left_join(), l2 = anti_join())
[    39.628][cube-solver-4][DEBUG] Solving cube (l0 = natural_join(), l1 = left_join(), l2 = left_join())
[    39.629][cube-solver-4][DEBUG] Solving cube (l0 = natural_join(), l1 = left_join(), l2 = union())
[    39.631][cube-solver-4][DEBUG] Solving cube (l0 = natural_join(), l1 = left_join(), l2 = intersect())
[    39.632][cube-solver-4][DEBUG] Solving cube (l0 = natural_join(), l1 = left_join(), l2 = semi_join())
[    39.633][cube-solver-4][DEBUG] Solving cube (l0 = natural_join(), l1 = left_join(), l2 = cross_join([1]))
[    39.635][cube-solver-4][DEBUG] Solving cube (l0 = natural_join(), l1 = left_join(), l2 = inner_join())
[    39.636][cube-solver-4][DEBUG] Solving cube (l0 = natural_join(), l1 = union(), l2 = natural_join())
[    39.637][cube-solver-4][DEBUG] Solving cube (l0 = natural_join(), l1 = union(), l2 = natural_join3())
[    39.638][cube-solver-4][DEBUG] Solving cube (l0 = natural_join(), l1 = union(), l2 = natural_join4())
[    39.639][cube-solver-4][DEBUG] Solving cube (l0 = natural_join(), l1 = union(), l2 = anti_join())
[    39.640][cube-solver-4][DEBUG] Solving cube (l0 = natural_join(), l1 = union(), l2 = left_join())
[    39.641][cube-solver-4][DEBUG] Solving cube (l0 = natural_join(), l1 = union(), l2 = union())
[    39.643][cube-solver-4][DEBUG] Solving cube (l0 = natural_join(), l1 = union(), l2 = intersect())
[    39.644][cube-solver-4][DEBUG] Solving cube (l0 = natural_join(), l1 = union(), l2 = semi_join())
[    39.645][cube-solver-4][DEBUG] Solving cube (l0 = natural_join(), l1 = union(), l2 = cross_join([1]))
[    39.646][cube-solver-4][DEBUG] Solving cube (l0 = natural_join(), l1 = union(), l2 = inner_join())
[    39.648][cube-solver-4][DEBUG] Solving cube (l0 = natural_join(), l1 = intersect(), l2 = natural_join())
[    39.649][cube-solver-4][DEBUG] Solving cube (l0 = natural_join(), l1 = intersect(), l2 = natural_join3())
[    39.650][cube-solver-4][DEBUG] Solving cube (l0 = natural_join(), l1 = intersect(), l2 = natural_join4())
[    39.651][cube-solver-4][DEBUG] Solving cube (l0 = natural_join(), l1 = intersect(), l2 = anti_join())
[    39.652][cube-solver-4][DEBUG] Solving cube (l0 = natural_join(), l1 = intersect(), l2 = left_join())
[    39.653][cube-solver-4][DEBUG] Solving cube (l0 = natural_join(), l1 = intersect(), l2 = union())
[    39.654][cube-solver-4][DEBUG] Solving cube (l0 = natural_join(), l1 = intersect(), l2 = intersect())
[    39.656][cube-solver-4][DEBUG] Solving cube (l0 = natural_join(), l1 = intersect(), l2 = semi_join())
[    39.657][cube-solver-4][DEBUG] Solving cube (l0 = natural_join(), l1 = intersect(), l2 = cross_join([1]))
[    39.658][cube-solver-4][DEBUG] Solving cube (l0 = natural_join(), l1 = intersect(), l2 = inner_join())
[    39.659][cube-solver-4][DEBUG] Solving cube (l0 = natural_join(), l1 = semi_join(), l2 = natural_join())
[    39.660][cube-solver-4][DEBUG] Solving cube (l0 = natural_join(), l1 = semi_join(), l2 = natural_join3())
[    39.662][cube-solver-4][DEBUG] Solving cube (l0 = natural_join(), l1 = semi_join(), l2 = natural_join4())
[    39.663][cube-solver-4][DEBUG] Solving cube (l0 = natural_join(), l1 = semi_join(), l2 = anti_join())
[    39.664][cube-solver-4][DEBUG] Solving cube (l0 = natural_join(), l1 = semi_join(), l2 = left_join())
[    39.665][cube-solver-4][DEBUG] Solving cube (l0 = natural_join(), l1 = semi_join(), l2 = union())
[    39.666][cube-solver-4][DEBUG] Solving cube (l0 = natural_join(), l1 = semi_join(), l2 = intersect())
[    39.668][cube-solver-4][DEBUG] Solving cube (l0 = natural_join(), l1 = semi_join(), l2 = semi_join())
[    39.669][cube-solver-4][DEBUG] Solving cube (l0 = natural_join(), l1 = semi_join(), l2 = cross_join([1]))
[    39.671][cube-solver-4][DEBUG] Solving cube (l0 = natural_join(), l1 = semi_join(), l2 = inner_join())
[    39.672][cube-solver-4][DEBUG] Solving cube (l0 = natural_join(), l1 = cross_join([1]), l2 = natural_join())
[    39.673][cube-solver-4][DEBUG] Solving cube (l0 = natural_join(), l1 = cross_join([1]), l2 = natural_join3())
[    39.675][cube-solver-4][DEBUG] Solving cube (l0 = natural_join(), l1 = cross_join([1]), l2 = natural_join4())
[    39.677][cube-solver-4][DEBUG] Solving cube (l0 = natural_join(), l1 = cross_join([1]), l2 = anti_join())
[    39.678][cube-solver-4][DEBUG] Solving cube (l0 = natural_join(), l1 = cross_join([1]), l2 = left_join())
[    39.680][cube-solver-4][DEBUG] Solving cube (l0 = natural_join(), l1 = cross_join([1]), l2 = union())
[    39.682][cube-solver-4][DEBUG] Solving cube (l0 = natural_join(), l1 = cross_join([1]), l2 = intersect())
[    39.683][cube-solver-4][DEBUG] Solving cube (l0 = natural_join(), l1 = cross_join([1]), l2 = semi_join())
[    39.685][cube-solver-4][DEBUG] Solving cube (l0 = natural_join(), l1 = cross_join([1]), l2 = cross_join([1]))
[    39.687][cube-solver-4][DEBUG] Solving cube (l0 = natural_join(), l1 = cross_join([1]), l2 = inner_join())
[    39.688][cube-solver-4][DEBUG] Solving cube (l0 = natural_join(), l1 = inner_join(), l2 = natural_join())
[    39.689][cube-solver-4][DEBUG] Solving cube (l0 = natural_join(), l1 = inner_join(), l2 = natural_join3())
[    39.691][cube-solver-4][DEBUG] Solving cube (l0 = natural_join(), l1 = inner_join(), l2 = natural_join4())
[    39.692][cube-solver-4][DEBUG] Solving cube (l0 = natural_join(), l1 = inner_join(), l2 = anti_join())
[    39.693][cube-solver-4][DEBUG] Solving cube (l0 = natural_join(), l1 = inner_join(), l2 = left_join())
[    39.694][cube-solver-4][DEBUG] Solving cube (l0 = natural_join(), l1 = inner_join(), l2 = union())
[    39.695][cube-solver-4][DEBUG] Solving cube (l0 = natural_join(), l1 = inner_join(), l2 = intersect())
[    39.696][cube-solver-4][DEBUG] Solving cube (l0 = natural_join(), l1 = inner_join(), l2 = semi_join())
[    39.698][cube-solver-4][DEBUG] Solving cube (l0 = natural_join(), l1 = inner_join(), l2 = cross_join([1]))
[    39.699][cube-solver-4][DEBUG] Solving cube (l0 = natural_join(), l1 = inner_join(), l2 = inner_join())
[    39.700][cube-solver-4][DEBUG] Solving cube (l0 = natural_join(), l1 = natural_join(), l2 = anti_join())
[    39.701][cube-solver-4][DEBUG] Solving cube (l0 = natural_join(), l1 = natural_join(), l2 = left_join())
[    39.702][cube-solver-4][DEBUG] Solving cube (l0 = natural_join(), l1 = natural_join(), l2 = union())
[    39.704][cube-solver-4][DEBUG] Solving cube (l0 = natural_join(), l1 = natural_join(), l2 = intersect())
[    39.705][cube-solver-4][DEBUG] Solving cube (l0 = natural_join(), l1 = natural_join(), l2 = semi_join())
[    39.706][cube-solver-4][DEBUG] Solving cube (l0 = natural_join(), l1 = natural_join(), l2 = cross_join([1]))
[    39.708][cube-solver-4][DEBUG] Solving cube (l0 = natural_join(), l1 = natural_join(), l2 = inner_join())
[    39.709][cube-solver-4][DEBUG] Solving cube (l0 = natural_join(), l1 = natural_join(), l2 = natural_join())
[    39.710][cube-solver-4][DEBUG] Solving cube (l0 = natural_join(), l1 = natural_join(), l2 = natural_join3())
[    39.711][cube-solver-4][DEBUG] Solving cube (l0 = natural_join(), l1 = natural_join(), l2 = natural_join4())
[    39.712][cube-solver-4][DEBUG] Solving cube (l0 = natural_join(), l1 = natural_join3(), l2 = anti_join())
[    39.713][cube-solver-4][DEBUG] Solving cube (l0 = natural_join(), l1 = natural_join3(), l2 = left_join())
[    39.715][cube-solver-4][DEBUG] Solving cube (l0 = natural_join(), l1 = natural_join3(), l2 = union())
[    39.716][cube-solver-4][DEBUG] Solving cube (l0 = natural_join(), l1 = natural_join3(), l2 = intersect())
[    39.717][cube-solver-4][DEBUG] Solving cube (l0 = natural_join(), l1 = natural_join3(), l2 = semi_join())
[    39.718][cube-solver-4][DEBUG] Solving cube (l0 = natural_join(), l1 = natural_join3(), l2 = cross_join([1]))
[    39.720][cube-solver-4][DEBUG] Solving cube (l0 = natural_join(), l1 = natural_join3(), l2 = inner_join())
[    39.721][cube-solver-4][DEBUG] Solving cube (l0 = natural_join(), l1 = natural_join3(), l2 = natural_join())
[    39.722][cube-solver-4][DEBUG] Solving cube (l0 = natural_join(), l1 = natural_join3(), l2 = natural_join3())
[    39.723][cube-solver-4][DEBUG] Solving cube (l0 = natural_join(), l1 = natural_join3(), l2 = natural_join4())
[    39.724][cube-solver-4][DEBUG] Solving cube (l0 = natural_join(), l1 = natural_join4(), l2 = anti_join())
[    39.726][cube-solver-4][DEBUG] Solving cube (l0 = natural_join(), l1 = natural_join4(), l2 = left_join())
[    39.727][cube-solver-4][DEBUG] Solving cube (l0 = natural_join(), l1 = natural_join4(), l2 = union())
[    39.728][cube-solver-4][DEBUG] Solving cube (l0 = natural_join(), l1 = natural_join4(), l2 = intersect())
[    39.729][cube-solver-4][DEBUG] Solving cube (l0 = natural_join(), l1 = natural_join4(), l2 = semi_join())
[    39.730][cube-solver-4][DEBUG] Solving cube (l0 = natural_join(), l1 = natural_join4(), l2 = cross_join([1]))
[    39.732][cube-solver-4][DEBUG] Solving cube (l0 = natural_join(), l1 = natural_join4(), l2 = inner_join())
[    39.733][cube-solver-4][DEBUG] Solving cube (l0 = natural_join(), l1 = natural_join4(), l2 = natural_join())
[    39.734][cube-solver-4][DEBUG] Solving cube (l0 = natural_join(), l1 = natural_join4(), l2 = natural_join3())
[    39.735][cube-solver-4][DEBUG] Solving cube (l0 = natural_join(), l1 = natural_join4(), l2 = natural_join4())
[    39.736][cube-solver-4][DEBUG] Solving cube (l0 = natural_join3(), l1 = anti_join(), l2 = natural_join())
[    39.737][cube-solver-4][DEBUG] Solving cube (l0 = natural_join3(), l1 = anti_join(), l2 = natural_join3())
[    39.738][cube-solver-4][DEBUG] Solving cube (l0 = natural_join3(), l1 = anti_join(), l2 = natural_join4())
[    39.740][cube-solver-4][DEBUG] Solving cube (l0 = natural_join3(), l1 = anti_join(), l2 = anti_join())
[    39.741][cube-solver-4][DEBUG] Solving cube (l0 = natural_join3(), l1 = anti_join(), l2 = left_join())
[    39.742][cube-solver-4][DEBUG] Solving cube (l0 = natural_join3(), l1 = anti_join(), l2 = union())
[    39.743][cube-solver-4][DEBUG] Solving cube (l0 = natural_join3(), l1 = anti_join(), l2 = intersect())
[    39.744][cube-solver-4][DEBUG] Solving cube (l0 = natural_join3(), l1 = anti_join(), l2 = semi_join())
[    39.745][cube-solver-4][DEBUG] Solving cube (l0 = natural_join3(), l1 = anti_join(), l2 = cross_join([1]))
[    39.746][cube-solver-1][DEBUG] Initialising process for 3 lines of code.
[    39.747][cube-solver-4][DEBUG] Solving cube (l0 = natural_join3(), l1 = left_join(), l2 = natural_join())
[    39.748][cube-solver-4][DEBUG] Solving cube (l0 = natural_join3(), l1 = left_join(), l2 = natural_join3())
[    39.749][cube-solver-4][DEBUG] Solving cube (l0 = natural_join3(), l1 = left_join(), l2 = natural_join4())
[    39.750][cube-solver-4][DEBUG] Solving cube (l0 = natural_join3(), l1 = left_join(), l2 = anti_join())
[    39.751][cube-solver-4][DEBUG] Solving cube (l0 = natural_join3(), l1 = left_join(), l2 = left_join())
[    39.752][cube-solver-4][DEBUG] Solving cube (l0 = natural_join3(), l1 = left_join(), l2 = union())
[    39.754][cube-solver-4][DEBUG] Solving cube (l0 = natural_join3(), l1 = left_join(), l2 = intersect())
[    39.755][cube-solver-4][DEBUG] Solving cube (l0 = natural_join3(), l1 = left_join(), l2 = semi_join())
[    39.756][cube-solver-4][DEBUG] Solving cube (l0 = natural_join3(), l1 = left_join(), l2 = cross_join([1]))
[    39.757][cube-solver-4][DEBUG] Solving cube (l0 = natural_join3(), l1 = left_join(), l2 = inner_join())
[    39.759][cube-solver-4][DEBUG] Solving cube (l0 = natural_join3(), l1 = union(), l2 = natural_join())
[    39.760][cube-solver-4][DEBUG] Solving cube (l0 = natural_join3(), l1 = union(), l2 = natural_join3())
[    39.761][cube-solver-4][DEBUG] Solving cube (l0 = natural_join3(), l1 = union(), l2 = natural_join4())
[    39.762][cube-solver-4][DEBUG] Solving cube (l0 = natural_join3(), l1 = union(), l2 = anti_join())
[    39.763][cube-solver-4][DEBUG] Solving cube (l0 = natural_join3(), l1 = union(), l2 = left_join())
[    39.764][cube-solver-4][DEBUG] Solving cube (l0 = natural_join3(), l1 = union(), l2 = union())
[    39.766][cube-solver-4][DEBUG] Solving cube (l0 = natural_join3(), l1 = union(), l2 = intersect())
[    39.767][cube-solver-4][DEBUG] Solving cube (l0 = natural_join3(), l1 = union(), l2 = semi_join())
[    39.768][cube-solver-4][DEBUG] Solving cube (l0 = natural_join3(), l1 = union(), l2 = cross_join([1]))
[    39.769][cube-solver-4][DEBUG] Solving cube (l0 = natural_join3(), l1 = union(), l2 = inner_join())
[    39.771][cube-solver-4][DEBUG] Solving cube (l0 = natural_join3(), l1 = intersect(), l2 = natural_join())
[    39.772][cube-solver-4][DEBUG] Solving cube (l0 = natural_join3(), l1 = intersect(), l2 = natural_join3())
[    39.773][cube-solver-4][DEBUG] Solving cube (l0 = natural_join3(), l1 = intersect(), l2 = natural_join4())
[    39.775][cube-solver-4][DEBUG] Solving cube (l0 = natural_join3(), l1 = intersect(), l2 = anti_join())
[    39.776][cube-solver-4][DEBUG] Solving cube (l0 = natural_join3(), l1 = intersect(), l2 = left_join())
[    39.777][cube-solver-4][DEBUG] Solving cube (l0 = natural_join3(), l1 = intersect(), l2 = union())
[    39.778][cube-solver-4][DEBUG] Solving cube (l0 = natural_join3(), l1 = intersect(), l2 = intersect())
[    39.779][cube-solver-4][DEBUG] Solving cube (l0 = natural_join3(), l1 = intersect(), l2 = semi_join())
[    39.781][cube-solver-4][DEBUG] Solving cube (l0 = natural_join3(), l1 = intersect(), l2 = cross_join([1]))
[    39.782][cube-solver-4][DEBUG] Solving cube (l0 = natural_join3(), l1 = intersect(), l2 = inner_join())
[    39.783][cube-solver-4][DEBUG] Solving cube (l0 = natural_join3(), l1 = semi_join(), l2 = natural_join())
[    39.784][cube-solver-4][DEBUG] Solving cube (l0 = natural_join3(), l1 = semi_join(), l2 = natural_join3())
[    39.785][cube-solver-4][DEBUG] Solving cube (l0 = natural_join3(), l1 = semi_join(), l2 = natural_join4())
[    39.787][cube-solver-4][DEBUG] Solving cube (l0 = natural_join3(), l1 = semi_join(), l2 = anti_join())
[    39.788][cube-solver-4][DEBUG] Solving cube (l0 = natural_join3(), l1 = semi_join(), l2 = left_join())
[    39.789][cube-solver-4][DEBUG] Solving cube (l0 = natural_join3(), l1 = semi_join(), l2 = union())
[    39.790][cube-solver-4][DEBUG] Solving cube (l0 = natural_join3(), l1 = semi_join(), l2 = intersect())
[    39.791][cube-solver-4][DEBUG] Solving cube (l0 = natural_join3(), l1 = semi_join(), l2 = semi_join())
[    39.792][cube-solver-4][DEBUG] Solving cube (l0 = natural_join3(), l1 = semi_join(), l2 = cross_join([1]))
[    39.794][cube-solver-4][DEBUG] Solving cube (l0 = natural_join3(), l1 = semi_join(), l2 = inner_join())
[    39.795][cube-solver-4][DEBUG] Solving cube (l0 = natural_join3(), l1 = cross_join([1]), l2 = natural_join())
[    39.796][cube-solver-4][DEBUG] Solving cube (l0 = natural_join3(), l1 = cross_join([1]), l2 = natural_join3())
[    39.798][cube-solver-4][DEBUG] Solving cube (l0 = natural_join3(), l1 = cross_join([1]), l2 = natural_join4())
[    39.800][cube-solver-4][DEBUG] Solving cube (l0 = natural_join3(), l1 = cross_join([1]), l2 = anti_join())
[    39.801][cube-solver-4][DEBUG] Solving cube (l0 = natural_join3(), l1 = cross_join([1]), l2 = left_join())
[    39.803][cube-solver-4][DEBUG] Solving cube (l0 = natural_join3(), l1 = cross_join([1]), l2 = union())
[    39.804][cube-solver-4][DEBUG] Solving cube (l0 = natural_join3(), l1 = cross_join([1]), l2 = intersect())
[    39.806][cube-solver-4][DEBUG] Solving cube (l0 = natural_join3(), l1 = cross_join([1]), l2 = semi_join())
[    39.807][cube-solver-4][DEBUG] Solving cube (l0 = natural_join3(), l1 = cross_join([1]), l2 = cross_join([1]))
[    39.809][cube-solver-4][DEBUG] Solving cube (l0 = natural_join3(), l1 = cross_join([1]), l2 = inner_join())
[    39.811][cube-solver-4][DEBUG] Solving cube (l0 = natural_join3(), l1 = inner_join(), l2 = natural_join())
[    39.812][cube-solver-4][DEBUG] Solving cube (l0 = natural_join3(), l1 = inner_join(), l2 = natural_join3())
[    39.813][cube-solver-4][DEBUG] Solving cube (l0 = natural_join3(), l1 = inner_join(), l2 = natural_join4())
[    39.814][cube-solver-4][DEBUG] Solving cube (l0 = natural_join3(), l1 = inner_join(), l2 = anti_join())
[    39.815][cube-solver-4][DEBUG] Solving cube (l0 = natural_join3(), l1 = inner_join(), l2 = left_join())
[    39.816][cube-solver-4][DEBUG] Solving cube (l0 = natural_join3(), l1 = inner_join(), l2 = union())
[    39.817][cube-solver-4][DEBUG] Solving cube (l0 = natural_join3(), l1 = inner_join(), l2 = intersect())
[    39.818][cube-solver-4][DEBUG] Solving cube (l0 = natural_join3(), l1 = inner_join(), l2 = semi_join())
[    39.820][cube-solver-4][DEBUG] Solving cube (l0 = natural_join3(), l1 = inner_join(), l2 = cross_join([1]))
[    39.821][cube-solver-4][DEBUG] Solving cube (l0 = natural_join3(), l1 = inner_join(), l2 = inner_join())
[    39.822][cube-solver-4][DEBUG] Solving cube (l0 = natural_join3(), l1 = natural_join(), l2 = anti_join())
[    39.823][cube-solver-4][DEBUG] Solving cube (l0 = natural_join3(), l1 = natural_join(), l2 = left_join())
[    39.824][cube-solver-4][DEBUG] Solving cube (l0 = natural_join3(), l1 = natural_join(), l2 = union())
[    39.826][cube-solver-4][DEBUG] Solving cube (l0 = natural_join3(), l1 = natural_join(), l2 = intersect())
[    39.827][cube-solver-4][DEBUG] Solving cube (l0 = natural_join3(), l1 = natural_join(), l2 = semi_join())
[    39.828][cube-solver-4][DEBUG] Solving cube (l0 = natural_join3(), l1 = natural_join(), l2 = cross_join([1]))
[    39.829][cube-solver-4][DEBUG] Solving cube (l0 = natural_join3(), l1 = natural_join(), l2 = inner_join())
[    39.830][cube-solver-4][DEBUG] Solving cube (l0 = natural_join3(), l1 = natural_join(), l2 = natural_join())
[    39.831][cube-solver-4][DEBUG] Solving cube (l0 = natural_join3(), l1 = natural_join(), l2 = natural_join3())
[    39.832][cube-solver-4][DEBUG] Solving cube (l0 = natural_join3(), l1 = natural_join(), l2 = natural_join4())
[    39.834][cube-solver-4][DEBUG] Solving cube (l0 = natural_join3(), l1 = natural_join3(), l2 = anti_join())
[    39.835][cube-solver-4][DEBUG] Solving cube (l0 = natural_join3(), l1 = natural_join3(), l2 = left_join())
[    39.836][cube-solver-4][DEBUG] Solving cube (l0 = natural_join3(), l1 = natural_join3(), l2 = union())
[    39.837][cube-solver-4][DEBUG] Solving cube (l0 = natural_join3(), l1 = natural_join3(), l2 = intersect())
[    39.838][cube-solver-4][DEBUG] Solving cube (l0 = natural_join3(), l1 = natural_join3(), l2 = semi_join())
[    39.839][cube-solver-4][DEBUG] Solving cube (l0 = natural_join3(), l1 = natural_join3(), l2 = cross_join([1]))
[    39.841][cube-solver-4][DEBUG] Solving cube (l0 = natural_join3(), l1 = natural_join3(), l2 = inner_join())
[    39.842][cube-solver-4][DEBUG] Solving cube (l0 = natural_join3(), l1 = natural_join3(), l2 = natural_join())
[    39.843][cube-solver-4][DEBUG] Solving cube (l0 = natural_join3(), l1 = natural_join3(), l2 = natural_join3())
[    39.844][cube-solver-4][DEBUG] Solving cube (l0 = natural_join3(), l1 = natural_join3(), l2 = natural_join4())
[    39.845][cube-solver-4][DEBUG] Solving cube (l0 = natural_join3(), l1 = natural_join4(), l2 = anti_join())
[    39.846][cube-solver-4][DEBUG] Solving cube (l0 = natural_join3(), l1 = natural_join4(), l2 = left_join())
[    39.847][cube-solver-4][DEBUG] Solving cube (l0 = natural_join3(), l1 = natural_join4(), l2 = union())
[    39.848][cube-solver-4][DEBUG] Solving cube (l0 = natural_join3(), l1 = natural_join4(), l2 = intersect())
[    39.849][cube-solver-4][DEBUG] Solving cube (l0 = natural_join3(), l1 = natural_join4(), l2 = semi_join())
[    39.851][cube-solver-4][DEBUG] Solving cube (l0 = natural_join3(), l1 = natural_join4(), l2 = cross_join([1]))
[    39.852][cube-solver-4][DEBUG] Solving cube (l0 = natural_join3(), l1 = natural_join4(), l2 = inner_join())
[    39.853][cube-solver-4][DEBUG] Solving cube (l0 = natural_join3(), l1 = natural_join4(), l2 = natural_join())
[    39.854][cube-solver-4][DEBUG] Solving cube (l0 = natural_join3(), l1 = natural_join4(), l2 = natural_join3())
[    39.856][cube-solver-4][DEBUG] Solving cube (l0 = natural_join3(), l1 = natural_join4(), l2 = natural_join4())
[    39.857][cube-solver-4][DEBUG] Solving cube (l0 = natural_join4(), l1 = anti_join(), l2 = natural_join())
[    39.858][cube-solver-4][DEBUG] Solving cube (l0 = natural_join4(), l1 = anti_join(), l2 = natural_join3())
[    39.859][cube-solver-4][DEBUG] Solving cube (l0 = natural_join4(), l1 = anti_join(), l2 = natural_join4())
[    39.860][cube-solver-4][DEBUG] Solving cube (l0 = natural_join4(), l1 = anti_join(), l2 = anti_join())
[    39.861][cube-solver-4][DEBUG] Solving cube (l0 = natural_join4(), l1 = anti_join(), l2 = left_join())
[    39.862][cube-solver-4][DEBUG] Solving cube (l0 = natural_join4(), l1 = anti_join(), l2 = union())
[    39.864][cube-solver-4][DEBUG] Solving cube (l0 = natural_join4(), l1 = anti_join(), l2 = intersect())
[    39.865][cube-solver-4][DEBUG] Solving cube (l0 = natural_join4(), l1 = anti_join(), l2 = semi_join())
[    39.866][cube-solver-4][DEBUG] Solving cube (l0 = natural_join4(), l1 = anti_join(), l2 = cross_join([1]))
[    39.868][cube-solver-4][DEBUG] Solving cube (l0 = natural_join4(), l1 = anti_join(), l2 = inner_join())
[    39.869][cube-solver-4][DEBUG] Solving cube (l0 = natural_join4(), l1 = left_join(), l2 = natural_join())
[    39.870][cube-solver-4][DEBUG] Solving cube (l0 = natural_join4(), l1 = left_join(), l2 = natural_join3())
[    39.871][cube-solver-4][DEBUG] Solving cube (l0 = natural_join4(), l1 = left_join(), l2 = natural_join4())
[    39.872][cube-solver-4][DEBUG] Solving cube (l0 = natural_join4(), l1 = left_join(), l2 = anti_join())
[    39.873][cube-solver-4][DEBUG] Solving cube (l0 = natural_join4(), l1 = left_join(), l2 = left_join())
[    39.875][cube-solver-4][DEBUG] Solving cube (l0 = natural_join4(), l1 = left_join(), l2 = union())
[    39.876][cube-solver-4][DEBUG] Solving cube (l0 = natural_join4(), l1 = left_join(), l2 = intersect())
[    39.877][cube-solver-4][DEBUG] Solving cube (l0 = natural_join4(), l1 = left_join(), l2 = semi_join())
[    39.878][cube-solver-4][DEBUG] Solving cube (l0 = natural_join4(), l1 = left_join(), l2 = cross_join([1]))
[    39.880][cube-solver-4][DEBUG] Solving cube (l0 = natural_join4(), l1 = left_join(), l2 = inner_join())
[    39.881][cube-solver-4][DEBUG] Solving cube (l0 = natural_join4(), l1 = union(), l2 = natural_join())
[    39.882][cube-solver-4][DEBUG] Solving cube (l0 = natural_join4(), l1 = union(), l2 = natural_join3())
[    39.883][cube-solver-4][DEBUG] Solving cube (l0 = natural_join4(), l1 = union(), l2 = natural_join4())
[    39.884][cube-solver-4][DEBUG] Solving cube (l0 = natural_join4(), l1 = union(), l2 = anti_join())
[    39.886][cube-solver-4][DEBUG] Solving cube (l0 = natural_join4(), l1 = union(), l2 = left_join())
[    39.887][cube-solver-4][DEBUG] Solving cube (l0 = natural_join4(), l1 = union(), l2 = union())
[    39.888][cube-solver-4][DEBUG] Solving cube (l0 = natural_join4(), l1 = union(), l2 = intersect())
[    39.889][cube-solver-4][DEBUG] Solving cube (l0 = natural_join4(), l1 = union(), l2 = semi_join())
[    39.890][cube-solver-4][DEBUG] Solving cube (l0 = natural_join4(), l1 = union(), l2 = cross_join([1]))
[    39.892][cube-solver-4][DEBUG] Solving cube (l0 = natural_join4(), l1 = union(), l2 = inner_join())
[    39.893][cube-solver-4][DEBUG] Solving cube (l0 = natural_join4(), l1 = intersect(), l2 = natural_join())
[    39.894][cube-solver-4][DEBUG] Solving cube (l0 = natural_join4(), l1 = intersect(), l2 = natural_join3())
[    39.895][cube-solver-4][DEBUG] Solving cube (l0 = natural_join4(), l1 = intersect(), l2 = natural_join4())
[    39.896][cube-solver-4][DEBUG] Solving cube (l0 = natural_join4(), l1 = intersect(), l2 = anti_join())
[    39.897][cube-solver-4][DEBUG] Solving cube (l0 = natural_join4(), l1 = intersect(), l2 = left_join())
[    39.898][cube-solver-4][DEBUG] Solving cube (l0 = natural_join4(), l1 = intersect(), l2 = union())
[    39.899][cube-solver-4][DEBUG] Solving cube (l0 = natural_join4(), l1 = intersect(), l2 = intersect())
[    39.900][cube-solver-4][DEBUG] Solving cube (l0 = natural_join4(), l1 = intersect(), l2 = semi_join())
[    39.902][cube-solver-4][DEBUG] Solving cube (l0 = natural_join4(), l1 = intersect(), l2 = cross_join([1]))
[    39.903][cube-solver-4][DEBUG] Solving cube (l0 = natural_join4(), l1 = intersect(), l2 = inner_join())
[    39.904][cube-solver-4][DEBUG] Solving cube (l0 = natural_join4(), l1 = semi_join(), l2 = natural_join())
[    39.906][cube-solver-4][DEBUG] Solving cube (l0 = natural_join4(), l1 = semi_join(), l2 = natural_join3())
[    39.907][cube-solver-4][DEBUG] Solving cube (l0 = natural_join4(), l1 = semi_join(), l2 = natural_join4())
[    39.908][cube-solver-4][DEBUG] Solving cube (l0 = natural_join4(), l1 = semi_join(), l2 = anti_join())
[    39.909][cube-solver-4][DEBUG] Solving cube (l0 = natural_join4(), l1 = semi_join(), l2 = left_join())
[    39.910][cube-solver-4][DEBUG] Solving cube (l0 = natural_join4(), l1 = semi_join(), l2 = union())
[    39.911][cube-solver-4][DEBUG] Solving cube (l0 = natural_join4(), l1 = semi_join(), l2 = intersect())
[    39.912][cube-solver-4][DEBUG] Solving cube (l0 = natural_join4(), l1 = semi_join(), l2 = semi_join())
[    39.913][cube-solver-4][DEBUG] Solving cube (l0 = natural_join4(), l1 = semi_join(), l2 = cross_join([1]))
[    39.915][cube-solver-4][DEBUG] Solving cube (l0 = natural_join4(), l1 = semi_join(), l2 = inner_join())
[    39.916][cube-solver-4][DEBUG] Solving cube (l0 = natural_join4(), l1 = cross_join([1]), l2 = natural_join())
[    39.918][cube-solver-4][DEBUG] Solving cube (l0 = natural_join4(), l1 = cross_join([1]), l2 = natural_join3())
[    39.919][cube-solver-4][DEBUG] Solving cube (l0 = natural_join4(), l1 = cross_join([1]), l2 = natural_join4())
[    39.921][cube-solver-4][DEBUG] Solving cube (l0 = natural_join4(), l1 = cross_join([1]), l2 = anti_join())
[    39.922][cube-solver-1][DEBUG] Solving cube (l0 = natural_join3(), l1 = anti_join(), l2 = inner_join())
[    39.922][cube-solver-4][DEBUG] Solving cube (l0 = natural_join4(), l1 = cross_join([1]), l2 = left_join())
[    39.923][cube-solver-1][DEBUG] Solving cube (l0 = natural_join4(), l1 = cross_join([1]), l2 = union())
[    39.924][cube-solver-4][DEBUG] Solving cube (l0 = natural_join4(), l1 = cross_join([1]), l2 = intersect())
[    39.925][cube-solver-1][DEBUG] Solving cube (l0 = natural_join4(), l1 = cross_join([1]), l2 = semi_join())
[    39.925][cube-solver-4][DEBUG] Solving cube (l0 = natural_join4(), l1 = cross_join([1]), l2 = cross_join([1]))
[    39.926][cube-solver-1][DEBUG] Solving cube (l0 = natural_join4(), l1 = cross_join([1]), l2 = inner_join())
[    39.927][cube-solver-4][DEBUG] Solving cube (l0 = natural_join4(), l1 = inner_join(), l2 = natural_join())
[    39.928][cube-solver-1][DEBUG] Solving cube (l0 = natural_join4(), l1 = inner_join(), l2 = natural_join3())
[    39.928][cube-solver-4][DEBUG] Solving cube (l0 = natural_join4(), l1 = inner_join(), l2 = natural_join4())
[    39.929][cube-solver-1][DEBUG] Solving cube (l0 = natural_join4(), l1 = inner_join(), l2 = anti_join())
[    39.929][cube-solver-4][DEBUG] Solving cube (l0 = natural_join4(), l1 = inner_join(), l2 = left_join())
[    39.930][cube-solver-1][DEBUG] Solving cube (l0 = natural_join4(), l1 = inner_join(), l2 = union())
[    39.931][cube-solver-4][DEBUG] Solving cube (l0 = natural_join4(), l1 = inner_join(), l2 = intersect())
[    39.931][cube-solver-1][DEBUG] Solving cube (l0 = natural_join4(), l1 = inner_join(), l2 = semi_join())
[    39.932][cube-solver-4][DEBUG] Solving cube (l0 = natural_join4(), l1 = inner_join(), l2 = cross_join([1]))
[    39.933][cube-solver-1][DEBUG] Solving cube (l0 = natural_join4(), l1 = inner_join(), l2 = inner_join())
[    39.933][cube-solver-4][DEBUG] Solving cube (l0 = natural_join4(), l1 = natural_join(), l2 = anti_join())
[    39.934][cube-solver-1][DEBUG] Solving cube (l0 = natural_join4(), l1 = natural_join(), l2 = left_join())
[    39.934][cube-solver-4][DEBUG] Solving cube (l0 = natural_join4(), l1 = natural_join(), l2 = union())
[    39.935][cube-solver-1][DEBUG] Solving cube (l0 = natural_join4(), l1 = natural_join(), l2 = intersect())
[    39.935][cube-solver-4][DEBUG] Solving cube (l0 = natural_join4(), l1 = natural_join(), l2 = semi_join())
[    39.936][cube-solver-1][DEBUG] Solving cube (l0 = natural_join4(), l1 = natural_join(), l2 = cross_join([1]))
[    39.937][cube-solver-4][DEBUG] Solving cube (l0 = natural_join4(), l1 = natural_join(), l2 = inner_join())
[    39.938][cube-solver-1][DEBUG] Solving cube (l0 = natural_join4(), l1 = natural_join(), l2 = natural_join())
[    39.938][cube-solver-4][DEBUG] Solving cube (l0 = natural_join4(), l1 = natural_join(), l2 = natural_join3())
[    39.939][cube-solver-1][DEBUG] Solving cube (l0 = natural_join4(), l1 = natural_join(), l2 = natural_join4())
[    39.939][cube-solver-4][DEBUG] Solving cube (l0 = natural_join4(), l1 = natural_join3(), l2 = anti_join())
[    39.940][cube-solver-1][DEBUG] Solving cube (l0 = natural_join4(), l1 = natural_join3(), l2 = left_join())
[    39.940][cube-solver-4][DEBUG] Solving cube (l0 = natural_join4(), l1 = natural_join3(), l2 = union())
[    39.941][cube-solver-1][DEBUG] Solving cube (l0 = natural_join4(), l1 = natural_join3(), l2 = intersect())
[    39.941][cube-solver-4][DEBUG] Solving cube (l0 = natural_join4(), l1 = natural_join3(), l2 = semi_join())
[    39.942][cube-solver-1][DEBUG] Solving cube (l0 = natural_join4(), l1 = natural_join3(), l2 = cross_join([1]))
[    39.942][cube-solver-4][DEBUG] Solving cube (l0 = natural_join4(), l1 = natural_join3(), l2 = inner_join())
[    39.943][cube-solver-4][DEBUG] Solving cube (l0 = natural_join4(), l1 = natural_join3(), l2 = natural_join())
[    39.943][cube-solver-1][DEBUG] Solving cube (l0 = natural_join4(), l1 = natural_join3(), l2 = natural_join3())
[    39.944][cube-solver-4][DEBUG] Solving cube (l0 = natural_join4(), l1 = natural_join3(), l2 = natural_join4())
[    39.945][cube-solver-1][DEBUG] Solving cube (l0 = natural_join4(), l1 = natural_join4(), l2 = anti_join())
[    39.945][cube-solver-4][DEBUG] Solving cube (l0 = natural_join4(), l1 = natural_join4(), l2 = left_join())
[    39.946][cube-solver-1][DEBUG] Solving cube (l0 = natural_join4(), l1 = natural_join4(), l2 = union())
[    39.947][cube-solver-4][DEBUG] Solving cube (l0 = natural_join4(), l1 = natural_join4(), l2 = intersect())
[    39.947][cube-solver-1][DEBUG] Solving cube (l0 = natural_join4(), l1 = natural_join4(), l2 = semi_join())
[    39.948][cube-solver-4][DEBUG] Solving cube (l0 = natural_join4(), l1 = natural_join4(), l2 = cross_join([1]))
[    39.948][cube-solver-1][DEBUG] Solving cube (l0 = natural_join4(), l1 = natural_join4(), l2 = inner_join())
[    39.949][cube-solver-1][DEBUG] Solving cube (l0 = natural_join4(), l1 = natural_join4(), l2 = natural_join())
[    39.949][cube-solver-4][DEBUG] Solving cube (l0 = natural_join4(), l1 = natural_join4(), l2 = natural_join3())
[    39.950][cube-solver-1][DEBUG] Solving cube (l0 = natural_join4(), l1 = natural_join4(), l2 = natural_join4())
[    39.950][cube-solver-4][DEBUG] Solving cube (l0 = anti_join(), l1 = natural_join(), l2 = anti_join())
[    39.951][cube-solver-1][DEBUG] Solving cube (l0 = anti_join(), l1 = natural_join(), l2 = left_join())
[    39.951][cube-solver-4][DEBUG] Solving cube (l0 = anti_join(), l1 = natural_join(), l2 = union())
[    39.952][cube-solver-1][DEBUG] Solving cube (l0 = anti_join(), l1 = natural_join(), l2 = intersect())
[    39.953][cube-solver-4][DEBUG] Solving cube (l0 = anti_join(), l1 = natural_join(), l2 = semi_join())
[    39.954][cube-solver-1][DEBUG] Solving cube (l0 = anti_join(), l1 = natural_join(), l2 = cross_join([1]))
[    39.954][cube-solver-4][DEBUG] Solving cube (l0 = anti_join(), l1 = natural_join(), l2 = inner_join())
[    39.955][cube-solver-4][DEBUG] Solving cube (l0 = anti_join(), l1 = natural_join(), l2 = natural_join())
[    39.955][cube-solver-1][DEBUG] Solving cube (l0 = anti_join(), l1 = natural_join(), l2 = natural_join3())
[    39.956][cube-solver-4][DEBUG] Solving cube (l0 = anti_join(), l1 = natural_join(), l2 = natural_join4())
[    39.956][cube-solver-1][DEBUG] Solving cube (l0 = anti_join(), l1 = natural_join3(), l2 = anti_join())
[    39.957][cube-solver-4][DEBUG] Solving cube (l0 = anti_join(), l1 = natural_join3(), l2 = left_join())
[    39.958][cube-solver-1][DEBUG] Solving cube (l0 = anti_join(), l1 = natural_join3(), l2 = union())
[    39.958][cube-solver-4][DEBUG] Solving cube (l0 = anti_join(), l1 = natural_join3(), l2 = intersect())
[    39.959][cube-solver-1][DEBUG] Solving cube (l0 = anti_join(), l1 = natural_join3(), l2 = semi_join())
[    39.959][cube-solver-4][DEBUG] Solving cube (l0 = anti_join(), l1 = natural_join3(), l2 = cross_join([1]))
[    39.960][cube-solver-1][DEBUG] Solving cube (l0 = anti_join(), l1 = natural_join3(), l2 = inner_join())
[    39.961][cube-solver-4][DEBUG] Solving cube (l0 = anti_join(), l1 = natural_join3(), l2 = natural_join())
[    39.961][cube-solver-1][DEBUG] Solving cube (l0 = anti_join(), l1 = natural_join3(), l2 = natural_join3())
[    39.962][cube-solver-4][DEBUG] Solving cube (l0 = anti_join(), l1 = natural_join3(), l2 = natural_join4())
[    39.962][cube-solver-1][DEBUG] Solving cube (l0 = anti_join(), l1 = natural_join4(), l2 = anti_join())
[    39.963][cube-solver-4][DEBUG] Solving cube (l0 = anti_join(), l1 = natural_join4(), l2 = left_join())
[    39.963][cube-solver-1][DEBUG] Solving cube (l0 = anti_join(), l1 = natural_join4(), l2 = union())
[    39.964][cube-solver-4][DEBUG] Solving cube (l0 = anti_join(), l1 = natural_join4(), l2 = intersect())
[    39.964][cube-solver-1][DEBUG] Solving cube (l0 = anti_join(), l1 = natural_join4(), l2 = semi_join())
[    39.965][cube-solver-4][DEBUG] Solving cube (l0 = anti_join(), l1 = natural_join4(), l2 = cross_join([1]))
[    39.966][cube-solver-1][DEBUG] Solving cube (l0 = anti_join(), l1 = natural_join4(), l2 = inner_join())
[    39.967][cube-solver-1][DEBUG] Solving cube (l0 = anti_join(), l1 = natural_join4(), l2 = natural_join())
[    39.967][cube-solver-4][DEBUG] Solving cube (l0 = anti_join(), l1 = natural_join4(), l2 = natural_join3())
[    39.968][cube-solver-1][DEBUG] Solving cube (l0 = anti_join(), l1 = natural_join4(), l2 = natural_join4())
[    39.968][cube-solver-4][DEBUG] Solving cube (l0 = anti_join(), l1 = anti_join(), l2 = natural_join())
[    39.969][cube-solver-1][DEBUG] Solving cube (l0 = anti_join(), l1 = anti_join(), l2 = natural_join3())
[    39.969][cube-solver-4][DEBUG] Solving cube (l0 = anti_join(), l1 = anti_join(), l2 = natural_join4())
[    39.971][cube-solver-1][DEBUG] Solving cube (l0 = anti_join(), l1 = anti_join(), l2 = anti_join())
[    39.971][cube-solver-4][DEBUG] Solving cube (l0 = anti_join(), l1 = anti_join(), l2 = left_join())
[    39.972][cube-solver-1][DEBUG] Solving cube (l0 = anti_join(), l1 = anti_join(), l2 = union())
[    39.972][cube-solver-4][DEBUG] Solving cube (l0 = anti_join(), l1 = anti_join(), l2 = intersect())
[    39.973][cube-solver-1][DEBUG] Solving cube (l0 = anti_join(), l1 = anti_join(), l2 = semi_join())
[    39.973][cube-solver-4][DEBUG] Solving cube (l0 = anti_join(), l1 = anti_join(), l2 = cross_join([1]))
[    39.974][cube-solver-1][DEBUG] Solving cube (l0 = anti_join(), l1 = anti_join(), l2 = inner_join())
[    39.975][cube-solver-4][DEBUG] Solving cube (l0 = anti_join(), l1 = left_join(), l2 = natural_join())
[    39.976][cube-solver-1][DEBUG] Solving cube (l0 = anti_join(), l1 = left_join(), l2 = natural_join3())
[    39.976][cube-solver-4][DEBUG] Solving cube (l0 = anti_join(), l1 = left_join(), l2 = natural_join4())
[    39.977][cube-solver-1][DEBUG] Solving cube (l0 = anti_join(), l1 = left_join(), l2 = anti_join())
[    39.977][cube-solver-4][DEBUG] Solving cube (l0 = anti_join(), l1 = left_join(), l2 = left_join())
[    39.978][cube-solver-1][DEBUG] Solving cube (l0 = anti_join(), l1 = left_join(), l2 = union())
[    39.979][cube-solver-4][DEBUG] Solving cube (l0 = anti_join(), l1 = left_join(), l2 = intersect())
[    39.979][cube-solver-1][DEBUG] Solving cube (l0 = anti_join(), l1 = left_join(), l2 = semi_join())
[    39.980][cube-solver-4][DEBUG] Solving cube (l0 = anti_join(), l1 = left_join(), l2 = cross_join([1]))
[    39.981][cube-solver-1][DEBUG] Solving cube (l0 = anti_join(), l1 = left_join(), l2 = inner_join())
[    39.982][cube-solver-4][DEBUG] Solving cube (l0 = anti_join(), l1 = union(), l2 = natural_join())
[    39.982][cube-solver-1][DEBUG] Solving cube (l0 = anti_join(), l1 = union(), l2 = natural_join3())
[    39.983][cube-solver-4][DEBUG] Solving cube (l0 = anti_join(), l1 = union(), l2 = natural_join4())
[    39.983][cube-solver-1][DEBUG] Solving cube (l0 = anti_join(), l1 = union(), l2 = anti_join())
[    39.984][cube-solver-4][DEBUG] Solving cube (l0 = anti_join(), l1 = union(), l2 = left_join())
[    39.984][cube-solver-1][DEBUG] Solving cube (l0 = anti_join(), l1 = union(), l2 = union())
[    39.985][cube-solver-4][DEBUG] Solving cube (l0 = anti_join(), l1 = union(), l2 = intersect())
[    39.986][cube-solver-1][DEBUG] Solving cube (l0 = anti_join(), l1 = union(), l2 = semi_join())
[    39.987][cube-solver-4][DEBUG] Solving cube (l0 = anti_join(), l1 = union(), l2 = cross_join([1]))
[    39.987][cube-solver-1][DEBUG] Solving cube (l0 = anti_join(), l1 = union(), l2 = inner_join())
[    39.988][cube-solver-1][DEBUG] Solving cube (l0 = anti_join(), l1 = intersect(), l2 = natural_join())
[    39.988][cube-solver-4][DEBUG] Solving cube (l0 = anti_join(), l1 = intersect(), l2 = natural_join3())
[    39.989][cube-solver-1][DEBUG] Solving cube (l0 = anti_join(), l1 = intersect(), l2 = natural_join4())
[    39.989][cube-solver-4][DEBUG] Solving cube (l0 = anti_join(), l1 = intersect(), l2 = anti_join())
[    39.990][cube-solver-1][DEBUG] Solving cube (l0 = anti_join(), l1 = intersect(), l2 = left_join())
[    39.990][cube-solver-4][DEBUG] Solving cube (l0 = anti_join(), l1 = intersect(), l2 = union())
[    39.991][cube-solver-1][DEBUG] Solving cube (l0 = anti_join(), l1 = intersect(), l2 = intersect())
[    39.992][cube-solver-4][DEBUG] Solving cube (l0 = anti_join(), l1 = intersect(), l2 = semi_join())
[    39.993][cube-solver-1][DEBUG] Solving cube (l0 = anti_join(), l1 = intersect(), l2 = cross_join([1]))
[    39.993][cube-solver-4][DEBUG] Solving cube (l0 = anti_join(), l1 = intersect(), l2 = inner_join())
[    39.994][cube-solver-4][DEBUG] Solving cube (l0 = anti_join(), l1 = semi_join(), l2 = natural_join())
[    39.994][cube-solver-1][DEBUG] Solving cube (l0 = anti_join(), l1 = semi_join(), l2 = natural_join3())
[    39.995][cube-solver-4][DEBUG] Solving cube (l0 = anti_join(), l1 = semi_join(), l2 = natural_join4())
[    39.996][cube-solver-1][DEBUG] Solving cube (l0 = anti_join(), l1 = semi_join(), l2 = anti_join())
[    39.996][cube-solver-4][DEBUG] Solving cube (l0 = anti_join(), l1 = semi_join(), l2 = left_join())
[    39.997][cube-solver-1][DEBUG] Solving cube (l0 = anti_join(), l1 = semi_join(), l2 = union())
[    39.997][cube-solver-4][DEBUG] Solving cube (l0 = anti_join(), l1 = semi_join(), l2 = intersect())
[    39.998][cube-solver-1][DEBUG] Solving cube (l0 = anti_join(), l1 = semi_join(), l2 = semi_join())
[    39.999][cube-solver-4][DEBUG] Solving cube (l0 = anti_join(), l1 = semi_join(), l2 = cross_join([1]))
[    39.999][cube-solver-1][DEBUG] Solving cube (l0 = anti_join(), l1 = semi_join(), l2 = inner_join())
[    40.000][cube-solver-1][DEBUG] Solving cube (l0 = anti_join(), l1 = cross_join([1]), l2 = natural_join())
[    40.001][cube-solver-4][DEBUG] Solving cube (l0 = anti_join(), l1 = cross_join([1]), l2 = natural_join3())
[    40.002][cube-solver-1][DEBUG] Solving cube (l0 = anti_join(), l1 = cross_join([1]), l2 = natural_join4())
[    40.002][cube-solver-4][DEBUG] Solving cube (l0 = anti_join(), l1 = cross_join([1]), l2 = anti_join())
[    40.004][cube-solver-1][DEBUG] Solving cube (l0 = anti_join(), l1 = cross_join([1]), l2 = left_join())
[    40.004][cube-solver-4][DEBUG] Solving cube (l0 = anti_join(), l1 = cross_join([1]), l2 = union())
[    40.005][cube-solver-1][DEBUG] Solving cube (l0 = anti_join(), l1 = cross_join([1]), l2 = intersect())
[    40.005][cube-solver-4][DEBUG] Solving cube (l0 = anti_join(), l1 = cross_join([1]), l2 = semi_join())
[    40.007][cube-solver-1][DEBUG] Solving cube (l0 = anti_join(), l1 = cross_join([1]), l2 = cross_join([1]))
[    40.007][cube-solver-4][DEBUG] Solving cube (l0 = anti_join(), l1 = cross_join([1]), l2 = inner_join())
[    40.009][cube-solver-4][DEBUG] Solving cube (l0 = anti_join(), l1 = inner_join(), l2 = natural_join())
[    40.009][cube-solver-1][DEBUG] Solving cube (l0 = anti_join(), l1 = inner_join(), l2 = natural_join3())
[    40.010][cube-solver-4][DEBUG] Solving cube (l0 = anti_join(), l1 = inner_join(), l2 = natural_join4())
[    40.010][cube-solver-1][DEBUG] Solving cube (l0 = anti_join(), l1 = inner_join(), l2 = anti_join())
[    40.011][cube-solver-4][DEBUG] Solving cube (l0 = anti_join(), l1 = inner_join(), l2 = left_join())
[    40.011][cube-solver-1][DEBUG] Solving cube (l0 = anti_join(), l1 = inner_join(), l2 = union())
[    40.012][cube-solver-4][DEBUG] Solving cube (l0 = anti_join(), l1 = inner_join(), l2 = intersect())
[    40.012][cube-solver-1][DEBUG] Solving cube (l0 = anti_join(), l1 = inner_join(), l2 = semi_join())
[    40.013][cube-solver-4][DEBUG] Solving cube (l0 = anti_join(), l1 = inner_join(), l2 = cross_join([1]))
[    40.013][cube-solver-1][DEBUG] Solving cube (l0 = anti_join(), l1 = inner_join(), l2 = inner_join())
[    40.014][cube-solver-1][DEBUG] Solving cube (l0 = left_join(), l1 = natural_join(), l2 = anti_join())
[    40.015][cube-solver-4][DEBUG] Solving cube (l0 = left_join(), l1 = natural_join(), l2 = left_join())
[    40.016][cube-solver-1][DEBUG] Solving cube (l0 = left_join(), l1 = natural_join(), l2 = union())
[    40.157][cube-solver-1][DEBUG] Solving cube (l0 = left_join(), l1 = natural_join(), l2 = intersect())
[    40.166][cube-solver-4][DEBUG] Solving cube (l0 = left_join(), l1 = natural_join(), l2 = semi_join())
[    40.317][cube-solver-4][DEBUG] Solving cube (l0 = left_join(), l1 = natural_join(), l2 = cross_join([1]))
[    40.441][cube-solver-4][DEBUG] Solving cube (l0 = left_join(), l1 = natural_join(), l2 = inner_join())
[    40.787][cube-solver-1][DEBUG] Solving cube (l0 = left_join(), l1 = natural_join(), l2 = natural_join())
[    40.862][cube-solver-3][DEBUG] Initialising process for 3 lines of code.
[    40.907][cube-solver-1][DEBUG] Solving cube (l0 = left_join(), l1 = natural_join(), l2 = natural_join4())
[    40.909][cube-solver-1][DEBUG] Solving cube (l0 = left_join(), l1 = natural_join3(), l2 = anti_join())
[    40.911][cube-solver-1][DEBUG] Solving cube (l0 = left_join(), l1 = natural_join3(), l2 = left_join())
[    40.912][cube-solver-1][DEBUG] Solving cube (l0 = left_join(), l1 = natural_join3(), l2 = union())
[    40.913][cube-solver-1][DEBUG] Solving cube (l0 = left_join(), l1 = natural_join3(), l2 = intersect())
[    40.915][cube-solver-1][DEBUG] Solving cube (l0 = left_join(), l1 = natural_join3(), l2 = semi_join())
[    40.916][cube-solver-1][DEBUG] Solving cube (l0 = left_join(), l1 = natural_join3(), l2 = cross_join([1]))
[    40.918][cube-solver-1][DEBUG] Solving cube (l0 = left_join(), l1 = natural_join3(), l2 = inner_join())
[    40.919][cube-solver-1][DEBUG] Solving cube (l0 = left_join(), l1 = natural_join3(), l2 = natural_join())
[    40.921][cube-solver-1][DEBUG] Solving cube (l0 = left_join(), l1 = natural_join3(), l2 = natural_join3())
[    40.922][cube-solver-1][DEBUG] Solving cube (l0 = left_join(), l1 = natural_join3(), l2 = natural_join4())
[    40.923][cube-solver-1][DEBUG] Solving cube (l0 = left_join(), l1 = natural_join4(), l2 = anti_join())
[    40.924][cube-solver-1][DEBUG] Solving cube (l0 = left_join(), l1 = natural_join4(), l2 = left_join())
[    40.926][cube-solver-1][DEBUG] Solving cube (l0 = left_join(), l1 = natural_join4(), l2 = union())
[    40.927][cube-solver-1][DEBUG] Solving cube (l0 = left_join(), l1 = natural_join4(), l2 = intersect())
[    40.929][cube-solver-1][DEBUG] Solving cube (l0 = left_join(), l1 = natural_join4(), l2 = semi_join())
[    40.930][cube-solver-1][DEBUG] Solving cube (l0 = left_join(), l1 = natural_join4(), l2 = cross_join([1]))
[    40.932][cube-solver-1][DEBUG] Solving cube (l0 = left_join(), l1 = natural_join4(), l2 = inner_join())
[    40.933][cube-solver-1][DEBUG] Solving cube (l0 = left_join(), l1 = natural_join4(), l2 = natural_join())
[    40.934][cube-solver-1][DEBUG] Solving cube (l0 = left_join(), l1 = natural_join4(), l2 = natural_join3())
[    40.936][cube-solver-1][DEBUG] Solving cube (l0 = left_join(), l1 = natural_join4(), l2 = natural_join4())
[    40.937][cube-solver-1][DEBUG] Solving cube (l0 = left_join(), l1 = anti_join(), l2 = natural_join())
[    41.092][cube-solver-3][DEBUG] Solving cube (l0 = left_join(), l1 = natural_join(), l2 = natural_join3())
[    41.094][cube-solver-3][DEBUG] Solving cube (l0 = left_join(), l1 = anti_join(), l2 = natural_join3())
[    41.096][cube-solver-3][DEBUG] Solving cube (l0 = left_join(), l1 = anti_join(), l2 = natural_join4())
[    41.098][cube-solver-3][DEBUG] Solving cube (l0 = left_join(), l1 = anti_join(), l2 = anti_join())
[    41.099][cube-solver-3][DEBUG] Solving cube (l0 = left_join(), l1 = anti_join(), l2 = left_join())
[    41.773][cube-solver-1][DEBUG] Solving cube (l0 = left_join(), l1 = anti_join(), l2 = union())
[    41.906][cube-solver-6][DEBUG] Initialising process for 3 lines of code.
[    42.111][cube-solver-6][DEBUG] Solving cube (l0 = left_join(), l1 = anti_join(), l2 = intersect())
[    42.243][cube-solver-3][DEBUG] Solving cube (l0 = left_join(), l1 = anti_join(), l2 = semi_join())
[    42.807][cube-solver-1][DEBUG] Solving cube (l0 = left_join(), l1 = anti_join(), l2 = cross_join([1]))
[    43.342][cube-solver-3][DEBUG] Solving cube (l0 = left_join(), l1 = anti_join(), l2 = inner_join())
[    43.570][cube-solver-2][DEBUG] Initialising process for 3 lines of code.
[    43.647][cube-solver-7][DEBUG] Initialising process for 3 lines of code.
[    43.662][cube-solver-1][DEBUG] Solving cube (l0 = left_join(), l1 = left_join(), l2 = natural_join4())
[    43.664][cube-solver-1][DEBUG] Solving cube (l0 = left_join(), l1 = left_join(), l2 = anti_join())
[    43.778][cube-solver-2][DEBUG] Solving cube (l0 = left_join(), l1 = left_join(), l2 = natural_join())
[    43.895][cube-solver-7][DEBUG] Solving cube (l0 = left_join(), l1 = left_join(), l2 = natural_join3())
[    44.037][cube-solver-2][DEBUG] Solving cube (l0 = left_join(), l1 = left_join(), l2 = left_join())
[    44.343][cube-solver-2][DEBUG] Solving cube (l0 = left_join(), l1 = left_join(), l2 = union())
[    44.437][cube-solver-7][DEBUG] Solving cube (l0 = left_join(), l1 = left_join(), l2 = intersect())
[    44.616][cube-solver-2][DEBUG] Solving cube (l0 = left_join(), l1 = left_join(), l2 = semi_join())
[    44.905][cube-solver-2][DEBUG] Solving cube (l0 = left_join(), l1 = left_join(), l2 = cross_join([1]))
[    45.152][cube-solver-2][DEBUG] Solving cube (l0 = left_join(), l1 = left_join(), l2 = inner_join())
[    45.207][cube-solver-1][DEBUG] Solving cube (l0 = left_join(), l1 = union(), l2 = natural_join())
[    45.412][cube-solver-1][DEBUG] Solving cube (l0 = left_join(), l1 = union(), l2 = natural_join3())
[    45.572][cube-solver-7][DEBUG] Solving cube (l0 = left_join(), l1 = union(), l2 = natural_join4())
[    45.632][cube-solver-7][DEBUG] Solving cube (l0 = left_join(), l1 = union(), l2 = anti_join())
[    45.805][cube-solver-1][DEBUG] Solving cube (l0 = left_join(), l1 = union(), l2 = left_join())
[    46.060][cube-solver-1][DEBUG] Solving cube (l0 = left_join(), l1 = union(), l2 = union())
[    46.297][cube-solver-1][DEBUG] Solving cube (l0 = left_join(), l1 = union(), l2 = intersect())
[    46.651][cube-solver-6][DEBUG] Solving cube (l0 = left_join(), l1 = union(), l2 = semi_join())
[    46.903][cube-solver-6][DEBUG] Solving cube (l0 = left_join(), l1 = union(), l2 = cross_join([1]))
[    47.097][cube-solver-7][DEBUG] Solving cube (l0 = left_join(), l1 = union(), l2 = inner_join())
[    47.137][cube-solver-6][DEBUG] Solving cube (l0 = left_join(), l1 = intersect(), l2 = natural_join())
[    47.562][cube-solver-1][DEBUG] Solving cube (l0 = left_join(), l1 = intersect(), l2 = natural_join3())
[    47.965][cube-solver-6][DEBUG] Solving cube (l0 = left_join(), l1 = intersect(), l2 = natural_join4())
[    47.967][cube-solver-6][DEBUG] Solving cube (l0 = left_join(), l1 = intersect(), l2 = anti_join())
[    49.112][cube-solver-1][DEBUG] Solving cube (l0 = left_join(), l1 = intersect(), l2 = left_join())
[    50.195][cube-solver-1][DEBUG] Solving cube (l0 = left_join(), l1 = intersect(), l2 = union())
[    51.226][cube-solver-1][DEBUG] Solving cube (l0 = left_join(), l1 = intersect(), l2 = intersect())
[    53.867][cube-solver-6][DEBUG] Solving cube (l0 = left_join(), l1 = intersect(), l2 = semi_join())
[    54.967][cube-solver-6][DEBUG] Solving cube (l0 = left_join(), l1 = intersect(), l2 = cross_join([1]))
[    55.394][cube-solver-1][DEBUG] Solving cube (l0 = left_join(), l1 = intersect(), l2 = inner_join())
[    55.975][cube-solver-6][DEBUG] Solving cube (l0 = left_join(), l1 = semi_join(), l2 = natural_join())
[    56.192][cube-solver-6][DEBUG] Solving cube (l0 = left_join(), l1 = semi_join(), l2 = natural_join3())
[    56.612][cube-solver-6][DEBUG] Solving cube (l0 = left_join(), l1 = semi_join(), l2 = natural_join4())
[    56.615][cube-solver-6][DEBUG] Solving cube (l0 = left_join(), l1 = semi_join(), l2 = anti_join())
[    58.103][cube-solver-6][DEBUG] Solving cube (l0 = left_join(), l1 = semi_join(), l2 = left_join())
[    58.366][cube-solver-6][DEBUG] Solving cube (l0 = left_join(), l1 = semi_join(), l2 = union())
[    58.672][cube-solver-6][DEBUG] Solving cube (l0 = left_join(), l1 = semi_join(), l2 = intersect())
[    59.720][cube-solver-6][DEBUG] Solving cube (l0 = left_join(), l1 = semi_join(), l2 = semi_join())
[    59.998][cube-solver-6][DEBUG] Solving cube (l0 = left_join(), l1 = semi_join(), l2 = cross_join([1]))
[    60.229][cube-solver-6][DEBUG] Solving cube (l0 = left_join(), l1 = semi_join(), l2 = inner_join())
[    72.038][cube-solver-1][DEBUG] Solving cube (l0 = left_join(), l1 = cross_join([1]), l2 = natural_join())
[    72.173][cube-solver-1][DEBUG] Solving cube (l0 = left_join(), l1 = cross_join([1]), l2 = natural_join3())
[    72.376][cube-solver-1][DEBUG] Solving cube (l0 = left_join(), l1 = cross_join([1]), l2 = natural_join4())
[    72.379][cube-solver-1][DEBUG] Solving cube (l0 = left_join(), l1 = cross_join([1]), l2 = anti_join())
[    73.308][cube-solver-1][DEBUG] Solving cube (l0 = left_join(), l1 = cross_join([1]), l2 = left_join())
[    73.470][cube-solver-1][DEBUG] Solving cube (l0 = left_join(), l1 = cross_join([1]), l2 = union())
[    73.632][cube-solver-1][DEBUG] Solving cube (l0 = left_join(), l1 = cross_join([1]), l2 = intersect())
[    74.121][cube-solver-1][DEBUG] Solving cube (l0 = left_join(), l1 = cross_join([1]), l2 = semi_join())
[    74.282][cube-solver-1][DEBUG] Solving cube (l0 = left_join(), l1 = cross_join([1]), l2 = cross_join([1]))
[    74.450][cube-solver-1][DEBUG] Solving cube (l0 = left_join(), l1 = cross_join([1]), l2 = inner_join())
[    76.854][cube-solver-1][DEBUG] Solving cube (l0 = left_join(), l1 = inner_join(), l2 = natural_join())
[    92.369][cube-solver-5][DEBUG] Initialising process for 3 lines of code.
[    92.556][cube-solver-5][DEBUG] Solving cube (l0 = left_join(), l1 = inner_join(), l2 = natural_join3())
[   169.018][cube-solver-4][DEBUG] Solving cube (l0 = left_join(), l1 = inner_join(), l2 = natural_join4())
[   169.020][cube-solver-4][DEBUG] Solving cube (l0 = left_join(), l1 = inner_join(), l2 = anti_join())
[   253.648][cube-solver-1][DEBUG] Solving cube (l0 = left_join(), l1 = inner_join(), l2 = left_join())
[   264.083][cube-solver-2][DEBUG] Solving cube (l0 = left_join(), l1 = inner_join(), l2 = union())
[   276.767][cube-solver-7][DEBUG] Solving cube (l0 = left_join(), l1 = inner_join(), l2 = intersect())
[   281.674][cube-solver-6][DEBUG] Solving cube (l0 = left_join(), l1 = inner_join(), l2 = semi_join())
[   293.901][cube-solver-7][DEBUG] Solving cube (l0 = left_join(), l1 = inner_join(), l2 = cross_join([1]))
[   297.483][cube-solver-7][DEBUG] Solving cube (l0 = left_join(), l1 = inner_join(), l2 = inner_join())
[   396.200][cube-solver-5][DEBUG] Solving cube (l0 = union(), l1 = natural_join(), l2 = anti_join())
[   396.201][cube-solver-5][DEBUG] Solving cube (l0 = union(), l1 = natural_join(), l2 = left_join())
[   396.345][cube-solver-5][DEBUG] Solving cube (l0 = union(), l1 = natural_join(), l2 = union())
[   396.474][cube-solver-5][DEBUG] Solving cube (l0 = union(), l1 = natural_join(), l2 = intersect())
[   397.209][cube-solver-5][DEBUG] Solving cube (l0 = union(), l1 = natural_join(), l2 = semi_join())
[   397.347][cube-solver-5][DEBUG] Solving cube (l0 = union(), l1 = natural_join(), l2 = cross_join([1]))
[   397.461][cube-solver-5][DEBUG] Solving cube (l0 = union(), l1 = natural_join(), l2 = inner_join())
[   413.462][cube-solver-6][DEBUG] Solving cube (l0 = union(), l1 = natural_join(), l2 = natural_join())
[   413.574][cube-solver-6][DEBUG] Solving cube (l0 = union(), l1 = natural_join(), l2 = natural_join3())
[   413.579][cube-solver-6][DEBUG] Solving cube (l0 = union(), l1 = natural_join(), l2 = natural_join4())
[   413.583][cube-solver-6][DEBUG] Solving cube (l0 = union(), l1 = natural_join3(), l2 = anti_join())
[   413.587][cube-solver-6][DEBUG] Solving cube (l0 = union(), l1 = natural_join3(), l2 = left_join())
[   413.591][cube-solver-6][DEBUG] Solving cube (l0 = union(), l1 = natural_join3(), l2 = union())
[   413.592][cube-solver-6][DEBUG] Solving cube (l0 = union(), l1 = natural_join3(), l2 = intersect())
[   413.594][cube-solver-6][DEBUG] Solving cube (l0 = union(), l1 = natural_join3(), l2 = semi_join())
[   413.595][cube-solver-6][DEBUG] Solving cube (l0 = union(), l1 = natural_join3(), l2 = cross_join([1]))
[   413.598][cube-solver-6][DEBUG] Solving cube (l0 = union(), l1 = natural_join3(), l2 = inner_join())
[   413.599][cube-solver-6][DEBUG] Solving cube (l0 = union(), l1 = natural_join3(), l2 = natural_join())
[   413.601][cube-solver-6][DEBUG] Solving cube (l0 = union(), l1 = natural_join3(), l2 = natural_join3())
[   413.602][cube-solver-6][DEBUG] Solving cube (l0 = union(), l1 = natural_join3(), l2 = natural_join4())
[   413.604][cube-solver-6][DEBUG] Solving cube (l0 = union(), l1 = natural_join4(), l2 = anti_join())
[   413.605][cube-solver-6][DEBUG] Solving cube (l0 = union(), l1 = natural_join4(), l2 = left_join())
[   413.607][cube-solver-6][DEBUG] Solving cube (l0 = union(), l1 = natural_join4(), l2 = union())
[   413.608][cube-solver-6][DEBUG] Solving cube (l0 = union(), l1 = natural_join4(), l2 = intersect())
[   413.610][cube-solver-6][DEBUG] Solving cube (l0 = union(), l1 = natural_join4(), l2 = semi_join())
[   413.611][cube-solver-6][DEBUG] Solving cube (l0 = union(), l1 = natural_join4(), l2 = cross_join([1]))
[   413.613][cube-solver-6][DEBUG] Solving cube (l0 = union(), l1 = natural_join4(), l2 = inner_join())
[   413.615][cube-solver-6][DEBUG] Solving cube (l0 = union(), l1 = natural_join4(), l2 = natural_join())
[   413.616][cube-solver-6][DEBUG] Solving cube (l0 = union(), l1 = natural_join4(), l2 = natural_join3())
[   413.618][cube-solver-6][DEBUG] Solving cube (l0 = union(), l1 = natural_join4(), l2 = natural_join4())
[   413.619][cube-solver-6][DEBUG] Solving cube (l0 = union(), l1 = anti_join(), l2 = natural_join())
[   414.417][cube-solver-6][DEBUG] Solving cube (l0 = union(), l1 = anti_join(), l2 = natural_join3())
[   414.419][cube-solver-6][DEBUG] Solving cube (l0 = union(), l1 = anti_join(), l2 = natural_join4())
[   414.420][cube-solver-6][DEBUG] Solving cube (l0 = union(), l1 = anti_join(), l2 = anti_join())
[   414.421][cube-solver-6][DEBUG] Solving cube (l0 = union(), l1 = anti_join(), l2 = left_join())
[   415.391][cube-solver-6][DEBUG] Solving cube (l0 = union(), l1 = anti_join(), l2 = union())
[   416.274][cube-solver-6][DEBUG] Solving cube (l0 = union(), l1 = anti_join(), l2 = intersect())
[   420.562][cube-solver-6][DEBUG] Solving cube (l0 = union(), l1 = anti_join(), l2 = semi_join())
[   421.499][cube-solver-6][DEBUG] Solving cube (l0 = union(), l1 = anti_join(), l2 = cross_join([1]))
[   422.265][cube-solver-6][DEBUG] Solving cube (l0 = union(), l1 = anti_join(), l2 = inner_join())
[   467.241][cube-solver-1][DEBUG] Solving cube (l0 = union(), l1 = left_join(), l2 = natural_join())
[   467.430][cube-solver-1][DEBUG] Solving cube (l0 = union(), l1 = left_join(), l2 = natural_join3())
[   467.787][cube-solver-1][DEBUG] Solving cube (l0 = union(), l1 = left_join(), l2 = natural_join4())
[   467.789][cube-solver-1][DEBUG] Solving cube (l0 = union(), l1 = left_join(), l2 = anti_join())
[   469.063][cube-solver-1][DEBUG] Solving cube (l0 = union(), l1 = left_join(), l2 = left_join())
[   469.300][cube-solver-1][DEBUG] Solving cube (l0 = union(), l1 = left_join(), l2 = union())
[   469.531][cube-solver-1][DEBUG] Solving cube (l0 = union(), l1 = left_join(), l2 = intersect())
[   470.626][cube-solver-1][DEBUG] Solving cube (l0 = union(), l1 = left_join(), l2 = semi_join())
[   470.858][cube-solver-1][DEBUG] Solving cube (l0 = union(), l1 = left_join(), l2 = cross_join([1]))
[   471.050][cube-solver-1][DEBUG] Solving cube (l0 = union(), l1 = left_join(), l2 = inner_join())
[   484.147][cube-solver-2][DEBUG] Solving cube (l0 = union(), l1 = union(), l2 = natural_join())
[   484.332][cube-solver-2][DEBUG] Solving cube (l0 = union(), l1 = union(), l2 = natural_join3())
[   484.683][cube-solver-2][DEBUG] Solving cube (l0 = union(), l1 = union(), l2 = natural_join4())
[   484.689][cube-solver-2][DEBUG] Solving cube (l0 = union(), l1 = union(), l2 = anti_join())
[   486.008][cube-solver-2][DEBUG] Solving cube (l0 = union(), l1 = union(), l2 = left_join())
[   486.244][cube-solver-2][DEBUG] Solving cube (l0 = union(), l1 = union(), l2 = union())
[   486.451][cube-solver-2][DEBUG] Solving cube (l0 = union(), l1 = union(), l2 = intersect())
[   487.547][cube-solver-2][DEBUG] Solving cube (l0 = union(), l1 = union(), l2 = semi_join())
[   487.769][cube-solver-2][DEBUG] Solving cube (l0 = union(), l1 = union(), l2 = cross_join([1]))
[   487.963][cube-solver-2][DEBUG] Solving cube (l0 = union(), l1 = union(), l2 = inner_join())
[   526.401][cube-solver-5][DEBUG] Solving cube (l0 = union(), l1 = intersect(), l2 = natural_join())
[   527.237][cube-solver-5][DEBUG] Solving cube (l0 = union(), l1 = intersect(), l2 = natural_join3())
[   528.708][cube-solver-5][DEBUG] Solving cube (l0 = union(), l1 = intersect(), l2 = natural_join4())
[   528.710][cube-solver-5][DEBUG] Solving cube (l0 = union(), l1 = intersect(), l2 = anti_join())
[   534.585][cube-solver-5][DEBUG] Solving cube (l0 = union(), l1 = intersect(), l2 = left_join())
[   535.638][cube-solver-5][DEBUG] Solving cube (l0 = union(), l1 = intersect(), l2 = union())
[   536.667][cube-solver-5][DEBUG] Solving cube (l0 = union(), l1 = intersect(), l2 = intersect())
[   540.293][cube-solver-5][DEBUG] Solving cube (l0 = union(), l1 = intersect(), l2 = semi_join())
[   541.359][cube-solver-5][DEBUG] Solving cube (l0 = union(), l1 = intersect(), l2 = cross_join([1]))
[   542.438][cube-solver-5][DEBUG] Solving cube (l0 = union(), l1 = intersect(), l2 = inner_join())
[   558.075][cube-solver-5][DEBUG] Solving cube (l0 = union(), l1 = semi_join(), l2 = natural_join())
[   558.266][cube-solver-5][DEBUG] Solving cube (l0 = union(), l1 = semi_join(), l2 = natural_join3())
[   558.628][cube-solver-5][DEBUG] Solving cube (l0 = union(), l1 = semi_join(), l2 = natural_join4())
[   558.630][cube-solver-5][DEBUG] Solving cube (l0 = union(), l1 = semi_join(), l2 = anti_join())
[   559.921][cube-solver-5][DEBUG] Solving cube (l0 = union(), l1 = semi_join(), l2 = left_join())
[   560.165][cube-solver-5][DEBUG] Solving cube (l0 = union(), l1 = semi_join(), l2 = union())
[   560.391][cube-solver-5][DEBUG] Solving cube (l0 = union(), l1 = semi_join(), l2 = intersect())
[   561.463][cube-solver-5][DEBUG] Solving cube (l0 = union(), l1 = semi_join(), l2 = semi_join())
[   561.699][cube-solver-5][DEBUG] Solving cube (l0 = union(), l1 = semi_join(), l2 = cross_join([1]))
[   561.889][cube-solver-5][DEBUG] Solving cube (l0 = union(), l1 = semi_join(), l2 = inner_join())
[   600.018][MainProcess][INFO] Statistics:
[   600.018][MainProcess][INFO] 	Generated cubes: 690
[   600.018][MainProcess][INFO] 	Attempted programs: 10771
[   600.018][MainProcess][INFO] 		Rejected: 6679
[   600.018][MainProcess][INFO] 		Failed: 4092
[   600.018][MainProcess][INFO] 	Blacklist clauses: 1
[   600.018][MainProcess][DEBUG] Printing statistics for good programs of size 1
[   600.020][MainProcess][DEBUG] 	0: Counter({'inner_join': 1680})
[   600.020][MainProcess][DEBUG] Printing statistics for good programs of size 2
[   600.132][MainProcess][DEBUG] 	0: Counter({'inner_join': 105832, 'union': 5040, 'left_join': 5040, 'semi_join': 5040})
[   600.170][MainProcess][DEBUG] 	1: Counter({'inner_join': 92392, 'anti_join': 11760, 'left_join': 5040, 'union': 5040, 'natural_join': 3360, 'semi_join': 3360})
[   600.171][MainProcess][DEBUG] Printing statistics for good programs of size 3
[   600.262][MainProcess][DEBUG] 	0: Counter({'left_join': 407942, 'union': 76300})
[   600.352][MainProcess][DEBUG] 	1: Counter({'inner_join': 232483, 'anti_join': 95690, 'left_join': 45807, 'union': 43147, 'natural_join': 33600, 'semi_join': 33515})
[   600.440][MainProcess][DEBUG] 	2: Counter({'inner_join': 292034, 'anti_join': 54448, 'natural_join3': 40320, 'left_join': 28560, 'union': 28560, 'natural_join': 23520, 'semi_join': 16800})

No solution found
