[     1.570][MainProcess][INFO] Parsing specification...
[     1.573][MainProcess][DEBUG] Reading input files...
[     1.586][MainProcess][INFO] Inferred data types for table tests-examples/scythe/top_rated_posts/tables/i026.csv: ['datetime64[ns]', 'string', 'float64']
[     1.593][MainProcess][INFO] Inferred data types for table tests-examples/scythe/top_rated_posts/tables/o026.csv: ['datetime64[ns]', 'float64', 'float64', 'float64']
[     1.628][MainProcess][DEBUG] Generating DSL...
[     1.639][MainProcess][INFO] Creating 8 processes
[     1.686][cube-solver-1][DEBUG] Initialising process for 1 lines of code.
[     1.687][cube-solver-0][DEBUG] Initialising process for 1 lines of code.
[     1.688][cube-solver-2][DEBUG] Initialising process for 1 lines of code.
[     1.692][cube-solver-4][DEBUG] Initialising process for 1 lines of code.
[     1.693][cube-solver-3][DEBUG] Initialising process for 1 lines of code.
[     1.698][cube-solver-5][DEBUG] Initialising process for 1 lines of code.
[     1.699][cube-solver-6][DEBUG] Initialising process for 1 lines of code.
[     1.705][cube-solver-7][DEBUG] Initialising process for 1 lines of code.
[     1.728][cube-solver-2][DEBUG] Solving cube (l0 = natural_join4(),)
[     1.731][cube-solver-1][DEBUG] Solving cube (l0 = natural_join3(),)
[     1.731][cube-solver-2][DEBUG] Solving cube (l0 = cross_join(),)
[     1.732][cube-solver-1][DEBUG] Solving cube (l0 = inner_join(),)
[     1.731][cube-solver-4][DEBUG] Solving cube (l0 = left_join(),)
[     1.737][cube-solver-0][DEBUG] Solving cube (l0 = natural_join(),)
[     1.737][cube-solver-6][DEBUG] Solving cube (l0 = intersect(),)
[     1.737][cube-solver-3][DEBUG] Solving cube (l0 = anti_join(),)
[     1.738][MainProcess][DEBUG] Increasing generator loc to 2
[     1.739][cube-solver-0][DEBUG] Initialising process for 2 lines of code.
[     1.739][cube-solver-3][DEBUG] Initialising process for 2 lines of code.
[     1.743][cube-solver-5][DEBUG] Solving cube (l0 = union(),)
[     1.744][cube-solver-2][DEBUG] Initialising process for 2 lines of code.
[     1.751][cube-solver-5][DEBUG] Initialising process for 2 lines of code.
[     1.753][cube-solver-4][DEBUG] Initialising process for 2 lines of code.
[     1.757][cube-solver-7][DEBUG] Solving cube (l0 = semi_join(),)
[     1.774][cube-solver-7][DEBUG] Initialising process for 2 lines of code.
[     1.787][cube-solver-6][DEBUG] Initialising process for 2 lines of code.
[     1.842][cube-solver-0][DEBUG] Solving cube (l0 = natural_join(), l1 = anti_join())
[     1.842][cube-solver-2][DEBUG] Solving cube (l0 = natural_join(), l1 = union())
[     1.843][cube-solver-0][DEBUG] Solving cube (l0 = natural_join(), l1 = natural_join())
[     1.844][cube-solver-2][DEBUG] Solving cube (l0 = natural_join(), l1 = natural_join3())
[     1.845][cube-solver-0][DEBUG] Solving cube (l0 = natural_join(), l1 = natural_join4())
[     1.845][cube-solver-2][DEBUG] Solving cube (l0 = natural_join3(), l1 = anti_join())
[     1.846][cube-solver-0][DEBUG] Solving cube (l0 = natural_join3(), l1 = left_join())
[     1.846][cube-solver-2][DEBUG] Solving cube (l0 = natural_join3(), l1 = union())
[     1.847][cube-solver-0][DEBUG] Solving cube (l0 = natural_join3(), l1 = intersect())
[     1.847][cube-solver-2][DEBUG] Solving cube (l0 = natural_join3(), l1 = semi_join())
[     1.848][cube-solver-0][DEBUG] Solving cube (l0 = natural_join3(), l1 = cross_join([1]))
[     1.848][cube-solver-2][DEBUG] Solving cube (l0 = natural_join3(), l1 = inner_join())
[     1.849][cube-solver-2][DEBUG] Solving cube (l0 = natural_join3(), l1 = natural_join())
[     1.849][cube-solver-0][DEBUG] Solving cube (l0 = natural_join3(), l1 = natural_join3())
[     1.850][cube-solver-5][DEBUG] Solving cube (l0 = natural_join(), l1 = intersect())
[     1.850][cube-solver-2][DEBUG] Solving cube (l0 = natural_join3(), l1 = natural_join4())
[     1.850][cube-solver-3][DEBUG] Solving cube (l0 = natural_join(), l1 = left_join())
[     1.851][cube-solver-0][DEBUG] Solving cube (l0 = natural_join4(), l1 = anti_join())
[     1.851][cube-solver-5][DEBUG] Solving cube (l0 = natural_join4(), l1 = left_join())
[     1.851][cube-solver-4][DEBUG] Solving cube (l0 = natural_join(), l1 = semi_join())
[     1.851][cube-solver-2][DEBUG] Solving cube (l0 = natural_join4(), l1 = union())
[     1.852][cube-solver-0][DEBUG] Solving cube (l0 = natural_join4(), l1 = intersect())
[     1.852][cube-solver-5][DEBUG] Solving cube (l0 = natural_join4(), l1 = semi_join())
[     1.852][cube-solver-3][DEBUG] Solving cube (l0 = natural_join4(), l1 = cross_join([1]))
[     1.852][cube-solver-2][DEBUG] Solving cube (l0 = natural_join4(), l1 = inner_join())
[     1.853][cube-solver-4][DEBUG] Solving cube (l0 = natural_join4(), l1 = natural_join())
[     1.853][cube-solver-0][DEBUG] Solving cube (l0 = natural_join4(), l1 = natural_join3())
[     1.853][cube-solver-5][DEBUG] Solving cube (l0 = natural_join4(), l1 = natural_join4())
[     1.854][cube-solver-2][DEBUG] Solving cube (l0 = anti_join(), l1 = natural_join())
[     1.854][cube-solver-4][DEBUG] Solving cube (l0 = anti_join(), l1 = natural_join3())
[     1.854][cube-solver-0][DEBUG] Solving cube (l0 = anti_join(), l1 = natural_join4())
[     1.854][cube-solver-5][DEBUG] Solving cube (l0 = anti_join(), l1 = anti_join())
[     1.855][cube-solver-2][DEBUG] Solving cube (l0 = anti_join(), l1 = left_join())
[     1.855][cube-solver-4][DEBUG] Solving cube (l0 = anti_join(), l1 = intersect())
[     1.855][cube-solver-3][DEBUG] Solving cube (l0 = anti_join(), l1 = union())
[     1.855][cube-solver-0][DEBUG] Solving cube (l0 = anti_join(), l1 = semi_join())
[     1.855][cube-solver-5][DEBUG] Solving cube (l0 = anti_join(), l1 = cross_join([1]))
[     1.856][cube-solver-2][DEBUG] Solving cube (l0 = anti_join(), l1 = inner_join())
[     1.856][cube-solver-4][DEBUG] Solving cube (l0 = left_join(), l1 = natural_join())
[     1.856][cube-solver-0][DEBUG] Solving cube (l0 = left_join(), l1 = natural_join3())
[     1.856][cube-solver-3][DEBUG] Solving cube (l0 = left_join(), l1 = natural_join4())
[     1.857][cube-solver-2][DEBUG] Solving cube (l0 = left_join(), l1 = anti_join())
[     1.857][cube-solver-5][DEBUG] Solving cube (l0 = left_join(), l1 = left_join())
[     1.857][cube-solver-0][DEBUG] Solving cube (l0 = left_join(), l1 = union())
[     1.858][cube-solver-3][DEBUG] Solving cube (l0 = left_join(), l1 = intersect())
[     1.881][cube-solver-4][DEBUG] Solving cube (l0 = left_join(), l1 = semi_join())
[     1.886][cube-solver-6][DEBUG] Solving cube (l0 = natural_join(), l1 = inner_join())
[     1.888][cube-solver-6][DEBUG] Solving cube (l0 = left_join(), l1 = cross_join([1]))
[     1.895][cube-solver-7][DEBUG] Solving cube (l0 = natural_join(), l1 = cross_join([1]))
[     1.897][cube-solver-0][DEBUG] Solving cube (l0 = left_join(), l1 = inner_join())
[     1.898][cube-solver-7][DEBUG] Solving cube (l0 = union(), l1 = natural_join())
[     1.898][cube-solver-5][DEBUG] Solving cube (l0 = union(), l1 = natural_join3())
[     1.900][cube-solver-5][DEBUG] Solving cube (l0 = union(), l1 = natural_join4())
[     1.901][cube-solver-5][DEBUG] Solving cube (l0 = union(), l1 = anti_join())
[     1.920][cube-solver-4][DEBUG] Solving cube (l0 = union(), l1 = left_join())
[     1.921][cube-solver-6][DEBUG] Solving cube (l0 = union(), l1 = union())
[     1.933][cube-solver-7][DEBUG] Solving cube (l0 = union(), l1 = intersect())
[     1.950][cube-solver-6][DEBUG] Solving cube (l0 = union(), l1 = semi_join())
[     1.954][cube-solver-4][DEBUG] Solving cube (l0 = union(), l1 = cross_join([1]))
[     1.978][cube-solver-4][DEBUG] Solving cube (l0 = union(), l1 = inner_join())
[     1.982][cube-solver-6][DEBUG] Solving cube (l0 = intersect(), l1 = natural_join())
[     2.019][cube-solver-2][DEBUG] Solving cube (l0 = intersect(), l1 = natural_join3())
[     2.021][cube-solver-2][DEBUG] Solving cube (l0 = intersect(), l1 = natural_join4())
[     2.022][cube-solver-2][DEBUG] Solving cube (l0 = intersect(), l1 = anti_join())
[     2.041][cube-solver-5][DEBUG] Solving cube (l0 = intersect(), l1 = left_join())
[     2.060][cube-solver-3][DEBUG] Solving cube (l0 = intersect(), l1 = union())
[     2.103][cube-solver-6][DEBUG] Solving cube (l0 = intersect(), l1 = intersect())
[     2.199][cube-solver-7][DEBUG] Solving cube (l0 = intersect(), l1 = semi_join())
[     2.217][cube-solver-3][DEBUG] Solving cube (l0 = intersect(), l1 = cross_join([1]))
[     2.237][cube-solver-5][DEBUG] Solving cube (l0 = intersect(), l1 = inner_join())
[     2.332][cube-solver-7][DEBUG] Solving cube (l0 = semi_join(), l1 = natural_join())
[     2.350][cube-solver-3][DEBUG] Solving cube (l0 = semi_join(), l1 = natural_join3())
[     2.352][cube-solver-3][DEBUG] Solving cube (l0 = semi_join(), l1 = natural_join4())
[     2.353][cube-solver-3][DEBUG] Solving cube (l0 = semi_join(), l1 = anti_join())
[     2.368][cube-solver-7][DEBUG] Solving cube (l0 = semi_join(), l1 = left_join())
[     2.423][cube-solver-7][DEBUG] Solving cube (l0 = semi_join(), l1 = union())
[     2.466][cube-solver-7][DEBUG] Solving cube (l0 = semi_join(), l1 = intersect())
[     2.497][cube-solver-3][DEBUG] Solving cube (l0 = semi_join(), l1 = semi_join())
[     2.530][cube-solver-3][DEBUG] Solving cube (l0 = semi_join(), l1 = cross_join([1]))
[     2.557][cube-solver-3][DEBUG] Solving cube (l0 = semi_join(), l1 = inner_join())
[     2.609][cube-solver-7][DEBUG] Solving cube (l0 = cross_join([1]), l1 = natural_join())
[     2.611][cube-solver-7][DEBUG] Solving cube (l0 = cross_join([1]), l1 = natural_join3())
[     2.612][cube-solver-7][DEBUG] Solving cube (l0 = cross_join([1]), l1 = natural_join4())
[     2.614][cube-solver-7][DEBUG] Solving cube (l0 = cross_join([1]), l1 = anti_join())
[     2.615][cube-solver-7][DEBUG] Solving cube (l0 = cross_join([1]), l1 = left_join())
[     2.617][cube-solver-7][DEBUG] Solving cube (l0 = cross_join([1]), l1 = union())
[     2.619][cube-solver-7][DEBUG] Solving cube (l0 = cross_join([1]), l1 = intersect())
[     2.620][cube-solver-7][DEBUG] Solving cube (l0 = cross_join([1]), l1 = semi_join())
[     2.622][cube-solver-7][DEBUG] Solving cube (l0 = cross_join([1]), l1 = cross_join([1]))
[     2.624][cube-solver-7][DEBUG] Solving cube (l0 = cross_join([1]), l1 = inner_join())
[     2.625][cube-solver-7][DEBUG] Solving cube (l0 = inner_join(), l1 = natural_join())
[     2.707][cube-solver-2][DEBUG] Solving cube (l0 = inner_join(), l1 = natural_join3())
[     2.710][cube-solver-2][DEBUG] Solving cube (l0 = inner_join(), l1 = natural_join4())
[     2.712][cube-solver-2][DEBUG] Solving cube (l0 = inner_join(), l1 = anti_join())
[     2.829][cube-solver-6][DEBUG] Solving cube (l0 = inner_join(), l1 = left_join())
[     3.204][cube-solver-5][DEBUG] Solving cube (l0 = inner_join(), l1 = union())
[     7.967][cube-solver-1][DEBUG] Initialising process for 2 lines of code.
[     8.060][cube-solver-1][DEBUG] Solving cube (l0 = inner_join(), l1 = intersect())
[     8.942][cube-solver-1][DEBUG] Solving cube (l0 = inner_join(), l1 = semi_join())
[    14.729][cube-solver-7][DEBUG] Solving cube (l0 = inner_join(), l1 = cross_join([1]))
[    14.865][cube-solver-7][DEBUG] Solving cube (l0 = inner_join(), l1 = inner_join())
[    20.084][MainProcess][DEBUG] Increasing generator loc to 3
[    20.085][cube-solver-4][DEBUG] Initialising process for 3 lines of code.
[    20.255][cube-solver-4][DEBUG] Solving cube (l0 = natural_join(), l1 = anti_join(), l2 = natural_join())
[    20.257][cube-solver-4][DEBUG] Solving cube (l0 = natural_join(), l1 = anti_join(), l2 = natural_join3())
[    20.258][cube-solver-4][DEBUG] Solving cube (l0 = natural_join(), l1 = anti_join(), l2 = natural_join4())
[    20.259][cube-solver-4][DEBUG] Solving cube (l0 = natural_join(), l1 = anti_join(), l2 = anti_join())
[    20.261][cube-solver-4][DEBUG] Solving cube (l0 = natural_join(), l1 = anti_join(), l2 = left_join())
[    20.262][cube-solver-4][DEBUG] Solving cube (l0 = natural_join(), l1 = anti_join(), l2 = union())
[    20.263][cube-solver-4][DEBUG] Solving cube (l0 = natural_join(), l1 = anti_join(), l2 = intersect())
[    20.264][cube-solver-4][DEBUG] Solving cube (l0 = natural_join(), l1 = anti_join(), l2 = semi_join())
[    20.265][cube-solver-4][DEBUG] Solving cube (l0 = natural_join(), l1 = anti_join(), l2 = cross_join([1]))
[    20.267][cube-solver-4][DEBUG] Solving cube (l0 = natural_join(), l1 = anti_join(), l2 = inner_join())
[    20.269][cube-solver-4][DEBUG] Solving cube (l0 = natural_join(), l1 = left_join(), l2 = natural_join())
[    20.270][cube-solver-4][DEBUG] Solving cube (l0 = natural_join(), l1 = left_join(), l2 = natural_join3())
[    20.271][cube-solver-4][DEBUG] Solving cube (l0 = natural_join(), l1 = left_join(), l2 = natural_join4())
[    20.272][cube-solver-4][DEBUG] Solving cube (l0 = natural_join(), l1 = left_join(), l2 = anti_join())
[    20.273][cube-solver-4][DEBUG] Solving cube (l0 = natural_join(), l1 = left_join(), l2 = left_join())
[    20.275][cube-solver-4][DEBUG] Solving cube (l0 = natural_join(), l1 = left_join(), l2 = union())
[    20.276][cube-solver-4][DEBUG] Solving cube (l0 = natural_join(), l1 = left_join(), l2 = intersect())
[    20.277][cube-solver-4][DEBUG] Solving cube (l0 = natural_join(), l1 = left_join(), l2 = semi_join())
[    20.278][cube-solver-4][DEBUG] Solving cube (l0 = natural_join(), l1 = left_join(), l2 = cross_join([1]))
[    20.280][cube-solver-4][DEBUG] Solving cube (l0 = natural_join(), l1 = left_join(), l2 = inner_join())
[    20.281][cube-solver-4][DEBUG] Solving cube (l0 = natural_join(), l1 = union(), l2 = natural_join())
[    20.282][cube-solver-4][DEBUG] Solving cube (l0 = natural_join(), l1 = union(), l2 = natural_join3())
[    20.284][cube-solver-4][DEBUG] Solving cube (l0 = natural_join(), l1 = union(), l2 = natural_join4())
[    20.285][cube-solver-4][DEBUG] Solving cube (l0 = natural_join(), l1 = union(), l2 = anti_join())
[    20.286][cube-solver-4][DEBUG] Solving cube (l0 = natural_join(), l1 = union(), l2 = left_join())
[    20.287][cube-solver-4][DEBUG] Solving cube (l0 = natural_join(), l1 = union(), l2 = union())
[    20.288][cube-solver-4][DEBUG] Solving cube (l0 = natural_join(), l1 = union(), l2 = intersect())
[    20.290][cube-solver-4][DEBUG] Solving cube (l0 = natural_join(), l1 = union(), l2 = semi_join())
[    20.291][cube-solver-4][DEBUG] Solving cube (l0 = natural_join(), l1 = union(), l2 = cross_join([1]))
[    20.292][cube-solver-4][DEBUG] Solving cube (l0 = natural_join(), l1 = union(), l2 = inner_join())
[    20.294][cube-solver-4][DEBUG] Solving cube (l0 = natural_join(), l1 = intersect(), l2 = natural_join())
[    20.295][cube-solver-4][DEBUG] Solving cube (l0 = natural_join(), l1 = intersect(), l2 = natural_join3())
[    20.296][cube-solver-4][DEBUG] Solving cube (l0 = natural_join(), l1 = intersect(), l2 = natural_join4())
[    20.297][cube-solver-4][DEBUG] Solving cube (l0 = natural_join(), l1 = intersect(), l2 = anti_join())
[    20.298][cube-solver-4][DEBUG] Solving cube (l0 = natural_join(), l1 = intersect(), l2 = left_join())
[    20.300][cube-solver-4][DEBUG] Solving cube (l0 = natural_join(), l1 = intersect(), l2 = union())
[    20.301][cube-solver-4][DEBUG] Solving cube (l0 = natural_join(), l1 = intersect(), l2 = intersect())
[    20.302][cube-solver-4][DEBUG] Solving cube (l0 = natural_join(), l1 = intersect(), l2 = semi_join())
[    20.303][cube-solver-4][DEBUG] Solving cube (l0 = natural_join(), l1 = intersect(), l2 = cross_join([1]))
[    20.305][cube-solver-4][DEBUG] Solving cube (l0 = natural_join(), l1 = intersect(), l2 = inner_join())
[    20.306][cube-solver-4][DEBUG] Solving cube (l0 = natural_join(), l1 = semi_join(), l2 = natural_join())
[    20.307][cube-solver-4][DEBUG] Solving cube (l0 = natural_join(), l1 = semi_join(), l2 = natural_join3())
[    20.309][cube-solver-4][DEBUG] Solving cube (l0 = natural_join(), l1 = semi_join(), l2 = natural_join4())
[    20.310][cube-solver-4][DEBUG] Solving cube (l0 = natural_join(), l1 = semi_join(), l2 = anti_join())
[    20.311][cube-solver-4][DEBUG] Solving cube (l0 = natural_join(), l1 = semi_join(), l2 = left_join())
[    20.312][cube-solver-4][DEBUG] Solving cube (l0 = natural_join(), l1 = semi_join(), l2 = union())
[    20.314][cube-solver-4][DEBUG] Solving cube (l0 = natural_join(), l1 = semi_join(), l2 = intersect())
[    20.315][cube-solver-4][DEBUG] Solving cube (l0 = natural_join(), l1 = semi_join(), l2 = semi_join())
[    20.316][cube-solver-4][DEBUG] Solving cube (l0 = natural_join(), l1 = semi_join(), l2 = cross_join([1]))
[    20.318][cube-solver-4][DEBUG] Solving cube (l0 = natural_join(), l1 = semi_join(), l2 = inner_join())
[    20.319][cube-solver-4][DEBUG] Solving cube (l0 = natural_join(), l1 = cross_join([1]), l2 = natural_join())
[    20.321][cube-solver-4][DEBUG] Solving cube (l0 = natural_join(), l1 = cross_join([1]), l2 = natural_join3())
[    20.322][cube-solver-4][DEBUG] Solving cube (l0 = natural_join(), l1 = cross_join([1]), l2 = natural_join4())
[    20.324][cube-solver-4][DEBUG] Solving cube (l0 = natural_join(), l1 = cross_join([1]), l2 = anti_join())
[    20.326][cube-solver-4][DEBUG] Solving cube (l0 = natural_join(), l1 = cross_join([1]), l2 = left_join())
[    20.327][cube-solver-4][DEBUG] Solving cube (l0 = natural_join(), l1 = cross_join([1]), l2 = union())
[    20.329][cube-solver-4][DEBUG] Solving cube (l0 = natural_join(), l1 = cross_join([1]), l2 = intersect())
[    20.331][cube-solver-4][DEBUG] Solving cube (l0 = natural_join(), l1 = cross_join([1]), l2 = semi_join())
[    20.332][cube-solver-4][DEBUG] Solving cube (l0 = natural_join(), l1 = cross_join([1]), l2 = cross_join([1]))
[    20.334][cube-solver-4][DEBUG] Solving cube (l0 = natural_join(), l1 = cross_join([1]), l2 = inner_join())
[    20.336][cube-solver-4][DEBUG] Solving cube (l0 = natural_join(), l1 = inner_join(), l2 = natural_join())
[    20.337][cube-solver-4][DEBUG] Solving cube (l0 = natural_join(), l1 = inner_join(), l2 = natural_join3())
[    20.338][cube-solver-4][DEBUG] Solving cube (l0 = natural_join(), l1 = inner_join(), l2 = natural_join4())
[    20.339][cube-solver-4][DEBUG] Solving cube (l0 = natural_join(), l1 = inner_join(), l2 = anti_join())
[    20.340][cube-solver-4][DEBUG] Solving cube (l0 = natural_join(), l1 = inner_join(), l2 = left_join())
[    20.342][cube-solver-4][DEBUG] Solving cube (l0 = natural_join(), l1 = inner_join(), l2 = union())
[    20.343][cube-solver-4][DEBUG] Solving cube (l0 = natural_join(), l1 = inner_join(), l2 = intersect())
[    20.344][cube-solver-4][DEBUG] Solving cube (l0 = natural_join(), l1 = inner_join(), l2 = semi_join())
[    20.345][cube-solver-4][DEBUG] Solving cube (l0 = natural_join(), l1 = inner_join(), l2 = cross_join([1]))
[    20.347][cube-solver-4][DEBUG] Solving cube (l0 = natural_join(), l1 = inner_join(), l2 = inner_join())
[    20.348][cube-solver-4][DEBUG] Solving cube (l0 = natural_join(), l1 = natural_join(), l2 = anti_join())
[    20.349][cube-solver-4][DEBUG] Solving cube (l0 = natural_join(), l1 = natural_join(), l2 = left_join())
[    20.350][cube-solver-4][DEBUG] Solving cube (l0 = natural_join(), l1 = natural_join(), l2 = union())
[    20.351][cube-solver-4][DEBUG] Solving cube (l0 = natural_join(), l1 = natural_join(), l2 = intersect())
[    20.352][cube-solver-4][DEBUG] Solving cube (l0 = natural_join(), l1 = natural_join(), l2 = semi_join())
[    20.354][cube-solver-4][DEBUG] Solving cube (l0 = natural_join(), l1 = natural_join(), l2 = cross_join([1]))
[    20.355][cube-solver-4][DEBUG] Solving cube (l0 = natural_join(), l1 = natural_join(), l2 = inner_join())
[    20.356][cube-solver-4][DEBUG] Solving cube (l0 = natural_join(), l1 = natural_join(), l2 = natural_join())
[    20.358][cube-solver-4][DEBUG] Solving cube (l0 = natural_join(), l1 = natural_join(), l2 = natural_join3())
[    20.359][cube-solver-4][DEBUG] Solving cube (l0 = natural_join(), l1 = natural_join(), l2 = natural_join4())
[    20.360][cube-solver-4][DEBUG] Solving cube (l0 = natural_join(), l1 = natural_join3(), l2 = anti_join())
[    20.361][cube-solver-4][DEBUG] Solving cube (l0 = natural_join(), l1 = natural_join3(), l2 = left_join())
[    20.362][cube-solver-4][DEBUG] Solving cube (l0 = natural_join(), l1 = natural_join3(), l2 = union())
[    20.363][cube-solver-4][DEBUG] Solving cube (l0 = natural_join(), l1 = natural_join3(), l2 = intersect())
[    20.365][cube-solver-4][DEBUG] Solving cube (l0 = natural_join(), l1 = natural_join3(), l2 = semi_join())
[    20.366][cube-solver-4][DEBUG] Solving cube (l0 = natural_join(), l1 = natural_join3(), l2 = cross_join([1]))
[    20.368][cube-solver-4][DEBUG] Solving cube (l0 = natural_join(), l1 = natural_join3(), l2 = inner_join())
[    20.369][cube-solver-4][DEBUG] Solving cube (l0 = natural_join(), l1 = natural_join3(), l2 = natural_join())
[    20.370][cube-solver-4][DEBUG] Solving cube (l0 = natural_join(), l1 = natural_join3(), l2 = natural_join3())
[    20.371][cube-solver-4][DEBUG] Solving cube (l0 = natural_join(), l1 = natural_join3(), l2 = natural_join4())
[    20.372][cube-solver-4][DEBUG] Solving cube (l0 = natural_join(), l1 = natural_join4(), l2 = anti_join())
[    20.374][cube-solver-4][DEBUG] Solving cube (l0 = natural_join(), l1 = natural_join4(), l2 = left_join())
[    20.375][cube-solver-4][DEBUG] Solving cube (l0 = natural_join(), l1 = natural_join4(), l2 = union())
[    20.376][cube-solver-4][DEBUG] Solving cube (l0 = natural_join(), l1 = natural_join4(), l2 = intersect())
[    20.377][cube-solver-4][DEBUG] Solving cube (l0 = natural_join(), l1 = natural_join4(), l2 = semi_join())
[    20.378][cube-solver-4][DEBUG] Solving cube (l0 = natural_join(), l1 = natural_join4(), l2 = cross_join([1]))
[    20.380][cube-solver-4][DEBUG] Solving cube (l0 = natural_join(), l1 = natural_join4(), l2 = inner_join())
[    20.381][cube-solver-4][DEBUG] Solving cube (l0 = natural_join(), l1 = natural_join4(), l2 = natural_join())
[    20.382][cube-solver-4][DEBUG] Solving cube (l0 = natural_join(), l1 = natural_join4(), l2 = natural_join3())
[    20.383][cube-solver-4][DEBUG] Solving cube (l0 = natural_join(), l1 = natural_join4(), l2 = natural_join4())
[    20.385][cube-solver-4][DEBUG] Solving cube (l0 = natural_join3(), l1 = anti_join(), l2 = natural_join())
[    20.386][cube-solver-4][DEBUG] Solving cube (l0 = natural_join3(), l1 = anti_join(), l2 = natural_join3())
[    20.387][cube-solver-4][DEBUG] Solving cube (l0 = natural_join3(), l1 = anti_join(), l2 = natural_join4())
[    20.388][cube-solver-4][DEBUG] Solving cube (l0 = natural_join3(), l1 = anti_join(), l2 = anti_join())
[    20.389][cube-solver-4][DEBUG] Solving cube (l0 = natural_join3(), l1 = anti_join(), l2 = left_join())
[    20.391][cube-solver-4][DEBUG] Solving cube (l0 = natural_join3(), l1 = anti_join(), l2 = union())
[    20.392][cube-solver-4][DEBUG] Solving cube (l0 = natural_join3(), l1 = anti_join(), l2 = intersect())
[    20.393][cube-solver-4][DEBUG] Solving cube (l0 = natural_join3(), l1 = anti_join(), l2 = semi_join())
[    20.394][cube-solver-4][DEBUG] Solving cube (l0 = natural_join3(), l1 = anti_join(), l2 = cross_join([1]))
[    20.396][cube-solver-4][DEBUG] Solving cube (l0 = natural_join3(), l1 = anti_join(), l2 = inner_join())
[    20.397][cube-solver-4][DEBUG] Solving cube (l0 = natural_join3(), l1 = left_join(), l2 = natural_join())
[    20.398][cube-solver-4][DEBUG] Solving cube (l0 = natural_join3(), l1 = left_join(), l2 = natural_join3())
[    20.399][cube-solver-4][DEBUG] Solving cube (l0 = natural_join3(), l1 = left_join(), l2 = natural_join4())
[    20.401][cube-solver-4][DEBUG] Solving cube (l0 = natural_join3(), l1 = left_join(), l2 = anti_join())
[    20.402][cube-solver-4][DEBUG] Solving cube (l0 = natural_join3(), l1 = left_join(), l2 = left_join())
[    20.403][cube-solver-4][DEBUG] Solving cube (l0 = natural_join3(), l1 = left_join(), l2 = union())
[    20.404][cube-solver-4][DEBUG] Solving cube (l0 = natural_join3(), l1 = left_join(), l2 = intersect())
[    20.405][cube-solver-4][DEBUG] Solving cube (l0 = natural_join3(), l1 = left_join(), l2 = semi_join())
[    20.407][cube-solver-4][DEBUG] Solving cube (l0 = natural_join3(), l1 = left_join(), l2 = cross_join([1]))
[    20.408][cube-solver-4][DEBUG] Solving cube (l0 = natural_join3(), l1 = left_join(), l2 = inner_join())
[    20.409][cube-solver-4][DEBUG] Solving cube (l0 = natural_join3(), l1 = union(), l2 = natural_join())
[    20.411][cube-solver-4][DEBUG] Solving cube (l0 = natural_join3(), l1 = union(), l2 = natural_join3())
[    20.412][cube-solver-4][DEBUG] Solving cube (l0 = natural_join3(), l1 = union(), l2 = natural_join4())
[    20.413][cube-solver-4][DEBUG] Solving cube (l0 = natural_join3(), l1 = union(), l2 = anti_join())
[    20.414][cube-solver-4][DEBUG] Solving cube (l0 = natural_join3(), l1 = union(), l2 = left_join())
[    20.415][cube-solver-4][DEBUG] Solving cube (l0 = natural_join3(), l1 = union(), l2 = union())
[    20.417][cube-solver-4][DEBUG] Solving cube (l0 = natural_join3(), l1 = union(), l2 = intersect())
[    20.418][cube-solver-4][DEBUG] Solving cube (l0 = natural_join3(), l1 = union(), l2 = semi_join())
[    20.419][cube-solver-4][DEBUG] Solving cube (l0 = natural_join3(), l1 = union(), l2 = cross_join([1]))
[    20.421][cube-solver-4][DEBUG] Solving cube (l0 = natural_join3(), l1 = union(), l2 = inner_join())
[    20.422][cube-solver-4][DEBUG] Solving cube (l0 = natural_join3(), l1 = intersect(), l2 = natural_join())
[    20.423][cube-solver-4][DEBUG] Solving cube (l0 = natural_join3(), l1 = intersect(), l2 = natural_join3())
[    20.424][cube-solver-4][DEBUG] Solving cube (l0 = natural_join3(), l1 = intersect(), l2 = natural_join4())
[    20.426][cube-solver-4][DEBUG] Solving cube (l0 = natural_join3(), l1 = intersect(), l2 = anti_join())
[    20.427][cube-solver-4][DEBUG] Solving cube (l0 = natural_join3(), l1 = intersect(), l2 = left_join())
[    20.428][cube-solver-4][DEBUG] Solving cube (l0 = natural_join3(), l1 = intersect(), l2 = union())
[    20.429][cube-solver-4][DEBUG] Solving cube (l0 = natural_join3(), l1 = intersect(), l2 = intersect())
[    20.430][cube-solver-4][DEBUG] Solving cube (l0 = natural_join3(), l1 = intersect(), l2 = semi_join())
[    20.432][cube-solver-4][DEBUG] Solving cube (l0 = natural_join3(), l1 = intersect(), l2 = cross_join([1]))
[    20.433][cube-solver-4][DEBUG] Solving cube (l0 = natural_join3(), l1 = intersect(), l2 = inner_join())
[    20.434][cube-solver-4][DEBUG] Solving cube (l0 = natural_join3(), l1 = semi_join(), l2 = natural_join())
[    20.436][cube-solver-4][DEBUG] Solving cube (l0 = natural_join3(), l1 = semi_join(), l2 = natural_join3())
[    20.437][cube-solver-4][DEBUG] Solving cube (l0 = natural_join3(), l1 = semi_join(), l2 = natural_join4())
[    20.438][cube-solver-4][DEBUG] Solving cube (l0 = natural_join3(), l1 = semi_join(), l2 = anti_join())
[    20.439][cube-solver-4][DEBUG] Solving cube (l0 = natural_join3(), l1 = semi_join(), l2 = left_join())
[    20.440][cube-solver-4][DEBUG] Solving cube (l0 = natural_join3(), l1 = semi_join(), l2 = union())
[    20.441][cube-solver-4][DEBUG] Solving cube (l0 = natural_join3(), l1 = semi_join(), l2 = intersect())
[    20.443][cube-solver-4][DEBUG] Solving cube (l0 = natural_join3(), l1 = semi_join(), l2 = semi_join())
[    20.444][cube-solver-4][DEBUG] Solving cube (l0 = natural_join3(), l1 = semi_join(), l2 = cross_join([1]))
[    20.445][cube-solver-4][DEBUG] Solving cube (l0 = natural_join3(), l1 = semi_join(), l2 = inner_join())
[    20.447][cube-solver-4][DEBUG] Solving cube (l0 = natural_join3(), l1 = cross_join([1]), l2 = natural_join())
[    20.448][cube-solver-4][DEBUG] Solving cube (l0 = natural_join3(), l1 = cross_join([1]), l2 = natural_join3())
[    20.450][cube-solver-4][DEBUG] Solving cube (l0 = natural_join3(), l1 = cross_join([1]), l2 = natural_join4())
[    20.451][cube-solver-4][DEBUG] Solving cube (l0 = natural_join3(), l1 = cross_join([1]), l2 = anti_join())
[    20.453][cube-solver-4][DEBUG] Solving cube (l0 = natural_join3(), l1 = cross_join([1]), l2 = left_join())
[    20.455][cube-solver-4][DEBUG] Solving cube (l0 = natural_join3(), l1 = cross_join([1]), l2 = union())
[    20.456][cube-solver-4][DEBUG] Solving cube (l0 = natural_join3(), l1 = cross_join([1]), l2 = intersect())
[    20.458][cube-solver-4][DEBUG] Solving cube (l0 = natural_join3(), l1 = cross_join([1]), l2 = semi_join())
[    20.460][cube-solver-4][DEBUG] Solving cube (l0 = natural_join3(), l1 = cross_join([1]), l2 = cross_join([1]))
[    20.462][cube-solver-4][DEBUG] Solving cube (l0 = natural_join3(), l1 = cross_join([1]), l2 = inner_join())
[    20.463][cube-solver-4][DEBUG] Solving cube (l0 = natural_join3(), l1 = inner_join(), l2 = natural_join())
[    20.464][cube-solver-4][DEBUG] Solving cube (l0 = natural_join3(), l1 = inner_join(), l2 = natural_join3())
[    20.466][cube-solver-4][DEBUG] Solving cube (l0 = natural_join3(), l1 = inner_join(), l2 = natural_join4())
[    20.467][cube-solver-4][DEBUG] Solving cube (l0 = natural_join3(), l1 = inner_join(), l2 = anti_join())
[    20.468][cube-solver-4][DEBUG] Solving cube (l0 = natural_join3(), l1 = inner_join(), l2 = left_join())
[    20.469][cube-solver-4][DEBUG] Solving cube (l0 = natural_join3(), l1 = inner_join(), l2 = union())
[    20.471][cube-solver-4][DEBUG] Solving cube (l0 = natural_join3(), l1 = inner_join(), l2 = intersect())
[    20.472][cube-solver-4][DEBUG] Solving cube (l0 = natural_join3(), l1 = inner_join(), l2 = semi_join())
[    20.473][cube-solver-4][DEBUG] Solving cube (l0 = natural_join3(), l1 = inner_join(), l2 = cross_join([1]))
[    20.475][cube-solver-4][DEBUG] Solving cube (l0 = natural_join3(), l1 = inner_join(), l2 = inner_join())
[    20.476][cube-solver-4][DEBUG] Solving cube (l0 = natural_join3(), l1 = natural_join(), l2 = anti_join())
[    20.477][cube-solver-4][DEBUG] Solving cube (l0 = natural_join3(), l1 = natural_join(), l2 = left_join())
[    20.479][cube-solver-4][DEBUG] Solving cube (l0 = natural_join3(), l1 = natural_join(), l2 = union())
[    20.480][cube-solver-4][DEBUG] Solving cube (l0 = natural_join3(), l1 = natural_join(), l2 = intersect())
[    20.481][cube-solver-4][DEBUG] Solving cube (l0 = natural_join3(), l1 = natural_join(), l2 = semi_join())
[    20.482][cube-solver-4][DEBUG] Solving cube (l0 = natural_join3(), l1 = natural_join(), l2 = cross_join([1]))
[    20.484][cube-solver-4][DEBUG] Solving cube (l0 = natural_join3(), l1 = natural_join(), l2 = inner_join())
[    20.485][cube-solver-4][DEBUG] Solving cube (l0 = natural_join3(), l1 = natural_join(), l2 = natural_join())
[    20.486][cube-solver-4][DEBUG] Solving cube (l0 = natural_join3(), l1 = natural_join(), l2 = natural_join3())
[    20.488][cube-solver-4][DEBUG] Solving cube (l0 = natural_join3(), l1 = natural_join(), l2 = natural_join4())
[    20.489][cube-solver-4][DEBUG] Solving cube (l0 = natural_join3(), l1 = natural_join3(), l2 = anti_join())
[    20.490][cube-solver-4][DEBUG] Solving cube (l0 = natural_join3(), l1 = natural_join3(), l2 = left_join())
[    20.491][cube-solver-4][DEBUG] Solving cube (l0 = natural_join3(), l1 = natural_join3(), l2 = union())
[    20.493][cube-solver-4][DEBUG] Solving cube (l0 = natural_join3(), l1 = natural_join3(), l2 = intersect())
[    20.494][cube-solver-4][DEBUG] Solving cube (l0 = natural_join3(), l1 = natural_join3(), l2 = semi_join())
[    20.495][cube-solver-4][DEBUG] Solving cube (l0 = natural_join3(), l1 = natural_join3(), l2 = cross_join([1]))
[    20.497][cube-solver-4][DEBUG] Solving cube (l0 = natural_join3(), l1 = natural_join3(), l2 = inner_join())
[    20.498][cube-solver-4][DEBUG] Solving cube (l0 = natural_join3(), l1 = natural_join3(), l2 = natural_join())
[    20.499][cube-solver-4][DEBUG] Solving cube (l0 = natural_join3(), l1 = natural_join3(), l2 = natural_join3())
[    20.500][cube-solver-4][DEBUG] Solving cube (l0 = natural_join3(), l1 = natural_join3(), l2 = natural_join4())
[    20.502][cube-solver-4][DEBUG] Solving cube (l0 = natural_join3(), l1 = natural_join4(), l2 = anti_join())
[    20.503][cube-solver-4][DEBUG] Solving cube (l0 = natural_join3(), l1 = natural_join4(), l2 = left_join())
[    20.504][cube-solver-4][DEBUG] Solving cube (l0 = natural_join3(), l1 = natural_join4(), l2 = union())
[    20.505][cube-solver-4][DEBUG] Solving cube (l0 = natural_join3(), l1 = natural_join4(), l2 = intersect())
[    20.507][cube-solver-4][DEBUG] Solving cube (l0 = natural_join3(), l1 = natural_join4(), l2 = semi_join())
[    20.508][cube-solver-4][DEBUG] Solving cube (l0 = natural_join3(), l1 = natural_join4(), l2 = cross_join([1]))
[    20.509][cube-solver-4][DEBUG] Solving cube (l0 = natural_join3(), l1 = natural_join4(), l2 = inner_join())
[    20.511][cube-solver-4][DEBUG] Solving cube (l0 = natural_join3(), l1 = natural_join4(), l2 = natural_join())
[    20.512][cube-solver-4][DEBUG] Solving cube (l0 = natural_join3(), l1 = natural_join4(), l2 = natural_join3())
[    20.513][cube-solver-4][DEBUG] Solving cube (l0 = natural_join3(), l1 = natural_join4(), l2 = natural_join4())
[    20.514][cube-solver-4][DEBUG] Solving cube (l0 = natural_join4(), l1 = anti_join(), l2 = natural_join())
[    20.515][cube-solver-4][DEBUG] Solving cube (l0 = natural_join4(), l1 = anti_join(), l2 = natural_join3())
[    20.517][cube-solver-4][DEBUG] Solving cube (l0 = natural_join4(), l1 = anti_join(), l2 = natural_join4())
[    20.518][cube-solver-4][DEBUG] Solving cube (l0 = natural_join4(), l1 = anti_join(), l2 = anti_join())
[    20.519][cube-solver-4][DEBUG] Solving cube (l0 = natural_join4(), l1 = anti_join(), l2 = left_join())
[    20.520][cube-solver-4][DEBUG] Solving cube (l0 = natural_join4(), l1 = anti_join(), l2 = union())
[    20.522][cube-solver-4][DEBUG] Solving cube (l0 = natural_join4(), l1 = anti_join(), l2 = intersect())
[    20.523][cube-solver-4][DEBUG] Solving cube (l0 = natural_join4(), l1 = anti_join(), l2 = semi_join())
[    20.524][cube-solver-4][DEBUG] Solving cube (l0 = natural_join4(), l1 = anti_join(), l2 = cross_join([1]))
[    20.526][cube-solver-4][DEBUG] Solving cube (l0 = natural_join4(), l1 = anti_join(), l2 = inner_join())
[    20.527][cube-solver-4][DEBUG] Solving cube (l0 = natural_join4(), l1 = left_join(), l2 = natural_join())
[    20.528][cube-solver-4][DEBUG] Solving cube (l0 = natural_join4(), l1 = left_join(), l2 = natural_join3())
[    20.529][cube-solver-4][DEBUG] Solving cube (l0 = natural_join4(), l1 = left_join(), l2 = natural_join4())
[    20.530][cube-solver-4][DEBUG] Solving cube (l0 = natural_join4(), l1 = left_join(), l2 = anti_join())
[    20.532][cube-solver-4][DEBUG] Solving cube (l0 = natural_join4(), l1 = left_join(), l2 = left_join())
[    20.533][cube-solver-4][DEBUG] Solving cube (l0 = natural_join4(), l1 = left_join(), l2 = union())
[    20.534][cube-solver-4][DEBUG] Solving cube (l0 = natural_join4(), l1 = left_join(), l2 = intersect())
[    20.535][cube-solver-4][DEBUG] Solving cube (l0 = natural_join4(), l1 = left_join(), l2 = semi_join())
[    20.536][cube-solver-4][DEBUG] Solving cube (l0 = natural_join4(), l1 = left_join(), l2 = cross_join([1]))
[    20.538][cube-solver-4][DEBUG] Solving cube (l0 = natural_join4(), l1 = left_join(), l2 = inner_join())
[    20.539][cube-solver-4][DEBUG] Solving cube (l0 = natural_join4(), l1 = union(), l2 = natural_join())
[    20.540][cube-solver-4][DEBUG] Solving cube (l0 = natural_join4(), l1 = union(), l2 = natural_join3())
[    20.541][cube-solver-4][DEBUG] Solving cube (l0 = natural_join4(), l1 = union(), l2 = natural_join4())
[    20.542][cube-solver-4][DEBUG] Solving cube (l0 = natural_join4(), l1 = union(), l2 = anti_join())
[    20.543][cube-solver-4][DEBUG] Solving cube (l0 = natural_join4(), l1 = union(), l2 = left_join())
[    20.545][cube-solver-4][DEBUG] Solving cube (l0 = natural_join4(), l1 = union(), l2 = union())
[    20.546][cube-solver-4][DEBUG] Solving cube (l0 = natural_join4(), l1 = union(), l2 = intersect())
[    20.547][cube-solver-4][DEBUG] Solving cube (l0 = natural_join4(), l1 = union(), l2 = semi_join())
[    20.548][cube-solver-4][DEBUG] Solving cube (l0 = natural_join4(), l1 = union(), l2 = cross_join([1]))
[    20.550][cube-solver-4][DEBUG] Solving cube (l0 = natural_join4(), l1 = union(), l2 = inner_join())
[    20.551][cube-solver-4][DEBUG] Solving cube (l0 = natural_join4(), l1 = intersect(), l2 = natural_join())
[    20.552][cube-solver-4][DEBUG] Solving cube (l0 = natural_join4(), l1 = intersect(), l2 = natural_join3())
[    20.553][cube-solver-4][DEBUG] Solving cube (l0 = natural_join4(), l1 = intersect(), l2 = natural_join4())
[    20.555][cube-solver-4][DEBUG] Solving cube (l0 = natural_join4(), l1 = intersect(), l2 = anti_join())
[    20.556][cube-solver-4][DEBUG] Solving cube (l0 = natural_join4(), l1 = intersect(), l2 = left_join())
[    20.557][cube-solver-4][DEBUG] Solving cube (l0 = natural_join4(), l1 = intersect(), l2 = union())
[    20.558][cube-solver-4][DEBUG] Solving cube (l0 = natural_join4(), l1 = intersect(), l2 = intersect())
[    20.559][cube-solver-4][DEBUG] Solving cube (l0 = natural_join4(), l1 = intersect(), l2 = semi_join())
[    20.560][cube-solver-4][DEBUG] Solving cube (l0 = natural_join4(), l1 = intersect(), l2 = cross_join([1]))
[    20.562][cube-solver-4][DEBUG] Solving cube (l0 = natural_join4(), l1 = intersect(), l2 = inner_join())
[    20.563][cube-solver-4][DEBUG] Solving cube (l0 = natural_join4(), l1 = semi_join(), l2 = natural_join())
[    20.564][cube-solver-4][DEBUG] Solving cube (l0 = natural_join4(), l1 = semi_join(), l2 = natural_join3())
[    20.566][cube-solver-4][DEBUG] Solving cube (l0 = natural_join4(), l1 = semi_join(), l2 = natural_join4())
[    20.567][cube-solver-4][DEBUG] Solving cube (l0 = natural_join4(), l1 = semi_join(), l2 = anti_join())
[    20.568][cube-solver-4][DEBUG] Solving cube (l0 = natural_join4(), l1 = semi_join(), l2 = left_join())
[    20.570][cube-solver-4][DEBUG] Solving cube (l0 = natural_join4(), l1 = semi_join(), l2 = union())
[    20.571][cube-solver-4][DEBUG] Solving cube (l0 = natural_join4(), l1 = semi_join(), l2 = intersect())
[    20.572][cube-solver-4][DEBUG] Solving cube (l0 = natural_join4(), l1 = semi_join(), l2 = semi_join())
[    20.573][cube-solver-4][DEBUG] Solving cube (l0 = natural_join4(), l1 = semi_join(), l2 = cross_join([1]))
[    20.575][cube-solver-4][DEBUG] Solving cube (l0 = natural_join4(), l1 = semi_join(), l2 = inner_join())
[    20.576][cube-solver-4][DEBUG] Solving cube (l0 = natural_join4(), l1 = cross_join([1]), l2 = natural_join())
[    20.578][cube-solver-4][DEBUG] Solving cube (l0 = natural_join4(), l1 = cross_join([1]), l2 = natural_join3())
[    20.580][cube-solver-4][DEBUG] Solving cube (l0 = natural_join4(), l1 = cross_join([1]), l2 = natural_join4())
[    20.581][cube-solver-4][DEBUG] Solving cube (l0 = natural_join4(), l1 = cross_join([1]), l2 = anti_join())
[    20.583][cube-solver-4][DEBUG] Solving cube (l0 = natural_join4(), l1 = cross_join([1]), l2 = left_join())
[    20.584][cube-solver-4][DEBUG] Solving cube (l0 = natural_join4(), l1 = cross_join([1]), l2 = union())
[    20.586][cube-solver-4][DEBUG] Solving cube (l0 = natural_join4(), l1 = cross_join([1]), l2 = intersect())
[    20.588][cube-solver-4][DEBUG] Solving cube (l0 = natural_join4(), l1 = cross_join([1]), l2 = semi_join())
[    20.589][cube-solver-4][DEBUG] Solving cube (l0 = natural_join4(), l1 = cross_join([1]), l2 = cross_join([1]))
[    20.591][cube-solver-4][DEBUG] Solving cube (l0 = natural_join4(), l1 = cross_join([1]), l2 = inner_join())
[    20.593][cube-solver-4][DEBUG] Solving cube (l0 = natural_join4(), l1 = inner_join(), l2 = natural_join())
[    20.594][cube-solver-4][DEBUG] Solving cube (l0 = natural_join4(), l1 = inner_join(), l2 = natural_join3())
[    20.595][cube-solver-4][DEBUG] Solving cube (l0 = natural_join4(), l1 = inner_join(), l2 = natural_join4())
[    20.596][cube-solver-4][DEBUG] Solving cube (l0 = natural_join4(), l1 = inner_join(), l2 = anti_join())
[    20.598][cube-solver-4][DEBUG] Solving cube (l0 = natural_join4(), l1 = inner_join(), l2 = left_join())
[    20.599][cube-solver-4][DEBUG] Solving cube (l0 = natural_join4(), l1 = inner_join(), l2 = union())
[    20.600][cube-solver-4][DEBUG] Solving cube (l0 = natural_join4(), l1 = inner_join(), l2 = intersect())
[    20.601][cube-solver-4][DEBUG] Solving cube (l0 = natural_join4(), l1 = inner_join(), l2 = semi_join())
[    20.602][cube-solver-4][DEBUG] Solving cube (l0 = natural_join4(), l1 = inner_join(), l2 = cross_join([1]))
[    20.604][cube-solver-4][DEBUG] Solving cube (l0 = natural_join4(), l1 = inner_join(), l2 = inner_join())
[    20.605][cube-solver-4][DEBUG] Solving cube (l0 = natural_join4(), l1 = natural_join(), l2 = anti_join())
[    20.606][cube-solver-4][DEBUG] Solving cube (l0 = natural_join4(), l1 = natural_join(), l2 = left_join())
[    20.608][cube-solver-4][DEBUG] Solving cube (l0 = natural_join4(), l1 = natural_join(), l2 = union())
[    20.609][cube-solver-4][DEBUG] Solving cube (l0 = natural_join4(), l1 = natural_join(), l2 = intersect())
[    20.610][cube-solver-4][DEBUG] Solving cube (l0 = natural_join4(), l1 = natural_join(), l2 = semi_join())
[    20.611][cube-solver-4][DEBUG] Solving cube (l0 = natural_join4(), l1 = natural_join(), l2 = cross_join([1]))
[    20.613][cube-solver-4][DEBUG] Solving cube (l0 = natural_join4(), l1 = natural_join(), l2 = inner_join())
[    20.614][cube-solver-4][DEBUG] Solving cube (l0 = natural_join4(), l1 = natural_join(), l2 = natural_join())
[    20.615][cube-solver-4][DEBUG] Solving cube (l0 = natural_join4(), l1 = natural_join(), l2 = natural_join3())
[    20.616][cube-solver-4][DEBUG] Solving cube (l0 = natural_join4(), l1 = natural_join(), l2 = natural_join4())
[    20.618][cube-solver-4][DEBUG] Solving cube (l0 = natural_join4(), l1 = natural_join3(), l2 = anti_join())
[    20.619][cube-solver-4][DEBUG] Solving cube (l0 = natural_join4(), l1 = natural_join3(), l2 = left_join())
[    20.620][cube-solver-4][DEBUG] Solving cube (l0 = natural_join4(), l1 = natural_join3(), l2 = union())
[    20.621][cube-solver-4][DEBUG] Solving cube (l0 = natural_join4(), l1 = natural_join3(), l2 = intersect())
[    20.622][cube-solver-4][DEBUG] Solving cube (l0 = natural_join4(), l1 = natural_join3(), l2 = semi_join())
[    20.624][cube-solver-4][DEBUG] Solving cube (l0 = natural_join4(), l1 = natural_join3(), l2 = cross_join([1]))
[    20.625][cube-solver-4][DEBUG] Solving cube (l0 = natural_join4(), l1 = natural_join3(), l2 = inner_join())
[    20.627][cube-solver-4][DEBUG] Solving cube (l0 = natural_join4(), l1 = natural_join3(), l2 = natural_join())
[    20.628][cube-solver-4][DEBUG] Solving cube (l0 = natural_join4(), l1 = natural_join3(), l2 = natural_join3())
[    20.629][cube-solver-4][DEBUG] Solving cube (l0 = natural_join4(), l1 = natural_join3(), l2 = natural_join4())
[    20.630][cube-solver-4][DEBUG] Solving cube (l0 = natural_join4(), l1 = natural_join4(), l2 = anti_join())
[    20.631][cube-solver-4][DEBUG] Solving cube (l0 = natural_join4(), l1 = natural_join4(), l2 = left_join())
[    20.632][cube-solver-4][DEBUG] Solving cube (l0 = natural_join4(), l1 = natural_join4(), l2 = union())
[    20.634][cube-solver-4][DEBUG] Solving cube (l0 = natural_join4(), l1 = natural_join4(), l2 = intersect())
[    20.635][cube-solver-4][DEBUG] Solving cube (l0 = natural_join4(), l1 = natural_join4(), l2 = semi_join())
[    20.636][cube-solver-4][DEBUG] Solving cube (l0 = natural_join4(), l1 = natural_join4(), l2 = cross_join([1]))
[    20.638][cube-solver-4][DEBUG] Solving cube (l0 = natural_join4(), l1 = natural_join4(), l2 = inner_join())
[    20.639][cube-solver-4][DEBUG] Solving cube (l0 = natural_join4(), l1 = natural_join4(), l2 = natural_join())
[    20.640][cube-solver-4][DEBUG] Solving cube (l0 = natural_join4(), l1 = natural_join4(), l2 = natural_join3())
[    20.641][cube-solver-4][DEBUG] Solving cube (l0 = natural_join4(), l1 = natural_join4(), l2 = natural_join4())
[    20.642][cube-solver-4][DEBUG] Solving cube (l0 = anti_join(), l1 = natural_join(), l2 = anti_join())
[    20.643][cube-solver-4][DEBUG] Solving cube (l0 = anti_join(), l1 = natural_join(), l2 = left_join())
[    20.645][cube-solver-4][DEBUG] Solving cube (l0 = anti_join(), l1 = natural_join(), l2 = union())
[    20.646][cube-solver-4][DEBUG] Solving cube (l0 = anti_join(), l1 = natural_join(), l2 = intersect())
[    20.647][cube-solver-4][DEBUG] Solving cube (l0 = anti_join(), l1 = natural_join(), l2 = semi_join())
[    20.648][cube-solver-4][DEBUG] Solving cube (l0 = anti_join(), l1 = natural_join(), l2 = cross_join([1]))
[    20.650][cube-solver-4][DEBUG] Solving cube (l0 = anti_join(), l1 = natural_join(), l2 = inner_join())
[    20.651][cube-solver-4][DEBUG] Solving cube (l0 = anti_join(), l1 = natural_join(), l2 = natural_join())
[    20.652][cube-solver-4][DEBUG] Solving cube (l0 = anti_join(), l1 = natural_join(), l2 = natural_join3())
[    20.653][cube-solver-4][DEBUG] Solving cube (l0 = anti_join(), l1 = natural_join(), l2 = natural_join4())
[    20.655][cube-solver-4][DEBUG] Solving cube (l0 = anti_join(), l1 = natural_join3(), l2 = anti_join())
[    20.656][cube-solver-4][DEBUG] Solving cube (l0 = anti_join(), l1 = natural_join3(), l2 = left_join())
[    20.657][cube-solver-4][DEBUG] Solving cube (l0 = anti_join(), l1 = natural_join3(), l2 = union())
[    20.658][cube-solver-4][DEBUG] Solving cube (l0 = anti_join(), l1 = natural_join3(), l2 = intersect())
[    20.659][cube-solver-4][DEBUG] Solving cube (l0 = anti_join(), l1 = natural_join3(), l2 = semi_join())
[    20.660][cube-solver-4][DEBUG] Solving cube (l0 = anti_join(), l1 = natural_join3(), l2 = cross_join([1]))
[    20.662][cube-solver-4][DEBUG] Solving cube (l0 = anti_join(), l1 = natural_join3(), l2 = inner_join())
[    20.663][cube-solver-4][DEBUG] Solving cube (l0 = anti_join(), l1 = natural_join3(), l2 = natural_join())
[    20.664][cube-solver-4][DEBUG] Solving cube (l0 = anti_join(), l1 = natural_join3(), l2 = natural_join3())
[    20.666][cube-solver-4][DEBUG] Solving cube (l0 = anti_join(), l1 = natural_join3(), l2 = natural_join4())
[    20.667][cube-solver-4][DEBUG] Solving cube (l0 = anti_join(), l1 = natural_join4(), l2 = anti_join())
[    20.668][cube-solver-4][DEBUG] Solving cube (l0 = anti_join(), l1 = natural_join4(), l2 = left_join())
[    20.670][cube-solver-4][DEBUG] Solving cube (l0 = anti_join(), l1 = natural_join4(), l2 = union())
[    20.671][cube-solver-4][DEBUG] Solving cube (l0 = anti_join(), l1 = natural_join4(), l2 = intersect())
[    20.672][cube-solver-4][DEBUG] Solving cube (l0 = anti_join(), l1 = natural_join4(), l2 = semi_join())
[    20.673][cube-solver-4][DEBUG] Solving cube (l0 = anti_join(), l1 = natural_join4(), l2 = cross_join([1]))
[    20.675][cube-solver-4][DEBUG] Solving cube (l0 = anti_join(), l1 = natural_join4(), l2 = inner_join())
[    20.676][cube-solver-4][DEBUG] Solving cube (l0 = anti_join(), l1 = natural_join4(), l2 = natural_join())
[    20.677][cube-solver-4][DEBUG] Solving cube (l0 = anti_join(), l1 = natural_join4(), l2 = natural_join3())
[    20.679][cube-solver-4][DEBUG] Solving cube (l0 = anti_join(), l1 = natural_join4(), l2 = natural_join4())
[    20.680][cube-solver-4][DEBUG] Solving cube (l0 = anti_join(), l1 = anti_join(), l2 = natural_join())
[    20.681][cube-solver-4][DEBUG] Solving cube (l0 = anti_join(), l1 = anti_join(), l2 = natural_join3())
[    20.682][cube-solver-4][DEBUG] Solving cube (l0 = anti_join(), l1 = anti_join(), l2 = anti_join())
[    20.682][cube-solver-0][DEBUG] Initialising process for 3 lines of code.
[    20.683][cube-solver-4][DEBUG] Solving cube (l0 = anti_join(), l1 = anti_join(), l2 = left_join())
[    20.685][cube-solver-4][DEBUG] Solving cube (l0 = anti_join(), l1 = anti_join(), l2 = union())
[    20.686][cube-solver-4][DEBUG] Solving cube (l0 = anti_join(), l1 = anti_join(), l2 = intersect())
[    20.687][cube-solver-4][DEBUG] Solving cube (l0 = anti_join(), l1 = anti_join(), l2 = semi_join())
[    20.688][cube-solver-4][DEBUG] Solving cube (l0 = anti_join(), l1 = anti_join(), l2 = cross_join([1]))
[    20.690][cube-solver-4][DEBUG] Solving cube (l0 = anti_join(), l1 = anti_join(), l2 = inner_join())
[    20.691][cube-solver-4][DEBUG] Solving cube (l0 = anti_join(), l1 = left_join(), l2 = natural_join())
[    20.692][cube-solver-4][DEBUG] Solving cube (l0 = anti_join(), l1 = left_join(), l2 = natural_join3())
[    20.694][cube-solver-4][DEBUG] Solving cube (l0 = anti_join(), l1 = left_join(), l2 = natural_join4())
[    20.695][cube-solver-4][DEBUG] Solving cube (l0 = anti_join(), l1 = left_join(), l2 = anti_join())
[    20.696][cube-solver-4][DEBUG] Solving cube (l0 = anti_join(), l1 = left_join(), l2 = left_join())
[    20.697][cube-solver-4][DEBUG] Solving cube (l0 = anti_join(), l1 = left_join(), l2 = union())
[    20.698][cube-solver-4][DEBUG] Solving cube (l0 = anti_join(), l1 = left_join(), l2 = intersect())
[    20.699][cube-solver-4][DEBUG] Solving cube (l0 = anti_join(), l1 = left_join(), l2 = semi_join())
[    20.701][cube-solver-4][DEBUG] Solving cube (l0 = anti_join(), l1 = left_join(), l2 = cross_join([1]))
[    20.702][cube-solver-4][DEBUG] Solving cube (l0 = anti_join(), l1 = left_join(), l2 = inner_join())
[    20.704][cube-solver-4][DEBUG] Solving cube (l0 = anti_join(), l1 = union(), l2 = natural_join())
[    20.705][cube-solver-4][DEBUG] Solving cube (l0 = anti_join(), l1 = union(), l2 = natural_join3())
[    20.706][cube-solver-4][DEBUG] Solving cube (l0 = anti_join(), l1 = union(), l2 = natural_join4())
[    20.707][cube-solver-4][DEBUG] Solving cube (l0 = anti_join(), l1 = union(), l2 = anti_join())
[    20.708][cube-solver-4][DEBUG] Solving cube (l0 = anti_join(), l1 = union(), l2 = left_join())
[    20.709][cube-solver-4][DEBUG] Solving cube (l0 = anti_join(), l1 = union(), l2 = union())
[    20.711][cube-solver-4][DEBUG] Solving cube (l0 = anti_join(), l1 = union(), l2 = intersect())
[    20.712][cube-solver-4][DEBUG] Solving cube (l0 = anti_join(), l1 = union(), l2 = semi_join())
[    20.713][cube-solver-4][DEBUG] Solving cube (l0 = anti_join(), l1 = union(), l2 = cross_join([1]))
[    20.715][cube-solver-4][DEBUG] Solving cube (l0 = anti_join(), l1 = union(), l2 = inner_join())
[    20.716][cube-solver-4][DEBUG] Solving cube (l0 = anti_join(), l1 = intersect(), l2 = natural_join())
[    20.717][cube-solver-4][DEBUG] Solving cube (l0 = anti_join(), l1 = intersect(), l2 = natural_join3())
[    20.718][cube-solver-4][DEBUG] Solving cube (l0 = anti_join(), l1 = intersect(), l2 = natural_join4())
[    20.719][cube-solver-4][DEBUG] Solving cube (l0 = anti_join(), l1 = intersect(), l2 = anti_join())
[    20.720][cube-solver-4][DEBUG] Solving cube (l0 = anti_join(), l1 = intersect(), l2 = left_join())
[    20.722][cube-solver-4][DEBUG] Solving cube (l0 = anti_join(), l1 = intersect(), l2 = union())
[    20.723][cube-solver-4][DEBUG] Solving cube (l0 = anti_join(), l1 = intersect(), l2 = intersect())
[    20.724][cube-solver-4][DEBUG] Solving cube (l0 = anti_join(), l1 = intersect(), l2 = semi_join())
[    20.725][cube-solver-4][DEBUG] Solving cube (l0 = anti_join(), l1 = intersect(), l2 = cross_join([1]))
[    20.727][cube-solver-4][DEBUG] Solving cube (l0 = anti_join(), l1 = intersect(), l2 = inner_join())
[    20.728][cube-solver-4][DEBUG] Solving cube (l0 = anti_join(), l1 = semi_join(), l2 = natural_join())
[    20.730][cube-solver-4][DEBUG] Solving cube (l0 = anti_join(), l1 = semi_join(), l2 = natural_join3())
[    20.731][cube-solver-4][DEBUG] Solving cube (l0 = anti_join(), l1 = semi_join(), l2 = natural_join4())
[    20.732][cube-solver-4][DEBUG] Solving cube (l0 = anti_join(), l1 = semi_join(), l2 = anti_join())
[    20.733][cube-solver-4][DEBUG] Solving cube (l0 = anti_join(), l1 = semi_join(), l2 = left_join())
[    20.735][cube-solver-4][DEBUG] Solving cube (l0 = anti_join(), l1 = semi_join(), l2 = union())
[    20.736][cube-solver-4][DEBUG] Solving cube (l0 = anti_join(), l1 = semi_join(), l2 = intersect())
[    20.737][cube-solver-4][DEBUG] Solving cube (l0 = anti_join(), l1 = semi_join(), l2 = semi_join())
[    20.738][cube-solver-4][DEBUG] Solving cube (l0 = anti_join(), l1 = semi_join(), l2 = cross_join([1]))
[    20.740][cube-solver-4][DEBUG] Solving cube (l0 = anti_join(), l1 = semi_join(), l2 = inner_join())
[    20.742][cube-solver-4][DEBUG] Solving cube (l0 = anti_join(), l1 = cross_join([1]), l2 = natural_join())
[    20.744][cube-solver-4][DEBUG] Solving cube (l0 = anti_join(), l1 = cross_join([1]), l2 = natural_join3())
[    20.746][cube-solver-4][DEBUG] Solving cube (l0 = anti_join(), l1 = cross_join([1]), l2 = natural_join4())
[    20.748][cube-solver-4][DEBUG] Solving cube (l0 = anti_join(), l1 = cross_join([1]), l2 = anti_join())
[    20.750][cube-solver-4][DEBUG] Solving cube (l0 = anti_join(), l1 = cross_join([1]), l2 = left_join())
[    20.752][cube-solver-4][DEBUG] Solving cube (l0 = anti_join(), l1 = cross_join([1]), l2 = union())
[    20.754][cube-solver-4][DEBUG] Solving cube (l0 = anti_join(), l1 = cross_join([1]), l2 = intersect())
[    20.756][cube-solver-4][DEBUG] Solving cube (l0 = anti_join(), l1 = cross_join([1]), l2 = semi_join())
[    20.758][cube-solver-4][DEBUG] Solving cube (l0 = anti_join(), l1 = cross_join([1]), l2 = cross_join([1]))
[    20.760][cube-solver-4][DEBUG] Solving cube (l0 = anti_join(), l1 = cross_join([1]), l2 = inner_join())
[    20.762][cube-solver-4][DEBUG] Solving cube (l0 = anti_join(), l1 = inner_join(), l2 = natural_join())
[    20.764][cube-solver-4][DEBUG] Solving cube (l0 = anti_join(), l1 = inner_join(), l2 = natural_join3())
[    20.765][cube-solver-4][DEBUG] Solving cube (l0 = anti_join(), l1 = inner_join(), l2 = natural_join4())
[    20.766][cube-solver-4][DEBUG] Solving cube (l0 = anti_join(), l1 = inner_join(), l2 = anti_join())
[    20.767][cube-solver-4][DEBUG] Solving cube (l0 = anti_join(), l1 = inner_join(), l2 = left_join())
[    20.769][cube-solver-4][DEBUG] Solving cube (l0 = anti_join(), l1 = inner_join(), l2 = union())
[    20.770][cube-solver-4][DEBUG] Solving cube (l0 = anti_join(), l1 = inner_join(), l2 = intersect())
[    20.771][cube-solver-4][DEBUG] Solving cube (l0 = anti_join(), l1 = inner_join(), l2 = semi_join())
[    20.773][cube-solver-4][DEBUG] Solving cube (l0 = anti_join(), l1 = inner_join(), l2 = cross_join([1]))
[    20.775][cube-solver-4][DEBUG] Solving cube (l0 = anti_join(), l1 = inner_join(), l2 = inner_join())
[    20.776][cube-solver-4][DEBUG] Solving cube (l0 = left_join(), l1 = natural_join(), l2 = anti_join())
[    20.777][cube-solver-4][DEBUG] Solving cube (l0 = left_join(), l1 = natural_join(), l2 = left_join())
[    20.852][cube-solver-0][DEBUG] Solving cube (l0 = anti_join(), l1 = anti_join(), l2 = natural_join4())
[    20.854][cube-solver-0][DEBUG] Solving cube (l0 = left_join(), l1 = natural_join(), l2 = union())
[    20.932][cube-solver-4][DEBUG] Solving cube (l0 = left_join(), l1 = natural_join(), l2 = intersect())
[    20.969][cube-solver-1][DEBUG] Initialising process for 3 lines of code.
[    21.005][cube-solver-0][DEBUG] Solving cube (l0 = left_join(), l1 = natural_join(), l2 = cross_join([1]))
[    21.131][cube-solver-0][DEBUG] Solving cube (l0 = left_join(), l1 = natural_join(), l2 = inner_join())
[    21.136][cube-solver-1][DEBUG] Solving cube (l0 = left_join(), l1 = natural_join(), l2 = semi_join())
[    21.289][cube-solver-1][DEBUG] Solving cube (l0 = left_join(), l1 = natural_join(), l2 = natural_join())
[    21.411][cube-solver-1][DEBUG] Solving cube (l0 = left_join(), l1 = natural_join(), l2 = natural_join3())
[    21.413][cube-solver-1][DEBUG] Solving cube (l0 = left_join(), l1 = natural_join(), l2 = natural_join4())
[    21.415][cube-solver-1][DEBUG] Solving cube (l0 = left_join(), l1 = natural_join3(), l2 = anti_join())
[    21.416][cube-solver-1][DEBUG] Solving cube (l0 = left_join(), l1 = natural_join3(), l2 = left_join())
[    21.417][cube-solver-1][DEBUG] Solving cube (l0 = left_join(), l1 = natural_join3(), l2 = union())
[    21.419][cube-solver-1][DEBUG] Solving cube (l0 = left_join(), l1 = natural_join3(), l2 = intersect())
[    21.420][cube-solver-1][DEBUG] Solving cube (l0 = left_join(), l1 = natural_join3(), l2 = semi_join())
[    21.421][cube-solver-1][DEBUG] Solving cube (l0 = left_join(), l1 = natural_join3(), l2 = cross_join([1]))
[    21.424][cube-solver-1][DEBUG] Solving cube (l0 = left_join(), l1 = natural_join3(), l2 = inner_join())
[    21.425][cube-solver-1][DEBUG] Solving cube (l0 = left_join(), l1 = natural_join3(), l2 = natural_join())
[    21.426][cube-solver-1][DEBUG] Solving cube (l0 = left_join(), l1 = natural_join3(), l2 = natural_join3())
[    21.428][cube-solver-1][DEBUG] Solving cube (l0 = left_join(), l1 = natural_join3(), l2 = natural_join4())
[    21.429][cube-solver-1][DEBUG] Solving cube (l0 = left_join(), l1 = natural_join4(), l2 = anti_join())
[    21.430][cube-solver-1][DEBUG] Solving cube (l0 = left_join(), l1 = natural_join4(), l2 = left_join())
[    21.432][cube-solver-1][DEBUG] Solving cube (l0 = left_join(), l1 = natural_join4(), l2 = union())
[    21.433][cube-solver-1][DEBUG] Solving cube (l0 = left_join(), l1 = natural_join4(), l2 = intersect())
[    21.434][cube-solver-1][DEBUG] Solving cube (l0 = left_join(), l1 = natural_join4(), l2 = semi_join())
[    21.436][cube-solver-1][DEBUG] Solving cube (l0 = left_join(), l1 = natural_join4(), l2 = cross_join([1]))
[    21.438][cube-solver-1][DEBUG] Solving cube (l0 = left_join(), l1 = natural_join4(), l2 = inner_join())
[    21.439][cube-solver-1][DEBUG] Solving cube (l0 = left_join(), l1 = natural_join4(), l2 = natural_join())
[    21.440][cube-solver-1][DEBUG] Solving cube (l0 = left_join(), l1 = natural_join4(), l2 = natural_join3())
[    21.441][cube-solver-1][DEBUG] Solving cube (l0 = left_join(), l1 = natural_join4(), l2 = natural_join4())
[    21.443][cube-solver-1][DEBUG] Solving cube (l0 = left_join(), l1 = anti_join(), l2 = natural_join())
[    21.523][cube-solver-4][DEBUG] Solving cube (l0 = left_join(), l1 = anti_join(), l2 = natural_join3())
[    21.525][cube-solver-4][DEBUG] Solving cube (l0 = left_join(), l1 = anti_join(), l2 = natural_join4())
[    21.526][cube-solver-4][DEBUG] Solving cube (l0 = left_join(), l1 = anti_join(), l2 = anti_join())
[    21.528][cube-solver-4][DEBUG] Solving cube (l0 = left_join(), l1 = anti_join(), l2 = left_join())
[    21.766][cube-solver-3][DEBUG] Initialising process for 3 lines of code.
[    21.974][cube-solver-3][DEBUG] Solving cube (l0 = left_join(), l1 = anti_join(), l2 = union())
[    22.166][cube-solver-5][DEBUG] Initialising process for 3 lines of code.
[    22.191][cube-solver-6][DEBUG] Initialising process for 3 lines of code.
[    22.277][cube-solver-1][DEBUG] Solving cube (l0 = left_join(), l1 = anti_join(), l2 = cross_join([1]))
[    22.384][cube-solver-5][DEBUG] Solving cube (l0 = left_join(), l1 = anti_join(), l2 = intersect())
[    22.417][cube-solver-6][DEBUG] Solving cube (l0 = left_join(), l1 = anti_join(), l2 = semi_join())
[    22.606][cube-solver-4][DEBUG] Solving cube (l0 = left_join(), l1 = anti_join(), l2 = inner_join())
[    23.073][cube-solver-3][DEBUG] Solving cube (l0 = left_join(), l1 = left_join(), l2 = natural_join())
[    23.128][cube-solver-1][DEBUG] Solving cube (l0 = left_join(), l1 = left_join(), l2 = natural_join3())
[    23.299][cube-solver-3][DEBUG] Solving cube (l0 = left_join(), l1 = left_join(), l2 = natural_join4())
[    23.301][cube-solver-3][DEBUG] Solving cube (l0 = left_join(), l1 = left_join(), l2 = anti_join())
[    23.506][cube-solver-6][DEBUG] Solving cube (l0 = left_join(), l1 = left_join(), l2 = left_join())
[    23.607][cube-solver-1][DEBUG] Solving cube (l0 = left_join(), l1 = left_join(), l2 = union())
[    23.780][cube-solver-6][DEBUG] Solving cube (l0 = left_join(), l1 = left_join(), l2 = intersect())
[    23.884][cube-solver-1][DEBUG] Solving cube (l0 = left_join(), l1 = left_join(), l2 = semi_join())
[    24.201][cube-solver-1][DEBUG] Solving cube (l0 = left_join(), l1 = left_join(), l2 = cross_join([1]))
[    24.440][cube-solver-1][DEBUG] Solving cube (l0 = left_join(), l1 = left_join(), l2 = inner_join())
[    24.757][cube-solver-3][DEBUG] Solving cube (l0 = left_join(), l1 = union(), l2 = natural_join())
[    24.806][cube-solver-6][DEBUG] Solving cube (l0 = left_join(), l1 = union(), l2 = natural_join3())
[    24.967][cube-solver-3][DEBUG] Solving cube (l0 = left_join(), l1 = union(), l2 = natural_join4())
[    24.969][cube-solver-3][DEBUG] Solving cube (l0 = left_join(), l1 = union(), l2 = anti_join())
[    25.189][cube-solver-6][DEBUG] Solving cube (l0 = left_join(), l1 = union(), l2 = left_join())
[    25.443][cube-solver-6][DEBUG] Solving cube (l0 = left_join(), l1 = union(), l2 = union())
[    25.677][cube-solver-6][DEBUG] Solving cube (l0 = left_join(), l1 = union(), l2 = intersect())
[    26.361][cube-solver-3][DEBUG] Solving cube (l0 = left_join(), l1 = union(), l2 = semi_join())
[    26.604][cube-solver-3][DEBUG] Solving cube (l0 = left_join(), l1 = union(), l2 = cross_join([1]))
[    26.815][cube-solver-3][DEBUG] Solving cube (l0 = left_join(), l1 = union(), l2 = inner_join())
[    26.863][cube-solver-6][DEBUG] Solving cube (l0 = left_join(), l1 = intersect(), l2 = natural_join())
[    26.980][cube-solver-5][DEBUG] Solving cube (l0 = left_join(), l1 = intersect(), l2 = natural_join3())
[    27.707][cube-solver-6][DEBUG] Solving cube (l0 = left_join(), l1 = intersect(), l2 = natural_join4())
[    27.710][cube-solver-6][DEBUG] Solving cube (l0 = left_join(), l1 = intersect(), l2 = anti_join())
[    28.676][cube-solver-5][DEBUG] Solving cube (l0 = left_join(), l1 = intersect(), l2 = left_join())
[    29.799][cube-solver-5][DEBUG] Solving cube (l0 = left_join(), l1 = intersect(), l2 = union())
[    30.843][cube-solver-5][DEBUG] Solving cube (l0 = left_join(), l1 = intersect(), l2 = intersect())
[    33.645][cube-solver-6][DEBUG] Solving cube (l0 = left_join(), l1 = intersect(), l2 = semi_join())
[    34.746][cube-solver-6][DEBUG] Solving cube (l0 = left_join(), l1 = intersect(), l2 = cross_join([1]))
[    34.965][cube-solver-5][DEBUG] Solving cube (l0 = left_join(), l1 = intersect(), l2 = inner_join())
[    35.735][cube-solver-6][DEBUG] Solving cube (l0 = left_join(), l1 = semi_join(), l2 = natural_join())
[    35.956][cube-solver-6][DEBUG] Solving cube (l0 = left_join(), l1 = semi_join(), l2 = natural_join3())
[    36.366][cube-solver-6][DEBUG] Solving cube (l0 = left_join(), l1 = semi_join(), l2 = natural_join4())
[    36.369][cube-solver-6][DEBUG] Solving cube (l0 = left_join(), l1 = semi_join(), l2 = anti_join())
[    37.830][cube-solver-6][DEBUG] Solving cube (l0 = left_join(), l1 = semi_join(), l2 = left_join())
[    38.139][cube-solver-6][DEBUG] Solving cube (l0 = left_join(), l1 = semi_join(), l2 = union())
[    38.411][cube-solver-6][DEBUG] Solving cube (l0 = left_join(), l1 = semi_join(), l2 = intersect())
[    39.486][cube-solver-6][DEBUG] Solving cube (l0 = left_join(), l1 = semi_join(), l2 = semi_join())
[    39.788][cube-solver-6][DEBUG] Solving cube (l0 = left_join(), l1 = semi_join(), l2 = cross_join([1]))
[    40.025][cube-solver-6][DEBUG] Solving cube (l0 = left_join(), l1 = semi_join(), l2 = inner_join())
[    41.608][cube-solver-5][DEBUG] Solving cube (l0 = left_join(), l1 = cross_join([1]), l2 = natural_join())
[    41.749][cube-solver-5][DEBUG] Solving cube (l0 = left_join(), l1 = cross_join([1]), l2 = natural_join3())
[    41.980][cube-solver-5][DEBUG] Solving cube (l0 = left_join(), l1 = cross_join([1]), l2 = natural_join4())
[    41.983][cube-solver-5][DEBUG] Solving cube (l0 = left_join(), l1 = cross_join([1]), l2 = anti_join())
[    42.905][cube-solver-5][DEBUG] Solving cube (l0 = left_join(), l1 = cross_join([1]), l2 = left_join())
[    43.094][cube-solver-5][DEBUG] Solving cube (l0 = left_join(), l1 = cross_join([1]), l2 = union())
[    43.288][cube-solver-5][DEBUG] Solving cube (l0 = left_join(), l1 = cross_join([1]), l2 = intersect())
[    43.806][cube-solver-5][DEBUG] Solving cube (l0 = left_join(), l1 = cross_join([1]), l2 = semi_join())
[    43.998][cube-solver-5][DEBUG] Solving cube (l0 = left_join(), l1 = cross_join([1]), l2 = cross_join([1]))
[    44.211][cube-solver-5][DEBUG] Solving cube (l0 = left_join(), l1 = cross_join([1]), l2 = inner_join())
[    45.214][cube-solver-5][DEBUG] Solving cube (l0 = left_join(), l1 = inner_join(), l2 = natural_join())
[    46.787][cube-solver-2][DEBUG] Initialising process for 3 lines of code.
[    46.994][cube-solver-2][DEBUG] Solving cube (l0 = left_join(), l1 = inner_join(), l2 = natural_join3())
[    83.956][cube-solver-0][DEBUG] Solving cube (l0 = left_join(), l1 = inner_join(), l2 = natural_join4())
[    83.959][cube-solver-0][DEBUG] Solving cube (l0 = left_join(), l1 = inner_join(), l2 = anti_join())
[   130.329][cube-solver-1][DEBUG] Solving cube (l0 = left_join(), l1 = inner_join(), l2 = left_join())
[   132.130][cube-solver-5][DEBUG] Solving cube (l0 = left_join(), l1 = inner_join(), l2 = union())
[   132.887][cube-solver-3][DEBUG] Solving cube (l0 = left_join(), l1 = inner_join(), l2 = intersect())
[   140.059][cube-solver-3][DEBUG] Solving cube (l0 = left_join(), l1 = inner_join(), l2 = semi_join())
[   145.690][cube-solver-6][DEBUG] Solving cube (l0 = left_join(), l1 = inner_join(), l2 = cross_join([1]))
[   147.162][cube-solver-6][DEBUG] Solving cube (l0 = left_join(), l1 = inner_join(), l2 = inner_join())
[   198.782][cube-solver-2][DEBUG] Solving cube (l0 = union(), l1 = natural_join(), l2 = anti_join())
[   198.787][cube-solver-2][DEBUG] Solving cube (l0 = union(), l1 = natural_join(), l2 = left_join())
[   198.971][cube-solver-2][DEBUG] Solving cube (l0 = union(), l1 = natural_join(), l2 = union())
[   199.125][cube-solver-2][DEBUG] Solving cube (l0 = union(), l1 = natural_join(), l2 = intersect())
[   199.934][cube-solver-2][DEBUG] Solving cube (l0 = union(), l1 = natural_join(), l2 = semi_join())
[   200.075][cube-solver-2][DEBUG] Solving cube (l0 = union(), l1 = natural_join(), l2 = cross_join([1]))
[   200.196][cube-solver-2][DEBUG] Solving cube (l0 = union(), l1 = natural_join(), l2 = inner_join())
[   204.156][cube-solver-3][DEBUG] Solving cube (l0 = union(), l1 = natural_join(), l2 = natural_join())
[   204.302][cube-solver-3][DEBUG] Solving cube (l0 = union(), l1 = natural_join(), l2 = natural_join3())
[   204.304][cube-solver-3][DEBUG] Solving cube (l0 = union(), l1 = natural_join(), l2 = natural_join4())
[   204.306][cube-solver-3][DEBUG] Solving cube (l0 = union(), l1 = natural_join3(), l2 = anti_join())
[   204.308][cube-solver-3][DEBUG] Solving cube (l0 = union(), l1 = natural_join3(), l2 = left_join())
[   204.309][cube-solver-3][DEBUG] Solving cube (l0 = union(), l1 = natural_join3(), l2 = union())
[   204.310][cube-solver-3][DEBUG] Solving cube (l0 = union(), l1 = natural_join3(), l2 = intersect())
[   204.312][cube-solver-3][DEBUG] Solving cube (l0 = union(), l1 = natural_join3(), l2 = semi_join())
[   204.313][cube-solver-3][DEBUG] Solving cube (l0 = union(), l1 = natural_join3(), l2 = cross_join([1]))
[   204.315][cube-solver-3][DEBUG] Solving cube (l0 = union(), l1 = natural_join3(), l2 = inner_join())
[   204.317][cube-solver-3][DEBUG] Solving cube (l0 = union(), l1 = natural_join3(), l2 = natural_join())
[   204.318][cube-solver-3][DEBUG] Solving cube (l0 = union(), l1 = natural_join3(), l2 = natural_join3())
[   204.320][cube-solver-3][DEBUG] Solving cube (l0 = union(), l1 = natural_join3(), l2 = natural_join4())
[   204.321][cube-solver-3][DEBUG] Solving cube (l0 = union(), l1 = natural_join4(), l2 = anti_join())
[   204.322][cube-solver-3][DEBUG] Solving cube (l0 = union(), l1 = natural_join4(), l2 = left_join())
[   204.324][cube-solver-3][DEBUG] Solving cube (l0 = union(), l1 = natural_join4(), l2 = union())
[   204.325][cube-solver-3][DEBUG] Solving cube (l0 = union(), l1 = natural_join4(), l2 = intersect())
[   204.326][cube-solver-3][DEBUG] Solving cube (l0 = union(), l1 = natural_join4(), l2 = semi_join())
[   204.328][cube-solver-3][DEBUG] Solving cube (l0 = union(), l1 = natural_join4(), l2 = cross_join([1]))
[   204.330][cube-solver-3][DEBUG] Solving cube (l0 = union(), l1 = natural_join4(), l2 = inner_join())
[   204.331][cube-solver-3][DEBUG] Solving cube (l0 = union(), l1 = natural_join4(), l2 = natural_join())
[   204.332][cube-solver-3][DEBUG] Solving cube (l0 = union(), l1 = natural_join4(), l2 = natural_join3())
[   204.334][cube-solver-3][DEBUG] Solving cube (l0 = union(), l1 = natural_join4(), l2 = natural_join4())
[   204.335][cube-solver-3][DEBUG] Solving cube (l0 = union(), l1 = anti_join(), l2 = natural_join())
[   205.156][cube-solver-3][DEBUG] Solving cube (l0 = union(), l1 = anti_join(), l2 = natural_join3())
[   205.160][cube-solver-3][DEBUG] Solving cube (l0 = union(), l1 = anti_join(), l2 = natural_join4())
[   205.164][cube-solver-3][DEBUG] Solving cube (l0 = union(), l1 = anti_join(), l2 = anti_join())
[   205.168][cube-solver-3][DEBUG] Solving cube (l0 = union(), l1 = anti_join(), l2 = left_join())
[   206.144][cube-solver-3][DEBUG] Solving cube (l0 = union(), l1 = anti_join(), l2 = union())
[   207.064][cube-solver-3][DEBUG] Solving cube (l0 = union(), l1 = anti_join(), l2 = intersect())
[   211.251][cube-solver-3][DEBUG] Solving cube (l0 = union(), l1 = anti_join(), l2 = semi_join())
[   212.208][cube-solver-3][DEBUG] Solving cube (l0 = union(), l1 = anti_join(), l2 = cross_join([1]))
[   212.986][cube-solver-3][DEBUG] Solving cube (l0 = union(), l1 = anti_join(), l2 = inner_join())
[   235.705][cube-solver-1][DEBUG] Solving cube (l0 = union(), l1 = left_join(), l2 = natural_join())
[   235.898][cube-solver-1][DEBUG] Solving cube (l0 = union(), l1 = left_join(), l2 = natural_join3())
[   236.269][cube-solver-1][DEBUG] Solving cube (l0 = union(), l1 = left_join(), l2 = natural_join4())
[   236.271][cube-solver-1][DEBUG] Solving cube (l0 = union(), l1 = left_join(), l2 = anti_join())
[   237.441][cube-solver-5][DEBUG] Solving cube (l0 = union(), l1 = left_join(), l2 = left_join())
[   237.589][cube-solver-1][DEBUG] Solving cube (l0 = union(), l1 = left_join(), l2 = union())
[   237.746][cube-solver-5][DEBUG] Solving cube (l0 = union(), l1 = left_join(), l2 = intersect())
[   237.832][cube-solver-1][DEBUG] Solving cube (l0 = union(), l1 = left_join(), l2 = semi_join())
[   238.076][cube-solver-1][DEBUG] Solving cube (l0 = union(), l1 = left_join(), l2 = cross_join([1]))
[   238.279][cube-solver-1][DEBUG] Solving cube (l0 = union(), l1 = left_join(), l2 = inner_join())
[   238.952][cube-solver-5][DEBUG] Solving cube (l0 = union(), l1 = union(), l2 = natural_join())
[   239.148][cube-solver-5][DEBUG] Solving cube (l0 = union(), l1 = union(), l2 = natural_join3())
[   239.515][cube-solver-5][DEBUG] Solving cube (l0 = union(), l1 = union(), l2 = natural_join4())
[   239.518][cube-solver-5][DEBUG] Solving cube (l0 = union(), l1 = union(), l2 = anti_join())
[   240.740][cube-solver-5][DEBUG] Solving cube (l0 = union(), l1 = union(), l2 = left_join())
[   241.002][cube-solver-5][DEBUG] Solving cube (l0 = union(), l1 = union(), l2 = union())
[   241.210][cube-solver-5][DEBUG] Solving cube (l0 = union(), l1 = union(), l2 = intersect())
[   242.335][cube-solver-5][DEBUG] Solving cube (l0 = union(), l1 = union(), l2 = semi_join())
[   242.566][cube-solver-5][DEBUG] Solving cube (l0 = union(), l1 = union(), l2 = cross_join([1]))
[   242.742][cube-solver-5][DEBUG] Solving cube (l0 = union(), l1 = union(), l2 = inner_join())
[   262.899][cube-solver-2][DEBUG] Solving cube (l0 = union(), l1 = intersect(), l2 = natural_join())
[   263.889][cube-solver-2][DEBUG] Solving cube (l0 = union(), l1 = intersect(), l2 = natural_join3())
[   265.394][cube-solver-2][DEBUG] Solving cube (l0 = union(), l1 = intersect(), l2 = natural_join4())
[   265.399][cube-solver-2][DEBUG] Solving cube (l0 = union(), l1 = intersect(), l2 = anti_join())
[   271.415][cube-solver-2][DEBUG] Solving cube (l0 = union(), l1 = intersect(), l2 = left_join())
[   272.522][cube-solver-2][DEBUG] Solving cube (l0 = union(), l1 = intersect(), l2 = union())
[   273.559][cube-solver-2][DEBUG] Solving cube (l0 = union(), l1 = intersect(), l2 = intersect())
[   277.141][cube-solver-2][DEBUG] Solving cube (l0 = union(), l1 = intersect(), l2 = semi_join())
[   278.281][cube-solver-2][DEBUG] Solving cube (l0 = union(), l1 = intersect(), l2 = cross_join([1]))
[   279.338][cube-solver-2][DEBUG] Solving cube (l0 = union(), l1 = intersect(), l2 = inner_join())
[   285.864][cube-solver-2][DEBUG] Solving cube (l0 = union(), l1 = semi_join(), l2 = natural_join())
[   286.122][cube-solver-2][DEBUG] Solving cube (l0 = union(), l1 = semi_join(), l2 = natural_join3())
[   286.495][cube-solver-2][DEBUG] Solving cube (l0 = union(), l1 = semi_join(), l2 = natural_join4())
[   286.498][cube-solver-2][DEBUG] Solving cube (l0 = union(), l1 = semi_join(), l2 = anti_join())
[   287.822][cube-solver-2][DEBUG] Solving cube (l0 = union(), l1 = semi_join(), l2 = left_join())
[   288.177][cube-solver-2][DEBUG] Solving cube (l0 = union(), l1 = semi_join(), l2 = union())
[   288.422][cube-solver-2][DEBUG] Solving cube (l0 = union(), l1 = semi_join(), l2 = intersect())
[   289.511][cube-solver-2][DEBUG] Solving cube (l0 = union(), l1 = semi_join(), l2 = semi_join())
[   289.791][cube-solver-2][DEBUG] Solving cube (l0 = union(), l1 = semi_join(), l2 = cross_join([1]))
[   290.011][cube-solver-2][DEBUG] Solving cube (l0 = union(), l1 = semi_join(), l2 = inner_join())
[   344.920][cube-solver-1][DEBUG] Solving cube (l0 = union(), l1 = cross_join([1]), l2 = natural_join())
[   345.029][cube-solver-1][DEBUG] Solving cube (l0 = union(), l1 = cross_join([1]), l2 = natural_join3())
[   345.199][cube-solver-1][DEBUG] Solving cube (l0 = union(), l1 = cross_join([1]), l2 = natural_join4())
[   345.201][cube-solver-1][DEBUG] Solving cube (l0 = union(), l1 = cross_join([1]), l2 = anti_join())
[   345.944][cube-solver-1][DEBUG] Solving cube (l0 = union(), l1 = cross_join([1]), l2 = left_join())
[   346.079][cube-solver-1][DEBUG] Solving cube (l0 = union(), l1 = cross_join([1]), l2 = union())
[   346.213][cube-solver-1][DEBUG] Solving cube (l0 = union(), l1 = cross_join([1]), l2 = intersect())
[   346.615][cube-solver-1][DEBUG] Solving cube (l0 = union(), l1 = cross_join([1]), l2 = semi_join())
[   346.748][cube-solver-1][DEBUG] Solving cube (l0 = union(), l1 = cross_join([1]), l2 = cross_join([1]))
[   346.883][cube-solver-1][DEBUG] Solving cube (l0 = union(), l1 = cross_join([1]), l2 = inner_join())
[   347.681][cube-solver-1][DEBUG] Solving cube (l0 = union(), l1 = inner_join(), l2 = natural_join())
[   348.361][cube-solver-5][DEBUG] Solving cube (l0 = union(), l1 = inner_join(), l2 = natural_join3())
[   391.936][cube-solver-0][DEBUG] Solving cube (l0 = union(), l1 = inner_join(), l2 = natural_join4())
[   391.938][cube-solver-0][DEBUG] Solving cube (l0 = union(), l1 = inner_join(), l2 = anti_join())
[   395.253][cube-solver-2][DEBUG] Solving cube (l0 = union(), l1 = inner_join(), l2 = left_join())
[   433.910][cube-solver-1][DEBUG] Solving cube (l0 = union(), l1 = inner_join(), l2 = union())
[   454.962][cube-solver-4][DEBUG] Solving cube (l0 = union(), l1 = inner_join(), l2 = intersect())
[   461.899][cube-solver-4][DEBUG] Solving cube (l0 = union(), l1 = inner_join(), l2 = semi_join())
[   497.169][cube-solver-5][DEBUG] Solving cube (l0 = union(), l1 = inner_join(), l2 = cross_join([1]))
[   498.445][cube-solver-5][DEBUG] Solving cube (l0 = union(), l1 = inner_join(), l2 = inner_join())
[   499.894][cube-solver-2][DEBUG] Solving cube (l0 = intersect(), l1 = natural_join(), l2 = anti_join())
[   499.908][cube-solver-2][DEBUG] Solving cube (l0 = intersect(), l1 = natural_join(), l2 = left_join())
[   500.643][cube-solver-2][DEBUG] Solving cube (l0 = intersect(), l1 = natural_join(), l2 = union())
[   501.251][cube-solver-2][DEBUG] Solving cube (l0 = intersect(), l1 = natural_join(), l2 = intersect())
[   503.655][cube-solver-2][DEBUG] Solving cube (l0 = intersect(), l1 = natural_join(), l2 = semi_join())
[   504.299][cube-solver-2][DEBUG] Solving cube (l0 = intersect(), l1 = natural_join(), l2 = cross_join([1]))
[   504.878][cube-solver-2][DEBUG] Solving cube (l0 = intersect(), l1 = natural_join(), l2 = inner_join())
[   524.354][cube-solver-4][DEBUG] Solving cube (l0 = intersect(), l1 = natural_join(), l2 = natural_join())
[   524.862][cube-solver-4][DEBUG] Solving cube (l0 = intersect(), l1 = natural_join(), l2 = natural_join3())
[   524.864][cube-solver-4][DEBUG] Solving cube (l0 = intersect(), l1 = natural_join(), l2 = natural_join4())
[   524.866][cube-solver-4][DEBUG] Solving cube (l0 = intersect(), l1 = natural_join3(), l2 = anti_join())
[   524.867][cube-solver-4][DEBUG] Solving cube (l0 = intersect(), l1 = natural_join3(), l2 = left_join())
[   524.869][cube-solver-4][DEBUG] Solving cube (l0 = intersect(), l1 = natural_join3(), l2 = union())
[   524.870][cube-solver-4][DEBUG] Solving cube (l0 = intersect(), l1 = natural_join3(), l2 = intersect())
[   524.871][cube-solver-4][DEBUG] Solving cube (l0 = intersect(), l1 = natural_join3(), l2 = semi_join())
[   524.873][cube-solver-4][DEBUG] Solving cube (l0 = intersect(), l1 = natural_join3(), l2 = cross_join([1]))
[   524.875][cube-solver-4][DEBUG] Solving cube (l0 = intersect(), l1 = natural_join3(), l2 = inner_join())
[   524.876][cube-solver-4][DEBUG] Solving cube (l0 = intersect(), l1 = natural_join3(), l2 = natural_join())
[   524.877][cube-solver-4][DEBUG] Solving cube (l0 = intersect(), l1 = natural_join3(), l2 = natural_join3())
[   524.879][cube-solver-4][DEBUG] Solving cube (l0 = intersect(), l1 = natural_join3(), l2 = natural_join4())
[   524.881][cube-solver-4][DEBUG] Solving cube (l0 = intersect(), l1 = natural_join4(), l2 = anti_join())
[   524.882][cube-solver-4][DEBUG] Solving cube (l0 = intersect(), l1 = natural_join4(), l2 = left_join())
[   524.884][cube-solver-4][DEBUG] Solving cube (l0 = intersect(), l1 = natural_join4(), l2 = union())
[   524.885][cube-solver-4][DEBUG] Solving cube (l0 = intersect(), l1 = natural_join4(), l2 = intersect())
[   524.886][cube-solver-4][DEBUG] Solving cube (l0 = intersect(), l1 = natural_join4(), l2 = semi_join())
[   524.888][cube-solver-4][DEBUG] Solving cube (l0 = intersect(), l1 = natural_join4(), l2 = cross_join([1]))
[   524.889][cube-solver-4][DEBUG] Solving cube (l0 = intersect(), l1 = natural_join4(), l2 = inner_join())
[   524.891][cube-solver-4][DEBUG] Solving cube (l0 = intersect(), l1 = natural_join4(), l2 = natural_join())
[   524.892][cube-solver-4][DEBUG] Solving cube (l0 = intersect(), l1 = natural_join4(), l2 = natural_join3())
[   524.893][cube-solver-4][DEBUG] Solving cube (l0 = intersect(), l1 = natural_join4(), l2 = natural_join4())
[   524.895][cube-solver-4][DEBUG] Solving cube (l0 = intersect(), l1 = anti_join(), l2 = natural_join())
[   528.018][cube-solver-4][DEBUG] Solving cube (l0 = intersect(), l1 = anti_join(), l2 = natural_join3())
[   528.020][cube-solver-4][DEBUG] Solving cube (l0 = intersect(), l1 = anti_join(), l2 = natural_join4())
[   528.021][cube-solver-4][DEBUG] Solving cube (l0 = intersect(), l1 = anti_join(), l2 = anti_join())
[   528.023][cube-solver-4][DEBUG] Solving cube (l0 = intersect(), l1 = anti_join(), l2 = left_join())
[   531.962][cube-solver-4][DEBUG] Solving cube (l0 = intersect(), l1 = anti_join(), l2 = union())
[   535.850][cube-solver-4][DEBUG] Solving cube (l0 = intersect(), l1 = anti_join(), l2 = intersect())
[   542.190][cube-solver-1][DEBUG] Solving cube (l0 = intersect(), l1 = anti_join(), l2 = semi_join())
[   546.124][cube-solver-1][DEBUG] Solving cube (l0 = intersect(), l1 = anti_join(), l2 = cross_join([1]))
[   548.600][cube-solver-4][DEBUG] Solving cube (l0 = intersect(), l1 = anti_join(), l2 = inner_join())
[   549.933][cube-solver-1][DEBUG] Solving cube (l0 = intersect(), l1 = left_join(), l2 = natural_join())
[   550.887][cube-solver-1][DEBUG] Solving cube (l0 = intersect(), l1 = left_join(), l2 = natural_join3())
[   552.759][cube-solver-1][DEBUG] Solving cube (l0 = intersect(), l1 = left_join(), l2 = natural_join4())
[   552.761][cube-solver-1][DEBUG] Solving cube (l0 = intersect(), l1 = left_join(), l2 = anti_join())
[   559.493][cube-solver-1][DEBUG] Solving cube (l0 = intersect(), l1 = left_join(), l2 = left_join())
[   560.719][cube-solver-1][DEBUG] Solving cube (l0 = intersect(), l1 = left_join(), l2 = union())
[   561.903][cube-solver-1][DEBUG] Solving cube (l0 = intersect(), l1 = left_join(), l2 = intersect())
[   566.370][cube-solver-1][DEBUG] Solving cube (l0 = intersect(), l1 = left_join(), l2 = semi_join())
[   567.600][cube-solver-1][DEBUG] Solving cube (l0 = intersect(), l1 = left_join(), l2 = cross_join([1]))
[   568.692][cube-solver-1][DEBUG] Solving cube (l0 = intersect(), l1 = left_join(), l2 = inner_join())
[   600.026][MainProcess][INFO] Statistics:
[   600.026][MainProcess][INFO] 	Generated cubes: 760
[   600.026][MainProcess][INFO] 	Attempted programs: 12364
[   600.026][MainProcess][INFO] 		Rejected: 7247
[   600.026][MainProcess][INFO] 		Failed: 5117
[   600.027][MainProcess][INFO] 	Blacklist clauses: 1
[   600.027][MainProcess][DEBUG] Printing statistics for good programs of size 1
[   600.028][MainProcess][DEBUG] 	0: Counter({'inner_join': 864})
[   600.028][MainProcess][DEBUG] Printing statistics for good programs of size 2
[   600.160][MainProcess][DEBUG] 	0: Counter({'inner_join': 97186, 'left_join': 2592, 'union': 2592, 'semi_join': 2592})
[   600.196][MainProcess][DEBUG] 	1: Counter({'inner_join': 90274, 'anti_join': 6048, 'left_join': 2592, 'union': 2592, 'natural_join': 1728, 'semi_join': 1728})
[   600.196][MainProcess][DEBUG] Printing statistics for good programs of size 3
[   600.300][MainProcess][DEBUG] 	0: Counter({'left_join': 290992, 'union': 219955, 'intersect': 22698})
[   600.398][MainProcess][DEBUG] 	1: Counter({'inner_join': 291425, 'anti_join': 119862, 'left_join': 33396, 'natural_join': 30210, 'union': 29376, 'semi_join': 29376})
[   600.494][MainProcess][DEBUG] 	2: Counter({'inner_join': 321138, 'anti_join': 70811, 'natural_join3': 41472, 'left_join': 29376, 'union': 29376, 'natural_join': 24192, 'semi_join': 17280})

No solution found
