[     3.056][MainProcess][INFO] Parsing specification...
[     3.061][MainProcess][DEBUG] Reading input files...
[     3.069][MainProcess][INFO] Inferred data types for table tests-examples/scythe/top_rated_posts/tables/i030.csv: ['string', 'int64', 'int64']
[     3.075][MainProcess][INFO] Inferred data types for table tests-examples/scythe/top_rated_posts/tables/o030.csv: ['string', 'int64', 'int64']
[     3.103][MainProcess][DEBUG] Generating DSL...
[     3.132][MainProcess][INFO] Creating 8 processes
[     3.171][MainProcess][DEBUG] Increasing generator loc to 3
[     3.185][cube-solver-0][DEBUG] Initialising process for 2 lines of code.
[     3.187][cube-solver-1][DEBUG] Initialising process for 2 lines of code.
[     3.195][cube-solver-2][DEBUG] Initialising process for 2 lines of code.
[     3.196][cube-solver-4][DEBUG] Initialising process for 3 lines of code.
[     3.199][cube-solver-3][DEBUG] Initialising process for 2 lines of code.
[     3.203][cube-solver-6][DEBUG] Initialising process for 3 lines of code.
[     3.207][cube-solver-5][DEBUG] Initialising process for 3 lines of code.
[     3.216][cube-solver-7][DEBUG] Initialising process for 3 lines of code.
[     3.537][cube-solver-0][DEBUG] Solving cube (l0 = summarise(), l1 = filter())
[     3.544][cube-solver-3][DEBUG] Solving cube (l0 = mutate(), l1 = filter())
[     3.548][cube-solver-1][DEBUG] Solving cube (l0 = filter(), l1 = summarise())
[     3.554][cube-solver-1][DEBUG] Initialising process for 3 lines of code.
[     3.553][cube-solver-2][DEBUG] Solving cube (l0 = filter(), l1 = mutate())
[     3.558][cube-solver-2][DEBUG] Initialising process for 3 lines of code.
[     3.820][cube-solver-4][DEBUG] Solving cube (l0 = natural_join(), l1 = summarise(), l2 = filter())
[     3.826][cube-solver-6][DEBUG] Solving cube (l0 = natural_join(), l1 = filter(), l2 = mutate())
[     3.827][cube-solver-4][DEBUG] Solving cube (l0 = natural_join3(), l1 = filter(), l2 = mutate())
[     3.830][cube-solver-6][DEBUG] Solving cube (l0 = natural_join3(), l1 = mutate(), l2 = filter())
[     3.832][cube-solver-4][DEBUG] Solving cube (l0 = natural_join4(), l1 = summarise(), l2 = filter())
[     3.833][cube-solver-6][DEBUG] Solving cube (l0 = natural_join4(), l1 = filter(), l2 = summarise())
[     3.834][cube-solver-4][DEBUG] Solving cube (l0 = natural_join4(), l1 = filter(), l2 = mutate())
[     3.835][cube-solver-6][DEBUG] Solving cube (l0 = natural_join4(), l1 = mutate(), l2 = filter())
[     3.836][cube-solver-4][DEBUG] Solving cube (l0 = summarise(), l1 = natural_join(), l2 = filter())
[     3.838][cube-solver-6][DEBUG] Solving cube (l0 = summarise(), l1 = natural_join3(), l2 = filter())
[     3.841][cube-solver-6][DEBUG] Solving cube (l0 = summarise(), l1 = natural_join4(), l2 = filter())
[     3.842][cube-solver-6][DEBUG] Solving cube (l0 = summarise(), l1 = summarise(), l2 = filter())
[     3.844][cube-solver-6][DEBUG] Solving cube (l0 = summarise(), l1 = filter(), l2 = natural_join())
[     3.881][cube-solver-5][DEBUG] Solving cube (l0 = natural_join(), l1 = filter(), l2 = summarise())
[     3.885][cube-solver-7][DEBUG] Solving cube (l0 = natural_join(), l1 = mutate(), l2 = filter())
[     3.886][cube-solver-5][DEBUG] Solving cube (l0 = summarise(), l1 = filter(), l2 = natural_join3())
[     3.889][cube-solver-7][DEBUG] Solving cube (l0 = summarise(), l1 = filter(), l2 = natural_join4())
[     3.891][cube-solver-7][DEBUG] Solving cube (l0 = summarise(), l1 = filter(), l2 = summarise())
[     4.239][cube-solver-2][DEBUG] Solving cube (l0 = natural_join3(), l1 = filter(), l2 = summarise())
[     4.242][cube-solver-2][DEBUG] Solving cube (l0 = summarise(), l1 = filter(), l2 = filter())
[     4.272][cube-solver-1][DEBUG] Solving cube (l0 = natural_join3(), l1 = summarise(), l2 = filter([1]))
[     4.276][cube-solver-1][DEBUG] Solving cube (l0 = summarise(), l1 = filter([1]), l2 = anti_join())
[     5.066][cube-solver-0][DEBUG] Initialising process for 3 lines of code.
[     5.220][cube-solver-3][DEBUG] Initialising process for 3 lines of code.
[     5.689][cube-solver-0][DEBUG] Solving cube (l0 = summarise(), l1 = filter([5]), l2 = left_join())
[     5.797][cube-solver-3][DEBUG] Solving cube (l0 = summarise(), l1 = filter([5]), l2 = union())
[     7.817][cube-solver-7][DEBUG] Solving cube (l0 = summarise(), l1 = filter([5]), l2 = intersect())
[    12.282][cube-solver-2][DEBUG] Solving cube (l0 = summarise(), l1 = filter([5]), l2 = semi_join())
[    17.874][cube-solver-7][DEBUG] Solving cube (l0 = summarise(), l1 = filter([5]), l2 = cross_join())
[    21.667][cube-solver-2][DEBUG] Solving cube (l0 = summarise(), l1 = filter([5]), l2 = mutate())
[    23.292][cube-solver-2][DEBUG] Solving cube (l0 = summarise(), l1 = filter([5]), l2 = inner_join())
[    24.346][cube-solver-4][DEBUG] Solving cube (l0 = summarise(), l1 = anti_join(), l2 = filter([5]))
[    28.405][cube-solver-6][DEBUG] Solving cube (l0 = summarise(), l1 = left_join(), l2 = filter([5]))
[    30.382][cube-solver-0][DEBUG] Solving cube (l0 = summarise(), l1 = union(), l2 = filter([5]))
[    30.445][cube-solver-3][DEBUG] Solving cube (l0 = summarise(), l1 = intersect(), l2 = filter([5]))
[    35.690][cube-solver-3][DEBUG] Solving cube (l0 = summarise(), l1 = semi_join(), l2 = filter([5]))
[    39.277][cube-solver-3][DEBUG] Solving cube (l0 = summarise(), l1 = cross_join(), l2 = filter([5]))
[    41.354][cube-solver-1][DEBUG] Solving cube (l0 = summarise(), l1 = mutate(), l2 = filter([5]))
[    42.523][cube-solver-4][DEBUG] Solving cube (l0 = summarise(), l1 = inner_join(), l2 = filter([5]))
[    42.918][cube-solver-1][DEBUG] Solving cube (l0 = filter([5]), l1 = natural_join(), l2 = summarise())
[    42.921][cube-solver-1][DEBUG] Solving cube (l0 = filter([5]), l1 = natural_join(), l2 = mutate())
[    42.925][cube-solver-1][DEBUG] Solving cube (l0 = filter([5]), l1 = natural_join3(), l2 = summarise())
[    42.928][cube-solver-1][DEBUG] Solving cube (l0 = filter([5]), l1 = natural_join3(), l2 = mutate())
[    42.931][cube-solver-1][DEBUG] Solving cube (l0 = filter([5]), l1 = natural_join4(), l2 = summarise())
[    42.934][cube-solver-1][DEBUG] Solving cube (l0 = filter([5]), l1 = natural_join4(), l2 = mutate())
[    42.937][cube-solver-1][DEBUG] Solving cube (l0 = filter([5]), l1 = summarise(), l2 = natural_join())
[    42.940][cube-solver-1][DEBUG] Solving cube (l0 = filter([5]), l1 = summarise(), l2 = natural_join3())
[    42.943][cube-solver-1][DEBUG] Solving cube (l0 = filter([5]), l1 = summarise(), l2 = natural_join4())
[    42.946][cube-solver-1][DEBUG] Solving cube (l0 = filter([5]), l1 = summarise(), l2 = summarise())
[    42.949][cube-solver-1][DEBUG] Solving cube (l0 = filter([5]), l1 = summarise(), l2 = filter([5]))
[    42.954][cube-solver-1][DEBUG] Solving cube (l0 = filter([5]), l1 = summarise(), l2 = anti_join())
[    42.957][cube-solver-1][DEBUG] Solving cube (l0 = filter([5]), l1 = summarise(), l2 = left_join())
[    42.960][cube-solver-1][DEBUG] Solving cube (l0 = filter([5]), l1 = summarise(), l2 = union())
[    42.963][cube-solver-1][DEBUG] Solving cube (l0 = filter([5]), l1 = summarise(), l2 = intersect())
[    42.966][cube-solver-1][DEBUG] Solving cube (l0 = filter([5]), l1 = summarise(), l2 = semi_join())
[    42.969][cube-solver-1][DEBUG] Solving cube (l0 = filter([5]), l1 = summarise(), l2 = cross_join())
[    42.972][cube-solver-1][DEBUG] Solving cube (l0 = filter([5]), l1 = summarise(), l2 = mutate())
[    42.975][cube-solver-1][DEBUG] Solving cube (l0 = filter([5]), l1 = summarise(), l2 = inner_join())
[    42.978][cube-solver-1][DEBUG] Solving cube (l0 = filter([5]), l1 = filter([5]), l2 = summarise())
[    42.983][cube-solver-1][DEBUG] Solving cube (l0 = filter([5]), l1 = filter([5]), l2 = mutate())
[    42.987][cube-solver-1][DEBUG] Solving cube (l0 = filter([5]), l1 = anti_join(), l2 = summarise())
[    42.990][cube-solver-1][DEBUG] Solving cube (l0 = filter([5]), l1 = anti_join(), l2 = mutate())
[    42.994][cube-solver-1][DEBUG] Solving cube (l0 = filter([5]), l1 = left_join(), l2 = summarise())
[    42.997][cube-solver-1][DEBUG] Solving cube (l0 = filter([5]), l1 = left_join(), l2 = mutate())
[    43.000][cube-solver-1][DEBUG] Solving cube (l0 = filter([5]), l1 = union(), l2 = summarise())
[    43.003][cube-solver-1][DEBUG] Solving cube (l0 = filter([5]), l1 = union(), l2 = mutate())
[    43.006][cube-solver-1][DEBUG] Solving cube (l0 = filter([5]), l1 = intersect(), l2 = summarise())
[    43.009][cube-solver-1][DEBUG] Solving cube (l0 = filter([5]), l1 = intersect(), l2 = mutate())
[    43.013][cube-solver-1][DEBUG] Solving cube (l0 = filter([5]), l1 = semi_join(), l2 = summarise())
[    43.016][cube-solver-1][DEBUG] Solving cube (l0 = filter([5]), l1 = semi_join(), l2 = mutate())
[    43.019][cube-solver-1][DEBUG] Solving cube (l0 = filter([5]), l1 = cross_join(), l2 = summarise())
[    43.022][cube-solver-1][DEBUG] Solving cube (l0 = filter([5]), l1 = cross_join(), l2 = mutate())
[    43.026][cube-solver-1][DEBUG] Solving cube (l0 = filter([5]), l1 = mutate(), l2 = natural_join())
[    43.029][cube-solver-1][DEBUG] Solving cube (l0 = filter([5]), l1 = mutate(), l2 = natural_join3())
[    43.032][cube-solver-1][DEBUG] Solving cube (l0 = filter([5]), l1 = mutate(), l2 = natural_join4())
[    43.035][cube-solver-1][DEBUG] Solving cube (l0 = filter([5]), l1 = mutate(), l2 = summarise())
[    43.038][cube-solver-1][DEBUG] Solving cube (l0 = filter([5]), l1 = mutate(), l2 = filter([5]))
[    43.043][cube-solver-1][DEBUG] Solving cube (l0 = filter([5]), l1 = mutate(), l2 = anti_join())
[    43.046][cube-solver-1][DEBUG] Solving cube (l0 = filter([5]), l1 = mutate(), l2 = left_join())
[    43.049][cube-solver-1][DEBUG] Solving cube (l0 = filter([5]), l1 = mutate(), l2 = union())
[    43.052][cube-solver-1][DEBUG] Solving cube (l0 = filter([5]), l1 = mutate(), l2 = intersect())
[    43.055][cube-solver-1][DEBUG] Solving cube (l0 = filter([5]), l1 = mutate(), l2 = semi_join())
[    43.058][cube-solver-1][DEBUG] Solving cube (l0 = filter([5]), l1 = mutate(), l2 = cross_join())
[    43.061][cube-solver-1][DEBUG] Solving cube (l0 = filter([5]), l1 = mutate(), l2 = mutate())
[    43.064][cube-solver-1][DEBUG] Solving cube (l0 = filter([5]), l1 = mutate(), l2 = inner_join())
[    43.067][cube-solver-1][DEBUG] Solving cube (l0 = filter([5]), l1 = inner_join(), l2 = summarise())
[    43.071][cube-solver-1][DEBUG] Solving cube (l0 = filter([5]), l1 = inner_join(), l2 = mutate())
[    43.074][cube-solver-1][DEBUG] Solving cube (l0 = anti_join(), l1 = summarise(), l2 = filter([5]))
[    43.077][cube-solver-1][DEBUG] Solving cube (l0 = anti_join(), l1 = filter([5]), l2 = summarise())
[    43.081][cube-solver-1][DEBUG] Solving cube (l0 = anti_join(), l1 = filter([5]), l2 = mutate())
[    43.085][cube-solver-1][DEBUG] Solving cube (l0 = anti_join(), l1 = mutate(), l2 = filter([5]))
[    43.088][cube-solver-1][DEBUG] Solving cube (l0 = left_join(), l1 = summarise(), l2 = filter([5]))
[    44.682][cube-solver-1][DEBUG] Solving cube (l0 = left_join(), l1 = filter([5]), l2 = summarise())
[    44.685][cube-solver-1][DEBUG] Solving cube (l0 = left_join(), l1 = filter([5]), l2 = mutate())
[    44.690][cube-solver-1][DEBUG] Solving cube (l0 = left_join(), l1 = mutate(), l2 = filter([5]))
[    46.355][cube-solver-1][DEBUG] Solving cube (l0 = union(), l1 = summarise(), l2 = filter([5]))
[    47.913][cube-solver-1][DEBUG] Solving cube (l0 = union(), l1 = filter([5]), l2 = summarise())
[    47.917][cube-solver-1][DEBUG] Solving cube (l0 = union(), l1 = filter([5]), l2 = mutate())
[    47.921][cube-solver-1][DEBUG] Solving cube (l0 = union(), l1 = mutate(), l2 = filter([5]))
[    49.566][cube-solver-1][DEBUG] Solving cube (l0 = intersect(), l1 = summarise(), l2 = filter([5]))
[    50.966][cube-solver-1][DEBUG] Solving cube (l0 = intersect(), l1 = filter([5]), l2 = summarise())
[    50.970][cube-solver-1][DEBUG] Solving cube (l0 = intersect(), l1 = filter([5]), l2 = mutate())
[    50.974][cube-solver-1][DEBUG] Solving cube (l0 = intersect(), l1 = mutate(), l2 = filter([5]))
[    51.234][cube-solver-1][DEBUG] Solving cube (l0 = semi_join(), l1 = summarise(), l2 = filter([5]))
[    51.467][cube-solver-0][DEBUG] Solving cube (l0 = semi_join(), l1 = filter([5]), l2 = summarise())
[    51.471][cube-solver-0][DEBUG] Solving cube (l0 = semi_join(), l1 = filter([5]), l2 = mutate())
[    51.475][cube-solver-0][DEBUG] Solving cube (l0 = semi_join(), l1 = mutate(), l2 = filter([5]))
[    51.536][cube-solver-6][DEBUG] Solving cube (l0 = cross_join(), l1 = summarise(), l2 = filter([5]))
[    52.875][cube-solver-1][DEBUG] Solving cube (l0 = cross_join([15]), l1 = filter([5]), l2 = summarise())
[    52.890][cube-solver-1][DEBUG] Solving cube (l0 = cross_join([15]), l1 = filter([5]), l2 = mutate())
[    52.900][cube-solver-1][DEBUG] Solving cube (l0 = cross_join([15]), l1 = mutate(), l2 = filter([5]))
[    53.146][cube-solver-0][DEBUG] Solving cube (l0 = mutate(), l1 = natural_join(), l2 = filter([5]))
[    56.502][cube-solver-0][DEBUG] Solving cube (l0 = mutate(), l1 = natural_join3(), l2 = filter([5]))
[    56.509][cube-solver-0][DEBUG] Solving cube (l0 = mutate(), l1 = natural_join4(), l2 = filter([5]))
[    56.516][cube-solver-0][DEBUG] Solving cube (l0 = mutate(), l1 = summarise(), l2 = filter([5]))
[    57.299][cube-solver-1][DEBUG] Solving cube (l0 = mutate(), l1 = filter([5]), l2 = natural_join())
[    58.189][cube-solver-0][DEBUG] Solving cube (l0 = mutate(), l1 = filter([5]), l2 = natural_join3())
[    63.924][cube-solver-1][DEBUG] Solving cube (l0 = mutate(), l1 = filter([5]), l2 = natural_join4())
[    63.934][cube-solver-1][DEBUG] Solving cube (l0 = mutate(), l1 = filter([5]), l2 = summarise())
[    65.575][cube-solver-1][DEBUG] Solving cube (l0 = mutate(), l1 = filter([5]), l2 = filter([5]))
[    66.772][cube-solver-5][DEBUG] Solving cube (l0 = mutate(), l1 = filter([5]), l2 = anti_join())
[    68.614][cube-solver-0][DEBUG] Solving cube (l0 = mutate(), l1 = filter([5]), l2 = left_join())
[    73.849][cube-solver-1][DEBUG] Solving cube (l0 = mutate(), l1 = filter([5]), l2 = union())
[    77.082][cube-solver-0][DEBUG] Solving cube (l0 = mutate(), l1 = filter([5]), l2 = intersect())
[    78.675][cube-solver-0][DEBUG] Solving cube (l0 = mutate(), l1 = filter([5]), l2 = semi_join())
[    82.134][cube-solver-1][DEBUG] Solving cube (l0 = mutate(), l1 = filter([5]), l2 = cross_join([85]))
[    83.982][cube-solver-6][DEBUG] Solving cube (l0 = mutate(), l1 = filter([5]), l2 = mutate())
[    85.778][cube-solver-6][DEBUG] Solving cube (l0 = mutate(), l1 = filter([5]), l2 = inner_join())
[    86.057][cube-solver-0][DEBUG] Solving cube (l0 = mutate(), l1 = anti_join(), l2 = filter([5]))
[   101.434][cube-solver-0][DEBUG] Solving cube (l0 = mutate(), l1 = left_join(), l2 = filter([5]))
[   105.673][cube-solver-5][DEBUG] Solving cube (l0 = mutate(), l1 = union(), l2 = filter([5]))
[   106.610][cube-solver-0][DEBUG] Solving cube (l0 = mutate(), l1 = intersect(), l2 = filter([5]))
[   107.352][cube-solver-0][DEBUG] Solving cube (l0 = mutate(), l1 = semi_join(), l2 = filter([5]))
[   110.859][cube-solver-0][DEBUG] Solving cube (l0 = mutate(), l1 = cross_join([85]), l2 = filter([5]))
[   110.889][cube-solver-5][DEBUG] Solving cube (l0 = mutate(), l1 = mutate(), l2 = filter([5]))
[   112.584][cube-solver-5][DEBUG] Solving cube (l0 = mutate(), l1 = inner_join(), l2 = filter([5]))
[   599.952][MainProcess][INFO] Statistics:
[   599.953][MainProcess][INFO] 	Generated cubes: 138
[   599.953][MainProcess][INFO] 	Attempted programs: 7776
[   599.953][MainProcess][INFO] 		Rejected: 2706
[   599.953][MainProcess][INFO] 		Failed: 5070
[   599.953][MainProcess][INFO] 	Blacklist clauses: 90
[   599.954][MainProcess][DEBUG] Printing statistics for good programs of size 2
[   599.955][MainProcess][DEBUG] 	0: Counter({'mutate': 240, 'summarise': 180})
[   599.955][MainProcess][DEBUG] 	1: Counter({'filter': 420})
[   599.955][MainProcess][DEBUG] Printing statistics for good programs of size 3
[   600.178][MainProcess][DEBUG] 	0: Counter({'summarise': 354284, 'mutate': 316982, 'left_join': 420, 'union': 420, 'semi_join': 420})
[   600.306][MainProcess][DEBUG] 	1: Counter({'filter': 355152, 'cross_join': 152408, 'inner_join': 147446, 'anti_join': 3900, 'left_join': 3780, 'union': 3780, 'natural_join': 3360, 'mutate': 1140, 'semi_join': 840, 'summarise': 720})
[   600.429][MainProcess][DEBUG] 	2: Counter({'filter': 319474, 'cross_join': 164572, 'inner_join': 153380, 'natural_join3': 10080, 'anti_join': 8700, 'left_join': 4620, 'union': 4620, 'natural_join': 4200, 'semi_join': 2100, 'mutate': 420, 'summarise': 360})

No solution found
