[     1.613][MainProcess][INFO] Parsing specification...
[     1.616][MainProcess][WARNING] "attrs" field is deprecated. Please use "columns"
[     1.616][MainProcess][WARNING] "aggrs" field is deprecated. Please use "functions"
[     1.617][MainProcess][DEBUG] Reading input files...
[     1.623][MainProcess][INFO] Inferred data types for table tests-examples/scythe/top_rated_posts/tables/i039.csv: ['string']
[     1.627][MainProcess][INFO] Inferred data types for table tests-examples/scythe/top_rated_posts/tables/o039.csv: ['string']
[     1.652][MainProcess][DEBUG] Generating DSL...
[     1.668][MainProcess][INFO] Creating 8 processes
[     1.698][MainProcess][DEBUG] Increasing generator loc to 3
[     1.707][cube-solver-0][DEBUG] Initialising process for 2 lines of code.
[     1.708][cube-solver-1][DEBUG] Initialising process for 2 lines of code.
[     1.712][cube-solver-2][DEBUG] Initialising process for 2 lines of code.
[     1.717][cube-solver-4][DEBUG] Initialising process for 3 lines of code.
[     1.717][cube-solver-3][DEBUG] Initialising process for 2 lines of code.
[     1.724][cube-solver-6][DEBUG] Initialising process for 3 lines of code.
[     1.725][cube-solver-5][DEBUG] Initialising process for 3 lines of code.
[     1.730][cube-solver-7][DEBUG] Initialising process for 3 lines of code.
[     1.902][cube-solver-2][DEBUG] Solving cube (l0 = mutate(), l1 = summarise())
[     1.926][cube-solver-1][DEBUG] Solving cube (l0 = summarise(), l1 = mutate())
[     1.936][cube-solver-0][DEBUG] Solving cube (l0 = summarise(), l1 = summarise())
[     1.938][cube-solver-3][DEBUG] Solving cube (l0 = mutate(), l1 = mutate())
[     1.941][cube-solver-0][DEBUG] Initialising process for 3 lines of code.
[     1.967][cube-solver-2][DEBUG] Initialising process for 3 lines of code.
[     1.982][cube-solver-1][DEBUG] Initialising process for 3 lines of code.
[     1.992][cube-solver-3][DEBUG] Initialising process for 3 lines of code.
[     2.049][cube-solver-4][DEBUG] Solving cube (l0 = natural_join(), l1 = summarise(), l2 = summarise())
[     2.056][cube-solver-4][DEBUG] Solving cube (l0 = natural_join4(), l1 = summarise(), l2 = summarise())
[     2.056][cube-solver-6][DEBUG] Solving cube (l0 = natural_join(), l1 = mutate(), l2 = summarise())
[     2.059][cube-solver-6][DEBUG] Solving cube (l0 = natural_join4(), l1 = summarise(), l2 = mutate())
[     2.060][cube-solver-4][DEBUG] Solving cube (l0 = natural_join4(), l1 = mutate(), l2 = summarise())
[     2.062][cube-solver-6][DEBUG] Solving cube (l0 = natural_join4(), l1 = mutate(), l2 = mutate())
[     2.063][cube-solver-4][DEBUG] Solving cube (l0 = summarise(), l1 = natural_join(), l2 = summarise())
[     2.064][cube-solver-6][DEBUG] Solving cube (l0 = summarise(), l1 = natural_join(), l2 = mutate())
[     2.136][cube-solver-7][DEBUG] Solving cube (l0 = natural_join(), l1 = mutate(), l2 = mutate())
[     2.140][cube-solver-7][DEBUG] Solving cube (l0 = summarise(), l1 = natural_join3(), l2 = summarise())
[     2.142][cube-solver-7][DEBUG] Solving cube (l0 = summarise(), l1 = natural_join3(), l2 = mutate())
[     2.145][cube-solver-7][DEBUG] Solving cube (l0 = summarise(), l1 = natural_join4(), l2 = summarise())
[     2.147][cube-solver-7][DEBUG] Solving cube (l0 = summarise(), l1 = natural_join4(), l2 = mutate())
[     2.148][cube-solver-5][DEBUG] Solving cube (l0 = natural_join(), l1 = summarise(), l2 = mutate())
[     2.149][cube-solver-7][DEBUG] Solving cube (l0 = summarise(), l1 = summarise(), l2 = natural_join())
[     2.150][cube-solver-5][DEBUG] Solving cube (l0 = summarise(), l1 = summarise(), l2 = natural_join3())
[     2.171][cube-solver-4][DEBUG] Solving cube (l0 = summarise(), l1 = summarise(), l2 = natural_join4())
[     2.173][cube-solver-4][DEBUG] Solving cube (l0 = summarise(), l1 = summarise(), l2 = summarise())
[     2.174][cube-solver-4][DEBUG] Solving cube (l0 = summarise(), l1 = summarise(), l2 = anti_join())
[     2.196][cube-solver-6][DEBUG] Solving cube (l0 = summarise(), l1 = summarise(), l2 = left_join())
[     2.277][cube-solver-7][DEBUG] Solving cube (l0 = summarise(), l1 = summarise(), l2 = union())
[     2.285][cube-solver-6][DEBUG] Solving cube (l0 = summarise(), l1 = summarise(), l2 = intersect())
[     2.328][cube-solver-0][DEBUG] Solving cube (l0 = natural_join3(), l1 = summarise(), l2 = summarise())
[     2.330][cube-solver-0][DEBUG] Solving cube (l0 = summarise(), l1 = summarise(), l2 = semi_join())
[     2.350][cube-solver-2][DEBUG] Solving cube (l0 = natural_join3(), l1 = summarise(), l2 = mutate())
[     2.352][cube-solver-2][DEBUG] Solving cube (l0 = summarise(), l1 = summarise(), l2 = cross_join())
[     2.354][cube-solver-3][DEBUG] Solving cube (l0 = natural_join3(), l1 = mutate(), l2 = mutate())
[     2.356][cube-solver-3][DEBUG] Solving cube (l0 = summarise(), l1 = summarise(), l2 = mutate())
[     2.358][cube-solver-3][DEBUG] Solving cube (l0 = summarise(), l1 = summarise(), l2 = inner_join())
[     2.361][cube-solver-4][DEBUG] Solving cube (l0 = summarise(), l1 = anti_join(), l2 = summarise())
[     2.365][cube-solver-7][DEBUG] Solving cube (l0 = summarise(), l1 = anti_join(), l2 = mutate())
[     2.374][cube-solver-6][DEBUG] Solving cube (l0 = summarise(), l1 = left_join(), l2 = summarise())
[     2.383][cube-solver-1][DEBUG] Solving cube (l0 = natural_join3(), l1 = mutate(), l2 = summarise())
[     2.387][cube-solver-1][DEBUG] Solving cube (l0 = summarise(), l1 = left_join(), l2 = mutate())
[     2.437][cube-solver-0][DEBUG] Solving cube (l0 = summarise(), l1 = union(), l2 = summarise())
[     2.448][cube-solver-5][DEBUG] Solving cube (l0 = summarise(), l1 = union(), l2 = mutate())
[     2.464][cube-solver-2][DEBUG] Found solution with cube (l0 = summarise(), l1 = summarise(), l2 = cross_join())
[     2.466][MainProcess][INFO] Statistics:
[     2.466][MainProcess][INFO] 	Generated cubes: 40
[     2.466][MainProcess][INFO] 	Attempted programs: 29
[     2.467][MainProcess][INFO] 		Rejected: 28
[     2.467][MainProcess][INFO] 		Failed: 0
[     2.467][MainProcess][INFO] 	Blacklist clauses: 0
[     2.467][MainProcess][DEBUG] Printing statistics for good programs of size 2
[     2.467][MainProcess][DEBUG] 	0: Counter({'mutate': 8, 'summarise': 4})
[     2.468][MainProcess][DEBUG] 	1: Counter({'mutate': 8, 'summarise': 4})
[     2.468][MainProcess][DEBUG] Printing statistics for good programs of size 3
[     2.468][MainProcess][DEBUG] 	0: Counter({'summarise': 141})
[     2.468][MainProcess][DEBUG] 	1: Counter({'summarise': 96, 'anti_join': 17, 'natural_join': 16, 'left_join': 9, 'union': 3})
[     2.469][MainProcess][DEBUG] 	2: Counter({'summarise': 24, 'natural_join3': 24, 'mutate': 21, 'anti_join': 16, 'cross_join': 10, 'inner_join': 10, 'natural_join': 8, 'left_join': 8, 'union': 8, 'semi_join': 8, 'intersect': 4})
[     2.469][MainProcess][INFO] Solution found: cross_join(summarise(@param0, n = n(), c), summarise(@param0, n = n(), c), n >= n.other & n.other != n)

------------------------------------- R Solution ---------------------------------------

con <- DBI::dbConnect(RSQLite::SQLite(), ":memory:")
input1 <- read_csv("tests-examples/scythe/top_rated_posts/tables/i039.csv", col_types = cols(c = col_character()))
input1 <- copy_to(con, input1)
expected_output <- read_csv("tests-examples/scythe/top_rated_posts/tables/o039.csv", col_types = cols(c = col_character()))

df2 <- input1 %>% group_by(c) %>% summarise(n = n()) %>% ungroup()
df3 <- input1 %>% group_by(c) %>% summarise(n = n()) %>% ungroup()
df4 <- full_join(df2 %>% mutate(tmp.col=1), df3 %>% mutate(tmp.col=1), by="tmp.col", suffix = c("", ".other")) %>% select(-tmp.col) %>% filter(n >= n.other & n.other != n)
out <- df4 %>% select(c) %>% distinct() %>% arrange(c)


+++++++++++++++++++++++++++++++++++++ SQL Solution +++++++++++++++++++++++++++++++++++++

SELECT DISTINCT c
FROM
  (SELECT c,
          n,
          c.other,
          n.other
   FROM
     (SELECT LHS.c AS c,
             LHS.n AS n,
             COALESCE(LHS.tmp.col, RHS.tmp.col) AS tmp.col,
             RHS.c AS c.other,
             RHS.n AS n.other
      FROM
        (SELECT c,
                n,
                1.0 AS tmp.col
         FROM
           (SELECT c,
                   COUNT() AS n
            FROM input1
            GROUP BY c)) AS LHS
      FULL JOIN
        (SELECT c,
                n,
                1.0 AS tmp.col
         FROM
           (SELECT c,
                   COUNT() AS n
            FROM input1
            GROUP BY c)) AS RHS ON (LHS.tmp.col = RHS.tmp.col)))
WHERE (n >= n.other
       AND n.other != n)
ORDER BY c
