[     1.582][MainProcess][INFO] Parsing specification...
[     1.585][MainProcess][DEBUG] Reading input files...
[     1.591][MainProcess][INFO] Inferred data types for table tests-examples/scythe/top_rated_posts/tables/i052.csv: ['int64', 'int64']
[     1.595][MainProcess][INFO] Inferred data types for table tests-examples/scythe/top_rated_posts/tables/o052.csv: ['int64', 'int64', 'int64']
[     1.620][MainProcess][DEBUG] Generating DSL...
[     1.785][MainProcess][INFO] Creating 8 processes
[     1.815][MainProcess][DEBUG] Increasing generator loc to 2
[     1.957][cube-solver-1][DEBUG] Initialising process for 1 lines of code.
[     1.958][cube-solver-4][DEBUG] Initialising process for 2 lines of code.
[     1.962][cube-solver-6][DEBUG] Initialising process for 2 lines of code.
[     1.963][cube-solver-3][DEBUG] Initialising process for 2 lines of code.
[     1.968][cube-solver-5][DEBUG] Initialising process for 2 lines of code.
[     2.003][cube-solver-7][DEBUG] Initialising process for 2 lines of code.
[     2.007][cube-solver-2][DEBUG] Initialising process for 2 lines of code.
[     2.009][cube-solver-0][DEBUG] Initialising process for 1 lines of code.
[     4.610][cube-solver-1][DEBUG] Solving cube (l0 = mutate(),)
[     4.726][cube-solver-1][DEBUG] Initialising process for 2 lines of code.
[     4.731][cube-solver-0][DEBUG] Solving cube (l0 = summarise(),)
[     4.904][cube-solver-0][DEBUG] Initialising process for 2 lines of code.
[     7.371][cube-solver-5][DEBUG] Solving cube (l0 = natural_join3(), l1 = mutate())
[     7.386][cube-solver-3][DEBUG] Solving cube (l0 = natural_join(), l1 = mutate())
[     7.398][cube-solver-5][DEBUG] Solving cube (l0 = summarise(), l1 = natural_join4())
[     7.408][cube-solver-4][DEBUG] Solving cube (l0 = natural_join3(), l1 = summarise())
[     7.413][cube-solver-5][DEBUG] Solving cube (l0 = summarise(), l1 = filter())
[     7.415][cube-solver-3][DEBUG] Solving cube (l0 = summarise(), l1 = summarise())
[     7.423][cube-solver-6][DEBUG] Solving cube (l0 = natural_join4(), l1 = summarise())
[     7.431][cube-solver-3][DEBUG] Solving cube (l0 = summarise(), l1 = anti_join())
[     7.452][cube-solver-4][DEBUG] Solving cube (l0 = summarise(), l1 = left_join())
[     7.467][cube-solver-6][DEBUG] Solving cube (l0 = summarise(), l1 = union())
[     7.476][cube-solver-7][DEBUG] Solving cube (l0 = natural_join4(), l1 = mutate())
[     7.487][cube-solver-2][DEBUG] Solving cube (l0 = natural_join(), l1 = summarise())
[     7.504][cube-solver-7][DEBUG] Solving cube (l0 = summarise(), l1 = intersect())
[     7.530][cube-solver-2][DEBUG] Solving cube (l0 = summarise(), l1 = semi_join())
[     7.880][cube-solver-2][DEBUG] Solving cube (l0 = summarise(), l1 = cross_join())
[     8.055][cube-solver-7][DEBUG] Solving cube (l0 = summarise(), l1 = mutate())
[     8.118][cube-solver-5][DEBUG] Solving cube (l0 = summarise(), l1 = inner_join())
[     8.186][cube-solver-3][DEBUG] Solving cube (l0 = filter(), l1 = summarise())
[     8.198][cube-solver-7][DEBUG] Solving cube (l0 = filter(), l1 = mutate())
[     8.200][cube-solver-3][DEBUG] Solving cube (l0 = anti_join(), l1 = summarise())
[     8.213][cube-solver-7][DEBUG] Solving cube (l0 = anti_join(), l1 = mutate())
[     8.215][cube-solver-3][DEBUG] Solving cube (l0 = left_join(), l1 = summarise())
[     8.227][cube-solver-7][DEBUG] Solving cube (l0 = left_join(), l1 = mutate())
[     8.285][cube-solver-6][DEBUG] Solving cube (l0 = union(), l1 = summarise())
[     8.324][cube-solver-4][DEBUG] Solving cube (l0 = union(), l1 = mutate())
[     8.331][cube-solver-7][DEBUG] Solving cube (l0 = intersect(), l1 = summarise())
[     8.341][cube-solver-6][DEBUG] Solving cube (l0 = intersect(), l1 = mutate())
[     8.350][cube-solver-3][DEBUG] Solving cube (l0 = semi_join(), l1 = summarise())
[     8.394][cube-solver-6][DEBUG] Solving cube (l0 = semi_join(), l1 = mutate())
[     8.466][cube-solver-7][DEBUG] Solving cube (l0 = cross_join(), l1 = summarise())
[     8.468][cube-solver-4][DEBUG] Solving cube (l0 = cross_join(), l1 = mutate())
[     8.477][cube-solver-3][DEBUG] Solving cube (l0 = mutate(), l1 = natural_join())
[     8.541][cube-solver-6][DEBUG] Solving cube (l0 = mutate(), l1 = natural_join3())
[     8.588][cube-solver-6][DEBUG] Solving cube (l0 = mutate(), l1 = natural_join4())
[     8.604][cube-solver-6][DEBUG] Solving cube (l0 = mutate(), l1 = summarise())
[     8.717][cube-solver-3][DEBUG] Solving cube (l0 = mutate(), l1 = filter())
[     8.810][cube-solver-6][DEBUG] Solving cube (l0 = mutate(), l1 = anti_join())
[     9.216][cube-solver-3][DEBUG] Solving cube (l0 = mutate(), l1 = left_join())
[     9.271][cube-solver-6][DEBUG] Solving cube (l0 = mutate(), l1 = union())
[     9.508][cube-solver-3][DEBUG] Solving cube (l0 = mutate(), l1 = intersect())
[     9.572][cube-solver-6][DEBUG] Solving cube (l0 = mutate(), l1 = semi_join())
[     9.795][cube-solver-6][DEBUG] Solving cube (l0 = mutate(), l1 = mutate())
[     9.815][cube-solver-3][DEBUG] Solving cube (l0 = mutate(), l1 = cross_join([76]))
[     9.909][cube-solver-6][DEBUG] Solving cube (l0 = mutate(), l1 = inner_join())
[    10.329][cube-solver-1][DEBUG] Solving cube (l0 = summarise(), l1 = natural_join())
[    10.646][cube-solver-0][DEBUG] Solving cube (l0 = summarise(), l1 = natural_join3())
[    10.737][cube-solver-0][DEBUG] Solving cube (l0 = inner_join(), l1 = summarise())
[    10.982][cube-solver-1][DEBUG] Solving cube (l0 = inner_join(), l1 = mutate())
[    12.420][MainProcess][DEBUG] Increasing generator loc to 3
[    12.421][cube-solver-0][DEBUG] Initialising process for 3 lines of code.
[    13.656][cube-solver-1][DEBUG] Initialising process for 3 lines of code.
[    21.457][cube-solver-0][DEBUG] Solving cube (l0 = natural_join(), l1 = summarise(), l2 = natural_join())
[    21.518][cube-solver-0][DEBUG] Solving cube (l0 = natural_join(), l1 = summarise(), l2 = natural_join4())
[    22.148][cube-solver-0][DEBUG] Solving cube (l0 = natural_join(), l1 = summarise(), l2 = summarise())
[    22.180][cube-solver-0][DEBUG] Solving cube (l0 = natural_join(), l1 = summarise(), l2 = filter())
[    22.211][cube-solver-0][DEBUG] Solving cube (l0 = natural_join(), l1 = summarise(), l2 = anti_join())
[    22.244][cube-solver-0][DEBUG] Solving cube (l0 = natural_join(), l1 = summarise(), l2 = left_join())
[    22.268][cube-solver-0][DEBUG] Solving cube (l0 = natural_join(), l1 = summarise(), l2 = union())
[    22.291][cube-solver-0][DEBUG] Solving cube (l0 = natural_join(), l1 = summarise(), l2 = intersect())
[    22.314][cube-solver-0][DEBUG] Solving cube (l0 = natural_join(), l1 = summarise(), l2 = semi_join())
[    24.225][cube-solver-1][DEBUG] Solving cube (l0 = natural_join(), l1 = summarise(), l2 = natural_join3())
[    24.280][cube-solver-1][DEBUG] Solving cube (l0 = natural_join(), l1 = summarise(), l2 = mutate())
[    24.304][cube-solver-1][DEBUG] Solving cube (l0 = natural_join(), l1 = summarise(), l2 = inner_join())
[    24.345][cube-solver-1][DEBUG] Solving cube (l0 = natural_join(), l1 = filter(), l2 = summarise())
[    24.371][cube-solver-1][DEBUG] Solving cube (l0 = natural_join(), l1 = filter(), l2 = mutate())
[    24.395][cube-solver-1][DEBUG] Solving cube (l0 = natural_join(), l1 = anti_join(), l2 = summarise())
[    24.419][cube-solver-1][DEBUG] Solving cube (l0 = natural_join(), l1 = anti_join(), l2 = mutate())
[    24.442][cube-solver-1][DEBUG] Solving cube (l0 = natural_join(), l1 = left_join(), l2 = summarise())
[    24.465][cube-solver-1][DEBUG] Solving cube (l0 = natural_join(), l1 = left_join(), l2 = mutate())
[    24.489][cube-solver-1][DEBUG] Solving cube (l0 = natural_join(), l1 = union(), l2 = summarise())
[    24.514][cube-solver-1][DEBUG] Solving cube (l0 = natural_join(), l1 = union(), l2 = mutate())
[    24.538][cube-solver-1][DEBUG] Solving cube (l0 = natural_join(), l1 = intersect(), l2 = summarise())
[    24.562][cube-solver-1][DEBUG] Solving cube (l0 = natural_join(), l1 = intersect(), l2 = mutate())
[    24.585][cube-solver-1][DEBUG] Solving cube (l0 = natural_join(), l1 = semi_join(), l2 = summarise())
[    24.609][cube-solver-1][DEBUG] Solving cube (l0 = natural_join(), l1 = semi_join(), l2 = mutate())
[    24.752][cube-solver-0][DEBUG] Solving cube (l0 = natural_join(), l1 = summarise(), l2 = cross_join([866]))
[    27.463][cube-solver-1][DEBUG] Solving cube (l0 = natural_join(), l1 = cross_join([1050]), l2 = summarise())
[    29.762][cube-solver-1][DEBUG] Solving cube (l0 = natural_join(), l1 = mutate(), l2 = natural_join())
[    29.814][cube-solver-1][DEBUG] Solving cube (l0 = natural_join(), l1 = mutate(), l2 = natural_join3())
[    29.841][cube-solver-1][DEBUG] Solving cube (l0 = natural_join(), l1 = mutate(), l2 = natural_join4())
[    29.864][cube-solver-1][DEBUG] Solving cube (l0 = natural_join(), l1 = mutate(), l2 = summarise())
[    29.892][cube-solver-1][DEBUG] Solving cube (l0 = natural_join(), l1 = mutate(), l2 = filter())
[    29.916][cube-solver-1][DEBUG] Solving cube (l0 = natural_join(), l1 = mutate(), l2 = anti_join())
[    29.939][cube-solver-1][DEBUG] Solving cube (l0 = natural_join(), l1 = mutate(), l2 = left_join())
[    29.963][cube-solver-1][DEBUG] Solving cube (l0 = natural_join(), l1 = mutate(), l2 = union())
[    29.968][cube-solver-0][DEBUG] Solving cube (l0 = natural_join(), l1 = cross_join([1052]), l2 = mutate())
[    29.986][cube-solver-1][DEBUG] Solving cube (l0 = natural_join(), l1 = mutate(), l2 = intersect())
[    30.009][cube-solver-1][DEBUG] Solving cube (l0 = natural_join(), l1 = mutate(), l2 = semi_join())
[    32.738][cube-solver-0][DEBUG] Solving cube (l0 = natural_join(), l1 = mutate(), l2 = mutate())
[    32.773][cube-solver-0][DEBUG] Solving cube (l0 = natural_join(), l1 = mutate(), l2 = inner_join())
[    32.839][cube-solver-0][DEBUG] Solving cube (l0 = natural_join(), l1 = inner_join(), l2 = summarise())
[    32.867][cube-solver-0][DEBUG] Solving cube (l0 = natural_join(), l1 = inner_join(), l2 = mutate())
[    32.888][cube-solver-0][DEBUG] Solving cube (l0 = natural_join(), l1 = natural_join(), l2 = summarise())
[    32.909][cube-solver-0][DEBUG] Solving cube (l0 = natural_join(), l1 = natural_join(), l2 = mutate())
[    32.930][cube-solver-0][DEBUG] Solving cube (l0 = natural_join(), l1 = natural_join3(), l2 = summarise())
[    32.951][cube-solver-0][DEBUG] Solving cube (l0 = natural_join(), l1 = natural_join3(), l2 = mutate())
[    32.971][cube-solver-0][DEBUG] Solving cube (l0 = natural_join(), l1 = natural_join4(), l2 = summarise())
[    32.992][cube-solver-0][DEBUG] Solving cube (l0 = natural_join(), l1 = natural_join4(), l2 = mutate())
[    33.047][cube-solver-0][DEBUG] Solving cube (l0 = natural_join3(), l1 = summarise(), l2 = natural_join())
[    33.110][cube-solver-0][DEBUG] Solving cube (l0 = natural_join3(), l1 = summarise(), l2 = natural_join3())
[    33.136][cube-solver-0][DEBUG] Solving cube (l0 = natural_join3(), l1 = summarise(), l2 = natural_join4())
[    33.159][cube-solver-0][DEBUG] Solving cube (l0 = natural_join3(), l1 = summarise(), l2 = summarise())
[    33.182][cube-solver-0][DEBUG] Solving cube (l0 = natural_join3(), l1 = summarise(), l2 = filter())
[    33.204][cube-solver-0][DEBUG] Solving cube (l0 = natural_join3(), l1 = summarise(), l2 = anti_join())
[    33.227][cube-solver-0][DEBUG] Solving cube (l0 = natural_join3(), l1 = summarise(), l2 = left_join())
[    33.251][cube-solver-0][DEBUG] Solving cube (l0 = natural_join3(), l1 = summarise(), l2 = union())
[    33.274][cube-solver-0][DEBUG] Solving cube (l0 = natural_join3(), l1 = summarise(), l2 = intersect())
[    33.296][cube-solver-0][DEBUG] Solving cube (l0 = natural_join3(), l1 = summarise(), l2 = semi_join())
[    33.458][cube-solver-1][DEBUG] Solving cube (l0 = natural_join(), l1 = mutate(), l2 = cross_join([1205]))
[    36.705][cube-solver-1][DEBUG] Solving cube (l0 = natural_join3(), l1 = summarise(), l2 = mutate())
[    37.031][cube-solver-1][DEBUG] Solving cube (l0 = natural_join3(), l1 = summarise(), l2 = inner_join())
[    37.065][cube-solver-1][DEBUG] Solving cube (l0 = natural_join3(), l1 = filter(), l2 = summarise())
[    37.094][cube-solver-1][DEBUG] Solving cube (l0 = natural_join3(), l1 = filter(), l2 = mutate())
[    37.124][cube-solver-1][DEBUG] Solving cube (l0 = natural_join3(), l1 = anti_join(), l2 = summarise())
[    37.154][cube-solver-1][DEBUG] Solving cube (l0 = natural_join3(), l1 = anti_join(), l2 = mutate())
[    37.184][cube-solver-1][DEBUG] Solving cube (l0 = natural_join3(), l1 = left_join(), l2 = summarise())
[    37.227][cube-solver-1][DEBUG] Solving cube (l0 = natural_join3(), l1 = left_join(), l2 = mutate())
[    37.261][cube-solver-1][DEBUG] Solving cube (l0 = natural_join3(), l1 = union(), l2 = summarise())
[    37.291][cube-solver-1][DEBUG] Solving cube (l0 = natural_join3(), l1 = union(), l2 = mutate())
[    37.321][cube-solver-1][DEBUG] Solving cube (l0 = natural_join3(), l1 = intersect(), l2 = summarise())
[    37.350][cube-solver-1][DEBUG] Solving cube (l0 = natural_join3(), l1 = intersect(), l2 = mutate())
[    37.380][cube-solver-1][DEBUG] Solving cube (l0 = natural_join3(), l1 = semi_join(), l2 = summarise())
[    37.409][cube-solver-1][DEBUG] Solving cube (l0 = natural_join3(), l1 = semi_join(), l2 = mutate())
[    37.425][cube-solver-0][DEBUG] Solving cube (l0 = natural_join3(), l1 = summarise(), l2 = cross_join([1306]))
[    42.124][cube-solver-1][DEBUG] Solving cube (l0 = natural_join3(), l1 = cross_join([1453]), l2 = summarise())
[    44.578][cube-solver-6][DEBUG] Initialising process for 3 lines of code.
[    45.062][cube-solver-0][DEBUG] Solving cube (l0 = natural_join3(), l1 = cross_join([1454]), l2 = mutate())
[    45.097][cube-solver-1][DEBUG] Solving cube (l0 = natural_join3(), l1 = mutate(), l2 = natural_join3())
[    45.123][cube-solver-1][DEBUG] Solving cube (l0 = natural_join3(), l1 = mutate(), l2 = natural_join4())
[    45.146][cube-solver-1][DEBUG] Solving cube (l0 = natural_join3(), l1 = mutate(), l2 = summarise())
[    45.169][cube-solver-1][DEBUG] Solving cube (l0 = natural_join3(), l1 = mutate(), l2 = filter())
[    45.192][cube-solver-1][DEBUG] Solving cube (l0 = natural_join3(), l1 = mutate(), l2 = anti_join())
[    45.215][cube-solver-1][DEBUG] Solving cube (l0 = natural_join3(), l1 = mutate(), l2 = left_join())
[    45.239][cube-solver-1][DEBUG] Solving cube (l0 = natural_join3(), l1 = mutate(), l2 = union())
[    45.262][cube-solver-1][DEBUG] Solving cube (l0 = natural_join3(), l1 = mutate(), l2 = intersect())
[    45.286][cube-solver-1][DEBUG] Solving cube (l0 = natural_join3(), l1 = mutate(), l2 = semi_join())
[    49.160][cube-solver-0][DEBUG] Solving cube (l0 = natural_join3(), l1 = mutate(), l2 = mutate())
[    49.213][cube-solver-0][DEBUG] Solving cube (l0 = natural_join3(), l1 = mutate(), l2 = inner_join())
[    49.237][cube-solver-0][DEBUG] Solving cube (l0 = natural_join3(), l1 = inner_join(), l2 = summarise())
[    49.260][cube-solver-0][DEBUG] Solving cube (l0 = natural_join3(), l1 = inner_join(), l2 = mutate())
[    49.282][cube-solver-0][DEBUG] Solving cube (l0 = natural_join3(), l1 = natural_join(), l2 = summarise())
[    49.305][cube-solver-0][DEBUG] Solving cube (l0 = natural_join3(), l1 = natural_join(), l2 = mutate())
[    49.328][cube-solver-0][DEBUG] Solving cube (l0 = natural_join3(), l1 = natural_join3(), l2 = summarise())
[    49.350][cube-solver-0][DEBUG] Solving cube (l0 = natural_join3(), l1 = natural_join3(), l2 = mutate())
[    49.362][cube-solver-5][DEBUG] Initialising process for 3 lines of code.
[    49.372][cube-solver-0][DEBUG] Solving cube (l0 = natural_join3(), l1 = natural_join4(), l2 = mutate())
[    49.394][cube-solver-0][DEBUG] Solving cube (l0 = natural_join4(), l1 = summarise(), l2 = natural_join())
[    49.416][cube-solver-0][DEBUG] Solving cube (l0 = natural_join4(), l1 = summarise(), l2 = natural_join3())
[    49.438][cube-solver-0][DEBUG] Solving cube (l0 = natural_join4(), l1 = summarise(), l2 = natural_join4())
[    49.460][cube-solver-0][DEBUG] Solving cube (l0 = natural_join4(), l1 = summarise(), l2 = summarise())
[    49.483][cube-solver-0][DEBUG] Solving cube (l0 = natural_join4(), l1 = summarise(), l2 = filter())
[    49.505][cube-solver-0][DEBUG] Solving cube (l0 = natural_join4(), l1 = summarise(), l2 = anti_join())
[    49.527][cube-solver-0][DEBUG] Solving cube (l0 = natural_join4(), l1 = summarise(), l2 = left_join())
[    49.549][cube-solver-0][DEBUG] Solving cube (l0 = natural_join4(), l1 = summarise(), l2 = union())
[    49.571][cube-solver-0][DEBUG] Solving cube (l0 = natural_join4(), l1 = summarise(), l2 = intersect())
[    49.593][cube-solver-0][DEBUG] Solving cube (l0 = natural_join4(), l1 = summarise(), l2 = semi_join())
[    49.921][cube-solver-1][DEBUG] Solving cube (l0 = natural_join3(), l1 = mutate(), l2 = cross_join([1631]))
[    53.689][cube-solver-1][DEBUG] Solving cube (l0 = natural_join4(), l1 = summarise(), l2 = mutate())
[    53.725][cube-solver-6][DEBUG] Solving cube (l0 = natural_join3(), l1 = mutate(), l2 = natural_join())
[    53.774][cube-solver-6][DEBUG] Solving cube (l0 = natural_join4(), l1 = summarise(), l2 = inner_join())
[    53.795][cube-solver-6][DEBUG] Solving cube (l0 = natural_join4(), l1 = filter(), l2 = summarise())
[    53.816][cube-solver-6][DEBUG] Solving cube (l0 = natural_join4(), l1 = filter(), l2 = mutate())
[    53.836][cube-solver-6][DEBUG] Solving cube (l0 = natural_join4(), l1 = anti_join(), l2 = summarise())
[    53.858][cube-solver-6][DEBUG] Solving cube (l0 = natural_join4(), l1 = anti_join(), l2 = mutate())
[    53.879][cube-solver-6][DEBUG] Solving cube (l0 = natural_join4(), l1 = left_join(), l2 = summarise())
[    53.901][cube-solver-6][DEBUG] Solving cube (l0 = natural_join4(), l1 = left_join(), l2 = mutate())
[    53.921][cube-solver-6][DEBUG] Solving cube (l0 = natural_join4(), l1 = union(), l2 = summarise())
[    53.942][cube-solver-6][DEBUG] Solving cube (l0 = natural_join4(), l1 = union(), l2 = mutate())
[    53.962][cube-solver-6][DEBUG] Solving cube (l0 = natural_join4(), l1 = intersect(), l2 = summarise())
[    53.983][cube-solver-6][DEBUG] Solving cube (l0 = natural_join4(), l1 = intersect(), l2 = mutate())
[    54.004][cube-solver-6][DEBUG] Solving cube (l0 = natural_join4(), l1 = semi_join(), l2 = summarise())
[    54.025][cube-solver-6][DEBUG] Solving cube (l0 = natural_join4(), l1 = semi_join(), l2 = mutate())
[    54.837][cube-solver-0][DEBUG] Solving cube (l0 = natural_join4(), l1 = summarise(), l2 = cross_join([1836]))
[    59.149][cube-solver-6][DEBUG] Solving cube (l0 = natural_join4(), l1 = cross_join([1960]), l2 = summarise())
[    62.017][cube-solver-0][DEBUG] Solving cube (l0 = natural_join4(), l1 = mutate(), l2 = natural_join())
[    62.042][cube-solver-5][DEBUG] Solving cube (l0 = natural_join3(), l1 = natural_join4(), l2 = summarise())
[    62.085][cube-solver-5][DEBUG] Solving cube (l0 = natural_join4(), l1 = mutate(), l2 = natural_join3())
[    62.106][cube-solver-5][DEBUG] Solving cube (l0 = natural_join4(), l1 = mutate(), l2 = natural_join4())
[    62.127][cube-solver-5][DEBUG] Solving cube (l0 = natural_join4(), l1 = mutate(), l2 = summarise())
[    62.147][cube-solver-5][DEBUG] Solving cube (l0 = natural_join4(), l1 = mutate(), l2 = filter())
[    62.167][cube-solver-5][DEBUG] Solving cube (l0 = natural_join4(), l1 = mutate(), l2 = anti_join())
[    62.186][cube-solver-5][DEBUG] Solving cube (l0 = natural_join4(), l1 = mutate(), l2 = left_join())
[    62.206][cube-solver-5][DEBUG] Solving cube (l0 = natural_join4(), l1 = mutate(), l2 = union())
[    62.225][cube-solver-5][DEBUG] Solving cube (l0 = natural_join4(), l1 = mutate(), l2 = intersect())
[    62.244][cube-solver-5][DEBUG] Solving cube (l0 = natural_join4(), l1 = mutate(), l2 = semi_join())
[    63.329][cube-solver-1][DEBUG] Solving cube (l0 = natural_join4(), l1 = cross_join([1969]), l2 = mutate())
[    67.209][cube-solver-0][DEBUG] Solving cube (l0 = natural_join4(), l1 = mutate(), l2 = inner_join())
[    67.243][cube-solver-0][DEBUG] Solving cube (l0 = natural_join4(), l1 = inner_join(), l2 = mutate())
[    67.325][cube-solver-0][DEBUG] Solving cube (l0 = natural_join4(), l1 = natural_join(), l2 = summarise())
[    67.393][cube-solver-0][DEBUG] Solving cube (l0 = natural_join4(), l1 = natural_join(), l2 = mutate())
[    67.423][cube-solver-0][DEBUG] Solving cube (l0 = natural_join4(), l1 = natural_join3(), l2 = summarise())
[    67.449][cube-solver-0][DEBUG] Solving cube (l0 = natural_join4(), l1 = natural_join3(), l2 = mutate())
[    67.475][cube-solver-0][DEBUG] Solving cube (l0 = natural_join4(), l1 = natural_join4(), l2 = summarise())
[    67.500][cube-solver-0][DEBUG] Solving cube (l0 = natural_join4(), l1 = natural_join4(), l2 = mutate())
[    67.526][cube-solver-0][DEBUG] Solving cube (l0 = summarise(), l1 = natural_join(), l2 = summarise())
[    67.582][cube-solver-6][DEBUG] Solving cube (l0 = natural_join4(), l1 = mutate(), l2 = mutate())
[    67.607][cube-solver-6][DEBUG] Solving cube (l0 = summarise(), l1 = natural_join(), l2 = filter())
[    67.698][cube-solver-1][DEBUG] Solving cube (l0 = natural_join4(), l1 = inner_join(), l2 = summarise())
[    67.727][cube-solver-1][DEBUG] Solving cube (l0 = summarise(), l1 = natural_join(), l2 = anti_join())
[    67.760][cube-solver-1][DEBUG] Solving cube (l0 = summarise(), l1 = natural_join(), l2 = left_join())
[    68.099][cube-solver-5][DEBUG] Solving cube (l0 = natural_join4(), l1 = mutate(), l2 = cross_join([2194]))
[    68.546][cube-solver-0][DEBUG] Solving cube (l0 = summarise(), l1 = natural_join(), l2 = union())
[    71.037][cube-solver-6][DEBUG] Solving cube (l0 = summarise(), l1 = natural_join(), l2 = intersect())
[    71.058][cube-solver-1][DEBUG] Solving cube (l0 = summarise(), l1 = natural_join(), l2 = semi_join())
[    78.104][cube-solver-0][DEBUG] Solving cube (l0 = summarise(), l1 = natural_join(), l2 = mutate())
[    78.151][cube-solver-6][DEBUG] Solving cube (l0 = summarise(), l1 = natural_join(), l2 = inner_join())
[    78.153][cube-solver-1][DEBUG] Solving cube (l0 = summarise(), l1 = natural_join(), l2 = natural_join())
[    78.847][cube-solver-0][DEBUG] Solving cube (l0 = summarise(), l1 = natural_join(), l2 = natural_join3())
[    78.888][cube-solver-0][DEBUG] Solving cube (l0 = summarise(), l1 = natural_join(), l2 = natural_join4())
[    78.915][cube-solver-0][DEBUG] Solving cube (l0 = summarise(), l1 = natural_join3(), l2 = summarise())
[    78.957][cube-solver-0][DEBUG] Solving cube (l0 = summarise(), l1 = natural_join3(), l2 = filter())
[    78.979][cube-solver-0][DEBUG] Solving cube (l0 = summarise(), l1 = natural_join3(), l2 = anti_join())
[    79.001][cube-solver-0][DEBUG] Solving cube (l0 = summarise(), l1 = natural_join3(), l2 = left_join())
[    79.023][cube-solver-0][DEBUG] Solving cube (l0 = summarise(), l1 = natural_join3(), l2 = union())
[    79.046][cube-solver-0][DEBUG] Solving cube (l0 = summarise(), l1 = natural_join3(), l2 = intersect())
[    79.067][cube-solver-0][DEBUG] Solving cube (l0 = summarise(), l1 = natural_join3(), l2 = semi_join())
[    80.340][cube-solver-5][DEBUG] Solving cube (l0 = summarise(), l1 = natural_join(), l2 = cross_join([2518]))
[    85.687][cube-solver-1][DEBUG] Solving cube (l0 = summarise(), l1 = natural_join3(), l2 = mutate())
[    85.863][cube-solver-1][DEBUG] Solving cube (l0 = summarise(), l1 = natural_join3(), l2 = inner_join())
[    85.901][cube-solver-1][DEBUG] Solving cube (l0 = summarise(), l1 = natural_join3(), l2 = natural_join())
[    85.941][cube-solver-1][DEBUG] Solving cube (l0 = summarise(), l1 = natural_join3(), l2 = natural_join3())
[    85.967][cube-solver-1][DEBUG] Solving cube (l0 = summarise(), l1 = natural_join3(), l2 = natural_join4())
[    85.992][cube-solver-1][DEBUG] Solving cube (l0 = summarise(), l1 = natural_join4(), l2 = summarise())
[    86.017][cube-solver-1][DEBUG] Solving cube (l0 = summarise(), l1 = natural_join4(), l2 = filter())
[    86.044][cube-solver-1][DEBUG] Solving cube (l0 = summarise(), l1 = natural_join4(), l2 = anti_join())
[    86.069][cube-solver-1][DEBUG] Solving cube (l0 = summarise(), l1 = natural_join4(), l2 = left_join())
[    86.097][cube-solver-1][DEBUG] Solving cube (l0 = summarise(), l1 = natural_join4(), l2 = union())
[    86.124][cube-solver-1][DEBUG] Solving cube (l0 = summarise(), l1 = natural_join4(), l2 = intersect())
[    86.149][cube-solver-1][DEBUG] Solving cube (l0 = summarise(), l1 = natural_join4(), l2 = semi_join())
[    87.020][cube-solver-0][DEBUG] Solving cube (l0 = summarise(), l1 = natural_join3(), l2 = cross_join([2779]))
[    93.216][cube-solver-0][DEBUG] Solving cube (l0 = summarise(), l1 = natural_join4(), l2 = mutate())
[    94.075][cube-solver-0][DEBUG] Solving cube (l0 = summarise(), l1 = natural_join4(), l2 = inner_join())
[    94.428][cube-solver-0][DEBUG] Solving cube (l0 = summarise(), l1 = natural_join4(), l2 = natural_join())
[    94.456][cube-solver-0][DEBUG] Solving cube (l0 = summarise(), l1 = natural_join4(), l2 = natural_join3())
[    94.479][cube-solver-0][DEBUG] Solving cube (l0 = summarise(), l1 = natural_join4(), l2 = natural_join4())
[    94.502][cube-solver-0][DEBUG] Solving cube (l0 = summarise(), l1 = summarise(), l2 = natural_join())
[    95.744][cube-solver-1][DEBUG] Solving cube (l0 = summarise(), l1 = natural_join4(), l2 = cross_join([3005]))
[    96.199][cube-solver-0][DEBUG] Solving cube (l0 = summarise(), l1 = summarise(), l2 = natural_join3())
[   100.916][cube-solver-1][DEBUG] Solving cube (l0 = summarise(), l1 = summarise(), l2 = natural_join4())
[   101.514][cube-solver-1][DEBUG] Solving cube (l0 = summarise(), l1 = summarise(), l2 = summarise())
[   102.094][cube-solver-1][DEBUG] Solving cube (l0 = summarise(), l1 = summarise(), l2 = filter())
[   102.134][cube-solver-0][DEBUG] Solving cube (l0 = summarise(), l1 = summarise(), l2 = anti_join())
[   102.140][cube-solver-1][DEBUG] Solving cube (l0 = summarise(), l1 = summarise(), l2 = left_join())
[   103.875][cube-solver-1][DEBUG] Solving cube (l0 = summarise(), l1 = summarise(), l2 = union())
[   105.159][cube-solver-0][DEBUG] Solving cube (l0 = summarise(), l1 = summarise(), l2 = intersect())
[   105.438][cube-solver-1][DEBUG] Solving cube (l0 = summarise(), l1 = summarise(), l2 = semi_join())
[   115.827][cube-solver-1][DEBUG] Solving cube (l0 = summarise(), l1 = summarise(), l2 = mutate())
[   115.905][cube-solver-1][DEBUG] Solving cube (l0 = summarise(), l1 = summarise(), l2 = inner_join())
[   117.162][cube-solver-0][DEBUG] Solving cube (l0 = summarise(), l1 = summarise(), l2 = cross_join([3625]))
[   146.757][cube-solver-4][DEBUG] Initialising process for 3 lines of code.
[   156.731][cube-solver-4][DEBUG] Solving cube (l0 = summarise(), l1 = filter(), l2 = natural_join())
[   161.000][cube-solver-4][DEBUG] Solving cube (l0 = summarise(), l1 = filter([5]), l2 = natural_join3())
[   168.123][cube-solver-4][DEBUG] Solving cube (l0 = summarise(), l1 = filter([5]), l2 = natural_join4())
[   168.172][cube-solver-4][DEBUG] Solving cube (l0 = summarise(), l1 = filter([5]), l2 = summarise())
[   169.494][cube-solver-4][DEBUG] Solving cube (l0 = summarise(), l1 = filter([5]), l2 = filter([5]))
[   172.951][cube-solver-4][DEBUG] Solving cube (l0 = summarise(), l1 = filter([5]), l2 = anti_join())
[   182.725][cube-solver-4][DEBUG] Solving cube (l0 = summarise(), l1 = filter([5]), l2 = left_join())
[   187.262][cube-solver-4][DEBUG] Solving cube (l0 = summarise(), l1 = filter([5]), l2 = union())
[   191.825][cube-solver-4][DEBUG] Solving cube (l0 = summarise(), l1 = filter([5]), l2 = intersect())
[   195.701][cube-solver-4][DEBUG] Solving cube (l0 = summarise(), l1 = filter([5]), l2 = semi_join())
[   211.400][cube-solver-7][DEBUG] Initialising process for 3 lines of code.
[   211.856][cube-solver-1][DEBUG] Solving cube (l0 = summarise(), l1 = filter([5]), l2 = inner_join())
[   213.068][cube-solver-4][DEBUG] Solving cube (l0 = summarise(), l1 = filter([5]), l2 = cross_join([4657]))
[   220.762][cube-solver-7][DEBUG] Solving cube (l0 = summarise(), l1 = filter([5]), l2 = mutate())
[   221.653][cube-solver-7][DEBUG] Solving cube (l0 = summarise(), l1 = anti_join(), l2 = natural_join())
[   227.003][cube-solver-7][DEBUG] Solving cube (l0 = summarise(), l1 = anti_join(), l2 = natural_join3())
[   227.025][cube-solver-7][DEBUG] Solving cube (l0 = summarise(), l1 = anti_join(), l2 = natural_join4())
[   227.064][cube-solver-7][DEBUG] Solving cube (l0 = summarise(), l1 = anti_join(), l2 = summarise())
[   229.432][cube-solver-7][DEBUG] Solving cube (l0 = summarise(), l1 = anti_join(), l2 = filter([5]))
[   233.403][cube-solver-7][DEBUG] Solving cube (l0 = summarise(), l1 = anti_join(), l2 = anti_join())
[   233.426][cube-solver-7][DEBUG] Solving cube (l0 = summarise(), l1 = anti_join(), l2 = left_join())
[   239.808][cube-solver-7][DEBUG] Solving cube (l0 = summarise(), l1 = anti_join(), l2 = union())
[   246.108][cube-solver-7][DEBUG] Solving cube (l0 = summarise(), l1 = anti_join(), l2 = intersect())
[   252.116][cube-solver-7][DEBUG] Solving cube (l0 = summarise(), l1 = anti_join(), l2 = semi_join())
[   270.470][cube-solver-7][DEBUG] Solving cube (l0 = summarise(), l1 = anti_join(), l2 = cross_join([4657]))
[   421.581][cube-solver-6][DEBUG] Solving cube (l0 = summarise(), l1 = anti_join(), l2 = mutate())
[   423.097][cube-solver-6][DEBUG] Solving cube (l0 = summarise(), l1 = anti_join(), l2 = inner_join())
[   600.023][MainProcess][INFO] Statistics:
[   600.024][MainProcess][INFO] 	Generated cubes: 272
[   600.024][MainProcess][INFO] 	Attempted programs: 23979
[   600.024][MainProcess][INFO] 		Rejected: 3121
[   600.024][MainProcess][INFO] 		Failed: 20858
[   600.024][MainProcess][INFO] 	Blacklist clauses: 4662
[   600.024][MainProcess][DEBUG] Printing statistics for good programs of size 1
[   600.025][MainProcess][DEBUG] 	0: Counter({'mutate': 12, 'summarise': 12})
[   600.025][MainProcess][DEBUG] Printing statistics for good programs of size 2
[   600.168][MainProcess][DEBUG] 	0: Counter({'mutate': 91106, 'summarise': 88492, 'cross_join': 10344, 'inner_join': 456, 'left_join': 24, 'semi_join': 24, 'union': 12})
[   600.236][MainProcess][DEBUG] 	1: Counter({'cross_join': 168834, 'mutate': 10476, 'inner_join': 10128, 'summarise': 420, 'filter': 120, 'left_join': 120, 'union': 120, 'anti_join': 96, 'natural_join': 96, 'semi_join': 48})
[   600.236][MainProcess][DEBUG] Printing statistics for good programs of size 3
[   600.316][MainProcess][DEBUG] 	0: Counter({'summarise': 376850})
[   600.392][MainProcess][DEBUG] 	1: Counter({'natural_join': 122693, 'filter': 107386, 'summarise': 79115, 'anti_join': 67656})
[   600.467][MainProcess][DEBUG] 	2: Counter({'cross_join': 238695, 'inner_join': 129383, 'left_join': 1476, 'union': 1476, 'natural_join3': 1368, 'natural_join': 1296, 'anti_join': 912, 'filter': 900, 'semi_join': 792, 'summarise': 276, 'mutate': 276})

No solution found
