[     3.251][MainProcess][INFO] Parsing specification...
[     3.257][MainProcess][DEBUG] Reading input files...
[     3.266][MainProcess][INFO] Inferred data types for table tests-examples/scythe/top_rated_posts/tables/i056.csv: ['string', 'string', 'string']
[     3.271][MainProcess][INFO] Inferred data types for table tests-examples/scythe/top_rated_posts/tables/o056.csv: ['string', 'string', 'string']
[     3.300][MainProcess][DEBUG] Generating DSL...
[     3.319][MainProcess][INFO] Creating 8 processes
[     3.358][cube-solver-0][DEBUG] Initialising process for 1 lines of code.
[     3.362][cube-solver-1][DEBUG] Initialising process for 1 lines of code.
[     3.368][cube-solver-2][DEBUG] Initialising process for 1 lines of code.
[     3.370][cube-solver-4][DEBUG] Initialising process for 1 lines of code.
[     3.373][cube-solver-3][DEBUG] Initialising process for 1 lines of code.
[     3.378][cube-solver-5][DEBUG] Initialising process for 1 lines of code.
[     3.378][cube-solver-6][DEBUG] Initialising process for 1 lines of code.
[     3.386][cube-solver-7][DEBUG] Initialising process for 1 lines of code.
[     3.432][cube-solver-4][DEBUG] Solving cube (l0 = left_join(),)
[     3.436][cube-solver-6][DEBUG] Solving cube (l0 = intersect(),)
[     3.437][cube-solver-0][DEBUG] Solving cube (l0 = natural_join(),)
[     3.439][cube-solver-0][DEBUG] Solving cube (l0 = cross_join(),)
[     3.439][cube-solver-1][DEBUG] Solving cube (l0 = natural_join3(),)
[     3.441][cube-solver-1][DEBUG] Solving cube (l0 = inner_join(),)
[     3.449][cube-solver-2][DEBUG] Solving cube (l0 = natural_join4(),)
[     3.449][MainProcess][DEBUG] Increasing generator loc to 2
[     3.450][cube-solver-0][DEBUG] Initialising process for 2 lines of code.
[     3.450][cube-solver-3][DEBUG] Solving cube (l0 = anti_join(),)
[     3.451][cube-solver-2][DEBUG] Initialising process for 2 lines of code.
[     3.451][cube-solver-3][DEBUG] Initialising process for 2 lines of code.
[     3.456][cube-solver-5][DEBUG] Solving cube (l0 = union(),)
[     3.462][cube-solver-7][DEBUG] Solving cube (l0 = semi_join(),)
[     3.497][cube-solver-6][DEBUG] Initialising process for 2 lines of code.
[     3.579][cube-solver-4][DEBUG] Initialising process for 2 lines of code.
[     3.593][cube-solver-0][DEBUG] Solving cube (l0 = natural_join(), l1 = anti_join())
[     3.594][cube-solver-0][DEBUG] Solving cube (l0 = natural_join(), l1 = cross_join([1]))
[     3.596][cube-solver-0][DEBUG] Solving cube (l0 = natural_join(), l1 = inner_join())
[     3.597][cube-solver-0][DEBUG] Solving cube (l0 = natural_join(), l1 = natural_join())
[     3.597][cube-solver-7][DEBUG] Initialising process for 2 lines of code.
[     3.598][cube-solver-3][DEBUG] Solving cube (l0 = natural_join(), l1 = union())
[     3.598][cube-solver-0][DEBUG] Solving cube (l0 = natural_join(), l1 = natural_join4())
[     3.599][cube-solver-0][DEBUG] Solving cube (l0 = natural_join3(), l1 = anti_join())
[     3.599][cube-solver-3][DEBUG] Solving cube (l0 = natural_join3(), l1 = left_join())
[     3.600][cube-solver-0][DEBUG] Solving cube (l0 = natural_join3(), l1 = union())
[     3.600][cube-solver-3][DEBUG] Solving cube (l0 = natural_join3(), l1 = intersect())
[     3.601][cube-solver-0][DEBUG] Solving cube (l0 = natural_join3(), l1 = semi_join())
[     3.601][cube-solver-3][DEBUG] Solving cube (l0 = natural_join3(), l1 = cross_join([1]))
[     3.602][cube-solver-0][DEBUG] Solving cube (l0 = natural_join3(), l1 = inner_join())
[     3.603][cube-solver-3][DEBUG] Solving cube (l0 = natural_join3(), l1 = natural_join())
[     3.603][cube-solver-0][DEBUG] Solving cube (l0 = natural_join3(), l1 = natural_join3())
[     3.604][cube-solver-3][DEBUG] Solving cube (l0 = natural_join3(), l1 = natural_join4())
[     3.604][cube-solver-0][DEBUG] Solving cube (l0 = natural_join4(), l1 = anti_join())
[     3.605][cube-solver-3][DEBUG] Solving cube (l0 = natural_join4(), l1 = left_join())
[     3.605][cube-solver-5][DEBUG] Initialising process for 2 lines of code.
[     3.605][cube-solver-0][DEBUG] Solving cube (l0 = natural_join4(), l1 = intersect())
[     3.606][cube-solver-3][DEBUG] Solving cube (l0 = natural_join4(), l1 = semi_join())
[     3.606][cube-solver-0][DEBUG] Solving cube (l0 = natural_join4(), l1 = cross_join([1]))
[     3.607][cube-solver-3][DEBUG] Solving cube (l0 = natural_join4(), l1 = inner_join())
[     3.608][cube-solver-0][DEBUG] Solving cube (l0 = natural_join4(), l1 = natural_join())
[     3.608][cube-solver-3][DEBUG] Solving cube (l0 = natural_join4(), l1 = natural_join3())
[     3.609][cube-solver-0][DEBUG] Solving cube (l0 = natural_join4(), l1 = natural_join4())
[     3.609][cube-solver-3][DEBUG] Solving cube (l0 = anti_join(), l1 = natural_join())
[     3.610][cube-solver-0][DEBUG] Solving cube (l0 = anti_join(), l1 = natural_join3())
[     3.610][cube-solver-3][DEBUG] Solving cube (l0 = anti_join(), l1 = natural_join4())
[     3.611][cube-solver-0][DEBUG] Solving cube (l0 = anti_join(), l1 = anti_join())
[     3.611][cube-solver-3][DEBUG] Solving cube (l0 = anti_join(), l1 = left_join())
[     3.612][cube-solver-0][DEBUG] Solving cube (l0 = anti_join(), l1 = union())
[     3.612][cube-solver-3][DEBUG] Solving cube (l0 = anti_join(), l1 = intersect())
[     3.613][cube-solver-0][DEBUG] Solving cube (l0 = anti_join(), l1 = semi_join())
[     3.614][cube-solver-3][DEBUG] Solving cube (l0 = anti_join(), l1 = cross_join([1]))
[     3.614][cube-solver-0][DEBUG] Solving cube (l0 = anti_join(), l1 = inner_join())
[     3.615][cube-solver-3][DEBUG] Solving cube (l0 = left_join(), l1 = natural_join())
[     3.615][cube-solver-0][DEBUG] Solving cube (l0 = left_join(), l1 = natural_join3())
[     3.616][cube-solver-0][DEBUG] Solving cube (l0 = left_join(), l1 = natural_join4())
[     3.618][cube-solver-0][DEBUG] Solving cube (l0 = left_join(), l1 = anti_join())
[     3.639][cube-solver-6][DEBUG] Solving cube (l0 = natural_join(), l1 = intersect())
[     3.641][cube-solver-6][DEBUG] Solving cube (l0 = left_join(), l1 = left_join())
[     3.645][cube-solver-2][DEBUG] Solving cube (l0 = natural_join(), l1 = left_join())
[     3.647][cube-solver-2][DEBUG] Solving cube (l0 = left_join(), l1 = union())
[     3.722][cube-solver-4][DEBUG] Solving cube (l0 = natural_join(), l1 = semi_join())
[     3.724][cube-solver-4][DEBUG] Solving cube (l0 = left_join(), l1 = intersect())
[     3.748][cube-solver-5][DEBUG] Solving cube (l0 = natural_join4(), l1 = union())
[     3.749][cube-solver-5][DEBUG] Solving cube (l0 = left_join(), l1 = semi_join())
[     3.760][cube-solver-7][DEBUG] Solving cube (l0 = natural_join(), l1 = natural_join3())
[     3.764][cube-solver-7][DEBUG] Solving cube (l0 = left_join(), l1 = cross_join([1]))
[     3.802][cube-solver-7][DEBUG] Solving cube (l0 = left_join(), l1 = inner_join())
[     3.870][cube-solver-3][DEBUG] Solving cube (l0 = union(), l1 = natural_join())
[     3.908][cube-solver-4][DEBUG] Solving cube (l0 = union(), l1 = natural_join3())
[     3.911][cube-solver-4][DEBUG] Solving cube (l0 = union(), l1 = natural_join4())
[     3.912][cube-solver-4][DEBUG] Solving cube (l0 = union(), l1 = anti_join())
[     3.981][cube-solver-6][DEBUG] Solving cube (l0 = union(), l1 = left_join())
[     4.000][cube-solver-2][DEBUG] Solving cube (l0 = union(), l1 = union())
[     4.066][cube-solver-5][DEBUG] Solving cube (l0 = union(), l1 = intersect())
[     4.069][cube-solver-3][DEBUG] Solving cube (l0 = union(), l1 = semi_join())
[     4.288][cube-solver-2][DEBUG] Solving cube (l0 = union(), l1 = cross_join([1]))
[     4.302][cube-solver-6][DEBUG] Solving cube (l0 = union(), l1 = inner_join())
[     4.304][cube-solver-5][DEBUG] Solving cube (l0 = intersect(), l1 = natural_join())
[     4.312][cube-solver-2][DEBUG] Solving cube (l0 = intersect(), l1 = natural_join3())
[     4.313][cube-solver-2][DEBUG] Solving cube (l0 = intersect(), l1 = natural_join4())
[     4.314][cube-solver-2][DEBUG] Solving cube (l0 = intersect(), l1 = anti_join())
[     4.367][cube-solver-3][DEBUG] Solving cube (l0 = intersect(), l1 = left_join())
[     4.983][cube-solver-5][DEBUG] Solving cube (l0 = intersect(), l1 = union())
[     5.013][cube-solver-0][DEBUG] Solving cube (l0 = intersect(), l1 = intersect())
[     5.048][cube-solver-3][DEBUG] Solving cube (l0 = intersect(), l1 = semi_join())
[     5.299][cube-solver-4][DEBUG] Solving cube (l0 = intersect(), l1 = cross_join([1]))
[     5.442][cube-solver-4][DEBUG] Solving cube (l0 = intersect(), l1 = inner_join())
[     5.471][cube-solver-3][DEBUG] Solving cube (l0 = semi_join(), l1 = natural_join())
[     5.525][cube-solver-2][DEBUG] Solving cube (l0 = semi_join(), l1 = natural_join3())
[     5.527][cube-solver-2][DEBUG] Solving cube (l0 = semi_join(), l1 = natural_join4())
[     5.528][cube-solver-2][DEBUG] Solving cube (l0 = semi_join(), l1 = anti_join())
[     5.654][cube-solver-5][DEBUG] Solving cube (l0 = semi_join(), l1 = left_join())
[     5.671][cube-solver-3][DEBUG] Solving cube (l0 = semi_join(), l1 = union())
[     5.675][cube-solver-0][DEBUG] Solving cube (l0 = semi_join(), l1 = intersect())
[     5.827][cube-solver-0][DEBUG] Solving cube (l0 = semi_join(), l1 = semi_join())
[     5.952][cube-solver-5][DEBUG] Solving cube (l0 = semi_join(), l1 = cross_join([1]))
[     5.970][cube-solver-3][DEBUG] Solving cube (l0 = semi_join(), l1 = inner_join())
[     5.980][cube-solver-5][DEBUG] Solving cube (l0 = cross_join([1]), l1 = natural_join())
[     5.982][cube-solver-5][DEBUG] Solving cube (l0 = cross_join([1]), l1 = natural_join3())
[     5.984][cube-solver-5][DEBUG] Solving cube (l0 = cross_join([1]), l1 = natural_join4())
[     5.986][cube-solver-5][DEBUG] Solving cube (l0 = cross_join([1]), l1 = anti_join())
[     5.988][cube-solver-5][DEBUG] Solving cube (l0 = cross_join([1]), l1 = left_join())
[     5.990][cube-solver-5][DEBUG] Solving cube (l0 = cross_join([1]), l1 = union())
[     5.991][cube-solver-5][DEBUG] Solving cube (l0 = cross_join([1]), l1 = intersect())
[     5.993][cube-solver-5][DEBUG] Solving cube (l0 = cross_join([1]), l1 = semi_join())
[     5.995][cube-solver-5][DEBUG] Solving cube (l0 = cross_join([1]), l1 = cross_join([1]))
[     5.997][cube-solver-5][DEBUG] Solving cube (l0 = cross_join([1]), l1 = inner_join())
[     5.999][cube-solver-5][DEBUG] Solving cube (l0 = inner_join(), l1 = natural_join())
[     6.132][cube-solver-0][DEBUG] Solving cube (l0 = inner_join(), l1 = natural_join3())
[     6.133][cube-solver-0][DEBUG] Solving cube (l0 = inner_join(), l1 = natural_join4())
[     6.135][cube-solver-0][DEBUG] Solving cube (l0 = inner_join(), l1 = anti_join())
[     6.901][cube-solver-2][DEBUG] Solving cube (l0 = inner_join(), l1 = left_join())
[    15.561][cube-solver-4][DEBUG] Solving cube (l0 = inner_join(), l1 = union())
[    26.964][cube-solver-1][DEBUG] Initialising process for 2 lines of code.
[    27.100][cube-solver-1][DEBUG] Solving cube (l0 = inner_join(), l1 = intersect())
[    33.679][cube-solver-1][DEBUG] Solving cube (l0 = inner_join(), l1 = semi_join())
[    54.076][cube-solver-5][DEBUG] Solving cube (l0 = inner_join(), l1 = cross_join([1]))
[    55.318][cube-solver-5][DEBUG] Solving cube (l0 = inner_join(), l1 = inner_join())
[    74.712][MainProcess][DEBUG] Increasing generator loc to 3
[    74.715][cube-solver-7][DEBUG] Initialising process for 3 lines of code.
[    74.959][cube-solver-7][DEBUG] Solving cube (l0 = natural_join(), l1 = anti_join(), l2 = natural_join())
[    74.961][cube-solver-7][DEBUG] Solving cube (l0 = natural_join(), l1 = anti_join(), l2 = natural_join3())
[    74.963][cube-solver-7][DEBUG] Solving cube (l0 = natural_join(), l1 = anti_join(), l2 = natural_join4())
[    74.964][cube-solver-7][DEBUG] Solving cube (l0 = natural_join(), l1 = anti_join(), l2 = anti_join())
[    74.965][cube-solver-7][DEBUG] Solving cube (l0 = natural_join(), l1 = anti_join(), l2 = left_join())
[    74.967][cube-solver-7][DEBUG] Solving cube (l0 = natural_join(), l1 = anti_join(), l2 = union())
[    74.968][cube-solver-7][DEBUG] Solving cube (l0 = natural_join(), l1 = anti_join(), l2 = intersect())
[    74.969][cube-solver-7][DEBUG] Solving cube (l0 = natural_join(), l1 = anti_join(), l2 = semi_join())
[    74.971][cube-solver-7][DEBUG] Solving cube (l0 = natural_join(), l1 = anti_join(), l2 = cross_join([1]))
[    74.973][cube-solver-7][DEBUG] Solving cube (l0 = natural_join(), l1 = anti_join(), l2 = inner_join())
[    74.974][cube-solver-7][DEBUG] Solving cube (l0 = natural_join(), l1 = left_join(), l2 = natural_join())
[    74.976][cube-solver-7][DEBUG] Solving cube (l0 = natural_join(), l1 = left_join(), l2 = natural_join3())
[    74.977][cube-solver-7][DEBUG] Solving cube (l0 = natural_join(), l1 = left_join(), l2 = natural_join4())
[    74.978][cube-solver-7][DEBUG] Solving cube (l0 = natural_join(), l1 = left_join(), l2 = anti_join())
[    74.980][cube-solver-7][DEBUG] Solving cube (l0 = natural_join(), l1 = left_join(), l2 = left_join())
[    74.981][cube-solver-7][DEBUG] Solving cube (l0 = natural_join(), l1 = left_join(), l2 = union())
[    74.982][cube-solver-7][DEBUG] Solving cube (l0 = natural_join(), l1 = left_join(), l2 = intersect())
[    74.983][cube-solver-7][DEBUG] Solving cube (l0 = natural_join(), l1 = left_join(), l2 = semi_join())
[    74.985][cube-solver-7][DEBUG] Solving cube (l0 = natural_join(), l1 = left_join(), l2 = cross_join([1]))
[    74.987][cube-solver-7][DEBUG] Solving cube (l0 = natural_join(), l1 = left_join(), l2 = inner_join())
[    74.988][cube-solver-7][DEBUG] Solving cube (l0 = natural_join(), l1 = union(), l2 = natural_join())
[    74.989][cube-solver-7][DEBUG] Solving cube (l0 = natural_join(), l1 = union(), l2 = natural_join3())
[    74.991][cube-solver-7][DEBUG] Solving cube (l0 = natural_join(), l1 = union(), l2 = natural_join4())
[    74.992][cube-solver-7][DEBUG] Solving cube (l0 = natural_join(), l1 = union(), l2 = anti_join())
[    74.993][cube-solver-7][DEBUG] Solving cube (l0 = natural_join(), l1 = union(), l2 = left_join())
[    74.994][cube-solver-7][DEBUG] Solving cube (l0 = natural_join(), l1 = union(), l2 = union())
[    74.996][cube-solver-7][DEBUG] Solving cube (l0 = natural_join(), l1 = union(), l2 = intersect())
[    74.997][cube-solver-7][DEBUG] Solving cube (l0 = natural_join(), l1 = union(), l2 = semi_join())
[    74.998][cube-solver-7][DEBUG] Solving cube (l0 = natural_join(), l1 = union(), l2 = cross_join([1]))
[    75.000][cube-solver-7][DEBUG] Solving cube (l0 = natural_join(), l1 = union(), l2 = inner_join())
[    75.002][cube-solver-7][DEBUG] Solving cube (l0 = natural_join(), l1 = intersect(), l2 = natural_join())
[    75.003][cube-solver-7][DEBUG] Solving cube (l0 = natural_join(), l1 = intersect(), l2 = natural_join3())
[    75.004][cube-solver-7][DEBUG] Solving cube (l0 = natural_join(), l1 = intersect(), l2 = natural_join4())
[    75.006][cube-solver-7][DEBUG] Solving cube (l0 = natural_join(), l1 = intersect(), l2 = anti_join())
[    75.007][cube-solver-7][DEBUG] Solving cube (l0 = natural_join(), l1 = intersect(), l2 = left_join())
[    75.008][cube-solver-7][DEBUG] Solving cube (l0 = natural_join(), l1 = intersect(), l2 = union())
[    75.009][cube-solver-7][DEBUG] Solving cube (l0 = natural_join(), l1 = intersect(), l2 = intersect())
[    75.011][cube-solver-7][DEBUG] Solving cube (l0 = natural_join(), l1 = intersect(), l2 = semi_join())
[    75.012][cube-solver-7][DEBUG] Solving cube (l0 = natural_join(), l1 = intersect(), l2 = cross_join([1]))
[    75.014][cube-solver-7][DEBUG] Solving cube (l0 = natural_join(), l1 = intersect(), l2 = inner_join())
[    75.015][cube-solver-7][DEBUG] Solving cube (l0 = natural_join(), l1 = semi_join(), l2 = natural_join())
[    75.016][cube-solver-7][DEBUG] Solving cube (l0 = natural_join(), l1 = semi_join(), l2 = natural_join3())
[    75.018][cube-solver-7][DEBUG] Solving cube (l0 = natural_join(), l1 = semi_join(), l2 = natural_join4())
[    75.019][cube-solver-7][DEBUG] Solving cube (l0 = natural_join(), l1 = semi_join(), l2 = anti_join())
[    75.020][cube-solver-7][DEBUG] Solving cube (l0 = natural_join(), l1 = semi_join(), l2 = left_join())
[    75.021][cube-solver-7][DEBUG] Solving cube (l0 = natural_join(), l1 = semi_join(), l2 = union())
[    75.023][cube-solver-7][DEBUG] Solving cube (l0 = natural_join(), l1 = semi_join(), l2 = intersect())
[    75.024][cube-solver-7][DEBUG] Solving cube (l0 = natural_join(), l1 = semi_join(), l2 = semi_join())
[    75.025][cube-solver-7][DEBUG] Solving cube (l0 = natural_join(), l1 = semi_join(), l2 = cross_join([1]))
[    75.027][cube-solver-7][DEBUG] Solving cube (l0 = natural_join(), l1 = semi_join(), l2 = inner_join())
[    75.029][cube-solver-7][DEBUG] Solving cube (l0 = natural_join(), l1 = cross_join([1]), l2 = natural_join())
[    75.031][cube-solver-7][DEBUG] Solving cube (l0 = natural_join(), l1 = cross_join([1]), l2 = natural_join3())
[    75.033][cube-solver-7][DEBUG] Solving cube (l0 = natural_join(), l1 = cross_join([1]), l2 = natural_join4())
[    75.035][cube-solver-7][DEBUG] Solving cube (l0 = natural_join(), l1 = cross_join([1]), l2 = anti_join())
[    75.037][cube-solver-7][DEBUG] Solving cube (l0 = natural_join(), l1 = cross_join([1]), l2 = left_join())
[    75.039][cube-solver-7][DEBUG] Solving cube (l0 = natural_join(), l1 = cross_join([1]), l2 = union())
[    75.041][cube-solver-7][DEBUG] Solving cube (l0 = natural_join(), l1 = cross_join([1]), l2 = intersect())
[    75.043][cube-solver-7][DEBUG] Solving cube (l0 = natural_join(), l1 = cross_join([1]), l2 = semi_join())
[    75.045][cube-solver-7][DEBUG] Solving cube (l0 = natural_join(), l1 = cross_join([1]), l2 = cross_join([1]))
[    75.047][cube-solver-7][DEBUG] Solving cube (l0 = natural_join(), l1 = cross_join([1]), l2 = inner_join())
[    75.049][cube-solver-7][DEBUG] Solving cube (l0 = natural_join(), l1 = inner_join(), l2 = natural_join())
[    75.050][cube-solver-7][DEBUG] Solving cube (l0 = natural_join(), l1 = inner_join(), l2 = natural_join3())
[    75.052][cube-solver-7][DEBUG] Solving cube (l0 = natural_join(), l1 = inner_join(), l2 = natural_join4())
[    75.053][cube-solver-7][DEBUG] Solving cube (l0 = natural_join(), l1 = inner_join(), l2 = anti_join())
[    75.054][cube-solver-7][DEBUG] Solving cube (l0 = natural_join(), l1 = inner_join(), l2 = left_join())
[    75.056][cube-solver-7][DEBUG] Solving cube (l0 = natural_join(), l1 = inner_join(), l2 = union())
[    75.057][cube-solver-7][DEBUG] Solving cube (l0 = natural_join(), l1 = inner_join(), l2 = intersect())
[    75.058][cube-solver-7][DEBUG] Solving cube (l0 = natural_join(), l1 = inner_join(), l2 = semi_join())
[    75.059][cube-solver-7][DEBUG] Solving cube (l0 = natural_join(), l1 = inner_join(), l2 = cross_join([1]))
[    75.061][cube-solver-7][DEBUG] Solving cube (l0 = natural_join(), l1 = inner_join(), l2 = inner_join())
[    75.063][cube-solver-7][DEBUG] Solving cube (l0 = natural_join(), l1 = natural_join(), l2 = anti_join())
[    75.064][cube-solver-7][DEBUG] Solving cube (l0 = natural_join(), l1 = natural_join(), l2 = left_join())
[    75.065][cube-solver-7][DEBUG] Solving cube (l0 = natural_join(), l1 = natural_join(), l2 = union())
[    75.066][cube-solver-7][DEBUG] Solving cube (l0 = natural_join(), l1 = natural_join(), l2 = intersect())
[    75.068][cube-solver-7][DEBUG] Solving cube (l0 = natural_join(), l1 = natural_join(), l2 = semi_join())
[    75.069][cube-solver-7][DEBUG] Solving cube (l0 = natural_join(), l1 = natural_join(), l2 = cross_join([1]))
[    75.071][cube-solver-7][DEBUG] Solving cube (l0 = natural_join(), l1 = natural_join(), l2 = inner_join())
[    75.072][cube-solver-7][DEBUG] Solving cube (l0 = natural_join(), l1 = natural_join(), l2 = natural_join())
[    75.074][cube-solver-7][DEBUG] Solving cube (l0 = natural_join(), l1 = natural_join(), l2 = natural_join3())
[    75.075][cube-solver-7][DEBUG] Solving cube (l0 = natural_join(), l1 = natural_join(), l2 = natural_join4())
[    75.076][cube-solver-7][DEBUG] Solving cube (l0 = natural_join(), l1 = natural_join3(), l2 = anti_join())
[    75.078][cube-solver-7][DEBUG] Solving cube (l0 = natural_join(), l1 = natural_join3(), l2 = left_join())
[    75.079][cube-solver-7][DEBUG] Solving cube (l0 = natural_join(), l1 = natural_join3(), l2 = union())
[    75.080][cube-solver-7][DEBUG] Solving cube (l0 = natural_join(), l1 = natural_join3(), l2 = intersect())
[    75.082][cube-solver-7][DEBUG] Solving cube (l0 = natural_join(), l1 = natural_join3(), l2 = semi_join())
[    75.083][cube-solver-7][DEBUG] Solving cube (l0 = natural_join(), l1 = natural_join3(), l2 = cross_join([1]))
[    75.085][cube-solver-7][DEBUG] Solving cube (l0 = natural_join(), l1 = natural_join3(), l2 = inner_join())
[    75.086][cube-solver-7][DEBUG] Solving cube (l0 = natural_join(), l1 = natural_join3(), l2 = natural_join())
[    75.088][cube-solver-7][DEBUG] Solving cube (l0 = natural_join(), l1 = natural_join3(), l2 = natural_join3())
[    75.089][cube-solver-7][DEBUG] Solving cube (l0 = natural_join(), l1 = natural_join3(), l2 = natural_join4())
[    75.090][cube-solver-7][DEBUG] Solving cube (l0 = natural_join(), l1 = natural_join4(), l2 = anti_join())
[    75.091][cube-solver-7][DEBUG] Solving cube (l0 = natural_join(), l1 = natural_join4(), l2 = left_join())
[    75.093][cube-solver-7][DEBUG] Solving cube (l0 = natural_join(), l1 = natural_join4(), l2 = union())
[    75.094][cube-solver-7][DEBUG] Solving cube (l0 = natural_join(), l1 = natural_join4(), l2 = intersect())
[    75.095][cube-solver-7][DEBUG] Solving cube (l0 = natural_join(), l1 = natural_join4(), l2 = semi_join())
[    75.097][cube-solver-7][DEBUG] Solving cube (l0 = natural_join(), l1 = natural_join4(), l2 = cross_join([1]))
[    75.099][cube-solver-7][DEBUG] Solving cube (l0 = natural_join(), l1 = natural_join4(), l2 = inner_join())
[    75.100][cube-solver-7][DEBUG] Solving cube (l0 = natural_join(), l1 = natural_join4(), l2 = natural_join())
[    75.101][cube-solver-7][DEBUG] Solving cube (l0 = natural_join(), l1 = natural_join4(), l2 = natural_join3())
[    75.102][cube-solver-7][DEBUG] Solving cube (l0 = natural_join(), l1 = natural_join4(), l2 = natural_join4())
[    75.104][cube-solver-7][DEBUG] Solving cube (l0 = natural_join3(), l1 = anti_join(), l2 = natural_join())
[    75.105][cube-solver-7][DEBUG] Solving cube (l0 = natural_join3(), l1 = anti_join(), l2 = natural_join3())
[    75.106][cube-solver-7][DEBUG] Solving cube (l0 = natural_join3(), l1 = anti_join(), l2 = natural_join4())
[    75.108][cube-solver-7][DEBUG] Solving cube (l0 = natural_join3(), l1 = anti_join(), l2 = anti_join())
[    75.109][cube-solver-7][DEBUG] Solving cube (l0 = natural_join3(), l1 = anti_join(), l2 = left_join())
[    75.110][cube-solver-7][DEBUG] Solving cube (l0 = natural_join3(), l1 = anti_join(), l2 = union())
[    75.112][cube-solver-7][DEBUG] Solving cube (l0 = natural_join3(), l1 = anti_join(), l2 = intersect())
[    75.113][cube-solver-7][DEBUG] Solving cube (l0 = natural_join3(), l1 = anti_join(), l2 = semi_join())
[    75.114][cube-solver-7][DEBUG] Solving cube (l0 = natural_join3(), l1 = anti_join(), l2 = cross_join([1]))
[    75.116][cube-solver-7][DEBUG] Solving cube (l0 = natural_join3(), l1 = anti_join(), l2 = inner_join())
[    75.118][cube-solver-7][DEBUG] Solving cube (l0 = natural_join3(), l1 = left_join(), l2 = natural_join())
[    75.119][cube-solver-7][DEBUG] Solving cube (l0 = natural_join3(), l1 = left_join(), l2 = natural_join3())
[    75.120][cube-solver-7][DEBUG] Solving cube (l0 = natural_join3(), l1 = left_join(), l2 = natural_join4())
[    75.121][cube-solver-7][DEBUG] Solving cube (l0 = natural_join3(), l1 = left_join(), l2 = anti_join())
[    75.123][cube-solver-7][DEBUG] Solving cube (l0 = natural_join3(), l1 = left_join(), l2 = left_join())
[    75.124][cube-solver-7][DEBUG] Solving cube (l0 = natural_join3(), l1 = left_join(), l2 = union())
[    75.125][cube-solver-7][DEBUG] Solving cube (l0 = natural_join3(), l1 = left_join(), l2 = intersect())
[    75.127][cube-solver-7][DEBUG] Solving cube (l0 = natural_join3(), l1 = left_join(), l2 = semi_join())
[    75.128][cube-solver-7][DEBUG] Solving cube (l0 = natural_join3(), l1 = left_join(), l2 = cross_join([1]))
[    75.130][cube-solver-7][DEBUG] Solving cube (l0 = natural_join3(), l1 = left_join(), l2 = inner_join())
[    75.131][cube-solver-7][DEBUG] Solving cube (l0 = natural_join3(), l1 = union(), l2 = natural_join())
[    75.132][cube-solver-7][DEBUG] Solving cube (l0 = natural_join3(), l1 = union(), l2 = natural_join3())
[    75.134][cube-solver-7][DEBUG] Solving cube (l0 = natural_join3(), l1 = union(), l2 = natural_join4())
[    75.135][cube-solver-7][DEBUG] Solving cube (l0 = natural_join3(), l1 = union(), l2 = anti_join())
[    75.136][cube-solver-7][DEBUG] Solving cube (l0 = natural_join3(), l1 = union(), l2 = left_join())
[    75.138][cube-solver-7][DEBUG] Solving cube (l0 = natural_join3(), l1 = union(), l2 = union())
[    75.139][cube-solver-7][DEBUG] Solving cube (l0 = natural_join3(), l1 = union(), l2 = intersect())
[    75.140][cube-solver-7][DEBUG] Solving cube (l0 = natural_join3(), l1 = union(), l2 = semi_join())
[    75.141][cube-solver-7][DEBUG] Solving cube (l0 = natural_join3(), l1 = union(), l2 = cross_join([1]))
[    75.143][cube-solver-7][DEBUG] Solving cube (l0 = natural_join3(), l1 = union(), l2 = inner_join())
[    75.145][cube-solver-7][DEBUG] Solving cube (l0 = natural_join3(), l1 = intersect(), l2 = natural_join())
[    75.146][cube-solver-7][DEBUG] Solving cube (l0 = natural_join3(), l1 = intersect(), l2 = natural_join3())
[    75.147][cube-solver-7][DEBUG] Solving cube (l0 = natural_join3(), l1 = intersect(), l2 = natural_join4())
[    75.149][cube-solver-7][DEBUG] Solving cube (l0 = natural_join3(), l1 = intersect(), l2 = anti_join())
[    75.150][cube-solver-7][DEBUG] Solving cube (l0 = natural_join3(), l1 = intersect(), l2 = left_join())
[    75.151][cube-solver-7][DEBUG] Solving cube (l0 = natural_join3(), l1 = intersect(), l2 = union())
[    75.153][cube-solver-7][DEBUG] Solving cube (l0 = natural_join3(), l1 = intersect(), l2 = intersect())
[    75.154][cube-solver-7][DEBUG] Solving cube (l0 = natural_join3(), l1 = intersect(), l2 = semi_join())
[    75.155][cube-solver-7][DEBUG] Solving cube (l0 = natural_join3(), l1 = intersect(), l2 = cross_join([1]))
[    75.157][cube-solver-7][DEBUG] Solving cube (l0 = natural_join3(), l1 = intersect(), l2 = inner_join())
[    75.159][cube-solver-7][DEBUG] Solving cube (l0 = natural_join3(), l1 = semi_join(), l2 = natural_join())
[    75.160][cube-solver-7][DEBUG] Solving cube (l0 = natural_join3(), l1 = semi_join(), l2 = natural_join3())
[    75.161][cube-solver-7][DEBUG] Solving cube (l0 = natural_join3(), l1 = semi_join(), l2 = natural_join4())
[    75.162][cube-solver-7][DEBUG] Solving cube (l0 = natural_join3(), l1 = semi_join(), l2 = anti_join())
[    75.164][cube-solver-7][DEBUG] Solving cube (l0 = natural_join3(), l1 = semi_join(), l2 = left_join())
[    75.165][cube-solver-7][DEBUG] Solving cube (l0 = natural_join3(), l1 = semi_join(), l2 = union())
[    75.166][cube-solver-7][DEBUG] Solving cube (l0 = natural_join3(), l1 = semi_join(), l2 = intersect())
[    75.168][cube-solver-7][DEBUG] Solving cube (l0 = natural_join3(), l1 = semi_join(), l2 = semi_join())
[    75.169][cube-solver-7][DEBUG] Solving cube (l0 = natural_join3(), l1 = semi_join(), l2 = cross_join([1]))
[    75.171][cube-solver-7][DEBUG] Solving cube (l0 = natural_join3(), l1 = semi_join(), l2 = inner_join())
[    75.172][cube-solver-7][DEBUG] Solving cube (l0 = natural_join3(), l1 = cross_join([1]), l2 = natural_join())
[    75.174][cube-solver-7][DEBUG] Solving cube (l0 = natural_join3(), l1 = cross_join([1]), l2 = natural_join3())
[    75.176][cube-solver-7][DEBUG] Solving cube (l0 = natural_join3(), l1 = cross_join([1]), l2 = natural_join4())
[    75.178][cube-solver-7][DEBUG] Solving cube (l0 = natural_join3(), l1 = cross_join([1]), l2 = anti_join())
[    75.180][cube-solver-7][DEBUG] Solving cube (l0 = natural_join3(), l1 = cross_join([1]), l2 = left_join())
[    75.182][cube-solver-7][DEBUG] Solving cube (l0 = natural_join3(), l1 = cross_join([1]), l2 = union())
[    75.184][cube-solver-7][DEBUG] Solving cube (l0 = natural_join3(), l1 = cross_join([1]), l2 = intersect())
[    75.186][cube-solver-7][DEBUG] Solving cube (l0 = natural_join3(), l1 = cross_join([1]), l2 = semi_join())
[    75.188][cube-solver-7][DEBUG] Solving cube (l0 = natural_join3(), l1 = cross_join([1]), l2 = cross_join([1]))
[    75.191][cube-solver-7][DEBUG] Solving cube (l0 = natural_join3(), l1 = cross_join([1]), l2 = inner_join())
[    75.192][cube-solver-7][DEBUG] Solving cube (l0 = natural_join3(), l1 = inner_join(), l2 = natural_join())
[    75.194][cube-solver-7][DEBUG] Solving cube (l0 = natural_join3(), l1 = inner_join(), l2 = natural_join3())
[    75.195][cube-solver-7][DEBUG] Solving cube (l0 = natural_join3(), l1 = inner_join(), l2 = natural_join4())
[    75.196][cube-solver-7][DEBUG] Solving cube (l0 = natural_join3(), l1 = inner_join(), l2 = anti_join())
[    75.198][cube-solver-7][DEBUG] Solving cube (l0 = natural_join3(), l1 = inner_join(), l2 = left_join())
[    75.199][cube-solver-7][DEBUG] Solving cube (l0 = natural_join3(), l1 = inner_join(), l2 = union())
[    75.200][cube-solver-7][DEBUG] Solving cube (l0 = natural_join3(), l1 = inner_join(), l2 = intersect())
[    75.201][cube-solver-7][DEBUG] Solving cube (l0 = natural_join3(), l1 = inner_join(), l2 = semi_join())
[    75.203][cube-solver-7][DEBUG] Solving cube (l0 = natural_join3(), l1 = inner_join(), l2 = cross_join([1]))
[    75.205][cube-solver-7][DEBUG] Solving cube (l0 = natural_join3(), l1 = inner_join(), l2 = inner_join())
[    75.206][cube-solver-7][DEBUG] Solving cube (l0 = natural_join3(), l1 = natural_join(), l2 = anti_join())
[    75.208][cube-solver-7][DEBUG] Solving cube (l0 = natural_join3(), l1 = natural_join(), l2 = left_join())
[    75.209][cube-solver-7][DEBUG] Solving cube (l0 = natural_join3(), l1 = natural_join(), l2 = union())
[    75.210][cube-solver-7][DEBUG] Solving cube (l0 = natural_join3(), l1 = natural_join(), l2 = intersect())
[    75.211][cube-solver-7][DEBUG] Solving cube (l0 = natural_join3(), l1 = natural_join(), l2 = semi_join())
[    75.213][cube-solver-7][DEBUG] Solving cube (l0 = natural_join3(), l1 = natural_join(), l2 = cross_join([1]))
[    75.215][cube-solver-7][DEBUG] Solving cube (l0 = natural_join3(), l1 = natural_join(), l2 = inner_join())
[    75.216][cube-solver-7][DEBUG] Solving cube (l0 = natural_join3(), l1 = natural_join(), l2 = natural_join())
[    75.217][cube-solver-7][DEBUG] Solving cube (l0 = natural_join3(), l1 = natural_join(), l2 = natural_join3())
[    75.219][cube-solver-7][DEBUG] Solving cube (l0 = natural_join3(), l1 = natural_join(), l2 = natural_join4())
[    75.220][cube-solver-7][DEBUG] Solving cube (l0 = natural_join3(), l1 = natural_join3(), l2 = anti_join())
[    75.221][cube-solver-7][DEBUG] Solving cube (l0 = natural_join3(), l1 = natural_join3(), l2 = left_join())
[    75.223][cube-solver-7][DEBUG] Solving cube (l0 = natural_join3(), l1 = natural_join3(), l2 = union())
[    75.224][cube-solver-7][DEBUG] Solving cube (l0 = natural_join3(), l1 = natural_join3(), l2 = intersect())
[    75.225][cube-solver-7][DEBUG] Solving cube (l0 = natural_join3(), l1 = natural_join3(), l2 = semi_join())
[    75.226][cube-solver-7][DEBUG] Solving cube (l0 = natural_join3(), l1 = natural_join3(), l2 = cross_join([1]))
[    75.228][cube-solver-7][DEBUG] Solving cube (l0 = natural_join3(), l1 = natural_join3(), l2 = inner_join())
[    75.230][cube-solver-7][DEBUG] Solving cube (l0 = natural_join3(), l1 = natural_join3(), l2 = natural_join())
[    75.231][cube-solver-7][DEBUG] Solving cube (l0 = natural_join3(), l1 = natural_join3(), l2 = natural_join3())
[    75.232][cube-solver-7][DEBUG] Solving cube (l0 = natural_join3(), l1 = natural_join3(), l2 = natural_join4())
[    75.234][cube-solver-7][DEBUG] Solving cube (l0 = natural_join3(), l1 = natural_join4(), l2 = anti_join())
[    75.235][cube-solver-7][DEBUG] Solving cube (l0 = natural_join3(), l1 = natural_join4(), l2 = left_join())
[    75.236][cube-solver-7][DEBUG] Solving cube (l0 = natural_join3(), l1 = natural_join4(), l2 = union())
[    75.238][cube-solver-7][DEBUG] Solving cube (l0 = natural_join3(), l1 = natural_join4(), l2 = intersect())
[    75.239][cube-solver-7][DEBUG] Solving cube (l0 = natural_join3(), l1 = natural_join4(), l2 = semi_join())
[    75.240][cube-solver-7][DEBUG] Solving cube (l0 = natural_join3(), l1 = natural_join4(), l2 = cross_join([1]))
[    75.242][cube-solver-7][DEBUG] Solving cube (l0 = natural_join3(), l1 = natural_join4(), l2 = inner_join())
[    75.243][cube-solver-7][DEBUG] Solving cube (l0 = natural_join3(), l1 = natural_join4(), l2 = natural_join())
[    75.245][cube-solver-7][DEBUG] Solving cube (l0 = natural_join3(), l1 = natural_join4(), l2 = natural_join3())
[    75.246][cube-solver-7][DEBUG] Solving cube (l0 = natural_join3(), l1 = natural_join4(), l2 = natural_join4())
[    75.247][cube-solver-7][DEBUG] Solving cube (l0 = natural_join4(), l1 = anti_join(), l2 = natural_join())
[    75.249][cube-solver-7][DEBUG] Solving cube (l0 = natural_join4(), l1 = anti_join(), l2 = natural_join3())
[    75.250][cube-solver-7][DEBUG] Solving cube (l0 = natural_join4(), l1 = anti_join(), l2 = natural_join4())
[    75.251][cube-solver-7][DEBUG] Solving cube (l0 = natural_join4(), l1 = anti_join(), l2 = anti_join())
[    75.253][cube-solver-7][DEBUG] Solving cube (l0 = natural_join4(), l1 = anti_join(), l2 = left_join())
[    75.254][cube-solver-7][DEBUG] Solving cube (l0 = natural_join4(), l1 = anti_join(), l2 = union())
[    75.255][cube-solver-7][DEBUG] Solving cube (l0 = natural_join4(), l1 = anti_join(), l2 = intersect())
[    75.257][cube-solver-7][DEBUG] Solving cube (l0 = natural_join4(), l1 = anti_join(), l2 = semi_join())
[    75.258][cube-solver-7][DEBUG] Solving cube (l0 = natural_join4(), l1 = anti_join(), l2 = cross_join([1]))
[    75.260][cube-solver-7][DEBUG] Solving cube (l0 = natural_join4(), l1 = anti_join(), l2 = inner_join())
[    75.261][cube-solver-7][DEBUG] Solving cube (l0 = natural_join4(), l1 = left_join(), l2 = natural_join())
[    75.263][cube-solver-7][DEBUG] Solving cube (l0 = natural_join4(), l1 = left_join(), l2 = natural_join3())
[    75.264][cube-solver-7][DEBUG] Solving cube (l0 = natural_join4(), l1 = left_join(), l2 = natural_join4())
[    75.265][cube-solver-7][DEBUG] Solving cube (l0 = natural_join4(), l1 = left_join(), l2 = anti_join())
[    75.267][cube-solver-7][DEBUG] Solving cube (l0 = natural_join4(), l1 = left_join(), l2 = left_join())
[    75.268][cube-solver-7][DEBUG] Solving cube (l0 = natural_join4(), l1 = left_join(), l2 = union())
[    75.269][cube-solver-7][DEBUG] Solving cube (l0 = natural_join4(), l1 = left_join(), l2 = intersect())
[    75.270][cube-solver-7][DEBUG] Solving cube (l0 = natural_join4(), l1 = left_join(), l2 = semi_join())
[    75.272][cube-solver-7][DEBUG] Solving cube (l0 = natural_join4(), l1 = left_join(), l2 = cross_join([1]))
[    75.274][cube-solver-7][DEBUG] Solving cube (l0 = natural_join4(), l1 = left_join(), l2 = inner_join())
[    75.275][cube-solver-7][DEBUG] Solving cube (l0 = natural_join4(), l1 = union(), l2 = natural_join())
[    75.276][cube-solver-7][DEBUG] Solving cube (l0 = natural_join4(), l1 = union(), l2 = natural_join3())
[    75.278][cube-solver-7][DEBUG] Solving cube (l0 = natural_join4(), l1 = union(), l2 = natural_join4())
[    75.279][cube-solver-7][DEBUG] Solving cube (l0 = natural_join4(), l1 = union(), l2 = anti_join())
[    75.280][cube-solver-7][DEBUG] Solving cube (l0 = natural_join4(), l1 = union(), l2 = left_join())
[    75.282][cube-solver-7][DEBUG] Solving cube (l0 = natural_join4(), l1 = union(), l2 = union())
[    75.283][cube-solver-7][DEBUG] Solving cube (l0 = natural_join4(), l1 = union(), l2 = intersect())
[    75.284][cube-solver-7][DEBUG] Solving cube (l0 = natural_join4(), l1 = union(), l2 = semi_join())
[    75.286][cube-solver-7][DEBUG] Solving cube (l0 = natural_join4(), l1 = union(), l2 = cross_join([1]))
[    75.288][cube-solver-7][DEBUG] Solving cube (l0 = natural_join4(), l1 = union(), l2 = inner_join())
[    75.289][cube-solver-7][DEBUG] Solving cube (l0 = natural_join4(), l1 = intersect(), l2 = natural_join())
[    75.290][cube-solver-7][DEBUG] Solving cube (l0 = natural_join4(), l1 = intersect(), l2 = natural_join3())
[    75.292][cube-solver-7][DEBUG] Solving cube (l0 = natural_join4(), l1 = intersect(), l2 = natural_join4())
[    75.293][cube-solver-7][DEBUG] Solving cube (l0 = natural_join4(), l1 = intersect(), l2 = anti_join())
[    75.294][cube-solver-7][DEBUG] Solving cube (l0 = natural_join4(), l1 = intersect(), l2 = left_join())
[    75.295][cube-solver-7][DEBUG] Solving cube (l0 = natural_join4(), l1 = intersect(), l2 = union())
[    75.297][cube-solver-7][DEBUG] Solving cube (l0 = natural_join4(), l1 = intersect(), l2 = intersect())
[    75.298][cube-solver-7][DEBUG] Solving cube (l0 = natural_join4(), l1 = intersect(), l2 = semi_join())
[    75.299][cube-solver-7][DEBUG] Solving cube (l0 = natural_join4(), l1 = intersect(), l2 = cross_join([1]))
[    75.301][cube-solver-7][DEBUG] Solving cube (l0 = natural_join4(), l1 = intersect(), l2 = inner_join())
[    75.303][cube-solver-7][DEBUG] Solving cube (l0 = natural_join4(), l1 = semi_join(), l2 = natural_join())
[    75.304][cube-solver-7][DEBUG] Solving cube (l0 = natural_join4(), l1 = semi_join(), l2 = natural_join3())
[    75.305][cube-solver-7][DEBUG] Solving cube (l0 = natural_join4(), l1 = semi_join(), l2 = natural_join4())
[    75.306][cube-solver-7][DEBUG] Solving cube (l0 = natural_join4(), l1 = semi_join(), l2 = anti_join())
[    75.308][cube-solver-7][DEBUG] Solving cube (l0 = natural_join4(), l1 = semi_join(), l2 = left_join())
[    75.309][cube-solver-7][DEBUG] Solving cube (l0 = natural_join4(), l1 = semi_join(), l2 = union())
[    75.310][cube-solver-7][DEBUG] Solving cube (l0 = natural_join4(), l1 = semi_join(), l2 = intersect())
[    75.312][cube-solver-7][DEBUG] Solving cube (l0 = natural_join4(), l1 = semi_join(), l2 = semi_join())
[    75.313][cube-solver-7][DEBUG] Solving cube (l0 = natural_join4(), l1 = semi_join(), l2 = cross_join([1]))
[    75.315][cube-solver-7][DEBUG] Solving cube (l0 = natural_join4(), l1 = semi_join(), l2 = inner_join())
[    75.316][cube-solver-7][DEBUG] Solving cube (l0 = natural_join4(), l1 = cross_join([1]), l2 = natural_join())
[    75.318][cube-solver-7][DEBUG] Solving cube (l0 = natural_join4(), l1 = cross_join([1]), l2 = natural_join3())
[    75.320][cube-solver-7][DEBUG] Solving cube (l0 = natural_join4(), l1 = cross_join([1]), l2 = natural_join4())
[    75.322][cube-solver-7][DEBUG] Solving cube (l0 = natural_join4(), l1 = cross_join([1]), l2 = anti_join())
[    75.324][cube-solver-7][DEBUG] Solving cube (l0 = natural_join4(), l1 = cross_join([1]), l2 = left_join())
[    75.326][cube-solver-7][DEBUG] Solving cube (l0 = natural_join4(), l1 = cross_join([1]), l2 = union())
[    75.328][cube-solver-7][DEBUG] Solving cube (l0 = natural_join4(), l1 = cross_join([1]), l2 = intersect())
[    75.330][cube-solver-7][DEBUG] Solving cube (l0 = natural_join4(), l1 = cross_join([1]), l2 = semi_join())
[    75.332][cube-solver-7][DEBUG] Solving cube (l0 = natural_join4(), l1 = cross_join([1]), l2 = cross_join([1]))
[    75.335][cube-solver-7][DEBUG] Solving cube (l0 = natural_join4(), l1 = cross_join([1]), l2 = inner_join())
[    75.337][cube-solver-7][DEBUG] Solving cube (l0 = natural_join4(), l1 = inner_join(), l2 = natural_join())
[    75.338][cube-solver-7][DEBUG] Solving cube (l0 = natural_join4(), l1 = inner_join(), l2 = natural_join3())
[    75.339][cube-solver-7][DEBUG] Solving cube (l0 = natural_join4(), l1 = inner_join(), l2 = natural_join4())
[    75.341][cube-solver-7][DEBUG] Solving cube (l0 = natural_join4(), l1 = inner_join(), l2 = anti_join())
[    75.342][cube-solver-7][DEBUG] Solving cube (l0 = natural_join4(), l1 = inner_join(), l2 = left_join())
[    75.343][cube-solver-7][DEBUG] Solving cube (l0 = natural_join4(), l1 = inner_join(), l2 = union())
[    75.345][cube-solver-7][DEBUG] Solving cube (l0 = natural_join4(), l1 = inner_join(), l2 = intersect())
[    75.346][cube-solver-7][DEBUG] Solving cube (l0 = natural_join4(), l1 = inner_join(), l2 = semi_join())
[    75.347][cube-solver-7][DEBUG] Solving cube (l0 = natural_join4(), l1 = inner_join(), l2 = cross_join([1]))
[    75.349][cube-solver-7][DEBUG] Solving cube (l0 = natural_join4(), l1 = inner_join(), l2 = inner_join())
[    75.351][cube-solver-7][DEBUG] Solving cube (l0 = natural_join4(), l1 = natural_join(), l2 = anti_join())
[    75.352][cube-solver-7][DEBUG] Solving cube (l0 = natural_join4(), l1 = natural_join(), l2 = left_join())
[    75.353][cube-solver-7][DEBUG] Solving cube (l0 = natural_join4(), l1 = natural_join(), l2 = union())
[    75.354][cube-solver-7][DEBUG] Solving cube (l0 = natural_join4(), l1 = natural_join(), l2 = intersect())
[    75.356][cube-solver-7][DEBUG] Solving cube (l0 = natural_join4(), l1 = natural_join(), l2 = semi_join())
[    75.357][cube-solver-7][DEBUG] Solving cube (l0 = natural_join4(), l1 = natural_join(), l2 = cross_join([1]))
[    75.359][cube-solver-7][DEBUG] Solving cube (l0 = natural_join4(), l1 = natural_join(), l2 = inner_join())
[    75.360][cube-solver-7][DEBUG] Solving cube (l0 = natural_join4(), l1 = natural_join(), l2 = natural_join())
[    75.362][cube-solver-7][DEBUG] Solving cube (l0 = natural_join4(), l1 = natural_join(), l2 = natural_join3())
[    75.363][cube-solver-7][DEBUG] Solving cube (l0 = natural_join4(), l1 = natural_join(), l2 = natural_join4())
[    75.364][cube-solver-7][DEBUG] Solving cube (l0 = natural_join4(), l1 = natural_join3(), l2 = anti_join())
[    75.366][cube-solver-7][DEBUG] Solving cube (l0 = natural_join4(), l1 = natural_join3(), l2 = left_join())
[    75.367][cube-solver-7][DEBUG] Solving cube (l0 = natural_join4(), l1 = natural_join3(), l2 = union())
[    75.368][cube-solver-7][DEBUG] Solving cube (l0 = natural_join4(), l1 = natural_join3(), l2 = intersect())
[    75.369][cube-solver-7][DEBUG] Solving cube (l0 = natural_join4(), l1 = natural_join3(), l2 = semi_join())
[    75.371][cube-solver-7][DEBUG] Solving cube (l0 = natural_join4(), l1 = natural_join3(), l2 = cross_join([1]))
[    75.373][cube-solver-7][DEBUG] Solving cube (l0 = natural_join4(), l1 = natural_join3(), l2 = inner_join())
[    75.374][cube-solver-7][DEBUG] Solving cube (l0 = natural_join4(), l1 = natural_join3(), l2 = natural_join())
[    75.375][cube-solver-7][DEBUG] Solving cube (l0 = natural_join4(), l1 = natural_join3(), l2 = natural_join3())
[    75.377][cube-solver-7][DEBUG] Solving cube (l0 = natural_join4(), l1 = natural_join3(), l2 = natural_join4())
[    75.378][cube-solver-7][DEBUG] Solving cube (l0 = natural_join4(), l1 = natural_join4(), l2 = anti_join())
[    75.379][cube-solver-7][DEBUG] Solving cube (l0 = natural_join4(), l1 = natural_join4(), l2 = left_join())
[    75.381][cube-solver-7][DEBUG] Solving cube (l0 = natural_join4(), l1 = natural_join4(), l2 = union())
[    75.382][cube-solver-7][DEBUG] Solving cube (l0 = natural_join4(), l1 = natural_join4(), l2 = intersect())
[    75.383][cube-solver-7][DEBUG] Solving cube (l0 = natural_join4(), l1 = natural_join4(), l2 = semi_join())
[    75.385][cube-solver-7][DEBUG] Solving cube (l0 = natural_join4(), l1 = natural_join4(), l2 = cross_join([1]))
[    75.387][cube-solver-7][DEBUG] Solving cube (l0 = natural_join4(), l1 = natural_join4(), l2 = inner_join())
[    75.388][cube-solver-7][DEBUG] Solving cube (l0 = natural_join4(), l1 = natural_join4(), l2 = natural_join())
[    75.389][cube-solver-7][DEBUG] Solving cube (l0 = natural_join4(), l1 = natural_join4(), l2 = natural_join3())
[    75.390][cube-solver-7][DEBUG] Solving cube (l0 = natural_join4(), l1 = natural_join4(), l2 = natural_join4())
[    75.392][cube-solver-7][DEBUG] Solving cube (l0 = anti_join(), l1 = natural_join(), l2 = anti_join())
[    75.393][cube-solver-7][DEBUG] Solving cube (l0 = anti_join(), l1 = natural_join(), l2 = left_join())
[    75.395][cube-solver-7][DEBUG] Solving cube (l0 = anti_join(), l1 = natural_join(), l2 = union())
[    75.396][cube-solver-7][DEBUG] Solving cube (l0 = anti_join(), l1 = natural_join(), l2 = intersect())
[    75.397][cube-solver-7][DEBUG] Solving cube (l0 = anti_join(), l1 = natural_join(), l2 = semi_join())
[    75.398][cube-solver-7][DEBUG] Solving cube (l0 = anti_join(), l1 = natural_join(), l2 = cross_join([1]))
[    75.400][cube-solver-7][DEBUG] Solving cube (l0 = anti_join(), l1 = natural_join(), l2 = inner_join())
[    75.402][cube-solver-7][DEBUG] Solving cube (l0 = anti_join(), l1 = natural_join(), l2 = natural_join())
[    75.403][cube-solver-7][DEBUG] Solving cube (l0 = anti_join(), l1 = natural_join(), l2 = natural_join3())
[    75.404][cube-solver-7][DEBUG] Solving cube (l0 = anti_join(), l1 = natural_join(), l2 = natural_join4())
[    75.406][cube-solver-7][DEBUG] Solving cube (l0 = anti_join(), l1 = natural_join3(), l2 = anti_join())
[    75.407][cube-solver-7][DEBUG] Solving cube (l0 = anti_join(), l1 = natural_join3(), l2 = left_join())
[    75.408][cube-solver-7][DEBUG] Solving cube (l0 = anti_join(), l1 = natural_join3(), l2 = union())
[    75.410][cube-solver-7][DEBUG] Solving cube (l0 = anti_join(), l1 = natural_join3(), l2 = intersect())
[    75.411][cube-solver-7][DEBUG] Solving cube (l0 = anti_join(), l1 = natural_join3(), l2 = semi_join())
[    75.412][cube-solver-7][DEBUG] Solving cube (l0 = anti_join(), l1 = natural_join3(), l2 = cross_join([1]))
[    75.414][cube-solver-7][DEBUG] Solving cube (l0 = anti_join(), l1 = natural_join3(), l2 = inner_join())
[    75.416][cube-solver-7][DEBUG] Solving cube (l0 = anti_join(), l1 = natural_join3(), l2 = natural_join())
[    75.417][cube-solver-7][DEBUG] Solving cube (l0 = anti_join(), l1 = natural_join3(), l2 = natural_join3())
[    75.418][cube-solver-7][DEBUG] Solving cube (l0 = anti_join(), l1 = natural_join3(), l2 = natural_join4())
[    75.420][cube-solver-7][DEBUG] Solving cube (l0 = anti_join(), l1 = natural_join4(), l2 = anti_join())
[    75.421][cube-solver-7][DEBUG] Solving cube (l0 = anti_join(), l1 = natural_join4(), l2 = left_join())
[    75.422][cube-solver-7][DEBUG] Solving cube (l0 = anti_join(), l1 = natural_join4(), l2 = union())
[    75.424][cube-solver-7][DEBUG] Solving cube (l0 = anti_join(), l1 = natural_join4(), l2 = intersect())
[    75.425][cube-solver-7][DEBUG] Solving cube (l0 = anti_join(), l1 = natural_join4(), l2 = semi_join())
[    75.426][cube-solver-7][DEBUG] Solving cube (l0 = anti_join(), l1 = natural_join4(), l2 = cross_join([1]))
[    75.428][cube-solver-7][DEBUG] Solving cube (l0 = anti_join(), l1 = natural_join4(), l2 = inner_join())
[    75.430][cube-solver-7][DEBUG] Solving cube (l0 = anti_join(), l1 = natural_join4(), l2 = natural_join())
[    75.431][cube-solver-7][DEBUG] Solving cube (l0 = anti_join(), l1 = natural_join4(), l2 = natural_join3())
[    75.432][cube-solver-7][DEBUG] Solving cube (l0 = anti_join(), l1 = natural_join4(), l2 = natural_join4())
[    75.434][cube-solver-7][DEBUG] Solving cube (l0 = anti_join(), l1 = anti_join(), l2 = natural_join())
[    75.435][cube-solver-7][DEBUG] Solving cube (l0 = anti_join(), l1 = anti_join(), l2 = natural_join3())
[    75.436][cube-solver-7][DEBUG] Solving cube (l0 = anti_join(), l1 = anti_join(), l2 = natural_join4())
[    75.437][cube-solver-7][DEBUG] Solving cube (l0 = anti_join(), l1 = anti_join(), l2 = anti_join())
[    75.439][cube-solver-7][DEBUG] Solving cube (l0 = anti_join(), l1 = anti_join(), l2 = left_join())
[    75.440][cube-solver-7][DEBUG] Solving cube (l0 = anti_join(), l1 = anti_join(), l2 = union())
[    75.441][cube-solver-7][DEBUG] Solving cube (l0 = anti_join(), l1 = anti_join(), l2 = intersect())
[    75.442][cube-solver-7][DEBUG] Solving cube (l0 = anti_join(), l1 = anti_join(), l2 = semi_join())
[    75.444][cube-solver-7][DEBUG] Solving cube (l0 = anti_join(), l1 = anti_join(), l2 = cross_join([1]))
[    75.446][cube-solver-7][DEBUG] Solving cube (l0 = anti_join(), l1 = anti_join(), l2 = inner_join())
[    75.447][cube-solver-7][DEBUG] Solving cube (l0 = anti_join(), l1 = left_join(), l2 = natural_join())
[    75.448][cube-solver-7][DEBUG] Solving cube (l0 = anti_join(), l1 = left_join(), l2 = natural_join3())
[    75.450][cube-solver-7][DEBUG] Solving cube (l0 = anti_join(), l1 = left_join(), l2 = natural_join4())
[    75.451][cube-solver-7][DEBUG] Solving cube (l0 = anti_join(), l1 = left_join(), l2 = anti_join())
[    75.452][cube-solver-7][DEBUG] Solving cube (l0 = anti_join(), l1 = left_join(), l2 = left_join())
[    75.454][cube-solver-7][DEBUG] Solving cube (l0 = anti_join(), l1 = left_join(), l2 = union())
[    75.455][cube-solver-7][DEBUG] Solving cube (l0 = anti_join(), l1 = left_join(), l2 = intersect())
[    75.456][cube-solver-7][DEBUG] Solving cube (l0 = anti_join(), l1 = left_join(), l2 = semi_join())
[    75.458][cube-solver-7][DEBUG] Solving cube (l0 = anti_join(), l1 = left_join(), l2 = cross_join([1]))
[    75.460][cube-solver-7][DEBUG] Solving cube (l0 = anti_join(), l1 = left_join(), l2 = inner_join())
[    75.461][cube-solver-7][DEBUG] Solving cube (l0 = anti_join(), l1 = union(), l2 = natural_join())
[    75.462][cube-solver-7][DEBUG] Solving cube (l0 = anti_join(), l1 = union(), l2 = natural_join3())
[    75.464][cube-solver-7][DEBUG] Solving cube (l0 = anti_join(), l1 = union(), l2 = natural_join4())
[    75.465][cube-solver-7][DEBUG] Solving cube (l0 = anti_join(), l1 = union(), l2 = anti_join())
[    75.466][cube-solver-7][DEBUG] Solving cube (l0 = anti_join(), l1 = union(), l2 = left_join())
[    75.468][cube-solver-7][DEBUG] Solving cube (l0 = anti_join(), l1 = union(), l2 = union())
[    75.469][cube-solver-7][DEBUG] Solving cube (l0 = anti_join(), l1 = union(), l2 = intersect())
[    75.470][cube-solver-7][DEBUG] Solving cube (l0 = anti_join(), l1 = union(), l2 = semi_join())
[    75.471][cube-solver-7][DEBUG] Solving cube (l0 = anti_join(), l1 = union(), l2 = cross_join([1]))
[    75.473][cube-solver-7][DEBUG] Solving cube (l0 = anti_join(), l1 = union(), l2 = inner_join())
[    75.475][cube-solver-7][DEBUG] Solving cube (l0 = anti_join(), l1 = intersect(), l2 = natural_join())
[    75.476][cube-solver-7][DEBUG] Solving cube (l0 = anti_join(), l1 = intersect(), l2 = natural_join3())
[    75.477][cube-solver-7][DEBUG] Solving cube (l0 = anti_join(), l1 = intersect(), l2 = natural_join4())
[    75.478][cube-solver-7][DEBUG] Solving cube (l0 = anti_join(), l1 = intersect(), l2 = anti_join())
[    75.480][cube-solver-7][DEBUG] Solving cube (l0 = anti_join(), l1 = intersect(), l2 = left_join())
[    75.481][cube-solver-7][DEBUG] Solving cube (l0 = anti_join(), l1 = intersect(), l2 = union())
[    75.482][cube-solver-7][DEBUG] Solving cube (l0 = anti_join(), l1 = intersect(), l2 = intersect())
[    75.484][cube-solver-7][DEBUG] Solving cube (l0 = anti_join(), l1 = intersect(), l2 = semi_join())
[    75.485][cube-solver-7][DEBUG] Solving cube (l0 = anti_join(), l1 = intersect(), l2 = cross_join([1]))
[    75.487][cube-solver-7][DEBUG] Solving cube (l0 = anti_join(), l1 = intersect(), l2 = inner_join())
[    75.488][cube-solver-7][DEBUG] Solving cube (l0 = anti_join(), l1 = semi_join(), l2 = natural_join())
[    75.490][cube-solver-7][DEBUG] Solving cube (l0 = anti_join(), l1 = semi_join(), l2 = natural_join3())
[    75.491][cube-solver-7][DEBUG] Solving cube (l0 = anti_join(), l1 = semi_join(), l2 = natural_join4())
[    75.492][cube-solver-7][DEBUG] Solving cube (l0 = anti_join(), l1 = semi_join(), l2 = anti_join())
[    75.494][cube-solver-7][DEBUG] Solving cube (l0 = anti_join(), l1 = semi_join(), l2 = left_join())
[    75.495][cube-solver-7][DEBUG] Solving cube (l0 = anti_join(), l1 = semi_join(), l2 = union())
[    75.496][cube-solver-7][DEBUG] Solving cube (l0 = anti_join(), l1 = semi_join(), l2 = intersect())
[    75.498][cube-solver-7][DEBUG] Solving cube (l0 = anti_join(), l1 = semi_join(), l2 = semi_join())
[    75.499][cube-solver-7][DEBUG] Solving cube (l0 = anti_join(), l1 = semi_join(), l2 = cross_join([1]))
[    75.501][cube-solver-7][DEBUG] Solving cube (l0 = anti_join(), l1 = semi_join(), l2 = inner_join())
[    75.502][cube-solver-7][DEBUG] Solving cube (l0 = anti_join(), l1 = cross_join([1]), l2 = natural_join())
[    75.504][cube-solver-7][DEBUG] Solving cube (l0 = anti_join(), l1 = cross_join([1]), l2 = natural_join3())
[    75.506][cube-solver-7][DEBUG] Solving cube (l0 = anti_join(), l1 = cross_join([1]), l2 = natural_join4())
[    75.508][cube-solver-7][DEBUG] Solving cube (l0 = anti_join(), l1 = cross_join([1]), l2 = anti_join())
[    75.510][cube-solver-7][DEBUG] Solving cube (l0 = anti_join(), l1 = cross_join([1]), l2 = left_join())
[    75.512][cube-solver-7][DEBUG] Solving cube (l0 = anti_join(), l1 = cross_join([1]), l2 = union())
[    75.514][cube-solver-7][DEBUG] Solving cube (l0 = anti_join(), l1 = cross_join([1]), l2 = intersect())
[    75.516][cube-solver-7][DEBUG] Solving cube (l0 = anti_join(), l1 = cross_join([1]), l2 = semi_join())
[    75.518][cube-solver-7][DEBUG] Solving cube (l0 = anti_join(), l1 = cross_join([1]), l2 = cross_join([1]))
[    75.521][cube-solver-7][DEBUG] Solving cube (l0 = anti_join(), l1 = cross_join([1]), l2 = inner_join())
[    75.523][cube-solver-7][DEBUG] Solving cube (l0 = anti_join(), l1 = inner_join(), l2 = natural_join())
[    75.524][cube-solver-7][DEBUG] Solving cube (l0 = anti_join(), l1 = inner_join(), l2 = natural_join3())
[    75.525][cube-solver-7][DEBUG] Solving cube (l0 = anti_join(), l1 = inner_join(), l2 = natural_join4())
[    75.527][cube-solver-7][DEBUG] Solving cube (l0 = anti_join(), l1 = inner_join(), l2 = anti_join())
[    75.528][cube-solver-7][DEBUG] Solving cube (l0 = anti_join(), l1 = inner_join(), l2 = left_join())
[    75.529][cube-solver-7][DEBUG] Solving cube (l0 = anti_join(), l1 = inner_join(), l2 = union())
[    75.531][cube-solver-7][DEBUG] Solving cube (l0 = anti_join(), l1 = inner_join(), l2 = intersect())
[    75.532][cube-solver-7][DEBUG] Solving cube (l0 = anti_join(), l1 = inner_join(), l2 = semi_join())
[    75.533][cube-solver-7][DEBUG] Solving cube (l0 = anti_join(), l1 = inner_join(), l2 = cross_join([1]))
[    75.535][cube-solver-7][DEBUG] Solving cube (l0 = anti_join(), l1 = inner_join(), l2 = inner_join())
[    75.537][cube-solver-7][DEBUG] Solving cube (l0 = left_join(), l1 = natural_join(), l2 = anti_join())
[    75.538][cube-solver-7][DEBUG] Solving cube (l0 = left_join(), l1 = natural_join(), l2 = left_join())
[    76.105][cube-solver-6][DEBUG] Initialising process for 3 lines of code.
[    76.343][cube-solver-6][DEBUG] Solving cube (l0 = left_join(), l1 = natural_join(), l2 = union())
[    76.517][cube-solver-7][DEBUG] Solving cube (l0 = left_join(), l1 = natural_join(), l2 = intersect())
[    77.143][cube-solver-7][DEBUG] Solving cube (l0 = left_join(), l1 = natural_join(), l2 = semi_join())
[    77.465][cube-solver-6][DEBUG] Solving cube (l0 = left_join(), l1 = natural_join(), l2 = cross_join([1]))
[    77.625][cube-solver-6][DEBUG] Solving cube (l0 = left_join(), l1 = natural_join(), l2 = inner_join())
[    77.838][cube-solver-3][DEBUG] Initialising process for 3 lines of code.
[    78.108][cube-solver-3][DEBUG] Solving cube (l0 = left_join(), l1 = natural_join(), l2 = natural_join())
[    78.136][cube-solver-7][DEBUG] Solving cube (l0 = left_join(), l1 = natural_join(), l2 = natural_join3())
[    78.137][cube-solver-7][DEBUG] Solving cube (l0 = left_join(), l1 = natural_join(), l2 = natural_join4())
[    78.139][cube-solver-7][DEBUG] Solving cube (l0 = left_join(), l1 = natural_join3(), l2 = anti_join())
[    78.141][cube-solver-7][DEBUG] Solving cube (l0 = left_join(), l1 = natural_join3(), l2 = left_join())
[    78.142][cube-solver-7][DEBUG] Solving cube (l0 = left_join(), l1 = natural_join3(), l2 = union())
[    78.144][cube-solver-7][DEBUG] Solving cube (l0 = left_join(), l1 = natural_join3(), l2 = intersect())
[    78.145][cube-solver-7][DEBUG] Solving cube (l0 = left_join(), l1 = natural_join3(), l2 = semi_join())
[    78.147][cube-solver-7][DEBUG] Solving cube (l0 = left_join(), l1 = natural_join3(), l2 = cross_join([1]))
[    78.149][cube-solver-7][DEBUG] Solving cube (l0 = left_join(), l1 = natural_join3(), l2 = inner_join())
[    78.150][cube-solver-7][DEBUG] Solving cube (l0 = left_join(), l1 = natural_join3(), l2 = natural_join())
[    78.151][cube-solver-7][DEBUG] Solving cube (l0 = left_join(), l1 = natural_join3(), l2 = natural_join3())
[    78.153][cube-solver-7][DEBUG] Solving cube (l0 = left_join(), l1 = natural_join3(), l2 = natural_join4())
[    78.154][cube-solver-7][DEBUG] Solving cube (l0 = left_join(), l1 = natural_join4(), l2 = anti_join())
[    78.155][cube-solver-7][DEBUG] Solving cube (l0 = left_join(), l1 = natural_join4(), l2 = left_join())
[    78.157][cube-solver-7][DEBUG] Solving cube (l0 = left_join(), l1 = natural_join4(), l2 = union())
[    78.158][cube-solver-7][DEBUG] Solving cube (l0 = left_join(), l1 = natural_join4(), l2 = intersect())
[    78.159][cube-solver-7][DEBUG] Solving cube (l0 = left_join(), l1 = natural_join4(), l2 = semi_join())
[    78.161][cube-solver-7][DEBUG] Solving cube (l0 = left_join(), l1 = natural_join4(), l2 = cross_join([1]))
[    78.163][cube-solver-7][DEBUG] Solving cube (l0 = left_join(), l1 = natural_join4(), l2 = inner_join())
[    78.164][cube-solver-7][DEBUG] Solving cube (l0 = left_join(), l1 = natural_join4(), l2 = natural_join())
[    78.165][cube-solver-7][DEBUG] Solving cube (l0 = left_join(), l1 = natural_join4(), l2 = natural_join3())
[    78.167][cube-solver-7][DEBUG] Solving cube (l0 = left_join(), l1 = natural_join4(), l2 = natural_join4())
[    78.168][cube-solver-7][DEBUG] Solving cube (l0 = left_join(), l1 = anti_join(), l2 = natural_join())
[    78.870][cube-solver-2][DEBUG] Initialising process for 3 lines of code.
[    79.016][cube-solver-3][DEBUG] Solving cube (l0 = left_join(), l1 = anti_join(), l2 = natural_join4())
[    79.019][cube-solver-3][DEBUG] Solving cube (l0 = left_join(), l1 = anti_join(), l2 = anti_join())
[    79.021][cube-solver-3][DEBUG] Solving cube (l0 = left_join(), l1 = anti_join(), l2 = left_join())
[    79.116][cube-solver-2][DEBUG] Solving cube (l0 = left_join(), l1 = anti_join(), l2 = natural_join3())
[    79.118][cube-solver-2][DEBUG] Solving cube (l0 = left_join(), l1 = anti_join(), l2 = union())
[    83.624][cube-solver-7][DEBUG] Solving cube (l0 = left_join(), l1 = anti_join(), l2 = intersect())
[    85.886][cube-solver-2][DEBUG] Solving cube (l0 = left_join(), l1 = anti_join(), l2 = semi_join())
[    86.027][cube-solver-3][DEBUG] Solving cube (l0 = left_join(), l1 = anti_join(), l2 = cross_join([1]))
[    86.830][cube-solver-1][DEBUG] Initialising process for 3 lines of code.
[    86.956][cube-solver-3][DEBUG] Solving cube (l0 = left_join(), l1 = left_join(), l2 = natural_join())
[    87.080][cube-solver-1][DEBUG] Solving cube (l0 = left_join(), l1 = anti_join(), l2 = inner_join())
[    87.614][cube-solver-4][DEBUG] Initialising process for 3 lines of code.
[    87.888][cube-solver-4][DEBUG] Solving cube (l0 = left_join(), l1 = left_join(), l2 = natural_join3())
[    88.204][cube-solver-7][DEBUG] Solving cube (l0 = left_join(), l1 = left_join(), l2 = natural_join4())
[    88.206][cube-solver-7][DEBUG] Solving cube (l0 = left_join(), l1 = left_join(), l2 = anti_join())
[    88.367][cube-solver-3][DEBUG] Solving cube (l0 = left_join(), l1 = left_join(), l2 = left_join())
[    90.100][cube-solver-3][DEBUG] Solving cube (l0 = left_join(), l1 = left_join(), l2 = union())
[    90.428][cube-solver-4][DEBUG] Solving cube (l0 = left_join(), l1 = left_join(), l2 = intersect())
[    91.534][cube-solver-4][DEBUG] Solving cube (l0 = left_join(), l1 = left_join(), l2 = semi_join())
[    91.802][cube-solver-3][DEBUG] Solving cube (l0 = left_join(), l1 = left_join(), l2 = cross_join([1]))
[    92.067][cube-solver-3][DEBUG] Solving cube (l0 = left_join(), l1 = left_join(), l2 = inner_join())
[    92.768][cube-solver-2][DEBUG] Solving cube (l0 = left_join(), l1 = union(), l2 = natural_join())
[    93.240][cube-solver-4][DEBUG] Solving cube (l0 = left_join(), l1 = union(), l2 = natural_join3())
[    94.134][cube-solver-2][DEBUG] Solving cube (l0 = left_join(), l1 = union(), l2 = natural_join4())
[    94.140][cube-solver-2][DEBUG] Solving cube (l0 = left_join(), l1 = union(), l2 = anti_join())
[    95.661][cube-solver-4][DEBUG] Solving cube (l0 = left_join(), l1 = union(), l2 = left_join())
[    97.375][cube-solver-4][DEBUG] Solving cube (l0 = left_join(), l1 = union(), l2 = union())
[    97.832][cube-solver-7][DEBUG] Solving cube (l0 = left_join(), l1 = union(), l2 = intersect())
[    99.056][cube-solver-4][DEBUG] Solving cube (l0 = left_join(), l1 = union(), l2 = semi_join())
[    99.342][cube-solver-7][DEBUG] Solving cube (l0 = left_join(), l1 = union(), l2 = cross_join([1]))
[    99.581][cube-solver-7][DEBUG] Solving cube (l0 = left_join(), l1 = union(), l2 = inner_join())
[   100.716][cube-solver-4][DEBUG] Solving cube (l0 = left_join(), l1 = intersect(), l2 = natural_join())
[   104.009][cube-solver-2][DEBUG] Solving cube (l0 = left_join(), l1 = intersect(), l2 = natural_join3())
[   105.009][cube-solver-4][DEBUG] Solving cube (l0 = left_join(), l1 = intersect(), l2 = natural_join4())
[   105.012][cube-solver-4][DEBUG] Solving cube (l0 = left_join(), l1 = intersect(), l2 = anti_join())
[   111.714][cube-solver-2][DEBUG] Solving cube (l0 = left_join(), l1 = intersect(), l2 = left_join())
[   114.477][cube-solver-4][DEBUG] Solving cube (l0 = left_join(), l1 = intersect(), l2 = union())
[   116.341][cube-solver-2][DEBUG] Solving cube (l0 = left_join(), l1 = intersect(), l2 = intersect())
[   119.007][cube-solver-4][DEBUG] Solving cube (l0 = left_join(), l1 = intersect(), l2 = semi_join())
[   120.534][cube-solver-2][DEBUG] Solving cube (l0 = left_join(), l1 = intersect(), l2 = cross_join([1]))
[   121.503][cube-solver-2][DEBUG] Solving cube (l0 = left_join(), l1 = intersect(), l2 = inner_join())
[   121.836][cube-solver-4][DEBUG] Solving cube (l0 = left_join(), l1 = semi_join(), l2 = natural_join())
[   123.265][cube-solver-4][DEBUG] Solving cube (l0 = left_join(), l1 = semi_join(), l2 = natural_join3())
[   125.706][cube-solver-4][DEBUG] Solving cube (l0 = left_join(), l1 = semi_join(), l2 = natural_join4())
[   125.708][cube-solver-4][DEBUG] Solving cube (l0 = left_join(), l1 = semi_join(), l2 = anti_join())
[   135.451][cube-solver-4][DEBUG] Solving cube (l0 = left_join(), l1 = semi_join(), l2 = left_join())
[   137.165][cube-solver-4][DEBUG] Solving cube (l0 = left_join(), l1 = semi_join(), l2 = union())
[   138.848][cube-solver-4][DEBUG] Solving cube (l0 = left_join(), l1 = semi_join(), l2 = intersect())
[   139.900][cube-solver-4][DEBUG] Solving cube (l0 = left_join(), l1 = semi_join(), l2 = semi_join())
[   141.658][cube-solver-4][DEBUG] Solving cube (l0 = left_join(), l1 = semi_join(), l2 = cross_join([1]))
[   141.919][cube-solver-4][DEBUG] Solving cube (l0 = left_join(), l1 = semi_join(), l2 = inner_join())
[   192.997][cube-solver-2][DEBUG] Solving cube (l0 = left_join(), l1 = cross_join([1]), l2 = natural_join())
[   193.138][cube-solver-2][DEBUG] Solving cube (l0 = left_join(), l1 = cross_join([1]), l2 = natural_join3())
[   193.347][cube-solver-2][DEBUG] Solving cube (l0 = left_join(), l1 = cross_join([1]), l2 = natural_join4())
[   193.349][cube-solver-2][DEBUG] Solving cube (l0 = left_join(), l1 = cross_join([1]), l2 = anti_join())
[   194.280][cube-solver-2][DEBUG] Solving cube (l0 = left_join(), l1 = cross_join([1]), l2 = left_join())
[   194.445][cube-solver-2][DEBUG] Solving cube (l0 = left_join(), l1 = cross_join([1]), l2 = union())
[   194.610][cube-solver-2][DEBUG] Solving cube (l0 = left_join(), l1 = cross_join([1]), l2 = intersect())
[   195.111][cube-solver-2][DEBUG] Solving cube (l0 = left_join(), l1 = cross_join([1]), l2 = semi_join())
[   195.277][cube-solver-2][DEBUG] Solving cube (l0 = left_join(), l1 = cross_join([1]), l2 = cross_join([1]))
[   195.443][cube-solver-2][DEBUG] Solving cube (l0 = left_join(), l1 = cross_join([1]), l2 = inner_join())
[   199.882][cube-solver-0][DEBUG] Initialising process for 3 lines of code.
[   200.108][cube-solver-0][DEBUG] Solving cube (l0 = left_join(), l1 = inner_join(), l2 = natural_join())
[   202.873][cube-solver-2][DEBUG] Solving cube (l0 = left_join(), l1 = inner_join(), l2 = natural_join3())
[   317.637][cube-solver-6][DEBUG] Solving cube (l0 = left_join(), l1 = inner_join(), l2 = natural_join4())
[   317.645][cube-solver-6][DEBUG] Solving cube (l0 = left_join(), l1 = inner_join(), l2 = anti_join())
[   501.748][cube-solver-3][DEBUG] Solving cube (l0 = left_join(), l1 = inner_join(), l2 = left_join())
[   507.485][cube-solver-7][DEBUG] Solving cube (l0 = left_join(), l1 = inner_join(), l2 = union())
[   537.770][cube-solver-0][DEBUG] Solving cube (l0 = left_join(), l1 = inner_join(), l2 = intersect())
[   551.929][cube-solver-4][DEBUG] Solving cube (l0 = left_join(), l1 = inner_join(), l2 = semi_join())
[   588.863][cube-solver-0][DEBUG] Solving cube (l0 = left_join(), l1 = inner_join(), l2 = cross_join([1]))
[   599.281][cube-solver-0][DEBUG] Solving cube (l0 = left_join(), l1 = inner_join(), l2 = inner_join())
[   599.954][MainProcess][INFO] Statistics:
[   599.955][MainProcess][INFO] 	Generated cubes: 610
[   599.956][MainProcess][INFO] 	Attempted programs: 14527
[   599.956][MainProcess][INFO] 		Rejected: 8860
[   599.956][MainProcess][INFO] 		Failed: 5667
[   599.956][MainProcess][INFO] 	Blacklist clauses: 1
[   599.956][MainProcess][DEBUG] Printing statistics for good programs of size 1
[   599.960][MainProcess][DEBUG] 	0: Counter({'inner_join': 3456, 'left_join': 12, 'semi_join': 12, 'union': 12})
[   599.960][MainProcess][DEBUG] Printing statistics for good programs of size 2
[   600.084][MainProcess][DEBUG] 	0: Counter({'inner_join': 143658, 'left_join': 10668, 'union': 10668, 'semi_join': 10668, 'intersect': 756})
[   600.132][MainProcess][DEBUG] 	1: Counter({'inner_join': 112122, 'anti_join': 28548, 'left_join': 10548, 'union': 10548, 'semi_join': 7596, 'natural_join': 7056})
[   600.133][MainProcess][DEBUG] Printing statistics for good programs of size 3
[   600.223][MainProcess][DEBUG] 	0: Counter({'left_join': 478024})
[   600.310][MainProcess][DEBUG] 	1: Counter({'inner_join': 176811, 'anti_join': 77053, 'left_join': 60996, 'union': 60996, 'semi_join': 60996, 'natural_join': 35016, 'intersect': 6156})
[   600.396][MainProcess][DEBUG] 	2: Counter({'inner_join': 287788, 'natural_join3': 57141, 'natural_join': 50160, 'anti_join': 42753, 'left_join': 16058, 'union': 15519, 'semi_join': 8605})

No solution found
