[     3.066][MainProcess][INFO] Parsing specification...
[     3.085][MainProcess][WARNING] "attrs" field is deprecated. Please use "columns"
[     3.085][MainProcess][WARNING] "aggrs" field is deprecated. Please use "functions"
[     3.085][MainProcess][WARNING] "const" field is deprecated. Please use "constants"
[     3.086][MainProcess][DEBUG] Reading input files...
[     3.099][MainProcess][INFO] Inferred data types for table tests-examples/leetcode/tables/185_1.csv: ['int64', 'string', 'int64', 'int64']
[     3.104][MainProcess][INFO] Inferred data types for table tests-examples/leetcode/tables/185_2.csv: ['int64', 'string']
[     3.110][MainProcess][INFO] Inferred data types for table tests-examples/leetcode/tables/185_o.csv: ['string', 'string', 'int64']
[     3.143][MainProcess][DEBUG] Generating DSL...
[     3.339][MainProcess][INFO] Creating 16 processes
[     3.414][MainProcess][DEBUG] Increasing generator loc to 3
[     3.562][cube-solver-2][DEBUG] Initialising process for 2 lines of code.
[     3.569][cube-solver-4][DEBUG] Initialising process for 3 lines of code.
[     3.570][cube-solver-0][DEBUG] Initialising process for 2 lines of code.
[     3.571][cube-solver-1][DEBUG] Initialising process for 2 lines of code.
[     3.576][cube-solver-6][DEBUG] Initialising process for 3 lines of code.
[     3.581][cube-solver-3][DEBUG] Initialising process for 2 lines of code.
[     3.584][cube-solver-8][DEBUG] Initialising process for 3 lines of code.
[     3.589][cube-solver-5][DEBUG] Initialising process for 3 lines of code.
[     3.595][cube-solver-10][DEBUG] Initialising process for 3 lines of code.
[     3.603][cube-solver-13][DEBUG] Initialising process for 3 lines of code.
[     3.611][cube-solver-11][DEBUG] Initialising process for 3 lines of code.
[     3.616][cube-solver-12][DEBUG] Initialising process for 3 lines of code.
[     3.658][cube-solver-14][DEBUG] Initialising process for 3 lines of code.
[     3.662][cube-solver-9][DEBUG] Initialising process for 3 lines of code.
[     3.663][cube-solver-15][DEBUG] Initialising process for 3 lines of code.
[     3.665][cube-solver-7][DEBUG] Initialising process for 3 lines of code.
[    11.682][cube-solver-2][WARNING] There is no solution for current loc (2).
[    11.683][cube-solver-2][DEBUG] Solving cube (l0 = filter(), l1 = mutate())
[    11.714][cube-solver-2][DEBUG] Initialising process for 3 lines of code.
[    11.732][cube-solver-0][WARNING] There is no solution for current loc (2).
[    11.732][cube-solver-0][DEBUG] Solving cube (l0 = summarise(), l1 = filter())
[    11.746][cube-solver-3][WARNING] There is no solution for current loc (2).
[    11.747][cube-solver-3][DEBUG] Solving cube (l0 = mutate(), l1 = filter())
[    11.750][cube-solver-0][DEBUG] Initialising process for 3 lines of code.
[    11.755][cube-solver-1][WARNING] There is no solution for current loc (2).
[    11.755][cube-solver-1][DEBUG] Solving cube (l0 = filter(), l1 = summarise())
[    11.765][cube-solver-3][DEBUG] Initialising process for 3 lines of code.
[    11.773][cube-solver-1][DEBUG] Initialising process for 3 lines of code.
[    16.890][cube-solver-7][DEBUG] Solving cube (l0 = natural_join(), l1 = mutate(), l2 = filter())
[    16.919][cube-solver-9][DEBUG] Solving cube (l0 = natural_join3(), l1 = filter(), l2 = summarise())
[    16.937][cube-solver-12][DEBUG] Solving cube (l0 = natural_join4(), l1 = summarise(), l2 = filter())
[    16.956][cube-solver-4][DEBUG] Solving cube (l0 = natural_join(), l1 = summarise(), l2 = filter())
[    16.966][cube-solver-13][DEBUG] Solving cube (l0 = natural_join4(), l1 = filter(), l2 = summarise())
[    16.972][cube-solver-10][DEBUG] Solving cube (l0 = natural_join3(), l1 = filter(), l2 = mutate())
[    16.976][cube-solver-6][DEBUG] Solving cube (l0 = natural_join(), l1 = filter(), l2 = mutate())
[    16.979][cube-solver-9][DEBUG] Solving cube (l0 = summarise(), l1 = filter(), l2 = natural_join())
[    16.980][cube-solver-11][DEBUG] Solving cube (l0 = natural_join3(), l1 = mutate(), l2 = filter())
[    17.009][cube-solver-5][DEBUG] Solving cube (l0 = natural_join(), l1 = filter(), l2 = summarise())
[    17.028][cube-solver-15][DEBUG] Solving cube (l0 = natural_join4(), l1 = mutate(), l2 = filter())
[    17.044][cube-solver-8][DEBUG] Solving cube (l0 = natural_join3(), l1 = summarise(), l2 = filter())
[    17.051][cube-solver-12][DEBUG] Solving cube (l0 = summarise(), l1 = filter(), l2 = natural_join3())
[    17.051][cube-solver-14][DEBUG] Solving cube (l0 = natural_join4(), l1 = filter(), l2 = mutate())
[    17.078][cube-solver-10][DEBUG] Solving cube (l0 = summarise(), l1 = filter(), l2 = summarise())
[    17.080][cube-solver-13][DEBUG] Solving cube (l0 = summarise(), l1 = filter(), l2 = natural_join4())
[    17.104][cube-solver-11][DEBUG] Solving cube (l0 = summarise(), l1 = filter(), l2 = filter())
[    17.125][cube-solver-8][DEBUG] Solving cube (l0 = summarise(), l1 = filter(), l2 = anti_join())
[    17.141][cube-solver-13][DEBUG] Solving cube (l0 = summarise(), l1 = filter(), l2 = semi_join())
[    17.147][cube-solver-10][DEBUG] Solving cube (l0 = summarise(), l1 = filter(), l2 = union())
[    17.149][cube-solver-15][DEBUG] Solving cube (l0 = summarise(), l1 = filter(), l2 = left_join())
[    17.157][cube-solver-14][DEBUG] Solving cube (l0 = summarise(), l1 = filter(), l2 = intersect())
[    17.163][cube-solver-11][DEBUG] Solving cube (l0 = summarise(), l1 = filter(), l2 = cross_join())
[    25.215][cube-solver-2][DEBUG] Solving cube (l0 = summarise([7]), l1 = natural_join(), l2 = filter([173]))
[    25.230][cube-solver-0][DEBUG] Solving cube (l0 = summarise([7]), l1 = natural_join3(), l2 = filter([173]))
[    25.235][cube-solver-1][DEBUG] Solving cube (l0 = summarise([7]), l1 = summarise([7]), l2 = filter([173]))
[    25.240][cube-solver-3][DEBUG] Solving cube (l0 = summarise([7]), l1 = natural_join4(), l2 = filter([173]))
[    25.247][cube-solver-5][DEBUG] Solving cube (l0 = summarise([7]), l1 = filter([173]), l2 = mutate())
[    25.359][cube-solver-5][DEBUG] Solving cube (l0 = summarise([7]), l1 = filter([176]), l2 = inner_join())
[    25.367][cube-solver-1][DEBUG] Solving cube (l0 = summarise([7]), l1 = anti_join(), l2 = filter([176]))
[    25.372][cube-solver-3][DEBUG] Solving cube (l0 = summarise([7]), l1 = left_join(), l2 = filter([176]))
[    26.392][cube-solver-6][DEBUG] Solving cube (l0 = summarise([7]), l1 = union(), l2 = filter([184]))
[   262.156][cube-solver-4][DEBUG] Solving cube (l0 = summarise([7]), l1 = intersect(), l2 = filter([309]))
[   295.076][cube-solver-13][DEBUG] Solving cube (l0 = summarise([7]), l1 = semi_join(), l2 = filter([311]))
[   311.607][cube-solver-7][DEBUG] Solving cube (l0 = summarise([7]), l1 = cross_join(), l2 = filter([315]))
[   548.907][cube-solver-9][DEBUG] Solving cube (l0 = summarise([7]), l1 = mutate(), l2 = filter([315]))
[   549.466][cube-solver-9][DEBUG] Solving cube (l0 = summarise([7]), l1 = inner_join(), l2 = filter([315]))
[   553.628][cube-solver-15][DEBUG] Solving cube (l0 = filter([315]), l1 = natural_join(), l2 = summarise([7]))
[   565.711][cube-solver-15][DEBUG] Solving cube (l0 = filter([315]), l1 = natural_join(), l2 = mutate())
[   576.012][cube-solver-15][DEBUG] Solving cube (l0 = filter([315]), l1 = natural_join3(), l2 = summarise([7]))
[   585.458][cube-solver-13][DEBUG] Solving cube (l0 = filter([315]), l1 = natural_join3(), l2 = mutate())
[   599.981][MainProcess][INFO] Statistics:
[   599.981][MainProcess][INFO] 	Generated cubes: 45
[   599.981][MainProcess][INFO] 	Attempted programs: 46300
[   599.981][MainProcess][INFO] 		Rejected: 8090
[   599.981][MainProcess][INFO] 		Failed: 38210
[   599.981][MainProcess][INFO] 	Blacklist clauses: 322
[   599.981][MainProcess][DEBUG] Printing statistics for good programs of size 3
[   600.142][MainProcess][DEBUG] 	0: Counter({'summarise': 554850, 'natural_join': 63360, 'filter': 5816})
[   600.269][MainProcess][DEBUG] 	1: Counter({'filter': 227053, 'natural_join3': 78377, 'union': 74532, 'natural_join': 72775, 'left_join': 72577, 'mutate': 38400, 'semi_join': 25260, 'summarise': 23040, 'anti_join': 6900, 'inner_join': 5112})
[   600.392][MainProcess][DEBUG] 	2: Counter({'filter': 391157, 'natural_join3': 60258, 'union': 58615, 'natural_join': 39240, 'left_join': 39240, 'inner_join': 19608, 'semi_join': 5580, 'mutate': 4201, 'summarise': 3535, 'anti_join': 2592})

No solution found
