[     1.662][MainProcess][INFO] Parsing specification...
[     1.665][MainProcess][WARNING] "attrs" field is deprecated. Please use "columns"
[     1.665][MainProcess][WARNING] "aggrs" field is deprecated. Please use "functions"
[     1.666][MainProcess][DEBUG] Reading input files...
[     1.674][MainProcess][INFO] Inferred data types for table tests-examples/leetcode/tables/184_1.csv: ['int64', 'string', 'int64', 'int64']
[     1.678][MainProcess][INFO] Inferred data types for table tests-examples/leetcode/tables/184_2.csv: ['int64', 'string']
[     1.683][MainProcess][INFO] Inferred data types for table tests-examples/leetcode/tables/184_o.csv: ['string', 'string', 'int64']
[     1.711][MainProcess][DEBUG] Generating DSL...
[     1.742][MainProcess][INFO] Creating 16 processes
[     1.815][cube-solver-0][DEBUG] Initialising process for 1 lines of code.
[     1.815][cube-solver-1][DEBUG] Initialising process for 1 lines of code.
[     1.815][MainProcess][DEBUG] Increasing generator loc to 2
[     1.817][cube-solver-2][DEBUG] Initialising process for 2 lines of code.
[     1.817][cube-solver-3][DEBUG] Initialising process for 2 lines of code.
[     1.817][cube-solver-4][DEBUG] Initialising process for 2 lines of code.
[     1.818][cube-solver-5][DEBUG] Initialising process for 2 lines of code.
[     1.821][cube-solver-6][DEBUG] Initialising process for 2 lines of code.
[     1.829][cube-solver-8][DEBUG] Initialising process for 2 lines of code.
[     1.833][cube-solver-7][DEBUG] Initialising process for 2 lines of code.
[     1.836][cube-solver-9][DEBUG] Initialising process for 2 lines of code.
[     1.839][cube-solver-10][DEBUG] Initialising process for 2 lines of code.
[     1.842][cube-solver-11][DEBUG] Initialising process for 2 lines of code.
[     1.849][cube-solver-13][DEBUG] Initialising process for 2 lines of code.
[     1.872][cube-solver-12][DEBUG] Initialising process for 2 lines of code.
[     1.882][cube-solver-14][DEBUG] Initialising process for 2 lines of code.
[     1.890][cube-solver-15][DEBUG] Initialising process for 2 lines of code.
[     2.197][cube-solver-0][WARNING] There is no solution for current loc (1).
[     2.198][cube-solver-1][WARNING] There is no solution for current loc (1).
[     2.198][cube-solver-0][DEBUG] Solving cube (l0 = summarise(),)
[     2.199][cube-solver-1][DEBUG] Solving cube (l0 = mutate(),)
[     2.200][cube-solver-0][DEBUG] Initialising process for 2 lines of code.
[     2.200][cube-solver-1][DEBUG] Initialising process for 2 lines of code.
[     2.341][cube-solver-6][DEBUG] Solving cube (l0 = natural_join4(), l1 = summarise())
[     2.345][cube-solver-6][DEBUG] Solving cube (l0 = summarise(), l1 = cross_join())
[     2.346][cube-solver-8][DEBUG] Solving cube (l0 = summarise(), l1 = natural_join())
[     2.362][cube-solver-11][DEBUG] Solving cube (l0 = summarise(), l1 = summarise())
[     2.366][cube-solver-11][DEBUG] Solving cube (l0 = summarise([2]), l1 = mutate())
[     2.368][cube-solver-2][DEBUG] Solving cube (l0 = natural_join(), l1 = summarise([2]))
[     2.371][cube-solver-11][DEBUG] Solving cube (l0 = summarise([2]), l1 = inner_join())
[     2.380][cube-solver-9][DEBUG] Solving cube (l0 = summarise([3]), l1 = natural_join3())
[     2.391][cube-solver-13][DEBUG] Solving cube (l0 = summarise([4]), l1 = anti_join())
[     2.401][cube-solver-5][DEBUG] Solving cube (l0 = natural_join3(), l1 = mutate())
[     2.406][cube-solver-5][DEBUG] Solving cube (l0 = filter(), l1 = summarise([8]))
[     2.415][cube-solver-5][DEBUG] Solving cube (l0 = filter(), l1 = mutate())
[     2.417][cube-solver-5][DEBUG] Solving cube (l0 = anti_join(), l1 = summarise([11]))
[     2.426][cube-solver-4][DEBUG] Solving cube (l0 = natural_join3(), l1 = summarise([11]))
[     2.436][cube-solver-10][DEBUG] Solving cube (l0 = summarise([12]), l1 = natural_join4())
[     2.441][cube-solver-4][DEBUG] Solving cube (l0 = anti_join(), l1 = mutate())
[     2.449][cube-solver-10][DEBUG] Solving cube (l0 = left_join(), l1 = summarise([13]))
[     2.476][cube-solver-12][DEBUG] Solving cube (l0 = summarise([16]), l1 = filter())
[     2.491][cube-solver-12][DEBUG] Solving cube (l0 = left_join(), l1 = mutate())
[     2.556][cube-solver-3][DEBUG] Solving cube (l0 = natural_join(), l1 = mutate())
[     2.657][cube-solver-7][DEBUG] Solving cube (l0 = natural_join4(), l1 = mutate())
[     2.661][cube-solver-7][DEBUG] Solving cube (l0 = union(), l1 = summarise([23]))
[     2.779][cube-solver-15][DEBUG] Solving cube (l0 = summarise([24]), l1 = union())
[     2.870][cube-solver-14][DEBUG] Solving cube (l0 = summarise([24]), l1 = left_join())
[     2.963][cube-solver-1][DEBUG] Solving cube (l0 = summarise([24]), l1 = semi_join())
[     3.007][cube-solver-0][DEBUG] Solving cube (l0 = summarise([24]), l1 = intersect())
[     3.450][cube-solver-6][DEBUG] Solving cube (l0 = union(), l1 = mutate())
[     4.259][cube-solver-1][DEBUG] Solving cube (l0 = intersect(), l1 = summarise([24]))
[     5.062][cube-solver-2][DEBUG] Solving cube (l0 = intersect([8]), l1 = mutate())
[     5.073][cube-solver-2][DEBUG] Solving cube (l0 = semi_join(), l1 = summarise([24]))
[     5.223][cube-solver-7][DEBUG] Solving cube (l0 = semi_join(), l1 = mutate())
[     5.235][cube-solver-10][DEBUG] Solving cube (l0 = cross_join(), l1 = summarise([24]))
[     5.273][cube-solver-3][DEBUG] Solving cube (l0 = cross_join([1]), l1 = mutate())
[     5.295][cube-solver-3][DEBUG] Solving cube (l0 = mutate(), l1 = natural_join())
[     5.540][cube-solver-12][DEBUG] Solving cube (l0 = mutate(), l1 = natural_join3())
[     5.792][cube-solver-10][DEBUG] Solving cube (l0 = mutate(), l1 = natural_join4())
[     5.798][cube-solver-10][DEBUG] Solving cube (l0 = mutate(), l1 = summarise([24]))
[     5.818][cube-solver-10][DEBUG] Solving cube (l0 = mutate(), l1 = filter())
[     5.820][cube-solver-10][DEBUG] Solving cube (l0 = mutate(), l1 = anti_join([14]))
[     5.823][cube-solver-0][DEBUG] Solving cube (l0 = mutate(), l1 = left_join())
[     6.098][cube-solver-6][DEBUG] Solving cube (l0 = mutate([2]), l1 = union())
[     6.356][cube-solver-2][DEBUG] Solving cube (l0 = mutate([2]), l1 = intersect([8]))
[     6.605][cube-solver-7][DEBUG] Solving cube (l0 = mutate([2]), l1 = semi_join())
[     6.755][cube-solver-2][DEBUG] Solving cube (l0 = mutate([2]), l1 = cross_join([2]))
[     6.826][cube-solver-2][DEBUG] Solving cube (l0 = mutate([2]), l1 = mutate([2]))
[     6.831][cube-solver-2][DEBUG] Solving cube (l0 = mutate([2]), l1 = inner_join())
[     7.487][cube-solver-1][DEBUG] Solving cube (l0 = inner_join(), l1 = summarise([24]))
[     7.941][cube-solver-7][DEBUG] Solving cube (l0 = inner_join([15]), l1 = mutate([2]))
[     7.948][MainProcess][DEBUG] Increasing generator loc to 3
[     7.949][cube-solver-3][DEBUG] Initialising process for 3 lines of code.
[     8.256][cube-solver-4][DEBUG] Initialising process for 3 lines of code.
[     8.596][cube-solver-0][DEBUG] Initialising process for 3 lines of code.
[     8.616][cube-solver-6][DEBUG] Initialising process for 3 lines of code.
[     8.676][cube-solver-14][DEBUG] Initialising process for 3 lines of code.
[     9.026][cube-solver-3][DEBUG] Solving cube (l0 = natural_join(), l1 = summarise([24]), l2 = natural_join())
[     9.304][cube-solver-8][DEBUG] Initialising process for 3 lines of code.
[     9.376][cube-solver-4][DEBUG] Solving cube (l0 = natural_join(), l1 = summarise([24]), l2 = natural_join3())
[     9.703][cube-solver-0][DEBUG] Solving cube (l0 = natural_join(), l1 = summarise([24]), l2 = natural_join4())
[     9.717][cube-solver-0][DEBUG] Solving cube (l0 = natural_join(), l1 = summarise([24]), l2 = left_join())
[     9.739][cube-solver-14][DEBUG] Solving cube (l0 = natural_join(), l1 = summarise([24]), l2 = filter())
[     9.775][cube-solver-6][DEBUG] Solving cube (l0 = natural_join(), l1 = summarise([24]), l2 = summarise([24]))
[     9.804][cube-solver-6][DEBUG] Solving cube (l0 = natural_join(), l1 = summarise([24]), l2 = union())
[     9.941][cube-solver-5][DEBUG] Initialising process for 3 lines of code.
[    10.376][cube-solver-8][DEBUG] Solving cube (l0 = natural_join(), l1 = summarise([24]), l2 = anti_join([14]))
[    11.062][cube-solver-5][DEBUG] Solving cube (l0 = natural_join(), l1 = summarise([24]), l2 = intersect([8]))
[    11.691][cube-solver-10][DEBUG] Initialising process for 3 lines of code.
[    12.268][cube-solver-13][DEBUG] Initialising process for 3 lines of code.
[    12.772][cube-solver-10][DEBUG] Solving cube (l0 = natural_join(), l1 = summarise([24]), l2 = semi_join())
[    12.800][cube-solver-15][DEBUG] Initialising process for 3 lines of code.
[    13.409][cube-solver-13][DEBUG] Solving cube (l0 = natural_join(), l1 = summarise([24]), l2 = cross_join([2]))
[    13.488][cube-solver-12][DEBUG] Initialising process for 3 lines of code.
[    13.900][cube-solver-15][DEBUG] Solving cube (l0 = natural_join(), l1 = summarise([24]), l2 = mutate([2]))
[    14.598][cube-solver-12][DEBUG] Solving cube (l0 = natural_join(), l1 = summarise([24]), l2 = inner_join([76]))
[    16.769][cube-solver-14][DEBUG] Solving cube (l0 = natural_join(), l1 = filter(), l2 = summarise([24]))
[    16.791][cube-solver-14][DEBUG] Solving cube (l0 = natural_join(), l1 = filter(), l2 = mutate([2]))
[    16.796][cube-solver-14][DEBUG] Solving cube (l0 = natural_join(), l1 = anti_join([14]), l2 = summarise([24]))
[    16.826][cube-solver-14][DEBUG] Solving cube (l0 = natural_join(), l1 = anti_join([14]), l2 = mutate([2]))
[    16.841][cube-solver-14][DEBUG] Solving cube (l0 = natural_join(), l1 = left_join(), l2 = summarise([24]))
[    18.942][cube-solver-13][DEBUG] Solving cube (l0 = natural_join(), l1 = left_join(), l2 = mutate([2]))
[    19.508][cube-solver-15][DEBUG] Solving cube (l0 = natural_join(), l1 = union(), l2 = summarise([24]))
[    27.999][cube-solver-14][DEBUG] Solving cube (l0 = natural_join(), l1 = union(), l2 = mutate([2]))
[    30.518][cube-solver-15][DEBUG] Solving cube (l0 = natural_join(), l1 = intersect([8]), l2 = summarise([24]))
[    31.885][cube-solver-13][DEBUG] Solving cube (l0 = natural_join(), l1 = intersect([8]), l2 = mutate([2]))
[    33.703][cube-solver-13][DEBUG] Solving cube (l0 = natural_join(), l1 = semi_join(), l2 = summarise([24]))
[    41.065][cube-solver-14][DEBUG] Solving cube (l0 = natural_join(), l1 = semi_join(), l2 = mutate([2]))
[    42.377][cube-solver-5][DEBUG] Solving cube (l0 = natural_join(), l1 = cross_join([2]), l2 = summarise([24]))
[    43.283][cube-solver-1][DEBUG] Initialising process for 3 lines of code.
[    43.513][cube-solver-13][DEBUG] Solving cube (l0 = natural_join(), l1 = mutate([2]), l2 = natural_join())
[    44.413][cube-solver-1][DEBUG] Solving cube (l0 = natural_join(), l1 = cross_join([2]), l2 = mutate([2]))
[    44.679][cube-solver-1][DEBUG] Solving cube (l0 = natural_join(), l1 = mutate([2]), l2 = natural_join3())
[    45.061][cube-solver-5][DEBUG] Solving cube (l0 = natural_join(), l1 = mutate([2]), l2 = natural_join4())
[    45.069][cube-solver-5][DEBUG] Solving cube (l0 = natural_join(), l1 = mutate([2]), l2 = summarise([24]))
[    48.006][cube-solver-15][DEBUG] Solving cube (l0 = natural_join(), l1 = mutate([2]), l2 = filter())
[    49.647][cube-solver-5][DEBUG] Solving cube (l0 = natural_join(), l1 = mutate([2]), l2 = anti_join([14]))
[    51.277][cube-solver-14][DEBUG] Solving cube (l0 = natural_join(), l1 = mutate([2]), l2 = left_join())
[    54.500][cube-solver-7][DEBUG] Initialising process for 3 lines of code.
[    55.691][cube-solver-7][DEBUG] Solving cube (l0 = natural_join(), l1 = mutate([2]), l2 = union())
[    57.665][cube-solver-15][DEBUG] Solving cube (l0 = natural_join(), l1 = mutate([2]), l2 = intersect([8]))
[    59.994][cube-solver-1][DEBUG] Solving cube (l0 = natural_join(), l1 = mutate([2]), l2 = semi_join())
[    60.565][cube-solver-10][DEBUG] Solving cube (l0 = natural_join(), l1 = mutate([2]), l2 = cross_join([2]))
[    61.000][cube-solver-15][DEBUG] Solving cube (l0 = natural_join(), l1 = mutate([2]), l2 = mutate([2]))
[    61.110][cube-solver-10][DEBUG] Solving cube (l0 = natural_join(), l1 = mutate([2]), l2 = inner_join([84]))
[    64.364][cube-solver-13][DEBUG] Solving cube (l0 = natural_join(), l1 = inner_join([84]), l2 = summarise([24]))
[    65.904][cube-solver-9][DEBUG] Initialising process for 3 lines of code.
[    66.988][cube-solver-9][DEBUG] Solving cube (l0 = natural_join(), l1 = inner_join([84]), l2 = mutate([2]))
[    67.144][cube-solver-15][DEBUG] Solving cube (l0 = natural_join(), l1 = natural_join(), l2 = summarise([24]))
[    74.477][cube-solver-14][DEBUG] Solving cube (l0 = natural_join(), l1 = natural_join(), l2 = mutate([2]))
[    76.332][cube-solver-15][DEBUG] Solving cube (l0 = natural_join(), l1 = natural_join3(), l2 = summarise([24]))
[    76.353][cube-solver-15][DEBUG] Solving cube (l0 = natural_join(), l1 = natural_join3(), l2 = mutate([2]))
[    76.358][cube-solver-15][DEBUG] Solving cube (l0 = natural_join(), l1 = natural_join4(), l2 = summarise([24]))
[    76.378][cube-solver-15][DEBUG] Solving cube (l0 = natural_join(), l1 = natural_join4(), l2 = mutate([2]))
[    76.384][cube-solver-15][DEBUG] Solving cube (l0 = natural_join3(), l1 = summarise([24]), l2 = natural_join())
[    76.400][cube-solver-15][DEBUG] Solving cube (l0 = natural_join3(), l1 = summarise([24]), l2 = natural_join3())
[    76.412][cube-solver-15][DEBUG] Solving cube (l0 = natural_join3(), l1 = summarise([24]), l2 = natural_join4())
[    76.424][cube-solver-15][DEBUG] Solving cube (l0 = natural_join3(), l1 = summarise([24]), l2 = summarise([24]))
[    76.445][cube-solver-15][DEBUG] Solving cube (l0 = natural_join3(), l1 = summarise([24]), l2 = filter())
[    76.458][cube-solver-15][DEBUG] Solving cube (l0 = natural_join3(), l1 = summarise([24]), l2 = anti_join([14]))
[    76.475][cube-solver-15][DEBUG] Solving cube (l0 = natural_join3(), l1 = summarise([24]), l2 = left_join())
[    76.487][cube-solver-15][DEBUG] Solving cube (l0 = natural_join3(), l1 = summarise([24]), l2 = union())
[    76.499][cube-solver-15][DEBUG] Solving cube (l0 = natural_join3(), l1 = summarise([24]), l2 = intersect([8]))
[    76.514][cube-solver-15][DEBUG] Solving cube (l0 = natural_join3(), l1 = summarise([24]), l2 = semi_join())
[    76.527][cube-solver-15][DEBUG] Solving cube (l0 = natural_join3(), l1 = summarise([24]), l2 = cross_join([2]))
[    76.539][cube-solver-15][DEBUG] Solving cube (l0 = natural_join3(), l1 = summarise([24]), l2 = mutate([2]))
[    76.558][cube-solver-15][DEBUG] Solving cube (l0 = natural_join3(), l1 = summarise([24]), l2 = inner_join([84]))
[    76.605][cube-solver-15][DEBUG] Solving cube (l0 = natural_join3(), l1 = filter(), l2 = summarise([24]))
[    76.618][cube-solver-15][DEBUG] Solving cube (l0 = natural_join3(), l1 = filter(), l2 = mutate([2]))
[    76.621][cube-solver-15][DEBUG] Solving cube (l0 = natural_join3(), l1 = anti_join([14]), l2 = summarise([24]))
[    76.638][cube-solver-15][DEBUG] Solving cube (l0 = natural_join3(), l1 = anti_join([14]), l2 = mutate([2]))
[    76.647][cube-solver-15][DEBUG] Solving cube (l0 = natural_join3(), l1 = left_join(), l2 = summarise([24]))
[    76.659][cube-solver-15][DEBUG] Solving cube (l0 = natural_join3(), l1 = left_join(), l2 = mutate([2]))
[    76.662][cube-solver-15][DEBUG] Solving cube (l0 = natural_join3(), l1 = union(), l2 = summarise([24]))
[    76.674][cube-solver-15][DEBUG] Solving cube (l0 = natural_join3(), l1 = union(), l2 = mutate([2]))
[    76.677][cube-solver-15][DEBUG] Solving cube (l0 = natural_join3(), l1 = intersect([8]), l2 = summarise([24]))
[    76.692][cube-solver-15][DEBUG] Solving cube (l0 = natural_join3(), l1 = intersect([8]), l2 = mutate([2]))
[    76.698][cube-solver-15][DEBUG] Solving cube (l0 = natural_join3(), l1 = semi_join(), l2 = summarise([24]))
[    76.710][cube-solver-15][DEBUG] Solving cube (l0 = natural_join3(), l1 = semi_join(), l2 = mutate([2]))
[    76.713][cube-solver-15][DEBUG] Solving cube (l0 = natural_join3(), l1 = cross_join([2]), l2 = summarise([24]))
[    76.725][cube-solver-15][DEBUG] Solving cube (l0 = natural_join3(), l1 = cross_join([2]), l2 = mutate([2]))
[    76.729][cube-solver-15][DEBUG] Solving cube (l0 = natural_join3(), l1 = mutate([2]), l2 = natural_join())
[    76.732][cube-solver-15][DEBUG] Solving cube (l0 = natural_join3(), l1 = mutate([2]), l2 = natural_join3())
[    76.734][cube-solver-15][DEBUG] Solving cube (l0 = natural_join3(), l1 = mutate([2]), l2 = natural_join4())
[    76.737][cube-solver-15][DEBUG] Solving cube (l0 = natural_join3(), l1 = mutate([2]), l2 = summarise([24]))
[    76.749][cube-solver-15][DEBUG] Solving cube (l0 = natural_join3(), l1 = mutate([2]), l2 = filter())
[    76.752][cube-solver-15][DEBUG] Solving cube (l0 = natural_join3(), l1 = mutate([2]), l2 = anti_join([14]))
[    76.761][cube-solver-15][DEBUG] Solving cube (l0 = natural_join3(), l1 = mutate([2]), l2 = left_join())
[    76.764][cube-solver-15][DEBUG] Solving cube (l0 = natural_join3(), l1 = mutate([2]), l2 = union())
[    76.766][cube-solver-15][DEBUG] Solving cube (l0 = natural_join3(), l1 = mutate([2]), l2 = intersect([8]))
[    76.772][cube-solver-15][DEBUG] Solving cube (l0 = natural_join3(), l1 = mutate([2]), l2 = semi_join())
[    76.775][cube-solver-15][DEBUG] Solving cube (l0 = natural_join3(), l1 = mutate([2]), l2 = cross_join([2]))
[    76.779][cube-solver-15][DEBUG] Solving cube (l0 = natural_join3(), l1 = mutate([2]), l2 = mutate([2]))
[    76.787][cube-solver-15][DEBUG] Solving cube (l0 = natural_join3(), l1 = mutate([2]), l2 = inner_join([84]))
[    76.833][cube-solver-15][DEBUG] Solving cube (l0 = natural_join3(), l1 = inner_join([84]), l2 = summarise([24]))
[    76.886][cube-solver-15][DEBUG] Solving cube (l0 = natural_join3(), l1 = inner_join([84]), l2 = mutate([2]))
[    76.926][cube-solver-15][DEBUG] Solving cube (l0 = natural_join3(), l1 = natural_join(), l2 = summarise([24]))
[    76.937][cube-solver-15][DEBUG] Solving cube (l0 = natural_join3(), l1 = natural_join(), l2 = mutate([2]))
[    76.941][cube-solver-15][DEBUG] Solving cube (l0 = natural_join3(), l1 = natural_join3(), l2 = summarise([24]))
[    76.952][cube-solver-15][DEBUG] Solving cube (l0 = natural_join3(), l1 = natural_join3(), l2 = mutate([2]))
[    76.956][cube-solver-15][DEBUG] Solving cube (l0 = natural_join3(), l1 = natural_join4(), l2 = summarise([24]))
[    76.967][cube-solver-15][DEBUG] Solving cube (l0 = natural_join3(), l1 = natural_join4(), l2 = mutate([2]))
[    76.970][cube-solver-15][DEBUG] Solving cube (l0 = natural_join4(), l1 = summarise([24]), l2 = natural_join())
[    76.982][cube-solver-15][DEBUG] Solving cube (l0 = natural_join4(), l1 = summarise([24]), l2 = natural_join3())
[    76.994][cube-solver-15][DEBUG] Solving cube (l0 = natural_join4(), l1 = summarise([24]), l2 = natural_join4())
[    77.006][cube-solver-15][DEBUG] Solving cube (l0 = natural_join4(), l1 = summarise([24]), l2 = summarise([24]))
[    77.027][cube-solver-15][DEBUG] Solving cube (l0 = natural_join4(), l1 = summarise([24]), l2 = filter())
[    77.039][cube-solver-15][DEBUG] Solving cube (l0 = natural_join4(), l1 = summarise([24]), l2 = anti_join([14]))
[    77.057][cube-solver-15][DEBUG] Solving cube (l0 = natural_join4(), l1 = summarise([24]), l2 = left_join())
[    77.069][cube-solver-15][DEBUG] Solving cube (l0 = natural_join4(), l1 = summarise([24]), l2 = union())
[    77.081][cube-solver-15][DEBUG] Solving cube (l0 = natural_join4(), l1 = summarise([24]), l2 = intersect([8]))
[    77.096][cube-solver-15][DEBUG] Solving cube (l0 = natural_join4(), l1 = summarise([24]), l2 = semi_join())
[    77.108][cube-solver-15][DEBUG] Solving cube (l0 = natural_join4(), l1 = summarise([24]), l2 = cross_join([2]))
[    77.120][cube-solver-15][DEBUG] Solving cube (l0 = natural_join4(), l1 = summarise([24]), l2 = mutate([2]))
[    77.138][cube-solver-15][DEBUG] Solving cube (l0 = natural_join4(), l1 = summarise([24]), l2 = inner_join([84]))
[    77.201][cube-solver-15][DEBUG] Solving cube (l0 = natural_join4(), l1 = filter(), l2 = summarise([24]))
[    77.221][cube-solver-15][DEBUG] Solving cube (l0 = natural_join4(), l1 = filter(), l2 = mutate([2]))
[    77.226][cube-solver-15][DEBUG] Solving cube (l0 = natural_join4(), l1 = anti_join([14]), l2 = summarise([24]))
[    77.260][cube-solver-15][DEBUG] Solving cube (l0 = natural_join4(), l1 = anti_join([14]), l2 = mutate([2]))
[    77.270][cube-solver-15][DEBUG] Solving cube (l0 = natural_join4(), l1 = left_join(), l2 = summarise([24]))
[    77.282][cube-solver-15][DEBUG] Solving cube (l0 = natural_join4(), l1 = left_join(), l2 = mutate([2]))
[    77.285][cube-solver-15][DEBUG] Solving cube (l0 = natural_join4(), l1 = union(), l2 = summarise([24]))
[    77.297][cube-solver-15][DEBUG] Solving cube (l0 = natural_join4(), l1 = union(), l2 = mutate([2]))
[    77.300][cube-solver-15][DEBUG] Solving cube (l0 = natural_join4(), l1 = intersect([8]), l2 = summarise([24]))
[    77.315][cube-solver-15][DEBUG] Solving cube (l0 = natural_join4(), l1 = intersect([8]), l2 = mutate([2]))
[    77.321][cube-solver-15][DEBUG] Solving cube (l0 = natural_join4(), l1 = semi_join(), l2 = summarise([24]))
[    77.333][cube-solver-15][DEBUG] Solving cube (l0 = natural_join4(), l1 = semi_join(), l2 = mutate([2]))
[    77.336][cube-solver-15][DEBUG] Solving cube (l0 = natural_join4(), l1 = cross_join([2]), l2 = summarise([24]))
[    77.349][cube-solver-15][DEBUG] Solving cube (l0 = natural_join4(), l1 = cross_join([2]), l2 = mutate([2]))
[    77.352][cube-solver-15][DEBUG] Solving cube (l0 = natural_join4(), l1 = mutate([2]), l2 = natural_join())
[    77.354][cube-solver-1][DEBUG] Solving cube (l0 = natural_join4(), l1 = mutate([2]), l2 = natural_join3())
[    77.355][cube-solver-15][DEBUG] Solving cube (l0 = natural_join4(), l1 = mutate([2]), l2 = natural_join4())
[    77.358][cube-solver-15][DEBUG] Solving cube (l0 = natural_join4(), l1 = mutate([2]), l2 = summarise([24]))
[    77.358][cube-solver-1][DEBUG] Solving cube (l0 = natural_join4(), l1 = mutate([2]), l2 = filter())
[    77.361][cube-solver-1][DEBUG] Solving cube (l0 = natural_join4(), l1 = mutate([2]), l2 = anti_join([14]))
[    77.370][cube-solver-1][DEBUG] Solving cube (l0 = natural_join4(), l1 = mutate([2]), l2 = left_join())
[    77.371][cube-solver-15][DEBUG] Solving cube (l0 = natural_join4(), l1 = mutate([2]), l2 = union())
[    77.372][cube-solver-1][DEBUG] Solving cube (l0 = natural_join4(), l1 = mutate([2]), l2 = intersect([8]))
[    77.374][cube-solver-15][DEBUG] Solving cube (l0 = natural_join4(), l1 = mutate([2]), l2 = semi_join())
[    77.377][cube-solver-15][DEBUG] Solving cube (l0 = natural_join4(), l1 = mutate([2]), l2 = cross_join([2]))
[    77.379][cube-solver-1][DEBUG] Solving cube (l0 = natural_join4(), l1 = mutate([2]), l2 = mutate([2]))
[    77.387][cube-solver-15][DEBUG] Solving cube (l0 = natural_join4(), l1 = mutate([2]), l2 = inner_join([84]))
[    77.392][cube-solver-1][DEBUG] Solving cube (l0 = natural_join4(), l1 = inner_join([84]), l2 = summarise([24]))
[    77.430][cube-solver-15][DEBUG] Solving cube (l0 = natural_join4(), l1 = inner_join([84]), l2 = mutate([2]))
[    77.441][cube-solver-1][DEBUG] Solving cube (l0 = natural_join4(), l1 = natural_join(), l2 = summarise([24]))
[    77.453][cube-solver-1][DEBUG] Solving cube (l0 = natural_join4(), l1 = natural_join(), l2 = mutate([2]))
[    77.456][cube-solver-1][DEBUG] Solving cube (l0 = natural_join4(), l1 = natural_join3(), l2 = summarise([24]))
[    77.468][cube-solver-1][DEBUG] Solving cube (l0 = natural_join4(), l1 = natural_join3(), l2 = mutate([2]))
[    77.471][cube-solver-15][DEBUG] Solving cube (l0 = natural_join4(), l1 = natural_join4(), l2 = summarise([24]))
[    77.471][cube-solver-1][DEBUG] Solving cube (l0 = natural_join4(), l1 = natural_join4(), l2 = mutate([2]))
[    77.474][cube-solver-1][DEBUG] Solving cube (l0 = summarise([24]), l1 = natural_join(), l2 = summarise([24]))
[    77.483][cube-solver-15][DEBUG] Solving cube (l0 = summarise([24]), l1 = natural_join(), l2 = filter())
[    79.194][cube-solver-7][DEBUG] Solving cube (l0 = summarise([24]), l1 = natural_join(), l2 = anti_join([14]))
[    79.226][cube-solver-7][DEBUG] Solving cube (l0 = summarise([24]), l1 = natural_join(), l2 = left_join())
[    84.937][cube-solver-14][DEBUG] Solving cube (l0 = summarise([24]), l1 = natural_join(), l2 = union())
[    91.348][cube-solver-15][DEBUG] Solving cube (l0 = summarise([24]), l1 = natural_join(), l2 = intersect([8]))
[    91.863][cube-solver-2][DEBUG] Initialising process for 3 lines of code.
[    92.985][cube-solver-2][DEBUG] Solving cube (l0 = summarise([24]), l1 = natural_join(), l2 = semi_join())
[    94.178][cube-solver-1][DEBUG] Solving cube (l0 = summarise([24]), l1 = natural_join(), l2 = cross_join([2]))
[    96.212][cube-solver-8][DEBUG] Solving cube (l0 = summarise([24]), l1 = natural_join(), l2 = mutate([2]))
[    99.844][cube-solver-1][DEBUG] Solving cube (l0 = summarise([24]), l1 = natural_join(), l2 = inner_join([84]))
[   106.040][cube-solver-5][DEBUG] Solving cube (l0 = summarise([24]), l1 = natural_join(), l2 = natural_join())
[   107.876][cube-solver-8][DEBUG] Solving cube (l0 = summarise([24]), l1 = natural_join(), l2 = natural_join3())
[   107.890][cube-solver-8][DEBUG] Solving cube (l0 = summarise([24]), l1 = natural_join(), l2 = natural_join4())
[   107.903][cube-solver-8][DEBUG] Solving cube (l0 = summarise([24]), l1 = natural_join3(), l2 = summarise([24]))
[   123.347][cube-solver-15][DEBUG] Solving cube (l0 = summarise([24]), l1 = natural_join3(), l2 = filter())
[   132.948][cube-solver-4][DEBUG] Solving cube (l0 = summarise([24]), l1 = natural_join3(), l2 = anti_join([14]))
[   141.030][MainProcess][INFO] Hard problem!
[   141.101][MainProcess][DEBUG] Increasing alternate_generator loc to 4
[   141.102][cube-solver-11][DEBUG] Initialising process for 4 lines of code.
[   142.871][cube-solver-11][DEBUG] Solving cube (l0 = natural_join(), l1 = summarise([24]), l2 = natural_join(), l3 = summarise([24]))
[   155.690][cube-solver-3][DEBUG] Initialising process for 4 lines of code.
[   157.367][cube-solver-3][DEBUG] Solving cube (l0 = natural_join(), l1 = summarise([24]), l2 = natural_join(), l3 = filter())
[   160.328][cube-solver-0][DEBUG] Initialising process for 4 lines of code.
[   162.194][cube-solver-0][DEBUG] Solving cube (l0 = natural_join(), l1 = summarise([24]), l2 = natural_join(), l3 = anti_join([14]))
[   162.214][cube-solver-0][DEBUG] Solving cube (l0 = natural_join(), l1 = summarise([24]), l2 = natural_join(), l3 = left_join())
[   165.413][cube-solver-2][DEBUG] Initialising process for 4 lines of code.
[   166.158][cube-solver-6][DEBUG] Initialising process for 4 lines of code.
[   167.099][cube-solver-2][DEBUG] Solving cube (l0 = natural_join(), l1 = summarise([24]), l2 = natural_join(), l3 = union())
[   167.847][cube-solver-6][DEBUG] Solving cube (l0 = natural_join(), l1 = summarise([24]), l2 = natural_join(), l3 = intersect([8]))
[   210.957][cube-solver-8][DEBUG] Solving cube (l0 = summarise([24]), l1 = natural_join3(), l2 = left_join())
[   230.623][cube-solver-7][DEBUG] Solving cube (l0 = summarise([24]), l1 = natural_join3(), l2 = union())
[   237.283][cube-solver-14][DEBUG] Solving cube (l0 = summarise([24]), l1 = natural_join3(), l2 = intersect([8]))
[   252.127][cube-solver-5][DEBUG] Solving cube (l0 = summarise([24]), l1 = natural_join3(), l2 = semi_join())
[   305.136][cube-solver-14][DEBUG] Solving cube (l0 = summarise([24]), l1 = natural_join3(), l2 = cross_join([2]))
[   316.947][cube-solver-14][DEBUG] Solving cube (l0 = summarise([24]), l1 = natural_join3(), l2 = mutate([2]))
[   320.384][cube-solver-1][DEBUG] Found solution with cube (l0 = summarise([24]), l1 = natural_join(), l2 = inner_join([84]))
[   320.386][MainProcess][INFO] Statistics:
[   320.386][MainProcess][INFO] 	Generated cubes: 222
[   320.387][MainProcess][INFO] 	Attempted programs: 30660
[   320.387][MainProcess][INFO] 		Rejected: 8588
[   320.387][MainProcess][INFO] 		Failed: 22071
[   320.387][MainProcess][INFO] 	Blacklist clauses: 134
[   320.387][MainProcess][DEBUG] Priting statistics for good programs of size 2
[   320.439][MainProcess][DEBUG] 	0: Counter({'summarise': 19044, 'mutate': 13728, 'inner_join': 7908, 'anti_join': 1104, 'natural_join': 552, 'left_join': 552, 'union': 552, 'semi_join': 276})
[   320.473][MainProcess][DEBUG] 	1: Counter({'inner_join': 18780, 'natural_join3': 9120, 'mutate': 7896, 'summarise': 3048, 'union': 1584, 'natural_join': 1056, 'left_join': 1056, 'anti_join': 912, 'semi_join': 264})
[   320.473][MainProcess][DEBUG] Priting statistics for good programs of size 3
[   320.647][MainProcess][DEBUG] 	0: Counter({'natural_join': 250123, 'summarise': 194795})
[   320.767][MainProcess][DEBUG] 	1: Counter({'summarise': 127884, 'natural_join': 102425, 'natural_join3': 94585, 'mutate': 57540, 'inner_join': 54765, 'left_join': 2760, 'union': 2760, 'semi_join': 2208})
[   320.881][MainProcess][DEBUG] 	2: Counter({'inner_join': 100963, 'left_join': 56651, 'union': 55212, 'mutate': 43404, 'natural_join': 41088, 'anti_join': 38481, 'summarise': 35412, 'filter': 29727, 'semi_join': 25757, 'natural_join3': 18240})
[   320.881][MainProcess][DEBUG] Priting statistics for good programs of size 4
[   320.912][MainProcess][DEBUG] 	0: Counter({'natural_join': 75094})
[   320.939][MainProcess][DEBUG] 	1: Counter({'summarise': 75094})
[   320.964][MainProcess][DEBUG] 	2: Counter({'natural_join': 75096})
[   320.992][MainProcess][DEBUG] 	3: Counter({'filter': 21376, 'left_join': 20105, 'union': 19949, 'summarise': 13668})
[   320.993][MainProcess][INFO] Solution found: inner_join(@param1, natural_join(@param0, summarise(@param0, Salary = max(Salary), DepartmentId)), 'Id' = 'DepartmentId')

------------------------------------- R Solution ---------------------------------------

con <- DBI::dbConnect(RSQLite::SQLite(), ":memory:")
input1 <- read_csv("tests-examples/leetcode/tables/184_1.csv", col_types = cols(Id = col_integer(),Name = col_character(),Salary = col_integer(),DepartmentId = col_integer()))
input1 <- copy_to(con, input1)
input2 <- read_csv("tests-examples/leetcode/tables/184_2.csv", col_types = cols(Id = col_integer(),Name = col_character()))
input2 <- copy_to(con, input2)
expected_output <- read_csv("tests-examples/leetcode/tables/184_o.csv", col_types = cols(Department = col_character(),Employee = col_character(),Salary = col_integer()))

df3 <- input1 %>% group_by(DepartmentId) %>% summarise(Salary = max(Salary)) %>% ungroup()
df4 <- inner_join(input1, df3)
df5 <- inner_join(input2, df4, by=c('Id' = 'DepartmentId'), suffix = c('', '.other'))
out <- df5 %>% select(Department = Name, Employee = Name.other, Salary) %>% arrange(Department)


+++++++++++++++++++++++++++++++++++++ SQL Solution +++++++++++++++++++++++++++++++++++++

SELECT Name AS Department,
       Name.other AS Employee,
       Salary
FROM
  (SELECT LHS.Id AS Id,
          LHS.Name AS Name,
          RHS.Id AS Id.other,
          RHS.Name AS Name.other,
          RHS.Salary AS Salary
   FROM input2 AS LHS
   INNER JOIN
     (SELECT LHS.Id AS Id,
             LHS.Name AS Name,
             LHS.Salary AS Salary,
             LHS.DepartmentId AS DepartmentId
      FROM input1 AS LHS
      INNER JOIN
        (SELECT DepartmentId,
                MAX(Salary) AS Salary
         FROM input1
         GROUP BY DepartmentId) AS RHS ON (LHS.Salary = RHS.Salary
                                           AND LHS.DepartmentId = RHS.DepartmentId)) AS RHS ON (LHS.Id = RHS.DepartmentId))
ORDER BY Department
