[     3.384][MainProcess][INFO] Parsing specification...
[     3.388][MainProcess][DEBUG] Reading input files...
[     3.396][MainProcess][INFO] Inferred data types for table tests-examples/textbook/tables/11-1.txt: ['string', 'string']
[     3.401][MainProcess][INFO] Inferred data types for table tests-examples/textbook/tables/11-2.txt: ['string', 'string']
[     3.405][MainProcess][INFO] Inferred data types for table tests-examples/textbook/tables/11.out: ['string']
[     3.437][MainProcess][DEBUG] Generating DSL...
[     3.457][MainProcess][INFO] Creating 8 processes
[     3.503][cube-solver-0][DEBUG] Initialising process for 1 lines of code.
[     3.506][cube-solver-1][DEBUG] Initialising process for 1 lines of code.
[     3.506][cube-solver-2][DEBUG] Initialising process for 1 lines of code.
[     3.510][cube-solver-4][DEBUG] Initialising process for 1 lines of code.
[     3.512][cube-solver-3][DEBUG] Initialising process for 1 lines of code.
[     3.518][cube-solver-6][DEBUG] Initialising process for 1 lines of code.
[     3.519][cube-solver-5][DEBUG] Initialising process for 1 lines of code.
[     3.526][cube-solver-7][DEBUG] Initialising process for 1 lines of code.
[     3.573][cube-solver-4][DEBUG] Solving cube (l0 = left_join(),)
[     3.578][cube-solver-6][DEBUG] Solving cube (l0 = intersect(),)
[     3.587][cube-solver-0][DEBUG] Solving cube (l0 = natural_join(),)
[     3.588][cube-solver-1][DEBUG] Solving cube (l0 = natural_join3(),)
[     3.588][cube-solver-2][DEBUG] Solving cube (l0 = natural_join4(),)
[     3.590][cube-solver-1][DEBUG] Solving cube (l0 = cross_join(),)
[     3.591][cube-solver-2][DEBUG] Solving cube (l0 = inner_join(),)
[     3.593][cube-solver-3][DEBUG] Solving cube (l0 = anti_join(),)
[     3.608][MainProcess][DEBUG] Increasing generator loc to 2
[     3.609][cube-solver-1][DEBUG] Initialising process for 2 lines of code.
[     3.609][cube-solver-5][DEBUG] Solving cube (l0 = union(),)
[     3.614][cube-solver-7][DEBUG] Solving cube (l0 = semi_join(),)
[     3.687][cube-solver-3][DEBUG] Found solution with cube (l0 = anti_join(),)
[     3.688][MainProcess][INFO] Statistics:
[     3.688][MainProcess][INFO] 	Generated cubes: 11
[     3.689][MainProcess][INFO] 	Attempted programs: 9
[     3.689][MainProcess][INFO] 		Rejected: 0
[     3.689][MainProcess][INFO] 		Failed: 8
[     3.689][MainProcess][INFO] 	Blacklist clauses: 3
[     3.689][MainProcess][DEBUG] Printing statistics for good programs of size 1
[     3.689][MainProcess][DEBUG] 	0: Counter({'left_join': 9, 'natural_join': 9, 'semi_join': 5, 'union': 4, 'inner_join': 4, 'anti_join': 3})
[     3.690][MainProcess][INFO] Solution found: anti_join(@param0, @param1, 'S_key')

------------------------------------- R Solution ---------------------------------------

con <- DBI::dbConnect(RSQLite::SQLite(), ":memory:")
input1 <- read_csv("tests-examples/textbook/tables/11-1.txt", col_types = cols(S_key = col_character(),S_name = col_character()))
input1 <- copy_to(con, input1)
input2 <- read_csv("tests-examples/textbook/tables/11-2.txt", col_types = cols(S_key = col_character(),C_name = col_character()))
input2 <- copy_to(con, input2)
expected_output <- read_csv("tests-examples/textbook/tables/11.out", col_types = cols(S_name = col_character()))

df3 <- anti_join(input1, input2, by=c('S_key'))
out <- df3 %>% select(S_name) %>% arrange(S_name)


+++++++++++++++++++++++++++++++++++++ SQL Solution +++++++++++++++++++++++++++++++++++++

SELECT S_name
FROM
  (SELECT *
   FROM input1 AS LHS
   WHERE NOT EXISTS
       (SELECT 1
        FROM input2 AS RHS
        WHERE (LHS.S_key = RHS.S_key) ))
ORDER BY S_name
