[     1.664][MainProcess][INFO] Parsing specification...
[     1.668][MainProcess][DEBUG] Reading input files...
[     1.676][MainProcess][INFO] Inferred data types for table tests-examples/textbook/tables/23-1.txt: ['string', 'string', 'int64']
[     1.681][MainProcess][INFO] Inferred data types for table tests-examples/textbook/tables/23-2.txt: ['string', 'string', 'string']
[     1.686][MainProcess][INFO] Inferred data types for table tests-examples/textbook/tables/23-3.txt: ['string', 'string']
[     1.691][MainProcess][INFO] Inferred data types for table tests-examples/textbook/tables/23.out: ['string', 'string', 'int64']
[     1.721][MainProcess][DEBUG] Generating DSL...
[     1.920][MainProcess][INFO] Creating 8 processes
[     1.947][MainProcess][DEBUG] Increasing generator loc to 3
[     2.121][cube-solver-2][DEBUG] Initialising process for 2 lines of code.
[     2.130][cube-solver-4][DEBUG] Initialising process for 3 lines of code.
[     2.135][cube-solver-1][DEBUG] Initialising process for 2 lines of code.
[     2.151][cube-solver-5][DEBUG] Initialising process for 3 lines of code.
[     2.154][cube-solver-3][DEBUG] Initialising process for 2 lines of code.
[     2.158][cube-solver-6][DEBUG] Initialising process for 3 lines of code.
[     2.169][cube-solver-7][DEBUG] Initialising process for 3 lines of code.
[     2.175][cube-solver-0][DEBUG] Initialising process for 2 lines of code.
[    10.423][cube-solver-2][WARNING] There is no solution for current loc (2).
[    10.424][cube-solver-2][DEBUG] Solving cube (l0 = filter(), l1 = mutate())
[    10.450][cube-solver-2][DEBUG] Initialising process for 3 lines of code.
[    10.577][cube-solver-0][WARNING] There is no solution for current loc (2).
[    10.578][cube-solver-0][DEBUG] Solving cube (l0 = summarise(), l1 = filter())
[    10.592][cube-solver-0][DEBUG] Initialising process for 3 lines of code.
[    10.606][cube-solver-1][WARNING] There is no solution for current loc (2).
[    10.607][cube-solver-1][DEBUG] Solving cube (l0 = filter(), l1 = summarise())
[    10.619][cube-solver-1][DEBUG] Initialising process for 3 lines of code.
[    10.664][cube-solver-3][WARNING] There is no solution for current loc (2).
[    10.665][cube-solver-3][DEBUG] Solving cube (l0 = mutate(), l1 = filter())
[    10.678][cube-solver-3][DEBUG] Initialising process for 3 lines of code.
[    13.478][cube-solver-6][DEBUG] Solving cube (l0 = natural_join(), l1 = filter(), l2 = mutate())
[    13.489][cube-solver-5][DEBUG] Solving cube (l0 = natural_join(), l1 = filter(), l2 = summarise())
[    13.525][cube-solver-4][DEBUG] Solving cube (l0 = natural_join(), l1 = summarise(), l2 = filter())
[    13.574][cube-solver-6][DEBUG] Solving cube (l0 = natural_join4(), l1 = summarise(), l2 = filter())
[    13.575][cube-solver-7][DEBUG] Solving cube (l0 = natural_join(), l1 = mutate(), l2 = filter())
[    13.593][cube-solver-5][DEBUG] Solving cube (l0 = natural_join4(), l1 = filter(), l2 = summarise())
[    13.599][cube-solver-4][DEBUG] Solving cube (l0 = natural_join4(), l1 = filter(), l2 = mutate())
[    13.631][cube-solver-6][DEBUG] Solving cube (l0 = natural_join4(), l1 = mutate(), l2 = filter())
[    13.639][cube-solver-4][DEBUG] Solving cube (l0 = summarise(), l1 = natural_join(), l2 = filter())
[    13.648][cube-solver-5][DEBUG] Solving cube (l0 = summarise(), l1 = natural_join3(), l2 = filter())
[    13.656][cube-solver-6][DEBUG] Solving cube (l0 = summarise(), l1 = natural_join4(), l2 = filter())
[    13.675][cube-solver-7][DEBUG] Solving cube (l0 = summarise(), l1 = summarise(), l2 = filter())
[    13.682][cube-solver-6][DEBUG] Solving cube (l0 = summarise(), l1 = filter(), l2 = natural_join())
[    13.689][cube-solver-4][DEBUG] Solving cube (l0 = summarise(), l1 = filter(), l2 = natural_join3())
[    13.711][cube-solver-7][DEBUG] Solving cube (l0 = summarise([1]), l1 = filter(), l2 = natural_join4())
[    13.724][cube-solver-6][DEBUG] Solving cube (l0 = summarise([2]), l1 = filter(), l2 = summarise([2]))
[    13.756][cube-solver-6][DEBUG] Solving cube (l0 = summarise([4]), l1 = filter(), l2 = filter())
[    13.783][cube-solver-6][DEBUG] Solving cube (l0 = summarise([5]), l1 = filter(), l2 = anti_join())
[    13.812][cube-solver-6][DEBUG] Solving cube (l0 = summarise([8]), l1 = filter(), l2 = left_join())
[    13.841][cube-solver-6][DEBUG] Solving cube (l0 = summarise([9]), l1 = filter(), l2 = union())
[    13.870][cube-solver-6][DEBUG] Solving cube (l0 = summarise([11]), l1 = filter(), l2 = intersect())
[    13.901][cube-solver-6][DEBUG] Solving cube (l0 = summarise([12]), l1 = filter(), l2 = semi_join())
[    13.932][cube-solver-6][DEBUG] Solving cube (l0 = summarise([15]), l1 = filter(), l2 = cross_join())
[    13.966][cube-solver-6][DEBUG] Solving cube (l0 = summarise([16]), l1 = filter(), l2 = mutate())
[    13.999][cube-solver-6][DEBUG] Solving cube (l0 = summarise([19]), l1 = filter(), l2 = inner_join())
[    14.034][cube-solver-6][DEBUG] Solving cube (l0 = summarise([22]), l1 = anti_join(), l2 = filter())
[    14.089][cube-solver-6][DEBUG] Solving cube (l0 = summarise([27]), l1 = left_join(), l2 = filter())
[    14.128][cube-solver-6][DEBUG] Solving cube (l0 = summarise([28]), l1 = union(), l2 = filter())
[    14.167][cube-solver-6][DEBUG] Solving cube (l0 = summarise([30]), l1 = intersect(), l2 = filter())
[    14.207][cube-solver-6][DEBUG] Solving cube (l0 = summarise([32]), l1 = semi_join(), l2 = filter())
[    14.245][cube-solver-6][DEBUG] Solving cube (l0 = summarise([35]), l1 = cross_join(), l2 = filter())
[    14.288][cube-solver-6][DEBUG] Solving cube (l0 = summarise([37]), l1 = mutate(), l2 = filter())
[    14.329][cube-solver-6][DEBUG] Solving cube (l0 = summarise([40]), l1 = inner_join(), l2 = filter())
[    14.371][cube-solver-6][DEBUG] Solving cube (l0 = filter(), l1 = natural_join(), l2 = summarise([41]))
[    14.417][cube-solver-6][DEBUG] Solving cube (l0 = filter(), l1 = natural_join(), l2 = mutate())
[    14.445][cube-solver-6][DEBUG] Solving cube (l0 = filter(), l1 = natural_join3(), l2 = summarise([42]))
[    23.243][cube-solver-0][DEBUG] Solving cube (l0 = natural_join3(), l1 = filter([15]), l2 = summarise([116]))
[    23.356][cube-solver-1][DEBUG] Solving cube (l0 = natural_join3(), l1 = filter([15]), l2 = mutate())
[    23.523][cube-solver-3][DEBUG] Solving cube (l0 = natural_join3(), l1 = mutate(), l2 = filter([15]))
[    23.710][cube-solver-2][DEBUG] Solving cube (l0 = natural_join3([1]), l1 = summarise([116]), l2 = filter([15]))
[    82.976][cube-solver-2][DEBUG] Solving cube (l0 = filter([16]), l1 = natural_join3([2]), l2 = mutate())
[   131.373][cube-solver-0][DEBUG] Solving cube (l0 = filter([16]), l1 = natural_join4(), l2 = summarise([117]))
[   167.128][cube-solver-1][DEBUG] Solving cube (l0 = filter([16]), l1 = natural_join4(), l2 = mutate())
[   169.110][cube-solver-3][DEBUG] Solving cube (l0 = filter([16]), l1 = summarise([117]), l2 = natural_join())
[   169.208][cube-solver-3][DEBUG] Solving cube (l0 = filter([16]), l1 = summarise([117]), l2 = natural_join3([2]))
[   183.037][cube-solver-6][DEBUG] Solving cube (l0 = filter([16]), l1 = summarise([117]), l2 = natural_join4())
[   183.133][cube-solver-6][DEBUG] Solving cube (l0 = filter([16]), l1 = summarise([117]), l2 = summarise([117]))
[   183.249][cube-solver-6][DEBUG] Solving cube (l0 = filter([16]), l1 = summarise([117]), l2 = filter([16]))
[   183.335][cube-solver-6][DEBUG] Solving cube (l0 = filter([16]), l1 = summarise([117]), l2 = anti_join())
[   183.421][cube-solver-6][DEBUG] Solving cube (l0 = filter([16]), l1 = summarise([117]), l2 = left_join())
[   183.495][cube-solver-6][DEBUG] Solving cube (l0 = filter([16]), l1 = summarise([117]), l2 = union())
[   183.570][cube-solver-6][DEBUG] Solving cube (l0 = filter([16]), l1 = summarise([117]), l2 = intersect())
[   183.645][cube-solver-6][DEBUG] Solving cube (l0 = filter([16]), l1 = summarise([117]), l2 = semi_join())
[   183.721][cube-solver-6][DEBUG] Solving cube (l0 = filter([16]), l1 = summarise([117]), l2 = cross_join())
[   183.800][cube-solver-6][DEBUG] Solving cube (l0 = filter([16]), l1 = summarise([117]), l2 = mutate())
[   183.874][cube-solver-6][DEBUG] Solving cube (l0 = filter([16]), l1 = summarise([117]), l2 = inner_join())
[   183.953][cube-solver-6][DEBUG] Solving cube (l0 = filter([16]), l1 = filter([16]), l2 = summarise([117]))
[   184.030][cube-solver-6][DEBUG] Solving cube (l0 = filter([16]), l1 = filter([16]), l2 = mutate())
[   184.066][cube-solver-6][DEBUG] Solving cube (l0 = filter([16]), l1 = anti_join(), l2 = summarise([117]))
[   184.139][cube-solver-6][DEBUG] Solving cube (l0 = filter([16]), l1 = anti_join(), l2 = mutate())
[   184.172][cube-solver-6][DEBUG] Solving cube (l0 = filter([16]), l1 = left_join(), l2 = summarise([117]))
[   184.246][cube-solver-6][DEBUG] Solving cube (l0 = filter([16]), l1 = left_join(), l2 = mutate())
[   184.279][cube-solver-6][DEBUG] Solving cube (l0 = filter([16]), l1 = union(), l2 = summarise([117]))
[   184.353][cube-solver-6][DEBUG] Solving cube (l0 = filter([16]), l1 = union(), l2 = mutate())
[   184.386][cube-solver-6][DEBUG] Solving cube (l0 = filter([16]), l1 = intersect(), l2 = summarise([117]))
[   184.460][cube-solver-6][DEBUG] Solving cube (l0 = filter([16]), l1 = intersect(), l2 = mutate())
[   184.495][cube-solver-6][DEBUG] Solving cube (l0 = filter([16]), l1 = semi_join(), l2 = summarise([117]))
[   184.568][cube-solver-6][DEBUG] Solving cube (l0 = filter([16]), l1 = semi_join(), l2 = mutate())
[   184.601][cube-solver-6][DEBUG] Solving cube (l0 = filter([16]), l1 = cross_join(), l2 = summarise([117]))
[   184.674][cube-solver-6][DEBUG] Solving cube (l0 = filter([16]), l1 = cross_join(), l2 = mutate())
[   184.707][cube-solver-6][DEBUG] Solving cube (l0 = filter([16]), l1 = mutate(), l2 = natural_join())
[   184.740][cube-solver-6][DEBUG] Solving cube (l0 = filter([16]), l1 = mutate(), l2 = natural_join3([2]))
[   215.771][cube-solver-5][DEBUG] Solving cube (l0 = filter([16]), l1 = mutate([2]), l2 = natural_join4())
[   229.026][cube-solver-2][DEBUG] Solving cube (l0 = filter([16]), l1 = mutate([4]), l2 = summarise([117]))
[   229.133][cube-solver-2][DEBUG] Solving cube (l0 = filter([16]), l1 = mutate([4]), l2 = filter([16]))
[   229.183][cube-solver-2][DEBUG] Solving cube (l0 = filter([16]), l1 = mutate([4]), l2 = anti_join())
[   229.237][cube-solver-2][DEBUG] Solving cube (l0 = filter([16]), l1 = mutate([4]), l2 = left_join())
[   229.280][cube-solver-2][DEBUG] Solving cube (l0 = filter([16]), l1 = mutate([4]), l2 = union())
[   229.321][cube-solver-2][DEBUG] Solving cube (l0 = filter([16]), l1 = mutate([4]), l2 = intersect())
[   229.363][cube-solver-2][DEBUG] Solving cube (l0 = filter([16]), l1 = mutate([4]), l2 = semi_join())
[   229.403][cube-solver-2][DEBUG] Solving cube (l0 = filter([16]), l1 = mutate([4]), l2 = cross_join())
[   229.453][cube-solver-2][DEBUG] Solving cube (l0 = filter([16]), l1 = mutate([4]), l2 = mutate([4]))
[   229.494][cube-solver-2][DEBUG] Solving cube (l0 = filter([16]), l1 = mutate([4]), l2 = inner_join())
[   229.539][cube-solver-2][DEBUG] Solving cube (l0 = filter([16]), l1 = inner_join(), l2 = summarise([117]))
[   229.623][cube-solver-2][DEBUG] Solving cube (l0 = filter([16]), l1 = inner_join(), l2 = mutate([4]))
[   229.668][cube-solver-2][DEBUG] Solving cube (l0 = anti_join(), l1 = summarise([117]), l2 = filter([16]))
[   229.753][cube-solver-2][DEBUG] Solving cube (l0 = anti_join(), l1 = filter([16]), l2 = summarise([117]))
[   229.842][cube-solver-2][DEBUG] Solving cube (l0 = anti_join(), l1 = filter([16]), l2 = mutate([4]))
[   229.885][cube-solver-2][DEBUG] Solving cube (l0 = anti_join(), l1 = mutate([4]), l2 = filter([16]))
[   229.928][cube-solver-2][DEBUG] Solving cube (l0 = left_join(), l1 = summarise([117]), l2 = filter([16]))
[   230.015][cube-solver-2][DEBUG] Solving cube (l0 = left_join(), l1 = filter([16]), l2 = summarise([117]))
[   230.096][cube-solver-2][DEBUG] Solving cube (l0 = left_join(), l1 = filter([16]), l2 = mutate([4]))
[   230.138][cube-solver-2][DEBUG] Solving cube (l0 = left_join(), l1 = mutate([4]), l2 = filter([16]))
[   230.181][cube-solver-2][DEBUG] Solving cube (l0 = union(), l1 = summarise([117]), l2 = filter([16]))
[   230.264][cube-solver-2][DEBUG] Solving cube (l0 = union(), l1 = filter([16]), l2 = summarise([117]))
[   230.347][cube-solver-2][DEBUG] Solving cube (l0 = union(), l1 = filter([16]), l2 = mutate([4]))
[   230.389][cube-solver-2][DEBUG] Solving cube (l0 = union(), l1 = mutate([4]), l2 = filter([16]))
[   230.431][cube-solver-2][DEBUG] Solving cube (l0 = intersect(), l1 = summarise([117]), l2 = filter([16]))
[   230.513][cube-solver-2][DEBUG] Solving cube (l0 = intersect(), l1 = filter([16]), l2 = summarise([117]))
[   230.593][cube-solver-2][DEBUG] Solving cube (l0 = intersect(), l1 = filter([16]), l2 = mutate([4]))
[   230.634][cube-solver-2][DEBUG] Solving cube (l0 = intersect(), l1 = mutate([4]), l2 = filter([16]))
[   230.676][cube-solver-2][DEBUG] Solving cube (l0 = semi_join(), l1 = summarise([117]), l2 = filter([16]))
[   230.825][cube-solver-2][DEBUG] Solving cube (l0 = semi_join(), l1 = filter([16]), l2 = summarise([117]))
[   230.907][cube-solver-2][DEBUG] Solving cube (l0 = semi_join(), l1 = filter([16]), l2 = mutate([4]))
[   230.949][cube-solver-2][DEBUG] Solving cube (l0 = semi_join(), l1 = mutate([4]), l2 = filter([16]))
[   230.995][cube-solver-2][DEBUG] Solving cube (l0 = cross_join(), l1 = summarise([117]), l2 = filter([16]))
[   231.080][cube-solver-2][DEBUG] Solving cube (l0 = cross_join(), l1 = filter([16]), l2 = summarise([117]))
[   231.162][cube-solver-2][DEBUG] Solving cube (l0 = cross_join(), l1 = filter([16]), l2 = mutate([4]))
[   231.205][cube-solver-2][DEBUG] Solving cube (l0 = cross_join(), l1 = mutate([4]), l2 = filter([16]))
[   231.244][cube-solver-2][DEBUG] Solving cube (l0 = mutate([4]), l1 = natural_join(), l2 = filter([16]))
[   231.290][cube-solver-2][DEBUG] Solving cube (l0 = mutate([4]), l1 = natural_join3([2]), l2 = filter([16]))
[   323.495][cube-solver-3][DEBUG] Solving cube (l0 = mutate([4]), l1 = natural_join4(), l2 = filter([16]))
[   333.134][cube-solver-6][DEBUG] Solving cube (l0 = mutate([4]), l1 = summarise([117]), l2 = filter([16]))
[   333.243][cube-solver-6][DEBUG] Solving cube (l0 = mutate([4]), l1 = filter([16]), l2 = natural_join())
[   333.281][cube-solver-6][DEBUG] Solving cube (l0 = mutate([4]), l1 = filter([16]), l2 = natural_join3([2]))
[   378.729][cube-solver-2][DEBUG] Solving cube (l0 = mutate([4]), l1 = filter([16]), l2 = natural_join4())
[   415.442][cube-solver-7][DEBUG] Solving cube (l0 = mutate([4]), l1 = filter([16]), l2 = summarise([117]))
[   415.535][cube-solver-4][DEBUG] Solving cube (l0 = mutate([4]), l1 = filter([16]), l2 = filter([16]))
[   415.550][cube-solver-7][DEBUG] Solving cube (l0 = mutate([4]), l1 = filter([16]), l2 = anti_join())
[   415.577][cube-solver-4][DEBUG] Solving cube (l0 = mutate([4]), l1 = filter([16]), l2 = left_join())
[   415.611][cube-solver-4][DEBUG] Solving cube (l0 = mutate([4]), l1 = filter([16]), l2 = union())
[   415.623][cube-solver-7][DEBUG] Solving cube (l0 = mutate([4]), l1 = filter([16]), l2 = intersect())
[   415.644][cube-solver-4][DEBUG] Solving cube (l0 = mutate([4]), l1 = filter([16]), l2 = semi_join())
[   415.663][cube-solver-7][DEBUG] Solving cube (l0 = mutate([4]), l1 = filter([16]), l2 = cross_join())
[   415.677][cube-solver-4][DEBUG] Solving cube (l0 = mutate([4]), l1 = filter([16]), l2 = mutate([4]))
[   415.712][cube-solver-4][DEBUG] Solving cube (l0 = mutate([4]), l1 = filter([16]), l2 = inner_join())
[   415.723][cube-solver-7][DEBUG] Solving cube (l0 = mutate([4]), l1 = anti_join(), l2 = filter([16]))
[   415.750][cube-solver-4][DEBUG] Solving cube (l0 = mutate([4]), l1 = left_join(), l2 = filter([16]))
[   415.766][cube-solver-7][DEBUG] Solving cube (l0 = mutate([4]), l1 = union(), l2 = filter([16]))
[   415.783][cube-solver-4][DEBUG] Solving cube (l0 = mutate([4]), l1 = intersect(), l2 = filter([16]))
[   415.801][cube-solver-7][DEBUG] Solving cube (l0 = mutate([4]), l1 = semi_join(), l2 = filter([16]))
[   415.820][cube-solver-4][DEBUG] Solving cube (l0 = mutate([4]), l1 = cross_join(), l2 = filter([16]))
[   415.836][cube-solver-7][DEBUG] Solving cube (l0 = mutate([4]), l1 = mutate([4]), l2 = filter([16]))
[   415.854][cube-solver-4][DEBUG] Solving cube (l0 = mutate([4]), l1 = inner_join(), l2 = filter([16]))
[   415.873][cube-solver-7][DEBUG] Solving cube (l0 = inner_join(), l1 = summarise([117]), l2 = filter([16]))
[   415.892][cube-solver-4][DEBUG] Solving cube (l0 = inner_join(), l1 = filter([16]), l2 = summarise([117]))
[   415.958][cube-solver-7][DEBUG] Solving cube (l0 = inner_join(), l1 = filter([16]), l2 = mutate([4]))
[   415.974][MainProcess][DEBUG] Increasing generator loc to 4
[   415.987][cube-solver-4][DEBUG] Solving cube (l0 = inner_join(), l1 = mutate([4]), l2 = filter([16]))
[   415.995][cube-solver-7][DEBUG] Initialising process for 4 lines of code.
[   416.024][cube-solver-4][DEBUG] Initialising process for 4 lines of code.
[   432.972][cube-solver-4][DEBUG] Solving cube (l0 = natural_join(), l1 = summarise([117]), l2 = natural_join3([2]), l3 = filter([16]))
[   434.040][cube-solver-7][DEBUG] Solving cube (l0 = natural_join([2]), l1 = summarise([117]), l2 = natural_join([2]), l3 = filter([16]))
[   478.183][cube-solver-6][DEBUG] Initialising process for 4 lines of code.
[   495.520][cube-solver-6][DEBUG] Solving cube (l0 = natural_join([2]), l1 = summarise([117]), l2 = natural_join4(), l3 = filter([16]))
[   495.659][cube-solver-6][DEBUG] Solving cube (l0 = natural_join([2]), l1 = summarise([117]), l2 = summarise([117]), l3 = filter([16]))
[   495.785][cube-solver-6][DEBUG] Solving cube (l0 = natural_join([2]), l1 = summarise([117]), l2 = filter([16]), l3 = natural_join([2]))
[   535.235][cube-solver-0][DEBUG] Initialising process for 4 lines of code.
[   552.715][cube-solver-0][DEBUG] Solving cube (l0 = natural_join([2]), l1 = summarise([117]), l2 = filter([16]), l3 = natural_join3([2]))
[   600.024][MainProcess][INFO] Statistics:
[   600.024][MainProcess][INFO] 	Generated cubes: 148
[   600.025][MainProcess][INFO] 	Attempted programs: 69312
[   600.025][MainProcess][INFO] 		Rejected: 7264
[   600.025][MainProcess][INFO] 		Failed: 62048
[   600.025][MainProcess][INFO] 	Blacklist clauses: 141
[   600.025][MainProcess][DEBUG] Printing statistics for good programs of size 3
[   600.159][MainProcess][DEBUG] 	0: Counter({'filter': 219760, 'mutate': 114048, 'natural_join3': 55296, 'summarise': 30720})
[   600.252][MainProcess][DEBUG] 	1: Counter({'natural_join4': 137148, 'filter': 99250, 'mutate': 97410, 'natural_join3': 67200, 'summarise': 18816})
[   600.343][MainProcess][DEBUG] 	2: Counter({'mutate': 106030, 'filter': 100814, 'natural_join4': 87220, 'natural_join3': 72960, 'summarise': 52800})
[   600.343][MainProcess][DEBUG] Printing statistics for good programs of size 4
[   600.359][MainProcess][DEBUG] 	0: Counter({'natural_join': 51696})
[   600.372][MainProcess][DEBUG] 	1: Counter({'summarise': 51696})
[   600.385][MainProcess][DEBUG] 	2: Counter({'natural_join3': 21876, 'natural_join': 16046, 'filter': 13774})
[   600.398][MainProcess][DEBUG] 	3: Counter({'filter': 37922, 'natural_join': 7296, 'natural_join3': 6478})

No solution found
