[prc0][info] Parsing specification...
[prc1][info] Parsing specification...
[prc1][debug] Reading input files...
[prc2][info] Parsing specification...
[prc3][info] Parsing specification...
[prc0][debug] Reading input files...
[prc2][debug] Reading input files...
[prc3][debug] Reading input files...
[prc1][debug] Generating DSL...
[prc1][debug] Building Tyrell spec from parse tree...
[prc1][debug] Processing type definitions...
[prc1][debug] Processing input/output definitions...
[prc1][debug] Processing function definitions...
[prc0][debug] Generating DSL...
[prc1][debug] Processing global predicates...
[prc1][info] Parsing succeeded
[prc1][info] Building synthesizer...
[prc1][info] Lines of Code: 1
[prc2][debug] Generating DSL...
[prc3][debug] Generating DSL...
[prc0][debug] Building Tyrell spec from parse tree...
[prc0][debug] Processing type definitions...
[prc0][debug] Processing input/output definitions...
[prc0][debug] Processing function definitions...
[prc2][debug] Building Tyrell spec from parse tree...
[prc2][debug] Processing type definitions...
[prc2][debug] Processing input/output definitions...
[prc3][debug] Building Tyrell spec from parse tree...
[prc2][debug] Processing function definitions...
[prc3][debug] Processing type definitions...
[prc0][debug] Processing global predicates...
[prc3][debug] Processing input/output definitions...
[prc0][info] Parsing succeeded
[prc0][info] Building synthesizer...
[prc0][info] Lines of Code: 1
[prc3][debug] Processing function definitions...
[prc2][debug] Processing global predicates...
[prc2][info] Parsing succeeded
[prc2][info] Building synthesizer...
[prc2][info] Lines of Code: 1
[prc3][debug] Processing global predicates...
[prc3][info] Parsing succeeded
[prc3][info] Building synthesizer...
[prc3][info] Lines of Code: 1
[prc1][info] Number of Nodes: 5 
[prc1][info] Number of Variables: 6
[prc1][info] Number of Constraints: 63
[prc1][info] Time spent encoding: 0.04161691665649414
[prc1][error] UNSAT : There is no solution for current depth (loc=0), try to increase it (e.g. loc=1).
[prc1][info] Synthesizing programs...
[prc1][debug] Enumerator is exhausted after 0 attempts
[prc1][error] Total Time: 0.007799386978149414
[prc1][info] Total Solver Time: 0.0077059268951416016
[prc1][info] Total Time Symmetries: 0
[prc1][info] Total Blocked Models: 0
[prc1][info] No more queries to be tested. Solution not found!
[prc1][info] Increasing the number of lines of code.
[prc1][info] Lines of Code: 2
[prc2][info] Number of Nodes: 5 
[prc2][info] Number of Variables: 6
[prc2][info] Number of Constraints: 63
[prc2][info] Time spent encoding: 0.03586125373840332
[prc3][info] Number of Nodes: 5 
[prc3][info] Number of Variables: 6
[prc3][info] Number of Constraints: 63
[prc3][info] Time spent encoding: 0.03481864929199219
[prc2][error] UNSAT : There is no solution for current depth (loc=0), try to increase it (e.g. loc=1).
[prc2][info] Synthesizing programs...
[prc2][debug] Enumerator is exhausted after 0 attempts
[prc2][error] Total Time: 8.893013000488281e-05
[prc2][info] Total Solver Time: 3.075599670410156e-05
[prc2][info] Total Time Symmetries: 0
[prc2][info] Total Blocked Models: 0
[prc2][info] No more queries to be tested. Solution not found!
[prc2][info] Increasing the number of lines of code.
[prc2][info] Lines of Code: 2
[prc3][error] UNSAT : There is no solution for current depth (loc=0), try to increase it (e.g. loc=1).
[prc3][info] Synthesizing programs...
[prc3][debug] Enumerator is exhausted after 0 attempts
[prc3][error] Total Time: 8.821487426757812e-05
[prc3][info] Total Solver Time: 3.0279159545898438e-05
[prc3][info] Total Time Symmetries: 0
[prc3][info] Total Blocked Models: 0
[prc3][info] No more queries to be tested. Solution not found!
[prc3][info] Increasing the number of lines of code.
[prc3][info] Lines of Code: 2
[prc0][info] Number of Nodes: 5 
[prc0][info] Number of Variables: 6
[prc0][info] Number of Constraints: 63
[prc0][info] Time spent encoding: 0.04376506805419922
[prc0][error] UNSAT : There is no solution for current depth (loc=0), try to increase it (e.g. loc=1).
[prc0][info] Synthesizing programs...
[prc0][debug] Enumerator is exhausted after 0 attempts
[prc0][error] Total Time: 0.007795095443725586
[prc0][info] Total Solver Time: 0.0077021121978759766
[prc0][info] Total Time Symmetries: 0
[prc0][info] Total Blocked Models: 0
[prc0][info] No more queries to be tested. Solution not found!
[prc0][info] Increasing the number of lines of code.
[prc0][info] Lines of Code: 2
[prc2][info] Number of Nodes: 10 
[prc2][info] Number of Variables: 16
[prc2][info] Number of Constraints: 170
[prc2][info] Time spent encoding: 0.08481478691101074
[prc3][info] Number of Nodes: 10 
[prc3][info] Number of Variables: 16
[prc3][info] Number of Constraints: 170
[prc3][info] Time spent encoding: 0.08477616310119629
[prc1][info] Number of Nodes: 10 
[prc1][info] Number of Variables: 16
[prc1][info] Number of Constraints: 170
[prc1][info] Time spent encoding: 0.09180068969726562
[prc2][error] UNSAT : There is no solution for current depth (loc=1), try to increase it (e.g. loc=2).
[prc2][info] Synthesizing programs...
[prc2][debug] Enumerator is exhausted after 0 attempts
[prc2][error] Total Time: 8.249282836914062e-05
[prc2][info] Total Solver Time: 3.147125244140625e-05
[prc2][info] Total Time Symmetries: 0
[prc2][info] Total Blocked Models: 0
[prc2][info] No more queries to be tested. Solution not found!
[prc2][info] Increasing the number of lines of code.
[prc2][info] Lines of Code: 3
[prc3][error] UNSAT : There is no solution for current depth (loc=1), try to increase it (e.g. loc=2).
[prc3][info] Synthesizing programs...
[prc3][debug] Enumerator is exhausted after 0 attempts
[prc3][error] Total Time: 8.535385131835938e-05
[prc3][info] Total Solver Time: 3.409385681152344e-05
[prc3][info] Total Time Symmetries: 0
[prc3][info] Total Blocked Models: 0
[prc3][info] No more queries to be tested. Solution not found!
[prc3][info] Increasing the number of lines of code.
[prc3][info] Lines of Code: 3
[prc1][error] UNSAT : There is no solution for current depth (loc=1), try to increase it (e.g. loc=2).
[prc1][info] Synthesizing programs...
[prc0][info] Number of Nodes: 10 
[prc0][info] Number of Variables: 16
[prc0][info] Number of Constraints: 170
[prc0][info] Time spent encoding: 0.09199166297912598
[prc1][debug] Enumerator is exhausted after 0 attempts
[prc1][error] Total Time: 0.014693975448608398
[prc1][info] Total Solver Time: 0.01457071304321289
[prc1][info] Total Time Symmetries: 0
[prc1][info] Total Blocked Models: 0
[prc1][info] No more queries to be tested. Solution not found!
[prc1][info] Increasing the number of lines of code.
[prc1][info] Lines of Code: 3
[prc0][error] UNSAT : There is no solution for current depth (loc=1), try to increase it (e.g. loc=2).
[prc0][info] Synthesizing programs...
[prc0][debug] Enumerator is exhausted after 0 attempts
[prc0][error] Total Time: 0.01367807388305664
[prc0][info] Total Solver Time: 0.013553857803344727
[prc0][info] Total Time Symmetries: 0
[prc0][info] Total Blocked Models: 0
[prc0][info] No more queries to be tested. Solution not found!
[prc0][info] Increasing the number of lines of code.
[prc0][info] Lines of Code: 3
[prc2][info] Number of Nodes: 15 
[prc2][info] Number of Variables: 30
[prc2][info] Number of Constraints: 323
[prc2][info] Time spent encoding: 0.15711593627929688
[prc3][info] Number of Nodes: 15 
[prc3][info] Number of Variables: 30
[prc3][info] Number of Constraints: 323
[prc3][info] Time spent encoding: 0.15692734718322754
[prc3][error] UNSAT : There is no solution for current depth (loc=2), try to increase it (e.g. loc=3).
[prc2][error] UNSAT : There is no solution for current depth (loc=2), try to increase it (e.g. loc=3).
[prc3][info] Synthesizing programs...
[prc3][debug] Enumerator is exhausted after 0 attempts
[prc3][error] Total Time: 8.344650268554688e-05
[prc2][info] Synthesizing programs...
[prc3][info] Total Solver Time: 3.24249267578125e-05
[prc3][info] Total Time Symmetries: 0
[prc2][debug] Enumerator is exhausted after 0 attempts
[prc3][info] Total Blocked Models: 0
[prc3][info] No more queries to be tested. Solution not found!
[prc2][error] Total Time: 8.535385131835938e-05
[prc3][info] Increasing the number of lines of code.
[prc2][info] Total Solver Time: 3.3855438232421875e-05
[prc3][info] Lines of Code: 4
[prc2][info] Total Time Symmetries: 0
[prc2][info] Total Blocked Models: 0
[prc2][info] No more queries to be tested. Solution not found!
[prc2][info] Increasing the number of lines of code.
[prc2][info] Lines of Code: 4
[prc1][info] Number of Nodes: 15 
[prc1][info] Number of Variables: 30
[prc1][info] Number of Constraints: 323
[prc1][info] Time spent encoding: 0.16739749908447266
[prc0][info] Number of Nodes: 15 
[prc0][info] Number of Variables: 30
[prc0][info] Number of Constraints: 323
[prc0][info] Time spent encoding: 0.16382813453674316
[prc1][error] UNSAT : There is no solution for current depth (loc=2), try to increase it (e.g. loc=3).
[prc1][info] Synthesizing programs...
[prc0][error] UNSAT : There is no solution for current depth (loc=2), try to increase it (e.g. loc=3).
[prc0][info] Synthesizing programs...
[prc1][debug] Enumerator is exhausted after 0 attempts
[prc1][error] Total Time: 0.029485225677490234
[prc1][info] Total Solver Time: 0.02935481071472168
[prc1][info] Total Time Symmetries: 0
[prc1][info] Total Blocked Models: 0
[prc1][info] No more queries to be tested. Solution not found!
[prc1][info] Increasing the number of lines of code.
[prc1][info] Lines of Code: 4
[prc0][debug] Enumerator is exhausted after 0 attempts
[prc0][error] Total Time: 0.028400421142578125
[prc0][info] Total Solver Time: 0.028269290924072266
[prc0][info] Total Time Symmetries: 0
[prc0][info] Total Blocked Models: 0
[prc0][info] No more queries to be tested. Solution not found!
[prc0][info] Increasing the number of lines of code.
[prc0][info] Lines of Code: 4
[prc2][info] Number of Nodes: 20 
[prc2][info] Number of Variables: 48
[prc2][info] Number of Constraints: 522
[prc2][info] Time spent encoding: 0.25220513343811035
[prc3][info] Number of Nodes: 20 
[prc3][info] Number of Variables: 48
[prc3][info] Number of Constraints: 522
[prc3][info] Time spent encoding: 0.25263476371765137
[prc3][info] Synthesizing programs...
[prc2][info] Synthesizing programs...
[prc1][info] Number of Nodes: 20 
[prc1][info] Number of Variables: 48
[prc1][info] Number of Constraints: 522
[prc1][info] Time spent encoding: 0.26181983947753906
[prc0][info] Number of Nodes: 20 
[prc0][info] Number of Variables: 48
[prc0][info] Number of Constraints: 522
[prc0][info] Time spent encoding: 0.2623169422149658
[prc1][info] Synthesizing programs...
[prc3][info] Total Solver Time: 0.0018546581268310547
[prc3][info] Total Time Symmetries: 0
[prc3][info] Total Blocked Models: 0
[prc3][debug] Program accepted after 3 attempts
[prc3][error] Total Time: 0.11976218223571777
[prc3][info] Solution found: select(filter(summariseGrouped(inner_join(@param0, @param1), n = n(), S_name), n == max(n)), S_name, distinct)
[prc0][info] Synthesizing programs...
[prc3][debug] Solution found using process 3: Config(disabled=[], alt_empty_pos=False, shuffle_cols=False, z3_smt_phase=3, z3_smt_case_split=1, z3_sat_phase='random', z3_sat_restart='ema', z3_sat_branching='vsids', z3_QF_FD=True)

------------------------------------- R Solution ---------------------------------------

con <- DBI::dbConnect(RSQLite::SQLite(), ":memory:")
input1 <- read.table("tests-examples/textbook/tables/10-1.txt", sep=",", header=T)
input1 <- copy_to(con, input1)
input2 <- read.table("tests-examples/textbook/tables/10-2.txt", sep=",", header=T)
input2 <- copy_to(con, input2)
expected_output <- read.table("tests-examples/textbook/tables/10.out", sep =",", header=T)

RET_DF13 <- inner_join(input1, input2)
RET_DF14 <- RET_DF13 %>% group_by(S_name) %>% summarise(n = n())
RET_DF15 <- filter(RET_DF14, n == max(n))
RET_DF16 <- RET_DF15 %>% ungroup() %>% select(S_name) %>% distinct()


+++++++++++++++++++++++++++++++++++++ SQL Solution +++++++++++++++++++++++++++++++++++++

SELECT DISTINCT `S_name`
FROM
  (SELECT `S_name`,
          `n`
   FROM
     (SELECT `S_name`,
             `n`,
             MAX(`n`) OVER () AS `zzz3`
      FROM
        (SELECT `S_name`,
                COUNT() AS `n`
         FROM
           (SELECT `S_key`,
                   `C_name`,
                   `S_name`
            FROM `input1` AS `LHS`
            INNER JOIN `input2` AS `RHS` ON (`LHS`.`S_key` = `RHS`.`S_key`))
         GROUP BY `S_name`))
   WHERE (`n` = `zzz3`))
