[prc0][info] Parsing specification...
[prc0][debug] Reading input files...
[prc1][info] Parsing specification...
[prc2][info] Parsing specification...
[prc3][info] Parsing specification...
[prc1][debug] Reading input files...
[prc2][debug] Reading input files...
[prc3][debug] Reading input files...
[prc0][debug] Generating DSL...
[prc0][debug] Building Tyrell spec from parse tree...
[prc0][debug] Processing type definitions...
[prc0][debug] Processing input/output definitions...
[prc0][debug] Processing function definitions...
[prc0][debug] Processing global predicates...
[prc0][info] Parsing succeeded
[prc0][info] Building synthesizer...
[prc0][info] Lines of Code: 1
[prc1][debug] Generating DSL...
[prc2][debug] Generating DSL...
[prc3][debug] Generating DSL...
[prc2][debug] Building Tyrell spec from parse tree...
[prc1][debug] Building Tyrell spec from parse tree...
[prc2][debug] Processing type definitions...
[prc1][debug] Processing type definitions...
[prc2][debug] Processing input/output definitions...
[prc1][debug] Processing input/output definitions...
[prc3][debug] Building Tyrell spec from parse tree...
[prc3][debug] Processing type definitions...
[prc2][debug] Processing function definitions...
[prc1][debug] Processing function definitions...
[prc3][debug] Processing input/output definitions...
[prc3][debug] Processing function definitions...
[prc2][debug] Processing global predicates...
[prc1][debug] Processing global predicates...
[prc2][info] Parsing succeeded
[prc2][info] Building synthesizer...
[prc2][info] Lines of Code: 1
[prc1][info] Parsing succeeded
[prc1][info] Building synthesizer...
[prc1][info] Lines of Code: 1
[prc3][debug] Processing global predicates...
[prc3][info] Parsing succeeded
[prc3][info] Building synthesizer...
[prc3][info] Lines of Code: 1
[prc0][info] Number of Nodes: 5 
[prc0][info] Number of Variables: 6
[prc0][info] Number of Constraints: 49
[prc0][info] Time spent encoding: 0.03510260581970215
[prc0][error] UNSAT : There is no solution for current depth (loc=0), try to increase it (e.g. loc=1).
[prc0][info] Synthesizing programs...
[prc0][debug] Enumerator is exhausted after 0 attempts
[prc0][error] Total Time: 0.008922576904296875
[prc0][info] Total Solver Time: 0.008808135986328125
[prc0][info] Total Time Symmetries: 0
[prc0][info] Total Blocked Models: 0
[prc0][info] No more queries to be tested. Solution not found!
[prc0][info] Increasing the number of lines of code.
[prc0][info] Lines of Code: 2
[prc2][info] Number of Nodes: 5 
[prc2][info] Number of Variables: 6
[prc2][info] Number of Constraints: 49
[prc2][info] Time spent encoding: 0.03455376625061035
[prc3][info] Number of Nodes: 5 
[prc3][info] Number of Variables: 6
[prc3][info] Number of Constraints: 49
[prc3][info] Time spent encoding: 0.03365826606750488
[prc2][error] UNSAT : There is no solution for current depth (loc=0), try to increase it (e.g. loc=1).
[prc2][info] Synthesizing programs...
[prc2][debug] Enumerator is exhausted after 0 attempts
[prc2][error] Total Time: 9.298324584960938e-05
[prc2][info] Total Solver Time: 3.24249267578125e-05
[prc2][info] Total Time Symmetries: 0
[prc2][info] Total Blocked Models: 0
[prc2][info] No more queries to be tested. Solution not found!
[prc2][info] Increasing the number of lines of code.
[prc2][info] Lines of Code: 2
[prc3][error] UNSAT : There is no solution for current depth (loc=0), try to increase it (e.g. loc=1).
[prc3][info] Synthesizing programs...
[prc3][debug] Enumerator is exhausted after 0 attempts
[prc3][error] Total Time: 9.036064147949219e-05
[prc3][info] Total Solver Time: 3.0279159545898438e-05
[prc3][info] Total Time Symmetries: 0
[prc3][info] Total Blocked Models: 0
[prc3][info] No more queries to be tested. Solution not found!
[prc3][info] Increasing the number of lines of code.
[prc3][info] Lines of Code: 2
[prc1][info] Number of Nodes: 5 
[prc1][info] Number of Variables: 6
[prc1][info] Number of Constraints: 49
[prc1][info] Time spent encoding: 0.041521310806274414
[prc1][error] UNSAT : There is no solution for current depth (loc=0), try to increase it (e.g. loc=1).
[prc1][info] Synthesizing programs...
[prc1][debug] Enumerator is exhausted after 0 attempts
[prc1][error] Total Time: 0.009547948837280273
[prc1][info] Total Solver Time: 0.009390115737915039
[prc1][info] Total Time Symmetries: 0
[prc1][info] Total Blocked Models: 0
[prc1][info] No more queries to be tested. Solution not found!
[prc1][info] Increasing the number of lines of code.
[prc1][info] Lines of Code: 2
[prc2][info] Number of Nodes: 10 
[prc2][info] Number of Variables: 16
[prc2][info] Number of Constraints: 136
[prc2][info] Time spent encoding: 0.0692439079284668
[prc3][info] Number of Nodes: 10 
[prc3][info] Number of Variables: 16
[prc3][info] Number of Constraints: 136
[prc3][info] Time spent encoding: 0.06969738006591797
[prc0][info] Number of Nodes: 10 
[prc0][info] Number of Variables: 16
[prc0][info] Number of Constraints: 136
[prc0][info] Time spent encoding: 0.07632184028625488
[prc2][info] Synthesizing programs...
[prc3][info] Synthesizing programs...
[prc0][info] Synthesizing programs...
[prc1][info] Number of Nodes: 10 
[prc1][info] Number of Variables: 16
[prc1][info] Number of Constraints: 136
[prc1][info] Time spent encoding: 0.0764932632446289
[prc1][info] Synthesizing programs...
[prc3][debug] Enumerator is exhausted after 34 attempts
[prc3][error] Total Time: 0.8167159557342529
[prc3][info] Total Solver Time: 0.017215251922607422
[prc3][info] Total Time Symmetries: 0
[prc3][info] Total Blocked Models: 0
[prc3][info] No more queries to be tested. Solution not found!
[prc3][info] Increasing the number of lines of code.
[prc2][debug] Enumerator is exhausted after 34 attempts
[prc3][info] Lines of Code: 3
[prc2][error] Total Time: 0.8183488845825195
[prc2][info] Total Solver Time: 0.017035722732543945
[prc2][info] Total Time Symmetries: 0
[prc2][info] Total Blocked Models: 0
[prc2][info] No more queries to be tested. Solution not found!
[prc2][info] Increasing the number of lines of code.
[prc2][info] Lines of Code: 3
[prc0][debug] Enumerator is exhausted after 34 attempts
[prc0][error] Total Time: 0.8523027896881104
[prc0][info] Total Solver Time: 0.030458688735961914
[prc0][info] Total Time Symmetries: 0
[prc0][info] Total Blocked Models: 0
[prc0][info] No more queries to be tested. Solution not found!
[prc0][info] Increasing the number of lines of code.
[prc0][info] Lines of Code: 3
[prc1][debug] Enumerator is exhausted after 34 attempts
[prc1][error] Total Time: 0.8452291488647461
[prc1][info] Total Solver Time: 0.03229045867919922
[prc1][info] Total Time Symmetries: 0
[prc1][info] Total Blocked Models: 0
[prc1][info] No more queries to be tested. Solution not found!
[prc1][info] Increasing the number of lines of code.
[prc1][info] Lines of Code: 3
[prc3][info] Number of Nodes: 15 
[prc3][info] Number of Variables: 30
[prc3][info] Number of Constraints: 263
[prc3][info] Time spent encoding: 0.12784147262573242
[prc2][info] Number of Nodes: 15 
[prc2][info] Number of Variables: 30
[prc2][info] Number of Constraints: 263
[prc2][info] Time spent encoding: 0.14198875427246094
[prc3][info] Synthesizing programs...
[prc2][info] Synthesizing programs...
[prc0][info] Number of Nodes: 15 
[prc0][info] Number of Variables: 30
[prc0][info] Number of Constraints: 263
[prc0][info] Time spent encoding: 0.13579916954040527
[prc1][info] Number of Nodes: 15 
[prc1][info] Number of Variables: 30
[prc1][info] Number of Constraints: 263
[prc1][info] Time spent encoding: 0.13535475730895996
[prc0][info] Synthesizing programs...
[prc1][info] Synthesizing programs...
[prc2][info] Total Solver Time: 0.06365036964416504
[prc2][info] Total Time Symmetries: 0
[prc2][info] Total Blocked Models: 0
[prc2][debug] Attempts : 100
[prc0][info] Total Solver Time: 0.0835881233215332
[prc0][info] Total Time Symmetries: 0
[prc0][info] Total Blocked Models: 0
[prc0][debug] Attempts : 100
[prc3][info] Total Solver Time: 0.061829566955566406
[prc3][info] Total Time Symmetries: 0
[prc3][info] Total Blocked Models: 0
[prc3][debug] Attempts : 100
[prc1][info] Total Solver Time: 0.09389257431030273
[prc1][info] Total Time Symmetries: 0
[prc1][info] Total Blocked Models: 0
[prc1][debug] Attempts : 100
[prc1][info] Total Solver Time: 0.11230802536010742
[prc1][info] Total Time Symmetries: 0
[prc1][info] Total Blocked Models: 0
[prc1][debug] Program accepted after 130 attempts
[prc1][error] Total Time: 4.093188762664795
[prc1][info] Solution found: select(left_join(anti_join(@param0, @param1, S_key), @param0), S_name, )
[prc1][debug] Solution found using process 1: Config(disabled=[], alt_empty_pos=False, shuffle_cols=False, z3_smt_phase=6, z3_smt_case_split=1, z3_sat_phase='caching', z3_sat_restart='ema', z3_sat_branching='vsids', z3_QF_FD=False)

------------------------------------- R Solution ---------------------------------------

con <- DBI::dbConnect(RSQLite::SQLite(), ":memory:")
input1 <- read.table("tests-examples/textbook/tables/11-1.txt", sep=",", header=T)
input1 <- copy_to(con, input1)
input2 <- read.table("tests-examples/textbook/tables/11-2.txt", sep=",", header=T)
input2 <- copy_to(con, input2)
expected_output <- read.table("tests-examples/textbook/tables/11.out", sep =",", header=T)

RET_DF362 <- anti_join(select(input1,S_key), select(input2, S_key))
RET_DF363 <- left_join(RET_DF362, input1)
RET_DF364 <- RET_DF363 %>% ungroup() %>% select(S_name)


+++++++++++++++++++++++++++++++++++++ SQL Solution +++++++++++++++++++++++++++++++++++++

SELECT `S_name`
FROM
  (SELECT `S_key`,
          `S_name`
   FROM
     (SELECT *
      FROM
        (SELECT `S_key`
         FROM `input1`) AS `LHS`
      WHERE NOT EXISTS
          (SELECT 1
           FROM
             (SELECT `S_key`
              FROM `input2`) AS `RHS`
           WHERE (`LHS`.`S_key` = `RHS`.`S_key`) )) AS `LHS`
   LEFT JOIN `input1` AS `RHS` ON (`LHS`.`S_key` = `RHS`.`S_key`))
