[prc0][info] Parsing specification...
[prc1][info] Parsing specification...
[prc2][info] Parsing specification...
[prc3][info] Parsing specification...
[prc0][debug] Reading input files...
[prc1][debug] Reading input files...
[prc2][debug] Reading input files...
[prc3][debug] Reading input files...
[prc0][debug] Generating DSL...
[prc1][debug] Generating DSL...
[prc2][debug] Generating DSL...
[prc3][debug] Generating DSL...
[prc0][debug] Building Tyrell spec from parse tree...
[prc0][debug] Processing type definitions...
[prc0][debug] Processing input/output definitions...
[prc2][debug] Building Tyrell spec from parse tree...
[prc2][debug] Processing type definitions...
[prc0][debug] Processing function definitions...
[prc1][debug] Building Tyrell spec from parse tree...
[prc1][debug] Processing type definitions...
[prc2][debug] Processing input/output definitions...
[prc2][debug] Processing function definitions...
[prc3][debug] Building Tyrell spec from parse tree...
[prc1][debug] Processing input/output definitions...
[prc3][debug] Processing type definitions...
[prc0][debug] Processing global predicates...
[prc1][debug] Processing function definitions...
[prc0][info] Parsing succeeded
[prc0][info] Building synthesizer...
[prc0][info] Lines of Code: 1
[prc3][debug] Processing input/output definitions...
[prc2][debug] Processing global predicates...
[prc3][debug] Processing function definitions...
[prc1][debug] Processing global predicates...
[prc2][info] Parsing succeeded
[prc2][info] Building synthesizer...
[prc2][info] Lines of Code: 1
[prc1][info] Parsing succeeded
[prc3][debug] Processing global predicates...
[prc1][info] Building synthesizer...
[prc1][info] Lines of Code: 1
[prc3][info] Parsing succeeded
[prc3][info] Building synthesizer...
[prc3][info] Lines of Code: 1
[prc2][info] Number of Nodes: 5 
[prc2][info] Number of Variables: 6
[prc2][info] Number of Constraints: 64
[prc2][info] Time spent encoding: 0.04019927978515625
[prc3][info] Number of Nodes: 5 
[prc3][info] Number of Variables: 6
[prc3][info] Number of Constraints: 64
[prc3][info] Time spent encoding: 0.04003453254699707
[prc2][error] UNSAT : There is no solution for current depth (loc=0), try to increase it (e.g. loc=1).
[prc2][info] Synthesizing programs...
[prc2][debug] Enumerator is exhausted after 0 attempts
[prc2][error] Total Time: 8.821487426757812e-05
[prc2][info] Total Solver Time: 3.0040740966796875e-05
[prc2][info] Total Time Symmetries: 0
[prc2][info] Total Blocked Models: 0
[prc2][info] No more queries to be tested. Solution not found!
[prc2][info] Increasing the number of lines of code.
[prc2][info] Lines of Code: 2
[prc3][error] UNSAT : There is no solution for current depth (loc=0), try to increase it (e.g. loc=1).
[prc3][info] Synthesizing programs...
[prc3][debug] Enumerator is exhausted after 0 attempts
[prc3][error] Total Time: 8.58306884765625e-05
[prc3][info] Total Solver Time: 2.9325485229492188e-05
[prc3][info] Total Time Symmetries: 0
[prc3][info] Total Blocked Models: 0
[prc3][info] No more queries to be tested. Solution not found!
[prc3][info] Increasing the number of lines of code.
[prc3][info] Lines of Code: 2
[prc0][info] Number of Nodes: 5 
[prc0][info] Number of Variables: 6
[prc0][info] Number of Constraints: 64
[prc0][info] Time spent encoding: 0.0475461483001709
[prc1][info] Number of Nodes: 5 
[prc1][info] Number of Variables: 6
[prc1][info] Number of Constraints: 64
[prc1][info] Time spent encoding: 0.047800540924072266
[prc0][error] UNSAT : There is no solution for current depth (loc=0), try to increase it (e.g. loc=1).
[prc0][info] Synthesizing programs...
[prc1][error] UNSAT : There is no solution for current depth (loc=0), try to increase it (e.g. loc=1).
[prc1][info] Synthesizing programs...
[prc0][debug] Enumerator is exhausted after 0 attempts
[prc0][error] Total Time: 0.007850170135498047
[prc0][info] Total Solver Time: 0.007752180099487305
[prc0][info] Total Time Symmetries: 0
[prc0][info] Total Blocked Models: 0
[prc0][info] No more queries to be tested. Solution not found!
[prc0][info] Increasing the number of lines of code.
[prc0][info] Lines of Code: 2
[prc1][debug] Enumerator is exhausted after 0 attempts
[prc1][error] Total Time: 0.007858514785766602
[prc1][info] Total Solver Time: 0.007765054702758789
[prc1][info] Total Time Symmetries: 0
[prc1][info] Total Blocked Models: 0
[prc1][info] No more queries to be tested. Solution not found!
[prc1][info] Increasing the number of lines of code.
[prc1][info] Lines of Code: 2
[prc2][info] Number of Nodes: 10 
[prc2][info] Number of Variables: 16
[prc2][info] Number of Constraints: 171
[prc2][info] Time spent encoding: 0.0975196361541748
[prc3][info] Number of Nodes: 10 
[prc3][info] Number of Variables: 16
[prc3][info] Number of Constraints: 171
[prc3][info] Time spent encoding: 0.09702563285827637
[prc2][error] UNSAT : There is no solution for current depth (loc=1), try to increase it (e.g. loc=2).
[prc2][info] Synthesizing programs...
[prc2][debug] Enumerator is exhausted after 0 attempts
[prc2][error] Total Time: 8.177757263183594e-05
[prc2][info] Total Solver Time: 3.147125244140625e-05
[prc2][info] Total Time Symmetries: 0
[prc2][info] Total Blocked Models: 0
[prc2][info] No more queries to be tested. Solution not found!
[prc3][error] UNSAT : There is no solution for current depth (loc=1), try to increase it (e.g. loc=2).
[prc2][info] Increasing the number of lines of code.
[prc2][info] Lines of Code: 3
[prc3][info] Synthesizing programs...
[prc3][debug] Enumerator is exhausted after 0 attempts
[prc3][error] Total Time: 8.368492126464844e-05
[prc3][info] Total Solver Time: 3.1948089599609375e-05
[prc3][info] Total Time Symmetries: 0
[prc3][info] Total Blocked Models: 0
[prc3][info] No more queries to be tested. Solution not found!
[prc3][info] Increasing the number of lines of code.
[prc3][info] Lines of Code: 3
[prc0][info] Number of Nodes: 10 
[prc0][info] Number of Variables: 16
[prc0][info] Number of Constraints: 171
[prc0][info] Time spent encoding: 0.10412311553955078
[prc1][info] Number of Nodes: 10 
[prc1][info] Number of Variables: 16
[prc1][info] Number of Constraints: 171
[prc1][info] Time spent encoding: 0.10469675064086914
[prc0][error] UNSAT : There is no solution for current depth (loc=1), try to increase it (e.g. loc=2).
[prc0][info] Synthesizing programs...
[prc1][error] UNSAT : There is no solution for current depth (loc=1), try to increase it (e.g. loc=2).
[prc1][info] Synthesizing programs...
[prc0][debug] Enumerator is exhausted after 0 attempts
[prc0][error] Total Time: 0.014736652374267578
[prc0][info] Total Solver Time: 0.014617204666137695
[prc0][info] Total Time Symmetries: 0
[prc0][info] Total Blocked Models: 0
[prc0][info] No more queries to be tested. Solution not found!
[prc0][info] Increasing the number of lines of code.
[prc0][info] Lines of Code: 3
[prc1][debug] Enumerator is exhausted after 0 attempts
[prc1][error] Total Time: 0.01614522933959961
[prc1][info] Total Solver Time: 0.0160214900970459
[prc1][info] Total Time Symmetries: 0
[prc1][info] Total Blocked Models: 0
[prc1][info] No more queries to be tested. Solution not found!
[prc1][info] Increasing the number of lines of code.
[prc1][info] Lines of Code: 3
[prc2][info] Number of Nodes: 15 
[prc2][info] Number of Variables: 30
[prc2][info] Number of Constraints: 324
[prc2][info] Time spent encoding: 0.17655587196350098
[prc3][info] Number of Nodes: 15 
[prc3][info] Number of Variables: 30
[prc3][info] Number of Constraints: 324
[prc3][info] Time spent encoding: 0.17667722702026367
[prc2][error] UNSAT : There is no solution for current depth (loc=2), try to increase it (e.g. loc=3).
[prc2][info] Synthesizing programs...
[prc2][debug] Enumerator is exhausted after 0 attempts
[prc2][error] Total Time: 9.036064147949219e-05
[prc2][info] Total Solver Time: 3.695487976074219e-05
[prc2][info] Total Time Symmetries: 0
[prc3][error] UNSAT : There is no solution for current depth (loc=2), try to increase it (e.g. loc=3).
[prc2][info] Total Blocked Models: 0
[prc2][info] No more queries to be tested. Solution not found!
[prc2][info] Increasing the number of lines of code.
[prc2][info] Lines of Code: 4
[prc3][info] Synthesizing programs...
[prc3][debug] Enumerator is exhausted after 0 attempts
[prc3][error] Total Time: 8.440017700195312e-05
[prc3][info] Total Solver Time: 3.218650817871094e-05
[prc3][info] Total Time Symmetries: 0
[prc3][info] Total Blocked Models: 0
[prc3][info] No more queries to be tested. Solution not found!
[prc3][info] Increasing the number of lines of code.
[prc3][info] Lines of Code: 4
[prc0][info] Number of Nodes: 15 
[prc0][info] Number of Variables: 30
[prc0][info] Number of Constraints: 324
[prc0][info] Time spent encoding: 0.18573498725891113
[prc1][info] Number of Nodes: 15 
[prc1][info] Number of Variables: 30
[prc1][info] Number of Constraints: 324
[prc1][info] Time spent encoding: 0.18524479866027832
[prc0][error] UNSAT : There is no solution for current depth (loc=2), try to increase it (e.g. loc=3).
[prc0][info] Synthesizing programs...
[prc1][error] UNSAT : There is no solution for current depth (loc=2), try to increase it (e.g. loc=3).
[prc1][info] Synthesizing programs...
[prc0][debug] Enumerator is exhausted after 0 attempts
[prc0][error] Total Time: 0.03253507614135742
[prc0][info] Total Solver Time: 0.03240013122558594
[prc0][info] Total Time Symmetries: 0
[prc0][info] Total Blocked Models: 0
[prc0][info] No more queries to be tested. Solution not found!
[prc0][info] Increasing the number of lines of code.
[prc0][info] Lines of Code: 4
[prc1][debug] Enumerator is exhausted after 0 attempts
[prc1][error] Total Time: 0.034389495849609375
[prc1][info] Total Solver Time: 0.03425121307373047
[prc1][info] Total Time Symmetries: 0
[prc1][info] Total Blocked Models: 0
[prc1][info] No more queries to be tested. Solution not found!
[prc1][info] Increasing the number of lines of code.
[prc1][info] Lines of Code: 4
[prc2][info] Number of Nodes: 20 
[prc2][info] Number of Variables: 48
[prc2][info] Number of Constraints: 523
[prc2][info] Time spent encoding: 0.28023457527160645
[prc3][info] Number of Nodes: 20 
[prc3][info] Number of Variables: 48
[prc3][info] Number of Constraints: 523
[prc3][info] Time spent encoding: 0.28249359130859375
[prc2][info] Synthesizing programs...
[prc3][info] Synthesizing programs...
[prc0][info] Number of Nodes: 20 
[prc0][info] Number of Variables: 48
[prc0][info] Number of Constraints: 523
[prc0][info] Time spent encoding: 0.2900526523590088
[prc1][info] Number of Nodes: 20 
[prc1][info] Number of Variables: 48
[prc1][info] Number of Constraints: 523
[prc1][info] Time spent encoding: 0.2906641960144043
[prc0][info] Synthesizing programs...
[prc1][info] Synthesizing programs...
[prc3][info] Total Solver Time: 0.040923357009887695
[prc3][info] Total Time Symmetries: 0
[prc3][info] Total Blocked Models: 0
[prc3][debug] Program accepted after 51 attempts
[prc3][error] Total Time: 1.664257287979126
[prc3][info] Solution found: select(filter(summariseGrouped(inner_join3(@param1, @param0, @param2), n = n(), S_name), n == max(n)), S_name, distinct)
[prc3][debug] Solution found using process 3: Config(disabled=[], alt_empty_pos=False, shuffle_cols=False, z3_smt_phase=3, z3_smt_case_split=1, z3_sat_phase='random', z3_sat_restart='ema', z3_sat_branching='vsids', z3_QF_FD=True)

------------------------------------- R Solution ---------------------------------------

con <- DBI::dbConnect(RSQLite::SQLite(), ":memory:")
input1 <- read.table("tests-examples/textbook/tables/14-1.txt", sep=",", header=T)
input1 <- copy_to(con, input1)
input2 <- read.table("tests-examples/textbook/tables/14-2.txt", sep=",", header=T)
input2 <- copy_to(con, input2)
input3 <- read.table("tests-examples/textbook/tables/14-3.txt", sep=",", header=T)
input3 <- copy_to(con, input3)
expected_output <- read.table("tests-examples/textbook/tables/14.out", sep =",", header=T)

RET_DF86 <- inner_join(inner_join(input2, input1), input3)
RET_DF87 <- RET_DF86 %>% group_by(S_name) %>% summarise(n = n())
RET_DF88 <- filter(RET_DF87, n == max(n))
RET_DF89 <- RET_DF88 %>% ungroup() %>% select(S_name) %>% distinct()


+++++++++++++++++++++++++++++++++++++ SQL Solution +++++++++++++++++++++++++++++++++++++

SELECT DISTINCT `S_name`
FROM
  (SELECT `S_name`,
          `n`
   FROM
     (SELECT `S_name`,
             `n`,
             MAX(`n`) OVER () AS `zzz4`
      FROM
        (SELECT `S_name`,
                COUNT() AS `n`
         FROM
           (SELECT `P_id`,
                   `color`,
                   `S_key`,
                   `S_name`
            FROM
              (SELECT `P_id`,
                      `color`,
                      `S_key`
               FROM `input2` AS `LHS`
               INNER JOIN `input1` AS `RHS` ON (`LHS`.`P_id` = `RHS`.`P_id`)) AS `LHS`
            INNER JOIN `input3` AS `RHS` ON (`LHS`.`S_key` = `RHS`.`S_key`))
         GROUP BY `S_name`))
   WHERE (`n` = `zzz4`))
