[prc0][info] Parsing specification...
[prc0][debug] Reading input files...
[prc1][info] Parsing specification...
[prc2][info] Parsing specification...
[prc3][info] Parsing specification...
[prc1][debug] Reading input files...
[prc2][debug] Reading input files...
[prc3][debug] Reading input files...
[prc0][debug] Generating DSL...
[prc0][debug] Building Tyrell spec from parse tree...
[prc0][debug] Processing type definitions...
[prc0][debug] Processing input/output definitions...
[prc0][debug] Processing function definitions...
[prc0][debug] Processing global predicates...
[prc0][info] Parsing succeeded
[prc0][info] Building synthesizer...
[prc0][info] Lines of Code: 1
[prc1][debug] Generating DSL...
[prc2][debug] Generating DSL...
[prc3][debug] Generating DSL...
[prc1][debug] Building Tyrell spec from parse tree...
[prc1][debug] Processing type definitions...
[prc2][debug] Building Tyrell spec from parse tree...
[prc2][debug] Processing type definitions...
[prc1][debug] Processing input/output definitions...
[prc1][debug] Processing function definitions...
[prc3][debug] Building Tyrell spec from parse tree...
[prc3][debug] Processing type definitions...
[prc2][debug] Processing input/output definitions...
[prc2][debug] Processing function definitions...
[prc3][debug] Processing input/output definitions...
[prc1][debug] Processing global predicates...
[prc3][debug] Processing function definitions...
[prc2][debug] Processing global predicates...
[prc1][info] Parsing succeeded
[prc1][info] Building synthesizer...
[prc1][info] Lines of Code: 1
[prc2][info] Parsing succeeded
[prc2][info] Building synthesizer...
[prc2][info] Lines of Code: 1
[prc3][debug] Processing global predicates...
[prc3][info] Parsing succeeded
[prc3][info] Building synthesizer...
[prc3][info] Lines of Code: 1
[prc0][info] Number of Nodes: 5 
[prc0][info] Number of Variables: 6
[prc0][info] Number of Constraints: 54
[prc0][info] Time spent encoding: 0.0540316104888916
[prc0][error] UNSAT : There is no solution for current depth (loc=0), try to increase it (e.g. loc=1).
[prc0][info] Synthesizing programs...
[prc2][info] Number of Nodes: 5 
[prc2][info] Number of Variables: 6
[prc2][info] Number of Constraints: 54
[prc2][info] Time spent encoding: 0.04685258865356445
[prc3][info] Number of Nodes: 5 
[prc3][info] Number of Variables: 6
[prc3][info] Number of Constraints: 54
[prc3][info] Time spent encoding: 0.047115325927734375
[prc0][debug] Enumerator is exhausted after 0 attempts
[prc0][error] Total Time: 0.010535001754760742
[prc0][info] Total Solver Time: 0.010417938232421875
[prc0][info] Total Time Symmetries: 0
[prc0][info] Total Blocked Models: 0
[prc0][info] No more queries to be tested. Solution not found!
[prc0][info] Increasing the number of lines of code.
[prc0][info] Lines of Code: 2
[prc2][error] UNSAT : There is no solution for current depth (loc=0), try to increase it (e.g. loc=1).
[prc2][info] Synthesizing programs...
[prc2][debug] Enumerator is exhausted after 0 attempts
[prc2][error] Total Time: 9.965896606445312e-05
[prc2][info] Total Solver Time: 3.9577484130859375e-05
[prc2][info] Total Time Symmetries: 0
[prc2][info] Total Blocked Models: 0
[prc2][info] No more queries to be tested. Solution not found!
[prc2][info] Increasing the number of lines of code.
[prc2][info] Lines of Code: 2
[prc3][error] UNSAT : There is no solution for current depth (loc=0), try to increase it (e.g. loc=1).
[prc3][info] Synthesizing programs...
[prc3][debug] Enumerator is exhausted after 0 attempts
[prc3][error] Total Time: 9.489059448242188e-05
[prc3][info] Total Solver Time: 3.457069396972656e-05
[prc3][info] Total Time Symmetries: 0
[prc3][info] Total Blocked Models: 0
[prc3][info] No more queries to be tested. Solution not found!
[prc3][info] Increasing the number of lines of code.
[prc3][info] Lines of Code: 2
[prc1][info] Number of Nodes: 5 
[prc1][info] Number of Variables: 6
[prc1][info] Number of Constraints: 54
[prc1][info] Time spent encoding: 0.055267333984375
[prc1][error] UNSAT : There is no solution for current depth (loc=0), try to increase it (e.g. loc=1).
[prc1][info] Synthesizing programs...
[prc1][debug] Enumerator is exhausted after 0 attempts
[prc1][error] Total Time: 0.011160135269165039
[prc1][info] Total Solver Time: 0.011041641235351562
[prc1][info] Total Time Symmetries: 0
[prc1][info] Total Blocked Models: 0
[prc1][info] No more queries to be tested. Solution not found!
[prc1][info] Increasing the number of lines of code.
[prc1][info] Lines of Code: 2
[prc2][info] Number of Nodes: 10 
[prc2][info] Number of Variables: 16
[prc2][info] Number of Constraints: 147
[prc2][info] Time spent encoding: 0.10701966285705566
[prc3][info] Number of Nodes: 10 
[prc3][info] Number of Variables: 16
[prc3][info] Number of Constraints: 147
[prc3][info] Time spent encoding: 0.10539817810058594
[prc2][error] UNSAT : There is no solution for current depth (loc=1), try to increase it (e.g. loc=2).
[prc2][info] Synthesizing programs...
[prc2][debug] Enumerator is exhausted after 0 attempts
[prc2][error] Total Time: 9.036064147949219e-05
[prc2][info] Total Solver Time: 3.695487976074219e-05
[prc2][info] Total Time Symmetries: 0
[prc2][info] Total Blocked Models: 0
[prc2][info] No more queries to be tested. Solution not found!
[prc2][info] Increasing the number of lines of code.
[prc2][info] Lines of Code: 3
[prc3][error] UNSAT : There is no solution for current depth (loc=1), try to increase it (e.g. loc=2).
[prc3][info] Synthesizing programs...
[prc3][debug] Enumerator is exhausted after 0 attempts
[prc3][error] Total Time: 8.559226989746094e-05
[prc3][info] Total Solver Time: 3.361701965332031e-05
[prc3][info] Total Time Symmetries: 0
[prc3][info] Total Blocked Models: 0
[prc3][info] No more queries to be tested. Solution not found!
[prc3][info] Increasing the number of lines of code.
[prc3][info] Lines of Code: 3
[prc0][info] Number of Nodes: 10 
[prc0][info] Number of Variables: 16
[prc0][info] Number of Constraints: 147
[prc0][info] Time spent encoding: 0.12579059600830078
[prc1][info] Number of Nodes: 10 
[prc1][info] Number of Variables: 16
[prc1][info] Number of Constraints: 147
[prc1][info] Time spent encoding: 0.11405587196350098
[prc0][error] UNSAT : There is no solution for current depth (loc=1), try to increase it (e.g. loc=2).
[prc0][info] Synthesizing programs...
[prc1][error] UNSAT : There is no solution for current depth (loc=1), try to increase it (e.g. loc=2).
[prc1][info] Synthesizing programs...
[prc0][debug] Enumerator is exhausted after 0 attempts
[prc0][error] Total Time: 0.027298688888549805
[prc0][info] Total Solver Time: 0.027179241180419922
[prc0][info] Total Time Symmetries: 0
[prc0][info] Total Blocked Models: 0
[prc0][info] No more queries to be tested. Solution not found!
[prc0][info] Increasing the number of lines of code.
[prc0][info] Lines of Code: 3
[prc1][debug] Enumerator is exhausted after 0 attempts
[prc1][error] Total Time: 0.030593156814575195
[prc1][info] Total Solver Time: 0.030452489852905273
[prc1][info] Total Time Symmetries: 0
[prc1][info] Total Blocked Models: 0
[prc1][info] No more queries to be tested. Solution not found!
[prc1][info] Increasing the number of lines of code.
[prc1][info] Lines of Code: 3
[prc2][info] Number of Nodes: 15 
[prc3][info] Number of Nodes: 15 
[prc2][info] Number of Variables: 30
[prc3][info] Number of Variables: 30
[prc2][info] Number of Constraints: 282
[prc3][info] Number of Constraints: 282
[prc2][info] Time spent encoding: 0.18854188919067383
[prc3][info] Time spent encoding: 0.18679285049438477
[prc3][info] Synthesizing programs...
[prc2][info] Synthesizing programs...
[prc0][info] Number of Nodes: 15 
[prc0][info] Number of Variables: 30
[prc0][info] Number of Constraints: 282
[prc0][info] Time spent encoding: 0.19631052017211914
[prc1][info] Number of Nodes: 15 
[prc1][info] Number of Variables: 30
[prc1][info] Number of Constraints: 282
[prc1][info] Time spent encoding: 0.19393563270568848
[prc3][info] Total Solver Time: 0.0007979869842529297
[prc3][info] Total Time Symmetries: 0
[prc3][info] Total Blocked Models: 0
[prc3][debug] Program accepted after 2 attempts
[prc3][error] Total Time: 0.0860135555267334
[prc3][info] Solution found: select(filter(inner_join3(@param2, @param1, @param0), salary > 80000), aname, distinct)
[prc0][info] Synthesizing programs...
[prc1][info] Synthesizing programs...
[prc0][info] Total Solver Time: 0.04540395736694336
[prc0][info] Total Time Symmetries: 0
[prc0][info] Total Blocked Models: 0
[prc0][debug] Program accepted after 1 attempts
[prc0][error] Total Time: 0.1008608341217041
[prc0][info] Solution found: select(filter(inner_join3(@param0, @param2, @param1), salary > 80000), aname, distinct)
[prc3][debug] Solution found using process 3: Config(disabled=[], alt_empty_pos=False, shuffle_cols=False, z3_smt_phase=3, z3_smt_case_split=1, z3_sat_phase='random', z3_sat_restart='ema', z3_sat_branching='vsids', z3_QF_FD=True)
[prc2][info] Total Solver Time: 0.008065938949584961
[prc2][info] Total Time Symmetries: 0
[prc2][info] Total Blocked Models: 0
[prc2][debug] Program accepted after 13 attempts
[prc2][error] Total Time: 0.4349794387817383
[prc2][info] Solution found: select(filter(inner_join3(@param2, @param1, @param0), salary >= 80000), aname, distinct)
[prc0][debug] Solution found using process 0: Config(disabled=[], alt_empty_pos=False, shuffle_cols=False, z3_smt_phase=3, z3_smt_case_split=1, z3_sat_phase='caching', z3_sat_restart='ema', z3_sat_branching='vsids', z3_QF_FD=False)
[prc1][info] Total Solver Time: 0.11028265953063965
[prc1][info] Total Time Symmetries: 0
[prc1][info] Total Blocked Models: 0
[prc1][debug] Program accepted after 6 attempts
[prc1][error] Total Time: 0.37165188789367676
[prc1][info] Solution found: select(filter(inner_join3(@param0, @param2, @param1), salary > 80000), aname, distinct)

------------------------------------- R Solution ---------------------------------------

con <- DBI::dbConnect(RSQLite::SQLite(), ":memory:")
input1 <- read.table("tests-examples/textbook/tables/aircraft.txt", sep=",", header=T)
input1 <- copy_to(con, input1)
input2 <- read.table("tests-examples/textbook/tables/employees.txt", sep=",", header=T)
input2 <- copy_to(con, input2)
input3 <- read.table("tests-examples/textbook/tables/certified.txt", sep=",", header=T)
input3 <- copy_to(con, input3)
expected_output <- read.table("tests-examples/textbook/tables/24.out", sep =",", header=T)

RET_DF10 <- inner_join(inner_join(input3, input2), input1)
RET_DF11 <- RET_DF10 %>% ungroup() %>% filter(salary > 80000)
RET_DF12 <- RET_DF11 %>% ungroup() %>% select(aname) %>% distinct()


+++++++++++++++++++++++++++++++++++++ SQL Solution +++++++++++++++++++++++++++++++++++++

SELECT DISTINCT `aname`
FROM
  (SELECT `eid`,
          `aid`,
          `ename`,
          `salary`,
          `aname`,
          `crusingrange`
   FROM
     (SELECT `eid`,
             `aid`,
             `ename`,
             `salary`
      FROM `input3` AS `LHS`
      INNER JOIN `input2` AS `RHS` ON (`LHS`.`eid` = `RHS`.`eid`)) AS `LHS`
   INNER JOIN `input1` AS `RHS` ON (`LHS`.`aid` = `RHS`.`aid`))
WHERE (`salary` > 80000.0)
