[prc0][info] Parsing specification...
[prc2][info] Parsing specification...
[prc1][info] Parsing specification...
[prc0][debug] Reading input files...
[prc3][info] Parsing specification...
[prc2][debug] Reading input files...
[prc3][debug] Reading input files...
[prc1][debug] Reading input files...
[prc3][debug] Generating DSL...
[prc0][debug] Generating DSL...
[prc2][debug] Generating DSL...
[prc3][debug] Building Tyrell spec from parse tree...
[prc3][debug] Processing type definitions...
[prc3][debug] Processing input/output definitions...
[prc3][debug] Processing function definitions...
[prc3][debug] Processing global predicates...
[prc1][debug] Generating DSL...
[prc3][info] Parsing succeeded
[prc3][info] Building synthesizer...
[prc3][info] Lines of Code: 1
[prc0][debug] Building Tyrell spec from parse tree...
[prc0][debug] Processing type definitions...
[prc0][debug] Processing input/output definitions...
[prc0][debug] Processing function definitions...
[prc0][debug] Processing global predicates...
[prc2][debug] Building Tyrell spec from parse tree...
[prc2][debug] Processing type definitions...
[prc2][debug] Processing input/output definitions...
[prc2][debug] Processing function definitions...
[prc0][info] Parsing succeeded
[prc0][info] Building synthesizer...
[prc0][info] Lines of Code: 1
[prc2][debug] Processing global predicates...
[prc2][info] Parsing succeeded
[prc2][info] Building synthesizer...
[prc2][info] Lines of Code: 1
[prc1][debug] Building Tyrell spec from parse tree...
[prc1][debug] Processing type definitions...
[prc1][debug] Processing input/output definitions...
[prc1][debug] Processing function definitions...
[prc1][debug] Processing global predicates...
[prc1][info] Parsing succeeded
[prc1][info] Building synthesizer...
[prc1][info] Lines of Code: 1
[prc3][info] Number of Nodes: 5 
[prc3][info] Number of Variables: 6
[prc3][info] Number of Constraints: 68
[prc3][info] Time spent encoding: 0.04702901840209961
[prc3][error] UNSAT : There is no solution for current depth (loc=0), try to increase it (e.g. loc=1).
[prc3][info] Synthesizing programs...
[prc3][debug] Enumerator is exhausted after 0 attempts
[prc3][error] Total Time: 9.298324584960938e-05
[prc3][info] Total Solver Time: 3.814697265625e-05
[prc3][info] Total Time Symmetries: 0
[prc3][info] Total Blocked Models: 0
[prc3][info] No more queries to be tested. Solution not found!
[prc3][info] Increasing the number of lines of code.
[prc3][info] Lines of Code: 2
[prc0][info] Number of Nodes: 5 
[prc0][info] Number of Variables: 6
[prc0][info] Number of Constraints: 68
[prc0][info] Time spent encoding: 0.06640911102294922
[prc0][error] UNSAT : There is no solution for current depth (loc=0), try to increase it (e.g. loc=1).
[prc0][info] Synthesizing programs...
[prc2][info] Number of Nodes: 5 
[prc2][info] Number of Variables: 6
[prc2][info] Number of Constraints: 68
[prc2][info] Time spent encoding: 0.08076333999633789
[prc0][debug] Enumerator is exhausted after 0 attempts
[prc0][error] Total Time: 0.00967097282409668
[prc0][info] Total Solver Time: 0.009508609771728516
[prc0][info] Total Time Symmetries: 0
[prc0][info] Total Blocked Models: 0
[prc0][info] No more queries to be tested. Solution not found!
[prc0][info] Increasing the number of lines of code.
[prc0][info] Lines of Code: 2
[prc2][error] UNSAT : There is no solution for current depth (loc=0), try to increase it (e.g. loc=1).
[prc2][info] Synthesizing programs...
[prc2][debug] Enumerator is exhausted after 0 attempts
[prc2][error] Total Time: 0.00013136863708496094
[prc2][info] Total Solver Time: 5.269050598144531e-05
[prc2][info] Total Time Symmetries: 0
[prc2][info] Total Blocked Models: 0
[prc2][info] No more queries to be tested. Solution not found!
[prc2][info] Increasing the number of lines of code.
[prc2][info] Lines of Code: 2
[prc1][info] Number of Nodes: 5 
[prc1][info] Number of Variables: 6
[prc1][info] Number of Constraints: 68
[prc1][info] Time spent encoding: 0.0861811637878418
[prc1][error] UNSAT : There is no solution for current depth (loc=0), try to increase it (e.g. loc=1).
[prc1][info] Synthesizing programs...
[prc1][debug] Enumerator is exhausted after 0 attempts
[prc1][error] Total Time: 0.015110969543457031
[prc1][info] Total Solver Time: 0.014905929565429688
[prc1][info] Total Time Symmetries: 0
[prc1][info] Total Blocked Models: 0
[prc1][info] No more queries to be tested. Solution not found!
[prc1][info] Increasing the number of lines of code.
[prc1][info] Lines of Code: 2
[prc3][info] Number of Nodes: 10 
[prc3][info] Number of Variables: 16
[prc3][info] Number of Constraints: 183
[prc3][info] Time spent encoding: 0.1118326187133789
[prc3][error] UNSAT : There is no solution for current depth (loc=1), try to increase it (e.g. loc=2).
[prc3][info] Synthesizing programs...
[prc3][debug] Enumerator is exhausted after 0 attempts
[prc3][error] Total Time: 9.417533874511719e-05
[prc3][info] Total Solver Time: 4.220008850097656e-05
[prc3][info] Total Time Symmetries: 0
[prc3][info] Total Blocked Models: 0
[prc3][info] No more queries to be tested. Solution not found!
[prc3][info] Increasing the number of lines of code.
[prc3][info] Lines of Code: 3
[prc0][info] Number of Nodes: 10 
[prc0][info] Number of Variables: 16
[prc0][info] Number of Constraints: 183
[prc0][info] Time spent encoding: 0.1200265884399414
[prc0][error] UNSAT : There is no solution for current depth (loc=1), try to increase it (e.g. loc=2).
[prc0][info] Synthesizing programs...
[prc0][debug] Enumerator is exhausted after 0 attempts
[prc0][error] Total Time: 0.018657922744750977
[prc0][info] Total Solver Time: 0.01849222183227539
[prc0][info] Total Time Symmetries: 0
[prc0][info] Total Blocked Models: 0
[prc0][info] No more queries to be tested. Solution not found!
[prc0][info] Increasing the number of lines of code.
[prc0][info] Lines of Code: 3
[prc2][info] Number of Nodes: 10 
[prc2][info] Number of Variables: 16
[prc2][info] Number of Constraints: 183
[prc2][info] Time spent encoding: 0.1946103572845459
[prc2][error] UNSAT : There is no solution for current depth (loc=1), try to increase it (e.g. loc=2).
[prc2][info] Synthesizing programs...
[prc2][debug] Enumerator is exhausted after 0 attempts
[prc2][error] Total Time: 0.0001289844512939453
[prc2][info] Total Solver Time: 5.2928924560546875e-05
[prc2][info] Total Time Symmetries: 0
[prc2][info] Total Blocked Models: 0
[prc2][info] No more queries to be tested. Solution not found!
[prc2][info] Increasing the number of lines of code.
[prc2][info] Lines of Code: 3
[prc1][info] Number of Nodes: 10 
[prc1][info] Number of Variables: 16
[prc1][info] Number of Constraints: 183
[prc1][info] Time spent encoding: 0.17238855361938477
[prc1][error] UNSAT : There is no solution for current depth (loc=1), try to increase it (e.g. loc=2).
[prc1][info] Synthesizing programs...
[prc1][debug] Enumerator is exhausted after 0 attempts
[prc1][error] Total Time: 0.01990199089050293
[prc1][info] Total Solver Time: 0.019748687744140625
[prc1][info] Total Time Symmetries: 0
[prc1][info] Total Blocked Models: 0
[prc1][info] No more queries to be tested. Solution not found!
[prc1][info] Increasing the number of lines of code.
[prc1][info] Lines of Code: 3
[prc3][info] Number of Nodes: 15 
[prc3][info] Number of Variables: 30
[prc3][info] Number of Constraints: 348
[prc3][info] Time spent encoding: 0.2435455322265625
[prc3][error] UNSAT : There is no solution for current depth (loc=2), try to increase it (e.g. loc=3).
[prc3][info] Synthesizing programs...
[prc3][debug] Enumerator is exhausted after 0 attempts
[prc3][error] Total Time: 9.584426879882812e-05
[prc3][info] Total Solver Time: 4.410743713378906e-05
[prc3][info] Total Time Symmetries: 0
[prc3][info] Total Blocked Models: 0
[prc3][info] No more queries to be tested. Solution not found!
[prc3][info] Increasing the number of lines of code.
[prc3][info] Lines of Code: 4
[prc0][info] Number of Nodes: 15 
[prc0][info] Number of Variables: 30
[prc0][info] Number of Constraints: 348
[prc0][info] Time spent encoding: 0.2099153995513916
[prc0][error] UNSAT : There is no solution for current depth (loc=2), try to increase it (e.g. loc=3).
[prc0][info] Synthesizing programs...
[prc1][info] Number of Nodes: 15 
[prc1][info] Number of Variables: 30
[prc1][info] Number of Constraints: 348
[prc1][info] Time spent encoding: 0.20676922798156738
[prc0][debug] Enumerator is exhausted after 0 attempts
[prc0][error] Total Time: 0.05491065979003906
[prc0][info] Total Solver Time: 0.05475926399230957
[prc0][info] Total Time Symmetries: 0
[prc0][info] Total Blocked Models: 0
[prc0][info] No more queries to be tested. Solution not found!
[prc0][info] Increasing the number of lines of code.
[prc0][info] Lines of Code: 4
[prc1][error] UNSAT : There is no solution for current depth (loc=2), try to increase it (e.g. loc=3).
[prc1][info] Synthesizing programs...
[prc2][info] Number of Nodes: 15 
[prc2][info] Number of Variables: 30
[prc2][info] Number of Constraints: 348
[prc2][info] Time spent encoding: 0.34477996826171875
[prc1][debug] Enumerator is exhausted after 0 attempts
[prc1][error] Total Time: 0.05132436752319336
[prc1][info] Total Solver Time: 0.051183223724365234
[prc1][info] Total Time Symmetries: 0
[prc1][info] Total Blocked Models: 0
[prc1][info] No more queries to be tested. Solution not found!
[prc1][info] Increasing the number of lines of code.
[prc1][info] Lines of Code: 4
[prc2][error] UNSAT : There is no solution for current depth (loc=2), try to increase it (e.g. loc=3).
[prc2][info] Synthesizing programs...
[prc2][debug] Enumerator is exhausted after 0 attempts
[prc2][error] Total Time: 0.00011944770812988281
[prc2][info] Total Solver Time: 5.14984130859375e-05
[prc2][info] Total Time Symmetries: 0
[prc2][info] Total Blocked Models: 0
[prc2][info] No more queries to be tested. Solution not found!
[prc2][info] Increasing the number of lines of code.
[prc2][info] Lines of Code: 4
[prc3][info] Number of Nodes: 20 
[prc3][info] Number of Variables: 48
[prc3][info] Number of Constraints: 563
[prc3][info] Time spent encoding: 0.3207559585571289
[prc3][info] Synthesizing programs...
[prc0][info] Number of Nodes: 20 
[prc0][info] Number of Variables: 48
[prc0][info] Number of Constraints: 563
[prc0][info] Time spent encoding: 0.3508896827697754
[prc1][info] Number of Nodes: 20 
[prc1][info] Number of Variables: 48
[prc1][info] Number of Constraints: 563
[prc1][info] Time spent encoding: 0.32427287101745605
[prc0][info] Synthesizing programs...
[prc1][info] Synthesizing programs...
[prc2][info] Number of Nodes: 20 
[prc2][info] Number of Variables: 48
[prc2][info] Number of Constraints: 563
[prc2][info] Time spent encoding: 0.5459513664245605
[prc2][info] Synthesizing programs...
[prc3][info] Total Solver Time: 0.08629417419433594
[prc3][info] Total Time Symmetries: 0
[prc3][info] Total Blocked Models: 0
[prc3][debug] Attempts : 100
[prc1][info] Total Solver Time: 0.29335713386535645
[prc1][info] Total Time Symmetries: 0
[prc1][info] Total Blocked Models: 0
[prc1][debug] Attempts : 100
[prc0][info] Total Solver Time: 0.21463370323181152
[prc0][info] Total Time Symmetries: 0
[prc0][info] Total Blocked Models: 0
[prc0][debug] Attempts : 100
[prc2][info] Total Solver Time: 0.12420845031738281
[prc2][info] Total Time Symmetries: 0
[prc2][info] Total Blocked Models: 0
[prc2][debug] Attempts : 100
[prc3][info] Total Solver Time: 0.16931366920471191
[prc3][info] Total Time Symmetries: 0
[prc3][info] Total Blocked Models: 0
[prc3][debug] Attempts : 200
[prc1][info] Total Solver Time: 0.42224574089050293
[prc1][info] Total Time Symmetries: 0
[prc1][info] Total Blocked Models: 0
[prc1][debug] Attempts : 200
[prc0][info] Total Solver Time: 0.3224034309387207
[prc0][info] Total Time Symmetries: 0
[prc0][info] Total Blocked Models: 0
[prc0][debug] Attempts : 200
[prc0][info] Total Solver Time: 0.3235483169555664
[prc0][info] Total Time Symmetries: 0
[prc0][info] Total Blocked Models: 0
[prc0][debug] Program accepted after 201 attempts
[prc0][error] Total Time: 8.67627501487732
[prc0][info] Solution found: select(filters(summariseGrouped(inner_join3(@param0, @param1, @param2), n = n(), F_name), n == 5, n <= 5, |), F_name, distinct)
[prc0][debug] Solution found using process 0: Config(disabled=[], alt_empty_pos=False, shuffle_cols=False, z3_smt_phase=3, z3_smt_case_split=1, z3_sat_phase='caching', z3_sat_restart='ema', z3_sat_branching='vsids', z3_QF_FD=False)

------------------------------------- R Solution ---------------------------------------

con <- DBI::dbConnect(RSQLite::SQLite(), ":memory:")
input1 <- read.table("tests-examples/textbook/tables/6-1.txt", sep=",", header=T)
input1 <- copy_to(con, input1)
input2 <- read.table("tests-examples/textbook/tables/6-2.txt", sep=",", header=T)
input2 <- copy_to(con, input2)
input3 <- read.table("tests-examples/textbook/tables/6-3.txt", sep=",", header=T)
input3 <- copy_to(con, input3)
expected_output <- read.table("tests-examples/textbook/tables/6.out", sep =",", header=T)

RET_DF702 <- inner_join(inner_join(input1, input2), input3)
RET_DF703 <- RET_DF702 %>% group_by(F_name) %>% summarise(n = n())
RET_DF704 <- RET_DF703 %>% ungroup() %>% filter(n == 5 | n <= 5)
RET_DF705 <- RET_DF704 %>% ungroup() %>% select(F_name) %>% distinct()


+++++++++++++++++++++++++++++++++++++ SQL Solution +++++++++++++++++++++++++++++++++++++

SELECT DISTINCT `F_name`
FROM
  (SELECT `F_name`,
          COUNT() AS `n`
   FROM
     (SELECT `S_key`,
             `C_name`,
             `F_key`,
             `F_name`
      FROM
        (SELECT `S_key`,
                `C_name`,
                `F_key`
         FROM `input1` AS `LHS`
         INNER JOIN `input2` AS `RHS` ON (`LHS`.`C_name` = `RHS`.`C_name`)) AS `LHS`
      INNER JOIN `input3` AS `RHS` ON (`LHS`.`F_key` = `RHS`.`F_key`))
   GROUP BY `F_name`)
WHERE (`n` = 5.0
       OR `n` <= 5.0)
