[prc0][info] Parsing specification...
[prc0][debug] Reading input files...
[prc1][info] Parsing specification...
[prc2][info] Parsing specification...
[prc1][debug] Reading input files...
[prc3][info] Parsing specification...
[prc2][debug] Reading input files...
[prc0][debug] Generating DSL...
[prc3][debug] Reading input files...
[prc1][debug] Generating DSL...
[prc0][debug] Building Tyrell spec from parse tree...
[prc0][debug] Processing type definitions...
[prc2][debug] Generating DSL...
[prc0][debug] Processing input/output definitions...
[prc0][debug] Processing function definitions...
[prc0][debug] Processing global predicates...
[prc1][debug] Building Tyrell spec from parse tree...
[prc0][info] Parsing succeeded
[prc0][info] Building synthesizer...
[prc1][debug] Processing type definitions...
[prc0][info] Lines of Code: 1
[prc3][debug] Generating DSL...
[prc1][debug] Processing input/output definitions...
[prc1][debug] Processing function definitions...
[prc1][debug] Processing global predicates...
[prc1][info] Parsing succeeded
[prc1][info] Building synthesizer...
[prc1][info] Lines of Code: 1
[prc2][debug] Building Tyrell spec from parse tree...
[prc2][debug] Processing type definitions...
[prc2][debug] Processing input/output definitions...
[prc2][debug] Processing function definitions...
[prc2][debug] Processing global predicates...
[prc3][debug] Building Tyrell spec from parse tree...
[prc3][debug] Processing type definitions...
[prc2][info] Parsing succeeded
[prc2][info] Building synthesizer...
[prc2][info] Lines of Code: 1
[prc3][debug] Processing input/output definitions...
[prc3][debug] Processing function definitions...
[prc3][debug] Processing global predicates...
[prc3][info] Parsing succeeded
[prc3][info] Building synthesizer...
[prc3][info] Lines of Code: 1
[prc0][info] Number of Nodes: 5 
[prc0][info] Number of Variables: 6
[prc0][info] Number of Constraints: 67
[prc0][info] Time spent encoding: 0.04802513122558594
[prc1][info] Number of Nodes: 5 
[prc1][info] Number of Variables: 6
[prc1][info] Number of Constraints: 67
[prc1][info] Time spent encoding: 0.048926353454589844
[prc0][error] UNSAT : There is no solution for current depth (loc=0), try to increase it (e.g. loc=1).
[prc0][info] Synthesizing programs...
[prc1][error] UNSAT : There is no solution for current depth (loc=0), try to increase it (e.g. loc=1).
[prc1][info] Synthesizing programs...
[prc0][debug] Enumerator is exhausted after 0 attempts
[prc0][error] Total Time: 0.011455774307250977
[prc0][info] Total Solver Time: 0.011277198791503906
[prc0][info] Total Time Symmetries: 0
[prc0][info] Total Blocked Models: 0
[prc0][info] No more queries to be tested. Solution not found!
[prc0][info] Increasing the number of lines of code.
[prc0][info] Lines of Code: 2
[prc1][debug] Enumerator is exhausted after 0 attempts
[prc1][error] Total Time: 0.01378321647644043
[prc1][info] Total Solver Time: 0.013612747192382812
[prc1][info] Total Time Symmetries: 0
[prc1][info] Total Blocked Models: 0
[prc1][info] No more queries to be tested. Solution not found!
[prc1][info] Increasing the number of lines of code.
[prc1][info] Lines of Code: 2
[prc3][info] Number of Nodes: 5 
[prc3][info] Number of Variables: 6
[prc3][info] Number of Constraints: 67
[prc3][info] Time spent encoding: 0.06830835342407227
[prc2][info] Number of Nodes: 5 
[prc2][info] Number of Variables: 6
[prc2][info] Number of Constraints: 67
[prc2][info] Time spent encoding: 0.0728452205657959
[prc3][error] UNSAT : There is no solution for current depth (loc=0), try to increase it (e.g. loc=1).
[prc3][info] Synthesizing programs...
[prc3][debug] Enumerator is exhausted after 0 attempts
[prc3][error] Total Time: 0.0001423358917236328
[prc3][info] Total Solver Time: 5.245208740234375e-05
[prc3][info] Total Time Symmetries: 0
[prc3][info] Total Blocked Models: 0
[prc3][info] No more queries to be tested. Solution not found!
[prc3][info] Increasing the number of lines of code.
[prc3][info] Lines of Code: 2
[prc2][error] UNSAT : There is no solution for current depth (loc=0), try to increase it (e.g. loc=1).
[prc2][info] Synthesizing programs...
[prc2][debug] Enumerator is exhausted after 0 attempts
[prc2][error] Total Time: 0.00022721290588378906
[prc2][info] Total Solver Time: 8.463859558105469e-05
[prc2][info] Total Time Symmetries: 0
[prc2][info] Total Blocked Models: 0
[prc2][info] No more queries to be tested. Solution not found!
[prc2][info] Increasing the number of lines of code.
[prc2][info] Lines of Code: 2
[prc0][info] Number of Nodes: 10 
[prc0][info] Number of Variables: 16
[prc0][info] Number of Constraints: 182
[prc0][info] Time spent encoding: 0.10736465454101562
[prc1][info] Number of Nodes: 10 
[prc1][info] Number of Variables: 16
[prc1][info] Number of Constraints: 182
[prc1][info] Time spent encoding: 0.10728931427001953
[prc0][error] UNSAT : There is no solution for current depth (loc=1), try to increase it (e.g. loc=2).
[prc0][info] Synthesizing programs...
[prc1][error] UNSAT : There is no solution for current depth (loc=1), try to increase it (e.g. loc=2).
[prc1][info] Synthesizing programs...
[prc0][debug] Enumerator is exhausted after 0 attempts
[prc0][error] Total Time: 0.022645950317382812
[prc0][info] Total Solver Time: 0.022487878799438477
[prc0][info] Total Time Symmetries: 0
[prc0][info] Total Blocked Models: 0
[prc0][info] No more queries to be tested. Solution not found!
[prc0][info] Increasing the number of lines of code.
[prc0][info] Lines of Code: 3
[prc1][debug] Enumerator is exhausted after 0 attempts
[prc1][error] Total Time: 0.022451162338256836
[prc1][info] Total Solver Time: 0.022303104400634766
[prc1][info] Total Time Symmetries: 0
[prc1][info] Total Blocked Models: 0
[prc1][info] No more queries to be tested. Solution not found!
[prc1][info] Increasing the number of lines of code.
[prc1][info] Lines of Code: 3
[prc3][info] Number of Nodes: 10 
[prc3][info] Number of Variables: 16
[prc3][info] Number of Constraints: 182
[prc3][info] Time spent encoding: 0.16984844207763672
[prc3][error] UNSAT : There is no solution for current depth (loc=1), try to increase it (e.g. loc=2).
[prc3][info] Synthesizing programs...
[prc3][debug] Enumerator is exhausted after 0 attempts
[prc3][error] Total Time: 0.0001220703125
[prc3][info] Total Solver Time: 4.887580871582031e-05
[prc3][info] Total Time Symmetries: 0
[prc3][info] Total Blocked Models: 0
[prc3][info] No more queries to be tested. Solution not found!
[prc3][info] Increasing the number of lines of code.
[prc3][info] Lines of Code: 3
[prc2][info] Number of Nodes: 10 
[prc2][info] Number of Variables: 16
[prc2][info] Number of Constraints: 182
[prc2][info] Time spent encoding: 0.18609952926635742
[prc2][error] UNSAT : There is no solution for current depth (loc=1), try to increase it (e.g. loc=2).
[prc2][info] Synthesizing programs...
[prc2][debug] Enumerator is exhausted after 0 attempts
[prc2][error] Total Time: 0.00011801719665527344
[prc2][info] Total Solver Time: 4.887580871582031e-05
[prc2][info] Total Time Symmetries: 0
[prc2][info] Total Blocked Models: 0
[prc2][info] No more queries to be tested. Solution not found!
[prc2][info] Increasing the number of lines of code.
[prc2][info] Lines of Code: 3
[prc0][info] Number of Nodes: 15 
[prc0][info] Number of Variables: 30
[prc0][info] Number of Constraints: 347
[prc0][info] Time spent encoding: 0.18937420845031738
[prc1][info] Number of Nodes: 15 
[prc1][info] Number of Variables: 30
[prc1][info] Number of Constraints: 347
[prc1][info] Time spent encoding: 0.18903684616088867
[prc0][error] UNSAT : There is no solution for current depth (loc=2), try to increase it (e.g. loc=3).
[prc0][info] Synthesizing programs...
[prc1][error] UNSAT : There is no solution for current depth (loc=2), try to increase it (e.g. loc=3).
[prc1][info] Synthesizing programs...
[prc0][debug] Enumerator is exhausted after 0 attempts
[prc0][error] Total Time: 0.05614876747131348
[prc0][info] Total Solver Time: 0.056006431579589844
[prc0][info] Total Time Symmetries: 0
[prc0][info] Total Blocked Models: 0
[prc0][info] No more queries to be tested. Solution not found!
[prc0][info] Increasing the number of lines of code.
[prc0][info] Lines of Code: 4
[prc1][debug] Enumerator is exhausted after 0 attempts
[prc1][error] Total Time: 0.05399632453918457
[prc1][info] Total Solver Time: 0.05385088920593262
[prc1][info] Total Time Symmetries: 0
[prc1][info] Total Blocked Models: 0
[prc1][info] No more queries to be tested. Solution not found!
[prc1][info] Increasing the number of lines of code.
[prc1][info] Lines of Code: 4
[prc3][info] Number of Nodes: 15 
[prc3][info] Number of Variables: 30
[prc3][info] Number of Constraints: 347
[prc3][info] Time spent encoding: 0.3105349540710449
[prc3][error] UNSAT : There is no solution for current depth (loc=2), try to increase it (e.g. loc=3).
[prc3][info] Synthesizing programs...
[prc3][debug] Enumerator is exhausted after 0 attempts
[prc3][error] Total Time: 0.00013256072998046875
[prc3][info] Total Solver Time: 5.4836273193359375e-05
[prc3][info] Total Time Symmetries: 0
[prc3][info] Total Blocked Models: 0
[prc3][info] No more queries to be tested. Solution not found!
[prc3][info] Increasing the number of lines of code.
[prc3][info] Lines of Code: 4
[prc2][info] Number of Nodes: 15 
[prc2][info] Number of Variables: 30
[prc2][info] Number of Constraints: 347
[prc2][info] Time spent encoding: 0.33481550216674805
[prc2][error] UNSAT : There is no solution for current depth (loc=2), try to increase it (e.g. loc=3).
[prc2][info] Synthesizing programs...
[prc2][debug] Enumerator is exhausted after 0 attempts
[prc2][error] Total Time: 0.00012421607971191406
[prc2][info] Total Solver Time: 5.269050598144531e-05
[prc2][info] Total Time Symmetries: 0
[prc2][info] Total Blocked Models: 0
[prc2][info] No more queries to be tested. Solution not found!
[prc2][info] Increasing the number of lines of code.
[prc2][info] Lines of Code: 4
[prc0][info] Number of Nodes: 20 
[prc0][info] Number of Variables: 48
[prc0][info] Number of Constraints: 562
[prc0][info] Time spent encoding: 0.295074462890625
[prc1][info] Number of Nodes: 20 
[prc1][info] Number of Variables: 48
[prc1][info] Number of Constraints: 562
[prc1][info] Time spent encoding: 0.3009939193725586
[prc0][info] Synthesizing programs...
[prc1][info] Synthesizing programs...
[prc3][info] Number of Nodes: 20 
[prc3][info] Number of Variables: 48
[prc3][info] Number of Constraints: 562
[prc3][info] Time spent encoding: 0.5030543804168701
[prc3][info] Synthesizing programs...
[prc2][info] Number of Nodes: 20 
[prc2][info] Number of Variables: 48
[prc2][info] Number of Constraints: 562
[prc2][info] Time spent encoding: 0.5374383926391602
[prc2][info] Synthesizing programs...
[prc0][info] Total Solver Time: 0.21488070487976074
[prc0][info] Total Time Symmetries: 0
[prc0][info] Total Blocked Models: 0
[prc0][debug] Attempts : 100
[prc1][info] Total Solver Time: 0.2561812400817871
[prc1][info] Total Time Symmetries: 0
[prc1][info] Total Blocked Models: 0
[prc1][debug] Attempts : 100
[prc3][info] Total Solver Time: 0.12265396118164062
[prc3][info] Total Time Symmetries: 0
[prc3][info] Total Blocked Models: 0
[prc3][debug] Attempts : 100
[prc2][info] Total Solver Time: 0.12973237037658691
[prc2][info] Total Time Symmetries: 0
[prc2][info] Total Blocked Models: 0
[prc2][debug] Attempts : 100
[prc0][info] Total Solver Time: 0.31433820724487305
[prc0][info] Total Time Symmetries: 0
[prc0][info] Total Blocked Models: 0
[prc0][debug] Attempts : 200
[prc1][info] Total Solver Time: 0.36904191970825195
[prc1][info] Total Time Symmetries: 0
[prc1][info] Total Blocked Models: 0
[prc1][debug] Attempts : 200
[prc0][info] Total Solver Time: 0.41758131980895996
[prc0][info] Total Time Symmetries: 0
[prc0][info] Total Blocked Models: 0
[prc0][debug] Attempts : 300
[prc3][info] Total Solver Time: 0.24333786964416504
[prc3][info] Total Time Symmetries: 0
[prc3][info] Total Blocked Models: 0
[prc3][debug] Attempts : 200
[prc1][info] Total Solver Time: 0.4841187000274658
[prc1][info] Total Time Symmetries: 0
[prc1][info] Total Blocked Models: 0
[prc1][debug] Attempts : 300
[prc2][info] Total Solver Time: 0.26184582710266113
[prc2][info] Total Time Symmetries: 0
[prc2][info] Total Blocked Models: 0
[prc2][debug] Attempts : 200
[prc0][info] Total Solver Time: 0.5243625640869141
[prc0][info] Total Time Symmetries: 0
[prc0][info] Total Blocked Models: 0
[prc0][debug] Attempts : 400
[prc1][info] Total Solver Time: 0.6076714992523193
[prc1][info] Total Time Symmetries: 0
[prc1][info] Total Blocked Models: 0
[prc1][debug] Attempts : 400
[prc3][info] Total Solver Time: 0.3644881248474121
[prc3][info] Total Time Symmetries: 0
[prc3][info] Total Blocked Models: 0
[prc3][debug] Attempts : 300
[prc2][info] Total Solver Time: 0.3931400775909424
[prc2][info] Total Time Symmetries: 0
[prc2][info] Total Blocked Models: 0
[prc2][debug] Attempts : 300
[prc0][info] Total Solver Time: 0.6389138698577881
[prc0][info] Total Time Symmetries: 0
[prc0][info] Total Blocked Models: 0
[prc0][debug] Attempts : 500
[prc1][info] Total Solver Time: 0.7346117496490479
[prc1][info] Total Time Symmetries: 0
[prc1][info] Total Blocked Models: 0
[prc1][debug] Attempts : 500
[prc0][info] Total Solver Time: 0.7849528789520264
[prc0][info] Total Time Symmetries: 0
[prc0][info] Total Blocked Models: 0
[prc0][debug] Attempts : 600
[prc3][info] Total Solver Time: 0.4836390018463135
[prc3][info] Total Time Symmetries: 0
[prc3][info] Total Blocked Models: 0
[prc3][debug] Attempts : 400
[prc2][info] Total Solver Time: 0.5254380702972412
[prc2][info] Total Time Symmetries: 0
[prc2][info] Total Blocked Models: 0
[prc2][debug] Attempts : 400
[prc1][info] Total Solver Time: 0.8645021915435791
[prc1][info] Total Time Symmetries: 0
[prc1][info] Total Blocked Models: 0
[prc1][debug] Attempts : 600
[prc0][info] Total Solver Time: 0.9105081558227539
[prc0][info] Total Time Symmetries: 0
[prc0][info] Total Blocked Models: 0
[prc0][debug] Attempts : 700
[prc1][info] Total Solver Time: 1.0007929801940918
[prc1][info] Total Time Symmetries: 0
[prc1][info] Total Blocked Models: 0
[prc1][debug] Attempts : 700
[prc2][info] Total Solver Time: 0.6559550762176514
[prc2][info] Total Time Symmetries: 0
[prc2][info] Total Blocked Models: 0
[prc2][debug] Attempts : 500
[prc3][info] Total Solver Time: 0.601142168045044
[prc3][info] Total Time Symmetries: 0
[prc3][info] Total Blocked Models: 0
[prc3][debug] Attempts : 500
[prc0][info] Total Solver Time: 1.0411860942840576
[prc0][info] Total Time Symmetries: 0
[prc0][info] Total Blocked Models: 0
[prc0][debug] Attempts : 800
[prc1][info] Total Solver Time: 1.150881052017212
[prc1][info] Total Time Symmetries: 0
[prc1][info] Total Blocked Models: 0
[prc1][debug] Attempts : 800
[prc0][info] Total Solver Time: 1.1857528686523438
[prc0][info] Total Time Symmetries: 0
[prc0][info] Total Blocked Models: 0
[prc0][debug] Attempts : 900
[prc3][info] Total Solver Time: 0.7239258289337158
[prc3][info] Total Time Symmetries: 0
[prc3][info] Total Blocked Models: 0
[prc3][debug] Attempts : 600
[prc1][info] Total Solver Time: 1.2955286502838135
[prc1][info] Total Time Symmetries: 0
[prc1][info] Total Blocked Models: 0
[prc1][debug] Attempts : 900
[prc2][info] Total Solver Time: 0.7865457534790039
[prc2][info] Total Time Symmetries: 0
[prc2][info] Total Blocked Models: 0
[prc2][debug] Attempts : 600
[prc0][info] Total Solver Time: 1.3289947509765625
[prc0][info] Total Time Symmetries: 0
[prc0][info] Total Blocked Models: 0
[prc0][debug] Attempts : 1000
[prc1][info] Total Solver Time: 1.4443683624267578
[prc1][info] Total Time Symmetries: 0
[prc1][info] Total Blocked Models: 0
[prc1][debug] Attempts : 1000
[prc3][info] Total Solver Time: 0.8464324474334717
[prc3][info] Total Time Symmetries: 0
[prc3][info] Total Blocked Models: 0
[prc3][debug] Attempts : 700
[prc2][info] Total Solver Time: 0.9193673133850098
[prc2][info] Total Time Symmetries: 0
[prc2][info] Total Blocked Models: 0
[prc2][debug] Attempts : 700
[prc1][info] Total Solver Time: 1.5957961082458496
[prc1][info] Total Time Symmetries: 0
[prc1][info] Total Blocked Models: 0
[prc1][debug] Attempts : 1100
[prc0][info] Total Solver Time: 1.4828369617462158
[prc0][info] Total Time Symmetries: 0
[prc0][info] Total Blocked Models: 0
[prc0][debug] Attempts : 1100
[prc3][info] Total Solver Time: 0.9693012237548828
[prc3][info] Total Time Symmetries: 0
[prc3][info] Total Blocked Models: 0
[prc3][debug] Attempts : 800
[prc1][info] Total Solver Time: 1.7546136379241943
[prc1][info] Total Time Symmetries: 0
[prc1][info] Total Blocked Models: 0
[prc1][debug] Attempts : 1200
[prc0][info] Total Solver Time: 1.6394600868225098
[prc0][info] Total Time Symmetries: 0
[prc0][info] Total Blocked Models: 0
[prc0][debug] Attempts : 1200
[prc2][info] Total Solver Time: 1.052886962890625
[prc2][info] Total Time Symmetries: 0
[prc2][info] Total Blocked Models: 0
[prc2][debug] Attempts : 800
[prc1][info] Total Solver Time: 1.9138312339782715
[prc1][info] Total Time Symmetries: 0
[prc1][info] Total Blocked Models: 0
[prc1][debug] Attempts : 1300
[prc0][info] Total Solver Time: 1.797717809677124
[prc0][info] Total Time Symmetries: 0
[prc0][info] Total Blocked Models: 0
[prc0][debug] Attempts : 1300
[prc3][info] Total Solver Time: 1.0849609375
[prc3][info] Total Time Symmetries: 0
[prc3][info] Total Blocked Models: 0
[prc3][debug] Attempts : 900
[prc2][info] Total Solver Time: 1.1897978782653809
[prc2][info] Total Time Symmetries: 0
[prc2][info] Total Blocked Models: 0
[prc2][debug] Attempts : 900
[prc1][info] Total Solver Time: 2.0818541049957275
[prc1][info] Total Time Symmetries: 0
[prc1][info] Total Blocked Models: 0
[prc1][debug] Attempts : 1400
[prc0][info] Total Solver Time: 1.962934970855713
[prc0][info] Total Time Symmetries: 0
[prc0][info] Total Blocked Models: 0
[prc0][debug] Attempts : 1400
[prc3][info] Total Solver Time: 1.2102572917938232
[prc3][info] Total Time Symmetries: 0
[prc3][info] Total Blocked Models: 0
[prc3][debug] Attempts : 1000
[prc1][info] Total Solver Time: 2.2519466876983643
[prc1][info] Total Time Symmetries: 0
[prc1][info] Total Blocked Models: 0
[prc1][debug] Attempts : 1500
[prc2][info] Total Solver Time: 1.3206443786621094
[prc2][info] Total Time Symmetries: 0
[prc2][info] Total Blocked Models: 0
[prc2][debug] Attempts : 1000
[prc0][info] Total Solver Time: 2.1351828575134277
[prc0][info] Total Time Symmetries: 0
[prc0][info] Total Blocked Models: 0
[prc0][debug] Attempts : 1500
[prc1][info] Total Solver Time: 2.4243311882019043
[prc1][info] Total Time Symmetries: 0
[prc1][info] Total Blocked Models: 0
[prc1][debug] Attempts : 1600
[prc3][info] Total Solver Time: 1.3337385654449463
[prc3][info] Total Time Symmetries: 0
[prc3][info] Total Blocked Models: 0
[prc3][debug] Attempts : 1100
[prc0][info] Total Solver Time: 2.3040010929107666
[prc0][info] Total Time Symmetries: 0
[prc0][info] Total Blocked Models: 0
[prc0][debug] Attempts : 1600
[prc1][info] Total Solver Time: 2.604717493057251
[prc1][info] Total Time Symmetries: 0
[prc1][info] Total Blocked Models: 0
[prc1][debug] Attempts : 1700
[prc2][info] Total Solver Time: 1.4482581615447998
[prc2][info] Total Time Symmetries: 0
[prc2][info] Total Blocked Models: 0
[prc2][debug] Attempts : 1100
[prc0][info] Total Solver Time: 2.5030198097229004
[prc0][info] Total Time Symmetries: 0
[prc0][info] Total Blocked Models: 0
[prc0][debug] Attempts : 1700
[prc3][info] Total Solver Time: 1.4560558795928955
[prc3][info] Total Time Symmetries: 0
[prc3][info] Total Blocked Models: 0
[prc3][debug] Attempts : 1200
[prc1][info] Total Solver Time: 2.794107437133789
[prc1][info] Total Time Symmetries: 0
[prc1][info] Total Blocked Models: 0
[prc1][debug] Attempts : 1800
[prc0][info] Total Solver Time: 2.6889843940734863
[prc0][info] Total Time Symmetries: 0
[prc0][info] Total Blocked Models: 0
[prc0][debug] Attempts : 1800
[prc3][info] Total Solver Time: 1.5782647132873535
[prc3][info] Total Time Symmetries: 0
[prc3][info] Total Blocked Models: 0
[prc3][debug] Attempts : 1300
[prc1][info] Total Solver Time: 2.991004467010498
[prc1][info] Total Time Symmetries: 0
[prc1][info] Total Blocked Models: 0
[prc1][debug] Attempts : 1900
[prc0][info] Total Solver Time: 2.8711957931518555
[prc0][info] Total Time Symmetries: 0
[prc0][info] Total Blocked Models: 0
[prc0][debug] Attempts : 1900
[prc2][info] Total Solver Time: 1.5772264003753662
[prc2][info] Total Time Symmetries: 0
[prc2][info] Total Blocked Models: 0
[prc2][debug] Attempts : 1200
[prc0][info] Total Solver Time: 3.0600638389587402
[prc0][info] Total Time Symmetries: 0
[prc0][info] Total Blocked Models: 0
[prc0][debug] Attempts : 2000
[prc1][info] Total Solver Time: 3.1838600635528564
[prc1][info] Total Time Symmetries: 0
[prc1][info] Total Blocked Models: 0
[prc1][debug] Attempts : 2000
[prc3][info] Total Solver Time: 1.7006688117980957
[prc3][info] Total Time Symmetries: 0
[prc3][info] Total Blocked Models: 0
[prc3][debug] Attempts : 1400
[prc0][info] Total Solver Time: 3.2444798946380615
[prc0][info] Total Time Symmetries: 0
[prc0][info] Total Blocked Models: 0
[prc0][debug] Attempts : 2100
[prc2][info] Total Solver Time: 1.7060105800628662
[prc2][info] Total Time Symmetries: 0
[prc2][info] Total Blocked Models: 0
[prc2][debug] Attempts : 1300
[prc1][info] Total Solver Time: 3.383181571960449
[prc1][info] Total Time Symmetries: 0
[prc1][info] Total Blocked Models: 0
[prc1][debug] Attempts : 2100
[prc0][info] Total Solver Time: 3.4352304935455322
[prc0][info] Total Time Symmetries: 0
[prc0][info] Total Blocked Models: 0
[prc0][debug] Attempts : 2200
[prc3][info] Total Solver Time: 1.8253090381622314
[prc3][info] Total Time Symmetries: 0
[prc3][info] Total Blocked Models: 0
[prc3][debug] Attempts : 1500
[prc1][info] Total Solver Time: 3.5871689319610596
[prc1][info] Total Time Symmetries: 0
[prc1][info] Total Blocked Models: 0
[prc1][debug] Attempts : 2200
[prc0][info] Total Solver Time: 3.632829189300537
[prc0][info] Total Time Symmetries: 0
[prc0][info] Total Blocked Models: 0
[prc0][debug] Attempts : 2300
[prc2][info] Total Solver Time: 1.8414649963378906
[prc2][info] Total Time Symmetries: 0
[prc2][info] Total Blocked Models: 0
[prc2][debug] Attempts : 1400
[prc1][info] Total Solver Time: 3.8071296215057373
[prc1][info] Total Time Symmetries: 0
[prc1][info] Total Blocked Models: 0
[prc1][debug] Attempts : 2300
[prc0][info] Total Solver Time: 3.8467166423797607
[prc0][info] Total Time Symmetries: 0
[prc0][info] Total Blocked Models: 0
[prc0][debug] Attempts : 2400
[prc3][info] Total Solver Time: 1.951225757598877
[prc3][info] Total Time Symmetries: 0
[prc3][info] Total Blocked Models: 0
[prc3][debug] Attempts : 1600
[prc2][info] Total Solver Time: 1.9759654998779297
[prc2][info] Total Time Symmetries: 0
[prc2][info] Total Blocked Models: 0
[prc2][debug] Attempts : 1500
[prc1][info] Total Solver Time: 4.020388126373291
[prc1][info] Total Time Symmetries: 0
[prc1][info] Total Blocked Models: 0
[prc1][debug] Attempts : 2400
[prc0][info] Total Solver Time: 4.047595500946045
[prc0][info] Total Time Symmetries: 0
[prc0][info] Total Blocked Models: 0
[prc0][debug] Attempts : 2500
[prc3][info] Total Solver Time: 2.075629234313965
[prc3][info] Total Time Symmetries: 0
[prc3][info] Total Blocked Models: 0
[prc3][debug] Attempts : 1700
[prc0][info] Total Solver Time: 4.252726316452026
[prc0][info] Total Time Symmetries: 0
[prc0][info] Total Blocked Models: 0
[prc0][debug] Attempts : 2600
[prc1][info] Total Solver Time: 4.235212564468384
[prc1][info] Total Time Symmetries: 0
[prc1][info] Total Blocked Models: 0
[prc1][debug] Attempts : 2500
[prc2][info] Total Solver Time: 2.1094930171966553
[prc2][info] Total Time Symmetries: 0
[prc2][info] Total Blocked Models: 0
[prc2][debug] Attempts : 1600
[prc0][info] Total Solver Time: 4.4638144969940186
[prc0][info] Total Time Symmetries: 0
[prc0][info] Total Blocked Models: 0
[prc0][debug] Attempts : 2700
[prc1][info] Total Solver Time: 4.4600255489349365
[prc1][info] Total Time Symmetries: 0
[prc1][info] Total Blocked Models: 0
[prc1][debug] Attempts : 2600
[prc3][info] Total Solver Time: 2.2010438442230225
[prc3][info] Total Time Symmetries: 0
[prc3][info] Total Blocked Models: 0
[prc3][debug] Attempts : 1800
[prc0][info] Total Solver Time: 4.697946071624756
[prc0][info] Total Time Symmetries: 0
[prc0][info] Total Blocked Models: 0
[prc0][debug] Attempts : 2800
[prc2][info] Total Solver Time: 2.241487979888916
[prc2][info] Total Time Symmetries: 0
[prc2][info] Total Blocked Models: 0
[prc2][debug] Attempts : 1700
[prc1][info] Total Solver Time: 4.688971757888794
[prc1][info] Total Time Symmetries: 0
[prc1][info] Total Blocked Models: 0
[prc1][debug] Attempts : 2700
[prc3][info] Total Solver Time: 2.3235483169555664
[prc3][info] Total Time Symmetries: 0
[prc3][info] Total Blocked Models: 0
[prc3][debug] Attempts : 1900
[prc0][info] Total Solver Time: 4.9467997550964355
[prc0][info] Total Time Symmetries: 0
[prc0][info] Total Blocked Models: 0
[prc0][debug] Attempts : 2900
[prc1][info] Total Solver Time: 4.9242634773254395
[prc1][info] Total Time Symmetries: 0
[prc1][info] Total Blocked Models: 0
[prc1][debug] Attempts : 2800
[prc2][info] Total Solver Time: 2.384366273880005
[prc2][info] Total Time Symmetries: 0
[prc2][info] Total Blocked Models: 0
[prc2][debug] Attempts : 1800
[prc0][info] Total Solver Time: 5.1907477378845215
[prc0][info] Total Time Symmetries: 0
[prc0][info] Total Blocked Models: 0
[prc0][debug] Attempts : 3000
[prc3][info] Total Solver Time: 2.45038104057312
[prc3][info] Total Time Symmetries: 0
[prc3][info] Total Blocked Models: 0
[prc3][debug] Attempts : 2000
[prc1][info] Total Solver Time: 5.164087772369385
[prc1][info] Total Time Symmetries: 0
[prc1][info] Total Blocked Models: 0
[prc1][debug] Attempts : 2900
[prc0][info] Total Solver Time: 5.4403581619262695
[prc0][info] Total Time Symmetries: 0
[prc0][info] Total Blocked Models: 0
[prc0][debug] Attempts : 3100
[prc1][info] Total Solver Time: 5.408317804336548
[prc1][info] Total Time Symmetries: 0
[prc1][info] Total Blocked Models: 0
[prc1][debug] Attempts : 3000
[prc2][info] Total Solver Time: 2.5242199897766113
[prc2][info] Total Time Symmetries: 0
[prc2][info] Total Blocked Models: 0
[prc2][debug] Attempts : 1900
[prc3][info] Total Solver Time: 2.5741963386535645
[prc3][info] Total Time Symmetries: 0
[prc3][info] Total Blocked Models: 0
[prc3][debug] Attempts : 2100
[prc0][info] Total Solver Time: 5.691978693008423
[prc0][info] Total Time Symmetries: 0
[prc0][info] Total Blocked Models: 0
[prc0][debug] Attempts : 3200
[prc1][info] Total Solver Time: 5.66379714012146
[prc1][info] Total Time Symmetries: 0
[prc1][info] Total Blocked Models: 0
[prc1][debug] Attempts : 3100
[prc0][info] Total Solver Time: 5.94692325592041
[prc0][info] Total Time Symmetries: 0
[prc0][info] Total Blocked Models: 0
[prc0][debug] Attempts : 3300
[prc2][info] Total Solver Time: 2.6616933345794678
[prc2][info] Total Time Symmetries: 0
[prc2][info] Total Blocked Models: 0
[prc2][debug] Attempts : 2000
[prc1][info] Total Solver Time: 5.915683031082153
[prc1][info] Total Time Symmetries: 0
[prc1][info] Total Blocked Models: 0
[prc1][debug] Attempts : 3200
[prc3][info] Total Solver Time: 2.6980111598968506
[prc3][info] Total Time Symmetries: 0
[prc3][info] Total Blocked Models: 0
[prc3][debug] Attempts : 2200
[prc0][info] Total Solver Time: 6.216989517211914
[prc0][info] Total Time Symmetries: 0
[prc0][info] Total Blocked Models: 0
[prc0][debug] Attempts : 3400
[prc1][info] Total Solver Time: 6.171377897262573
[prc1][info] Total Time Symmetries: 0
[prc1][info] Total Blocked Models: 0
[prc1][debug] Attempts : 3300
[prc2][info] Total Solver Time: 2.800847291946411
[prc2][info] Total Time Symmetries: 0
[prc2][info] Total Blocked Models: 0
[prc2][debug] Attempts : 2100
[prc0][info] Total Solver Time: 6.48393988609314
[prc0][info] Total Time Symmetries: 0
[prc0][info] Total Blocked Models: 0
[prc0][debug] Attempts : 3500
[prc3][info] Total Solver Time: 2.8212714195251465
[prc3][info] Total Time Symmetries: 0
[prc3][info] Total Blocked Models: 0
[prc3][debug] Attempts : 2300
[prc1][info] Total Solver Time: 6.436331510543823
[prc1][info] Total Time Symmetries: 0
[prc1][info] Total Blocked Models: 0
[prc1][debug] Attempts : 3400
[prc0][info] Total Solver Time: 6.760669708251953
[prc0][info] Total Time Symmetries: 0
[prc0][info] Total Blocked Models: 0
[prc0][debug] Attempts : 3600
[prc2][info] Total Solver Time: 2.930819272994995
[prc2][info] Total Time Symmetries: 0
[prc2][info] Total Blocked Models: 0
[prc2][debug] Attempts : 2200
[prc1][info] Total Solver Time: 6.706859350204468
[prc1][info] Total Time Symmetries: 0
[prc1][info] Total Blocked Models: 0
[prc1][debug] Attempts : 3500
[prc3][info] Total Solver Time: 2.9435789585113525
[prc3][info] Total Time Symmetries: 0
[prc3][info] Total Blocked Models: 0
[prc3][debug] Attempts : 2400
[prc0][info] Total Solver Time: 7.0400230884552
[prc0][info] Total Time Symmetries: 0
[prc0][info] Total Blocked Models: 0
[prc0][debug] Attempts : 3700
[prc1][info] Total Solver Time: 6.980463266372681
[prc1][info] Total Time Symmetries: 0
[prc1][info] Total Blocked Models: 0
[prc1][debug] Attempts : 3600
[prc0][info] Total Solver Time: 7.327818870544434
[prc0][info] Total Time Symmetries: 0
[prc0][info] Total Blocked Models: 0
[prc0][debug] Attempts : 3800
[prc2][info] Total Solver Time: 3.070648193359375
[prc2][info] Total Time Symmetries: 0
[prc2][info] Total Blocked Models: 0
[prc2][debug] Attempts : 2300
[prc3][info] Total Solver Time: 3.0671420097351074
[prc3][info] Total Time Symmetries: 0
[prc3][info] Total Blocked Models: 0
[prc3][debug] Attempts : 2500
[prc1][info] Total Solver Time: 7.256779909133911
[prc1][info] Total Time Symmetries: 0
[prc1][info] Total Blocked Models: 0
[prc1][debug] Attempts : 3700
[prc0][info] Total Solver Time: 7.609455108642578
[prc0][info] Total Time Symmetries: 0
[prc0][info] Total Blocked Models: 0
[prc0][debug] Attempts : 3900
[prc2][info] Total Solver Time: 3.2104811668395996
[prc2][info] Total Time Symmetries: 0
[prc2][info] Total Blocked Models: 0
[prc2][debug] Attempts : 2400
[prc3][info] Total Solver Time: 3.1919772624969482
[prc3][info] Total Time Symmetries: 0
[prc3][info] Total Blocked Models: 0
[prc3][debug] Attempts : 2600
[prc0][info] Total Solver Time: 7.896150827407837
[prc0][info] Total Time Symmetries: 0
[prc0][info] Total Blocked Models: 0
[prc0][debug] Attempts : 4000
[prc1][info] Total Solver Time: 7.543436527252197
[prc1][info] Total Time Symmetries: 0
[prc1][info] Total Blocked Models: 0
[prc1][debug] Attempts : 3800
[prc1][info] Total Solver Time: 7.840331792831421
[prc1][info] Total Time Symmetries: 0
[prc1][info] Total Blocked Models: 0
[prc1][debug] Attempts : 3900
[prc0][info] Total Solver Time: 8.214447021484375
[prc0][info] Total Time Symmetries: 0
[prc0][info] Total Blocked Models: 0
[prc0][debug] Attempts : 4100
[prc2][info] Total Solver Time: 3.3569376468658447
[prc2][info] Total Time Symmetries: 0
[prc2][info] Total Blocked Models: 0
[prc2][debug] Attempts : 2500
[prc3][info] Total Solver Time: 3.3168506622314453
[prc3][info] Total Time Symmetries: 0
[prc3][info] Total Blocked Models: 0
[prc3][debug] Attempts : 2700
[prc0][info] Total Solver Time: 8.540020227432251
[prc0][info] Total Time Symmetries: 0
[prc0][info] Total Blocked Models: 0
[prc0][debug] Attempts : 4200
[prc1][info] Total Solver Time: 8.136357307434082
[prc1][info] Total Time Symmetries: 0
[prc1][info] Total Blocked Models: 0
[prc1][debug] Attempts : 4000
[prc2][info] Total Solver Time: 3.4946987628936768
[prc2][info] Total Time Symmetries: 0
[prc2][info] Total Blocked Models: 0
[prc2][debug] Attempts : 2600
[prc3][info] Total Solver Time: 3.4420347213745117
[prc3][info] Total Time Symmetries: 0
[prc3][info] Total Blocked Models: 0
[prc3][debug] Attempts : 2800
[prc0][info] Total Solver Time: 8.867977142333984
[prc0][info] Total Time Symmetries: 0
[prc0][info] Total Blocked Models: 0
[prc0][debug] Attempts : 4300
[prc1][info] Total Solver Time: 8.43897557258606
[prc1][info] Total Time Symmetries: 0
[prc1][info] Total Blocked Models: 0
[prc1][debug] Attempts : 4100
[prc2][info] Total Solver Time: 3.637500286102295
[prc2][info] Total Time Symmetries: 0
[prc2][info] Total Blocked Models: 0
[prc2][debug] Attempts : 2700
[prc0][info] Total Solver Time: 9.197890520095825
[prc0][info] Total Time Symmetries: 0
[prc0][info] Total Blocked Models: 0
[prc0][debug] Attempts : 4400
[prc1][info] Total Solver Time: 8.7435142993927
[prc1][info] Total Time Symmetries: 0
[prc1][info] Total Blocked Models: 0
[prc1][debug] Attempts : 4200
[prc3][info] Total Solver Time: 3.5687105655670166
[prc3][info] Total Time Symmetries: 0
[prc3][info] Total Blocked Models: 0
[prc3][debug] Attempts : 2900
[prc0][info] Total Solver Time: 9.542203664779663
[prc0][info] Total Time Symmetries: 0
[prc0][info] Total Blocked Models: 0
[prc0][debug] Attempts : 4500
[prc1][info] Total Solver Time: 9.070127725601196
[prc1][info] Total Time Symmetries: 0
[prc1][info] Total Blocked Models: 0
[prc1][debug] Attempts : 4300
[prc2][info] Total Solver Time: 3.779923915863037
[prc2][info] Total Time Symmetries: 0
[prc2][info] Total Blocked Models: 0
[prc2][debug] Attempts : 2800
[prc3][info] Total Solver Time: 3.697803497314453
[prc3][info] Total Time Symmetries: 0
[prc3][info] Total Blocked Models: 0
[prc3][debug] Attempts : 3000
[prc0][info] Total Solver Time: 9.886029720306396
[prc0][info] Total Time Symmetries: 0
[prc0][info] Total Blocked Models: 0
[prc0][debug] Attempts : 4600
[prc1][info] Total Solver Time: 9.382285118103027
[prc1][info] Total Time Symmetries: 0
[prc1][info] Total Blocked Models: 0
[prc1][debug] Attempts : 4400
[prc2][info] Total Solver Time: 3.917341470718384
[prc2][info] Total Time Symmetries: 0
[prc2][info] Total Blocked Models: 0
[prc2][debug] Attempts : 2900
[prc0][info] Total Solver Time: 10.233569860458374
[prc0][info] Total Time Symmetries: 0
[prc0][info] Total Blocked Models: 0
[prc0][debug] Attempts : 4700
[prc1][info] Total Solver Time: 9.711926937103271
[prc1][info] Total Time Symmetries: 0
[prc1][info] Total Blocked Models: 0
[prc1][debug] Attempts : 4500
[prc3][info] Total Solver Time: 3.8264763355255127
[prc3][info] Total Time Symmetries: 0
[prc3][info] Total Blocked Models: 0
[prc3][debug] Attempts : 3100
[prc0][info] Total Solver Time: 10.592566728591919
[prc0][info] Total Time Symmetries: 0
[prc0][info] Total Blocked Models: 0
[prc0][debug] Attempts : 4800
[prc1][info] Total Solver Time: 10.05817723274231
[prc1][info] Total Time Symmetries: 0
[prc1][info] Total Blocked Models: 0
[prc1][debug] Attempts : 4600
[prc2][info] Total Solver Time: 4.052850961685181
[prc2][info] Total Time Symmetries: 0
[prc2][info] Total Blocked Models: 0
[prc2][debug] Attempts : 3000
[prc3][info] Total Solver Time: 3.956437110900879
[prc3][info] Total Time Symmetries: 0
[prc3][info] Total Blocked Models: 0
[prc3][debug] Attempts : 3200
[prc0][info] Total Solver Time: 10.92455768585205
[prc0][info] Total Time Symmetries: 0
[prc0][info] Total Blocked Models: 0
[prc0][debug] Attempts : 4900
[prc1][info] Total Solver Time: 10.399280786514282
[prc1][info] Total Time Symmetries: 0
[prc1][info] Total Blocked Models: 0
[prc1][debug] Attempts : 4700
[prc0][info] Total Solver Time: 11.282469272613525
[prc0][info] Total Time Symmetries: 0
[prc0][info] Total Blocked Models: 0
[prc0][debug] Attempts : 5000
[prc2][info] Total Solver Time: 4.197423696517944
[prc2][info] Total Time Symmetries: 0
[prc2][info] Total Blocked Models: 0
[prc2][debug] Attempts : 3100
[prc1][info] Total Solver Time: 10.7665274143219
[prc1][info] Total Time Symmetries: 0
[prc1][info] Total Blocked Models: 0
[prc1][debug] Attempts : 4800
[prc3][info] Total Solver Time: 4.077917098999023
[prc3][info] Total Time Symmetries: 0
[prc3][info] Total Blocked Models: 0
[prc3][debug] Attempts : 3300
[prc0][info] Total Solver Time: 11.656261920928955
[prc0][info] Total Time Symmetries: 0
[prc0][info] Total Blocked Models: 0
[prc0][debug] Attempts : 5100
[prc1][info] Total Solver Time: 11.130612134933472
[prc1][info] Total Time Symmetries: 0
[prc1][info] Total Blocked Models: 0
[prc1][debug] Attempts : 4900
[prc0][info] Total Solver Time: 12.045250654220581
[prc0][info] Total Time Symmetries: 0
[prc0][info] Total Blocked Models: 0
[prc0][debug] Attempts : 5200
[prc3][info] Total Solver Time: 4.204671859741211
[prc3][info] Total Time Symmetries: 0
[prc3][info] Total Blocked Models: 0
[prc3][debug] Attempts : 3400
[prc2][info] Total Solver Time: 4.336357831954956
[prc2][info] Total Time Symmetries: 0
[prc2][info] Total Blocked Models: 0
[prc2][debug] Attempts : 3200
[prc1][info] Total Solver Time: 11.506731986999512
[prc1][info] Total Time Symmetries: 0
[prc1][info] Total Blocked Models: 0
[prc1][debug] Attempts : 5000
[prc0][info] Total Solver Time: 12.477914571762085
[prc0][info] Total Time Symmetries: 0
[prc0][info] Total Blocked Models: 0
[prc0][debug] Attempts : 5300
[prc1][info] Total Solver Time: 11.883489608764648
[prc1][info] Total Time Symmetries: 0
[prc1][info] Total Blocked Models: 0
[prc1][debug] Attempts : 5100
[prc3][info] Total Solver Time: 4.334185838699341
[prc3][info] Total Time Symmetries: 0
[prc3][info] Total Blocked Models: 0
[prc3][debug] Attempts : 3500
[prc0][info] Total Solver Time: 12.895814657211304
[prc0][info] Total Time Symmetries: 0
[prc0][info] Total Blocked Models: 0
[prc0][debug] Attempts : 5400
[prc2][info] Total Solver Time: 4.480430364608765
[prc2][info] Total Time Symmetries: 0
[prc2][info] Total Blocked Models: 0
[prc2][debug] Attempts : 3300
[prc1][info] Total Solver Time: 12.266257047653198
[prc1][info] Total Time Symmetries: 0
[prc1][info] Total Blocked Models: 0
[prc1][debug] Attempts : 5200
[prc3][info] Total Solver Time: 4.4628448486328125
[prc3][info] Total Time Symmetries: 0
[prc3][info] Total Blocked Models: 0
[prc3][debug] Attempts : 3600
[prc0][info] Total Solver Time: 13.317003726959229
[prc0][info] Total Time Symmetries: 0
[prc0][info] Total Blocked Models: 0
[prc0][debug] Attempts : 5500
[prc1][info] Total Solver Time: 12.650463104248047
[prc1][info] Total Time Symmetries: 0
[prc1][info] Total Blocked Models: 0
[prc1][debug] Attempts : 5300
[prc2][info] Total Solver Time: 4.622038125991821
[prc2][info] Total Time Symmetries: 0
[prc2][info] Total Blocked Models: 0
[prc2][debug] Attempts : 3400
[prc0][info] Total Solver Time: 13.751114130020142
[prc0][info] Total Time Symmetries: 0
[prc0][info] Total Blocked Models: 0
[prc0][debug] Attempts : 5600
[prc3][info] Total Solver Time: 4.594393491744995
[prc3][info] Total Time Symmetries: 0
[prc3][info] Total Blocked Models: 0
[prc3][debug] Attempts : 3700
[prc1][info] Total Solver Time: 13.037475347518921
[prc1][info] Total Time Symmetries: 0
[prc1][info] Total Blocked Models: 0
[prc1][debug] Attempts : 5400
[prc0][info] Total Solver Time: 14.200542449951172
[prc0][info] Total Time Symmetries: 0
[prc0][info] Total Blocked Models: 0
[prc0][debug] Attempts : 5700
[prc2][info] Total Solver Time: 4.766852855682373
[prc2][info] Total Time Symmetries: 0
[prc2][info] Total Blocked Models: 0
[prc2][debug] Attempts : 3500
[prc1][info] Total Solver Time: 13.430045127868652
[prc1][info] Total Time Symmetries: 0
[prc1][info] Total Blocked Models: 0
[prc1][debug] Attempts : 5500
[prc3][info] Total Solver Time: 4.727499961853027
[prc3][info] Total Time Symmetries: 0
[prc3][info] Total Blocked Models: 0
[prc3][debug] Attempts : 3800
[prc0][info] Total Solver Time: 14.658758401870728
[prc0][info] Total Time Symmetries: 0
[prc0][info] Total Blocked Models: 0
[prc0][debug] Attempts : 5800
[prc1][info] Total Solver Time: 13.830584049224854
[prc1][info] Total Time Symmetries: 0
[prc1][info] Total Blocked Models: 0
[prc1][debug] Attempts : 5600
[prc2][info] Total Solver Time: 4.905657529830933
[prc2][info] Total Time Symmetries: 0
[prc2][info] Total Blocked Models: 0
[prc2][debug] Attempts : 3600
[prc0][info] Total Solver Time: 15.138786315917969
[prc0][info] Total Time Symmetries: 0
[prc0][info] Total Blocked Models: 0
[prc0][debug] Attempts : 5900
[prc3][info] Total Solver Time: 4.853988170623779
[prc3][info] Total Time Symmetries: 0
[prc3][info] Total Blocked Models: 0
[prc3][debug] Attempts : 3900
[prc1][info] Total Solver Time: 14.246662616729736
[prc1][info] Total Time Symmetries: 0
[prc1][info] Total Blocked Models: 0
[prc1][debug] Attempts : 5700
[prc2][info] Total Solver Time: 5.0568273067474365
[prc2][info] Total Time Symmetries: 0
[prc2][info] Total Blocked Models: 0
[prc2][debug] Attempts : 3700
[prc0][info] Total Solver Time: 15.632559299468994
[prc0][info] Total Time Symmetries: 0
[prc0][info] Total Blocked Models: 0
[prc0][debug] Attempts : 6000
[prc1][info] Total Solver Time: 14.707062482833862
[prc1][info] Total Time Symmetries: 0
[prc1][info] Total Blocked Models: 0
[prc1][debug] Attempts : 5800
[prc3][info] Total Solver Time: 4.983012437820435
[prc3][info] Total Time Symmetries: 0
[prc3][info] Total Blocked Models: 0
[prc3][debug] Attempts : 4000
[prc0][info] Total Solver Time: 16.107990026474
[prc0][info] Total Time Symmetries: 0
[prc0][info] Total Blocked Models: 0
[prc0][debug] Attempts : 6100
[prc1][info] Total Solver Time: 15.138192176818848
[prc1][info] Total Time Symmetries: 0
[prc1][info] Total Blocked Models: 0
[prc1][debug] Attempts : 5900
[prc2][info] Total Solver Time: 5.195535898208618
[prc2][info] Total Time Symmetries: 0
[prc2][info] Total Blocked Models: 0
[prc2][debug] Attempts : 3800
[prc0][info] Total Solver Time: 16.579323291778564
[prc0][info] Total Time Symmetries: 0
[prc0][info] Total Blocked Models: 0
[prc0][debug] Attempts : 6200
[prc3][info] Total Solver Time: 5.115530967712402
[prc3][info] Total Time Symmetries: 0
[prc3][info] Total Blocked Models: 0
[prc3][debug] Attempts : 4100
[prc1][info] Total Solver Time: 15.610919952392578
[prc1][info] Total Time Symmetries: 0
[prc1][info] Total Blocked Models: 0
[prc1][debug] Attempts : 6000
[prc0][info] Total Solver Time: 17.04919123649597
[prc0][info] Total Time Symmetries: 0
[prc0][info] Total Blocked Models: 0
[prc0][debug] Attempts : 6300
[prc2][info] Total Solver Time: 5.334020614624023
[prc2][info] Total Time Symmetries: 0
[prc2][info] Total Blocked Models: 0
[prc2][debug] Attempts : 3900
[prc3][info] Total Solver Time: 5.245198965072632
[prc3][info] Total Time Symmetries: 0
[prc3][info] Total Blocked Models: 0
[prc3][debug] Attempts : 4200
[prc1][info] Total Solver Time: 16.073636293411255
[prc1][info] Total Time Symmetries: 0
[prc1][info] Total Blocked Models: 0
[prc1][debug] Attempts : 6100
[prc0][info] Total Solver Time: 17.53385043144226
[prc0][info] Total Time Symmetries: 0
[prc0][info] Total Blocked Models: 0
[prc0][debug] Attempts : 6400
[prc2][info] Total Solver Time: 5.476905584335327
[prc2][info] Total Time Symmetries: 0
[prc2][info] Total Blocked Models: 0
[prc2][debug] Attempts : 4000
[prc0][info] Total Solver Time: 18.031612873077393
[prc0][info] Total Time Symmetries: 0
[prc0][info] Total Blocked Models: 0
[prc0][debug] Attempts : 6500
[prc3][info] Total Solver Time: 5.384945869445801
[prc3][info] Total Time Symmetries: 0
[prc3][info] Total Blocked Models: 0
[prc3][debug] Attempts : 4300
[prc1][info] Total Solver Time: 16.526994466781616
[prc1][info] Total Time Symmetries: 0
[prc1][info] Total Blocked Models: 0
[prc1][debug] Attempts : 6200
[prc0][info] Total Solver Time: 18.530313730239868
[prc0][info] Total Time Symmetries: 0
[prc0][info] Total Blocked Models: 0
[prc0][debug] Attempts : 6600
[prc1][info] Total Solver Time: 16.99290704727173
[prc1][info] Total Time Symmetries: 0
[prc1][info] Total Blocked Models: 0
[prc1][debug] Attempts : 6300
[prc3][info] Total Solver Time: 5.5201616287231445
[prc3][info] Total Time Symmetries: 0
[prc3][info] Total Blocked Models: 0
[prc3][debug] Attempts : 4400
[prc2][info] Total Solver Time: 5.626022100448608
[prc2][info] Total Time Symmetries: 0
[prc2][info] Total Blocked Models: 0
[prc2][debug] Attempts : 4100
[prc1][info] Total Solver Time: 17.508227825164795
[prc1][info] Total Time Symmetries: 0
[prc1][info] Total Blocked Models: 0
[prc1][debug] Attempts : 6400
[prc0][info] Total Solver Time: 19.04477834701538
[prc0][info] Total Time Symmetries: 0
[prc0][info] Total Blocked Models: 0
[prc0][debug] Attempts : 6700
[prc1][info] Total Solver Time: 18.0012788772583
[prc1][info] Total Time Symmetries: 0
[prc1][info] Total Blocked Models: 0
[prc1][debug] Attempts : 6500
[prc0][info] Total Solver Time: 19.5718092918396
[prc0][info] Total Time Symmetries: 0
[prc0][info] Total Blocked Models: 0
[prc0][debug] Attempts : 6800
[prc2][info] Total Solver Time: 5.770821571350098
[prc2][info] Total Time Symmetries: 0
[prc2][info] Total Blocked Models: 0
[prc2][debug] Attempts : 4200
[prc3][info] Total Solver Time: 5.63939642906189
[prc3][info] Total Time Symmetries: 0
[prc3][info] Total Blocked Models: 0
[prc3][debug] Attempts : 4500
[prc1][info] Total Solver Time: 18.490041732788086
[prc1][info] Total Time Symmetries: 0
[prc1][info] Total Blocked Models: 0
[prc1][debug] Attempts : 6600
[prc0][info] Total Solver Time: 20.10549020767212
[prc0][info] Total Time Symmetries: 0
[prc0][info] Total Blocked Models: 0
[prc0][debug] Attempts : 6900
[prc3][info] Total Solver Time: 5.780917406082153
[prc3][info] Total Time Symmetries: 0
[prc3][info] Total Blocked Models: 0
[prc3][debug] Attempts : 4600
[prc2][info] Total Solver Time: 5.912754058837891
[prc2][info] Total Time Symmetries: 0
[prc2][info] Total Blocked Models: 0
[prc2][debug] Attempts : 4300
[prc1][info] Total Solver Time: 18.994570016860962
[prc1][info] Total Time Symmetries: 0
[prc1][info] Total Blocked Models: 0
[prc1][debug] Attempts : 6700
[prc0][info] Total Solver Time: 20.586748838424683
[prc0][info] Total Time Symmetries: 0
[prc0][info] Total Blocked Models: 0
[prc0][debug] Attempts : 7000
[prc3][info] Total Solver Time: 5.918940305709839
[prc3][info] Total Time Symmetries: 0
[prc3][info] Total Blocked Models: 0
[prc3][debug] Attempts : 4700
[prc1][info] Total Solver Time: 19.49649167060852
[prc1][info] Total Time Symmetries: 0
[prc1][info] Total Blocked Models: 0
[prc1][debug] Attempts : 6800
[prc0][info] Total Solver Time: 21.081265926361084
[prc0][info] Total Time Symmetries: 0
[prc0][info] Total Blocked Models: 0
[prc0][debug] Attempts : 7100
[prc2][info] Total Solver Time: 6.066354274749756
[prc2][info] Total Time Symmetries: 0
[prc2][info] Total Blocked Models: 0
[prc2][debug] Attempts : 4400
[prc1][info] Total Solver Time: 20.011341333389282
[prc1][info] Total Time Symmetries: 0
[prc1][info] Total Blocked Models: 0
[prc1][debug] Attempts : 6900
[prc0][info] Total Solver Time: 21.568811178207397
[prc0][info] Total Time Symmetries: 0
[prc0][info] Total Blocked Models: 0
[prc0][debug] Attempts : 7200
[prc3][info] Total Solver Time: 6.045305967330933
[prc3][info] Total Time Symmetries: 0
[prc3][info] Total Blocked Models: 0
[prc3][debug] Attempts : 4800
[prc2][info] Total Solver Time: 6.211951017379761
[prc2][info] Total Time Symmetries: 0
[prc2][info] Total Blocked Models: 0
[prc2][debug] Attempts : 4500
[prc1][info] Total Solver Time: 20.53835129737854
[prc1][info] Total Time Symmetries: 0
[prc1][info] Total Blocked Models: 0
[prc1][debug] Attempts : 7000
[prc0][info] Total Solver Time: 22.0841703414917
[prc0][info] Total Time Symmetries: 0
[prc0][info] Total Blocked Models: 0
[prc0][debug] Attempts : 7300
[prc3][info] Total Solver Time: 6.174828767776489
[prc3][info] Total Time Symmetries: 0
[prc3][info] Total Blocked Models: 0
[prc3][debug] Attempts : 4900
[prc1][info] Total Solver Time: 21.07310914993286
[prc1][info] Total Time Symmetries: 0
[prc1][info] Total Blocked Models: 0
[prc1][debug] Attempts : 7100
[prc2][info] Total Solver Time: 6.357080698013306
[prc2][info] Total Time Symmetries: 0
[prc2][info] Total Blocked Models: 0
[prc2][debug] Attempts : 4600
[prc0][info] Total Solver Time: 22.60554814338684
[prc0][info] Total Time Symmetries: 0
[prc0][info] Total Blocked Models: 0
[prc0][debug] Attempts : 7400
[prc3][info] Total Solver Time: 6.2998528480529785
[prc3][info] Total Time Symmetries: 0
[prc3][info] Total Blocked Models: 0
[prc3][debug] Attempts : 5000
[prc1][info] Total Solver Time: 21.62799835205078
[prc1][info] Total Time Symmetries: 0
[prc1][info] Total Blocked Models: 0
[prc1][debug] Attempts : 7200
[prc0][info] Total Solver Time: 23.139630556106567
[prc0][info] Total Time Symmetries: 0
[prc0][info] Total Blocked Models: 0
[prc0][debug] Attempts : 7500
[prc2][info] Total Solver Time: 6.494357347488403
[prc2][info] Total Time Symmetries: 0
[prc2][info] Total Blocked Models: 0
[prc2][debug] Attempts : 4700
[prc3][info] Total Solver Time: 6.432773113250732
[prc3][info] Total Time Symmetries: 0
[prc3][info] Total Blocked Models: 0
[prc3][debug] Attempts : 5100
[prc1][info] Total Solver Time: 22.195849418640137
[prc1][info] Total Time Symmetries: 0
[prc1][info] Total Blocked Models: 0
[prc1][debug] Attempts : 7300
[prc0][info] Total Solver Time: 23.694284200668335
[prc0][info] Total Time Symmetries: 0
[prc0][info] Total Blocked Models: 0
[prc0][debug] Attempts : 7600
[prc2][info] Total Solver Time: 6.642833948135376
[prc2][info] Total Time Symmetries: 0
[prc2][info] Total Blocked Models: 0
[prc2][debug] Attempts : 4800
[prc3][info] Total Solver Time: 6.558417558670044
[prc3][info] Total Time Symmetries: 0
[prc3][info] Total Blocked Models: 0
[prc3][debug] Attempts : 5200
[prc1][info] Total Solver Time: 22.760355472564697
[prc1][info] Total Time Symmetries: 0
[prc1][info] Total Blocked Models: 0
[prc1][debug] Attempts : 7400
[prc0][info] Total Solver Time: 24.27012324333191
[prc0][info] Total Time Symmetries: 0
[prc0][info] Total Blocked Models: 0
[prc0][debug] Attempts : 7700
[prc1][info] Total Solver Time: 23.369019269943237
[prc1][info] Total Time Symmetries: 0
[prc1][info] Total Blocked Models: 0
[prc1][debug] Attempts : 7500
[prc2][info] Total Solver Time: 6.7916059494018555
[prc2][info] Total Time Symmetries: 0
[prc2][info] Total Blocked Models: 0
[prc2][debug] Attempts : 4900
[prc3][info] Total Solver Time: 6.685499668121338
[prc3][info] Total Time Symmetries: 0
[prc3][info] Total Blocked Models: 0
[prc3][debug] Attempts : 5300
[prc0][info] Total Solver Time: 24.85355043411255
[prc0][info] Total Time Symmetries: 0
[prc0][info] Total Blocked Models: 0
[prc0][debug] Attempts : 7800
[prc1][info] Total Solver Time: 23.96569299697876
[prc1][info] Total Time Symmetries: 0
[prc1][info] Total Blocked Models: 0
[prc1][debug] Attempts : 7600
[prc0][info] Total Solver Time: 25.433042764663696
[prc0][info] Total Time Symmetries: 0
[prc0][info] Total Blocked Models: 0
[prc0][debug] Attempts : 7900
[prc3][info] Total Solver Time: 6.815681219100952
[prc3][info] Total Time Symmetries: 0
[prc3][info] Total Blocked Models: 0
[prc3][debug] Attempts : 5400
[prc2][info] Total Solver Time: 6.9349939823150635
[prc2][info] Total Time Symmetries: 0
[prc2][info] Total Blocked Models: 0
[prc2][debug] Attempts : 5000
[prc1][info] Total Solver Time: 24.563209533691406
[prc1][info] Total Time Symmetries: 0
[prc1][info] Total Blocked Models: 0
[prc1][debug] Attempts : 7700
[prc0][info] Total Solver Time: 26.011651515960693
[prc0][info] Total Time Symmetries: 0
[prc0][info] Total Blocked Models: 0
[prc0][debug] Attempts : 8000
[prc3][info] Total Solver Time: 6.9410693645477295
[prc3][info] Total Time Symmetries: 0
[prc3][info] Total Blocked Models: 0
[prc3][debug] Attempts : 5500
[prc1][info] Total Solver Time: 25.194698572158813
[prc1][info] Total Time Symmetries: 0
[prc1][info] Total Blocked Models: 0
[prc1][debug] Attempts : 7800
[prc0][info] Total Solver Time: 26.59370231628418
[prc0][info] Total Time Symmetries: 0
[prc0][info] Total Blocked Models: 0
[prc0][debug] Attempts : 8100
[prc2][info] Total Solver Time: 7.080014944076538
[prc2][info] Total Time Symmetries: 0
[prc2][info] Total Blocked Models: 0
[prc2][debug] Attempts : 5100
[prc0][info] Total Solver Time: 27.1909396648407
[prc0][info] Total Time Symmetries: 0
[prc0][info] Total Blocked Models: 0
[prc0][debug] Attempts : 8200
[prc1][info] Total Solver Time: 25.836028814315796
[prc1][info] Total Time Symmetries: 0
[prc1][info] Total Blocked Models: 0
[prc1][debug] Attempts : 7900
[prc3][info] Total Solver Time: 7.077775955200195
[prc3][info] Total Time Symmetries: 0
[prc3][info] Total Blocked Models: 0
[prc3][debug] Attempts : 5600
[prc0][info] Total Solver Time: 27.7928569316864
[prc0][info] Total Time Symmetries: 0
[prc0][info] Total Blocked Models: 0
[prc0][debug] Attempts : 8300
[prc2][info] Total Solver Time: 7.233102798461914
[prc2][info] Total Time Symmetries: 0
[prc2][info] Total Blocked Models: 0
[prc2][debug] Attempts : 5200
[prc1][info] Total Solver Time: 26.486863613128662
[prc1][info] Total Time Symmetries: 0
[prc1][info] Total Blocked Models: 0
[prc1][debug] Attempts : 8000
[prc0][info] Total Solver Time: 28.389225721359253
[prc0][info] Total Time Symmetries: 0
[prc0][info] Total Blocked Models: 0
[prc0][debug] Attempts : 8400
[prc3][info] Total Solver Time: 7.23193883895874
[prc3][info] Total Time Symmetries: 0
[prc3][info] Total Blocked Models: 0
[prc3][debug] Attempts : 5700
[prc1][info] Total Solver Time: 27.152681589126587
[prc1][info] Total Time Symmetries: 0
[prc1][info] Total Blocked Models: 0
[prc1][debug] Attempts : 8100
[prc2][info] Total Solver Time: 7.376126050949097
[prc2][info] Total Time Symmetries: 0
[prc2][info] Total Blocked Models: 0
[prc2][debug] Attempts : 5300
[prc0][info] Total Solver Time: 28.996975421905518
[prc0][info] Total Time Symmetries: 0
[prc0][info] Total Blocked Models: 0
[prc0][debug] Attempts : 8500
[prc1][info] Total Solver Time: 27.836267948150635
[prc1][info] Total Time Symmetries: 0
[prc1][info] Total Blocked Models: 0
[prc1][debug] Attempts : 8200
[prc3][info] Total Solver Time: 7.385210037231445
[prc3][info] Total Time Symmetries: 0
[prc3][info] Total Blocked Models: 0
[prc3][debug] Attempts : 5800
[prc0][info] Total Solver Time: 29.603574514389038
[prc0][info] Total Time Symmetries: 0
[prc0][info] Total Blocked Models: 0
[prc0][debug] Attempts : 8600
[prc2][info] Total Solver Time: 7.518450975418091
[prc2][info] Total Time Symmetries: 0
[prc2][info] Total Blocked Models: 0
[prc2][debug] Attempts : 5400
[prc1][info] Total Solver Time: 28.522096872329712
[prc1][info] Total Time Symmetries: 0
[prc1][info] Total Blocked Models: 0
[prc1][debug] Attempts : 8300
[prc0][info] Total Solver Time: 30.239848613739014
[prc0][info] Total Time Symmetries: 0
[prc0][info] Total Blocked Models: 0
[prc0][debug] Attempts : 8700
[prc3][info] Total Solver Time: 7.529506683349609
[prc3][info] Total Time Symmetries: 0
[prc3][info] Total Blocked Models: 0
[prc3][debug] Attempts : 5900
[prc1][info] Total Solver Time: 29.193811655044556
[prc1][info] Total Time Symmetries: 0
[prc1][info] Total Blocked Models: 0
[prc1][debug] Attempts : 8400
[prc0][info] Total Solver Time: 30.927921772003174
[prc0][info] Total Time Symmetries: 0
[prc0][info] Total Blocked Models: 0
[prc0][debug] Attempts : 8800
[prc3][info] Total Solver Time: 7.662210941314697
[prc3][info] Total Time Symmetries: 0
[prc3][info] Total Blocked Models: 0
[prc3][debug] Attempts : 6000
[prc2][info] Total Solver Time: 7.657976388931274
[prc2][info] Total Time Symmetries: 0
[prc2][info] Total Blocked Models: 0
[prc2][debug] Attempts : 5500
[prc1][info] Total Solver Time: 29.926977157592773
[prc1][info] Total Time Symmetries: 0
[prc1][info] Total Blocked Models: 0
[prc1][debug] Attempts : 8500
[prc0][info] Total Solver Time: 31.620605945587158
[prc0][info] Total Time Symmetries: 0
[prc0][info] Total Blocked Models: 0
[prc0][debug] Attempts : 8900
[prc3][info] Total Solver Time: 7.791215419769287
[prc3][info] Total Time Symmetries: 0
[prc3][info] Total Blocked Models: 0
[prc3][debug] Attempts : 6100
[prc1][info] Total Solver Time: 30.64205265045166
[prc1][info] Total Time Symmetries: 0
[prc1][info] Total Blocked Models: 0
[prc1][debug] Attempts : 8600
[prc2][info] Total Solver Time: 7.810260057449341
[prc2][info] Total Time Symmetries: 0
[prc2][info] Total Blocked Models: 0
[prc2][debug] Attempts : 5600
[prc0][info] Total Solver Time: 32.3234326839447
[prc0][info] Total Time Symmetries: 0
[prc0][info] Total Blocked Models: 0
[prc0][debug] Attempts : 9000
[prc1][info] Total Solver Time: 31.381011247634888
[prc1][info] Total Time Symmetries: 0
[prc1][info] Total Blocked Models: 0
[prc1][debug] Attempts : 8700
[prc3][info] Total Solver Time: 7.923248291015625
[prc3][info] Total Time Symmetries: 0
[prc3][info] Total Blocked Models: 0
[prc3][debug] Attempts : 6200
[prc0][info] Total Solver Time: 33.02942204475403
[prc0][info] Total Time Symmetries: 0
[prc0][info] Total Blocked Models: 0
[prc0][debug] Attempts : 9100
[prc1][info] Total Solver Time: 32.14901161193848
[prc1][info] Total Time Symmetries: 0
[prc1][info] Total Blocked Models: 0
[prc1][debug] Attempts : 8800
[prc0][info] Total Solver Time: 33.72802662849426
[prc0][info] Total Time Symmetries: 0
[prc0][info] Total Blocked Models: 0
[prc0][debug] Attempts : 9200
[prc3][info] Total Solver Time: 8.052547931671143
[prc3][info] Total Time Symmetries: 0
[prc3][info] Total Blocked Models: 0
[prc3][debug] Attempts : 6300
[prc2][info] Total Solver Time: 7.967072248458862
[prc2][info] Total Time Symmetries: 0
[prc2][info] Total Blocked Models: 0
[prc2][debug] Attempts : 5700
[prc1][info] Total Solver Time: 32.956315994262695
[prc1][info] Total Time Symmetries: 0
[prc1][info] Total Blocked Models: 0
[prc1][debug] Attempts : 8900
[prc0][info] Total Solver Time: 34.441142559051514
[prc0][info] Total Time Symmetries: 0
[prc0][info] Total Blocked Models: 0
[prc0][debug] Attempts : 9300
[prc3][info] Total Solver Time: 8.181462526321411
[prc3][info] Total Time Symmetries: 0
[prc3][info] Total Blocked Models: 0
[prc3][debug] Attempts : 6400
[prc1][info] Total Solver Time: 33.789345264434814
[prc1][info] Total Time Symmetries: 0
[prc1][info] Total Blocked Models: 0
[prc1][debug] Attempts : 9000
[prc2][info] Total Solver Time: 8.113807678222656
[prc2][info] Total Time Symmetries: 0
[prc2][info] Total Blocked Models: 0
[prc2][debug] Attempts : 5800
[prc0][info] Total Solver Time: 35.19172215461731
[prc0][info] Total Time Symmetries: 0
[prc0][info] Total Blocked Models: 0
[prc0][debug] Attempts : 9400
[prc1][info] Total Solver Time: 34.57462167739868
[prc1][info] Total Time Symmetries: 0
[prc1][info] Total Blocked Models: 0
[prc1][debug] Attempts : 9100
[prc3][info] Total Solver Time: 8.315967082977295
[prc3][info] Total Time Symmetries: 0
[prc3][info] Total Blocked Models: 0
[prc3][debug] Attempts : 6500
[prc0][info] Total Solver Time: 35.936230182647705
[prc0][info] Total Time Symmetries: 0
[prc0][info] Total Blocked Models: 0
[prc0][debug] Attempts : 9500
[prc2][info] Total Solver Time: 8.263007402420044
[prc2][info] Total Time Symmetries: 0
[prc2][info] Total Blocked Models: 0
[prc2][debug] Attempts : 5900
[prc1][info] Total Solver Time: 35.36176133155823
[prc1][info] Total Time Symmetries: 0
[prc1][info] Total Blocked Models: 0
[prc1][debug] Attempts : 9200
[prc0][info] Total Solver Time: 36.67677903175354
[prc0][info] Total Time Symmetries: 0
[prc0][info] Total Blocked Models: 0
[prc0][debug] Attempts : 9600
[prc3][info] Total Solver Time: 8.449935913085938
[prc3][info] Total Time Symmetries: 0
[prc3][info] Total Blocked Models: 0
[prc3][debug] Attempts : 6600
[prc1][info] Total Solver Time: 36.16895079612732
[prc1][info] Total Time Symmetries: 0
[prc1][info] Total Blocked Models: 0
[prc1][debug] Attempts : 9300
[prc0][info] Total Solver Time: 37.40712332725525
[prc0][info] Total Time Symmetries: 0
[prc0][info] Total Blocked Models: 0
[prc0][debug] Attempts : 9700
[prc2][info] Total Solver Time: 8.39906644821167
[prc2][info] Total Time Symmetries: 0
[prc2][info] Total Blocked Models: 0
[prc2][debug] Attempts : 6000
[prc3][info] Total Solver Time: 8.583482265472412
[prc3][info] Total Time Symmetries: 0
[prc3][info] Total Blocked Models: 0
[prc3][debug] Attempts : 6700
[prc0][info] Total Solver Time: 38.187673568725586
[prc0][info] Total Time Symmetries: 0
[prc0][info] Total Blocked Models: 0
[prc0][debug] Attempts : 9800
[prc1][info] Total Solver Time: 36.9899160861969
[prc1][info] Total Time Symmetries: 0
[prc1][info] Total Blocked Models: 0
[prc1][debug] Attempts : 9400
[prc3][info] Total Solver Time: 8.713093519210815
[prc3][info] Total Time Symmetries: 0
[prc3][info] Total Blocked Models: 0
[prc3][debug] Attempts : 6800
[prc2][info] Total Solver Time: 8.545058727264404
[prc2][info] Total Time Symmetries: 0
[prc2][info] Total Blocked Models: 0
[prc2][debug] Attempts : 6100
[prc1][info] Total Solver Time: 37.85126852989197
[prc1][info] Total Time Symmetries: 0
[prc1][info] Total Blocked Models: 0
[prc1][debug] Attempts : 9500
[prc0][info] Total Solver Time: 38.932515144348145
[prc0][info] Total Time Symmetries: 0
[prc0][info] Total Blocked Models: 0
[prc0][debug] Attempts : 9900
[prc1][info] Total Solver Time: 38.71665716171265
[prc1][info] Total Time Symmetries: 0
[prc1][info] Total Blocked Models: 0
[prc1][debug] Attempts : 9600
[prc0][info] Total Solver Time: 39.694035053253174
[prc0][info] Total Time Symmetries: 0
[prc0][info] Total Blocked Models: 0
[prc0][debug] Attempts : 10000
[prc3][info] Total Solver Time: 8.84933090209961
[prc3][info] Total Time Symmetries: 0
[prc3][info] Total Blocked Models: 0
[prc3][debug] Attempts : 6900
[prc2][info] Total Solver Time: 8.697601079940796
[prc2][info] Total Time Symmetries: 0
[prc2][info] Total Blocked Models: 0
[prc2][debug] Attempts : 6200
[prc1][info] Total Solver Time: 39.60686469078064
[prc1][info] Total Time Symmetries: 0
[prc1][info] Total Blocked Models: 0
[prc1][debug] Attempts : 9700
[prc0][info] Total Solver Time: 40.46912598609924
[prc0][info] Total Time Symmetries: 0
[prc0][info] Total Blocked Models: 0
[prc0][debug] Attempts : 10100
[prc3][info] Total Solver Time: 8.982914924621582
[prc3][info] Total Time Symmetries: 0
[prc3][info] Total Blocked Models: 0
[prc3][debug] Attempts : 7000
[prc1][info] Total Solver Time: 40.520893812179565
[prc1][info] Total Time Symmetries: 0
[prc1][info] Total Blocked Models: 0
[prc1][debug] Attempts : 9800
[prc0][info] Total Solver Time: 41.25172209739685
[prc0][info] Total Time Symmetries: 0
[prc0][info] Total Blocked Models: 0
[prc0][debug] Attempts : 10200
[prc2][info] Total Solver Time: 8.847056865692139
[prc2][info] Total Time Symmetries: 0
[prc2][info] Total Blocked Models: 0
[prc2][debug] Attempts : 6300
[prc3][info] Total Solver Time: 9.115314960479736
[prc3][info] Total Time Symmetries: 0
[prc3][info] Total Blocked Models: 0
[prc3][debug] Attempts : 7100
[prc1][info] Total Solver Time: 41.43461537361145
[prc1][info] Total Time Symmetries: 0
[prc1][info] Total Blocked Models: 0
[prc1][debug] Attempts : 9900
[prc0][info] Total Solver Time: 42.07308006286621
[prc0][info] Total Time Symmetries: 0
[prc0][info] Total Blocked Models: 0
[prc0][debug] Attempts : 10300
[prc2][info] Total Solver Time: 9.008440256118774
[prc2][info] Total Time Symmetries: 0
[prc2][info] Total Blocked Models: 0
[prc2][debug] Attempts : 6400
[prc1][info] Total Solver Time: 42.352147817611694
[prc1][info] Total Time Symmetries: 0
[prc1][info] Total Blocked Models: 0
[prc1][debug] Attempts : 10000
[prc0][info] Total Solver Time: 43.0035126209259
[prc0][info] Total Time Symmetries: 0
[prc0][info] Total Blocked Models: 0
[prc0][debug] Attempts : 10400
[prc3][info] Total Solver Time: 9.252845764160156
[prc3][info] Total Time Symmetries: 0
[prc3][info] Total Blocked Models: 0
[prc3][debug] Attempts : 7200
[prc1][info] Total Solver Time: 43.31913924217224
[prc1][info] Total Time Symmetries: 0
[prc1][info] Total Blocked Models: 0
[prc1][debug] Attempts : 10100
[prc0][info] Total Solver Time: 43.95438551902771
[prc0][info] Total Time Symmetries: 0
[prc0][info] Total Blocked Models: 0
[prc0][debug] Attempts : 10500
[prc2][info] Total Solver Time: 9.166004419326782
[prc2][info] Total Time Symmetries: 0
[prc2][info] Total Blocked Models: 0
[prc2][debug] Attempts : 6500
[prc3][info] Total Solver Time: 9.411312341690063
[prc3][info] Total Time Symmetries: 0
[prc3][info] Total Blocked Models: 0
[prc3][debug] Attempts : 7300
[prc1][info] Total Solver Time: 44.273316860198975
[prc1][info] Total Time Symmetries: 0
[prc1][info] Total Blocked Models: 0
[prc1][debug] Attempts : 10200
[prc0][info] Total Solver Time: 44.88966774940491
[prc0][info] Total Time Symmetries: 0
[prc0][info] Total Blocked Models: 0
[prc0][debug] Attempts : 10600
[prc3][info] Total Solver Time: 9.563888788223267
[prc3][info] Total Time Symmetries: 0
[prc3][info] Total Blocked Models: 0
[prc3][debug] Attempts : 7400
[prc1][info] Total Solver Time: 45.232258558273315
[prc1][info] Total Time Symmetries: 0
[prc1][info] Total Blocked Models: 0
[prc1][debug] Attempts : 10300
[prc0][info] Total Solver Time: 45.82907700538635
[prc0][info] Total Time Symmetries: 0
[prc0][info] Total Blocked Models: 0
[prc0][debug] Attempts : 10700
[prc2][info] Total Solver Time: 9.310809850692749
[prc2][info] Total Time Symmetries: 0
[prc2][info] Total Blocked Models: 0
[prc2][debug] Attempts : 6600
[prc0][info] Total Solver Time: 46.7957079410553
[prc0][info] Total Time Symmetries: 0
[prc0][info] Total Blocked Models: 0
[prc0][debug] Attempts : 10800
[prc1][info] Total Solver Time: 46.16865301132202
[prc1][info] Total Time Symmetries: 0
[prc1][info] Total Blocked Models: 0
[prc1][debug] Attempts : 10400
[prc3][info] Total Solver Time: 9.699650526046753
[prc3][info] Total Time Symmetries: 0
[prc3][info] Total Blocked Models: 0
[prc3][debug] Attempts : 7500
[prc2][info] Total Solver Time: 9.456176042556763
[prc2][info] Total Time Symmetries: 0
[prc2][info] Total Blocked Models: 0
[prc2][debug] Attempts : 6700
[prc0][info] Total Solver Time: 47.77178621292114
[prc0][info] Total Time Symmetries: 0
[prc0][info] Total Blocked Models: 0
[prc0][debug] Attempts : 10900
[prc1][info] Total Solver Time: 47.182342290878296
[prc1][info] Total Time Symmetries: 0
[prc1][info] Total Blocked Models: 0
[prc1][debug] Attempts : 10500
[prc3][info] Total Solver Time: 9.827710628509521
[prc3][info] Total Time Symmetries: 0
[prc3][info] Total Blocked Models: 0
[prc3][debug] Attempts : 7600
[prc0][info] Total Solver Time: 48.735071659088135
[prc0][info] Total Time Symmetries: 0
[prc0][info] Total Blocked Models: 0
[prc0][debug] Attempts : 11000
[prc2][info] Total Solver Time: 9.610689640045166
[prc2][info] Total Time Symmetries: 0
[prc2][info] Total Blocked Models: 0
[prc2][debug] Attempts : 6800
[prc1][info] Total Solver Time: 48.22340488433838
[prc1][info] Total Time Symmetries: 0
[prc1][info] Total Blocked Models: 0
[prc1][debug] Attempts : 10600
[prc0][info] Total Solver Time: 49.688403844833374
[prc0][info] Total Time Symmetries: 0
[prc0][info] Total Blocked Models: 0
[prc0][debug] Attempts : 11100
[prc3][info] Total Solver Time: 9.98889708518982
[prc3][info] Total Time Symmetries: 0
[prc3][info] Total Blocked Models: 0
[prc3][debug] Attempts : 7700
[prc1][info] Total Solver Time: 49.2677116394043
[prc1][info] Total Time Symmetries: 0
[prc1][info] Total Blocked Models: 0
[prc1][debug] Attempts : 10700
[prc2][info] Total Solver Time: 9.767022609710693
[prc2][info] Total Time Symmetries: 0
[prc2][info] Total Blocked Models: 0
[prc2][debug] Attempts : 6900
[prc0][info] Total Solver Time: 50.649800539016724
[prc0][info] Total Time Symmetries: 0
[prc0][info] Total Blocked Models: 0
[prc0][debug] Attempts : 11200
[prc3][info] Total Solver Time: 10.167994499206543
[prc3][info] Total Time Symmetries: 0
[prc3][info] Total Blocked Models: 0
[prc3][debug] Attempts : 7800
[prc1][info] Total Solver Time: 50.31946349143982
[prc1][info] Total Time Symmetries: 0
[prc1][info] Total Blocked Models: 0
[prc1][debug] Attempts : 10800
[prc0][info] Total Solver Time: 51.59221124649048
[prc0][info] Total Time Symmetries: 0
[prc0][info] Total Blocked Models: 0
[prc0][debug] Attempts : 11300
[prc2][info] Total Solver Time: 9.91565728187561
[prc2][info] Total Time Symmetries: 0
[prc2][info] Total Blocked Models: 0
[prc2][debug] Attempts : 7000
[prc1][info] Total Solver Time: 51.391345262527466
[prc1][info] Total Time Symmetries: 0
[prc1][info] Total Blocked Models: 0
[prc1][debug] Attempts : 10900
[prc3][info] Total Solver Time: 10.305562019348145
[prc3][info] Total Time Symmetries: 0
[prc3][info] Total Blocked Models: 0
[prc3][debug] Attempts : 7900
[prc0][info] Total Solver Time: 52.518112659454346
[prc0][info] Total Time Symmetries: 0
[prc0][info] Total Blocked Models: 0
[prc0][debug] Attempts : 11400
[prc1][info] Total Solver Time: 52.50502634048462
[prc1][info] Total Time Symmetries: 0
[prc1][info] Total Blocked Models: 0
[prc1][debug] Attempts : 11000
[prc3][info] Total Solver Time: 10.440474271774292
[prc3][info] Total Time Symmetries: 0
[prc3][info] Total Blocked Models: 0
[prc3][debug] Attempts : 8000
[prc0][info] Total Solver Time: 53.48511052131653
[prc0][info] Total Time Symmetries: 0
[prc0][info] Total Blocked Models: 0
[prc0][debug] Attempts : 11500
[prc2][info] Total Solver Time: 10.061761379241943
[prc2][info] Total Time Symmetries: 0
[prc2][info] Total Blocked Models: 0
[prc2][debug] Attempts : 7100
[prc1][info] Total Solver Time: 53.63399267196655
[prc1][info] Total Time Symmetries: 0
[prc1][info] Total Blocked Models: 0
[prc1][debug] Attempts : 11100
[prc0][info] Total Solver Time: 54.48481011390686
[prc0][info] Total Time Symmetries: 0
[prc0][info] Total Blocked Models: 0
[prc0][debug] Attempts : 11600
[prc3][info] Total Solver Time: 10.571555137634277
[prc3][info] Total Time Symmetries: 0
[prc3][info] Total Blocked Models: 0
[prc3][debug] Attempts : 8100
[prc2][info] Total Solver Time: 10.216485738754272
[prc2][info] Total Time Symmetries: 0
[prc2][info] Total Blocked Models: 0
[prc2][debug] Attempts : 7200
[prc1][info] Total Solver Time: 54.75720286369324
[prc1][info] Total Time Symmetries: 0
[prc1][info] Total Blocked Models: 0
[prc1][debug] Attempts : 11200
[prc0][info] Total Solver Time: 55.44186472892761
[prc0][info] Total Time Symmetries: 0
[prc0][info] Total Blocked Models: 0
[prc0][debug] Attempts : 11700
[prc3][info] Total Solver Time: 10.713691473007202
[prc3][info] Total Time Symmetries: 0
[prc3][info] Total Blocked Models: 0
[prc3][debug] Attempts : 8200
[prc0][info] Total Solver Time: 56.44424748420715
[prc0][info] Total Time Symmetries: 0
[prc0][info] Total Blocked Models: 0
[prc0][debug] Attempts : 11800
[prc2][info] Total Solver Time: 10.371374368667603
[prc2][info] Total Time Symmetries: 0
[prc2][info] Total Blocked Models: 0
[prc2][debug] Attempts : 7300
[prc1][info] Total Solver Time: 55.99827194213867
[prc1][info] Total Time Symmetries: 0
[prc1][info] Total Blocked Models: 0
[prc1][debug] Attempts : 11300
[prc0][info] Total Solver Time: 57.4141321182251
[prc0][info] Total Time Symmetries: 0
[prc0][info] Total Blocked Models: 0
[prc0][debug] Attempts : 11900
[prc3][info] Total Solver Time: 10.864365577697754
[prc3][info] Total Time Symmetries: 0
[prc3][info] Total Blocked Models: 0
[prc3][debug] Attempts : 8300
[prc1][info] Total Solver Time: 57.144267559051514
[prc1][info] Total Time Symmetries: 0
[prc1][info] Total Blocked Models: 0
[prc1][debug] Attempts : 11400
[prc2][info] Total Solver Time: 10.529807090759277
[prc2][info] Total Time Symmetries: 0
[prc2][info] Total Blocked Models: 0
[prc2][debug] Attempts : 7400
[prc0][info] Total Solver Time: 58.36637210845947
[prc0][info] Total Time Symmetries: 0
[prc0][info] Total Blocked Models: 0
[prc0][debug] Attempts : 12000
[prc3][info] Total Solver Time: 11.014416933059692
[prc3][info] Total Time Symmetries: 0
[prc3][info] Total Blocked Models: 0
[prc3][debug] Attempts : 8400
[prc1][info] Total Solver Time: 58.29238414764404
[prc1][info] Total Time Symmetries: 0
[prc1][info] Total Blocked Models: 0
[prc1][debug] Attempts : 11500
[prc0][info] Total Solver Time: 59.33472537994385
[prc0][info] Total Time Symmetries: 0
[prc0][info] Total Blocked Models: 0
[prc0][debug] Attempts : 12100
[prc2][info] Total Solver Time: 10.680779218673706
[prc2][info] Total Time Symmetries: 0
[prc2][info] Total Blocked Models: 0
[prc2][debug] Attempts : 7500
[prc1][info] Total Solver Time: 59.46656537055969
[prc1][info] Total Time Symmetries: 0
[prc1][info] Total Blocked Models: 0
[prc1][debug] Attempts : 11600
[prc3][info] Total Solver Time: 11.153947591781616
[prc3][info] Total Time Symmetries: 0
[prc3][info] Total Blocked Models: 0
[prc3][debug] Attempts : 8500
[prc0][info] Total Solver Time: 60.32263207435608
[prc0][info] Total Time Symmetries: 0
[prc0][info] Total Blocked Models: 0
[prc0][debug] Attempts : 12200
[prc1][info] Total Solver Time: 60.67500948905945
[prc1][info] Total Time Symmetries: 0
[prc1][info] Total Blocked Models: 0
[prc1][debug] Attempts : 11700
[prc2][info] Total Solver Time: 10.838086128234863
[prc2][info] Total Time Symmetries: 0
[prc2][info] Total Blocked Models: 0
[prc2][debug] Attempts : 7600
[prc0][info] Total Solver Time: 61.4010956287384
[prc0][info] Total Time Symmetries: 0
[prc0][info] Total Blocked Models: 0
[prc0][debug] Attempts : 12300
[prc3][info] Total Solver Time: 11.282620191574097
[prc3][info] Total Time Symmetries: 0
[prc3][info] Total Blocked Models: 0
[prc3][debug] Attempts : 8600
[prc0][info] Total Solver Time: 62.49173021316528
[prc0][info] Total Time Symmetries: 0
[prc0][info] Total Blocked Models: 0
[prc0][debug] Attempts : 12400
[prc1][info] Total Solver Time: 62.07684016227722
[prc1][info] Total Time Symmetries: 0
[prc1][info] Total Blocked Models: 0
[prc1][debug] Attempts : 11800
[prc3][info] Total Solver Time: 11.436368703842163
[prc3][info] Total Time Symmetries: 0
[prc3][info] Total Blocked Models: 0
[prc3][debug] Attempts : 8700
[prc2][info] Total Solver Time: 10.992766380310059
[prc2][info] Total Time Symmetries: 0
[prc2][info] Total Blocked Models: 0
[prc2][debug] Attempts : 7700
[prc0][info] Total Solver Time: 63.539201498031616
[prc0][info] Total Time Symmetries: 0
[prc0][info] Total Blocked Models: 0
[prc0][debug] Attempts : 12500
[prc1][info] Total Solver Time: 63.37427496910095
[prc1][info] Total Time Symmetries: 0
[prc1][info] Total Blocked Models: 0
[prc1][debug] Attempts : 11900
[prc3][info] Total Solver Time: 11.594380855560303
[prc3][info] Total Time Symmetries: 0
[prc3][info] Total Blocked Models: 0
[prc3][debug] Attempts : 8800
[prc0][info] Total Solver Time: 64.63518977165222
[prc0][info] Total Time Symmetries: 0
[prc0][info] Total Blocked Models: 0
[prc0][debug] Attempts : 12600
[prc2][info] Total Solver Time: 11.146921634674072
[prc2][info] Total Time Symmetries: 0
[prc2][info] Total Blocked Models: 0
[prc2][debug] Attempts : 7800
[prc1][info] Total Solver Time: 64.6696572303772
[prc1][info] Total Time Symmetries: 0
[prc1][info] Total Blocked Models: 0
[prc1][debug] Attempts : 12000
[prc3][info] Total Solver Time: 11.752048015594482
[prc3][info] Total Time Symmetries: 0
[prc3][info] Total Blocked Models: 0
[prc3][debug] Attempts : 8900
[prc0][info] Total Solver Time: 65.76001524925232
[prc0][info] Total Time Symmetries: 0
[prc0][info] Total Blocked Models: 0
[prc0][debug] Attempts : 12700
[prc1][info] Total Solver Time: 65.98765730857849
[prc1][info] Total Time Symmetries: 0
[prc1][info] Total Blocked Models: 0
[prc1][debug] Attempts : 12100
[prc2][info] Total Solver Time: 11.299165964126587
[prc2][info] Total Time Symmetries: 0
[prc2][info] Total Blocked Models: 0
[prc2][debug] Attempts : 7900
[prc3][info] Total Solver Time: 11.898934841156006
[prc3][info] Total Time Symmetries: 0
[prc3][info] Total Blocked Models: 0
[prc3][debug] Attempts : 9000
[prc0][info] Total Solver Time: 66.87567520141602
[prc0][info] Total Time Symmetries: 0
[prc0][info] Total Blocked Models: 0
[prc0][debug] Attempts : 12800
[prc1][info] Total Solver Time: 67.26050782203674
[prc1][info] Total Time Symmetries: 0
[prc1][info] Total Blocked Models: 0
[prc1][debug] Attempts : 12200
[prc2][info] Total Solver Time: 11.457145690917969
[prc2][info] Total Time Symmetries: 0
[prc2][info] Total Blocked Models: 0
[prc2][debug] Attempts : 8000
[prc0][info] Total Solver Time: 67.94919872283936
[prc0][info] Total Time Symmetries: 0
[prc0][info] Total Blocked Models: 0
[prc0][debug] Attempts : 12900
[prc3][info] Total Solver Time: 12.052427530288696
[prc3][info] Total Time Symmetries: 0
[prc3][info] Total Blocked Models: 0
[prc3][debug] Attempts : 9100
[prc1][info] Total Solver Time: 68.59287595748901
[prc1][info] Total Time Symmetries: 0
[prc1][info] Total Blocked Models: 0
[prc1][debug] Attempts : 12300
[prc0][info] Total Solver Time: 69.0849986076355
[prc0][info] Total Time Symmetries: 0
[prc0][info] Total Blocked Models: 0
[prc0][debug] Attempts : 13000
[prc3][info] Total Solver Time: 12.203165292739868
[prc3][info] Total Time Symmetries: 0
[prc3][info] Total Blocked Models: 0
[prc3][debug] Attempts : 9200
[prc2][info] Total Solver Time: 11.611362218856812
[prc2][info] Total Time Symmetries: 0
[prc2][info] Total Blocked Models: 0
[prc2][debug] Attempts : 8100
[prc1][info] Total Solver Time: 69.95323634147644
[prc1][info] Total Time Symmetries: 0
[prc1][info] Total Blocked Models: 0
[prc1][debug] Attempts : 12400
[prc0][info] Total Solver Time: 70.21326947212219
[prc0][info] Total Time Symmetries: 0
[prc0][info] Total Blocked Models: 0
[prc0][debug] Attempts : 13100
[prc1][info] Total Solver Time: 71.30462312698364
[prc1][info] Total Time Symmetries: 0
[prc1][info] Total Blocked Models: 0
[prc1][debug] Attempts : 12500
[prc3][info] Total Solver Time: 12.337114810943604
[prc3][info] Total Time Symmetries: 0
[prc3][info] Total Blocked Models: 0
[prc3][debug] Attempts : 9300
[prc2][info] Total Solver Time: 11.776058912277222
[prc2][info] Total Time Symmetries: 0
[prc2][info] Total Blocked Models: 0
[prc2][debug] Attempts : 8200
[prc0][info] Total Solver Time: 71.35841488838196
[prc0][info] Total Time Symmetries: 0
[prc0][info] Total Blocked Models: 0
[prc0][debug] Attempts : 13200
[prc1][info] Total Solver Time: 72.69087243080139
[prc1][info] Total Time Symmetries: 0
[prc1][info] Total Blocked Models: 0
[prc1][debug] Attempts : 12600
[prc3][info] Total Solver Time: 12.482127666473389
[prc3][info] Total Time Symmetries: 0
[prc3][info] Total Blocked Models: 0
[prc3][debug] Attempts : 9400
[prc2][info] Total Solver Time: 11.93560266494751
[prc2][info] Total Time Symmetries: 0
[prc2][info] Total Blocked Models: 0
[prc2][debug] Attempts : 8300
[prc0][info] Total Solver Time: 72.54384112358093
[prc0][info] Total Time Symmetries: 0
[prc0][info] Total Blocked Models: 0
[prc0][debug] Attempts : 13300
[prc1][info] Total Solver Time: 74.13488364219666
[prc1][info] Total Time Symmetries: 0
[prc1][info] Total Blocked Models: 0
[prc1][debug] Attempts : 12700
[prc3][info] Total Solver Time: 12.6316077709198
[prc3][info] Total Time Symmetries: 0
[prc3][info] Total Blocked Models: 0
[prc3][debug] Attempts : 9500
[prc0][info] Total Solver Time: 73.75274920463562
[prc0][info] Total Time Symmetries: 0
[prc0][info] Total Blocked Models: 0
[prc0][debug] Attempts : 13400
[prc2][info] Total Solver Time: 12.091463327407837
[prc2][info] Total Time Symmetries: 0
[prc2][info] Total Blocked Models: 0
[prc2][debug] Attempts : 8400
[prc1][info] Total Solver Time: 75.53423023223877
[prc1][info] Total Time Symmetries: 0
[prc1][info] Total Blocked Models: 0
[prc1][debug] Attempts : 12800
[prc0][info] Total Solver Time: 74.98463654518127
[prc0][info] Total Time Symmetries: 0
[prc0][info] Total Blocked Models: 0
[prc0][debug] Attempts : 13500
[prc3][info] Total Solver Time: 12.769938468933105
[prc3][info] Total Time Symmetries: 0
[prc3][info] Total Blocked Models: 0
[prc3][debug] Attempts : 9600
[prc1][info] Total Solver Time: 76.9808394908905
[prc1][info] Total Time Symmetries: 0
[prc1][info] Total Blocked Models: 0
[prc1][debug] Attempts : 12900
[prc2][info] Total Solver Time: 12.24024510383606
[prc2][info] Total Time Symmetries: 0
[prc2][info] Total Blocked Models: 0
[prc2][debug] Attempts : 8500
[prc0][info] Total Solver Time: 76.2201840877533
[prc0][info] Total Time Symmetries: 0
[prc0][info] Total Blocked Models: 0
[prc0][debug] Attempts : 13600
[prc3][info] Total Solver Time: 12.896016597747803
[prc3][info] Total Time Symmetries: 0
[prc3][info] Total Blocked Models: 0
[prc3][debug] Attempts : 9700
[prc1][info] Total Solver Time: 78.47744584083557
[prc1][info] Total Time Symmetries: 0
[prc1][info] Total Blocked Models: 0
[prc1][debug] Attempts : 13000
[prc0][info] Total Solver Time: 77.42979216575623
[prc0][info] Total Time Symmetries: 0
[prc0][info] Total Blocked Models: 0
[prc0][debug] Attempts : 13700
[prc2][info] Total Solver Time: 12.376243114471436
[prc2][info] Total Time Symmetries: 0
[prc2][info] Total Blocked Models: 0
[prc2][debug] Attempts : 8600
[prc3][info] Total Solver Time: 13.029540777206421
[prc3][info] Total Time Symmetries: 0
[prc3][info] Total Blocked Models: 0
[prc3][debug] Attempts : 9800
[prc0][info] Total Solver Time: 78.74852323532104
[prc0][info] Total Time Symmetries: 0
[prc0][info] Total Blocked Models: 0
[prc0][debug] Attempts : 13800
[prc1][info] Total Solver Time: 80.00651383399963
[prc1][info] Total Time Symmetries: 0
[prc1][info] Total Blocked Models: 0
[prc1][debug] Attempts : 13100
[prc2][info] Total Solver Time: 12.51195764541626
[prc2][info] Total Time Symmetries: 0
[prc2][info] Total Blocked Models: 0
[prc2][debug] Attempts : 8700
[prc3][info] Total Solver Time: 13.17033338546753
[prc3][info] Total Time Symmetries: 0
[prc3][info] Total Blocked Models: 0
[prc3][debug] Attempts : 9900
[prc0][info] Total Solver Time: 80.04305934906006
[prc0][info] Total Time Symmetries: 0
[prc0][info] Total Blocked Models: 0
[prc0][debug] Attempts : 13900
[prc1][info] Total Solver Time: 81.45630216598511
[prc1][info] Total Time Symmetries: 0
[prc1][info] Total Blocked Models: 0
[prc1][debug] Attempts : 13200
[prc2][info] Total Solver Time: 12.64397931098938
[prc2][info] Total Time Symmetries: 0
[prc2][info] Total Blocked Models: 0
[prc2][debug] Attempts : 8800
[prc0][info] Total Solver Time: 81.38417029380798
[prc0][info] Total Time Symmetries: 0
[prc0][info] Total Blocked Models: 0
[prc0][debug] Attempts : 14000
[prc3][info] Total Solver Time: 13.312999486923218
[prc3][info] Total Time Symmetries: 0
[prc3][info] Total Blocked Models: 0
[prc3][debug] Attempts : 10000
[prc1][info] Total Solver Time: 82.96984052658081
[prc1][info] Total Time Symmetries: 0
[prc1][info] Total Blocked Models: 0
[prc1][debug] Attempts : 13300
[prc2][info] Total Solver Time: 12.780217170715332
[prc2][info] Total Time Symmetries: 0
[prc2][info] Total Blocked Models: 0
[prc2][debug] Attempts : 8900
[prc0][info] Total Solver Time: 82.76731491088867
[prc0][info] Total Time Symmetries: 0
[prc0][info] Total Blocked Models: 0
[prc0][debug] Attempts : 14100
[prc1][info] Total Solver Time: 84.49023842811584
[prc1][info] Total Time Symmetries: 0
[prc1][info] Total Blocked Models: 0
[prc1][debug] Attempts : 13400
[prc3][info] Total Solver Time: 13.485435009002686
[prc3][info] Total Time Symmetries: 0
[prc3][info] Total Blocked Models: 0
[prc3][debug] Attempts : 10100
[prc2][info] Total Solver Time: 12.914435386657715
[prc2][info] Total Time Symmetries: 0
[prc2][info] Total Blocked Models: 0
[prc2][debug] Attempts : 9000
[prc1][info] Total Solver Time: 86.02836155891418
[prc1][info] Total Time Symmetries: 0
[prc1][info] Total Blocked Models: 0
[prc1][debug] Attempts : 13500
[prc0][info] Total Solver Time: 84.14979529380798
[prc0][info] Total Time Symmetries: 0
[prc0][info] Total Blocked Models: 0
[prc0][debug] Attempts : 14200
[prc3][info] Total Solver Time: 13.645992517471313
[prc3][info] Total Time Symmetries: 0
[prc3][info] Total Blocked Models: 0
[prc3][debug] Attempts : 10200
[prc2][info] Total Solver Time: 13.047553539276123
[prc2][info] Total Time Symmetries: 0
[prc2][info] Total Blocked Models: 0
[prc2][debug] Attempts : 9100
[prc0][info] Total Solver Time: 85.49575066566467
[prc0][info] Total Time Symmetries: 0
[prc0][info] Total Blocked Models: 0
[prc0][debug] Attempts : 14300
[prc1][info] Total Solver Time: 87.6083345413208
[prc1][info] Total Time Symmetries: 0
[prc1][info] Total Blocked Models: 0
[prc1][debug] Attempts : 13600
[prc2][info] Total Solver Time: 13.181427478790283
[prc2][info] Total Time Symmetries: 0
[prc2][info] Total Blocked Models: 0
[prc2][debug] Attempts : 9200
[prc3][info] Total Solver Time: 13.772717714309692
[prc3][info] Total Time Symmetries: 0
[prc3][info] Total Blocked Models: 0
[prc3][debug] Attempts : 10300
[prc0][info] Total Solver Time: 86.80677533149719
[prc0][info] Total Time Symmetries: 0
[prc0][info] Total Blocked Models: 0
[prc0][debug] Attempts : 14400
[prc1][info] Total Solver Time: 89.19569706916809
[prc1][info] Total Time Symmetries: 0
[prc1][info] Total Blocked Models: 0
[prc1][debug] Attempts : 13700
[prc2][info] Total Solver Time: 13.311659812927246
[prc2][info] Total Time Symmetries: 0
[prc2][info] Total Blocked Models: 0
[prc2][debug] Attempts : 9300
[prc3][info] Total Solver Time: 13.905225276947021
[prc3][info] Total Time Symmetries: 0
[prc3][info] Total Blocked Models: 0
[prc3][debug] Attempts : 10400
[prc0][info] Total Solver Time: 88.12981867790222
[prc0][info] Total Time Symmetries: 0
[prc0][info] Total Blocked Models: 0
[prc0][debug] Attempts : 14500
[prc1][info] Total Solver Time: 90.81217980384827
[prc1][info] Total Time Symmetries: 0
[prc1][info] Total Blocked Models: 0
[prc1][debug] Attempts : 13800
[prc3][info] Total Solver Time: 14.045135498046875
[prc3][info] Total Time Symmetries: 0
[prc3][info] Total Blocked Models: 0
[prc3][debug] Attempts : 10500
[prc2][info] Total Solver Time: 13.443314552307129
[prc2][info] Total Time Symmetries: 0
[prc2][info] Total Blocked Models: 0
[prc2][debug] Attempts : 9400
[prc0][info] Total Solver Time: 89.48737835884094
[prc0][info] Total Time Symmetries: 0
[prc0][info] Total Blocked Models: 0
[prc0][debug] Attempts : 14600
[prc1][info] Total Solver Time: 92.42106914520264
[prc1][info] Total Time Symmetries: 0
[prc1][info] Total Blocked Models: 0
[prc1][debug] Attempts : 13900
[prc2][info] Total Solver Time: 13.575745105743408
[prc2][info] Total Time Symmetries: 0
[prc2][info] Total Blocked Models: 0
[prc2][debug] Attempts : 9500
[prc3][info] Total Solver Time: 14.192584991455078
[prc3][info] Total Time Symmetries: 0
[prc3][info] Total Blocked Models: 0
[prc3][debug] Attempts : 10600
[prc0][info] Total Solver Time: 90.84331893920898
[prc0][info] Total Time Symmetries: 0
[prc0][info] Total Blocked Models: 0
[prc0][debug] Attempts : 14700
[prc1][info] Total Solver Time: 94.09662699699402
[prc1][info] Total Time Symmetries: 0
[prc1][info] Total Blocked Models: 0
[prc1][debug] Attempts : 14000
[prc2][info] Total Solver Time: 13.70308256149292
[prc2][info] Total Time Symmetries: 0
[prc2][info] Total Blocked Models: 0
[prc2][debug] Attempts : 9600
[prc0][info] Total Solver Time: 92.21278309822083
[prc0][info] Total Time Symmetries: 0
[prc0][info] Total Blocked Models: 0
[prc0][debug] Attempts : 14800
[prc3][info] Total Solver Time: 14.332853555679321
[prc3][info] Total Time Symmetries: 0
[prc3][info] Total Blocked Models: 0
[prc3][debug] Attempts : 10700
[prc1][info] Total Solver Time: 95.73694586753845
[prc1][info] Total Time Symmetries: 0
[prc1][info] Total Blocked Models: 0
[prc1][debug] Attempts : 14100
[prc0][info] Total Solver Time: 93.68187093734741
[prc0][info] Total Time Symmetries: 0
[prc0][info] Total Blocked Models: 0
[prc0][debug] Attempts : 14900
[prc2][info] Total Solver Time: 13.83384394645691
[prc2][info] Total Time Symmetries: 0
[prc2][info] Total Blocked Models: 0
[prc2][debug] Attempts : 9700
[prc1][info] Total Solver Time: 97.38989520072937
[prc1][info] Total Time Symmetries: 0
[prc1][info] Total Blocked Models: 0
[prc1][debug] Attempts : 14200
[prc3][info] Total Solver Time: 14.48019552230835
[prc3][info] Total Time Symmetries: 0
[prc3][info] Total Blocked Models: 0
[prc3][debug] Attempts : 10800
[prc0][info] Total Solver Time: 95.10112357139587
[prc0][info] Total Time Symmetries: 0
[prc0][info] Total Blocked Models: 0
[prc0][debug] Attempts : 15000
[prc2][info] Total Solver Time: 13.962445735931396
[prc2][info] Total Time Symmetries: 0
[prc2][info] Total Blocked Models: 0
[prc2][debug] Attempts : 9800
[prc1][info] Total Solver Time: 99.09876656532288
[prc1][info] Total Time Symmetries: 0
[prc1][info] Total Blocked Models: 0
[prc1][debug] Attempts : 14300
[prc3][info] Total Solver Time: 14.614922761917114
[prc3][info] Total Time Symmetries: 0
[prc3][info] Total Blocked Models: 0
[prc3][debug] Attempts : 10900
[prc0][info] Total Solver Time: 96.60445094108582
[prc0][info] Total Time Symmetries: 0
[prc0][info] Total Blocked Models: 0
[prc0][debug] Attempts : 15100
[prc2][info] Total Solver Time: 14.093651056289673
[prc2][info] Total Time Symmetries: 0
[prc2][info] Total Blocked Models: 0
[prc2][debug] Attempts : 9900
[prc1][info] Total Solver Time: 100.80770826339722
[prc1][info] Total Time Symmetries: 0
[prc1][info] Total Blocked Models: 0
[prc1][debug] Attempts : 14400
[prc3][info] Total Solver Time: 14.754475831985474
[prc3][info] Total Time Symmetries: 0
[prc3][info] Total Blocked Models: 0
[prc3][debug] Attempts : 11000
[prc0][info] Total Solver Time: 98.05309534072876
[prc0][info] Total Time Symmetries: 0
[prc0][info] Total Blocked Models: 0
[prc0][debug] Attempts : 15200
[prc2][info] Total Solver Time: 14.224079132080078
[prc2][info] Total Time Symmetries: 0
[prc2][info] Total Blocked Models: 0
[prc2][debug] Attempts : 10000
[prc1][info] Total Solver Time: 102.5480363368988
[prc1][info] Total Time Symmetries: 0
[prc1][info] Total Blocked Models: 0
[prc1][debug] Attempts : 14500
[prc3][info] Total Solver Time: 14.89330005645752
[prc3][info] Total Time Symmetries: 0
[prc3][info] Total Blocked Models: 0
[prc3][debug] Attempts : 11100
[prc0][info] Total Solver Time: 99.51978898048401
[prc0][info] Total Time Symmetries: 0
[prc0][info] Total Blocked Models: 0
[prc0][debug] Attempts : 15300
[prc2][info] Total Solver Time: 14.353357553482056
[prc2][info] Total Time Symmetries: 0
[prc2][info] Total Blocked Models: 0
[prc2][debug] Attempts : 10100
[prc1][info] Total Solver Time: 104.29800844192505
[prc1][info] Total Time Symmetries: 0
[prc1][info] Total Blocked Models: 0
[prc1][debug] Attempts : 14600
[prc0][info] Total Solver Time: 100.97732973098755
[prc0][info] Total Time Symmetries: 0
[prc0][info] Total Blocked Models: 0
[prc0][debug] Attempts : 15400
[prc3][info] Total Solver Time: 15.02781081199646
[prc3][info] Total Time Symmetries: 0
[prc3][info] Total Blocked Models: 0
[prc3][debug] Attempts : 11200
[prc1][info] Total Solver Time: 106.08549952507019
[prc1][info] Total Time Symmetries: 0
[prc1][info] Total Blocked Models: 0
[prc1][debug] Attempts : 14700
[prc2][info] Total Solver Time: 14.483625650405884
[prc2][info] Total Time Symmetries: 0
[prc2][info] Total Blocked Models: 0
[prc2][debug] Attempts : 10200
[prc0][info] Total Solver Time: 102.4763445854187
[prc0][info] Total Time Symmetries: 0
[prc0][info] Total Blocked Models: 0
[prc0][debug] Attempts : 15500
[prc1][info] Total Solver Time: 107.88065981864929
[prc1][info] Total Time Symmetries: 0
[prc1][info] Total Blocked Models: 0
[prc1][debug] Attempts : 14800
[prc3][info] Total Solver Time: 15.160227060317993
[prc3][info] Total Time Symmetries: 0
[prc3][info] Total Blocked Models: 0
[prc3][debug] Attempts : 11300
[prc2][info] Total Solver Time: 14.614797592163086
[prc2][info] Total Time Symmetries: 0
[prc2][info] Total Blocked Models: 0
[prc2][debug] Attempts : 10300
[prc0][info] Total Solver Time: 103.95692110061646
[prc0][info] Total Time Symmetries: 0
[prc0][info] Total Blocked Models: 0
[prc0][debug] Attempts : 15600
[prc1][info] Total Solver Time: 109.68259716033936
[prc1][info] Total Time Symmetries: 0
[prc1][info] Total Blocked Models: 0
[prc1][debug] Attempts : 14900
[prc2][info] Total Solver Time: 14.746841192245483
[prc2][info] Total Time Symmetries: 0
[prc2][info] Total Blocked Models: 0
[prc2][debug] Attempts : 10400
[prc3][info] Total Solver Time: 15.301908731460571
[prc3][info] Total Time Symmetries: 0
[prc3][info] Total Blocked Models: 0
[prc3][debug] Attempts : 11400
[prc0][info] Total Solver Time: 105.55438995361328
[prc0][info] Total Time Symmetries: 0
[prc0][info] Total Blocked Models: 0
[prc0][debug] Attempts : 15700
[prc2][info] Total Solver Time: 14.8777174949646
[prc2][info] Total Time Symmetries: 0
[prc2][info] Total Blocked Models: 0
[prc2][debug] Attempts : 10500
[prc1][info] Total Solver Time: 111.47252535820007
[prc1][info] Total Time Symmetries: 0
[prc1][info] Total Blocked Models: 0
[prc1][debug] Attempts : 15000
[prc3][info] Total Solver Time: 15.43729281425476
[prc3][info] Total Time Symmetries: 0
[prc3][info] Total Blocked Models: 0
[prc3][debug] Attempts : 11500
[prc0][info] Total Solver Time: 107.2266137599945
[prc0][info] Total Time Symmetries: 0
[prc0][info] Total Blocked Models: 0
[prc0][debug] Attempts : 15800
[prc2][info] Total Solver Time: 15.00786566734314
[prc2][info] Total Time Symmetries: 0
[prc2][info] Total Blocked Models: 0
[prc2][debug] Attempts : 10600
[prc1][info] Total Solver Time: 113.34803986549377
[prc1][info] Total Time Symmetries: 0
[prc1][info] Total Blocked Models: 0
[prc1][debug] Attempts : 15100
[prc3][info] Total Solver Time: 15.577600955963135
[prc3][info] Total Time Symmetries: 0
[prc3][info] Total Blocked Models: 0
[prc3][debug] Attempts : 11600
[prc0][info] Total Solver Time: 108.75957989692688
[prc0][info] Total Time Symmetries: 0
[prc0][info] Total Blocked Models: 0
[prc0][debug] Attempts : 15900
[prc1][info] Total Solver Time: 115.2275800704956
[prc1][info] Total Time Symmetries: 0
[prc1][info] Total Blocked Models: 0
[prc1][debug] Attempts : 15200
[prc2][info] Total Solver Time: 15.135285377502441
[prc2][info] Total Time Symmetries: 0
[prc2][info] Total Blocked Models: 0
[prc2][debug] Attempts : 10700
[prc0][info] Total Solver Time: 110.29424691200256
[prc0][info] Total Time Symmetries: 0
[prc0][info] Total Blocked Models: 0
[prc0][debug] Attempts : 16000
[prc3][info] Total Solver Time: 15.724437475204468
[prc3][info] Total Time Symmetries: 0
[prc3][info] Total Blocked Models: 0
[prc3][debug] Attempts : 11700
[prc1][info] Total Solver Time: 117.10396814346313
[prc1][info] Total Time Symmetries: 0
[prc1][info] Total Blocked Models: 0
[prc1][debug] Attempts : 15300
[prc0][info] Total Solver Time: 111.84569358825684
[prc0][info] Total Time Symmetries: 0
[prc0][info] Total Blocked Models: 0
[prc0][debug] Attempts : 16100
[prc2][info] Total Solver Time: 15.264399766921997
[prc2][info] Total Time Symmetries: 0
[prc2][info] Total Blocked Models: 0
[prc2][debug] Attempts : 10800
[prc3][info] Total Solver Time: 15.868466138839722
[prc3][info] Total Time Symmetries: 0
[prc3][info] Total Blocked Models: 0
[prc3][debug] Attempts : 11800
