[     1.668][MainProcess][INFO] Parsing specification...
[     1.672][MainProcess][WARNING] "attrs" field is deprecated. Please use "columns"
[     1.672][MainProcess][WARNING] "const" field is deprecated. Please use "constants"
[     1.673][MainProcess][DEBUG] Reading input files...
[     1.679][MainProcess][INFO] Inferred data types for table tests-examples/textbook/tables/employees.txt: ['int64', 'string', 'float64']
[     1.683][MainProcess][INFO] Inferred data types for table tests-examples/textbook/tables/aircraft.txt: ['int64', 'string', 'int64']
[     1.685][MainProcess][INFO] Inferred data types for table tests-examples/textbook/tables/certified.txt: ['int64', 'int64']
[     1.690][MainProcess][INFO] Inferred data types for table tests-examples/textbook/tables/28.out: ['string']
[     1.721][MainProcess][DEBUG] Generating DSL...
[     1.740][MainProcess][INFO] Creating 16 processes
[     1.807][MainProcess][DEBUG] Increasing generator loc to 2
[     1.808][cube-solver-0][DEBUG] Initialising process for 1 lines of code.
[     1.808][cube-solver-2][DEBUG] Initialising process for 2 lines of code.
[     1.808][cube-solver-1][DEBUG] Initialising process for 2 lines of code.
[     1.809][cube-solver-5][DEBUG] Initialising process for 2 lines of code.
[     1.809][cube-solver-4][DEBUG] Initialising process for 2 lines of code.
[     1.808][cube-solver-3][DEBUG] Initialising process for 2 lines of code.
[     1.809][cube-solver-6][DEBUG] Initialising process for 2 lines of code.
[     1.817][cube-solver-8][DEBUG] Initialising process for 2 lines of code.
[     1.817][cube-solver-7][DEBUG] Initialising process for 2 lines of code.
[     1.821][cube-solver-9][DEBUG] Initialising process for 2 lines of code.
[     1.825][cube-solver-10][DEBUG] Initialising process for 2 lines of code.
[     1.830][cube-solver-11][DEBUG] Initialising process for 2 lines of code.
[     1.838][cube-solver-13][DEBUG] Initialising process for 2 lines of code.
[     1.846][cube-solver-12][DEBUG] Initialising process for 2 lines of code.
[     1.860][cube-solver-14][DEBUG] Initialising process for 2 lines of code.
[     1.863][cube-solver-15][DEBUG] Initialising process for 2 lines of code.
[     2.048][cube-solver-0][WARNING] There is no solution for current loc (1).
[     2.049][cube-solver-0][DEBUG] Solving cube (l0 = filter(),)
[     2.051][cube-solver-0][DEBUG] Initialising process for 2 lines of code.
[     2.058][cube-solver-6][DEBUG] Solving cube (l0 = filter(), l1 = natural_join4())
[     2.063][cube-solver-6][DEBUG] Solving cube (l0 = union(), l1 = filter())
[     2.064][cube-solver-8][DEBUG] Solving cube (l0 = filter(), l1 = anti_join())
[     2.067][cube-solver-6][DEBUG] Solving cube (l0 = intersect(), l1 = filter())
[     2.071][cube-solver-10][DEBUG] Solving cube (l0 = filter(), l1 = union())
[     2.073][cube-solver-6][DEBUG] Solving cube (l0 = semi_join(), l1 = filter())
[     2.073][cube-solver-8][DEBUG] Solving cube (l0 = cross_join(), l1 = filter())
[     2.075][cube-solver-10][DEBUG] Solving cube (l0 = inner_join(), l1 = filter())
[     2.075][MainProcess][DEBUG] Increasing generator loc to 3
[     2.076][cube-solver-6][DEBUG] Initialising process for 3 lines of code.
[     2.076][cube-solver-8][DEBUG] Initialising process for 3 lines of code.
[     2.078][cube-solver-10][DEBUG] Initialising process for 3 lines of code.
[     2.086][cube-solver-5][DEBUG] Solving cube (l0 = filter(), l1 = natural_join3())
[     2.088][cube-solver-5][DEBUG] Initialising process for 3 lines of code.
[     2.093][cube-solver-2][DEBUG] Solving cube (l0 = natural_join3(), l1 = filter())
[     2.098][cube-solver-9][DEBUG] Solving cube (l0 = filter(), l1 = left_join())
[     2.100][cube-solver-9][DEBUG] Initialising process for 3 lines of code.
[     2.110][cube-solver-13][DEBUG] Solving cube (l0 = filter(), l1 = cross_join())
[     2.114][cube-solver-13][DEBUG] Initialising process for 3 lines of code.
[     2.129][cube-solver-11][DEBUG] Solving cube (l0 = filter(), l1 = intersect())
[     2.133][cube-solver-11][DEBUG] Initialising process for 3 lines of code.
[     2.270][cube-solver-3][DEBUG] Solving cube (l0 = natural_join4(), l1 = filter())
[     2.272][cube-solver-3][DEBUG] Initialising process for 3 lines of code.
[     2.278][cube-solver-2][DEBUG] Found solution with cube (l0 = natural_join3(), l1 = filter())
[     2.279][MainProcess][INFO] Statistics:
[     2.279][MainProcess][INFO] 	Generated cubes: 30
[     2.280][MainProcess][INFO] 	Attempted programs: 3
[     2.280][MainProcess][INFO] 		Rejected: 0
[     2.280][MainProcess][INFO] 		Failed: 2
[     2.280][MainProcess][INFO] 	Blacklist clauses: 2
[     2.280][MainProcess][DEBUG] Printing statistics for good programs of size 2
[     2.280][MainProcess][DEBUG] 	0: Counter({'natural_join3': 10})
[     2.280][MainProcess][DEBUG] 	1: Counter({'filter': 10})
[     2.281][MainProcess][INFO] Solution found: filter(natural_join3(@param2, @param1, @param0), str_detect(aname, 'Boeing'))
[     2.734][MainProcess][ERROR] Error while trying to convert R code to SQL.

------------------------------------- R Solution ---------------------------------------

con <- DBI::dbConnect(RSQLite::SQLite(), ":memory:")
input1 <- read_csv("tests-examples/textbook/tables/employees.txt", col_types = cols(eid = col_integer(),ename = col_character(),salary = col_double()))
input1 <- copy_to(con, input1)
input2 <- read_csv("tests-examples/textbook/tables/aircraft.txt", col_types = cols(aid = col_integer(),aname = col_character(),crusingrange = col_integer()))
input2 <- copy_to(con, input2)
input3 <- read_csv("tests-examples/textbook/tables/certified.txt", col_types = cols(eid = col_integer(),aid = col_integer()))
input3 <- copy_to(con, input3)
expected_output <- read_csv("tests-examples/textbook/tables/28.out", col_types = cols(ename = col_character()))

df4 <- inner_join(input3, input2) %>% inner_join(input1)
df5 <- df4 %>% filter(str_detect(aname, 'Boeing'))
out <- df5 %>% select(ename) %>% distinct() %>% arrange(ename)

Failed to generate SQL query
