[     1.632][MainProcess][INFO] Parsing specification...
[     1.648][MainProcess][WARNING] "attrs" field is deprecated. Please use "columns"
[     1.648][MainProcess][WARNING] "const" field is deprecated. Please use "constants"
[     1.649][MainProcess][DEBUG] Reading input files...
[     1.660][MainProcess][INFO] Inferred data types for table tests-examples/textbook/tables/aircraft.txt: ['int64', 'string', 'int64']
[     1.670][MainProcess][INFO] Inferred data types for table tests-examples/textbook/tables/flights.txt: ['int64', 'string', 'string', 'int64', 'datetime64[ns]', 'datetime64[ns]', 'int64']
[     1.674][MainProcess][INFO] Inferred data types for table tests-examples/textbook/tables/certified.txt: ['int64', 'int64']
[     1.679][MainProcess][INFO] Inferred data types for table tests-examples/textbook/tables/employees.txt: ['int64', 'string', 'float64']
[     1.685][MainProcess][INFO] Inferred data types for table tests-examples/textbook/tables/30.out: ['object', 'object']
[     1.726][MainProcess][DEBUG] Generating DSL...
[     2.013][MainProcess][INFO] Creating 16 processes
[     2.082][MainProcess][DEBUG] Increasing generator loc to 2
[     2.403][cube-solver-0][DEBUG] Initialising process for 1 lines of code.
[     2.405][cube-solver-1][DEBUG] Initialising process for 2 lines of code.
[     2.411][cube-solver-2][DEBUG] Initialising process for 2 lines of code.
[     2.415][cube-solver-3][DEBUG] Initialising process for 2 lines of code.
[     2.416][cube-solver-4][DEBUG] Initialising process for 2 lines of code.
[     2.421][cube-solver-5][DEBUG] Initialising process for 2 lines of code.
[     2.422][cube-solver-6][DEBUG] Initialising process for 2 lines of code.
[     2.424][cube-solver-7][DEBUG] Initialising process for 2 lines of code.
[     2.430][cube-solver-8][DEBUG] Initialising process for 2 lines of code.
[     2.442][cube-solver-13][DEBUG] Initialising process for 2 lines of code.
[     2.455][cube-solver-14][DEBUG] Initialising process for 2 lines of code.
[     2.456][cube-solver-10][DEBUG] Initialising process for 2 lines of code.
[     2.460][cube-solver-12][DEBUG] Initialising process for 2 lines of code.
[     2.476][cube-solver-11][DEBUG] Initialising process for 2 lines of code.
[     2.589][cube-solver-9][DEBUG] Initialising process for 2 lines of code.
[     2.590][cube-solver-15][DEBUG] Initialising process for 2 lines of code.
[     8.646][cube-solver-0][WARNING] There is no solution for current loc (1).
[     8.647][cube-solver-0][DEBUG] Solving cube (l0 = filter(),)
[     8.663][cube-solver-0][DEBUG] Initialising process for 2 lines of code.
[    16.088][cube-solver-5][DEBUG] Solving cube (l0 = filter(), l1 = natural_join3())
[    16.094][cube-solver-7][DEBUG] Solving cube (l0 = filter(), l1 = filter())
[    16.100][cube-solver-13][DEBUG] Solving cube (l0 = filter(), l1 = cross_join())
[    16.140][cube-solver-6][DEBUG] Solving cube (l0 = filter(), l1 = natural_join4())
[    16.147][cube-solver-3][DEBUG] Solving cube (l0 = natural_join4(), l1 = filter())
[    16.147][cube-solver-14][DEBUG] Solving cube (l0 = filter(), l1 = inner_join())
[    16.160][cube-solver-7][DEBUG] Solving cube (l0 = union(), l1 = filter())
[    16.161][cube-solver-12][DEBUG] Solving cube (l0 = filter(), l1 = semi_join())
[    16.176][cube-solver-4][DEBUG] Solving cube (l0 = filter(), l1 = natural_join())
[    16.194][cube-solver-7][DEBUG] Solving cube (l0 = intersect(), l1 = filter())
[    16.205][cube-solver-11][DEBUG] Solving cube (l0 = filter(), l1 = intersect())
[    16.211][cube-solver-13][DEBUG] Solving cube (l0 = semi_join(), l1 = filter())
[    16.214][cube-solver-10][DEBUG] Solving cube (l0 = filter(), l1 = union())
[    16.218][cube-solver-8][DEBUG] Solving cube (l0 = filter(), l1 = anti_join())
[    16.226][MainProcess][DEBUG] Increasing generator loc to 3
[    16.228][cube-solver-5][DEBUG] Solving cube (l0 = cross_join(), l1 = filter())
[    16.234][cube-solver-7][DEBUG] Solving cube (l0 = inner_join(), l1 = filter())
[    16.267][cube-solver-2][DEBUG] Solving cube (l0 = natural_join3(), l1 = filter([1]))
[    16.267][cube-solver-4][DEBUG] Initialising process for 3 lines of code.
[    16.274][cube-solver-7][DEBUG] Initialising process for 3 lines of code.
[    16.286][cube-solver-13][DEBUG] Initialising process for 3 lines of code.
[    16.306][cube-solver-11][DEBUG] Initialising process for 3 lines of code.
[    16.306][cube-solver-5][DEBUG] Initialising process for 3 lines of code.
[    16.330][cube-solver-8][DEBUG] Initialising process for 3 lines of code.
[    16.331][cube-solver-14][DEBUG] Initialising process for 3 lines of code.
[    16.332][cube-solver-12][DEBUG] Initialising process for 3 lines of code.
[    16.333][cube-solver-10][DEBUG] Initialising process for 3 lines of code.
[    16.355][cube-solver-9][DEBUG] Solving cube (l0 = filter([3]), l1 = left_join())
[    16.361][cube-solver-1][DEBUG] Solving cube (l0 = natural_join(), l1 = filter([3]))
[    16.380][cube-solver-2][DEBUG] Initialising process for 3 lines of code.
[    16.445][cube-solver-9][DEBUG] Initialising process for 3 lines of code.
[    16.469][cube-solver-1][DEBUG] Initialising process for 3 lines of code.
[    16.499][cube-solver-15][DEBUG] Solving cube (l0 = anti_join(), l1 = filter([8]))
[    16.586][cube-solver-15][DEBUG] Initialising process for 3 lines of code.
[    27.151][cube-solver-0][DEBUG] Solving cube (l0 = left_join(), l1 = filter([27]))
[    27.445][cube-solver-0][DEBUG] Initialising process for 3 lines of code.
[    35.395][cube-solver-2][DEBUG] Solving cube (l0 = natural_join(), l1 = filter([328]), l2 = cross_join())
[    36.017][cube-solver-2][DEBUG] Solving cube (l0 = natural_join(), l1 = intersect(), l2 = filter([466]))
[    36.583][cube-solver-2][DEBUG] Solving cube (l0 = natural_join(), l1 = semi_join(), l2 = filter([501]))
[    36.836][cube-solver-7][DEBUG] Solving cube (l0 = natural_join(), l1 = filter([516]), l2 = natural_join3())
[    37.178][cube-solver-13][DEBUG] Solving cube (l0 = natural_join(), l1 = filter([555]), l2 = natural_join4([23]))
[    37.370][cube-solver-2][DEBUG] Solving cube (l0 = natural_join(), l1 = cross_join(), l2 = filter([557]))
[    37.696][cube-solver-4][DEBUG] Solving cube (l0 = natural_join([2]), l1 = filter([567]), l2 = natural_join([2]))
[    38.057][cube-solver-2][DEBUG] Solving cube (l0 = natural_join([6]), l1 = inner_join(), l2 = filter([604]))
[    38.417][cube-solver-15][DEBUG] Solving cube (l0 = natural_join([6]), l1 = left_join(), l2 = filter([664]))
[    38.657][cube-solver-4][DEBUG] Solving cube (l0 = natural_join([6]), l1 = natural_join([6]), l2 = filter([666]))
[    38.984][cube-solver-5][DEBUG] Solving cube (l0 = natural_join([6]), l1 = filter([710]), l2 = anti_join())
[    39.202][cube-solver-2][DEBUG] Solving cube (l0 = natural_join([6]), l1 = natural_join3(), l2 = filter([735]))
[    39.527][cube-solver-15][DEBUG] Solving cube (l0 = natural_join([6]), l1 = natural_join4([23]), l2 = filter([742]))
[    39.807][cube-solver-4][DEBUG] Solving cube (l0 = natural_join3(), l1 = filter([753]), l2 = natural_join([6]))
[    40.009][cube-solver-5][DEBUG] Solving cube (l0 = natural_join3(), l1 = filter([753]), l2 = natural_join3())
[    40.281][cube-solver-2][DEBUG] Solving cube (l0 = natural_join3(), l1 = filter([760]), l2 = natural_join4([23]))
[    40.512][cube-solver-9][DEBUG] Solving cube (l0 = natural_join([6]), l1 = filter([762]), l2 = inner_join())
[    40.912][cube-solver-15][DEBUG] Solving cube (l0 = natural_join3(), l1 = filter([762]), l2 = filter([762]))
[    41.215][cube-solver-12][DEBUG] Solving cube (l0 = natural_join([7]), l1 = filter([780]), l2 = left_join())
[    41.497][cube-solver-8][DEBUG] Solving cube (l0 = natural_join([7]), l1 = filter([803]), l2 = semi_join())
[    41.891][cube-solver-9][DEBUG] Solving cube (l0 = natural_join3([15]), l1 = filter([838]), l2 = anti_join())
[    42.218][cube-solver-14][DEBUG] Solving cube (l0 = natural_join([7]), l1 = filter([845]), l2 = union())
[    42.517][cube-solver-10][DEBUG] Solving cube (l0 = natural_join([7]), l1 = filter([849]), l2 = intersect())
[    42.902][cube-solver-12][DEBUG] Solving cube (l0 = natural_join3([18]), l1 = filter([855]), l2 = left_join())
[    43.177][cube-solver-15][DEBUG] Solving cube (l0 = natural_join3([20]), l1 = filter([874]), l2 = union())
[    43.596][cube-solver-8][DEBUG] Solving cube (l0 = natural_join3([20]), l1 = filter([885]), l2 = intersect())
[    44.039][cube-solver-14][DEBUG] Solving cube (l0 = natural_join3([20]), l1 = filter([971]), l2 = semi_join())
[    44.494][cube-solver-10][DEBUG] Solving cube (l0 = natural_join3([20]), l1 = filter([1019]), l2 = cross_join())
[    44.923][cube-solver-11][DEBUG] Solving cube (l0 = natural_join([8]), l1 = filter([1069]), l2 = filter([1069]))
[    46.908][cube-solver-11][DEBUG] Solving cube (l0 = natural_join3([20]), l1 = filter([1181]), l2 = inner_join())
[    48.055][cube-solver-11][DEBUG] Found solution with cube (l0 = natural_join3([20]), l1 = filter([1181]), l2 = inner_join())
[    48.067][MainProcess][INFO] Statistics:
[    48.068][MainProcess][INFO] 	Generated cubes: 54
[    48.069][MainProcess][INFO] 	Attempted programs: 2
[    48.069][MainProcess][INFO] 		Rejected: 0
[    48.069][MainProcess][INFO] 		Failed: 1
[    48.069][MainProcess][INFO] 	Blacklist clauses: 1233
[    48.069][MainProcess][DEBUG] Printing statistics for good programs of size 3
[    48.071][MainProcess][DEBUG] 	0: Counter({'natural_join3': 541})
[    48.072][MainProcess][DEBUG] 	1: Counter({'filter': 541})
[    48.072][MainProcess][DEBUG] 	2: Counter({'union': 490, 'inner_join': 51})
[    48.073][MainProcess][INFO] Solution found: inner_join(filter(natural_join3(@param2, @param3, @param0), crusingrange > 100000 | salary > crusingrange), @param1, 'crusingrange' = 'distance','distance' = 'distance')

------------------------------------- R Solution ---------------------------------------

con <- DBI::dbConnect(RSQLite::SQLite(), ":memory:")
input1 <- read_csv("tests-examples/textbook/tables/aircraft.txt", col_types = cols(aid = col_integer(),aname = col_character(),crusingrange = col_integer()))
input1 <- copy_to(con, input1)
input2 <- read_csv("tests-examples/textbook/tables/flights.txt", col_types = cols(flno = col_integer(),origin = col_character(),destination = col_character(),distance = col_integer(),departs = col_character(),arrives = col_character(),price = col_integer()))
input2$departs <- dmy(input2$departs)
input2$arrives <- dmy(input2$arrives)
input2 <- copy_to(con, input2)
input3 <- read_csv("tests-examples/textbook/tables/certified.txt", col_types = cols(eid = col_integer(),aid = col_integer()))
input3 <- copy_to(con, input3)
input4 <- read_csv("tests-examples/textbook/tables/employees.txt", col_types = cols(eid = col_integer(),ename = col_character(),salary = col_double()))
input4 <- copy_to(con, input4)
expected_output <- read_csv("tests-examples/textbook/tables/30.out", col_types = cols(origin = col_character(),destination = col_character()))

df5 <- inner_join(input3, input4) %>% inner_join(input1)
df6 <- df5 %>% filter(crusingrange > 100000 | salary > crusingrange)
df7 <- inner_join(df6, input2, by=c('crusingrange' = 'distance','distance' = 'distance'), suffix = c('', '.other'))
out <- df7 %>% select(origin = ename, destination = aname) %>% arrange(origin)


+++++++++++++++++++++++++++++++++++++ SQL Solution +++++++++++++++++++++++++++++++++++++

SELECT ename AS origin,
       aname AS destination
FROM
  (SELECT LHS.eid AS eid,
          LHS.aid AS aid,
          LHS.ename AS ename,
          LHS.salary AS salary,
          LHS.aname AS aname,
          LHS.crusingrange AS crusingrange,
          RHS.flno AS flno,
          RHS.origin AS origin,
          RHS.destination AS destination,
          RHS.departs AS departs,
          RHS.arrives AS arrives,
          RHS.price AS price
   FROM
     (SELECT *
      FROM
        (SELECT LHS.eid AS eid,
                LHS.aid AS aid,
                LHS.ename AS ename,
                LHS.salary AS salary,
                RHS.aname AS aname,
                RHS.crusingrange AS crusingrange
         FROM
           (SELECT LHS.eid AS eid,
                   LHS.aid AS aid,
                   RHS.ename AS ename,
                   RHS.salary AS salary
            FROM input3 AS LHS
            INNER JOIN input4 AS RHS ON (LHS.eid = RHS.eid)) AS LHS
         INNER JOIN input1 AS RHS ON (LHS.aid = RHS.aid))
      WHERE (crusingrange > 100000.0
             OR salary > crusingrange)) AS LHS
   INNER JOIN input2 AS RHS ON (LHS.crusingrange = RHS.distance))
ORDER BY origin
