[    1.6609][cube-solver-0][warning] There is no solution for current loc (1).

------------------------------------- R Solution ---------------------------------------

con <- DBI::dbConnect(RSQLite::SQLite(), ":memory:")
input1 <- read_csv("tests-examples/textbook/tables/21-1.txt", col_types = cols(S_key = col_character(),P_id = col_character()))
input1 <- copy_to(con, input1)
input2 <- read_csv("tests-examples/textbook/tables/21-2.txt", col_types = cols(P_id = col_character(),color = col_character()))
input2 <- copy_to(con, input2)
input3 <- read_csv("tests-examples/textbook/tables/21-3.txt", col_types = cols(S_key = col_character(),S_name = col_character()))
input3 <- copy_to(con, input3)
expected_output <- read_csv("tests-examples/textbook/tables/21.out", col_types = cols(S_name = col_character()))

df4 <- input2 %>% filter(color == 'red' | color == 'green')
df5 <- inner_join(input1, input3) %>% inner_join(df4) %>% inner_join(input2)
out <- df5 %>% select(S_name) %>% distinct()


+++++++++++++++++++++++++++++++++++++ SQL Solution +++++++++++++++++++++++++++++++++++++

SELECT DISTINCT `S_name`
FROM
  (SELECT `S_key`,
          `P_id`,
          `S_name`,
          `color`
   FROM
     (SELECT `S_key`,
             `P_id`,
             `S_name`,
             `color`
      FROM
        (SELECT `S_key`,
                `P_id`,
                `S_name`
         FROM `input1` AS `LHS`
         INNER JOIN `input3` AS `RHS` ON (`LHS`.`S_key` = `RHS`.`S_key`)) AS `LHS`
      INNER JOIN
        (SELECT *
         FROM `input2`
         WHERE (`color` = 'red'
                OR `color` = 'green')) AS `RHS` ON (`LHS`.`P_id` = `RHS`.`P_id`)) AS `LHS`
   INNER JOIN `input2` AS `RHS` ON (`LHS`.`P_id` = `RHS`.`P_id`
                                    AND `LHS`.`color` = `RHS`.`color`))
