
------------------------------------- R Solution ---------------------------------------

con <- DBI::dbConnect(RSQLite::SQLite(), ":memory:")
input1 <- read_csv("tests-examples/scythe/top_rated_posts/tables/i019.csv", col_types = cols(id = col_integer(),age = col_integer()))
input1 <- copy_to(con, input1)
expected_output <- read_csv("tests-examples/scythe/top_rated_posts/tables/o019.csv", col_types = cols(id = col_integer(),age = col_integer(),n = col_integer()))

df2 <- input1 %>% group_by(age) %>% summarise(n = n()) %>% ungroup()
df3 <- left_join(input1, df2)
out <- df3 %>% select(id, age, n)


+++++++++++++++++++++++++++++++++++++ SQL Solution +++++++++++++++++++++++++++++++++++++

SELECT `id`,
       `age`,
       `n`
FROM
  (SELECT `id`,
          `age`,
          `n`
   FROM `input1` AS `LHS`
   LEFT JOIN
     (SELECT `age`,
             COUNT() AS `n`
      FROM `input1`
      GROUP BY `age`) AS `RHS` ON (`LHS`.`age` = `RHS`.`age`))
