[     2.954][MainProcess][INFO] Parsing specification...
[     2.959][MainProcess][WARNING] "aggrs" field is deprecated. Please use "functions"
[     2.959][MainProcess][DEBUG] Reading input files...
[     2.968][MainProcess][INFO] Inferred data types for table tests-examples/textbook/tables/14-1.txt: ['string', 'string']
[     2.972][MainProcess][INFO] Inferred data types for table tests-examples/textbook/tables/14-2.txt: ['string', 'string']
[     2.977][MainProcess][INFO] Inferred data types for table tests-examples/textbook/tables/14-3.txt: ['string', 'string']
[     2.981][MainProcess][INFO] Inferred data types for table tests-examples/textbook/tables/14.out: ['string']
[     3.023][MainProcess][DEBUG] Generating DSL...
[     3.059][MainProcess][INFO] Creating 2 processes
[     3.112][cube-solver-1][DEBUG] Initialising process for 2 lines of code.
[     3.117][cube-solver-0][DEBUG] Initialising process for 2 lines of code.
[     3.507][cube-solver-1][WARNING] There is no solution for current loc (2).
[     3.508][cube-solver-1][DEBUG] Solving cube (l0 = filter(), l1 = summarise())
[     3.509][cube-solver-1][DEBUG] Solving cube (l0 = filter(), l1 = mutate())
[     3.510][cube-solver-1][DEBUG] Solving cube (l0 = mutate(), l1 = filter())
[     3.511][MainProcess][DEBUG] Increasing generator loc to 3
[     3.511][cube-solver-1][DEBUG] Initialising process for 3 lines of code.
[     3.541][cube-solver-0][WARNING] There is no solution for current loc (2).
[     3.542][cube-solver-0][DEBUG] Solving cube (l0 = summarise(), l1 = filter())
[     3.546][cube-solver-0][DEBUG] Initialising process for 3 lines of code.
[     4.207][cube-solver-1][DEBUG] Solving cube (l0 = natural_join(), l1 = summarise(), l2 = filter())
[     4.216][cube-solver-1][DEBUG] Solving cube (l0 = natural_join(), l1 = filter(), l2 = mutate())
[     4.219][cube-solver-1][DEBUG] Solving cube (l0 = natural_join(), l1 = mutate(), l2 = filter())
[     4.221][cube-solver-1][DEBUG] Solving cube (l0 = natural_join3(), l1 = summarise(), l2 = filter())
[     4.259][cube-solver-0][DEBUG] Solving cube (l0 = natural_join(), l1 = filter(), l2 = summarise())
[     4.262][cube-solver-0][DEBUG] Solving cube (l0 = natural_join3(), l1 = filter(), l2 = summarise())
[     4.263][cube-solver-0][DEBUG] Solving cube (l0 = natural_join3(), l1 = filter(), l2 = mutate())
[     4.265][cube-solver-0][DEBUG] Solving cube (l0 = natural_join3(), l1 = mutate(), l2 = filter())
[     4.755][cube-solver-1][DEBUG] Found solution with cube (l0 = natural_join3(), l1 = summarise(), l2 = filter())
[     4.757][MainProcess][INFO] Statistics:
[     4.758][MainProcess][INFO] 	Generated cubes: 12
[     4.758][MainProcess][INFO] 	Attempted programs: 17
[     4.758][MainProcess][INFO] 		Rejected: 9
[     4.758][MainProcess][INFO] 		Failed: 7
[     4.758][MainProcess][INFO] 	Blacklist clauses: 0
[     4.758][MainProcess][DEBUG] Printing statistics for good programs of size 3
[     4.759][MainProcess][DEBUG] 	0: Counter({'natural_join3': 125})
[     4.759][MainProcess][DEBUG] 	1: Counter({'mutate': 70, 'summarise': 55})
[     4.760][MainProcess][DEBUG] 	2: Counter({'filter': 125})
[     4.760][MainProcess][INFO] Solution found: filter(summarise(natural_join3(@param0, @param1, @param2), n = n(), S_key, S_name), n == max(n))

------------------------------------- R Solution ---------------------------------------

con <- DBI::dbConnect(RSQLite::SQLite(), ":memory:")
input1 <- read_csv("tests-examples/textbook/tables/14-1.txt", col_types = cols(S_key = col_character(),P_id = col_character()))
input1 <- copy_to(con, input1)
input2 <- read_csv("tests-examples/textbook/tables/14-2.txt", col_types = cols(P_id = col_character(),color = col_character()))
input2 <- copy_to(con, input2)
input3 <- read_csv("tests-examples/textbook/tables/14-3.txt", col_types = cols(S_key = col_character(),S_name = col_character()))
input3 <- copy_to(con, input3)
expected_output <- read_csv("tests-examples/textbook/tables/14.out", col_types = cols(S_name = col_character()))

df4 <- inner_join(input1, input2) %>% inner_join(input3)
df5 <- df4 %>% group_by(S_key, S_name) %>% summarise(n = n()) %>% ungroup()
df6 <- df5 %>% filter(n == max(n))
out <- df6 %>% select(S_name) %>% arrange(S_name)


+++++++++++++++++++++++++++++++++++++ SQL Solution +++++++++++++++++++++++++++++++++++++

SELECT S_name
FROM
  (SELECT S_key,
          S_name,
          n
   FROM
     (SELECT S_key,
             S_name,
             n,
             MAX(n) OVER () AS zzz4
      FROM
        (SELECT S_key,
                S_name,
                COUNT() AS n
         FROM
           (SELECT LHS.S_key AS S_key,
                   LHS.P_id AS P_id,
                   LHS.color AS color,
                   RHS.S_name AS S_name
            FROM
              (SELECT LHS.S_key AS S_key,
                      LHS.P_id AS P_id,
                      RHS.color AS color
               FROM input1 AS LHS
               INNER JOIN input2 AS RHS ON (LHS.P_id = RHS.P_id)) AS LHS
            INNER JOIN input3 AS RHS ON (LHS.S_key = RHS.S_key))
         GROUP BY S_key,
                  S_name))
   WHERE (n = zzz4))
ORDER BY S_name
