[     1.587][MainProcess][INFO] Parsing specification...
[     1.590][MainProcess][WARNING] "attrs" field is deprecated. Please use "columns"
[     1.590][MainProcess][WARNING] "const" field is deprecated. Please use "constants"
[     1.591][MainProcess][DEBUG] Reading input files...
[     1.598][MainProcess][INFO] Inferred data types for table tests-examples/textbook/tables/20-1.txt: ['string', 'string']
[     1.603][MainProcess][INFO] Inferred data types for table tests-examples/textbook/tables/20-2.txt: ['string', 'string']
[     1.607][MainProcess][INFO] Inferred data types for table tests-examples/textbook/tables/20-3.txt: ['string', 'string']
[     1.611][MainProcess][INFO] Inferred data types for table tests-examples/textbook/tables/20.out: ['string']
[     1.640][MainProcess][DEBUG] Generating DSL...
[     1.658][MainProcess][INFO] Creating 2 processes
[     1.666][MainProcess][DEBUG] Increasing generator loc to 2
[     1.700][cube-solver-0][DEBUG] Initialising process for 1 lines of code.
[     1.702][cube-solver-1][DEBUG] Initialising process for 2 lines of code.
[     1.828][cube-solver-0][WARNING] There is no solution for current loc (1).
[     1.829][cube-solver-0][DEBUG] Solving cube (l0 = filter(),)
[     1.832][cube-solver-0][DEBUG] Initialising process for 2 lines of code.
[     1.956][cube-solver-1][DEBUG] Solving cube (l0 = natural_join(), l1 = filter())
[     1.958][cube-solver-1][DEBUG] Solving cube (l0 = natural_join4(), l1 = filter())
[     1.960][cube-solver-1][DEBUG] Solving cube (l0 = filter(), l1 = natural_join())
[     1.962][cube-solver-1][DEBUG] Solving cube (l0 = filter(), l1 = natural_join3())
[     2.144][cube-solver-0][DEBUG] Solving cube (l0 = natural_join3(), l1 = filter([7]))
[     3.843][cube-solver-0][DEBUG] Solving cube (l0 = filter([13]), l1 = natural_join4())
[     4.221][cube-solver-1][DEBUG] Solving cube (l0 = filter([16]), l1 = filter([16]))
[     4.243][cube-solver-1][DEBUG] Solving cube (l0 = filter([16]), l1 = anti_join())
[     4.251][cube-solver-1][DEBUG] Solving cube (l0 = filter([16]), l1 = left_join())
[     4.259][cube-solver-1][DEBUG] Solving cube (l0 = filter([16]), l1 = union())
[     4.266][cube-solver-1][DEBUG] Solving cube (l0 = filter([16]), l1 = intersect())
[     4.273][cube-solver-1][DEBUG] Solving cube (l0 = filter([16]), l1 = semi_join())
[     4.280][cube-solver-1][DEBUG] Solving cube (l0 = filter([16]), l1 = cross_join())
[     4.287][cube-solver-1][DEBUG] Solving cube (l0 = filter([16]), l1 = inner_join())
[     4.295][cube-solver-1][DEBUG] Solving cube (l0 = anti_join(), l1 = filter([16]))
[     4.302][cube-solver-1][DEBUG] Solving cube (l0 = left_join(), l1 = filter([16]))
[     4.309][cube-solver-1][DEBUG] Solving cube (l0 = union(), l1 = filter([16]))
[     4.316][cube-solver-1][DEBUG] Solving cube (l0 = intersect(), l1 = filter([16]))
[     4.324][cube-solver-1][DEBUG] Solving cube (l0 = semi_join(), l1 = filter([16]))
[     4.331][cube-solver-1][DEBUG] Solving cube (l0 = cross_join(), l1 = filter([16]))
[     4.338][cube-solver-1][DEBUG] Solving cube (l0 = inner_join(), l1 = filter([16]))
[     4.344][MainProcess][DEBUG] Increasing generator loc to 3
[     4.345][cube-solver-1][DEBUG] Initialising process for 3 lines of code.
[     4.822][cube-solver-1][DEBUG] Solving cube (l0 = natural_join(), l1 = filter([16]), l2 = natural_join())
[     8.614][cube-solver-1][DEBUG] Solving cube (l0 = natural_join([2]), l1 = filter([16]), l2 = natural_join3([2]))
[    10.248][cube-solver-0][DEBUG] Initialising process for 3 lines of code.
[    10.701][cube-solver-0][DEBUG] Solving cube (l0 = natural_join([2]), l1 = filter([16]), l2 = natural_join4())
[    18.617][cube-solver-1][DEBUG] Solving cube (l0 = natural_join([2]), l1 = filter([16]), l2 = filter([16]))
[    18.628][cube-solver-1][DEBUG] Solving cube (l0 = natural_join([2]), l1 = filter([16]), l2 = anti_join())
[    27.032][cube-solver-1][DEBUG] Solving cube (l0 = natural_join([2]), l1 = filter([16]), l2 = left_join())
[    30.443][cube-solver-1][DEBUG] Solving cube (l0 = natural_join([2]), l1 = filter([16]), l2 = union())
[    30.899][cube-solver-0][DEBUG] Solving cube (l0 = natural_join([2]), l1 = filter([16]), l2 = intersect())
[    33.780][cube-solver-1][DEBUG] Solving cube (l0 = natural_join([2]), l1 = filter([16]), l2 = semi_join())
[    36.268][cube-solver-1][DEBUG] Solving cube (l0 = natural_join([2]), l1 = filter([16]), l2 = cross_join())
[    36.423][cube-solver-0][DEBUG] Solving cube (l0 = natural_join([2]), l1 = filter([16]), l2 = inner_join())
[    50.061][cube-solver-1][DEBUG] Solving cube (l0 = natural_join([2]), l1 = anti_join(), l2 = filter([16]))
[    50.068][cube-solver-1][DEBUG] Solving cube (l0 = natural_join([2]), l1 = left_join(), l2 = filter([16]))
[    53.286][cube-solver-1][DEBUG] Solving cube (l0 = natural_join([2]), l1 = union(), l2 = filter([16]))
[    56.372][cube-solver-1][DEBUG] Solving cube (l0 = natural_join([2]), l1 = intersect(), l2 = filter([16]))
[    60.529][cube-solver-1][DEBUG] Solving cube (l0 = natural_join([2]), l1 = semi_join(), l2 = filter([16]))
[    61.960][cube-solver-1][DEBUG] Solving cube (l0 = natural_join([2]), l1 = cross_join(), l2 = filter([16]))
[    71.211][cube-solver-1][DEBUG] Solving cube (l0 = natural_join([2]), l1 = inner_join(), l2 = filter([16]))
[   221.272][cube-solver-1][DEBUG] Solving cube (l0 = natural_join([2]), l1 = natural_join([2]), l2 = filter([16]))
[   224.596][cube-solver-1][DEBUG] Solving cube (l0 = natural_join([2]), l1 = natural_join3([2]), l2 = filter([16]))
[   224.603][cube-solver-1][DEBUG] Solving cube (l0 = natural_join([2]), l1 = natural_join4(), l2 = filter([16]))
[   224.620][cube-solver-1][DEBUG] Solving cube (l0 = natural_join3([2]), l1 = filter([16]), l2 = natural_join([2]))
[   233.793][cube-solver-0][DEBUG] Solving cube (l0 = natural_join3([2]), l1 = filter([16]), l2 = natural_join3([2]))
[   234.206][cube-solver-1][DEBUG] Solving cube (l0 = natural_join3([2]), l1 = filter([16]), l2 = natural_join4())
[   261.102][cube-solver-0][DEBUG] Solving cube (l0 = natural_join3([2]), l1 = filter([16]), l2 = filter([16]))
[   269.019][cube-solver-1][DEBUG] Solving cube (l0 = natural_join3([2]), l1 = filter([16]), l2 = anti_join())
[   288.725][cube-solver-0][DEBUG] Solving cube (l0 = natural_join3([2]), l1 = filter([16]), l2 = left_join())
[   307.153][cube-solver-0][DEBUG] Solving cube (l0 = natural_join3([2]), l1 = filter([16]), l2 = union())
[   325.375][cube-solver-0][DEBUG] Solving cube (l0 = natural_join3([2]), l1 = filter([16]), l2 = intersect())
[   354.705][cube-solver-0][DEBUG] Solving cube (l0 = natural_join3([2]), l1 = filter([16]), l2 = semi_join())
[   370.052][cube-solver-1][DEBUG] Solving cube (l0 = natural_join3([2]), l1 = filter([16]), l2 = cross_join())
[   370.580][cube-solver-0][DEBUG] Solving cube (l0 = natural_join3([2]), l1 = filter([16]), l2 = inner_join())
[   599.989][MainProcess][INFO] Statistics:
[   599.990][MainProcess][INFO] 	Generated cubes: 54
[   599.990][MainProcess][INFO] 	Attempted programs: 35528
[   599.990][MainProcess][INFO] 		Rejected: 9488
[   599.991][MainProcess][INFO] 		Failed: 26040
[   599.991][MainProcess][INFO] 	Blacklist clauses: 20
[   599.991][MainProcess][DEBUG] Printing statistics for good programs of size 2
[   599.993][MainProcess][DEBUG] 	0: Counter({'filter': 1152, 'natural_join3': 256})
[   599.994][MainProcess][DEBUG] 	1: Counter({'natural_join4': 896, 'natural_join3': 256, 'filter': 256})
[   599.994][MainProcess][DEBUG] Printing statistics for good programs of size 3
[   600.053][MainProcess][DEBUG] 	0: Counter({'natural_join3': 100408, 'natural_join': 32160})
[   600.086][MainProcess][DEBUG] 	1: Counter({'filter': 118648, 'inner_join': 12224, 'left_join': 512, 'union': 512, 'natural_join': 512, 'semi_join': 160})
[   600.119][MainProcess][DEBUG] 	2: Counter({'inner_join': 43077, 'cross_join': 34395, 'filter': 18272, 'anti_join': 12096, 'natural_join4': 7680, 'natural_join3': 5376, 'left_join': 3328, 'union': 3328, 'semi_join': 2624, 'natural_join': 2048, 'intersect': 344})

No solution found
