[     1.669][MainProcess][INFO] Parsing specification...
[     1.672][MainProcess][WARNING] "attrs" field is deprecated. Please use "columns"
[     1.672][MainProcess][WARNING] "aggrs" field is deprecated. Please use "functions"
[     1.672][MainProcess][WARNING] "const" field is deprecated. Please use "constants"
[     1.673][MainProcess][DEBUG] Reading input files...
[     1.679][MainProcess][INFO] Inferred data types for table tests-examples/textbook/tables/employees.txt: ['int64', 'string', 'float64']
[     1.683][MainProcess][INFO] Inferred data types for table tests-examples/textbook/tables/aircraft.txt: ['int64', 'string', 'int64']
[     1.685][MainProcess][INFO] Inferred data types for table tests-examples/textbook/tables/certified.txt: ['int64', 'int64']
[     1.690][MainProcess][INFO] Inferred data types for table tests-examples/textbook/tables/27.out: ['string', 'float64']
[     1.720][MainProcess][DEBUG] Generating DSL...
[     3.184][MainProcess][INFO] Creating 2 processes
[     4.698][cube-solver-1][DEBUG] Initialising process for 2 lines of code.
[     4.706][cube-solver-0][DEBUG] Initialising process for 2 lines of code.
[    78.752][cube-solver-0][WARNING] There is no solution for current loc (2).
[    78.753][cube-solver-0][DEBUG] Solving cube (l0 = summarise(), l1 = filter())
[    78.855][cube-solver-0][DEBUG] Solving cube (l0 = filter(), l1 = mutate())
[    78.891][cube-solver-1][WARNING] There is no solution for current loc (2).
[    78.892][cube-solver-1][DEBUG] Solving cube (l0 = filter(), l1 = summarise())
[    78.900][MainProcess][DEBUG] Increasing generator loc to 3
[    78.938][cube-solver-0][DEBUG] Solving cube (l0 = mutate(), l1 = filter())
[    79.023][cube-solver-0][DEBUG] Initialising process for 3 lines of code.
[    79.049][cube-solver-1][DEBUG] Initialising process for 3 lines of code.
[   208.081][cube-solver-1][DEBUG] Solving cube (l0 = natural_join(), l1 = summarise(), l2 = filter())
[   208.624][cube-solver-1][DEBUG] Solving cube (l0 = natural_join(), l1 = filter(), l2 = mutate())
[   208.817][cube-solver-1][DEBUG] Solving cube (l0 = natural_join(), l1 = mutate(), l2 = filter())
[   208.990][cube-solver-1][DEBUG] Solving cube (l0 = natural_join3(), l1 = summarise(), l2 = filter())
[   215.475][cube-solver-0][DEBUG] Solving cube (l0 = natural_join(), l1 = filter(), l2 = summarise())
[   215.882][cube-solver-0][DEBUG] Solving cube (l0 = natural_join3([2]), l1 = filter(), l2 = summarise())
[   599.996][MainProcess][INFO] Statistics:
[   599.998][MainProcess][INFO] 	Generated cubes: 10
[   599.998][MainProcess][INFO] 	Attempted programs: 0
[   599.999][MainProcess][INFO] 		Rejected: 0
[   599.999][MainProcess][INFO] 		Failed: 0
[   599.999][MainProcess][INFO] 	Blacklist clauses: 2
[   599.999][MainProcess][DEBUG] Printing statistics for good programs of size 3
[   600.022][MainProcess][DEBUG] 	0: Counter({'natural_join3': 45119})
[   600.034][MainProcess][DEBUG] 	1: Counter({'filter': 37367, 'summarise': 7752})
[   600.046][MainProcess][DEBUG] 	2: Counter({'summarise': 37367, 'filter': 7752})

No solution found
